IQ-TREE version 3.0.1 for Linux x86 64-bit built Jul  9 2025
Developed by Bui Quang Minh, Thomas Wong, Nhan Ly-Trong, Huaiyan Ren
Contributed by Lam-Tung Nguyen, Dominik Schrempf, Chris Bielow,
Olga Chernomor, Michael Woodhams, Diep Thi Hoang, Heiko Schmidt

Host:    rtis-hpc-r09.uod.otago.ac.nz (AVX2, FMA3, 1006 GB RAM)
Command: iqtree -s results/per_year_unclustered/VicB/alignments/VicB_2020_aligned.fasta -m LG+G4 -te results/per_year_unclustered/VicB/trees/VicB_2020.treefile -asr -pre results/per_year_unclustered/VicB/trees/VicB_2020_asr -redo -quiet
Seed:    830392 (Using SPRNG - Scalable Parallel Random Number Generator)
Time:    Sat Nov 22 15:07:08 2025
Kernel:  AVX+FMA - 1 threads (8 CPU cores detected)

HINT: Use -nt option to specify number of threads because your CPU has 8 cores!
HINT: -nt AUTO will automatically determine the best number of threads to use.

Reading alignment file results/per_year_unclustered/VicB/alignments/VicB_2020_aligned.fasta ... Fasta format detected
Reading fasta file: done in 0.00507042 secs using 50.84% CPU
Alignment most likely contains protein sequences
Constructing alignment: done in 0.00114581 secs using 99.06% CPU
Alignment has 318 sequences with 585 columns, 222 distinct patterns
86 parsimony-informative, 116 singleton sites, 383 constant sites
                                                                Gap/Ambiguity  Composition  p-value
Analyzing sequences: done in 0.000133851 secs using 99.36% CPU
   1  EPI1758629|HA|B/Lebanon/28/2020|EPI_ISL_491869|B                  0.51%    passed    100.00%
   2  EPI1806939|HA|B/Nepal/20FL0516/2020|EPI_ISL_593783|B              0.51%    passed    100.00%
   3  EPI1734557|HA|B/Sri_Lanka/15/2020|EPI_ISL_430302|B                0.51%    passed    100.00%
   4  EPI1734565|HA|B/Sri_Lanka/14/2020|EPI_ISL_430303|B                0.51%    passed    100.00%
   5  EPI1807025|HA|B/Lebanon/16/2020|EPI_ISL_594227|B                  0.51%    passed    100.00%
   6  EPI1801557|HA|B/Hunan-Daxaing/120/2020|EPI_ISL_528918|B           0.51%    passed    100.00%
   7  EPI1802155|HA|B/Sri_Lanka/23/2020|EPI_ISL_529136|B                0.51%    passed    100.00%
   8  EPI1735103|HA|B/HK/27/2020|EPI_ISL_431063|B                       0.51%    passed    100.00%
   9  EPI1762664|HA|B/Japan/12213/2020|EPI_ISL_496597|B                 0.51%    passed    100.00%
  10  EPI1735098|HA|B/HK/24/2020|EPI_ISL_431060|B                       0.51%    passed    100.00%
  11  EPI1735100|HA|B/HK/25/2020|EPI_ISL_431061|B                       0.51%    passed    100.00%
  12  EPI1735113|HA|B/HK/33/2020|EPI_ISL_431070|B                       0.51%    passed    100.00%
  13  EPI1735110|HA|B/HK/29/2020|EPI_ISL_431068|B                       0.51%    passed    100.00%
  14  EPI1735105|HA|B/HK/34/2020|EPI_ISL_431064|B                       0.51%    passed    100.00%
  15  EPI1735106|HA|B/HK/31/2020|EPI_ISL_431065|B                       0.51%    passed    100.00%
  16  EPI4413807|HA|B/Shandong-Shizhong/121/2020|EPI_ISL_19896603|B     0.51%    passed    100.00%
  17  EPI4413799|HA|B/Shandong-Rencheng/1350/2020|EPI_ISL_19896602|B    0.51%    passed    100.00%
  18  EPI1763455|HA|B/SAPPORO/1/2020|EPI_ISL_498207|B                   0.51%    passed    100.00%
  19  EPI1763475|HA|B/SAITAMA/11/2020|EPI_ISL_498212|B                  0.51%    passed    100.00%
  20  EPI1763516|HA|B/SENDAI/2/2020|EPI_ISL_498219|B                    0.51%    passed    100.00%
  21  EPI1856316|HA|B/FUKUSHIMA/4/2020|EPI_ISL_1483364|B                0.51%    passed    100.00%
  22  EPI1856308|HA|B/FUKUSHIMA/3/2020|EPI_ISL_1483363|B                0.51%    passed    100.00%
  23  EPI1766922|HA|B/Beirut/330/2020|EPI_ISL_500758|B                  0.51%    passed    100.00%
  24  EPI1766930|HA|B/Jbeil/398/2020|EPI_ISL_500762|B                   0.51%    passed    100.00%
  25  EPI1804181|HA|B/Budgam/AG_359/2020|EPI_ISL_534110|B               0.51%    passed    100.00%
  26  EPI1804163|HA|B/Baramulla/AG_451/2020|EPI_ISL_534101|B            0.51%    passed    100.00%
  27  EPI1804199|HA|B/Ganderbal/AG_501/2020|EPI_ISL_534119|B            0.51%    passed    100.00%
  28  EPI1804287|HA|B/Rajouri/AG_618/2020|EPI_ISL_534163|B              0.51%    passed    100.00%
  29  EPI1804333|HA|B/Srinagar/AG_562/2020|EPI_ISL_534186|B             0.51%    passed    100.00%
  30  EPI1804341|HA|B/Srinagar/AG_590/2020|EPI_ISL_534190|B             0.51%    passed    100.00%
  31  EPI1804323|HA|B/Srinagar/AG_498/2020|EPI_ISL_534181|B             0.51%    passed    100.00%
  32  EPI1804355|HA|B/Srinagar/UG_49/2020|EPI_ISL_534197|B              0.51%    passed    100.00%
  33  EPI1804574|HA|B/NARA/1/2020|EPI_ISL_535492|B                      0.51%    passed    100.00%
  34  EPI1737628|HA|B/YOKOHAMA/7/2020|EPI_ISL_437500|B                  0.51%    passed    100.00%
  35  EPI1737660|HA|B/FUKUOKA-C/3/2020|EPI_ISL_437504|B                 0.51%    passed    100.00%
  36  EPI3250057|HA|B/Tokyo/19FS243/2020|EPI_ISL_19084578|B             0.51%    passed    100.00%
  37  EPI3250049|HA|B/Kyoto/19FS219/2020|EPI_ISL_19084577|B             0.51%    passed    100.00%
  38  EPI1840465|HA|B/Laos/452/2020|EPI_ISL_767018|B                    0.51%    passed    100.00%
  39  EPI1840481|HA|B/Laos/262/2020|EPI_ISL_767020|B                    0.51%    passed    100.00%
  40  EPI3453128|HA|B/Guangdong/428/2020|EPI_ISL_19281445|B             0.51%    passed    100.00%
  41  EPI3254354|HA|B/Okinawa/19T062/2020|EPI_ISL_19086701|B            0.51%    passed    100.00%
  42  EPI1690493|HA|B/Georgia/96/2020|EPI_ISL_410220|B                  0.51%    passed    100.00%
  43  EPI1812913|HA|B/Bhutan/1602/2020|EPI_ISL_639720|B                 0.51%    passed    100.00%
  44  EPI1814889|HA|B/AICHI/46/2020|EPI_ISL_672616|B                    0.51%    passed    100.00%
  45  EPI1748595|HA|B/NAGANO/2028/2020|EPI_ISL_476005|B                 0.51%    passed    100.00%
  46  EPI1814866|HA|B/IWATE/1/2020|EPI_ISL_672613|B                     0.51%    passed    100.00%
  47  EPI1691912|HA|B/Beijing-Huairou/147/2020|EPI_ISL_410583|B         0.51%    passed    100.00%
  48  EPI1691921|HA|B/Zhejiang-Nanhu/112/2020|EPI_ISL_410586|B          0.51%    passed    100.00%
  49  EPI1691918|HA|B/Xinjiang-Tianshan/113/2020|EPI_ISL_410585|B       0.51%    passed    100.00%
  50  EPI1694575|HA|B/Ashgabat/1/2020|EPI_ISL_411138|B                  0.00%    passed    100.00%
  51  EPI1795429|HA|B/Philippines/5/2020|EPI_ISL_510009|B               0.51%    passed    100.00%
  52  EPI1711010|HA|B/South_Korea/11421/2020|EPI_ISL_415063|B           0.51%    passed    100.00%
  53  EPI1711018|HA|B/South_Korea/11422/2020|EPI_ISL_415064|B           0.34%    passed    100.00%
  54  EPI1711294|HA|B/KANAGAWA/ZC1946/2020|EPI_ISL_415168|B             0.51%    passed    100.00%
  55  EPI1813707|HA|B/Chanthaburi/26/2020|EPI_ISL_644661|B              0.51%    passed    100.00%
  56  EPI1813723|HA|B/Sri_Lanka/25/2020|EPI_ISL_644663|B                0.51%    passed    100.00%
  57  EPI1813764|HA|B/Laos/F0253/2020|EPI_ISL_645112|B                  0.51%    passed    100.00%
  58  EPI1750714|HA|B/Singapore/KK0670/2020|EPI_ISL_481329|B            0.51%    passed    100.00%
  59  EPI1868564|HA|B/Saudi_Arabia/1163435488/2020|EPI_ISL_2448014|B    0.51%    passed    100.00%
  60  EPI1806011|HA|B/North_Lebanon/NM_479_N/2020|EPI_ISL_582552|B      0.51%    passed    100.00%
  61  EPI1806013|HA|B/North_Lebanon/NM_496_N/2020|EPI_ISL_582553|B      0.51%    passed    100.00%
  62  EPI1805997|HA|B/North_Lebanon/NM_419_N/2020|EPI_ISL_582545|B      0.51%    passed    100.00%
  63  EPI1805999|HA|B/North_Lebanon/NM_423_N/2020|EPI_ISL_582546|B      0.51%    passed    100.00%
  64  EPI1806001|HA|B/North_Lebanon/NM_429_N/2020|EPI_ISL_582547|B      0.51%    passed    100.00%
  65  EPI1752722|HA|B/Gansu-Xifeng/1165/2020|EPI_ISL_485402|B           0.51%    passed    100.00%
  66  EPI1752809|HA|B/Hunan-Louxin/125/2020|EPI_ISL_485431|B            0.51%    passed    100.00%
  67  EPI1752800|HA|B/Yunnan-Chuxiong/199/2020|EPI_ISL_485428|B         0.51%    passed    100.00%
  68  EPI1752830|HA|B/Guizhou-Xixiu/19/2020|EPI_ISL_485438|B            0.51%    passed    100.00%
  69  EPI1753025|HA|B/Macao/600167/2020|EPI_ISL_485503|B                0.51%    passed    100.00%
  70  EPI1753169|HA|B/Hubei-Wujiagang/12/2020|EPI_ISL_485551|B          0.51%    passed    100.00%
  71  EPI1753163|HA|B/Henan-Longting/113/2020|EPI_ISL_485549|B          0.51%    passed    100.00%
  72  EPI1753154|HA|B/Hubei-Huangshigang/119/2020|EPI_ISL_485546|B      0.51%    passed    100.00%
  73  EPI1753151|HA|B/Zhejiang-Kecheng/114/2020|EPI_ISL_485545|B        0.51%    passed    100.00%
  74  EPI1806602|HA|B/Bangladesh/522/2020|EPI_ISL_584092|B              0.51%    passed    100.00%
  75  EPI1753723|HA|B/GUNMA/43/2020|EPI_ISL_486374|B                    0.51%    passed    100.00%
  76  EPI1753699|HA|B/KITAKYUSYU/7/2020|EPI_ISL_486371|B                0.51%    passed    100.00%
  77  EPI1753748|HA|B/MIYAGI/1/2020|EPI_ISL_486379|B                    0.51%    passed    100.00%
  78  EPI1723201|HA|B/Lebanon/4/2020|EPI_ISL_421066|B                   0.51%    passed    100.00%
  79  EPI1723209|HA|B/Lebanon/9/2020|EPI_ISL_421067|B                   0.51%    passed    100.00%
  80  EPI1858718|HA|B/Laos/383/2020|EPI_ISL_1732531|B                   0.51%    passed    100.00%
  81  EPI1815300|HA|B/Beirut/AUB_1284_N/2020|EPI_ISL_684071|B           0.51%    passed    100.00%
  82  EPI1815296|HA|B/Beirut/AUB_1239_N/2020|EPI_ISL_684069|B           0.51%    passed    100.00%
  83  EPI1815338|HA|B/Bekaa/BH_140_N/2020|EPI_ISL_684090|B              0.51%    passed    100.00%
  84  EPI1740182|HA|B/SHIZUOKA/16/2020|EPI_ISL_454738|B                 0.51%    passed    100.00%
  85  EPI1740190|HA|B/CHIBA-C/11/2020|EPI_ISL_454739|B                  0.51%    passed    100.00%
  86  EPI1845112|HA|B/Henan-Weidong/1578/2020|EPI_ISL_979823|B          0.51%    passed    100.00%
  87  EPI1845124|HA|B/Guizhou-Kaili/11077/2020|EPI_ISL_979835|B         0.51%    passed    100.00%
  88  EPI1845117|HA|B/Jiangxi-Yuanzhou/12055/2020|EPI_ISL_979828|B      0.51%    passed    100.00%
  89  EPI1870310|HA|B/Afghanistan/76/2020|EPI_ISL_2521319|B             0.51%    passed    100.00%
  90  EPI1870282|HA|B/Afghanistan/114/2020|EPI_ISL_2521315|B            0.51%    passed    100.00%
  91  EPI1726014|HA|B/Lebanon/120/2020|EPI_ISL_424772|B                 0.51%    passed    100.00%
  92  EPI1758403|HA|B/Utah/15/2020|EPI_ISL_491840|B                     0.51%    passed    100.00%
  93  EPI1758530|HA|B/Kentucky/03/2020|EPI_ISL_491856|B                 0.51%    passed    100.00%
  94  EPI1758692|HA|B/Massachusetts/02/2020|EPI_ISL_491877|B            0.51%    passed    100.00%
  95  EPI1758748|HA|B/Idaho/02/2020|EPI_ISL_491884|B                    0.34%    passed    100.00%
  96  EPI1876467|HA|B/Wisconsin/378/2020|EPI_ISL_2557464|B              0.51%    passed    100.00%
  97  EPI1874467|HA|B/Washington/48/2020|EPI_ISL_2557879|B              0.51%    passed    100.00%
  98  EPI1874550|HA|B/Washington/77/2020|EPI_ISL_2557887|B              0.51%    passed    100.00%
  99  EPI1874590|HA|B/Washington/55/2020|EPI_ISL_2557892|B              0.51%    passed    100.00%
 100  EPI1874669|HA|B/Washington/66/2020|EPI_ISL_2557902|B              0.51%    passed    100.00%
 101  EPI1874661|HA|B/Wisconsin/129/2020|EPI_ISL_2557901|B              0.51%    passed    100.00%
 102  EPI1874653|HA|B/Michigan/31/2020|EPI_ISL_2557900|B                0.51%    passed    100.00%
 103  EPI1730637|HA|B/Alaska/11702/2020|EPI_ISL_428056|B                0.51%    passed    100.00%
 104  EPI1730740|HA|B/Colorado/11716/2020|EPI_ISL_428070|B              0.51%    passed    100.00%
 105  EPI1874854|HA|B/Washington/60/2020|EPI_ISL_2557957|B              0.51%    passed    100.00%
 106  EPI1730769|HA|B/Colorado/11720/2020|EPI_ISL_428074|B              0.51%    passed    100.00%
 107  EPI1730777|HA|B/Delaware/11721/2020|EPI_ISL_428075|B              0.51%    passed    100.00%
 108  EPI1730753|HA|B/Colorado/11718/2020|EPI_ISL_428072|B              0.51%    passed    100.00%
 109  EPI1730761|HA|B/Colorado/11719/2020|EPI_ISL_428073|B              0.51%    passed    100.00%
 110  EPI1730828|HA|B/Georgia/11730/2020|EPI_ISL_428084|B               0.51%    passed    100.00%
 111  EPI1874943|HA|B/Wisconsin/102/2020|EPI_ISL_2557969|B              0.51%    passed    100.00%
 112  EPI1730807|HA|B/Georgia/11727/2020|EPI_ISL_428081|B               0.51%    passed    100.00%
 113  EPI1875047|HA|B/Wisconsin/95/2020|EPI_ISL_2557982|B               0.51%    passed    100.00%
 114  EPI1730908|HA|B/Illinois/11741/2020|EPI_ISL_428095|B              0.34%    passed    100.00%
 115  EPI1730892|HA|B/Idaho/11739/2020|EPI_ISL_428093|B                 0.51%    passed    100.00%
 116  EPI1874999|HA|B/Wisconsin/87/2020|EPI_ISL_2557976|B               0.51%    passed    100.00%
 117  EPI1730919|HA|B/Illinois/11743/2020|EPI_ISL_428097|B              0.51%    passed    100.00%
 118  EPI1731010|HA|B/Maryland/11757/2020|EPI_ISL_428111|B              0.51%    passed    100.00%
 119  EPI1730990|HA|B/Kansas/11754/2020|EPI_ISL_428108|B                0.51%    passed    100.00%
 120  EPI1730974|HA|B/Kansas/11752/2020|EPI_ISL_428106|B                0.51%    passed    100.00%
 121  EPI1731064|HA|B/Mississippi/11765/2020|EPI_ISL_428119|B           0.51%    passed    100.00%
 122  EPI1731027|HA|B/Massachusetts/11760/2020|EPI_ISL_428114|B         0.51%    passed    100.00%
 123  EPI1731023|HA|B/Massachusetts/11759/2020|EPI_ISL_428113|B         0.51%    passed    100.00%
 124  EPI1731068|HA|B/Mississippi/11766/2020|EPI_ISL_428120|B           0.51%    passed    100.00%
 125  EPI1731153|HA|B/New_Mexico/11780/2020|EPI_ISL_428134|B            0.51%    passed    100.00%
 126  EPI1731161|HA|B/New_York/11781/2020|EPI_ISL_428135|B              0.51%    passed    100.00%
 127  EPI1731148|HA|B/New_Jersey/11779/2020|EPI_ISL_428133|B            0.34%    passed    100.00%
 128  EPI1731124|HA|B/New_Jersey/11776/2020|EPI_ISL_428130|B            0.51%    passed    100.00%
 129  EPI1731198|HA|B/North_Carolina/11788/2020|EPI_ISL_428142|B        0.51%    passed    100.00%
 130  EPI1731169|HA|B/New_York/11782/2020|EPI_ISL_428136|B              0.51%    passed    100.00%
 131  EPI1731171|HA|B/New_York/11783/2020|EPI_ISL_428137|B              0.51%    passed    100.00%
 132  EPI1731220|HA|B/North_Dakota/11792/2020|EPI_ISL_428146|B          0.51%    passed    100.00%
 133  EPI1731228|HA|B/North_Dakota/11793/2020|EPI_ISL_428147|B          0.51%    passed    100.00%
 134  EPI1731252|HA|B/Oklahoma/11798/2020|EPI_ISL_428153|B              0.51%    passed    100.00%
 135  EPI1731344|HA|B/South_Dakota/11811/2020|EPI_ISL_428166|B          0.51%    passed    100.00%
 136  EPI1731308|HA|B/Oklahoma/11806/2020|EPI_ISL_428161|B              0.51%    passed    100.00%
 137  EPI1731424|HA|B/Texas/11824/2020|EPI_ISL_428179|B                 0.51%    passed    100.00%
 138  EPI1731409|HA|B/Texas/11821/2020|EPI_ISL_428176|B                 0.51%    passed    100.00%
 139  EPI1731459|HA|B/Texas/11829/2020|EPI_ISL_428184|B                 0.51%    passed    100.00%
 140  EPI1731522|HA|B/Virginia/11839/2020|EPI_ISL_428194|B              0.51%    passed    100.00%
 141  EPI1731744|HA|B/Kentucky/07/2020|EPI_ISL_428241|B                 0.51%    passed    100.00%
 142  EPI1734945|HA|B/Montana/10/2020|EPI_ISL_430783|B                  0.51%    passed    100.00%
 143  EPI1735001|HA|B/Washington/39/2020|EPI_ISL_430790|B               0.51%    passed    100.00%
 144  EPI1734969|HA|B/Utah/16/2020|EPI_ISL_430786|B                     0.51%    passed    100.00%
 145  EPI1745171|HA|B/Delaware/12052/2020|EPI_ISL_463844|B              0.51%    passed    100.00%
 146  EPI1745201|HA|B/Georgia/12057/2020|EPI_ISL_463848|B               0.51%    passed    100.00%
 147  EPI1745275|HA|B/Mississippi/12070/2020|EPI_ISL_463860|B           0.51%    passed    100.00%
 148  EPI1745347|HA|B/Ohio/12080/2020|EPI_ISL_463870|B                  0.51%    passed    100.00%
 149  EPI1745339|HA|B/North_Dakota/12079/2020|EPI_ISL_463869|B          0.51%    passed    100.00%
 150  EPI1745310|HA|B/New_Jersey/12075/2020|EPI_ISL_463865|B            0.51%    passed    100.00%
 151  EPI1745376|HA|B/South_Dakota/12084/2020|EPI_ISL_463874|B          0.51%    passed    100.00%
 152  EPI1745371|HA|B/South_Carolina/12083/2020|EPI_ISL_463873|B        0.51%    passed    100.00%
 153  EPI1745442|HA|B/Virginia/12095/2020|EPI_ISL_463885|B              0.51%    passed    100.00%
 154  EPI1745417|HA|B/Utah/12091/2020|EPI_ISL_463881|B                  0.51%    passed    100.00%
 155  EPI2411758|HA|B/Michigan/105/2020|EPI_ISL_16947024|B              0.51%    passed    100.00%
 156  EPI1912997|HA|B/Missouri/Original/2020|EPI_ISL_4103638|B          0.51%    passed    100.00%
 157  EPI1736161|HA|B/New_Jersey/11947/2020|EPI_ISL_435270|B            0.34%    passed    100.00%
 158  EPI1736165|HA|B/North_Carolina/11948/2020|EPI_ISL_435271|B        0.51%    passed    100.00%
 159  EPI1736201|HA|B/Utah/11954/2020|EPI_ISL_435277|B                  0.51%    passed    100.00%
 160  EPI1867275|HA|B/Wisconsin/373/2020|EPI_ISL_2271031|B              0.51%    passed    100.00%
 161  EPI1865871|HA|B/Pennsylvania/72/2020|EPI_ISL_2271037|B            0.51%    passed    100.00%
 162  EPI1866014|HA|B/Pennsylvania/58/2020|EPI_ISL_2271090|B            0.51%    passed    100.00%
 163  EPI1865998|HA|B/Wisconsin/402/2020|EPI_ISL_2271067|B              0.51%    passed    100.00%
 164  EPI1866976|HA|B/Washington/102/2020|EPI_ISL_2271148|B             0.51%    passed    100.00%
 165  EPI1866030|HA|B/Wisconsin/397/2020|EPI_ISL_2271113|B              0.51%    passed    100.00%
 166  EPI1866661|HA|B/Washington/26/2020|EPI_ISL_2305407|B              0.51%    passed    100.00%
 167  EPI1664608|HA|B/Colorado/01/2020|EPI_ISL_404890|B                 0.51%    passed    100.00%
 168  EPI1866707|HA|B/Washington/18/2020|EPI_ISL_2305430|B              0.51%    passed    100.00%
 169  EPI1866984|HA|B/Pennsylvania/88/2020|EPI_ISL_2305677|B            0.51%    passed    100.00%
 170  EPI1866991|HA|B/Pennsylvania/78/2020|EPI_ISL_2305685|B            0.51%    passed    100.00%
 171  EPI1867076|HA|B/Wisconsin/154/2020|EPI_ISL_2305760|B              0.51%    passed    100.00%
 172  EPI1867147|HA|B/Wisconsin/151/2020|EPI_ISL_2305823|B              0.51%    passed    100.00%
 173  EPI3989665|HA|B/Washington/S28497/2020|EPI_ISL_19740073|B         0.00%    passed    100.00%
 174  EPI3989657|HA|B/Washington/S28496/2020|EPI_ISL_19740072|B         0.00%    passed    100.00%
 175  EPI3989673|HA|B/Washington/S28499/2020|EPI_ISL_19740074|B         0.00%    passed    100.00%
 176  EPI3989825|HA|B/Washington/S28517/2020|EPI_ISL_19740093|B         0.00%    passed    100.00%
 177  EPI3989817|HA|B/Washington/S28544/2020|EPI_ISL_19740092|B         0.00%    passed    100.00%
 178  EPI3989809|HA|B/Washington/S28543/2020|EPI_ISL_19740091|B         0.00%    passed    100.00%
 179  EPI3989777|HA|B/Washington/S28529/2020|EPI_ISL_19740087|B         0.00%    passed    100.00%
 180  EPI3989769|HA|B/Washington/S28528/2020|EPI_ISL_19740086|B         0.00%    passed    100.00%
 181  EPI1867386|HA|B/Wisconsin/218/2020|EPI_ISL_2307375|B              0.51%    passed    100.00%
 182  EPI1867726|HA|B/Wisconsin/263/2020|EPI_ISL_2307423|B              0.51%    passed    100.00%
 183  EPI3992769|HA|B/Washington/S28163/2020|EPI_ISL_19740462|B         0.00%    passed    100.00%
 184  EPI3992801|HA|B/Washington/S28313/2020|EPI_ISL_19740466|B         0.00%    passed    100.00%
 185  EPI3992513|HA|B/Washington/S28426/2020|EPI_ISL_19740430|B         0.00%    passed    100.00%
 186  EPI3992649|HA|B/Washington/S27998/2020|EPI_ISL_19740447|B         0.00%    passed    100.00%
 187  EPI3990857|HA|B/Washington/S28484/2020|EPI_ISL_19740222|B         0.00%    passed    100.00%
 188  EPI3990833|HA|B/Washington/S28478/2020|EPI_ISL_19740219|B         0.00%    passed    100.00%
 189  EPI3991369|HA|B/Washington/S28534/2020|EPI_ISL_19740286|B         0.00%    passed    100.00%
 190  EPI3990905|HA|B/Washington/S28447/2020|EPI_ISL_19740228|B         0.00%    passed    100.00%
 191  EPI3990897|HA|B/Washington/S28450/2020|EPI_ISL_19740227|B         0.00%    passed    100.00%
 192  EPI3991961|HA|B/Washington/S28507/2020|EPI_ISL_19740361|B         0.00%    passed    100.00%
 193  EPI1867893|HA|B/Wisconsin/281/2020|EPI_ISL_2308155|B              0.51%    passed    100.00%
 194  EPI3994801|HA|B/Washington/S28140/2020|EPI_ISL_19740716|B         0.00%    passed    100.00%
 195  EPI3994753|HA|B/Washington/S28127/2020|EPI_ISL_19740710|B         0.00%    passed    100.00%
 196  EPI3994609|HA|B/Washington/S28182/2020|EPI_ISL_19740692|B         0.00%    passed    100.00%
 197  EPI3995081|HA|B/Washington/S28307/2020|EPI_ISL_19740751|B         0.00%    passed    100.00%
 198  EPI3995145|HA|B/Washington/S28208/2020|EPI_ISL_19740759|B         0.00%    passed    100.00%
 199  EPI1684814|HA|B/Rhode_Island/01/2020|EPI_ISL_409247|B             0.51%    passed    100.00%
 200  EPI1684782|HA|B/Delaware/02/2020|EPI_ISL_409243|B                 0.51%    passed    100.00%
 201  EPI1684931|HA|B/Ohio/01/2020|EPI_ISL_409266|B                     0.51%    passed    100.00%
 202  EPI1685028|HA|B/Minnesota/02/2020|EPI_ISL_409280|B                0.51%    passed    100.00%
 203  EPI1685172|HA|B/South_Dakota/02/2020|EPI_ISL_409298|B             0.51%    passed    100.00%
 204  EPI1685164|HA|B/North_Dakota/01/2020|EPI_ISL_409297|B             0.51%    passed    100.00%
 205  EPI1685340|HA|B/Montana/01/2020|EPI_ISL_409319|B                  0.51%    passed    100.00%
 206  EPI1685324|HA|B/Arizona/01/2020|EPI_ISL_409317|B                  0.51%    passed    100.00%
 207  EPI1688128|HA|B/California/05/2020|EPI_ISL_409608|B               0.51%    passed    100.00%
 208  EPI1688476|HA|B/New_York/02/2020|EPI_ISL_409713|B                 0.51%    passed    100.00%
 209  EPI1860449|HA|B/Pennsylvania/106/2020|EPI_ISL_2245054|B           0.51%    passed    100.00%
 210  EPI1738061|HA|B/Michigan/100/2020|EPI_ISL_443156|B                0.51%    passed    100.00%
 211  EPI1738045|HA|B/Michigan/99/2020|EPI_ISL_443154|B                 0.51%    passed    100.00%
 212  EPI1693367|HA|B/District_Of_Columbia/01/2020|EPI_ISL_410856|B     0.51%    passed    100.00%
 213  EPI1693463|HA|B/Nebraska/01/2020|EPI_ISL_410868|B                 0.51%    passed    100.00%
 214  EPI1693615|HA|B/Iowa/02/2020|EPI_ISL_410887|B                     0.51%    passed    100.00%
 215  EPI1693738|HA|B/Wisconsin/54/2020|EPI_ISL_410903|B                0.51%    passed    100.00%
 216  EPI1693700|HA|B/Oklahoma/03/2020|EPI_ISL_410898|B                 0.51%    passed    100.00%
 217  EPI1693692|HA|B/Oklahoma/02/2020|EPI_ISL_410897|B                 0.51%    passed    100.00%
 218  EPI1861188|HA|B/Wisconsin/27/2020|EPI_ISL_2245890|B               0.51%    passed    100.00%
 219  EPI1693833|HA|B/Delaware/05/2020|EPI_ISL_410915|B                 0.51%    passed    100.00%
 220  EPI1693921|HA|B/Pennsylvania/03/2020|EPI_ISL_410926|B             0.51%    passed    100.00%
 221  EPI1864010|HA|B/Wisconsin/292/2020|EPI_ISL_2246056|B              0.51%    passed    100.00%
 222  EPI1861646|HA|B/Wisconsin/317/2020|EPI_ISL_2246019|B              0.34%    passed    100.00%
 223  EPI1861662|HA|B/Wisconsin/390/2020|EPI_ISL_2246022|B              0.51%    passed    100.00%
 224  EPI1861669|HA|B/Michigan/91/2020|EPI_ISL_2246023|B                0.51%    passed    100.00%
 225  EPI1861728|HA|B/Wisconsin/336/2020|EPI_ISL_2246032|B              0.51%    passed    100.00%
 226  EPI1863436|HA|B/Colorado/09/2020|EPI_ISL_2246190|B                0.51%    passed    100.00%
 227  EPI1875467|HA|B/Pennsylvania/39/2020|EPI_ISL_2574125|B            0.51%    passed    100.00%
 228  EPI1875539|HA|B/Pennsylvania/56/2020|EPI_ISL_2574206|B            0.51%    passed    100.00%
 229  EPI1697910|HA|B/North_Dakota/04/2020|EPI_ISL_412308|B             0.51%    passed    100.00%
 230  EPI1698114|HA|B/South_Carolina/02/2020|EPI_ISL_412334|B           0.51%    passed    100.00%
 231  EPI1698170|HA|B/Massachusetts/03/2020|EPI_ISL_412341|B            0.51%    passed    100.00%
 232  EPI1698250|HA|B/California/11/2020|EPI_ISL_412351|B               0.51%    passed    100.00%
 233  EPI1698210|HA|B/Texas/13/2020|EPI_ISL_412346|B                    0.51%    passed    100.00%
 234  EPI1698401|HA|B/Nevada/06/2020|EPI_ISL_412370|B                   0.51%    passed    100.00%
 235  EPI1703524|HA|B/New_York/11/2020|EPI_ISL_413356|B                 0.51%    passed    100.00%
 236  EPI1703508|HA|B/North_Carolina/05/2020|EPI_ISL_413354|B           0.51%    passed    100.00%
 237  EPI1703612|HA|B/Pennsylvania/06/2020|EPI_ISL_413367|B             0.51%    passed    100.00%
 238  EPI1703652|HA|B/Arkansas/05/2020|EPI_ISL_413372|B                 0.51%    passed    100.00%
 239  EPI1703730|HA|B/Illinois/04/2020|EPI_ISL_413382|B                 0.51%    passed    100.00%
 240  EPI1703684|HA|B/Minnesota/10/2020|EPI_ISL_413376|B                0.51%    passed    100.00%
 241  EPI1703818|HA|B/Wisconsin/57/2020|EPI_ISL_413393|B                0.51%    passed    100.00%
 242  EPI1705782|HA|B/Alaska/03/2020|EPI_ISL_413847|B                   0.51%    passed    100.00%
 243  EPI1708102|HA|B/Utah/11064/2020|EPI_ISL_414350|B                  0.51%    passed    100.00%
 244  EPI1710456|HA|B/Colorado/11335/2020|EPI_ISL_414968|B              0.51%    passed    100.00%
 245  EPI1710549|HA|B/Kansas/11350/2020|EPI_ISL_414983|B                0.51%    passed    100.00%
 246  EPI1710705|HA|B/Missouri/11373/2020|EPI_ISL_415006|B              0.51%    passed    100.00%
 247  EPI1710725|HA|B/Nebraska/11376/2020|EPI_ISL_415009|B              0.51%    passed    100.00%
 248  EPI1710764|HA|B/New_York/11383/2020|EPI_ISL_415016|B              0.51%    passed    100.00%
 249  EPI1711063|HA|B/Texas/11429/2020|EPI_ISL_415071|B                 0.51%    passed    100.00%
 250  EPI1711152|HA|B/Texas/11442/2020|EPI_ISL_415084|B                 0.51%    passed    100.00%
 251  EPI1711259|HA|B/Washington/11458/2020|EPI_ISL_415100|B            0.51%    passed    100.00%
 252  EPI1875721|HA|B/Pennsylvania/34/2020|EPI_ISL_2578364|B            0.51%    passed    100.00%
 253  EPI1714740|HA|B/Wisconsin/63/2020|EPI_ISL_415860|B                0.51%    passed    100.00%
 254  EPI1714820|HA|B/West_Virginia/06/2020|EPI_ISL_415870|B            0.51%    passed    100.00%
 255  EPI1714883|HA|B/New_Jersey/06/2020|EPI_ISL_415878|B               0.51%    passed    100.00%
 256  EPI1714859|HA|B/Delaware/09/2020|EPI_ISL_415875|B                 0.51%    passed    100.00%
 257  EPI1714969|HA|B/North_Carolina/06/2020|EPI_ISL_415889|B           0.51%    passed    100.00%
 258  EPI1875889|HA|B/Pennsylvania/18/2020|EPI_ISL_2578617|B            0.51%    passed    100.00%
 259  EPI1715120|HA|B/Indiana/06/2020|EPI_ISL_415908|B                  0.51%    passed    100.00%
 260  EPI1715256|HA|B/Massachusetts/06/2020|EPI_ISL_415929|B            0.51%    passed    100.00%
 261  EPI1715360|HA|B/Connecticut/06/2020|EPI_ISL_415942|B              0.51%    passed    100.00%
 262  EPI1715599|HA|B/Oklahoma/06/2020|EPI_ISL_415972|B                 0.51%    passed    100.00%
 263  EPI1875971|HA|B/Pennsylvania/15/2020|EPI_ISL_2578628|B            0.51%    passed    100.00%
 264  EPI1875939|HA|B/Pennsylvania/20/2020|EPI_ISL_2578624|B            0.51%    passed    100.00%
 265  EPI1715679|HA|B/Hawaii/03/2020|EPI_ISL_415984|B                   0.51%    passed    100.00%
 266  EPI1715783|HA|B/California/22/2020|EPI_ISL_415998|B               0.51%    passed    100.00%
 267  EPI1715791|HA|B/California/20/2020|EPI_ISL_415999|B               0.51%    passed    100.00%
 268  EPI1715815|HA|B/Oregon/02/2020|EPI_ISL_416002|B                   0.51%    passed    100.00%
 269  EPI1715887|HA|B/Mississippi/04/2020|EPI_ISL_416011|B              0.51%    passed    100.00%
 270  EPI1715975|HA|B/Alabama/06/2020|EPI_ISL_416022|B                  0.34%    passed    100.00%
 271  EPI1715943|HA|B/Iowa/06/2020|EPI_ISL_416018|B                     0.51%    passed    100.00%
 272  EPI3034402|HA|B/Michigan/UM-L372187934/2020|EPI_ISL_18898260|B    0.51%    passed    100.00%
 273  EPI1718003|HA|B/Hawaii/09/2020|EPI_ISL_416941|B                   0.51%    passed    100.00%
 274  EPI1718081|HA|B/California/28/2020|EPI_ISL_416951|B               0.51%    passed    100.00%
 275  EPI1718126|HA|B/Connecticut/11/2020|EPI_ISL_416957|B              0.51%    passed    100.00%
 276  EPI1718427|HA|B/California/25/2020|EPI_ISL_416998|B               0.34%    passed    100.00%
 277  EPI1722998|HA|B/Iowa/09/2020|EPI_ISL_421040|B                     0.51%    passed    100.00%
 278  EPI1723062|HA|B/Utah/13/2020|EPI_ISL_421048|B                     0.51%    passed    100.00%
 279  EPI1723133|HA|B/Missouri/08/2020|EPI_ISL_421057|B                 0.51%    passed    100.00%
 280  EPI1876146|HA|B/Washington/137/2020|EPI_ISL_2584033|B             0.51%    passed    100.00%
 281  EPI1876223|HA|B/Washington/125/2020|EPI_ISL_2584071|B             0.51%    passed    100.00%
 282  EPI1862841|HA|B/Texas/37/2020|EPI_ISL_2258071|B                   0.51%    passed    100.00%
 283  EPI1862911|HA|B/Pennsylvania/92/2020|EPI_ISL_2258079|B            0.51%    passed    100.00%
 284  EPI1863482|HA|B/New_York/23/2020|EPI_ISL_2258154|B                0.51%    passed    100.00%
 285  EPI1863707|HA|B/Utah/22/2020|EPI_ISL_2258192|B                    0.51%    passed    100.00%
 286  EPI1864021|HA|B/Wisconsin/328/2020|EPI_ISL_2258298|B              0.51%    passed    100.00%
 287  EPI1864054|HA|B/Wisconsin/314/2020|EPI_ISL_2258303|B              0.51%    passed    100.00%
 288  EPI1864449|HA|B/Wisconsin/339/2020|EPI_ISL_2258351|B              0.51%    passed    100.00%
 289  EPI1864077|HA|B/Michigan/84/2020|EPI_ISL_2258306|B                0.51%    passed    100.00%
 290  EPI1864061|HA|B/Michigan/88/2020|EPI_ISL_2258304|B                0.51%    passed    100.00%
 291  EPI1864664|HA|B/Washington/101/2020|EPI_ISL_2259035|B             0.51%    passed    100.00%
 292  EPI1869875|HA|B/Washington/52/2020|EPI_ISL_2521252|B              0.51%    passed    100.00%
 293  EPI1864912|HA|B/Michigan/74/2020|EPI_ISL_2259111|B                0.51%    passed    100.00%
 294  EPI1869849|HA|B/Michigan/28/2020|EPI_ISL_2521248|B                0.51%    passed    100.00%
 295  EPI1864888|HA|B/Wisconsin/227/2020|EPI_ISL_2259108|B              0.51%    passed    100.00%
 296  EPI1864976|HA|B/Michigan/62/2020|EPI_ISL_2259119|B                0.51%    passed    100.00%
 297  EPI1864776|HA|B/Michigan/55/2020|EPI_ISL_2259084|B                0.51%    passed    100.00%
 298  EPI1869825|HA|B/Michigan/40/2020|EPI_ISL_2521245|B                0.51%    passed    100.00%
 299  EPI1865144|HA|B/Washington/86/2020|EPI_ISL_2259218|B              0.51%    passed    100.00%
 300  EPI1865176|HA|B/Michigan/66/2020|EPI_ISL_2259222|B                0.51%    passed    100.00%
 301  EPI1865323|HA|B/Wisconsin/209/2020|EPI_ISL_2259650|B              0.51%    passed    100.00%
 302  EPI1865331|HA|B/Michigan/78/2020|EPI_ISL_2259658|B                0.51%    passed    100.00%
 303  EPI1726046|HA|B/Alabama/08/2020|EPI_ISL_424776|B                  0.51%    passed    100.00%
 304  EPI1726190|HA|B/North_Carolina/08/2020|EPI_ISL_424794|B           0.51%    passed    100.00%
 305  EPI1726200|HA|B/North_Carolina/10/2020|EPI_ISL_424795|B           0.51%    passed    100.00%
 306  EPI1843122|HA|B/Florida/09/2020|EPI_ISL_883866|B                  0.51%    passed    100.00%
 307  EPI1757295|HA|B/North_Dakota/12184/2020|EPI_ISL_490955|B          0.51%    passed    100.00%
 308  EPI1757360|HA|B/South_Carolina/12193/2020|EPI_ISL_490964|B        0.51%    passed    100.00%
 309  EPI1757352|HA|B/South_Carolina/12192/2020|EPI_ISL_490963|B        0.51%    passed    100.00%
 310  EPI1757347|HA|B/South_Carolina/12191/2020|EPI_ISL_490962|B        0.51%    passed    100.00%
 311  EPI1757389|HA|B/Virginia/12197/2020|EPI_ISL_490968|B              0.51%    passed    100.00%
 312  EPI1739825|HA|B/Victoria/16/2020|EPI_ISL_451950|B                 0.51%    passed    100.00%
 313  EPI1739835|HA|B/Townsville/1/2020|EPI_ISL_451955|B                0.51%    passed    100.00%
 314  EPI1739831|HA|B/Sydney/2/2020|EPI_ISL_451953|B                    0.51%    passed    100.00%
 315  EPI1804369|HA|B/Victoria/15/2020|EPI_ISL_534307|B                 0.51%    passed    100.00%
 316  EPI1722214|HA|B/Canberra/3/2020|EPI_ISL_419646|B                  0.51%    passed    100.00%
 317  EPI1734525|HA|B/Victoria/5/2020|EPI_ISL_430298|B                  0.51%    passed    100.00%
 318  EPI1749570|HA|B/Sydney/4/2020|EPI_ISL_479652|B                    0.51%    passed    100.00%
****  TOTAL                                                             0.47%  0 sequences failed composition chi2 test (p-value<5%; df=19)
Reading input tree file results/per_year_unclustered/VicB/trees/VicB_2020.treefile ...

NOTE: 47 MB RAM (0 GB) is required!
Estimate model parameters (epsilon = 0.010)
1. Initial log-likelihood: -5133.370
2. Current log-likelihood: -5122.441
Optimal log-likelihood: -5122.433
Gamma shape alpha: 0.470
Parameters optimization took 2 rounds (1.648 sec)
Wrote distance file to... 
BEST SCORE FOUND : -5122.433
Ancestral state probabilities printed to results/per_year_unclustered/VicB/trees/VicB_2020_asr.state
Total tree length: 0.722

Total number of iterations: 0
CPU time used for tree search: 0.000 sec (0h:0m:0s)
Wall-clock time used for tree search: 0.000 sec (0h:0m:0s)
Total CPU time used: 2.851 sec (0h:0m:2s)
Total wall-clock time used: 3.147 sec (0h:0m:3s)

Analysis results written to: 
  IQ-TREE report:                results/per_year_unclustered/VicB/trees/VicB_2020_asr.iqtree
  Maximum-likelihood tree:       results/per_year_unclustered/VicB/trees/VicB_2020_asr.treefile
  Ancestral state:               results/per_year_unclustered/VicB/trees/VicB_2020_asr.state
  Screen log file:               results/per_year_unclustered/VicB/trees/VicB_2020_asr.log

Date and Time: Sat Nov 22 15:07:12 2025
