IQ-TREE version 3.0.1 for Linux x86 64-bit built Jul  9 2025
Developed by Bui Quang Minh, Thomas Wong, Nhan Ly-Trong, Huaiyan Ren
Contributed by Lam-Tung Nguyen, Dominik Schrempf, Chris Bielow,
Olga Chernomor, Michael Woodhams, Diep Thi Hoang, Heiko Schmidt

Host:    rtis-hpc-r01.uod.otago.ac.nz (AVX2, FMA3, 1007 GB RAM)
Command: iqtree -s results/per_year_unclustered/VicB/alignments/VicB_2010_aligned.fasta -m LG+G4 -te results/per_year_unclustered/VicB/trees/VicB_2010.treefile -asr -pre results/per_year_unclustered/VicB/trees/VicB_2010_asr -redo -quiet
Seed:    251162 (Using SPRNG - Scalable Parallel Random Number Generator)
Time:    Sat Nov 22 10:52:52 2025
Kernel:  AVX+FMA - 1 threads (8 CPU cores detected)

HINT: Use -nt option to specify number of threads because your CPU has 8 cores!
HINT: -nt AUTO will automatically determine the best number of threads to use.

Reading alignment file results/per_year_unclustered/VicB/alignments/VicB_2010_aligned.fasta ... Fasta format detected
Reading fasta file: done in 0.000744246 secs
Alignment most likely contains protein sequences
Constructing alignment: done in 0.000367599 secs
Alignment has 81 sequences with 585 columns, 98 distinct patterns
25 parsimony-informative, 53 singleton sites, 507 constant sites
                                                                 Gap/Ambiguity  Composition  p-value
Analyzing sequences: done in 2.4857e-05 secs using 76.44% CPU
   1  EPI342003|HA|B/India/9356/2010|EPI_ISL_98929|B                     0.00%    passed    100.00%
   2  EPI342035|HA|B/Vietnam/101/2010|EPI_ISL_98938|B                    0.00%    passed    100.00%
   3  EPI346036|HA|B/MALAYSIA/194/2010|EPI_ISL_99652|B                   0.00%    passed    100.00%
   4  EPI1490354|HA|B/Indonesia/09/2010|EPI_ISL_364539|B                 0.00%    passed    100.00%
   5  EPI247539|HA|B/Bangladesh/5816/2010|EPI_ISL_71460|B                0.00%    passed    100.00%
   6  EPI247558|HA|B/Heilongjiang-Hulan/116/2010|EPI_ISL_71468|B         0.00%    passed    100.00%
   7  EPI247571|HA|B/Heilongjiang-Xiangfang/1197/2010|EPI_ISL_71473|B    0.00%    passed    100.00%
   8  EPI247569|HA|B/Bangladesh/6166/2010|EPI_ISL_71472|B                0.00%    passed    100.00%
   9  EPI249550|HA|B/Bangladesh/9628/2010|EPI_ISL_71842|B                0.00%    passed    100.00%
  10  EPI270016|HA|B/Macau/200185/2010|EPI_ISL_76641|B                   0.00%    passed    100.00%
  11  EPI270044|HA|B/Macau/200119/2010|EPI_ISL_76649|B                   0.00%    passed    100.00%
  12  EPI271556|HA|B/India/5949/2010|EPI_ISL_76925|B                     0.00%    passed    100.00%
  13  EPI271553|HA|B/India/5908/2010|EPI_ISL_76924|B                     0.00%    passed    100.00%
  14  EPI271614|HA|B/Bangladesh/4588/2010|EPI_ISL_76945|B                0.00%    passed    100.00%
  15  EPI271620|HA|B/Bangladesh/1005/2010|EPI_ISL_76947|B                0.00%    passed    100.00%
  16  EPI271644|HA|B/Taiwan/77/2010|EPI_ISL_76955|B                      0.00%    passed    100.00%
  17  EPI271869|HA|B/Hong_Kong/264/2010|EPI_ISL_76999|B                  0.00%    passed    100.00%
  18  EPI271871|HA|B/Hong_Kong/270/2010|EPI_ISL_77000|B                  0.00%    passed    100.00%
  19  EPI271998|HA|B/SINGAPORE/536/2010|EPI_ISL_77057|B                  0.00%    passed    100.00%
  20  EPI272000|HA|B/SINGAPORE/505/2010|EPI_ISL_77058|B                  0.00%    passed    100.00%
  21  EPI272014|HA|B/PHILIPPINES/1400/2010|EPI_ISL_77065|B               0.17%    passed    100.00%
  22  EPI272054|HA|B/SINGAPORE/525/2010|EPI_ISL_77079|B                  0.00%    passed    100.00%
  23  EPI464421|HA|B/Cambodia/U0707330/2010|EPI_ISL_144656|B             0.00%    passed    100.00%
  24  EPI464422|HA|B/Cambodia/U1102389/2010|EPI_ISL_144657|B             0.00%    passed    100.00%
  25  EPI278964|HA|B/Mie/06/2010|EPI_ISL_79381|B                         0.00%    passed    100.00%
  26  EPI278990|HA|B/Taiwan/11/2010|EPI_ISL_79388|B                      0.00%    passed    100.00%
  27  EPI278996|HA|B/Yamaguchi/01/2010|EPI_ISL_79390|B                   0.00%    passed    100.00%
  28  EPI279203|HA|B/CAMBODIA/5/2010|EPI_ISL_79476|B                     0.00%    passed    100.00%
  29  EPI280403|HA|B/Bangladesh/2009/2010|EPI_ISL_79742|B                0.00%    passed    100.00%
  30  EPI902769|HA|B/Hong_Kong/2207/2010|EPI_ISL_246650|B                0.00%    passed    100.00%
  31  EPI902783|HA|B/Tehran/5277/2010|EPI_ISL_246657|B                   0.00%    passed    100.00%
  32  EPI291629|HA|B/Chongqing-Yuzhong/1384/2010|EPI_ISL_83191|B         0.00%    passed    100.00%
  33  EPI291626|HA|B/Chongqing-Yuzhong/1342/2010|EPI_ISL_83190|B         0.00%    passed    100.00%
  34  EPI293608|HA|B/Beijing-Xicheng/11082/2010|EPI_ISL_83656|B          0.00%    passed    100.00%
  35  EPI293640|HA|B/Fujian-Licheng/118/2010|EPI_ISL_83660|B             0.00%    passed    100.00%
  36  EPI294765|HA|B/Guangdong-Zhongshan/5756/2010|EPI_ISL_83935|B       0.00%    passed    100.00%
  37  EPI294795|HA|B/Kyrgyzstan/126/2010|EPI_ISL_83945|B                 0.00%    passed    100.00%
  38  EPI294822|HA|B/Nepal/188/2010|EPI_ISL_83954|B                      0.00%    passed    100.00%
  39  EPI294866|HA|B/Thailand/820/2010|EPI_ISL_83969|B                   0.00%    passed    100.00%
  40  EPI301211|HA|B/Guangdong-Duanzhou/1766/2010|EPI_ISL_85665|B        0.00%    passed    100.00%
  41  EPI302086|HA|B/India/6613/2010|EPI_ISL_86012|B                     0.00%    passed    100.00%
  42  EPI302448|HA|B/MALAYSIA/481/2010|EPI_ISL_86148|B                   0.00%    passed    100.00%
  43  EPI302460|HA|B/PHILIPPINES/2118/2010|EPI_ISL_86152|B               0.00%    passed    100.00%
  44  EPI302483|HA|B/PHILIPPINES/5390/2010|EPI_ISL_86160|B               0.00%    passed    100.00%
  45  EPI302520|HA|B/Taiwan/717/2010|EPI_ISL_86173|B                     0.00%    passed    100.00%
  46  EPI302534|HA|B/Chongqing-Yuzhong/1384/2010|EPI_ISL_86179|B         0.00%    passed    100.00%
  47  EPI302532|HA|B/Hunan-Yuhua/1930/2010|EPI_ISL_86178|B               0.00%    passed    100.00%
  48  EPI1399060|HA|B/Taiwan/1005/2010|EPI_ISL_348541|B                  0.00%    passed    100.00%
  49  EPI1399062|HA|B/Taiwan/0637/2010|EPI_ISL_348543|B                  0.00%    passed    100.00%
  50  EPI1399061|HA|B/Taiwan/3591/2010|EPI_ISL_348542|B                  0.00%    passed    100.00%
  51  EPI1399064|HA|B/Taiwan/7123/2010|EPI_ISL_348545|B                  0.00%    passed    100.00%
  52  EPI309200|HA|B/Laos/037/2010|EPI_ISL_87830|B                       0.00%    passed    100.00%
  53  EPI247534|HA|B/Texas/01/2010|EPI_ISL_71457|B                       0.00%    passed    100.00%
  54  EPI275296|HA|B/Massachusetts/01/2010|EPI_ISL_77922|B               0.00%    passed    100.00%
  55  EPI291582|HA|B/Alabama/01/2010|EPI_ISL_83175|B                     0.00%    passed    100.00%
  56  EPI294726|HA|B/California/03/2010|EPI_ISL_83921|B                  0.00%    passed    100.00%
  57  EPI294738|HA|B/Florida/02/2010|EPI_ISL_83925|B                     0.00%    passed    100.00%
  58  EPI294757|HA|B/Georgia/04/2010|EPI_ISL_83932|B                     0.00%    passed    100.00%
  59  EPI294860|HA|B/Texas/06/2010|EPI_ISL_83967|B                       0.00%    passed    100.00%
  60  EPI301167|HA|B/Alabama/02/2010|EPI_ISL_85650|B                     0.00%    passed    100.00%
  61  EPI301188|HA|B/Georgia/11/2010|EPI_ISL_85657|B                     0.00%    passed    100.00%
  62  EPI301949|HA|B/Arizona/04/2010|EPI_ISL_85968|B                     0.00%    passed    100.00%
  63  EPI301990|HA|B/Georgia/28/2010|EPI_ISL_85981|B                     0.00%    passed    100.00%
  64  EPI302019|HA|B/Louisiana/08/2010|EPI_ISL_85991|B                   0.00%    passed    100.00%
  65  EPI302025|HA|B/Maryland/07/2010|EPI_ISL_85993|B                    0.00%    passed    100.00%
  66  EPI302037|HA|B/Montana/01/2010|EPI_ISL_85997|B                     0.00%    passed    100.00%
  67  EPI302047|HA|B/New_York/01/2010|EPI_ISL_86001|B                    0.00%    passed    100.00%
  68  EPI302059|HA|B/South_Dakota/01/2010|EPI_ISL_86005|B                0.00%    passed    100.00%
  69  EPI302508|HA|B/Mississippi/05/2010|EPI_ISL_86169|B                 0.00%    passed    100.00%
  70  EPI302505|HA|B/Louisiana/01/2010|EPI_ISL_86168|B                   0.00%    passed    100.00%
  71  EPI302511|HA|B/Mississippi/06/2010|EPI_ISL_86170|B                 0.00%    passed    100.00%
  72  EPI307196|HA|B/North_Carolina/09/2010|EPI_ISL_87418|B              0.00%    passed    100.00%
  73  EPI309168|HA|B/California/12/2010|EPI_ISL_87819|B                  0.00%    passed    100.00%
  74  EPI312865|HA|B/North_Carolina/05/2010|EPI_ISL_88895|B              0.00%    passed    100.00%
  75  EPI294071|HA|B/YAP/1/2010|EPI_ISL_83765|B                          0.00%    passed    100.00%
  76  EPI294073|HA|B/YAP/2/2010|EPI_ISL_83766|B                          0.00%    passed    100.00%
  77  EPI294256|HA|B/VANIMO/1/2010|EPI_ISL_83838|B                       0.00%    passed    100.00%
  78  EPI294287|HA|B/VICTORIA/800/2010|EPI_ISL_83849|B                   0.00%    passed    100.00%
  79  EPI294428|HA|B/NEW_CALEDONIA/15/2010|EPI_ISL_83899|B               0.00%    passed    100.00%
  80  EPI302429|HA|B/BRISBANE/20/2010|EPI_ISL_86141|B                    0.00%    passed    100.00%
  81  EPI331352|HA|B/BRISBANE/41/2010|EPI_ISL_94804|B                    0.00%    passed    100.00%
****  TOTAL                                                              0.00%  0 sequences failed composition chi2 test (p-value<5%; df=19)
Reading input tree file results/per_year_unclustered/VicB/trees/VicB_2010.treefile ...

NOTE: 6 MB RAM (0 GB) is required!
Estimate model parameters (epsilon = 0.010)
1. Initial log-likelihood: -2658.347
2. Current log-likelihood: -2651.682
Optimal log-likelihood: -2651.682
Gamma shape alpha: 0.199
Parameters optimization took 2 rounds (0.204 sec)
Wrote distance file to... 
BEST SCORE FOUND : -2651.682
Ancestral state probabilities printed to results/per_year_unclustered/VicB/trees/VicB_2010_asr.state
Total tree length: 0.189

Total number of iterations: 0
CPU time used for tree search: 0.000 sec (0h:0m:0s)
Wall-clock time used for tree search: 0.000 sec (0h:0m:0s)
Total CPU time used: 0.507 sec (0h:0m:0s)
Total wall-clock time used: 0.586 sec (0h:0m:0s)

Analysis results written to: 
  IQ-TREE report:                results/per_year_unclustered/VicB/trees/VicB_2010_asr.iqtree
  Maximum-likelihood tree:       results/per_year_unclustered/VicB/trees/VicB_2010_asr.treefile
  Ancestral state:               results/per_year_unclustered/VicB/trees/VicB_2010_asr.state
  Screen log file:               results/per_year_unclustered/VicB/trees/VicB_2010_asr.log

Date and Time: Sat Nov 22 10:52:52 2025
