IQ-TREE version 3.0.1 for Linux x86 64-bit built Jul  9 2025
Developed by Bui Quang Minh, Thomas Wong, Nhan Ly-Trong, Huaiyan Ren
Contributed by Lam-Tung Nguyen, Dominik Schrempf, Chris Bielow,
Olga Chernomor, Michael Woodhams, Diep Thi Hoang, Heiko Schmidt

Host:    rtis-hpc-r06.uod.otago.ac.nz (AVX2, FMA3, 1007 GB RAM)
Command: iqtree -s results/per_year_unclustered/VicB/alignments/VicB_2022_aligned.fasta -m LG+G4 -bb 1000 -nt 16 -pre results/per_year_unclustered/VicB/trees/VicB_2022 -redo -quiet
Seed:    240660 (Using SPRNG - Scalable Parallel Random Number Generator)
Time:    Fri Nov 21 12:36:39 2025
Kernel:  AVX+FMA - 16 threads (16 CPU cores detected)

Reading alignment file results/per_year_unclustered/VicB/alignments/VicB_2022_aligned.fasta ... Fasta format detected
Reading fasta file: done in 0.00211863 secs using 92.65% CPU
Alignment most likely contains protein sequences
Constructing alignment: done in 0.000988042 secs using 987.3% CPU
Alignment has 256 sequences with 587 columns, 183 distinct patterns
75 parsimony-informative, 83 singleton sites, 429 constant sites
WARNING: Some sequence names are changed as follows:
EPI2500374|HA|B/ABUDHABI/UAE/4177633(2)/2022|EPI_ISL_17395367|B -> EPI2500374|HA|B/ABUDHABI/UAE/4177633_2_/2022|EPI_ISL_17395367|B

                                                                        Gap/Ambiguity  Composition  p-value
Analyzing sequences: done in 0.0123239 secs using 1399% CPU
   1  EPI2509620|HA|B/Shandong-Huancui/12/2022|EPI_ISL_17465746|B               0.85%    passed    100.00%
   2  EPI2509617|HA|B/Jiangsu-Qingjiangpu/194/2022|EPI_ISL_17465745|B           0.85%    passed    100.00%
   3  EPI2134416|HA|B/Qatar/21-VI-22-1481523/2022|EPI_ISL_14648795|B            0.85%    passed    100.00%
   4  EPI2134414|HA|B/Qatar/10-VI-22-1458060/2022|EPI_ISL_14648794|B            0.85%    passed    100.00%
   5  EPI2461295|HA|B/Qatar/10-VI-22-1923371/2022|EPI_ISL_17204426|B            0.85%    passed    100.00%
   6  EPI2461293|HA|B/Qatar/10-VI-22-2092996/2022|EPI_ISL_17204425|B            0.85%    passed    100.00%
   7  EPI2223322|HA|B/Samail/72211240/2022|EPI_ISL_15926896|B                   0.85%    passed    100.00%
   8  EPI2223320|HA|B/Buraymi/72211194/2022|EPI_ISL_15926895|B                  0.85%    passed    100.00%
   9  EPI2197338|HA|B/Laos/F1451/2022|EPI_ISL_15534253|B                        0.85%    passed    100.00%
  10  EPI2223709|HA|B/Bahrain/7548/2022|EPI_ISL_15927711|B                      0.85%    passed    100.00%
  11  EPI2223512|HA|B/Abu_Dhabi/0002743/2022|EPI_ISL_15927686|B                 0.85%    passed    100.00%
  12  EPI2223582|HA|B/Bahrain/5467/2022|EPI_ISL_15927695|B                      0.85%    passed    100.00%
  13  EPI2318959|HA|B/HongKong/9/2022|EPI_ISL_16714036|B                        0.85%    passed    100.00%
  14  EPI2318937|HA|B/Bishkek/S-66SARI/2022|EPI_ISL_16714014|B                  0.85%    passed    100.00%
  15  EPI2318928|HA|B/Ashabat/6/2022|EPI_ISL_16714005|B                         0.85%    passed    100.00%
  16  EPI2122282|HA|B/HK/3/2022|EPI_ISL_14387918|B                              0.85%    passed    100.00%
  17  EPI2237546|HA|B/Almaty/11274/2022|EPI_ISL_16027134|B                      0.85%    passed    100.00%
  18  EPI2237548|HA|B/Almaty/11279/2022|EPI_ISL_16027136|B                      0.85%    passed    100.00%
  19  EPI2334000|HA|B/Bishkek/015/2022|EPI_ISL_16748435|B                       0.85%    passed    100.00%
  20  EPI2333999|HA|B/Bishkek/014/2022|EPI_ISL_16748433|B                       0.85%    passed    100.00%
  21  EPI2226413|HA|B/Bawshar/72211419/2022|EPI_ISL_15929442|B                  0.85%    passed    100.00%
  22  EPI2226395|HA|B/Sohar/52225028/2022|EPI_ISL_15929431|B                    0.85%    passed    100.00%
  23  EPI2226399|HA|B/Sohar/52224506/2022|EPI_ISL_15929434|B                    0.85%    passed    100.00%
  24  EPI2226397|HA|B/Ibri/72211826/2022|EPI_ISL_15929433|B                     0.85%    passed    100.00%
  25  EPI2196544|HA|B/Laos/F1517/2022|EPI_ISL_15503753|B                        0.85%    passed    100.00%
  26  EPI2241954|HA|B/Guangdong-Xiangzhou/8316/2022|EPI_ISL_16093973|B          0.85%    passed    100.00%
  27  EPI2241951|HA|B/Guangdong-Xiangzhou/11264/2022|EPI_ISL_16093972|B         0.85%    passed    100.00%
  28  EPI2241960|HA|B/Guangdong-Xiangzhou/11264/2022|EPI_ISL_16093975|B         0.85%    passed    100.00%
  29  EPI2241945|HA|B/Guangdong-Haizhu/1601/2022|EPI_ISL_16093970|B             0.85%    passed    100.00%
  30  EPI2241966|HA|B/Guangdong-Zhongshan/1853/2022|EPI_ISL_16093977|B          0.85%    passed    100.00%
  31  EPI2292363|HA|B/Singapore/KK0868/2022|EPI_ISL_16520271|B                  0.85%    passed    100.00%
  32  EPI2319409|HA|B/Laos/F2548/2022|EPI_ISL_16717076|B                        0.85%    passed    100.00%
  33  EPI2125689|HA|B/Guizhou-Huichuan/1291/2022|EPI_ISL_14456636|B             0.85%    passed    100.00%
  34  EPI2125692|HA|B/Gansu-Linxia/1187/2022|EPI_ISL_14456637|B                 0.85%    passed    100.00%
  35  EPI2125677|HA|B/Yunnan-Anning/1239/2022|EPI_ISL_14456632|B                0.85%    passed    100.00%
  36  EPI2092067|HA|B/Singapore/SAR0028/2022|EPI_ISL_13835103|B                 0.85%    passed    100.00%
  37  EPI2092162|HA|B/Singapore/KK0039/2022|EPI_ISL_13835115|B                  0.85%    passed    100.00%
  38  EPI2092186|HA|B/Singapore/SAR3797/2022|EPI_ISL_13835118|B                 0.85%    passed    100.00%
  39  EPI2092170|HA|B/Singapore/GP1962/2022|EPI_ISL_13835116|B                  0.85%    passed    100.00%
  40  EPI2109928|HA|B/Bishkek/11/2022|EPI_ISL_14065082|B                        0.85%    passed    100.00%
  41  EPI4416473|HA|B/Shandong-Shibei/194/2022|EPI_ISL_19897549|B               0.85%    passed    100.00%
  42  EPI4416529|HA|B/Shandong-Huancui/133/2022|EPI_ISL_19897556|B              0.85%    passed    100.00%
  43  EPI2151273|HA|B/Yunnan-Maoshi/1571/2022|EPI_ISL_14818926|B                0.85%    passed    100.00%
  44  EPI2151285|HA|B/Yunnan-Yingjiang/351/2022|EPI_ISL_14818930|B              0.85%    passed    100.00%
  45  EPI2151282|HA|B/Yunnan-Maoshi/1822/2022|EPI_ISL_14818929|B                0.85%    passed    100.00%
  46  EPI2151291|HA|B/Guangdong-Liwan/1508/2022|EPI_ISL_14818932|B              0.85%    passed    100.00%
  47  EPI2150973|HA|B/Jiangsu-Guangling/11004/2022|EPI_ISL_14818826|B           0.85%    passed    100.00%
  48  EPI2150976|HA|B/Guangdong-Pengjiang/1561/2022|EPI_ISL_14818827|B          0.85%    passed    100.00%
  49  EPI2150967|HA|B/Beijing-Huairou/1418/2022|EPI_ISL_14818824|B              0.85%    passed    100.00%
  50  EPI2467995|HA|B/Laos/F4663/2022|EPI_ISL_17244530|B                        0.85%    passed    100.00%
  51  EPI2105671|HA|B/Zhejiang-Shangcheng/1243/2022|EPI_ISL_14033365|B          0.85%    passed    100.00%
  52  EPI2105669|HA|B/Liaoning-Yinzhou/1163/2022|EPI_ISL_14033363|B             0.85%    passed    100.00%
  53  EPI2105681|HA|B/Neimenggu-Xilinhaote/1300/2022|EPI_ISL_14033375|B         0.85%    passed    100.00%
  54  EPI2105676|HA|B/Xinjiang-Midong/1254/2022|EPI_ISL_14033370|B              0.85%    passed    100.00%
  55  EPI2105657|HA|B/Yunnan-Yingjiang/51/2022|EPI_ISL_14033351|B               0.85%    passed    100.00%
  56  EPI2105655|HA|B/Guangdong-Maonan/326/2022|EPI_ISL_14033349|B              0.85%    passed    100.00%
  57  EPI2105661|HA|B/Qinghai-Chengdong/1424/2022|EPI_ISL_14033355|B            0.85%    passed    100.00%
  58  EPI2105705|HA|B/Heilongjiang-Nangang/1206/2022|EPI_ISL_14033399|B         0.85%    passed    100.00%
  59  EPI2105703|HA|B/Hunan-Lengshuitan/1380/2022|EPI_ISL_14033397|B            0.85%    passed    100.00%
  60  EPI2105700|HA|B/Guangdong-Chancheng/1180/2022|EPI_ISL_14033394|B          0.85%    passed    100.00%
  61  EPI2105699|HA|B/Guangdong-Ruyuanyaozuzizhi/346/2022|EPI_ISL_14033393|B    0.85%    passed    100.00%
  62  EPI2105709|HA|B/Henan-Shancheng/187/2022|EPI_ISL_14033403|B               0.85%    passed    100.00%
  63  EPI2105686|HA|B/Liaoning-Donggang/1142/2022|EPI_ISL_14033380|B            0.85%    passed    100.00%
  64  EPI2105682|HA|B/Hebei-Ningjin/1220/2022|EPI_ISL_14033376|B                0.85%    passed    100.00%
  65  EPI2105695|HA|B/Sichuan-Fucheng/1447/2022|EPI_ISL_14033389|B              0.85%    passed    100.00%
  66  EPI2105692|HA|B/Fujian-Gulou/1118/2022|EPI_ISL_14033386|B                 0.85%    passed    100.00%
  67  EPI2105607|HA|B/Shandong-Fushan/1256/2022|EPI_ISL_14033294|B              0.85%    passed    100.00%
  68  EPI2105606|HA|B/Heilongjiang-Taoshan/1337/2022|EPI_ISL_14033293|B         0.85%    passed    100.00%
  69  EPI2105648|HA|B/Fujian-Tongan/1304/2022|EPI_ISL_14033342|B                0.85%    passed    100.00%
  70  EPI2105649|HA|B/Beijing-Huairou/1468/2022|EPI_ISL_14033343|B              0.85%    passed    100.00%
  71  EPI2105547|HA|B/Gansu-Linxia/1338/2022|EPI_ISL_14033234|B                 0.85%    passed    100.00%
  72  EPI2105559|HA|B/Fujian-Xiangcheng/1329/2022|EPI_ISL_14033246|B            0.85%    passed    100.00%
  73  EPI2105555|HA|B/Henan-Yicheng/1316/2022|EPI_ISL_14033242|B                0.85%    passed    100.00%
  74  EPI2105553|HA|B/Neimenggu-Haibowan/1411/2022|EPI_ISL_14033240|B           0.85%    passed    100.00%
  75  EPI2105534|HA|B/Fujian-Xinluo/11063/2022|EPI_ISL_14033221|B               0.85%    passed    100.00%
  76  EPI2105531|HA|B/Guangdong-Zhongshan/1487/2022|EPI_ISL_14033218|B          0.85%    passed    100.00%
  77  EPI2105530|HA|B/Hunan-Jishou/11034/2022|EPI_ISL_14033217|B                0.85%    passed    100.00%
  78  EPI2105542|HA|B/Hunan-Tianyuan/1437/2022|EPI_ISL_14033229|B               0.85%    passed    100.00%
  79  EPI2105539|HA|B/Zhejiang-Nanhu/1517/2022|EPI_ISL_14033226|B               0.85%    passed    100.00%
  80  EPI2105584|HA|B/Heilongjiang-Yimei/1427/2022|EPI_ISL_14033271|B           0.85%    passed    100.00%
  81  EPI2105581|HA|B/Neimenggu-Wulanhaote/1478/2022|EPI_ISL_14033268|B         0.85%    passed    100.00%
  82  EPI2105578|HA|B/Zhejiang-Linhai/1328/2022|EPI_ISL_14033265|B              0.85%    passed    100.00%
  83  EPI2105565|HA|B/Hunan-Tianyuan/1329/2022|EPI_ISL_14033252|B               0.85%    passed    100.00%
  84  EPI2105576|HA|B/Guangdong-Zhenjiang/865/2022|EPI_ISL_14033263|B           0.85%    passed    100.00%
  85  EPI2105573|HA|B/Guizhou-Honghuagang/1315/2022|EPI_ISL_14033260|B          0.85%    passed    100.00%
  86  EPI2105572|HA|B/Yunnan-Yingjiang/33/2022|EPI_ISL_14033259|B               0.85%    passed    100.00%
  87  EPI2105569|HA|B/Guangdong-Zhongshan/1309/2022|EPI_ISL_14033256|B          0.85%    passed    100.00%
  88  EPI2105864|HA|B/Jilin-Chaoyang/1135/2022|EPI_ISL_14033558|B               0.85%    passed    100.00%
  89  EPI2105866|HA|B/Guangdong-Meijiang/116/2022|EPI_ISL_14033560|B            0.85%    passed    100.00%
  90  EPI2105843|HA|B/Guangdong-Qingcheng/150/2022|EPI_ISL_14033537|B           0.85%    passed    100.00%
  91  EPI2105857|HA|B/Liaoning-Xigang/113/2022|EPI_ISL_14033551|B               0.85%    passed    100.00%
  92  EPI2105854|HA|B/Ningxia-Litong/160/2022|EPI_ISL_14033548|B                0.85%    passed    100.00%
  93  EPI2105853|HA|B/Ningxia-Litong/173/2022|EPI_ISL_14033547|B                0.85%    passed    100.00%
  94  EPI2105850|HA|B/Fujian-Chengxiang/36/2022|EPI_ISL_14033544|B              0.85%    passed    100.00%
  95  EPI2105851|HA|B/Fujian-Cangshan/131/2022|EPI_ISL_14033545|B               0.85%    passed    100.00%
  96  EPI2105895|HA|B/Guangxi-Cangwu/54/2022|EPI_ISL_14033589|B                 0.85%    passed    100.00%
  97  EPI2105901|HA|B/Guizhou-Honghuagang/19/2022|EPI_ISL_14033595|B            0.85%    passed    100.00%
  98  EPI2105881|HA|B/Shanxi-Xinfu/133/2022|EPI_ISL_14033575|B                  0.85%    passed    100.00%
  99  EPI2105878|HA|B/Shanxi-Chengqu/1113/2022|EPI_ISL_14033572|B               0.85%    passed    100.00%
 100  EPI2105876|HA|B/Chongqing-Banan/117/2022|EPI_ISL_14033570|B               0.85%    passed    100.00%
 101  EPI2105798|HA|B/Xinjiang-Atushi/1205/2022|EPI_ISL_14033492|B              0.85%    passed    100.00%
 102  EPI2105806|HA|B/Jilin-Chaoyang/1135/2022|EPI_ISL_14033500|B               0.85%    passed    100.00%
 103  EPI2105807|HA|B/Sichuan-Jingyang/1119/2022|EPI_ISL_14033501|B             0.85%    passed    100.00%
 104  EPI2105805|HA|B/Hunan-Xiangtan/151/2022|EPI_ISL_14033499|B                0.85%    passed    100.00%
 105  EPI2105803|HA|B/Hunan-Wuling/1234/2022|EPI_ISL_14033497|B                 0.85%    passed    100.00%
 106  EPI2105783|HA|B/Beijing-Chaoyang/164/2022|EPI_ISL_14033477|B              0.85%    passed    100.00%
 107  EPI2105781|HA|B/Jilin-Tiexi/1138/2022|EPI_ISL_14033475|B                  0.85%    passed    100.00%
 108  EPI2105778|HA|B/Beijing-Chaoyang/1323/2022|EPI_ISL_14033472|B             0.85%    passed    100.00%
 109  EPI2105779|HA|B/Neimenggu-Wulanhaote/1228/2022|EPI_ISL_14033473|B         0.85%    passed    100.00%
 110  EPI2105790|HA|B/Jiangsu-Hailing/1202/2022|EPI_ISL_14033484|B              0.85%    passed    100.00%
 111  EPI2105791|HA|B/Shaanxi-Hantai/1141/2022|EPI_ISL_14033485|B               0.85%    passed    100.00%
 112  EPI2105839|HA|B/Xinjiang-Kuerle/121/2022|EPI_ISL_14033533|B               0.85%    passed    100.00%
 113  EPI2105835|HA|B/Shandong-Linqu/31/2022|EPI_ISL_14033529|B                 0.85%    passed    100.00%
 114  EPI2105817|HA|B/Shandong-Huaiyin/19/2022|EPI_ISL_14033511|B               0.85%    passed    100.00%
 115  EPI2105814|HA|B/Guangdong-Duanzhou/149/2022|EPI_ISL_14033508|B            0.85%    passed    100.00%
 116  EPI2105810|HA|B/Yunnan-Qilin/166/2022|EPI_ISL_14033504|B                  0.85%    passed    100.00%
 117  EPI2105822|HA|B/Jilin-Nanguan/177/2022|EPI_ISL_14033516|B                 0.85%    passed    100.00%
 118  EPI2105744|HA|B/Shaanxi-Hanbin/155/2022|EPI_ISL_14033438|B                0.85%    passed    100.00%
 119  EPI2105743|HA|B/Yunnan-Xishan/187/2022|EPI_ISL_14033437|B                 0.85%    passed    100.00%
 120  EPI2105740|HA|B/Jilin-Hunjiang/1103/2022|EPI_ISL_14033434|B               0.85%    passed    100.00%
 121  EPI2105720|HA|B/Guizhou-Honghuagang/1162/2022|EPI_ISL_14033414|B          0.85%    passed    100.00%
 122  EPI2105714|HA|B/Ningxia-Zhongning/1171/2022|EPI_ISL_14033408|B            0.85%    passed    100.00%
 123  EPI2105715|HA|B/Ningxia-Shapotou/1125/2022|EPI_ISL_14033409|B             0.85%    passed    100.00%
 124  EPI2105727|HA|B/Xinjiang-Kuerle/1165/2022|EPI_ISL_14033421|B              0.85%    passed    100.00%
 125  EPI2105766|HA|B/Xinjiang-Yining/1175/2022|EPI_ISL_14033460|B              0.85%    passed    100.00%
 126  EPI2105763|HA|B/Hainan-Meilan/1108/2022|EPI_ISL_14033457|B                0.85%    passed    100.00%
 127  EPI2105776|HA|B/Henan-Weibin/1125/2022|EPI_ISL_14033470|B                 0.85%    passed    100.00%
 128  EPI2105770|HA|B/Shanghai-Xuhui/1109/2022|EPI_ISL_14033464|B               0.85%    passed    100.00%
 129  EPI2105753|HA|B/Zhejiang-Gongshu/1119/2022|EPI_ISL_14033447|B             0.85%    passed    100.00%
 130  EPI2105751|HA|B/Qinghai-Delingha/156/2022|EPI_ISL_14033445|B              0.85%    passed    100.00%
 131  EPI2105749|HA|B/Yunnan-Wuhua/1135/2022|EPI_ISL_14033443|B                 0.85%    passed    100.00%
 132  EPI2105983|HA|B/Yunnan-Linxiang/18/2022|EPI_ISL_14033684|B                0.85%    passed    100.00%
 133  EPI2105979|HA|B/Shanxi-Chengqu/119/2022|EPI_ISL_14033680|B                0.85%    passed    100.00%
 134  EPI2105980|HA|B/Henan-Beiguan/112/2022|EPI_ISL_14033681|B                 0.85%    passed    100.00%
 135  EPI2105977|HA|B/Sichuan-Dongqu/191/2022|EPI_ISL_14033678|B                0.85%    passed    100.00%
 136  EPI2550205|HA|B/Bishkek/036/2022|EPI_ISL_17638458|B                       0.85%    passed    100.00%
 137  EPI2550249|HA|B/Palestine/4R/2022|EPI_ISL_17638480|B                      0.85%    passed    100.00%
 138  EPI2550256|HA|B/Bishkek/046/2022|EPI_ISL_17638483|B                       0.85%    passed    100.00%
 139  EPI2647273|HA|B/Malaysia/RP2326/2022|EPI_ISL_18031720|B                   0.85%    passed    100.00%
 140  EPI2427522|HA|B/SaudiArabia/786/2022|EPI_ISL_17049196|B                   0.85%    passed    100.00%
 141  EPI2427526|HA|B/SaudiArabia/1259/2022|EPI_ISL_17049200|B                  0.85%    passed    100.00%
 142  EPI2427538|HA|B/SaudiArabia/929/2022|EPI_ISL_17049212|B                   0.85%    passed    100.00%
 143  EPI2615110|HA|B/Singapore/GP11416/2022|EPI_ISL_17967412|B                 0.85%    passed    100.00%
 144  EPI2615118|HA|B/Singapore/GP13317/2022|EPI_ISL_17967418|B                 0.85%    passed    100.00%
 145  EPI2615142|HA|B/Singapore/SAR58995/2022|EPI_ISL_17967448|B                0.85%    passed    100.00%
 146  EPI2615134|HA|B/Singapore/SAR55914/2022|EPI_ISL_17967439|B                0.85%    passed    100.00%
 147  EPI2633211|HA|B/ABUDHABI/UAE/0005832/2022|EPI_ISL_18000786|B              0.85%    passed    100.00%
 148  EPI2633204|HA|B/ABUDHABI/UAE/0005796/2022|EPI_ISL_18000785|B              0.85%    passed    100.00%
 149  EPI2633153|HA|B/ABUDHABI/UAE/0005380/2022|EPI_ISL_18000778|B              0.85%    passed    100.00%
 150  EPI2298610|HA|B/Hubei-Shashi/1848/2022|EPI_ISL_16559069|B                 0.85%    passed    100.00%
 151  EPI2106079|HA|B/Abu_Dhabi/4177633/2022|EPI_ISL_14036086|B                 0.85%    passed    100.00%
 152  EPI2234110|HA|B/Nakhon_Phanom/NIC-P3460/2022|EPI_ISL_15969725|B           0.85%    passed    100.00%
 153  EPI2229020|HA|B/Chiang_Rai/NIC-P3056/2022|EPI_ISL_15937217|B              0.85%    passed    100.00%
 154  EPI2541966|HA|B/Palestine/5H/2022|EPI_ISL_17608690|B                      0.85%    passed    100.00%
 155  EPI2229344|HA|B/Qatar/21-VI-22-1951847/2022|EPI_ISL_15937893|B            0.85%    passed    100.00%
 156  EPI2229354|HA|B/Qatar/10-VI-22-2012694/2022|EPI_ISL_15937898|B            0.85%    passed    100.00%
 157  EPI2317956|HA|B/Cambodia/g1111368/2022|EPI_ISL_16691478|B                 0.85%    passed    100.00%
 158  EPI2317952|HA|B/Cambodia/g1101371/2022|EPI_ISL_16691476|B                 0.85%    passed    100.00%
 159  EPI2317944|HA|B/Cambodia/g1026362/2022|EPI_ISL_16691472|B                 0.85%    passed    100.00%
 160  EPI2317946|HA|B/Cambodia/g1026364/2022|EPI_ISL_16691473|B                 0.85%    passed    100.00%
 161  EPI2317942|HA|B/Cambodia/g1013368/2022|EPI_ISL_16691471|B                 0.85%    passed    100.00%
 162  EPI2317932|HA|B/Cambodia/g1101367/2022|EPI_ISL_16691466|B                 0.85%    passed    100.00%
 163  EPI3453100|HA|B/Guangdong/480/2022|EPI_ISL_19281431|B                     0.85%    passed    100.00%
 164  EPI3453182|HA|B/Guangdong/179/2022|EPI_ISL_19281472|B                     0.85%    passed    100.00%
 165  EPI3453237|HA|B/Guangdong/266/2022|EPI_ISL_19281494|B                     0.85%    passed    100.00%
 166  EPI2127022|HA|B/Abu_Dhabi/1862860/2022|EPI_ISL_14466300|B                 0.85%    passed    100.00%
 167  EPI2585942|HA|B/ABUDHABI/UAE/2870454/2022|EPI_ISL_17776895|B              0.34%    passed    100.00%
 168  EPI2585925|HA|B/ABUDHABI/UAE/0003585/2022|EPI_ISL_17776891|B              0.34%    passed    100.00%
 169  EPI2585917|HA|B/ABUDHABI/UAE/0003566/2022|EPI_ISL_17776890|B              0.34%    passed    100.00%
 170  EPI2585894|HA|B/ABUDHABI/UAE/0003594/2022|EPI_ISL_17776886|B              0.34%    passed    100.00%
 171  EPI2439650|HA|B/Laos/F4255/2022|EPI_ISL_17089389|B                        0.85%    passed    100.00%
 172  EPI2439802|HA|B/Laos/F4540/2022|EPI_ISL_17089410|B                        0.85%    passed    100.00%
 173  EPI2283121|HA|B/Singapore/SAR56364/2022|EPI_ISL_16433759|B                0.85%    passed    100.00%
 174  EPI2282881|HA|B/Singapore/GP7368/2022|EPI_ISL_16433729|B                  0.85%    passed    100.00%
 175  EPI2282929|HA|B/Singapore/KK0341/2022|EPI_ISL_16433735|B                  0.85%    passed    100.00%
 176  EPI2342716|HA|B/Rak/3250215/2022|EPI_ISL_16761711|B                       0.85%    passed    100.00%
 177  EPI2342445|HA|B/India/1280/2022|EPI_ISL_16761657|B                        0.85%    passed    100.00%
 178  EPI2157199|HA|B/Oman/0240/2022|EPI_ISL_14862190|B                         0.85%    passed    100.00%
 179  EPI2157237|HA|B/Oman/0184/2022|EPI_ISL_14862195|B                         0.85%    passed    100.00%
 180  EPI2600553|HA|B/Malaysia/RP2271/2022|EPI_ISL_17811481|B                   0.85%    passed    100.00%
 181  EPI3826609|HA|B/Riyadh/23/2022|EPI_ISL_19679464|B                         0.85%    passed    100.00%
 182  EPI3826565|HA|B/Riyadh/54/2022|EPI_ISL_19679452|B                         0.85%    passed    100.00%
 183  EPI3826559|HA|B/Riyadh/62/2022|EPI_ISL_19679449|B                         0.85%    passed    100.00%
 184  EPI1985680|HA|B/Zhejiang-Liandou/114/2022|EPI_ISL_9849538|B               0.85%    passed    100.00%
 185  EPI2617887|HA|B/Zhejiang-Jiashan/33/2022|EPI_ISL_17975842|B               0.85%    passed    100.00%
 186  EPI2617919|HA|B/Zhejiang-Nanhu/1189/2022|EPI_ISL_17975846|B               0.85%    passed    100.00%
 187  EPI2617903|HA|B/Zhejiang-Haiyan/35/2022|EPI_ISL_17975844|B                0.51%    passed    100.00%
 188  EPI2360178|HA|B/Israel/R10868/2022|EPI_ISL_16830270|B                     0.85%    passed    100.00%
 189  EPI2360232|HA|B/Israel/B1513/2022|EPI_ISL_16830304|B                      0.85%    passed    100.00%
 190  EPI2360236|HA|B/Israel/B1406/2022|EPI_ISL_16830306|B                      0.85%    passed    100.00%
 191  EPI3169650|HA|B/ABUDHABI/UAE/0005207/2022|EPI_ISL_19025833|B              0.85%    passed    100.00%
 192  EPI3169702|HA|B/ABUDHABI/UAE/0006349/2022|EPI_ISL_19025842|B              0.85%    passed    100.00%
 193  EPI2361380|HA|B/Laos/2299/2022|EPI_ISL_16830722|B                         0.85%    passed    100.00%
 194  EPI2361412|HA|B/Laos/2314/2022|EPI_ISL_16830726|B                         0.85%    passed    100.00%
 195  EPI2361488|HA|B/Laos/2460/2022|EPI_ISL_16830736|B                         0.85%    passed    100.00%
 196  EPI2361535|HA|B/Laos/2275/2022|EPI_ISL_16830742|B                         0.85%    passed    100.00%
 197  EPI2602138|HA|B/ABUDHABI/UAE/0004552/2022|EPI_ISL_17814010|B              0.85%    passed    100.00%
 198  EPI2361003|HA|B/Pakistan/354/2022|EPI_ISL_16830674|B                      0.85%    passed    100.00%
 199  EPI2618124|HA|B/Zhejiang-Nanhu/1411/2022|EPI_ISL_17978008|B               0.85%    passed    100.00%
 200  EPI2384184|HA|B/Cambodia/g1111370/2022|EPI_ISL_16864406|B                 0.85%    passed    100.00%
 201  EPI2384207|HA|B/Cambodia/g1227371/2022|EPI_ISL_16864417|B                 0.85%    passed    100.00%
 202  EPI2384212|HA|B/Cambodia/g1227374/2022|EPI_ISL_16864420|B                 0.85%    passed    100.00%
 203  EPI2660480|HA|B/SaudiArabia/1073/2022|EPI_ISL_18044621|B                  0.85%    passed    100.00%
 204  EPI2758753|HA|B/Malaysia/TIDREC_KBR_AUFI018/2022|EPI_ISL_18307501|B       0.85%    passed    100.00%
 205  EPI2758769|HA|B/Malaysia/TIDREC_KBR-AUFI035/2022|EPI_ISL_18307545|B       0.85%    passed    100.00%
 206  EPI2758761|HA|B/Malaysia/TIDREC_KBR-AUFI022/2022|EPI_ISL_18307544|B       0.85%    passed    100.00%
 207  EPI2895094|HA|B/Laos/00820-0880/2022|EPI_ISL_18734531|B                   0.85%    passed    100.00%
 208  EPI2397657|HA|B/Philippines/9/2022|EPI_ISL_16899285|B                     0.85%    passed    100.00%
 209  EPI3178814|HA|B/ABUDHABI/UAE/0008882/2022|EPI_ISL_19029949|B              0.85%    passed    100.00%
 210  EPI2578702|HA|B/ABUDHABI/UAE/0001776/2022|EPI_ISL_17719233|B              0.85%    passed    100.00%
 211  EPI3178834|HA|B/ABUDHABI/UAE/0009052/2022|EPI_ISL_19029952|B              0.85%    passed    100.00%
 212  EPI3178842|HA|B/ABUDHABI/UAE/0009061/2022|EPI_ISL_19029953|B              0.85%    passed    100.00%
 213  EPI3178880|HA|B/ABUDHABI/UAE/0009188/2022|EPI_ISL_19029959|B              0.85%    passed    100.00%
 214  EPI3916429|HA|B/shenzhen/11/2022|EPI_ISL_19717660|B                       0.85%    passed    100.00%
 215  EPI3916431|HA|B/shenzhen/12/2022|EPI_ISL_19717661|B                       0.85%    passed    100.00%
 216  EPI3916413|HA|B/shenzhen/3/2022|EPI_ISL_19717652|B                        0.85%    passed    100.00%
 217  EPI3916415|HA|B/shenzhen/4/2022|EPI_ISL_19717653|B                        0.85%    passed    100.00%
 218  EPI2385729|HA|B/Surat_Thani/3859/2022|EPI_ISL_16868676|B                  0.85%    passed    100.00%
 219  EPI2385805|HA|B/Oman/3048/2022|EPI_ISL_16868685|B                         0.85%    passed    100.00%
 220  EPI2759143|HA|B/Malaysia/TIDREC_KBR-AUFI058/2022|EPI_ISL_18311706|B       0.85%    passed    100.00%
 221  EPI2528095|HA|B/shandongrencheng/1122/2022|EPI_ISL_17526592|B             0.85%    passed    100.00%
 222  EPI2500374|HA|B/ABUDHABI/UAE/4177633_2_/2022|EPI_ISL_17395367|B           0.85%    passed    100.00%
 223  EPI2500366|HA|A/ABUDHABI/UAE/1890041/2022|EPI_ISL_17395366|B              0.85%    passed    100.00%
 224  EPI2528230|HA|B/shandongrencheng/1356/2022|EPI_ISL_17527250|B             0.85%    passed    100.00%
 225  EPI2528222|HA|B/shandongrencheng/1354/2022|EPI_ISL_17527249|B             0.85%    passed    100.00%
 226  EPI4400139|HA|B/Guangzhou/50/2022|EPI_ISL_19888228|B                      0.85%    passed    100.00%
 227  EPI2312055|HA|B/Surat_Thani/P4595/2022|EPI_ISL_16645178|B                 0.85%    passed    100.00%
 228  EPI2311727|HA|B/Surat_Thani/P4159/2022|EPI_ISL_16645137|B                 0.85%    passed    100.00%
 229  EPI2223799|HA|B/Colorado/02/2022|EPI_ISL_15927723|B                       0.85%    passed    100.00%
 230  EPI2223481|HA|B/Arizona/01/2022|EPI_ISL_15927682|B                        0.85%    passed    100.00%
 231  EPI2223551|HA|B/Georgia/01/2022|EPI_ISL_15927691|B                        0.85%    passed    100.00%
 232  EPI2223535|HA|B/Michigan/01/2022|EPI_ISL_15927689|B                       0.85%    passed    100.00%
 233  EPI1988114|HA|B/Rhode_Island/01/2022|EPI_ISL_10492308|B                   0.85%    passed    100.00%
 234  EPI2290429|HA|B/South_Carolina/13653/2022|EPI_ISL_16491665|B              0.85%    passed    100.00%
 235  EPI2248419|HA|B/California/02/2022|EPI_ISL_16198551|B                     0.85%    passed    100.00%
 236  EPI2191807|HA|B/Ohio/01/2022|EPI_ISL_15286751|B                           0.85%    passed    100.00%
 237  EPI3126621|HA|B/USA/PV63320/2022|EPI_ISL_18989247|B                       0.85%    passed    100.00%
 238  EPI2342586|HA|B/New_York/02/2022|EPI_ISL_16761693|B                       0.85%    passed    100.00%
 239  EPI2342525|HA|B/Minnesota/01/2022|EPI_ISL_16761678|B                      0.85%    passed    100.00%
 240  EPI2342515|HA|B/Nebraska/03/2022|EPI_ISL_16761675|B                       0.85%    passed    100.00%
 241  EPI2342386|HA|B/Nebraska/02/2022|EPI_ISL_16761641|B                       0.85%    passed    100.00%
 242  EPI2305219|HA|B/South_Australia/8/2022|EPI_ISL_16613706|B                 0.85%    passed    100.00%
 243  EPI2305209|HA|B/Victoria/29/2022|EPI_ISL_16613701|B                       0.85%    passed    100.00%
 244  EPI2179185|HA|B/Timor-Leste/73/2022|EPI_ISL_14991628|B                    0.85%    passed    100.00%
 245  EPI2179191|HA|B/Timor-Leste/86/2022|EPI_ISL_14991631|B                    0.85%    passed    100.00%
 246  EPI2179181|HA|B/Timor-Leste/49/2022|EPI_ISL_14991626|B                    0.85%    passed    100.00%
 247  EPI2179201|HA|B/Timor-Leste/101/2022|EPI_ISL_14991636|B                   0.85%    passed    100.00%
 248  EPI2235786|HA|B/Darwin/13/2022|EPI_ISL_16003444|B                         0.85%    passed    100.00%
 249  EPI2235796|HA|B/Timor-Leste/114/2022|EPI_ISL_16003446|B                   0.85%    passed    100.00%
 250  EPI2235804|HA|B/Timor-Leste/105/2022|EPI_ISL_16003447|B                   0.85%    passed    100.00%
 251  EPI2235852|HA|B/Timor-Leste/1/2022|EPI_ISL_16003453|B                     0.85%    passed    100.00%
 252  EPI2030190|HA|B/Sydney/1/2022|EPI_ISL_12579822|B                          0.85%    passed    100.00%
 253  EPI2284971|HA|B/Sydney/16/2022|EPI_ISL_16454678|B                         0.85%    passed    100.00%
 254  EPI2150600|HA|B/Victoria/1/2022|EPI_ISL_14809229|B                        0.85%    passed    100.00%
 255  EPI2236312|HA|B/Victoria/20/2022|EPI_ISL_16014531|B                       0.85%    passed    100.00%
 256  EPI2236268|HA|B/Perth/1/2022|EPI_ISL_16014506|B                           0.85%    passed    100.00%
****  TOTAL                                                                     0.84%  0 sequences failed composition chi2 test (p-value<5%; df=19)
Checking for duplicate sequences: done in 0.0118848 secs using 1432% CPU
Creating fast initial parsimony tree by random order stepwise addition...
3.881 seconds, parsimony score: 330 (based on 158 sites)
Generating 1000 samples for ultrafast bootstrap (seed: 240660)...

NOTE: 33 MB RAM (0 GB) is required!
WARNING: Number of threads seems too high for short alignments. Use -T AUTO to determine best number of threads.
Estimate model parameters (epsilon = 0.100)
1. Initial log-likelihood: -4626.338
2. Current log-likelihood: -4596.639
Optimal log-likelihood: -4596.610
Gamma shape alpha: 0.284
Parameters optimization took 2 rounds (0.222 sec)
Wrote distance file to... 
Computing ML distances based on estimated model parameters...
Calculating distance matrix: done in 0.583946 secs using 1593% CPU
Computing ML distances took 0.584280 sec (of wall-clock time) 9.302400 sec (of CPU time)
Setting up auxiliary I and S matrices: done in 0.0011461 secs using 260.5% CPU
Constructing RapidNJ tree: done in 0.469055 secs using 65.04% CPU
Computing RapidNJ tree took 0.470307 sec (of wall-clock time) 0.308137 sec (of CPU time)
Log-likelihood of RapidNJ tree: -4585.517
--------------------------------------------------------------------
|             INITIALIZING CANDIDATE TREE SET                      |
--------------------------------------------------------------------
Generating 98 parsimony trees... 0.960 second
Computing log-likelihood of 98 initial trees ... 3.588 seconds
Current best score: -4585.517

Do NNI search on 20 best initial trees
Optimizing NNI: done in 1.29083 secs using 1592% CPU
Estimate model parameters (epsilon = 0.100)
BETTER TREE FOUND at iteration 1: -4571.772
Optimizing NNI: done in 1.72292 secs using 1590% CPU
Optimizing NNI: done in 1.67291 secs using 1592% CPU
Optimizing NNI: done in 0.790874 secs using 1592% CPU
Optimizing NNI: done in 0.817455 secs using 1591% CPU
Optimizing NNI: done in 1.26227 secs using 1591% CPU
Optimizing NNI: done in 1.08752 secs using 1592% CPU
Optimizing NNI: done in 1.88794 secs using 1592% CPU
Optimizing NNI: done in 0.850799 secs using 1592% CPU
Optimizing NNI: done in 1.10067 secs using 1592% CPU
Iteration 10 / LogL: -4593.417 / Time: 0h:0m:23s
Optimizing NNI: done in 1.22089 secs using 1592% CPU
Optimizing NNI: done in 0.808113 secs using 1592% CPU
Optimizing NNI: done in 0.818645 secs using 1593% CPU
Optimizing NNI: done in 1.43541 secs using 1592% CPU
Optimizing NNI: done in 0.767563 secs using 1590% CPU
Optimizing NNI: done in 1.58151 secs using 1592% CPU
Optimizing NNI: done in 0.839429 secs using 1593% CPU
Optimizing NNI: done in 0.788591 secs using 1592% CPU
Optimizing NNI: done in 0.805163 secs using 1592% CPU
Optimizing NNI: done in 0.825488 secs using 1592% CPU
Iteration 20 / LogL: -4596.903 / Time: 0h:0m:33s
Finish initializing candidate tree set (20)
Current best tree score: -4571.772 / CPU time: 27.119
Number of iterations: 20
--------------------------------------------------------------------
|               OPTIMIZING CANDIDATE TREE SET                      |
--------------------------------------------------------------------
Optimizing NNI: done in 1.18414 secs using 1592% CPU
Optimizing NNI: done in 1.25932 secs using 1590% CPU
Optimizing NNI: done in 1.36914 secs using 1591% CPU
Optimizing NNI: done in 1.67848 secs using 1591% CPU
Optimizing NNI: done in 1.23146 secs using 1591% CPU
Optimizing NNI: done in 1.08987 secs using 1592% CPU
Optimizing NNI: done in 1.12615 secs using 1592% CPU
Optimizing NNI: done in 1.52143 secs using 1591% CPU
Optimizing NNI: done in 1.16081 secs using 1593% CPU
Estimate model parameters (epsilon = 0.100)
BETTER TREE FOUND at iteration 29: -4571.628
Optimizing NNI: done in 1.23796 secs using 1592% CPU
Iteration 30 / LogL: -4576.748 / Time: 0h:0m:46s (0h:2m:24s left)
Optimizing NNI: done in 1.58619 secs using 1593% CPU
Optimizing NNI: done in 1.60402 secs using 1591% CPU
Optimizing NNI: done in 1.42108 secs using 1591% CPU
Optimizing NNI: done in 1.12064 secs using 1592% CPU
Optimizing NNI: done in 1.72799 secs using 1592% CPU
Optimizing NNI: done in 1.59439 secs using 1591% CPU
Optimizing NNI: done in 1.529 secs using 1592% CPU
Optimizing NNI: done in 1.7951 secs using 1592% CPU
Estimate model parameters (epsilon = 0.100)
BETTER TREE FOUND at iteration 38: -4570.930
Optimizing NNI: done in 0.948544 secs using 1590% CPU
Optimizing NNI: done in 1.11508 secs using 1592% CPU
Iteration 40 / LogL: -4589.298 / Time: 0h:1m:0s (0h:2m:23s left)
Optimizing NNI: done in 1.58074 secs using 1592% CPU
Optimizing NNI: done in 1.32598 secs using 1591% CPU
Optimizing NNI: done in 1.25222 secs using 1592% CPU
Optimizing NNI: done in 1.57942 secs using 1591% CPU
Optimizing NNI: done in 1.53513 secs using 1591% CPU
Optimizing NNI: done in 1.23903 secs using 1591% CPU
Optimizing NNI: done in 1.57577 secs using 1592% CPU
Optimizing NNI: done in 1.26479 secs using 1592% CPU
Optimizing NNI: done in 1.15149 secs using 1591% CPU
Optimizing NNI: done in 1.54292 secs using 1592% CPU
Iteration 50 / LogL: -4577.733 / Time: 0h:1m:15s (0h:2m:7s left)
Log-likelihood cutoff on original alignment: -4622.876
Optimizing NNI: done in 1.57387 secs using 1591% CPU
Optimizing NNI: done in 1.55786 secs using 1592% CPU
Optimizing NNI: done in 1.48778 secs using 1591% CPU
Optimizing NNI: done in 1.57456 secs using 1592% CPU
Optimizing NNI: done in 1.13309 secs using 1591% CPU
Optimizing NNI: done in 1.42451 secs using 1592% CPU
BETTER TREE FOUND at iteration 56: -4570.930
Optimizing NNI: done in 1.46854 secs using 1592% CPU
Optimizing NNI: done in 1.14542 secs using 1591% CPU
Optimizing NNI: done in 1.50749 secs using 1591% CPU
Optimizing NNI: done in 1.72945 secs using 1592% CPU
Iteration 60 / LogL: -4572.453 / Time: 0h:1m:30s (0h:2m:21s left)
Optimizing NNI: done in 1.39249 secs using 1592% CPU
Optimizing NNI: done in 1.32917 secs using 1591% CPU
Optimizing NNI: done in 1.53813 secs using 1591% CPU
BETTER TREE FOUND at iteration 63: -4570.926
Optimizing NNI: done in 1.41164 secs using 1591% CPU
Optimizing NNI: done in 1.61606 secs using 1591% CPU
Optimizing NNI: done in 1.8227 secs using 1592% CPU
Optimizing NNI: done in 1.2762 secs using 1592% CPU
Optimizing NNI: done in 1.23787 secs using 1592% CPU
Optimizing NNI: done in 1.62955 secs using 1591% CPU
Optimizing NNI: done in 1.40172 secs using 1592% CPU
Iteration 70 / LogL: -4575.242 / Time: 0h:1m:45s (0h:2m:17s left)
Optimizing NNI: done in 1.89704 secs using 1592% CPU
Estimate model parameters (epsilon = 0.100)
BETTER TREE FOUND at iteration 71: -4570.326
Optimizing NNI: done in 1.77226 secs using 1591% CPU
Optimizing NNI: done in 1.3091 secs using 1592% CPU
Optimizing NNI: done in 1.39312 secs using 1591% CPU
Optimizing NNI: done in 1.18968 secs using 1591% CPU
Optimizing NNI: done in 1.45608 secs using 1591% CPU
Optimizing NNI: done in 1.34685 secs using 1591% CPU
Optimizing NNI: done in 1.41091 secs using 1591% CPU
Optimizing NNI: done in 1.48928 secs using 1591% CPU
Optimizing NNI: done in 1.54657 secs using 1592% CPU
Iteration 80 / LogL: -4574.755 / Time: 0h:2m:1s (0h:2m:14s left)
Optimizing NNI: done in 1.55117 secs using 1592% CPU
Optimizing NNI: done in 1.4283 secs using 1591% CPU
Estimate model parameters (epsilon = 0.100)
BETTER TREE FOUND at iteration 82: -4570.306
Optimizing NNI: done in 1.59289 secs using 1592% CPU
Optimizing NNI: done in 1.15915 secs using 1593% CPU
Optimizing NNI: done in 1.2468 secs using 1590% CPU
Optimizing NNI: done in 1.93445 secs using 1591% CPU
Optimizing NNI: done in 0.976366 secs using 1593% CPU
Optimizing NNI: done in 1.11834 secs using 1591% CPU
Optimizing NNI: done in 1.17174 secs using 1591% CPU
Optimizing NNI: done in 1.37018 secs using 1591% CPU
Iteration 90 / LogL: -4571.430 / Time: 0h:2m:15s (0h:2m:15s left)
Optimizing NNI: done in 1.21726 secs using 1593% CPU
Optimizing NNI: done in 1.09921 secs using 1591% CPU
Optimizing NNI: done in 1.23936 secs using 1591% CPU
Optimizing NNI: done in 1.31457 secs using 1591% CPU
Optimizing NNI: done in 1.34086 secs using 1592% CPU
Optimizing NNI: done in 1.18165 secs using 1592% CPU
Optimizing NNI: done in 1.3056 secs using 1590% CPU
Optimizing NNI: done in 1.48378 secs using 1591% CPU
Optimizing NNI: done in 2.09072 secs using 1592% CPU
Optimizing NNI: done in 1.41584 secs using 1591% CPU
Iteration 100 / LogL: -4582.184 / Time: 0h:2m:29s (0h:2m:0s left)
Log-likelihood cutoff on original alignment: -4622.876
NOTE: Bootstrap correlation coefficient of split occurrence frequencies: 0.988
NOTE: UFBoot does not converge, continue at least 100 more iterations
Optimizing NNI: done in 1.51825 secs using 1591% CPU
Optimizing NNI: done in 0.992438 secs using 1592% CPU
Optimizing NNI: done in 1.43333 secs using 1592% CPU
Optimizing NNI: done in 1.24155 secs using 1592% CPU
Optimizing NNI: done in 1.4151 secs using 1591% CPU
Optimizing NNI: done in 1.49798 secs using 1592% CPU
Optimizing NNI: done in 1.22021 secs using 1591% CPU
Optimizing NNI: done in 1.36718 secs using 1592% CPU
Optimizing NNI: done in 1.69836 secs using 1592% CPU
Optimizing NNI: done in 1.41222 secs using 1591% CPU
Iteration 110 / LogL: -4582.867 / Time: 0h:2m:44s (0h:2m:12s left)
Optimizing NNI: done in 1.41884 secs using 1591% CPU
BETTER TREE FOUND at iteration 111: -4570.305
Optimizing NNI: done in 1.49001 secs using 1592% CPU
Optimizing NNI: done in 1.4147 secs using 1592% CPU
Optimizing NNI: done in 1.12329 secs using 1593% CPU
Optimizing NNI: done in 1.00173 secs using 1592% CPU
Optimizing NNI: done in 1.49437 secs using 1592% CPU
Optimizing NNI: done in 1.1912 secs using 1591% CPU
Optimizing NNI: done in 1.44593 secs using 1592% CPU
Optimizing NNI: done in 1.3354 secs using 1592% CPU
Optimizing NNI: done in 1.65698 secs using 1592% CPU
Iteration 120 / LogL: -4570.841 / Time: 0h:2m:58s (0h:2m:13s left)
Optimizing NNI: done in 1.43537 secs using 1592% CPU
Optimizing NNI: done in 1.44567 secs using 1591% CPU
Optimizing NNI: done in 1.37671 secs using 1590% CPU
Optimizing NNI: done in 1.58968 secs using 1591% CPU
Optimizing NNI: done in 1.60954 secs using 1592% CPU
Optimizing NNI: done in 1.16235 secs using 1591% CPU
Optimizing NNI: done in 1.39734 secs using 1591% CPU
Optimizing NNI: done in 1.63985 secs using 1592% CPU
Optimizing NNI: done in 1.56672 secs using 1591% CPU
Optimizing NNI: done in 1.2482 secs using 1592% CPU
Iteration 130 / LogL: -4578.921 / Time: 0h:3m:13s (0h:1m:59s left)
Optimizing NNI: done in 1.19091 secs using 1591% CPU
Optimizing NNI: done in 1.18008 secs using 1592% CPU
Optimizing NNI: done in 1.66017 secs using 1591% CPU
Optimizing NNI: done in 1.28295 secs using 1591% CPU
Optimizing NNI: done in 1.46204 secs using 1592% CPU
Optimizing NNI: done in 1.61347 secs using 1591% CPU
Optimizing NNI: done in 1.07202 secs using 1590% CPU
Optimizing NNI: done in 1.42476 secs using 1590% CPU
Optimizing NNI: done in 1.38647 secs using 1590% CPU
Optimizing NNI: done in 1.24976 secs using 1591% CPU
Iteration 140 / LogL: -4570.305 / Time: 0h:3m:27s (0h:1m:44s left)
Optimizing NNI: done in 1.67501 secs using 1591% CPU
Optimizing NNI: done in 1.31794 secs using 1591% CPU
Optimizing NNI: done in 1.16545 secs using 1592% CPU
Optimizing NNI: done in 1.33737 secs using 1590% CPU
Optimizing NNI: done in 1.83797 secs using 1591% CPU
Optimizing NNI: done in 1.50261 secs using 1592% CPU
Optimizing NNI: done in 1.33167 secs using 1592% CPU
Optimizing NNI: done in 1.72347 secs using 1592% CPU
Optimizing NNI: done in 1.43781 secs using 1591% CPU
Optimizing NNI: done in 1.46417 secs using 1591% CPU
Iteration 150 / LogL: -4586.180 / Time: 0h:3m:43s (0h:1m:29s left)
Log-likelihood cutoff on original alignment: -4622.876
Optimizing NNI: done in 1.41208 secs using 1591% CPU
Optimizing NNI: done in 1.40144 secs using 1592% CPU
Optimizing NNI: done in 1.13726 secs using 1589% CPU
Optimizing NNI: done in 1.16118 secs using 1590% CPU
Optimizing NNI: done in 1.52079 secs using 1591% CPU
Optimizing NNI: done in 1.24043 secs using 1592% CPU
Optimizing NNI: done in 1.38629 secs using 1591% CPU
Optimizing NNI: done in 1.56831 secs using 1591% CPU
Optimizing NNI: done in 1.49476 secs using 1592% CPU
Optimizing NNI: done in 1.40051 secs using 1590% CPU
Iteration 160 / LogL: -4575.750 / Time: 0h:3m:58s (0h:1m:15s left)
Optimizing NNI: done in 1.37714 secs using 1591% CPU
Optimizing NNI: done in 1.43928 secs using 1590% CPU
Optimizing NNI: done in 1.236 secs using 1591% CPU
Optimizing NNI: done in 1.55419 secs using 1591% CPU
Optimizing NNI: done in 1.36329 secs using 1591% CPU
Optimizing NNI: done in 2.43826 secs using 1591% CPU
Optimizing NNI: done in 1.09368 secs using 1592% CPU
Optimizing NNI: done in 1.34704 secs using 1590% CPU
Optimizing NNI: done in 1.38698 secs using 1590% CPU
Optimizing NNI: done in 1.23124 secs using 1592% CPU
Iteration 170 / LogL: -4572.793 / Time: 0h:4m:14s (0h:1m:0s left)
Optimizing NNI: done in 1.17982 secs using 1590% CPU
Optimizing NNI: done in 1.21567 secs using 1590% CPU
Optimizing NNI: done in 1.18537 secs using 1592% CPU
Optimizing NNI: done in 0.918578 secs using 1592% CPU
Optimizing NNI: done in 1.39306 secs using 1591% CPU
Optimizing NNI: done in 1.42108 secs using 1591% CPU
Optimizing NNI: done in 1.32513 secs using 1589% CPU
Optimizing NNI: done in 1.12277 secs using 1591% CPU
Optimizing NNI: done in 1.00662 secs using 1591% CPU
Optimizing NNI: done in 1.26215 secs using 1592% CPU
Iteration 180 / LogL: -4578.795 / Time: 0h:4m:27s (0h:0m:45s left)
Optimizing NNI: done in 1.24773 secs using 1590% CPU
Optimizing NNI: done in 1.2147 secs using 1592% CPU
Optimizing NNI: done in 1.13546 secs using 1592% CPU
Optimizing NNI: done in 1.58606 secs using 1591% CPU
Optimizing NNI: done in 1.43816 secs using 1590% CPU
Optimizing NNI: done in 1.44509 secs using 1591% CPU
Optimizing NNI: done in 1.78635 secs using 1591% CPU
Optimizing NNI: done in 1.39588 secs using 1591% CPU
Optimizing NNI: done in 1.75386 secs using 1591% CPU
Optimizing NNI: done in 1.50902 secs using 1591% CPU
Iteration 190 / LogL: -4591.260 / Time: 0h:4m:42s (0h:0m:31s left)
Optimizing NNI: done in 1.61576 secs using 1592% CPU
Optimizing NNI: done in 1.35521 secs using 1591% CPU
Optimizing NNI: done in 1.87238 secs using 1592% CPU
Optimizing NNI: done in 1.42334 secs using 1591% CPU
Optimizing NNI: done in 1.65424 secs using 1591% CPU
Optimizing NNI: done in 1.26883 secs using 1591% CPU
Optimizing NNI: done in 1.44213 secs using 1592% CPU
Optimizing NNI: done in 1.80819 secs using 1591% CPU
Optimizing NNI: done in 1.61873 secs using 1591% CPU
Optimizing NNI: done in 1.58374 secs using 1591% CPU
Iteration 200 / LogL: -4578.797 / Time: 0h:4m:59s (0h:0m:16s left)
Log-likelihood cutoff on original alignment: -4622.876
NOTE: Bootstrap correlation coefficient of split occurrence frequencies: 1.000
Optimizing NNI: done in 1.34066 secs using 1591% CPU
Optimizing NNI: done in 1.39466 secs using 1591% CPU
Optimizing NNI: done in 1.5273 secs using 1591% CPU
Optimizing NNI: done in 1.14418 secs using 1591% CPU
Optimizing NNI: done in 1.54303 secs using 1591% CPU
Optimizing NNI: done in 1.4751 secs using 1591% CPU
Optimizing NNI: done in 1.64869 secs using 1590% CPU
Optimizing NNI: done in 1.40005 secs using 1591% CPU
Optimizing NNI: done in 1.16789 secs using 1591% CPU
Optimizing NNI: done in 1.62875 secs using 1590% CPU
Iteration 210 / LogL: -4570.308 / Time: 0h:5m:15s (0h:2m:14s left)
Optimizing NNI: done in 1.53586 secs using 1591% CPU
Optimizing NNI: done in 1.42309 secs using 1591% CPU
TREE SEARCH COMPLETED AFTER 212 ITERATIONS / Time: 0h:5m:19s

--------------------------------------------------------------------
|                    FINALIZING TREE SEARCH                        |
--------------------------------------------------------------------
Performs final model parameters optimization
Estimate model parameters (epsilon = 0.010)
1. Initial log-likelihood: -4570.305
Optimal log-likelihood: -4570.305
Gamma shape alpha: 0.284
Parameters optimization took 1 rounds (0.071 sec)
BEST SCORE FOUND : -4570.305
Creating bootstrap support values...
Split supports printed to NEXUS file results/per_year_unclustered/VicB/trees/VicB_2022.splits.nex
Total tree length: 0.625

Total number of iterations: 212
CPU time used for tree search: 4776.369 sec (1h:19m:36s)
Wall-clock time used for tree search: 313.186 sec (0h:5m:13s)
Total CPU time used: 4861.513 sec (1h:21m:1s)
Total wall-clock time used: 319.920 sec (0h:5m:19s)

Computing bootstrap consensus tree...
Reading input file results/per_year_unclustered/VicB/trees/VicB_2022.splits.nex...
256 taxa and 10070 splits.
Consensus tree written to results/per_year_unclustered/VicB/trees/VicB_2022.contree
Reading input trees file results/per_year_unclustered/VicB/trees/VicB_2022.contree
Log-likelihood of consensus tree: -4573.876

Analysis results written to: 
  IQ-TREE report:                results/per_year_unclustered/VicB/trees/VicB_2022.iqtree
  Maximum-likelihood tree:       results/per_year_unclustered/VicB/trees/VicB_2022.treefile
  Likelihood distances:          results/per_year_unclustered/VicB/trees/VicB_2022.mldist

Ultrafast bootstrap approximation results written to:
  Split support values:          results/per_year_unclustered/VicB/trees/VicB_2022.splits.nex
  Consensus tree:                results/per_year_unclustered/VicB/trees/VicB_2022.contree
  Screen log file:               results/per_year_unclustered/VicB/trees/VicB_2022.log

Date and Time: Fri Nov 21 12:42:00 2025
