IQ-TREE version 3.0.1 for Linux x86 64-bit built Jul  9 2025
Developed by Bui Quang Minh, Thomas Wong, Nhan Ly-Trong, Huaiyan Ren
Contributed by Lam-Tung Nguyen, Dominik Schrempf, Chris Bielow,
Olga Chernomor, Michael Woodhams, Diep Thi Hoang, Heiko Schmidt

Host:    rtis-hpc-r01.uod.otago.ac.nz (AVX2, FMA3, 1007 GB RAM)
Command: iqtree -s results/per_year_unclustered/VicB/alignments/VicB_2015_aligned.fasta -m LG+G4 -te results/per_year_unclustered/VicB/trees/VicB_2015.treefile -asr -pre results/per_year_unclustered/VicB/trees/VicB_2015_asr -redo -quiet
Seed:    422236 (Using SPRNG - Scalable Parallel Random Number Generator)
Time:    Sat Nov 22 10:37:03 2025
Kernel:  AVX+FMA - 1 threads (8 CPU cores detected)

HINT: Use -nt option to specify number of threads because your CPU has 8 cores!
HINT: -nt AUTO will automatically determine the best number of threads to use.

Reading alignment file results/per_year_unclustered/VicB/alignments/VicB_2015_aligned.fasta ... Fasta format detected
Reading fasta file: done in 0.000660798 secs using 34.2% CPU
Alignment most likely contains protein sequences
Constructing alignment: done in 0.000340919 secs using 99.73% CPU
Alignment has 73 sequences with 585 columns, 100 distinct patterns
28 parsimony-informative, 54 singleton sites, 503 constant sites
                                                            Gap/Ambiguity  Composition  p-value
Analyzing sequences: done in 1.52392e-05 secs using 98.43% CPU
   1  EPI809657|HA|B/KANAGAWA/14/2015|EPI_ISL_229795|B              0.00%    passed    100.00%
   2  EPI825539|HA|B/Vietnam/5258/2015|EPI_ISL_232207|B             0.00%    passed    100.00%
   3  EPI676511|HA|B/GIFU/3/2015|EPI_ISL_202792|B                   0.00%    passed    100.00%
   4  EPI679857|HA|B/WAKAYAMA-C/69/2015|EPI_ISL_203515|B            0.00%    passed    100.00%
   5  EPI679855|HA|B/WAKAYAMA-C/68/2015|EPI_ISL_203514|B            0.00%    passed    100.00%
   6  EPI693110|HA|B/Bangladesh/11005/2015|EPI_ISL_206954|B         0.00%    passed    100.00%
   7  EPI693322|HA|B/Taiwan/341/2015|EPI_ISL_206982|B               0.00%    passed    100.00%
   8  EPI697300|HA|B/Beijing-Xicheng/12806/2015|EPI_ISL_207762|B    0.00%    passed    100.00%
   9  EPI697297|HA|B/Beijing-Huairou/12305/2015|EPI_ISL_207761|B    0.00%    passed    100.00%
  10  EPI706753|HA|B/Taiwan/362/2015|EPI_ISL_210381|B               0.00%    passed    100.00%
  11  EPI708669|HA|B/Bangladesh/11002/2015|EPI_ISL_211586|B         0.00%    passed    100.00%
  12  EPI713195|HA|B/SENDAI/13/2015|EPI_ISL_212550|B                0.00%    passed    100.00%
  13  EPI713703|HA|B/Henan-Zhaoling/1617/2015|EPI_ISL_212688|B      0.00%    passed    100.00%
  14  EPI717842|HA|B/Singapore/GP507/2015|EPI_ISL_213610|B          0.00%    passed    100.00%
  15  EPI717840|HA|B/Singapore/GP488/2015|EPI_ISL_213609|B          0.00%    passed    100.00%
  16  EPI718056|HA|B/Singapore/KK830/2015|EPI_ISL_213669|B          0.00%    passed    100.00%
  17  EPI718062|HA|B/Singapore/KK858/2015|EPI_ISL_213672|B          0.00%    passed    100.00%
  18  EPI718082|HA|B/Singapore/KK888/2015|EPI_ISL_213682|B          0.00%    passed    100.00%
  19  EPI718114|HA|B/Singapore/EN787/2015|EPI_ISL_213698|B          0.00%    passed    100.00%
  20  EPI718138|HA|B/Singapore/GP2106/2015|EPI_ISL_213710|B         0.00%    passed    100.00%
  21  EPI731424|HA|B/Oman/6335/2015|EPI_ISL_215952|B                0.00%    passed    100.00%
  22  EPI737913|HA|B/Bangladesh/11007/2015|EPI_ISL_217553|B         0.00%    passed    100.00%
  23  EPI738143|HA|B/Bahrain/921/2015|EPI_ISL_217582|B              0.00%    passed    100.00%
  24  EPI753805|HA|B/Cambodia/1287/2015|EPI_ISL_220591|B            0.00%    passed    100.00%
  25  EPI630562|HA|B/Hong_Kong/1337/2015|EPI_ISL_193083|B           0.00%    passed    100.00%
  26  EPI632763|HA|B/Hong_Kong/1372/2015|EPI_ISL_193649|B           0.00%    passed    100.00%
  27  EPI638832|HA|B/TOKYO/50143/2015|EPI_ISL_194915|B              0.00%    passed    100.00%
  28  EPI638828|HA|B/Taiwan/113/2015|EPI_ISL_194913|B               0.00%    passed    100.00%
  29  EPI808361|HA|B/Florida/79/2015|EPI_ISL_229438|B               0.00%    passed    100.00%
  30  EPI662244|HA|B/Hawaii/27/2015|EPI_ISL_199487|B                0.00%    passed    100.00%
  31  EPI672044|HA|B/Kentucky/24/2015|EPI_ISL_201592|B              0.00%    passed    100.00%
  32  EPI686448|HA|B/Kentucky/29/2015|EPI_ISL_205691|B              0.00%    passed    100.00%
  33  EPI686432|HA|B/Kentucky/27/2015|EPI_ISL_205689|B              0.00%    passed    100.00%
  34  EPI569214|HA|B/Wisconsin/01/2015|EPI_ISL_173838|B             0.00%    passed    100.00%
  35  EPI694922|HA|B/Florida/84/2015|EPI_ISL_207235|B               0.00%    passed    100.00%
  36  EPI700926|HA|B/Florida/86/2015|EPI_ISL_208504|B               0.00%    passed    100.00%
  37  EPI582621|HA|B/Texas/14/2015|EPI_ISL_177189|B                 0.00%    passed    100.00%
  38  EPI582701|HA|B/Illinois/03/2015|EPI_ISL_177201|B              0.00%    passed    100.00%
  39  EPI586833|HA|B/Rhode_Island/01/2015|EPI_ISL_178139|B          0.00%    passed    100.00%
  40  EPI586902|HA|B/Arkansas/13/2015|EPI_ISL_178148|B              0.00%    passed    100.00%
  41  EPI586978|HA|B/Utah/11/2015|EPI_ISL_178158|B                  0.00%    passed    100.00%
  42  EPI587066|HA|B/Pennsylvania/02/2015|EPI_ISL_178169|B          0.00%    passed    100.00%
  43  EPI587090|HA|B/Pennsylvania/03/2015|EPI_ISL_178172|B          0.00%    passed    100.00%
  44  EPI587266|HA|B/Texas/19/2015|EPI_ISL_178195|B                 0.00%    passed    100.00%
  45  EPI587407|HA|B/Wyoming/07/2015|EPI_ISL_178215|B               0.00%    passed    100.00%
  46  EPI592763|HA|B/Louisiana/20/2015|EPI_ISL_180334|B             0.00%    passed    100.00%
  47  EPI592761|HA|B/Louisiana/16/2015|EPI_ISL_180333|B             0.00%    passed    100.00%
  48  EPI592842|HA|B/Rhode_Island/07/2015|EPI_ISL_180348|B          0.00%    passed    100.00%
  49  EPI602964|HA|B/Louisiana/13/2015|EPI_ISL_182670|B             0.00%    passed    100.00%
  50  EPI602972|HA|B/Oklahoma/05/2015|EPI_ISL_182671|B              0.00%    passed    100.00%
  51  EPI603436|HA|B/Texas/28/2015|EPI_ISL_182730|B                 0.00%    passed    100.00%
  52  EPI603545|HA|B/Georgia/07/2015|EPI_ISL_182744|B               0.00%    passed    100.00%
  53  EPI614660|HA|B/Nevada/16/2015|EPI_ISL_189826|B                0.00%    passed    100.00%
  54  EPI625831|HA|B/Missouri/01/2015|EPI_ISL_192091|B              0.00%    passed    100.00%
  55  EPI630848|HA|B/Maryland/14/2015|EPI_ISL_193220|B              0.00%    passed    100.00%
  56  EPI630916|HA|B/Arizona/06/2015|EPI_ISL_193229|B               0.00%    passed    100.00%
  57  EPI630940|HA|B/Alaska/19/2015|EPI_ISL_193232|B                0.00%    passed    100.00%
  58  EPI631228|HA|B/Connecticut/50/2015|EPI_ISL_193273|B           0.00%    passed    100.00%
  59  EPI642670|HA|B/Hawaii/14/2015|EPI_ISL_195676|B                0.00%    passed    100.00%
  60  EPI648868|HA|B/Canberra/27/2015|EPI_ISL_197393|B              0.00%    passed    100.00%
  61  EPI956372|HA|B/South_Australia/48/2015|EPI_ISL_255434|B       0.00%    passed    100.00%
  62  EPI704133|HA|B/Sydney/256/2015|EPI_ISL_209059|B               0.00%    passed    100.00%
  63  EPI704202|HA|B/Darwin/97/2015|EPI_ISL_209084|B                0.00%    passed    100.00%
  64  EPI675663|HA|B/Sydney/137/2015|EPI_ISL_202492|B               0.00%    passed    100.00%
  65  EPI746430|HA|B/Victoria/849/2015|EPI_ISL_219044|B             0.00%    passed    100.00%
  66  EPI746466|HA|B/Victoria/502/2015|EPI_ISL_219057|B             0.00%    passed    100.00%
  67  EPI636369|HA|B/Brisbane/73/2015|EPI_ISL_194567|B              0.00%    passed    100.00%
  68  EPI636409|HA|B/Darwin/11/2015|EPI_ISL_194577|B                0.00%    passed    100.00%
  69  EPI636440|HA|B/New_Caledonia/21/2015|EPI_ISL_194583|B         0.00%    passed    100.00%
  70  EPI636488|HA|B/Perth/25/2015|EPI_ISL_194594|B                 0.00%    passed    100.00%
  71  EPI636549|HA|B/Sydney/11/2015|EPI_ISL_194606|B                0.00%    passed    100.00%
  72  EPI2187217|HA|B/Brisbane/287/2015|EPI_ISL_15146478|B          0.00%    passed    100.00%
  73  EPI2187233|HA|B/Darwin/11/2015|EPI_ISL_15146486|B             0.00%    passed    100.00%
****  TOTAL                                                         0.00%  0 sequences failed composition chi2 test (p-value<5%; df=19)
Reading input tree file results/per_year_unclustered/VicB/trees/VicB_2015.treefile ...

NOTE: 5 MB RAM (0 GB) is required!
Estimate model parameters (epsilon = 0.010)
1. Initial log-likelihood: -2670.265
2. Current log-likelihood: -2666.598
Optimal log-likelihood: -2666.595
Gamma shape alpha: 0.267
Parameters optimization took 2 rounds (0.190 sec)
Wrote distance file to... 
BEST SCORE FOUND : -2666.595
Ancestral state probabilities printed to results/per_year_unclustered/VicB/trees/VicB_2015_asr.state
Total tree length: 0.184

Total number of iterations: 0
CPU time used for tree search: 0.000 sec (0h:0m:0s)
Wall-clock time used for tree search: 0.000 sec (0h:0m:0s)
Total CPU time used: 0.449 sec (0h:0m:0s)
Total wall-clock time used: 0.558 sec (0h:0m:0s)

Analysis results written to: 
  IQ-TREE report:                results/per_year_unclustered/VicB/trees/VicB_2015_asr.iqtree
  Maximum-likelihood tree:       results/per_year_unclustered/VicB/trees/VicB_2015_asr.treefile
  Ancestral state:               results/per_year_unclustered/VicB/trees/VicB_2015_asr.state
  Screen log file:               results/per_year_unclustered/VicB/trees/VicB_2015_asr.log

Date and Time: Sat Nov 22 10:37:04 2025
