IQ-TREE version 3.0.1 for Linux x86 64-bit built Jul  9 2025
Developed by Bui Quang Minh, Thomas Wong, Nhan Ly-Trong, Huaiyan Ren
Contributed by Lam-Tung Nguyen, Dominik Schrempf, Chris Bielow,
Olga Chernomor, Michael Woodhams, Diep Thi Hoang, Heiko Schmidt

Host:    rtis-hpc-r05.uod.otago.ac.nz (AVX2, FMA3, 1006 GB RAM)
Command: iqtree -s results/per_year_unclustered/VicB/alignments/VicB_2009_aligned.fasta -m LG+G4 -te results/per_year_unclustered/VicB/trees/VicB_2009.treefile -asr -pre results/per_year_unclustered/VicB/trees/VicB_2009_asr -redo -quiet
Seed:    821488 (Using SPRNG - Scalable Parallel Random Number Generator)
Time:    Sat Nov 22 10:24:34 2025
Kernel:  AVX+FMA - 1 threads (8 CPU cores detected)

HINT: Use -nt option to specify number of threads because your CPU has 8 cores!
HINT: -nt AUTO will automatically determine the best number of threads to use.

Reading alignment file results/per_year_unclustered/VicB/alignments/VicB_2009_aligned.fasta ... Fasta format detected
Reading fasta file: done in 0.00109733 secs using 12.48% CPU
Alignment most likely contains protein sequences
Constructing alignment: done in 0.000288351 secs using 24.97% CPU
Alignment has 65 sequences with 585 columns, 79 distinct patterns
21 parsimony-informative, 38 singleton sites, 526 constant sites
                                                         Gap/Ambiguity  Composition  p-value
Analyzing sequences: done in 9.93907e-06 secs using 20.12% CPU
   1  EPI187509|HA|B/Fujian-Siming/118/2009|EPI_ISL_33085|B      0.00%    passed    100.00%
   2  EPI187519|HA|B/Hong_Kong/120/2009|EPI_ISL_33090|B          0.00%    passed    100.00%
   3  EPI187523|HA|B/Hubei-Xiling/35/2009|EPI_ISL_33092|B        0.00%    passed    100.00%
   4  EPI187537|HA|B/Jiangsu-Gulou/125/2009|EPI_ISL_33099|B      0.00%    passed    100.00%
   5  EPI232691|HA|B/Cambodia/6535/2009|EPI_ISL_66635|B          0.00%    passed    100.00%
   6  EPI232694|HA|B/Cambodia/6535/2009|EPI_ISL_66636|B          0.00%    passed    100.00%
   7  EPI232831|HA|B/Vietnam/244/2009|EPI_ISL_66645|B            0.00%    passed    100.00%
   8  EPI233214|HA|B/Bangladesh/5945/2009|EPI_ISL_66811|B        0.00%    passed    100.00%
   9  EPI233211|HA|B/Bangladesh/3217/2009|EPI_ISL_66810|B        0.00%    passed    100.00%
  10  EPI193052|HA|B/Hunan-Yuhu/311/2009|EPI_ISL_34750|B         0.00%    passed    100.00%
  11  EPI193058|HA|B/Singapore/23/2009|EPI_ISL_34753|B           0.00%    passed    100.00%
  12  EPI193090|HA|B/Taiwan/33/2009|EPI_ISL_34769|B              0.00%    passed    100.00%
  13  EPI241199|HA|B/Taiwan/55/2009|EPI_ISL_69340|B              0.00%    passed    100.00%
  14  EPI241205|HA|B/Shanxi-Zuoquan/311/2009|EPI_ISL_69342|B     0.00%    passed    100.00%
  15  EPI241631|HA|B/Hong_Kong/230/2009|EPI_ISL_69715|B          0.00%    passed    100.00%
  16  EPI243627|HA|B/Hong_Kong/514/2009|EPI_ISL_70224|B          0.00%    passed    100.00%
  17  EPI247513|HA|B/Japan/3280/2009|EPI_ISL_71450|B             0.00%    passed    100.00%
  18  EPI269877|HA|B/Malaysia/5693/2009|EPI_ISL_76594|B          0.00%    passed    100.00%
  19  EPI269883|HA|B/Philippines/6075/2009|EPI_ISL_76597|B       0.00%    passed    100.00%
  20  EPI1399058|HA|B/Taiwan/3949/2009|EPI_ISL_348539|B          0.00%    passed    100.00%
  21  EPI210294|HA|B/SINGAPORE/15/2009|EPI_ISL_60160|B           0.00%    passed    100.00%
  22  EPI210295|HA|B/SINGAPORE/21/2009|EPI_ISL_60161|B           0.00%    passed    100.00%
  23  EPI210296|HA|B/SURAT_THANI/73/2009|EPI_ISL_60162|B         0.00%    passed    100.00%
  24  EPI210297|HA|B/PHILIPPINES/8/2009|EPI_ISL_60163|B          0.00%    passed    100.00%
  25  EPI210298|HA|B/PHILIPPINES/9/2009|EPI_ISL_60164|B          0.00%    passed    100.00%
  26  EPI211393|HA|B/Hong_Kong/230/2009|EPI_ISL_60782|B          0.00%    passed    100.00%
  27  EPI211395|HA|B/Hubei-Jiangan/1183/2009|EPI_ISL_60783|B     0.00%    passed    100.00%
  28  EPI211755|HA|B/Cambodia/3/2009|EPI_ISL_60933|B             0.00%    passed    100.00%
  29  EPI215498|HA|B/Bangladesh/9751/2009|EPI_ISL_61855|B        0.00%    passed    100.00%
  30  EPI228260|HA|B/CHANTHABURI/329/2009|EPI_ISL_65131|B        0.00%    passed    100.00%
  31  EPI228262|HA|B/NONG_KHAI/332/2009|EPI_ISL_65132|B          0.00%    passed    100.00%
  32  EPI187505|HA|B/Florida/03/2009|EPI_ISL_33083|B             0.00%    passed    100.00%
  33  EPI187507|HA|B/Florida/04/2009|EPI_ISL_33084|B             0.00%    passed    100.00%
  34  EPI187511|HA|B/Hawaii/02/2009|EPI_ISL_33086|B              0.00%    passed    100.00%
  35  EPI187515|HA|B/Hawaii/04/2009|EPI_ISL_33088|B              0.00%    passed    100.00%
  36  EPI187529|HA|B/Indiana/04/2009|EPI_ISL_33095|B             0.00%    passed    100.00%
  37  EPI187533|HA|B/Iowa/01/2009|EPI_ISL_33097|B                0.00%    passed    100.00%
  38  EPI187553|HA|B/Maryland/06/2009|EPI_ISL_33107|B            0.00%    passed    100.00%
  39  EPI187559|HA|B/Michigan/01/2009|EPI_ISL_33110|B            0.00%    passed    100.00%
  40  EPI187561|HA|B/Michigan/02/2009|EPI_ISL_33111|B            0.00%    passed    100.00%
  41  EPI187564|HA|B/Minnesota/03/2009|EPI_ISL_33113|B           0.00%    passed    100.00%
  42  EPI187579|HA|B/Montana/02/2009|EPI_ISL_33121|B             0.00%    passed    100.00%
  43  EPI187581|HA|B/Nevada/02/2009|EPI_ISL_33122|B              0.00%    passed    100.00%
  44  EPI187585|HA|B/New_York/01/2009|EPI_ISL_33124|B            0.00%    passed    100.00%
  45  EPI187602|HA|B/Tennessee/03/2009|EPI_ISL_33133|B           0.00%    passed    100.00%
  46  EPI187604|HA|B/Tennessee/04/2009|EPI_ISL_33134|B           0.00%    passed    100.00%
  47  EPI187611|HA|B/Texas/09/2009|EPI_ISL_33138|B               0.00%    passed    100.00%
  48  EPI187637|HA|B/Wisconsin/03/2009|EPI_ISL_33151|B           0.00%    passed    100.00%
  49  EPI187639|HA|B/Wisconsin/03/2009|EPI_ISL_33152|B           0.00%    passed    100.00%
  50  EPI187646|HA|B/Washington/03/2009|EPI_ISL_33155|B          0.00%    passed    100.00%
  51  EPI232768|HA|B/Michigan/01/2009|EPI_ISL_66639|B            0.00%    passed    100.00%
  52  EPI233219|HA|B/Massachusetts/03/2009|EPI_ISL_66813|B       0.00%    passed    100.00%
  53  EPI193068|HA|B/Alaska/01/2009|EPI_ISL_34758|B              0.00%    passed    100.00%
  54  EPI193072|HA|B/Washington/01/2009|EPI_ISL_34760|B          0.00%    passed    100.00%
  55  EPI241189|HA|B/Hawaii/10/2009|EPI_ISL_69336|B              0.00%    passed    100.00%
  56  EPI276096|HA|B/Oklahoma/WRAIR1587P/2009|EPI_ISL_78028|B    0.00%    passed    100.00%
  57  EPI211389|HA|B/Hawaii/08/2009|EPI_ISL_60780|B              0.00%    passed    100.00%
  58  EPI211391|HA|B/Hawaii/09/2009|EPI_ISL_60781|B              0.00%    passed    100.00%
  59  EPI176369|HA|B/Illinois/01/2009|EPI_ISL_29519|B            0.00%    passed    100.00%
  60  EPI176394|HA|B/Georgia/01/2009|EPI_ISL_29532|B             0.00%    passed    100.00%
  61  EPI176396|HA|B/New_Jersey/01/2009|EPI_ISL_29533|B          0.00%    passed    100.00%
  62  EPI176398|HA|B/Minnesota/01/2009|EPI_ISL_29534|B           0.00%    passed    100.00%
  63  EPI176412|HA|B/New_Hampshire/01/2009|EPI_ISL_29542|B       0.00%    passed    100.00%
  64  EPI176431|HA|B/Wisconsin/01/2009|EPI_ISL_29552|B           0.00%    passed    100.00%
  65  EPI186317|HA|B/Brisbane/1/2009|EPI_ISL_32492|B             0.00%    passed    100.00%
****  TOTAL                                                      0.00%  0 sequences failed composition chi2 test (p-value<5%; df=19)
Reading input tree file results/per_year_unclustered/VicB/trees/VicB_2009.treefile ...

NOTE: 4 MB RAM (0 GB) is required!
Estimate model parameters (epsilon = 0.010)
1. Initial log-likelihood: -2465.549
2. Current log-likelihood: -2452.792
Optimal log-likelihood: -2452.783
Gamma shape alpha: 0.020
Parameters optimization took 2 rounds (0.213 sec)
Wrote distance file to... 
BEST SCORE FOUND : -2452.783
Ancestral state probabilities printed to results/per_year_unclustered/VicB/trees/VicB_2009_asr.state
Total tree length: 0.157

Total number of iterations: 0
CPU time used for tree search: 0.000 sec (0h:0m:0s)
Wall-clock time used for tree search: 0.000 sec (0h:0m:0s)
Total CPU time used: 0.431 sec (0h:0m:0s)
Total wall-clock time used: 0.535 sec (0h:0m:0s)

Analysis results written to: 
  IQ-TREE report:                results/per_year_unclustered/VicB/trees/VicB_2009_asr.iqtree
  Maximum-likelihood tree:       results/per_year_unclustered/VicB/trees/VicB_2009_asr.treefile
  Ancestral state:               results/per_year_unclustered/VicB/trees/VicB_2009_asr.state
  Screen log file:               results/per_year_unclustered/VicB/trees/VicB_2009_asr.log

Date and Time: Sat Nov 22 10:24:35 2025
