IQ-TREE version 3.0.1 for Linux x86 64-bit built Jul  9 2025
Developed by Bui Quang Minh, Thomas Wong, Nhan Ly-Trong, Huaiyan Ren
Contributed by Lam-Tung Nguyen, Dominik Schrempf, Chris Bielow,
Olga Chernomor, Michael Woodhams, Diep Thi Hoang, Heiko Schmidt

Host:    rtis-hpc-r06.uod.otago.ac.nz (AVX2, FMA3, 1007 GB RAM)
Command: iqtree -s results/per_year_unclustered/VicB/alignments/VicB_2013_aligned.fasta -m LG+G4 -bb 1000 -nt 16 -pre results/per_year_unclustered/VicB/trees/VicB_2013 -redo -quiet
Seed:    656908 (Using SPRNG - Scalable Parallel Random Number Generator)
Time:    Fri Nov 21 09:29:53 2025
Kernel:  AVX+FMA - 16 threads (16 CPU cores detected)

Reading alignment file results/per_year_unclustered/VicB/alignments/VicB_2013_aligned.fasta ... Fasta format detected
Reading fasta file: done in 0.00069417 secs using 21.75% CPU
Alignment most likely contains protein sequences
Constructing alignment: done in 0.000445684 secs using 99.85% CPU
Alignment has 82 sequences with 585 columns, 104 distinct patterns
28 parsimony-informative, 57 singleton sites, 500 constant sites
                                                                Gap/Ambiguity  Composition  p-value
Analyzing sequences: done in 0.00616179 secs using 1488% CPU
   1  EPI431338|HA|B/Hong_Kong/6/2013|EPI_ISL_137206|B                  0.00%    passed    100.00%
   2  EPI431477|HA|B/SHIZUOKA/5/2013|EPI_ISL_137262|B                   0.00%    passed    100.00%
   3  EPI431475|HA|B/FUKUOKA-C/1/2013|EPI_ISL_137261|B                  0.00%    passed    100.00%
   4  EPI431489|HA|B/WAKAYAMA/32/2013|EPI_ISL_137268|B                  0.00%    passed    100.00%
   5  EPI433127|HA|B/Chiang_Rai/15/2013|EPI_ISL_137519|B                0.00%    passed    100.00%
   6  EPI2187250|HA|B/Macau/610434/2013|EPI_ISL_15146494|B              0.00%    passed    100.00%
   7  EPI2186906|HA|B/Hanoi/ELI13169/2013|EPI_ISL_15146343|B            0.00%    passed    100.00%
   8  EPI566791|HA|B/Vietnam/13V_B-4/2013|EPI_ISL_173057|B              0.00%    passed    100.00%
   9  EPI445774|HA|B/AICHI/2/2013|EPI_ISL_140294|B                      0.00%    passed    100.00%
  10  EPI566821|HA|B/Vietnam/13V_B-9/2013|EPI_ISL_173060|B              0.00%    passed    100.00%
  11  EPI873555|HA|B/Cambodia/X0117311/2013|EPI_ISL_240647|B            0.00%    passed    100.00%
  12  EPI873554|HA|B/Cambodia/X0117308/2013|EPI_ISL_240646|B            0.00%    passed    100.00%
  13  EPI873557|HA|B/Cambodia/X0314305/2013|EPI_ISL_240649|B            0.00%    passed    100.00%
  14  EPI460867|HA|B/SAPPORO/16/2013|EPI_ISL_143699|B                   0.00%    passed    100.00%
  15  EPI461910|HA|B/Kutaisi/384/2013|EPI_ISL_143987|B                  0.00%    passed    100.00%
  16  EPI461914|HA|B/Ozirgeti/542/2013|EPI_ISL_143989|B                 0.00%    passed    100.00%
  17  EPI461926|HA|B/Tbilisi/524/2013|EPI_ISL_143995|B                  0.00%    passed    100.00%
  18  EPI464807|HA|B/Laos/044/2013|EPI_ISL_144863|B                     0.00%    passed    100.00%
  19  EPI465227|HA|B/KUMAMOTO/24/2013|EPI_ISL_144999|B                  0.00%    passed    100.00%
  20  EPI465224|HA|B/SAPPORO/24/2013|EPI_ISL_144996|B                   0.00%    passed    100.00%
  21  EPI465231|HA|B/AICHI/55/2013|EPI_ISL_145003|B                     0.00%    passed    100.00%
  22  EPI465229|HA|B/ISHIKAWA/76/2013|EPI_ISL_145001|B                  0.00%    passed    100.00%
  23  EPI465900|HA|B/Phuket/151/2013|EPI_ISL_145275|B                   0.00%    passed    100.00%
  24  EPI465912|HA|B/Vietnam/3071/2013|EPI_ISL_145279|B                 0.00%    passed    100.00%
  25  EPI465924|HA|B/Vietnam/3072/2013|EPI_ISL_145283|B                 0.00%    passed    100.00%
  26  EPI465918|HA|B/Hong_Kong/74/2013|EPI_ISL_145281|B                 0.00%    passed    100.00%
  27  EPI466151|HA|B/MALAYSIA/18/2013|EPI_ISL_145334|B                  0.00%    passed    100.00%
  28  EPI467015|HA|B/Taiwan/12/2013|EPI_ISL_145553|B                    0.00%    passed    100.00%
  29  EPI468054|HA|B/Jordan/30266/2013|EPI_ISL_145978|B                 0.00%    passed    100.00%
  30  EPI468060|HA|B/Jordan/30306/2013|EPI_ISL_145981|B                 0.00%    passed    100.00%
  31  EPI468522|HA|B/Taiwan/13/2013|EPI_ISL_146084|B                    0.00%    passed    100.00%
  32  EPI477357|HA|B/Guangdong-Duanzhou/1160/2013|EPI_ISL_148706|B      0.00%    passed    100.00%
  33  EPI486449|HA|B/Jiangsu-Qingpu/1256/2013|EPI_ISL_150187|B          0.00%    passed    100.00%
  34  EPI486455|HA|B/Bangladesh/8010/2013|EPI_ISL_150189|B              0.00%    passed    100.00%
  35  EPI491356|HA|B/PHILIPPINES/10/2013|EPI_ISL_151535|B               0.00%    passed    100.00%
  36  EPI492589|HA|B/Hong_Kong/223/2013|EPI_ISL_151771|B                0.00%    passed    100.00%
  37  EPI492881|HA|B/TOTTORI/37/2013|EPI_ISL_151859|B                   0.00%    passed    100.00%
  38  EPI1399071|HA|B/Taiwan/80823/2013|EPI_ISL_348552|B                0.00%    passed    100.00%
  39  EPI497549|HA|B/SHIZUOKA/122/2013|EPI_ISL_152861|B                 0.00%    passed    100.00%
  40  EPI498303|HA|B/Indonesia/Nihrds-0242/2013|EPI_ISL_153135|B        0.00%    passed    100.00%
  41  EPI498305|HA|B/Indonesia/Nihrdi-Mks1003/2013|EPI_ISL_153136|B     0.00%    passed    100.00%
  42  EPI498325|HA|B/Indonesia/Nihrdi-Plk159/2013|EPI_ISL_153146|B      0.00%    passed    100.00%
  43  EPI498537|HA|B/Jiangsu-Chongchuan/12552/2013|EPI_ISL_153252|B     0.00%    passed    100.00%
  44  EPI498612|HA|B/Hunan-Lengshuitan/11179/2013|EPI_ISL_153277|B      0.00%    passed    100.00%
  45  EPI498741|HA|B/Guangdong-Xiangzhou/11050/2013|EPI_ISL_153320|B    0.00%    passed    100.00%
  46  EPI499258|HA|B/Vietnam/423/2013|EPI_ISL_153522|B                  0.00%    passed    100.00%
  47  EPI499261|HA|B/Vietnam/421/2013|EPI_ISL_153523|B                  0.00%    passed    100.00%
  48  EPI499252|HA|B/Indonesia/Nihrd-Mtr1658/2013|EPI_ISL_153520|B      0.00%    passed    100.00%
  49  EPI503594|HA|B/Taiwan/22/2013|EPI_ISL_154849|B                    0.00%    passed    100.00%
  50  EPI504612|HA|B/TOKYO/33418/2013|EPI_ISL_155583|B                  0.00%    passed    100.00%
  51  EPI507669|HA|B/Aichi/62/2013|EPI_ISL_156813|B                     0.00%    passed    100.00%
  52  EPI510069|HA|B/Gwangju/1701/2013|EPI_ISL_157836|B                 0.00%    passed    100.00%
  53  EPI510104|HA|B/Bangladesh/3006/2013|EPI_ISL_157848|B              0.00%    passed    100.00%
  54  EPI515570|HA|B/Bangladesh/1835/2013|EPI_ISL_158964|B              0.00%    passed    100.00%
  55  EPI439414|HA|B/Wisconsin/02/2013|EPI_ISL_138549|B                 0.00%    passed    100.00%
  56  EPI438946|HA|B/South_Dakota/01/2013|EPI_ISL_138557|B              0.00%    passed    100.00%
  57  EPI438975|HA|B/Nevada/05/2013|EPI_ISL_138567|B                    0.00%    passed    100.00%
  58  EPI442845|HA|B/New_Hampshire/03/2013|EPI_ISL_139543|B             0.00%    passed    100.00%
  59  EPI442854|HA|B/Montana/01/2013|EPI_ISL_139546|B                   0.00%    passed    100.00%
  60  EPI443755|HA|B/North_Dakota/02/2013|EPI_ISL_139931|B              0.00%    passed    100.00%
  61  EPI443764|HA|B/Wyoming/03/2013|EPI_ISL_139934|B                   0.00%    passed    100.00%
  62  EPI447116|HA|B/Texas/06/2013|EPI_ISL_140978|B                     0.00%    passed    100.00%
  63  EPI447122|HA|B/New_York/03/2013|EPI_ISL_140980|B                  0.00%    passed    100.00%
  64  EPI450575|HA|B/Wisconsin/03/2013|EPI_ISL_141619|B                 0.00%    passed    100.00%
  65  EPI457595|HA|B/Colorado/05/2013|EPI_ISL_142894|B                  0.00%    passed    100.00%
  66  EPI457592|HA|B/Georgia/07/2013|EPI_ISL_142893|B                   0.00%    passed    100.00%
  67  EPI459722|HA|B/California/05/2013|EPI_ISL_143231|B                0.00%    passed    100.00%
  68  EPI459726|HA|B/Nevada/09/2013|EPI_ISL_143232|B                    0.00%    passed    100.00%
  69  EPI462448|HA|B/Rhode_Island/01/2013|EPI_ISL_144245|B              0.00%    passed    100.00%
  70  EPI499220|HA|B/Florida/08/2013|EPI_ISL_153508|B                   0.00%    passed    100.00%
  71  EPI503552|HA|B/Nevada/12/2013|EPI_ISL_154835|B                    0.00%    passed    100.00%
  72  EPI503582|HA|B/Texas/08/2013|EPI_ISL_154845|B                     0.00%    passed    100.00%
  73  EPI504564|HA|B/Michigan/03/2013|EPI_ISL_155568|B                  0.00%    passed    100.00%
  74  EPI644623|HA|B/Michigan/05/2013|EPI_ISL_196065|B                  0.00%    passed    100.00%
  75  EPI466130|HA|B/CANBERRA/1/2013|EPI_ISL_145327|B                   0.00%    passed    100.00%
  76  EPI466171|HA|B/SOUTH_AUSTRALIA/10/2013|EPI_ISL_145341|B           0.00%    passed    100.00%
  77  EPI466195|HA|B/VICTORIA/802/2013|EPI_ISL_145349|B                 0.00%    passed    100.00%
  78  EPI2187203|HA|B/Brisbane/10/2013|EPI_ISL_15146474|B               0.00%    passed    100.00%
  79  EPI2187315|HA|B/Sydney/1/2013|EPI_ISL_15146528|B                  0.00%    passed    100.00%
  80  EPI2187267|HA|B/Perth/105/2013|EPI_ISL_15146503|B                 0.00%    passed    100.00%
  81  EPI2187280|HA|B/Perth/8/2013|EPI_ISL_15146509|B                   0.00%    passed    100.00%
  82  EPI2187302|HA|B/South_Auckland/8/2013|EPI_ISL_15146521|B          0.00%    passed    100.00%
****  TOTAL                                                             0.00%  0 sequences failed composition chi2 test (p-value<5%; df=19)
Checking for duplicate sequences: done in 0.00619826 secs using 1431% CPU
Creating fast initial parsimony tree by random order stepwise addition...
3.226 seconds, parsimony score: 123 (based on 85 sites)
Generating 1000 samples for ultrafast bootstrap (seed: 656908)...
WARNING: 16 threads for alignment length 104 will slow down analysis

NOTE: 6 MB RAM (0 GB) is required!
WARNING: Number of threads seems too high for short alignments. Use -T AUTO to determine best number of threads.
Estimate model parameters (epsilon = 0.100)
1. Initial log-likelihood: -2784.041
2. Current log-likelihood: -2772.928
Optimal log-likelihood: -2772.928
Gamma shape alpha: 0.181
Parameters optimization took 2 rounds (0.055 sec)
Wrote distance file to... 
Computing ML distances based on estimated model parameters...
Calculating distance matrix: done in 0.0793459 secs using 1492% CPU
Computing ML distances took 0.116371 sec (of wall-clock time) 1.694348 sec (of CPU time)
Setting up auxiliary I and S matrices: done in 0.00603949 secs using 196.5% CPU
Constructing RapidNJ tree: done in 0.108436 secs using 76.64% CPU
Computing RapidNJ tree took 0.114531 sec (of wall-clock time) 0.095026 sec (of CPU time)
Log-likelihood of RapidNJ tree: -2774.334
--------------------------------------------------------------------
|             INITIALIZING CANDIDATE TREE SET                      |
--------------------------------------------------------------------
Generating 98 parsimony trees... 0.127 second
Computing log-likelihood of 98 initial trees ... 0.813 seconds
Current best score: -2768.014

Do NNI search on 20 best initial trees
Optimizing NNI: done in 3.85772 secs using 1478% CPU
Estimate model parameters (epsilon = 0.100)
BETTER TREE FOUND at iteration 1: -2768.004
Optimizing NNI: done in 4.45354 secs using 1475% CPU
Optimizing NNI: done in 0.167914 secs using 1349% CPU
Optimizing NNI: done in 0.200293 secs using 1356% CPU
Optimizing NNI: done in 0.15142 secs using 1328% CPU
Optimizing NNI: done in 0.150974 secs using 1334% CPU
Optimizing NNI: done in 0.139637 secs using 1321% CPU
Optimizing NNI: done in 0.160921 secs using 1351% CPU
Optimizing NNI: done in 0.149187 secs using 1326% CPU
Optimizing NNI: done in 0.154182 secs using 1345% CPU
Iteration 10 / LogL: -2768.808 / Time: 0h:0m:14s
Optimizing NNI: done in 0.139894 secs using 1320% CPU
Optimizing NNI: done in 0.270363 secs using 1389% CPU
Optimizing NNI: done in 0.159008 secs using 1339% CPU
Optimizing NNI: done in 0.279812 secs using 1396% CPU
Optimizing NNI: done in 0.141059 secs using 1322% CPU
Optimizing NNI: done in 0.156435 secs using 1333% CPU
Optimizing NNI: done in 0.136957 secs using 1312% CPU
Optimizing NNI: done in 0.146434 secs using 1320% CPU
Optimizing NNI: done in 0.138583 secs using 1318% CPU
Optimizing NNI: done in 0.1558 secs using 1339% CPU
Iteration 20 / LogL: -2772.034 / Time: 0h:0m:16s
Finish initializing candidate tree set (20)
Current best tree score: -2768.004 / CPU time: 12.409
Number of iterations: 20
--------------------------------------------------------------------
|               OPTIMIZING CANDIDATE TREE SET                      |
--------------------------------------------------------------------
Optimizing NNI: done in 0.36589 secs using 1324% CPU
Optimizing NNI: done in 0.170181 secs using 1310% CPU
Optimizing NNI: done in 0.216201 secs using 1299% CPU
Optimizing NNI: done in 0.187077 secs using 1313% CPU
Optimizing NNI: done in 0.23235 secs using 1303% CPU
Optimizing NNI: done in 0.2919 secs using 1315% CPU
Optimizing NNI: done in 0.277301 secs using 1306% CPU
Optimizing NNI: done in 0.192115 secs using 1312% CPU
Optimizing NNI: done in 0.294204 secs using 1311% CPU
Optimizing NNI: done in 0.347083 secs using 1314% CPU
Iteration 30 / LogL: -2768.023 / Time: 0h:0m:18s (0h:0m:37s left)
Optimizing NNI: done in 0.174583 secs using 1302% CPU
Optimizing NNI: done in 0.26752 secs using 1324% CPU
Optimizing NNI: done in 0.324328 secs using 1321% CPU
Estimate model parameters (epsilon = 0.100)
BETTER TREE FOUND at iteration 33: -2767.079
Optimizing NNI: done in 0.181447 secs using 1305% CPU
Optimizing NNI: done in 0.171986 secs using 1299% CPU
Optimizing NNI: done in 0.459991 secs using 1314% CPU
Optimizing NNI: done in 0.23464 secs using 1321% CPU
Optimizing NNI: done in 0.272688 secs using 1319% CPU
Optimizing NNI: done in 0.254447 secs using 1304% CPU
Optimizing NNI: done in 0.310566 secs using 1312% CPU
Iteration 40 / LogL: -2767.086 / Time: 0h:0m:21s (0h:0m:43s left)
Optimizing NNI: done in 0.306797 secs using 1314% CPU
Optimizing NNI: done in 0.152092 secs using 1332% CPU
Optimizing NNI: done in 0.241254 secs using 1308% CPU
Optimizing NNI: done in 0.262498 secs using 1312% CPU
Optimizing NNI: done in 0.239774 secs using 1302% CPU
Optimizing NNI: done in 0.182121 secs using 1312% CPU
Optimizing NNI: done in 0.288159 secs using 1320% CPU
Optimizing NNI: done in 0.1916 secs using 1314% CPU
Optimizing NNI: done in 0.263652 secs using 1324% CPU
Optimizing NNI: done in 0.236873 secs using 1299% CPU
Iteration 50 / LogL: -2767.085 / Time: 0h:0m:23s (0h:0m:34s left)
Log-likelihood cutoff on original alignment: -2789.635
Optimizing NNI: done in 0.22789 secs using 1305% CPU
Optimizing NNI: done in 0.320128 secs using 1324% CPU
Optimizing NNI: done in 0.194549 secs using 1332% CPU
Optimizing NNI: done in 0.385313 secs using 1332% CPU
Optimizing NNI: done in 0.279606 secs using 1329% CPU
Optimizing NNI: done in 0.30698 secs using 1308% CPU
Optimizing NNI: done in 0.130522 secs using 1331% CPU
Optimizing NNI: done in 0.111661 secs using 1302% CPU
Optimizing NNI: done in 0.25363 secs using 1318% CPU
Optimizing NNI: done in 0.234548 secs using 1313% CPU
Iteration 60 / LogL: -2767.087 / Time: 0h:0m:26s (0h:0m:28s left)
Optimizing NNI: done in 0.232447 secs using 1312% CPU
Optimizing NNI: done in 0.212813 secs using 1337% CPU
Optimizing NNI: done in 0.348504 secs using 1314% CPU
Optimizing NNI: done in 0.272398 secs using 1324% CPU
Optimizing NNI: done in 0.252529 secs using 1315% CPU
Optimizing NNI: done in 0.333227 secs using 1329% CPU
Optimizing NNI: done in 0.215286 secs using 1300% CPU
Optimizing NNI: done in 0.188531 secs using 1324% CPU
Optimizing NNI: done in 0.114537 secs using 1300% CPU
Optimizing NNI: done in 0.222639 secs using 1311% CPU
Iteration 70 / LogL: -2767.087 / Time: 0h:0m:28s (0h:0m:23s left)
Optimizing NNI: done in 0.400756 secs using 1312% CPU
Optimizing NNI: done in 0.241447 secs using 1326% CPU
Optimizing NNI: done in 0.219381 secs using 1339% CPU
Optimizing NNI: done in 0.30684 secs using 1305% CPU
Optimizing NNI: done in 0.15382 secs using 1303% CPU
Optimizing NNI: done in 0.225576 secs using 1307% CPU
Optimizing NNI: done in 0.182314 secs using 1316% CPU
Optimizing NNI: done in 0.236707 secs using 1308% CPU
Optimizing NNI: done in 0.278799 secs using 1331% CPU
Optimizing NNI: done in 0.195717 secs using 1318% CPU
Iteration 80 / LogL: -2771.780 / Time: 0h:0m:31s (0h:0m:18s left)
Optimizing NNI: done in 0.259468 secs using 1311% CPU
Optimizing NNI: done in 0.182336 secs using 1301% CPU
Optimizing NNI: done in 0.236427 secs using 1314% CPU
Optimizing NNI: done in 0.229172 secs using 1302% CPU
Optimizing NNI: done in 0.383072 secs using 1319% CPU
Optimizing NNI: done in 0.352714 secs using 1311% CPU
Optimizing NNI: done in 0.228694 secs using 1310% CPU
Optimizing NNI: done in 0.184764 secs using 1306% CPU
Optimizing NNI: done in 0.178566 secs using 1304% CPU
Optimizing NNI: done in 0.21276 secs using 1332% CPU
Iteration 90 / LogL: -2767.084 / Time: 0h:0m:34s (0h:0m:14s left)
Optimizing NNI: done in 0.229264 secs using 1297% CPU
Optimizing NNI: done in 0.116856 secs using 1304% CPU
Optimizing NNI: done in 0.285206 secs using 1311% CPU
Optimizing NNI: done in 0.24455 secs using 1315% CPU
Optimizing NNI: done in 0.427252 secs using 1332% CPU
Optimizing NNI: done in 0.367062 secs using 1308% CPU
Optimizing NNI: done in 0.182043 secs using 1308% CPU
Optimizing NNI: done in 0.201028 secs using 1325% CPU
Optimizing NNI: done in 0.172363 secs using 1298% CPU
Optimizing NNI: done in 0.111589 secs using 1304% CPU
Iteration 100 / LogL: -2767.081 / Time: 0h:0m:36s (0h:0m:11s left)
Log-likelihood cutoff on original alignment: -2790.576
NOTE: Bootstrap correlation coefficient of split occurrence frequencies: 0.992
Optimizing NNI: done in 0.410138 secs using 1319% CPU
Optimizing NNI: done in 0.171673 secs using 1308% CPU
Optimizing NNI: done in 0.27286 secs using 1334% CPU
Optimizing NNI: done in 0.230962 secs using 1304% CPU
Optimizing NNI: done in 0.189662 secs using 1316% CPU
Optimizing NNI: done in 0.225036 secs using 1307% CPU
Optimizing NNI: done in 0.111862 secs using 1307% CPU
Optimizing NNI: done in 0.246379 secs using 1317% CPU
Optimizing NNI: done in 0.20864 secs using 1323% CPU
Optimizing NNI: done in 0.195531 secs using 1318% CPU
Iteration 110 / LogL: -2767.085 / Time: 0h:0m:38s (0h:0m:29s left)
Optimizing NNI: done in 0.256465 secs using 1309% CPU
Optimizing NNI: done in 0.340349 secs using 1319% CPU
Optimizing NNI: done in 0.246504 secs using 1303% CPU
Optimizing NNI: done in 0.178686 secs using 1312% CPU
Optimizing NNI: done in 0.26949 secs using 1323% CPU
Optimizing NNI: done in 0.321533 secs using 1350% CPU
Optimizing NNI: done in 0.322193 secs using 1328% CPU
Optimizing NNI: done in 0.450632 secs using 1313% CPU
Optimizing NNI: done in 0.299173 secs using 1314% CPU
Optimizing NNI: done in 0.148976 secs using 1346% CPU
BETTER TREE FOUND at iteration 120: -2767.079
Iteration 120 / LogL: -2767.079 / Time: 0h:0m:41s (0h:0m:32s left)
Optimizing NNI: done in 0.257405 secs using 1325% CPU
Optimizing NNI: done in 0.232468 secs using 1307% CPU
Optimizing NNI: done in 0.248284 secs using 1318% CPU
Optimizing NNI: done in 0.22817 secs using 1299% CPU
Optimizing NNI: done in 0.245537 secs using 1325% CPU
Optimizing NNI: done in 0.171662 secs using 1303% CPU
Optimizing NNI: done in 0.362757 secs using 1359% CPU
Optimizing NNI: done in 0.125122 secs using 1326% CPU
Optimizing NNI: done in 0.393207 secs using 1331% CPU
Optimizing NNI: done in 0.264124 secs using 1298% CPU
Iteration 130 / LogL: -2783.567 / Time: 0h:0m:44s (0h:0m:28s left)
Optimizing NNI: done in 0.329377 secs using 1349% CPU
Optimizing NNI: done in 0.299521 secs using 1351% CPU
Optimizing NNI: done in 0.18801 secs using 1324% CPU
Optimizing NNI: done in 0.283662 secs using 1327% CPU
Optimizing NNI: done in 0.374065 secs using 1363% CPU
Optimizing NNI: done in 0.278833 secs using 1334% CPU
Optimizing NNI: done in 0.253858 secs using 1317% CPU
Optimizing NNI: done in 0.242768 secs using 1353% CPU
Optimizing NNI: done in 0.312444 secs using 1333% CPU
Optimizing NNI: done in 0.20447 secs using 1340% CPU
Iteration 140 / LogL: -2770.804 / Time: 0h:0m:47s (0h:0m:25s left)
Optimizing NNI: done in 0.328986 secs using 1356% CPU
Optimizing NNI: done in 0.258602 secs using 1313% CPU
Optimizing NNI: done in 0.229243 secs using 1340% CPU
Optimizing NNI: done in 0.379251 secs using 1344% CPU
Optimizing NNI: done in 0.295881 secs using 1321% CPU
Optimizing NNI: done in 0.292423 secs using 1367% CPU
Optimizing NNI: done in 0.308809 secs using 1326% CPU
Optimizing NNI: done in 0.336296 secs using 1351% CPU
Optimizing NNI: done in 0.365048 secs using 1339% CPU
Optimizing NNI: done in 0.648055 secs using 1365% CPU
Iteration 150 / LogL: -2767.082 / Time: 0h:0m:51s (0h:0m:22s left)
Log-likelihood cutoff on original alignment: -2789.561
Optimizing NNI: done in 0.138424 secs using 1297% CPU
Optimizing NNI: done in 0.349705 secs using 1339% CPU
Optimizing NNI: done in 0.10936 secs using 1301% CPU
Optimizing NNI: done in 0.193118 secs using 1296% CPU
Optimizing NNI: done in 0.292932 secs using 1350% CPU
Optimizing NNI: done in 0.207555 secs using 1333% CPU
Optimizing NNI: done in 0.358908 secs using 1347% CPU
Optimizing NNI: done in 0.223226 secs using 1343% CPU
Optimizing NNI: done in 0.426381 secs using 1352% CPU
Optimizing NNI: done in 0.202845 secs using 1326% CPU
Iteration 160 / LogL: -2772.669 / Time: 0h:0m:53s (0h:0m:19s left)
Optimizing NNI: done in 0.277638 secs using 1301% CPU
Optimizing NNI: done in 0.303352 secs using 1311% CPU
Optimizing NNI: done in 0.367155 secs using 1321% CPU
Optimizing NNI: done in 0.296271 secs using 1338% CPU
Optimizing NNI: done in 0.280567 secs using 1330% CPU
Optimizing NNI: done in 0.267243 secs using 1361% CPU
Optimizing NNI: done in 0.367962 secs using 1350% CPU
Optimizing NNI: done in 0.265876 secs using 1334% CPU
Optimizing NNI: done in 0.227706 secs using 1313% CPU
Optimizing NNI: done in 0.2179 secs using 1342% CPU
Iteration 170 / LogL: -2767.083 / Time: 0h:0m:57s (0h:0m:15s left)
Optimizing NNI: done in 0.319798 secs using 1348% CPU
Optimizing NNI: done in 0.327437 secs using 1357% CPU
Optimizing NNI: done in 0.488893 secs using 1338% CPU
Optimizing NNI: done in 0.248398 secs using 1353% CPU
Optimizing NNI: done in 0.320023 secs using 1351% CPU
Optimizing NNI: done in 0.239558 secs using 1347% CPU
Optimizing NNI: done in 0.330095 secs using 1359% CPU
Optimizing NNI: done in 0.207313 secs using 1333% CPU
Optimizing NNI: done in 0.222968 secs using 1340% CPU
Optimizing NNI: done in 0.180725 secs using 1314% CPU
Iteration 180 / LogL: -2772.788 / Time: 0h:1m:0s (0h:0m:12s left)
Optimizing NNI: done in 0.318545 secs using 1341% CPU
Optimizing NNI: done in 0.310564 secs using 1343% CPU
Optimizing NNI: done in 0.295471 secs using 1313% CPU
Optimizing NNI: done in 0.13148 secs using 1298% CPU
Optimizing NNI: done in 0.363695 secs using 1349% CPU
Optimizing NNI: done in 0.320909 secs using 1315% CPU
Optimizing NNI: done in 0.21945 secs using 1342% CPU
Optimizing NNI: done in 0.212378 secs using 1336% CPU
Optimizing NNI: done in 0.250039 secs using 1319% CPU
Optimizing NNI: done in 0.387793 secs using 1344% CPU
Iteration 190 / LogL: -2767.082 / Time: 0h:1m:3s (0h:0m:9s left)
Optimizing NNI: done in 0.388321 secs using 1340% CPU
Optimizing NNI: done in 0.336548 secs using 1338% CPU
Optimizing NNI: done in 0.321764 secs using 1351% CPU
Optimizing NNI: done in 0.41121 secs using 1348% CPU
Optimizing NNI: done in 0.353555 secs using 1333% CPU
Optimizing NNI: done in 0.300062 secs using 1347% CPU
Optimizing NNI: done in 0.339761 secs using 1339% CPU
Optimizing NNI: done in 0.379917 secs using 1317% CPU
Optimizing NNI: done in 0.41547 secs using 1364% CPU
Optimizing NNI: done in 0.530482 secs using 1334% CPU
Iteration 200 / LogL: -2767.087 / Time: 0h:1m:7s (0h:0m:6s left)
Log-likelihood cutoff on original alignment: -2789.561
NOTE: Bootstrap correlation coefficient of split occurrence frequencies: 0.997
Optimizing NNI: done in 0.227714 secs using 1323% CPU
Optimizing NNI: done in 0.203681 secs using 1312% CPU
Optimizing NNI: done in 0.377097 secs using 1345% CPU
Optimizing NNI: done in 0.33624 secs using 1349% CPU
Optimizing NNI: done in 0.26784 secs using 1318% CPU
Optimizing NNI: done in 0.215691 secs using 1335% CPU
Optimizing NNI: done in 0.287413 secs using 1311% CPU
Optimizing NNI: done in 0.297526 secs using 1310% CPU
Optimizing NNI: done in 0.207768 secs using 1331% CPU
Optimizing NNI: done in 0.349679 secs using 1315% CPU
Iteration 210 / LogL: -2767.086 / Time: 0h:1m:10s (0h:0m:28s left)
Optimizing NNI: done in 0.178838 secs using 1306% CPU
Optimizing NNI: done in 0.293066 secs using 1312% CPU
Optimizing NNI: done in 0.287051 secs using 1305% CPU
Optimizing NNI: done in 0.312081 secs using 1310% CPU
Optimizing NNI: done in 0.204293 secs using 1295% CPU
Optimizing NNI: done in 0.368228 secs using 1330% CPU
Optimizing NNI: done in 0.258464 secs using 1321% CPU
Optimizing NNI: done in 0.254154 secs using 1307% CPU
Optimizing NNI: done in 0.155915 secs using 1298% CPU
Optimizing NNI: done in 0.191185 secs using 1303% CPU
Iteration 220 / LogL: -2767.084 / Time: 0h:1m:13s (0h:0m:25s left)
Optimizing NNI: done in 0.224351 secs using 1305% CPU
TREE SEARCH COMPLETED AFTER 221 ITERATIONS / Time: 0h:1m:13s

--------------------------------------------------------------------
|                    FINALIZING TREE SEARCH                        |
--------------------------------------------------------------------
Performs final model parameters optimization
Estimate model parameters (epsilon = 0.010)
1. Initial log-likelihood: -2767.079
Optimal log-likelihood: -2767.079
Gamma shape alpha: 0.185
Parameters optimization took 1 rounds (0.019 sec)
BEST SCORE FOUND : -2767.079
Creating bootstrap support values...
Split supports printed to NEXUS file results/per_year_unclustered/VicB/trees/VicB_2013.splits.nex
Total tree length: 0.213

Total number of iterations: 221
CPU time used for tree search: 910.682 sec (0h:15m:10s)
Wall-clock time used for tree search: 69.733 sec (0h:1m:9s)
Total CPU time used: 963.006 sec (0h:16m:3s)
Total wall-clock time used: 73.544 sec (0h:1m:13s)

Computing bootstrap consensus tree...
Reading input file results/per_year_unclustered/VicB/trees/VicB_2013.splits.nex...
82 taxa and 2913 splits.
Consensus tree written to results/per_year_unclustered/VicB/trees/VicB_2013.contree
Reading input trees file results/per_year_unclustered/VicB/trees/VicB_2013.contree
Log-likelihood of consensus tree: -2767.106

Analysis results written to: 
  IQ-TREE report:                results/per_year_unclustered/VicB/trees/VicB_2013.iqtree
  Maximum-likelihood tree:       results/per_year_unclustered/VicB/trees/VicB_2013.treefile
  Likelihood distances:          results/per_year_unclustered/VicB/trees/VicB_2013.mldist

Ultrafast bootstrap approximation results written to:
  Split support values:          results/per_year_unclustered/VicB/trees/VicB_2013.splits.nex
  Consensus tree:                results/per_year_unclustered/VicB/trees/VicB_2013.contree
  Screen log file:               results/per_year_unclustered/VicB/trees/VicB_2013.log

Date and Time: Fri Nov 21 09:31:07 2025
