IQ-TREE version 3.0.1 for Linux x86 64-bit built Jul  9 2025
Developed by Bui Quang Minh, Thomas Wong, Nhan Ly-Trong, Huaiyan Ren
Contributed by Lam-Tung Nguyen, Dominik Schrempf, Chris Bielow,
Olga Chernomor, Michael Woodhams, Diep Thi Hoang, Heiko Schmidt

Host:    rtis-hpc-r06.uod.otago.ac.nz (AVX2, FMA3, 1007 GB RAM)
Command: iqtree -s results/per_year_unclustered/VicB/alignments/VicB_2018_aligned.fasta -m LG+G4 -bb 1000 -nt 16 -pre results/per_year_unclustered/VicB/trees/VicB_2018 -redo -quiet
Seed:    114459 (Using SPRNG - Scalable Parallel Random Number Generator)
Time:    Fri Nov 21 10:38:29 2025
Kernel:  AVX+FMA - 16 threads (16 CPU cores detected)

Reading alignment file results/per_year_unclustered/VicB/alignments/VicB_2018_aligned.fasta ... Fasta format detected
Reading fasta file: done in 0.00141478 secs using 74.92% CPU
Alignment most likely contains protein sequences
Constructing alignment: done in 0.000769652 secs using 349.9% CPU
Alignment has 171 sequences with 585 columns, 146 distinct patterns
51 parsimony-informative, 72 singleton sites, 462 constant sites
                                                                    Gap/Ambiguity  Composition  p-value
Analyzing sequences: done in 2.21608e-05 secs using 455.8% CPU
   1  EPI1478730|HA|B/Guangdong-Nanshan/38/2018|EPI_ISL_362090|B            0.51%    passed    100.00%
   2  EPI1481607|HA|B/Fujian-Yanping/11948/2018|EPI_ISL_362484|B            0.00%    passed    100.00%
   3  EPI1481602|HA|B/Jiangxi-Qingshanhu/314/2018|EPI_ISL_362483|B          0.34%    passed    100.00%
   4  EPI1481721|HA|B/Guangdong-Nanshan/36/2018|EPI_ISL_362499|B            0.51%    passed    100.00%
   5  EPI1168572|HA|B/Beijing-Xicheng/111/2018|EPI_ISL_297015|B             0.00%    passed    100.00%
   6  EPI1168596|HA|B/Yunnan-Wenshan/11/2018|EPI_ISL_297023|B               0.51%    passed    100.00%
   7  EPI1168611|HA|B/Zhejiang-Yongkang/110/2018|EPI_ISL_297028|B           0.00%    passed    100.00%
   8  EPI1312040|HA|B/Quinghai-Gangcha/1209/2018|EPI_ISL_330061|B           0.00%    passed    100.00%
   9  EPI1312016|HA|B/Zhejiang-Haishu/1280/2018|EPI_ISL_330058|B            0.00%    passed    100.00%
  10  EPI1313482|HA|B/Qatar/10-VI-18-0043316/2018|EPI_ISL_330341|B          0.00%    passed    100.00%
  11  EPI1313486|HA|B/Qatar/10-VI-18-0043448/2018|EPI_ISL_330343|B          0.00%    passed    100.00%
  12  EPI1314847|HA|B/Guangxi-Lingshan/359/2018|EPI_ISL_330526|B            0.51%    passed    100.00%
  13  EPI1314811|HA|B/Hubei-Maojian/1219/2018|EPI_ISL_330521|B              0.51%    passed    100.00%
  14  EPI1314951|HA|B/Liaoning-Yinzhou/1202/2018|EPI_ISL_330540|B           0.00%    passed    100.00%
  15  EPI1315167|HA|B/Singapore/EN0025/2018|EPI_ISL_330587|B                0.00%    passed    100.00%
  16  EPI1315303|HA|B/Singapore/GP0346/2018|EPI_ISL_330605|B                0.00%    passed    100.00%
  17  EPI1315311|HA|B/Singapore/GP0423/2018|EPI_ISL_330606|B                0.00%    passed    100.00%
  18  EPI1318824|HA|B/Singapore/KK0248/2018|EPI_ISL_331209|B                0.34%    passed    100.00%
  19  EPI1318828|HA|B/Sri_Lanka/14/2018|EPI_ISL_331211|B                    0.34%    passed    100.00%
  20  EPI1318826|HA|B/Singapore/KK0234/2018|EPI_ISL_331210|B                0.34%    passed    100.00%
  21  EPI1328985|HA|B/Oman/6271/2018|EPI_ISL_332869|B                       0.00%    passed    100.00%
  22  EPI1329001|HA|B/Oman/5112/2018|EPI_ISL_332878|B                       0.00%    passed    100.00%
  23  EPI4413679|HA|B/Shandong-Huancui/1162/2018|EPI_ISL_19896587|B         0.00%    passed    100.00%
  24  EPI1503829|HA|B/Macao/604456/2018|EPI_ISL_367120|B                    0.00%    passed    100.00%
  25  EPI1339141|HA|B/Yunnan-Gucheng/1928/2018|EPI_ISL_334533|B             0.00%    passed    100.00%
  26  EPI1339147|HA|B/Fujian-Huli/364/2018|EPI_ISL_334535|B                 0.34%    passed    100.00%
  27  EPI1339165|HA|B/Yunnan-Simao/1987/2018|EPI_ISL_334541|B               0.00%    passed    100.00%
  28  EPI1339162|HA|B/Jiangsu-Hailing/11678/2018|EPI_ISL_334540|B           0.00%    passed    100.00%
  29  EPI1339378|HA|B/Jiangsu-Chongchuan/11613/2018|EPI_ISL_334612|B        0.00%    passed    100.00%
  30  EPI1339408|HA|B/Beijing-Xicheng/1121/2018|EPI_ISL_334622|B            0.00%    passed    100.00%
  31  EPI1340200|HA|B/Yunnan-Linxiang/1650/2018|EPI_ISL_334886|B            0.00%    passed    100.00%
  32  EPI1340221|HA|B/Guizhou-Douyun/11123/2018|EPI_ISL_334893|B            0.00%    passed    100.00%
  33  EPI1340212|HA|B/Guangdong-Duanzhou/155/2018|EPI_ISL_334890|B          0.00%    passed    100.00%
  34  EPI1340233|HA|B/Guangxi-Babu/1158/2018|EPI_ISL_334897|B               0.00%    passed    100.00%
  35  EPI1192404|HA|B/NIIGATA-C/1/2018|EPI_ISL_302262|B                     0.00%    passed    100.00%
  36  EPI1340614|HA|B/Hunan-Heshan/1194/2018|EPI_ISL_335024|B               0.00%    passed    100.00%
  37  EPI1340623|HA|B/Sichuan-Chuanshan/12302/2018|EPI_ISL_335027|B         0.00%    passed    100.00%
  38  EPI1341071|HA|B/Shanghai-Songjiang/1151/2018|EPI_ISL_335175|B         0.00%    passed    100.00%
  39  EPI1341056|HA|B/Beijing-Xicheng/1121/2018|EPI_ISL_335170|B            0.00%    passed    100.00%
  40  EPI1341077|HA|B/Hebei-Cixian/149/2018|EPI_ISL_335177|B                0.00%    passed    100.00%
  41  EPI1341074|HA|B/Guangdong-Zhenjiang/152/2018|EPI_ISL_335176|B         0.00%    passed    100.00%
  42  EPI1351158|HA|B/Henan-Zhaoling/8380/2018|EPI_ISL_336840|B             0.51%    passed    100.00%
  43  EPI1351233|HA|B/Sichuan-Tianfuxin/55/2018|EPI_ISL_336865|B            0.51%    passed    100.00%
  44  EPI1352996|HA|B/Anhui-Tianjiaan/1911/2018|EPI_ISL_337300|B            0.51%    passed    100.00%
  45  EPI1352990|HA|B/Anhui-Tianjiaan/1933/2018|EPI_ISL_337298|B            0.51%    passed    100.00%
  46  EPI1208370|HA|B/EHIME/28/2018|EPI_ISL_305413|B                        0.34%    passed    100.00%
  47  EPI1208364|HA|B/NIIGATA/173/2018|EPI_ISL_305410|B                     0.00%    passed    100.00%
  48  EPI1356254|HA|B/Hong_Kong/1404/2018|EPI_ISL_338513|B                  0.00%    passed    100.00%
  49  EPI1359277|HA|B/Sri_Lanka/34/2018|EPI_ISL_339111|B                    0.34%    passed    100.00%
  50  EPI1359297|HA|B/Malaysia/RP4021/2018|EPI_ISL_339121|B                 0.00%    passed    100.00%
  51  EPI1359339|HA|B/Malaysia/RP1663/2018|EPI_ISL_339142|B                 0.00%    passed    100.00%
  52  EPI1359367|HA|B/Malaysia/RP1657/2018|EPI_ISL_339156|B                 0.00%    passed    100.00%
  53  EPI1359373|HA|B/Malaysia/RP2326/2018|EPI_ISL_339159|B                 0.00%    passed    100.00%
  54  EPI1359371|HA|B/Malaysia/RP1676/2018|EPI_ISL_339158|B                 0.00%    passed    100.00%
  55  EPI1359381|HA|B/Malaysia/RP3303/2018|EPI_ISL_339163|B                 0.00%    passed    100.00%
  56  EPI1359945|HA|B/Cambodia/c1217373/2018|EPI_ISL_339333|B               0.00%    passed    100.00%
  57  EPI1359943|HA|B/Cambodia/c1115381/2018|EPI_ISL_339332|B               0.00%    passed    100.00%
  58  EPI1367101|HA|B/Singapore/KK1097/2018|EPI_ISL_340875|B                0.00%    passed    100.00%
  59  EPI1370215|HA|B/Istanbul/2051/2018|EPI_ISL_341349|B                   0.34%    passed    100.00%
  60  EPI1239507|HA|B/Kazakhstan/346/2018|EPI_ISL_311600|B                  0.34%    passed    100.00%
  61  EPI1239577|HA|B/Oman/1144/2018|EPI_ISL_311609|B                       0.00%    passed    100.00%
  62  EPI1381171|HA|B/TOKUSHIMA/19/2018|EPI_ISL_344414|B                    0.34%    passed    100.00%
  63  EPI1381162|HA|B/Guangdong-Nanshan/2018-33566/2018|EPI_ISL_344411|B    0.51%    passed    100.00%
  64  EPI1244548|HA|B/NAGASAKI/635/2018|EPI_ISL_312687|B                    0.00%    passed    100.00%
  65  EPI1244556|HA|B/AICHI/68/2018|EPI_ISL_312688|B                        0.00%    passed    100.00%
  66  EPI1244652|HA|B/AICHI/152/2018|EPI_ISL_312700|B                       0.00%    passed    100.00%
  67  EPI1246716|HA|B/Oman/2016/2018|EPI_ISL_313079|B                       0.00%    passed    100.00%
  68  EPI1386501|HA|B/Bahrain/652/2018|EPI_ISL_346146|B                     0.00%    passed    100.00%
  69  EPI1252229|HA|B/Singapore/KK0248/2018|EPI_ISL_314068|B                0.34%    passed    100.00%
  70  EPI1252291|HA|B/Hong_Kong/179/2018|EPI_ISL_314100|B                   0.51%    passed    100.00%
  71  EPI1252305|HA|B/Hong_Kong/1281/2018|EPI_ISL_314108|B                  0.00%    passed    100.00%
  72  EPI1254247|HA|B/Zhejiang-Wuxin/113/2018|EPI_ISL_314480|B              0.00%    passed    100.00%
  73  EPI1393949|HA|B/Hong_Kong/1412/2018|EPI_ISL_347643|B                  0.34%    passed    100.00%
  74  EPI1256104|HA|B/Jordan/20222/2018|EPI_ISL_314934|B                    0.00%    passed    100.00%
  75  EPI1256108|HA|B/Jordan/20272/2018|EPI_ISL_314936|B                    0.00%    passed    100.00%
  76  EPI1399113|HA|B/Newcastle/62/2018|EPI_ISL_348591|B                    0.34%    passed    100.00%
  77  EPI1259601|HA|B/Bahrain/323/2018|EPI_ISL_315837|B                     0.00%    passed    100.00%
  78  EPI1260481|HA|B/KOCHI/130/2018|EPI_ISL_316142|B                       0.34%    passed    100.00%
  79  EPI1260475|HA|B/KAGAWA/18162/2018|EPI_ISL_316139|B                    0.34%    passed    100.00%
  80  EPI1265876|HA|B/Hong_Kong/1294/2018|EPI_ISL_319668|B                  0.00%    passed    100.00%
  81  EPI1425249|HA|B/WAKAYAMA/116/2018|EPI_ISL_352908|B                    0.00%    passed    100.00%
  82  EPI1428943|HA|B/Bangladesh/9014/2018|EPI_ISL_353580|B                 0.00%    passed    100.00%
  83  EPI1273322|HA|B/India/2250/2018|EPI_ISL_321153|B                      0.00%    passed    100.00%
  84  EPI1273378|HA|B/India/4710/2018|EPI_ISL_321160|B                      0.00%    passed    100.00%
  85  EPI1273655|HA|B/India/2456/2018|EPI_ISL_321195|B                      0.00%    passed    100.00%
  86  EPI1274912|HA|B/Cambodia/c0625449/2018|EPI_ISL_321460|B               0.51%    passed    100.00%
  87  EPI1278107|HA|B/India/4194/2018|EPI_ISL_321982|B                      0.00%    passed    100.00%
  88  EPI1278447|HA|B/India/4678/2018|EPI_ISL_322025|B                      0.00%    passed    100.00%
  89  EPI1442780|HA|B/Guangdong-Nanshan/38/2018|EPI_ISL_356319|B            0.51%    passed    100.00%
  90  EPI1443579|HA|B/Taiwan/00290/2018|EPI_ISL_356443|B                    0.34%    passed    100.00%
  91  EPI1452907|HA|B/Malaysia/RP4383/2018|EPI_ISL_358603|B                 0.00%    passed    100.00%
  92  EPI1594702|HA|B/Singapore/TT1119/2018|EPI_ISL_391617|B                0.00%    passed    100.00%
  93  EPI1165331|HA|B/Minnesota/01/2018|EPI_ISL_296359|B                    0.34%    passed    100.00%
  94  EPI1167264|HA|B/Virginia/02/2018|EPI_ISL_296647|B                     0.34%    passed    100.00%
  95  EPI1312153|HA|B/Wisconsin/22/2018|EPI_ISL_330075|B                    0.34%    passed    100.00%
  96  EPI1315023|HA|B/Hawaii/26/2018|EPI_ISL_330549|B                       0.00%    passed    100.00%
  97  EPI1182381|HA|B/Maine/06/2018|EPI_ISL_300138|B                        0.00%    passed    100.00%
  98  EPI1186431|HA|B/Hawaii/04/2018|EPI_ISL_300928|B                       0.34%    passed    100.00%
  99  EPI1196595|HA|B/New_York/03/2018|EPI_ISL_303007|B                     0.34%    passed    100.00%
 100  EPI1196643|HA|B/Maine/08/2018|EPI_ISL_303013|B                        0.34%    passed    100.00%
 101  EPI1196729|HA|B/Florida/10/2018|EPI_ISL_303026|B                      0.34%    passed    100.00%
 102  EPI1196781|HA|B/Maryland/04/2018|EPI_ISL_303034|B                     0.34%    passed    100.00%
 103  EPI1348272|HA|B/New_Mexico/16/2018|EPI_ISL_336471|B                   0.34%    passed    100.00%
 104  EPI1202475|HA|B/North_Carolina/12/2018|EPI_ISL_304342|B               0.34%    passed    100.00%
 105  EPI1202623|HA|B/Pennsylvania/06/2018|EPI_ISL_304361|B                 0.34%    passed    100.00%
 106  EPI1206337|HA|B/Idaho/08/2018|EPI_ISL_305118|B                        0.34%    passed    100.00%
 107  EPI1206656|HA|B/Hawaii/12/2018|EPI_ISL_305158|B                       0.34%    passed    100.00%
 108  EPI1206828|HA|B/Utah/08/2018|EPI_ISL_305180|B                         0.34%    passed    100.00%
 109  EPI1206812|HA|B/Florida/14/2018|EPI_ISL_305178|B                      0.34%    passed    100.00%
 110  EPI1210369|HA|B/Colorado/08/2018|EPI_ISL_305860|B                     0.34%    passed    100.00%
 111  EPI1210473|HA|B/Florida/17/2018|EPI_ISL_305873|B                      0.00%    passed    100.00%
 112  EPI1210545|HA|B/Virginia/06/2018|EPI_ISL_305882|B                     0.34%    passed    100.00%
 113  EPI1211949|HA|B/Oregon/11/2018|EPI_ISL_306159|B                       0.00%    passed    100.00%
 114  EPI1211909|HA|B/Washington/22/2018|EPI_ISL_306154|B                   0.00%    passed    100.00%
 115  EPI1214609|HA|B/Arizona/15/2018|EPI_ISL_306822|B                      0.34%    passed    100.00%
 116  EPI1214665|HA|B/Arizona/12/2018|EPI_ISL_306829|B                      0.00%    passed    100.00%
 117  EPI1530792|HA|B/Massachusetts/7289/2018|EPI_ISL_373137|B              0.34%    passed    100.00%
 118  EPI1530794|HA|B/Mississippi/7291/2018|EPI_ISL_373139|B                0.34%    passed    100.00%
 119  EPI1531129|HA|B/South_Carolina/7323/2018|EPI_ISL_373172|B             0.34%    passed    100.00%
 120  EPI1220756|HA|B/Connecticut/20/2018|EPI_ISL_307779|B                  0.34%    passed    100.00%
 121  EPI1220892|HA|B/West_Virginia/21/2018|EPI_ISL_307796|B                0.34%    passed    100.00%
 122  EPI1225782|HA|B/West_Virginia/15/2018|EPI_ISL_309108|B                0.34%    passed    100.00%
 123  EPI1225854|HA|B/Minnesota/14/2018|EPI_ISL_309117|B                    0.34%    passed    100.00%
 124  EPI1225934|HA|B/New_York/11/2018|EPI_ISL_309127|B                     0.34%    passed    100.00%
 125  EPI1226014|HA|B/Florida/20/2018|EPI_ISL_309137|B                      0.00%    passed    100.00%
 126  EPI1228814|HA|B/Arizona/22/2018|EPI_ISL_309663|B                      0.34%    passed    100.00%
 127  EPI1228933|HA|B/Maryland/22/2018|EPI_ISL_309679|B                     0.34%    passed    100.00%
 128  EPI1229004|HA|B/Ohio/10/2018|EPI_ISL_309688|B                         0.34%    passed    100.00%
 129  EPI1229086|HA|B/Arizona/24/2018|EPI_ISL_309699|B                      0.00%    passed    100.00%
 130  EPI1229190|HA|B/Oklahoma/12/2018|EPI_ISL_309712|B                     0.34%    passed    100.00%
 131  EPI1239248|HA|B/Minnesota/15/2018|EPI_ISL_311567|B                    0.34%    passed    100.00%
 132  EPI1239371|HA|B/Maryland/23/2018|EPI_ISL_311583|B                     0.34%    passed    100.00%
 133  EPI1239333|HA|B/Massachusetts/13/2018|EPI_ISL_311578|B                0.34%    passed    100.00%
 134  EPI1239419|HA|B/Pennsylvania/10/2018|EPI_ISL_311589|B                 0.34%    passed    100.00%
 135  EPI3125328|HA|B/USA/PV01564/2018|EPI_ISL_18989086|B                   0.00%    passed    100.00%
 136  EPI3125607|HA|B/USA/PV01317/2018|EPI_ISL_18989121|B                   0.34%    passed    100.00%
 137  EPI1246648|HA|B/West_Virginia/26/2018|EPI_ISL_313070|B                0.34%    passed    100.00%
 138  EPI1246696|HA|B/Minnesota/20/2018|EPI_ISL_313076|B                    0.34%    passed    100.00%
 139  EPI1246672|HA|B/North_Carolina/24/2018|EPI_ISL_313073|B               0.34%    passed    100.00%
 140  EPI1247593|HA|B/Connecticut/31/2018|EPI_ISL_313080|B                  0.34%    passed    100.00%
 141  EPI1246795|HA|B/New_York/18/2018|EPI_ISL_313090|B                     0.34%    passed    100.00%
 142  EPI1247769|HA|B/Minnesota/17/2018|EPI_ISL_313215|B                    0.34%    passed    100.00%
 143  EPI1386557|HA|B/Montana/34/2018|EPI_ISL_346153|B                      0.34%    passed    100.00%
 144  EPI1249578|HA|B/Utah/18/2018|EPI_ISL_313609|B                         0.34%    passed    100.00%
 145  EPI1253937|HA|B/New_Hampshire/11/2018|EPI_ISL_314437|B                0.34%    passed    100.00%
 146  EPI1254010|HA|B/Pennsylvania/32/2018|EPI_ISL_314447|B                 0.34%    passed    100.00%
 147  EPI1254015|HA|B/New_Jersey/16/2018|EPI_ISL_314448|B                   0.34%    passed    100.00%
 148  EPI1565117|HA|B/North_Carolina/6932/2018|EPI_ISL_381208|B             0.34%    passed    100.00%
 149  EPI1259663|HA|B/Hawaii/22/2018|EPI_ISL_315845|B                       0.34%    passed    100.00%
 150  EPI1262424|HA|B/Florida/39/2018|EPI_ISL_316752|B                      0.51%    passed    100.00%
 151  EPI1272479|HA|B/Hawaii/25/2018|EPI_ISL_320938|B                       0.34%    passed    100.00%
 152  EPI3139475|HA|B/Michigan/UOMMH19030/2018|EPI_ISL_18999069|B           0.34%    passed    100.00%
 153  EPI1450022|HA|B/Michigan/34/2018|EPI_ISL_358232|B                     0.34%    passed    100.00%
 154  EPI1450419|HA|B/Texas/51/2018|EPI_ISL_358283|B                        0.34%    passed    100.00%
 155  EPI1450542|HA|B/Pennsylvania/24/2018|EPI_ISL_358299|B                 0.34%    passed    100.00%
 156  EPI1451236|HA|B/Wisconsin/07/2018|EPI_ISL_358388|B                    0.00%    passed    100.00%
 157  EPI1269311|HA|B/Wellington/1/2018|EPI_ISL_320425|B                    0.34%    passed    100.00%
 158  EPI1269312|HA|B/South_Auckland/8/2018|EPI_ISL_320426|B                0.00%    passed    100.00%
 159  EPI1244836|HA|B/Sydney/16/2018|EPI_ISL_312759|B                       0.00%    passed    100.00%
 160  EPI1274908|HA|B/Brisbane/23/2018|EPI_ISL_321458|B                     0.00%    passed    100.00%
 161  EPI1358521|HA|B/Victoria/705/2018|EPI_ISL_338963|B                    0.51%    passed    100.00%
 162  EPI1359293|HA|B/Newcastle/64/2018|EPI_ISL_339119|B                    0.34%    passed    100.00%
 163  EPI1283077|HA|B/Sydney/700/2018|EPI_ISL_323030|B                      0.00%    passed    100.00%
 164  EPI1618287|HA|B/Brisbane/35/2018|EPI_ISL_397066|B                     0.51%    passed    100.00%
 165  EPI1322805|HA|B/Timor-Leste/64/2018|EPI_ISL_331825|B                  0.00%    passed    100.00%
 166  EPI1365801|HA|B/Timor-Leste/41/2018|EPI_ISL_340436|B                  0.00%    passed    100.00%
 167  EPI1365783|HA|B/Timor-Leste/31/2018|EPI_ISL_340433|B                  0.00%    passed    100.00%
 168  EPI1365793|HA|B/Timor-Leste/40/2018|EPI_ISL_340435|B                  0.00%    passed    100.00%
 169  EPI1365821|HA|B/Timor-Leste/22/2018|EPI_ISL_340440|B                  0.00%    passed    100.00%
 170  EPI1629575|HA|B/Victoria/705/2018|EPI_ISL_398589|B                    0.51%    passed    100.00%
 171  EPI1370385|HA|B/Victoria/2044/2018|EPI_ISL_341437|B                   0.51%    passed    100.00%
****  TOTAL                                                                 0.20%  0 sequences failed composition chi2 test (p-value<5%; df=19)
Checking for duplicate sequences: done in 0.000226163 secs using 347.5% CPU
Creating fast initial parsimony tree by random order stepwise addition...
0.304 seconds, parsimony score: 218 (based on 123 sites)
Generating 1000 samples for ultrafast bootstrap (seed: 114459)...

NOTE: 18 MB RAM (0 GB) is required!
WARNING: Number of threads seems too high for short alignments. Use -T AUTO to determine best number of threads.
Estimate model parameters (epsilon = 0.100)
1. Initial log-likelihood: -3615.600
2. Current log-likelihood: -3595.230
Optimal log-likelihood: -3595.221
Gamma shape alpha: 0.233
Parameters optimization took 2 rounds (0.135 sec)
Wrote distance file to... 
Computing ML distances based on estimated model parameters...
Calculating distance matrix: done in 0.175224 secs using 1594% CPU
Computing ML distances took 0.175386 sec (of wall-clock time) 2.793242 sec (of CPU time)
Setting up auxiliary I and S matrices: done in 0.00105479 secs using 181.6% CPU
Constructing RapidNJ tree: done in 0.281357 secs using 58.34% CPU
Computing RapidNJ tree took 0.282508 sec (of wall-clock time) 0.166122 sec (of CPU time)
Log-likelihood of RapidNJ tree: -3596.421
--------------------------------------------------------------------
|             INITIALIZING CANDIDATE TREE SET                      |
--------------------------------------------------------------------
Generating 98 parsimony trees... 0.455 second
Computing log-likelihood of 98 initial trees ... 2.200 seconds
Current best score: -3582.732

Do NNI search on 20 best initial trees
Optimizing NNI: done in 0.319168 secs using 1588% CPU
Estimate model parameters (epsilon = 0.100)
BETTER TREE FOUND at iteration 1: -3582.715
Optimizing NNI: done in 0.438451 secs using 1590% CPU
Optimizing NNI: done in 0.653461 secs using 1591% CPU
Estimate model parameters (epsilon = 0.100)
BETTER TREE FOUND at iteration 3: -3582.385
Optimizing NNI: done in 0.566277 secs using 1590% CPU
Optimizing NNI: done in 0.311414 secs using 1588% CPU
Optimizing NNI: done in 0.606566 secs using 1589% CPU
Optimizing NNI: done in 0.455787 secs using 1591% CPU
Estimate model parameters (epsilon = 0.100)
BETTER TREE FOUND at iteration 7: -3582.260
Optimizing NNI: done in 0.565018 secs using 1590% CPU
Optimizing NNI: done in 0.584027 secs using 1590% CPU
Optimizing NNI: done in 0.324021 secs using 1589% CPU
Iteration 10 / LogL: -3586.324 / Time: 0h:0m:10s
Optimizing NNI: done in 0.457633 secs using 1593% CPU
Optimizing NNI: done in 0.895985 secs using 1590% CPU
Optimizing NNI: done in 0.328074 secs using 1590% CPU
Optimizing NNI: done in 0.445217 secs using 1590% CPU
Optimizing NNI: done in 0.701671 secs using 1589% CPU
Optimizing NNI: done in 0.607472 secs using 1592% CPU
Optimizing NNI: done in 0.57785 secs using 1591% CPU
Optimizing NNI: done in 0.578998 secs using 1590% CPU
Optimizing NNI: done in 0.314472 secs using 1590% CPU
Optimizing NNI: done in 0.614895 secs using 1590% CPU
Iteration 20 / LogL: -3590.933 / Time: 0h:0m:15s
Finish initializing candidate tree set (20)
Current best tree score: -3582.260 / CPU time: 13.234
Number of iterations: 20
--------------------------------------------------------------------
|               OPTIMIZING CANDIDATE TREE SET                      |
--------------------------------------------------------------------
Optimizing NNI: done in 0.599001 secs using 1589% CPU
Optimizing NNI: done in 0.586749 secs using 1591% CPU
Optimizing NNI: done in 0.733296 secs using 1589% CPU
Estimate model parameters (epsilon = 0.100)
BETTER TREE FOUND at iteration 23: -3580.347
Optimizing NNI: done in 0.850928 secs using 1590% CPU
Optimizing NNI: done in 0.579106 secs using 1591% CPU
Optimizing NNI: done in 0.549468 secs using 1590% CPU
Optimizing NNI: done in 0.653925 secs using 1590% CPU
Optimizing NNI: done in 0.738794 secs using 1590% CPU
Optimizing NNI: done in 1.01647 secs using 1590% CPU
Optimizing NNI: done in 0.588935 secs using 1590% CPU
Iteration 30 / LogL: -3582.398 / Time: 0h:0m:22s (0h:1m:12s left)
Optimizing NNI: done in 0.929899 secs using 1591% CPU
Optimizing NNI: done in 0.586787 secs using 1591% CPU
Optimizing NNI: done in 0.915108 secs using 1590% CPU
Optimizing NNI: done in 0.800262 secs using 1590% CPU
Optimizing NNI: done in 0.435222 secs using 1589% CPU
Optimizing NNI: done in 0.887111 secs using 1590% CPU
Optimizing NNI: done in 0.701877 secs using 1591% CPU
Optimizing NNI: done in 0.578891 secs using 1590% CPU
Optimizing NNI: done in 0.755905 secs using 1591% CPU
Optimizing NNI: done in 0.860404 secs using 1592% CPU
Iteration 40 / LogL: -3586.033 / Time: 0h:0m:30s (0h:1m:4s left)
Optimizing NNI: done in 0.43313 secs using 1588% CPU
Optimizing NNI: done in 0.978947 secs using 1590% CPU
Optimizing NNI: done in 0.985709 secs using 1590% CPU
Estimate model parameters (epsilon = 0.100)
BETTER TREE FOUND at iteration 43: -3579.620
Optimizing NNI: done in 0.58499 secs using 1590% CPU
Optimizing NNI: done in 0.750069 secs using 1589% CPU
Optimizing NNI: done in 0.82539 secs using 1590% CPU
Optimizing NNI: done in 1.05232 secs using 1590% CPU
Optimizing NNI: done in 0.532339 secs using 1593% CPU
Optimizing NNI: done in 0.962243 secs using 1592% CPU
Optimizing NNI: done in 1.05639 secs using 1592% CPU
Iteration 50 / LogL: -3585.596 / Time: 0h:0m:38s (0h:1m:13s left)
Log-likelihood cutoff on original alignment: -3627.263
Optimizing NNI: done in 0.873939 secs using 1589% CPU
Optimizing NNI: done in 0.853681 secs using 1591% CPU
Optimizing NNI: done in 0.912062 secs using 1589% CPU
Optimizing NNI: done in 1.17492 secs using 1590% CPU
Estimate model parameters (epsilon = 0.100)
BETTER TREE FOUND at iteration 54: -3579.371
Optimizing NNI: done in 0.575264 secs using 1590% CPU
Optimizing NNI: done in 1.00365 secs using 1590% CPU
Optimizing NNI: done in 0.716307 secs using 1589% CPU
Optimizing NNI: done in 0.869638 secs using 1590% CPU
Optimizing NNI: done in 0.689039 secs using 1590% CPU
Optimizing NNI: done in 0.714113 secs using 1590% CPU
Iteration 60 / LogL: -3579.874 / Time: 0h:0m:47s (0h:1m:15s left)
Optimizing NNI: done in 0.733586 secs using 1591% CPU
Optimizing NNI: done in 0.724443 secs using 1588% CPU
Optimizing NNI: done in 0.723896 secs using 1591% CPU
Optimizing NNI: done in 0.984045 secs using 1590% CPU
Optimizing NNI: done in 0.569773 secs using 1591% CPU
Optimizing NNI: done in 0.717867 secs using 1591% CPU
Optimizing NNI: done in 0.662127 secs using 1589% CPU
Optimizing NNI: done in 0.714404 secs using 1592% CPU
Optimizing NNI: done in 0.775563 secs using 1591% CPU
Optimizing NNI: done in 0.817319 secs using 1589% CPU
Iteration 70 / LogL: -3583.025 / Time: 0h:0m:55s (0h:1m:7s left)
Optimizing NNI: done in 0.739834 secs using 1589% CPU
Optimizing NNI: done in 0.758154 secs using 1589% CPU
Optimizing NNI: done in 1.02332 secs using 1590% CPU
Optimizing NNI: done in 0.72488 secs using 1590% CPU
Optimizing NNI: done in 0.853179 secs using 1591% CPU
Optimizing NNI: done in 0.727472 secs using 1589% CPU
Optimizing NNI: done in 1.01245 secs using 1590% CPU
Optimizing NNI: done in 0.693913 secs using 1590% CPU
Optimizing NNI: done in 0.960743 secs using 1592% CPU
Optimizing NNI: done in 0.696801 secs using 1591% CPU
Iteration 80 / LogL: -3595.579 / Time: 0h:1m:3s (0h:0m:59s left)
Optimizing NNI: done in 0.823514 secs using 1591% CPU
Optimizing NNI: done in 1.04315 secs using 1590% CPU
Optimizing NNI: done in 0.713654 secs using 1592% CPU
Estimate model parameters (epsilon = 0.100)
BETTER TREE FOUND at iteration 83: -3579.270
Optimizing NNI: done in 0.729977 secs using 1590% CPU
Optimizing NNI: done in 1.08195 secs using 1591% CPU
Optimizing NNI: done in 0.735737 secs using 1590% CPU
Optimizing NNI: done in 0.581384 secs using 1592% CPU
Optimizing NNI: done in 0.673703 secs using 1590% CPU
Optimizing NNI: done in 0.733915 secs using 1589% CPU
Optimizing NNI: done in 0.869322 secs using 1591% CPU
Iteration 90 / LogL: -3579.777 / Time: 0h:1m:12s (0h:1m:15s left)
Optimizing NNI: done in 1.10925 secs using 1590% CPU
BETTER TREE FOUND at iteration 91: -3579.269
Optimizing NNI: done in 0.874785 secs using 1591% CPU
Optimizing NNI: done in 1.01472 secs using 1591% CPU
Optimizing NNI: done in 0.803441 secs using 1591% CPU
Optimizing NNI: done in 0.938294 secs using 1590% CPU
Optimizing NNI: done in 0.868957 secs using 1591% CPU
Optimizing NNI: done in 0.97494 secs using 1590% CPU
Optimizing NNI: done in 0.591587 secs using 1592% CPU
Optimizing NNI: done in 0.917692 secs using 1591% CPU
Optimizing NNI: done in 0.795032 secs using 1590% CPU
Iteration 100 / LogL: -3594.622 / Time: 0h:1m:21s (0h:1m:14s left)
Log-likelihood cutoff on original alignment: -3627.263
NOTE: Bootstrap correlation coefficient of split occurrence frequencies: 0.997
Optimizing NNI: done in 1.12142 secs using 1589% CPU
Optimizing NNI: done in 0.84248 secs using 1590% CPU
Optimizing NNI: done in 0.954184 secs using 1590% CPU
Optimizing NNI: done in 0.801806 secs using 1591% CPU
Optimizing NNI: done in 1.04402 secs using 1590% CPU
Estimate model parameters (epsilon = 0.100)
BETTER TREE FOUND at iteration 105: -3578.877
Optimizing NNI: done in 0.70282 secs using 1591% CPU
Optimizing NNI: done in 0.689002 secs using 1590% CPU
Optimizing NNI: done in 0.667191 secs using 1590% CPU
Optimizing NNI: done in 0.927801 secs using 1589% CPU
Optimizing NNI: done in 0.939681 secs using 1591% CPU
Iteration 110 / LogL: -3579.477 / Time: 0h:1m:30s (0h:1m:18s left)
Optimizing NNI: done in 0.723011 secs using 1591% CPU
Optimizing NNI: done in 0.829865 secs using 1589% CPU
Optimizing NNI: done in 0.995282 secs using 1591% CPU
Optimizing NNI: done in 0.785134 secs using 1589% CPU
Optimizing NNI: done in 0.723405 secs using 1590% CPU
Optimizing NNI: done in 0.74058 secs using 1590% CPU
Optimizing NNI: done in 0.703829 secs using 1588% CPU
Optimizing NNI: done in 0.690389 secs using 1588% CPU
Optimizing NNI: done in 0.844172 secs using 1590% CPU
Optimizing NNI: done in 0.748295 secs using 1591% CPU
Iteration 120 / LogL: -3592.492 / Time: 0h:1m:39s (0h:1m:10s left)
Optimizing NNI: done in 0.72051 secs using 1590% CPU
Optimizing NNI: done in 0.834505 secs using 1591% CPU
Optimizing NNI: done in 0.757076 secs using 1592% CPU
Optimizing NNI: done in 0.746833 secs using 1591% CPU
Optimizing NNI: done in 0.579992 secs using 1590% CPU
Optimizing NNI: done in 1.01217 secs using 1590% CPU
Optimizing NNI: done in 0.718768 secs using 1588% CPU
Optimizing NNI: done in 0.724747 secs using 1591% CPU
Optimizing NNI: done in 0.680532 secs using 1592% CPU
Optimizing NNI: done in 0.719782 secs using 1590% CPU
Iteration 130 / LogL: -3585.690 / Time: 0h:1m:46s (0h:1m:1s left)
Optimizing NNI: done in 0.595962 secs using 1591% CPU
Optimizing NNI: done in 0.841852 secs using 1589% CPU
Optimizing NNI: done in 0.872789 secs using 1589% CPU
Optimizing NNI: done in 0.886781 secs using 1591% CPU
Optimizing NNI: done in 0.578182 secs using 1591% CPU
Optimizing NNI: done in 0.94055 secs using 1590% CPU
Optimizing NNI: done in 0.671497 secs using 1589% CPU
Optimizing NNI: done in 0.732164 secs using 1590% CPU
Optimizing NNI: done in 0.906018 secs using 1591% CPU
Optimizing NNI: done in 1.01064 secs using 1590% CPU
Iteration 140 / LogL: -3578.880 / Time: 0h:1m:55s (0h:0m:53s left)
Optimizing NNI: done in 0.669045 secs using 1591% CPU
Optimizing NNI: done in 0.862 secs using 1590% CPU
Optimizing NNI: done in 0.846292 secs using 1590% CPU
Optimizing NNI: done in 0.985613 secs using 1591% CPU
Optimizing NNI: done in 0.683455 secs using 1588% CPU
Optimizing NNI: done in 0.820379 secs using 1591% CPU
Optimizing NNI: done in 0.748482 secs using 1591% CPU
Optimizing NNI: done in 1.00212 secs using 1590% CPU
Optimizing NNI: done in 0.942221 secs using 1590% CPU
Optimizing NNI: done in 0.96997 secs using 1590% CPU
Iteration 150 / LogL: -3578.879 / Time: 0h:2m:4s (0h:0m:45s left)
Log-likelihood cutoff on original alignment: -3627.263
Optimizing NNI: done in 0.703021 secs using 1590% CPU
Optimizing NNI: done in 0.740263 secs using 1589% CPU
Optimizing NNI: done in 1.09039 secs using 1591% CPU
Optimizing NNI: done in 0.357 secs using 1589% CPU
Optimizing NNI: done in 0.944015 secs using 1589% CPU
Optimizing NNI: done in 0.998617 secs using 1585% CPU
Optimizing NNI: done in 0.688891 secs using 1588% CPU
Optimizing NNI: done in 1.07618 secs using 1587% CPU
Optimizing NNI: done in 0.721351 secs using 1585% CPU
Optimizing NNI: done in 0.743285 secs using 1588% CPU
Iteration 160 / LogL: -3583.845 / Time: 0h:2m:13s (0h:0m:37s left)
Optimizing NNI: done in 1.1658 secs using 1587% CPU
Optimizing NNI: done in 0.783764 secs using 1587% CPU
Optimizing NNI: done in 0.741597 secs using 1586% CPU
Optimizing NNI: done in 0.540676 secs using 1589% CPU
Optimizing NNI: done in 0.719289 secs using 1590% CPU
Optimizing NNI: done in 0.532333 secs using 1593% CPU
Optimizing NNI: done in 0.709281 secs using 1590% CPU
Optimizing NNI: done in 0.95589 secs using 1592% CPU
Optimizing NNI: done in 0.992089 secs using 1591% CPU
Optimizing NNI: done in 1.0051 secs using 1592% CPU
Iteration 170 / LogL: -3579.544 / Time: 0h:2m:22s (0h:0m:29s left)
Optimizing NNI: done in 0.835396 secs using 1590% CPU
Optimizing NNI: done in 0.966617 secs using 1591% CPU
Optimizing NNI: done in 0.709956 secs using 1591% CPU
Optimizing NNI: done in 0.726846 secs using 1591% CPU
Optimizing NNI: done in 0.909891 secs using 1590% CPU
Optimizing NNI: done in 1.00775 secs using 1589% CPU
Optimizing NNI: done in 0.832836 secs using 1590% CPU
Optimizing NNI: done in 0.746277 secs using 1590% CPU
Optimizing NNI: done in 0.747567 secs using 1592% CPU
Optimizing NNI: done in 0.700169 secs using 1591% CPU
Iteration 180 / LogL: -3584.809 / Time: 0h:2m:30s (0h:0m:21s left)
Optimizing NNI: done in 1.12648 secs using 1590% CPU
Optimizing NNI: done in 0.870706 secs using 1590% CPU
Optimizing NNI: done in 0.730906 secs using 1590% CPU
Optimizing NNI: done in 0.589661 secs using 1591% CPU
Optimizing NNI: done in 0.76322 secs using 1589% CPU
Optimizing NNI: done in 0.973349 secs using 1590% CPU
Optimizing NNI: done in 0.844266 secs using 1592% CPU
Optimizing NNI: done in 0.711726 secs using 1588% CPU
Optimizing NNI: done in 0.570421 secs using 1593% CPU
Optimizing NNI: done in 0.955665 secs using 1589% CPU
Iteration 190 / LogL: -3578.989 / Time: 0h:2m:39s (0h:0m:12s left)
Optimizing NNI: done in 0.931314 secs using 1589% CPU
Optimizing NNI: done in 0.902057 secs using 1590% CPU
Optimizing NNI: done in 0.742766 secs using 1591% CPU
Optimizing NNI: done in 0.733063 secs using 1592% CPU
Optimizing NNI: done in 1.01797 secs using 1591% CPU
Optimizing NNI: done in 0.83337 secs using 1592% CPU
Optimizing NNI: done in 0.899245 secs using 1591% CPU
Optimizing NNI: done in 0.567073 secs using 1591% CPU
Optimizing NNI: done in 0.851724 secs using 1588% CPU
Optimizing NNI: done in 0.838207 secs using 1592% CPU
Iteration 200 / LogL: -3583.991 / Time: 0h:2m:48s (0h:0m:4s left)
Log-likelihood cutoff on original alignment: -3627.263
NOTE: Bootstrap correlation coefficient of split occurrence frequencies: 0.993
Optimizing NNI: done in 1.00576 secs using 1589% CPU
Optimizing NNI: done in 0.745042 secs using 1591% CPU
Optimizing NNI: done in 0.743434 secs using 1589% CPU
Optimizing NNI: done in 1.01759 secs using 1591% CPU
Optimizing NNI: done in 0.720044 secs using 1590% CPU
Optimizing NNI: done in 0.684274 secs using 1590% CPU
TREE SEARCH COMPLETED AFTER 206 ITERATIONS / Time: 0h:2m:54s

--------------------------------------------------------------------
|                    FINALIZING TREE SEARCH                        |
--------------------------------------------------------------------
Performs final model parameters optimization
Estimate model parameters (epsilon = 0.010)
1. Initial log-likelihood: -3578.877
Optimal log-likelihood: -3578.877
Gamma shape alpha: 0.230
Parameters optimization took 1 rounds (0.072 sec)
BEST SCORE FOUND : -3578.877
Creating bootstrap support values...
Split supports printed to NEXUS file results/per_year_unclustered/VicB/trees/VicB_2018.splits.nex
Total tree length: 0.391

Total number of iterations: 206
CPU time used for tree search: 2623.141 sec (0h:43m:43s)
Wall-clock time used for tree search: 171.524 sec (0h:2m:51s)
Total CPU time used: 2659.674 sec (0h:44m:19s)
Total wall-clock time used: 174.697 sec (0h:2m:54s)

Computing bootstrap consensus tree...
Reading input file results/per_year_unclustered/VicB/trees/VicB_2018.splits.nex...
171 taxa and 6716 splits.
Consensus tree written to results/per_year_unclustered/VicB/trees/VicB_2018.contree
Reading input trees file results/per_year_unclustered/VicB/trees/VicB_2018.contree
Log-likelihood of consensus tree: -3580.611

Analysis results written to: 
  IQ-TREE report:                results/per_year_unclustered/VicB/trees/VicB_2018.iqtree
  Maximum-likelihood tree:       results/per_year_unclustered/VicB/trees/VicB_2018.treefile
  Likelihood distances:          results/per_year_unclustered/VicB/trees/VicB_2018.mldist

Ultrafast bootstrap approximation results written to:
  Split support values:          results/per_year_unclustered/VicB/trees/VicB_2018.splits.nex
  Consensus tree:                results/per_year_unclustered/VicB/trees/VicB_2018.contree
  Screen log file:               results/per_year_unclustered/VicB/trees/VicB_2018.log

Date and Time: Fri Nov 21 10:41:24 2025
