IQ-TREE version 3.0.1 for Linux x86 64-bit built Jul  9 2025
Developed by Bui Quang Minh, Thomas Wong, Nhan Ly-Trong, Huaiyan Ren
Contributed by Lam-Tung Nguyen, Dominik Schrempf, Chris Bielow,
Olga Chernomor, Michael Woodhams, Diep Thi Hoang, Heiko Schmidt

Host:    rtis-hpc-r01.uod.otago.ac.nz (AVX2, FMA3, 1007 GB RAM)
Command: iqtree -s results/per_year_unclustered/VicB/alignments/VicB_2012_with_designs.fasta -m LG+G4 -bb 1000 -nt 8 -pre results/per_year_unclustered/VicB/trees/VicB_2012_with_designs -redo -quiet
Seed:    932309 (Using SPRNG - Scalable Parallel Random Number Generator)
Time:    Sat Nov 22 10:26:24 2025
Kernel:  AVX+FMA - 8 threads (8 CPU cores detected)

Reading alignment file results/per_year_unclustered/VicB/alignments/VicB_2012_with_designs.fasta ... Fasta format detected
Reading fasta file: done in 0.00109967 secs using 78.11% CPU
Alignment most likely contains protein sequences
Constructing alignment: done in 0.000598643 secs using 431.3% CPU
Alignment has 126 sequences with 587 columns, 112 distinct patterns
37 parsimony-informative, 52 singleton sites, 498 constant sites
                                                                              Gap/Ambiguity  Composition  p-value
Analyzing sequences: done in 0.0123343 secs using 595.4% CPU
   1  EPI401276|HA|B/Beijing-Chaoyang/1943/2012|EPI_ISL_131199|B                      0.34%    passed    100.00%
   2  EPI406170|HA|B/GUNMA/19/2012|EPI_ISL_132211|B                                   0.34%    passed    100.00%
   3  EPI406957|HA|B/Bangkok/282/2012|EPI_ISL_132487|B                                0.34%    passed    100.00%
   4  EPI408664|HA|B/Prachuapkhirikhan/78/2012|EPI_ISL_133081|B                       0.34%    passed    100.00%
   5  EPI408678|HA|B/Bangladesh/8007/2012|EPI_ISL_133088|B                            0.34%    passed    100.00%
   6  EPI413192|HA|B/Laos/I612/2012|EPI_ISL_133550|B                                  0.34%    passed    100.00%
   7  EPI413196|HA|B/Laos/O020/2012|EPI_ISL_133554|B                                  0.34%    passed    100.00%
   8  EPI413200|HA|B/OKINAWA/38/2012|EPI_ISL_133558|B                                 0.34%    passed    100.00%
   9  EPI413204|HA|B/Laos/I418/2012|EPI_ISL_133562|B                                  0.34%    passed    100.00%
  10  EPI413203|HA|B/NAGANO/3470/2012|EPI_ISL_133561|B                                0.34%    passed    100.00%
  11  EPI417330|HA|B/BANGKOK/29/2012|EPI_ISL_134483|B                                 0.34%    passed    100.00%
  12  EPI417749|HA|B/Jordan/30014/2012|EPI_ISL_134619|B                               0.34%    passed    100.00%
  13  EPI422687|HA|B/Jiangsu-Hailing/1740/2012|EPI_ISL_135847|B                       0.34%    passed    100.00%
  14  EPI422700|HA|B/Pakistan/1009/2012|EPI_ISL_135851|B                              0.34%    passed    100.00%
  15  EPI422690|HA|B/Jiangsu-Tianning/1502/2012|EPI_ISL_135848|B                      0.34%    passed    100.00%
  16  EPI431334|HA|B/Hong_Kong/3608/2012|EPI_ISL_137204|B                             0.34%    passed    100.00%
  17  EPI431352|HA|B/Jordan/30465/2012|EPI_ISL_137213|B                               0.34%    passed    100.00%
  18  EPI431465|HA|B/AICHI/48/2012|EPI_ISL_137257|B                                   0.34%    passed    100.00%
  19  EPI439257|HA|B/Laos/992/2012|EPI_ISL_137524|B                                   0.34%    passed    100.00%
  20  EPI378062|HA|B/Oman/65/2012|EPI_ISL_105782|B                                    0.34%    passed    100.00%
  21  EPI356970|HA|B/WAKAYAMA/2/2012|EPI_ISL_106359|B                                 0.34%    passed    100.00%
  22  EPI356972|HA|B/MIE/1/2012|EPI_ISL_106361|B                                      0.34%    passed    100.00%
  23  EPI356977|HA|B/KOBE/298/2012|EPI_ISL_106366|B                                   0.34%    passed    100.00%
  24  EPI356982|HA|B/YOKOHAMA/4/2012|EPI_ISL_106371|B                                 0.34%    passed    100.00%
  25  EPI356981|HA|B/MIE/5/2012|EPI_ISL_106370|B                                      0.34%    passed    100.00%
  26  EPI356984|HA|B/HYOGO/2014/2012|EPI_ISL_106373|B                                 0.34%    passed    100.00%
  27  EPI445758|HA|B/Laos/I999/2012|EPI_ISL_140287|B                                  0.34%    passed    100.00%
  28  EPI445967|HA|B/Tehran/1236/2012|EPI_ISL_140382|B                                0.34%    passed    100.00%
  29  EPI450353|HA|B/PHILIPPINES/15/2012|EPI_ISL_141577|B                             0.85%    passed    100.00%
  30  EPI460636|HA|B/Tehran/1236/2012|EPI_ISL_143607|B                                0.34%    passed    100.00%
  31  EPI580451|HA|B/Vietnam/13V_B-1/2012|EPI_ISL_176843|B                            0.34%    passed    100.00%
  32  EPI904280|HA|B/Georgia/741/2012|EPI_ISL_246827|B                                0.34%    passed    100.00%
  33  EPI904279|HA|B/Georgia/655/2012|EPI_ISL_246826|B                                0.34%    passed    100.00%
  34  EPI904304|HA|B/Hong_Kong/3534/2012|EPI_ISL_246851|B                             0.34%    passed    100.00%
  35  EPI904301|HA|B/Hong_Kong/3496/2012|EPI_ISL_246848|B                             0.34%    passed    100.00%
  36  EPI904305|HA|B/Hong_Kong/3546/2012|EPI_ISL_246852|B                             0.34%    passed    100.00%
  37  EPI904404|HA|B/Jordan/20440/2012|EPI_ISL_246951|B                               0.34%    passed    100.00%
  38  EPI367627|HA|B/GUNMA/7/2012|EPI_ISL_116149|B                                    0.34%    passed    100.00%
  39  EPI367625|HA|B/NIIGATA/138/2012|EPI_ISL_116148|B                                0.34%    passed    100.00%
  40  EPI368401|HA|B/Hubei-Jiangan/12/2012|EPI_ISL_117034|B                           0.34%    passed    100.00%
  41  EPI375600|HA|B/OSAKA-C/1003/2012|EPI_ISL_121255|B                               0.34%    passed    100.00%
  42  EPI375598|HA|B/YOKOHAMA/35/2012|EPI_ISL_121254|B                                0.34%    passed    100.00%
  43  EPI377212|HA|B/KUMAMOTO-C/9/2012|EPI_ISL_121869|B                               0.34%    passed    100.00%
  44  EPI377210|HA|B/KUMAMOTO/4/2012|EPI_ISL_121868|B                                 0.34%    passed    100.00%
  45  EPI377214|HA|B/KOBE/374/2012|EPI_ISL_121870|B                                   0.34%    passed    100.00%
  46  EPI378244|HA|B/Laos/I008/2012|EPI_ISL_122183|B                                  0.34%    passed    100.00%
  47  EPI378243|HA|B/TOYAMA/13/2012|EPI_ISL_122182|B                                  0.34%    passed    100.00%
  48  EPI378248|HA|B/Laos/I071/2012|EPI_ISL_122187|B                                  0.34%    passed    100.00%
  49  EPI378250|HA|B/Laos/I117/2012|EPI_ISL_122189|B                                  0.34%    passed    100.00%
  50  EPI378251|HA|B/Laos/I118/2012|EPI_ISL_122190|B                                  0.34%    passed    100.00%
  51  EPI378254|HA|B/SHIMANE/16/2012|EPI_ISL_122192|B                                 0.34%    passed    100.00%
  52  EPI378258|HA|B/CHIBA-C/25/2012|EPI_ISL_122194|B                                 0.34%    passed    100.00%
  53  EPI378473|HA|B/SENDAI/20/2012|EPI_ISL_122329|B                                  0.34%    passed    100.00%
  54  EPI378485|HA|B/HYOGO/3041/2012|EPI_ISL_122335|B                                 0.34%    passed    100.00%
  55  EPI378495|HA|B/Taiwan/1353/2012|EPI_ISL_122340|B                                0.34%    passed    100.00%
  56  EPI379548|HA|B/MALAYSIA/269/2012|EPI_ISL_122589|B                               0.34%    passed    100.00%
  57  EPI379553|HA|B/NONTHABURI/45/2012|EPI_ISL_122591|B                              0.34%    passed    100.00%
  58  EPI379551|HA|B/MALAYSIA/346/2012|EPI_ISL_122590|B                               0.34%    passed    100.00%
  59  EPI379599|HA|B/MALAYSIA/212/2012|EPI_ISL_122602|B                               0.34%    passed    100.00%
  60  EPI387449|HA|B/Georgia/498/2012|EPI_ISL_125838|B                                0.34%    passed    100.00%
  61  EPI387724|HA|B/Bangladesh/6704/2012|EPI_ISL_125888|B                            0.34%    passed    100.00%
  62  EPI387736|HA|B/Taiwan/1366/2012|EPI_ISL_125892|B                                0.34%    passed    100.00%
  63  EPI2474362|HA|B/Hanoi/EL560/2012|EPI_ISL_17265037|B                             0.34%    passed    100.00%
  64  EPI391321|HA|B/Hong_Kong/3553/2012|EPI_ISL_127861|B                             0.34%    passed    100.00%
  65  EPI392581|HA|B/Hong_Kong/3514/2012|EPI_ISL_128122|B                             0.34%    passed    100.00%
  66  EPI393486|HA|B/YAMAGATA/259/2012|EPI_ISL_128343|B                               0.34%    passed    100.00%
  67  EPI393643|HA|B/Jilin-Chuanying/1417/2012|EPI_ISL_128383|B                       0.34%    passed    100.00%
  68  EPI394363|HA|B/MALAYSIA/210/2012|EPI_ISL_128715|B                               0.34%    passed    100.00%
  69  EPI394365|HA|B/MALAYSIA/283/2012|EPI_ISL_128716|B                               0.34%    passed    100.00%
  70  EPI394399|HA|B/SINGAPORE/18/2012|EPI_ISL_128728|B                               0.34%    passed    100.00%
  71  EPI397155|HA|B/Vietnam/61/2012|EPI_ISL_129561|B                                 0.34%    passed    100.00%
  72  EPI397583|HA|B/Bangladesh/1005/2012|EPI_ISL_129664|B                            0.34%    passed    100.00%
  73  EPI405033|HA|B/Iowa/03/2012|EPI_ISL_131841|B                                    0.34%    passed    100.00%
  74  EPI405050|HA|B/North_Dakota/01/2012|EPI_ISL_131847|B                            0.34%    passed    100.00%
  75  EPI405042|HA|B/Minnesota/05/2012|EPI_ISL_131844|B                               0.34%    passed    100.00%
  76  EPI406954|HA|B/Montana/05/2012|EPI_ISL_132486|B                                 0.34%    passed    100.00%
  77  EPI406961|HA|B/Montana/06/2012|EPI_ISL_132488|B                                 0.34%    passed    100.00%
  78  EPI406986|HA|B/Texas/20/2012|EPI_ISL_132496|B                                   0.34%    passed    100.00%
  79  EPI407198|HA|B/Wisconsin/12/2012|EPI_ISL_132620|B                               0.34%    passed    100.00%
  80  EPI416077|HA|B/Montana/05/2012|EPI_ISL_133987|B                                 0.34%    passed    100.00%
  81  EPI416101|HA|B/Wyoming/10/2012|EPI_ISL_133997|B                                 0.34%    passed    100.00%
  82  EPI417503|HA|B/Utah/17/2012|EPI_ISL_134545|B                                    0.34%    passed    100.00%
  83  EPI417517|HA|B/Nebraska/12/2012|EPI_ISL_134550|B                                0.34%    passed    100.00%
  84  EPI426462|HA|B/West_Virginia/01/2012|EPI_ISL_136471|B                           0.34%    passed    100.00%
  85  EPI426467|HA|B/North_Dakota/04/2012|EPI_ISL_136474|B                            0.34%    passed    100.00%
  86  EPI353958|HA|B/Delaware/01/2012|EPI_ISL_104023|B                                0.34%    passed    100.00%
  87  EPI436307|HA|B/Utah/08/2012|EPI_ISL_138016|B                                    0.34%    passed    100.00%
  88  EPI356000|HA|B/Florida/01/2012|EPI_ISL_105778|B                                 0.34%    passed    100.00%
  89  EPI356014|HA|B/Kansas/01/2012|EPI_ISL_105783|B                                  0.34%    passed    100.00%
  90  EPI358159|HA|B/Michigan/01/2012|EPI_ISL_107096|B                                0.34%    passed    100.00%
  91  EPI454488|HA|B/Utah/08/2012|EPI_ISL_142590|B                                    0.34%    passed    100.00%
  92  EPI363100|HA|B/Maine/01/2012|EPI_ISL_111441|B                                   0.34%    passed    100.00%
  93  EPI368398|HA|B/New_Hampshire/04/2012|EPI_ISL_117033|B                           0.34%    passed    100.00%
  94  EPI368416|HA|B/Vermont/02/2012|EPI_ISL_117039|B                                 0.34%    passed    100.00%
  95  EPI368749|HA|B/Indiana/01/2012|EPI_ISL_117373|B                                 0.34%    passed    100.00%
  96  EPI368761|HA|B/Texas/05/2012|EPI_ISL_117377|B                                   0.34%    passed    100.00%
  97  EPI373036|HA|B/Florida/04/2012|EPI_ISL_120320|B                                 0.34%    passed    100.00%
  98  EPI373042|HA|B/Connecticut/01/2012|EPI_ISL_120322|B                             0.34%    passed    100.00%
  99  EPI375594|HA|B/New_Hampshire/06/2012|EPI_ISL_121252|B                           0.34%    passed    100.00%
 100  EPI376324|HA|B/Rhode_Island/02/2012|EPI_ISL_121427|B                            0.34%    passed    100.00%
 101  EPI378059|HA|B/Utah/04/2012|EPI_ISL_122113|B                                    0.34%    passed    100.00%
 102  EPI378056|HA|B/Wisconsin/07/2012|EPI_ISL_122112|B                               0.34%    passed    100.00%
 103  EPI378151|HA|B/Wyoming/03/2012|EPI_ISL_122149|B                                 0.34%    passed    100.00%
 104  EPI386057|HA|B/Maryland/06/2012|EPI_ISL_124957|B                                0.34%    passed    100.00%
 105  EPI387960|HA|B/Nevada/10/2012|EPI_ISL_125937|B                                  0.34%    passed    100.00%
 106  EPI393585|HA|B/Florida/22/2012|EPI_ISL_128364|B                                 0.34%    passed    100.00%
 107  EPI393600|HA|B/Alaska/12/2012|EPI_ISL_128369|B                                  0.34%    passed    100.00%
 108  EPI394698|HA|B/California/07/2012|EPI_ISL_128953|B                              0.34%    passed    100.00%
 109  EPI763042|HA|B/South_Australia/36/2012|EPI_ISL_222251|B                         0.34%    passed    100.00%
 110  EPI450395|HA|B/VICTORIA/832/2012|EPI_ISL_141591|B                               0.34%    passed    100.00%
 111  EPI417342|HA|B/BRISBANE/55/2012|EPI_ISL_134487|B                                0.34%    passed    100.00%
 112  EPI417333|HA|B/BRISBANE/140/2012|EPI_ISL_134484|B                               0.34%    passed    100.00%
 113  EPI417426|HA|B/TASMANIA/51/2012|EPI_ISL_134518|B                                0.34%    passed    100.00%
 114  EPI417435|HA|B/VICTORIA/18/2012|EPI_ISL_134521|B                                0.34%    passed    100.00%
 115  EPI417447|HA|B/VICTORIA/824/2012|EPI_ISL_134525|B                               0.34%    passed    100.00%
 116  EPI417459|HA|B/DARWIN/44/2012|EPI_ISL_134529|B                                  0.34%    passed    100.00%
 117  EPI394355|HA|B/CANBERRA/1/2012|EPI_ISL_128712|B                                 0.34%    passed    100.00%
 118  EPI394381|HA|B/CHRISTCHURCH/501/2012|EPI_ISL_128722|B                           0.34%    passed    100.00%
 119  EPI394393|HA|B/SYDNEY/204/2012|EPI_ISL_128726|B                                 0.34%    passed    100.00%
 120  EPI394434|HA|B/PERTH/58/2012|EPI_ISL_128740|B                                   0.00%    passed    100.00%
 121  EPI2120692|HA|B/Victoria/18/2012|EPI_ISL_14284938|B                             0.34%    passed    100.00%
 122  EPI376908|HA|B/DARWIN/8/2012|EPI_ISL_121695|B                                   0.34%    passed    100.00%
 123  VicB_2012_Consensus_Aligned                                                     0.00%    passed    100.00%
 124  VicB_2012_Medoid_Aligned|EPI431334|HA|B/Hong_Kong/3608/2012|EPI_ISL_137204|B    0.34%    passed    100.00%
 125  VicB_2012_Ancestral_Aligned_Node17                                              0.00%    passed    100.00%
 126  VicB_2012_COBRA_Aligned                                                         0.00%    passed    100.00%
****  TOTAL                                                                           0.33%  0 sequences failed composition chi2 test (p-value<5%; df=19)
NOTE: VicB_2012_Medoid_Aligned|EPI431334|HA|B/Hong_Kong/3608/2012|EPI_ISL_137204|B is identical to EPI431334|HA|B/Hong_Kong/3608/2012|EPI_ISL_137204|B but kept for subsequent analysis
NOTE: VicB_2012_Consensus_Aligned is identical to EPI394434|HA|B/PERTH/58/2012|EPI_ISL_128740|B but kept for subsequent analysis
Checking for duplicate sequences: done in 0.0120788 secs using 610% CPU
Identifying sites to remove: done in 0.000421451 secs using 588% CPU
NOTE: 1 identical sequences (see below) will be ignored for subsequent analysis
NOTE: VicB_2012_COBRA_Aligned (identical to EPI394434|HA|B/PERTH/58/2012|EPI_ISL_128740|B) is ignored but added at the end
Alignment was printed to results/per_year_unclustered/VicB/trees/VicB_2012_with_designs.uniqueseq.phy

For your convenience alignment with unique sequences printed to results/per_year_unclustered/VicB/trees/VicB_2012_with_designs.uniqueseq.phy
Creating fast initial parsimony tree by random order stepwise addition...
0.421 seconds, parsimony score: 157 (based on 89 sites)
Generating 1000 samples for ultrafast bootstrap (seed: 932309)...

NOTE: 10 MB RAM (0 GB) is required!
WARNING: Number of threads seems too high for short alignments. Use -T AUTO to determine best number of threads.
Estimate model parameters (epsilon = 0.100)
1. Initial log-likelihood: -3094.946
2. Current log-likelihood: -3069.300
Optimal log-likelihood: -3069.283
Gamma shape alpha: 0.109
Parameters optimization took 2 rounds (0.136 sec)
Wrote distance file to... 
Computing ML distances based on estimated model parameters...
Calculating distance matrix: done in 0.252966 secs using 797.5% CPU
Computing ML distances took 0.253086 sec (of wall-clock time) 2.017435 sec (of CPU time)
Setting up auxiliary I and S matrices: done in 0.00117445 secs using 190.3% CPU
Constructing RapidNJ tree: done in 0.119259 secs using 51.71% CPU
Computing RapidNJ tree took 0.120513 sec (of wall-clock time) 0.063978 sec (of CPU time)
Log-likelihood of RapidNJ tree: -3038.960
--------------------------------------------------------------------
|             INITIALIZING CANDIDATE TREE SET                      |
--------------------------------------------------------------------
Generating 98 parsimony trees... 0.481 second
Computing log-likelihood of 98 initial trees ... 1.925 seconds
Current best score: -3038.543

Do NNI search on 20 best initial trees
Optimizing NNI: done in 0.227273 secs using 795.9% CPU
Estimate model parameters (epsilon = 0.100)
BETTER TREE FOUND at iteration 1: -3038.478
Optimizing NNI: done in 0.233439 secs using 792.2% CPU
Optimizing NNI: done in 0.32917 secs using 793.1% CPU
Estimate model parameters (epsilon = 0.100)
BETTER TREE FOUND at iteration 3: -3037.178
Optimizing NNI: done in 0.235884 secs using 794.6% CPU
Optimizing NNI: done in 0.225269 secs using 794.6% CPU
Optimizing NNI: done in 0.228169 secs using 793.2% CPU
Optimizing NNI: done in 0.231329 secs using 793.2% CPU
Optimizing NNI: done in 0.244389 secs using 792.8% CPU
Optimizing NNI: done in 0.229867 secs using 794.5% CPU
Optimizing NNI: done in 0.22446 secs using 794% CPU
Iteration 10 / LogL: -3041.702 / Time: 0h:0m:6s
Optimizing NNI: done in 0.230988 secs using 792.3% CPU
Optimizing NNI: done in 0.234417 secs using 792.9% CPU
Optimizing NNI: done in 0.22708 secs using 793.9% CPU
Optimizing NNI: done in 0.335111 secs using 793.4% CPU
Optimizing NNI: done in 0.238522 secs using 793.6% CPU
Optimizing NNI: done in 0.22535 secs using 792.6% CPU
Optimizing NNI: done in 0.229545 secs using 795.2% CPU
Optimizing NNI: done in 0.226787 secs using 795.3% CPU
Optimizing NNI: done in 0.230749 secs using 794.5% CPU
Optimizing NNI: done in 0.231453 secs using 795.9% CPU
Iteration 20 / LogL: -3047.540 / Time: 0h:0m:8s
Finish initializing candidate tree set (20)
Current best tree score: -3037.178 / CPU time: 7.423
Number of iterations: 20
--------------------------------------------------------------------
|               OPTIMIZING CANDIDATE TREE SET                      |
--------------------------------------------------------------------
Optimizing NNI: done in 0.485553 secs using 792.9% CPU
Optimizing NNI: done in 0.474017 secs using 793.4% CPU
Optimizing NNI: done in 0.660183 secs using 790.7% CPU
Optimizing NNI: done in 0.597536 secs using 792.7% CPU
Optimizing NNI: done in 0.714754 secs using 793.7% CPU
Optimizing NNI: done in 0.853928 secs using 792.6% CPU
Optimizing NNI: done in 0.465459 secs using 793% CPU
Optimizing NNI: done in 0.468368 secs using 791.8% CPU
Optimizing NNI: done in 0.498304 secs using 793.6% CPU
Optimizing NNI: done in 0.583647 secs using 791.6% CPU
Iteration 30 / LogL: -3044.617 / Time: 0h:0m:14s (0h:0m:35s left)
Optimizing NNI: done in 0.592628 secs using 794.1% CPU
Optimizing NNI: done in 0.556089 secs using 793.3% CPU
Optimizing NNI: done in 0.576396 secs using 793.2% CPU
Optimizing NNI: done in 0.561296 secs using 795.2% CPU
Optimizing NNI: done in 0.545072 secs using 793.3% CPU
Optimizing NNI: done in 0.609339 secs using 793.7% CPU
Optimizing NNI: done in 0.926068 secs using 792.7% CPU
Optimizing NNI: done in 0.603583 secs using 793% CPU
Optimizing NNI: done in 0.375668 secs using 792.7% CPU
Optimizing NNI: done in 0.684183 secs using 792.8% CPU
Iteration 40 / LogL: -3037.182 / Time: 0h:0m:20s (0h:0m:32s left)
Optimizing NNI: done in 0.589512 secs using 791.6% CPU
Optimizing NNI: done in 0.46239 secs using 792.7% CPU
Optimizing NNI: done in 0.414553 secs using 794.6% CPU
Optimizing NNI: done in 0.672766 secs using 793% CPU
Optimizing NNI: done in 0.564867 secs using 794% CPU
Optimizing NNI: done in 0.77373 secs using 793.2% CPU
Optimizing NNI: done in 0.455239 secs using 794% CPU
Optimizing NNI: done in 0.58747 secs using 793.1% CPU
Optimizing NNI: done in 0.592938 secs using 793.8% CPU
Optimizing NNI: done in 0.466495 secs using 794.8% CPU
Iteration 50 / LogL: -3052.205 / Time: 0h:0m:26s (0h:0m:27s left)
Log-likelihood cutoff on original alignment: -3062.943
Optimizing NNI: done in 0.770306 secs using 792.6% CPU
Optimizing NNI: done in 0.58193 secs using 793.3% CPU
Optimizing NNI: done in 0.49621 secs using 792.4% CPU
Optimizing NNI: done in 0.475106 secs using 793% CPU
Optimizing NNI: done in 0.265305 secs using 792% CPU
Optimizing NNI: done in 0.558096 secs using 791.9% CPU
Optimizing NNI: done in 0.521341 secs using 791.8% CPU
Optimizing NNI: done in 0.794892 secs using 793.3% CPU
Optimizing NNI: done in 0.499445 secs using 794% CPU
Optimizing NNI: done in 0.499371 secs using 793% CPU
Iteration 60 / LogL: -3041.732 / Time: 0h:0m:32s (0h:0m:23s left)
Optimizing NNI: done in 0.485543 secs using 793.9% CPU
Optimizing NNI: done in 0.61581 secs using 793.2% CPU
Optimizing NNI: done in 0.567938 secs using 793.2% CPU
Optimizing NNI: done in 0.579561 secs using 793.4% CPU
Optimizing NNI: done in 0.494033 secs using 793.1% CPU
Optimizing NNI: done in 0.699036 secs using 793.3% CPU
Optimizing NNI: done in 0.493634 secs using 791.8% CPU
Optimizing NNI: done in 0.716762 secs using 792.6% CPU
Optimizing NNI: done in 0.560988 secs using 792.4% CPU
Optimizing NNI: done in 0.815161 secs using 792.4% CPU
Iteration 70 / LogL: -3037.179 / Time: 0h:0m:38s (0h:0m:18s left)
Optimizing NNI: done in 0.470219 secs using 794.2% CPU
Optimizing NNI: done in 0.575388 secs using 793.2% CPU
Optimizing NNI: done in 0.603167 secs using 793.5% CPU
Optimizing NNI: done in 0.675648 secs using 793.3% CPU
Optimizing NNI: done in 0.720729 secs using 793.5% CPU
Optimizing NNI: done in 0.477794 secs using 793.8% CPU
Optimizing NNI: done in 0.623367 secs using 793.1% CPU
Optimizing NNI: done in 0.578761 secs using 793.5% CPU
Optimizing NNI: done in 0.443268 secs using 793.1% CPU
Optimizing NNI: done in 0.479384 secs using 792.9% CPU
Iteration 80 / LogL: -3044.252 / Time: 0h:0m:44s (0h:0m:12s left)
Optimizing NNI: done in 0.469201 secs using 793.4% CPU
Optimizing NNI: done in 0.431924 secs using 794.5% CPU
Optimizing NNI: done in 0.467546 secs using 794.4% CPU
Optimizing NNI: done in 0.794422 secs using 791.9% CPU
Optimizing NNI: done in 0.349947 secs using 792.9% CPU
Optimizing NNI: done in 0.74692 secs using 792.6% CPU
Optimizing NNI: done in 0.501596 secs using 793.8% CPU
Optimizing NNI: done in 0.612962 secs using 794.7% CPU
Optimizing NNI: done in 0.606505 secs using 792% CPU
Optimizing NNI: done in 0.459621 secs using 793.5% CPU
Iteration 90 / LogL: -3043.669 / Time: 0h:0m:49s (0h:0m:7s left)
Optimizing NNI: done in 0.481248 secs using 793% CPU
Optimizing NNI: done in 0.601687 secs using 793.9% CPU
Optimizing NNI: done in 0.791169 secs using 794.1% CPU
Optimizing NNI: done in 0.691954 secs using 793.8% CPU
Optimizing NNI: done in 0.569879 secs using 792.7% CPU
Optimizing NNI: done in 0.472688 secs using 793.9% CPU
Optimizing NNI: done in 0.587837 secs using 793.7% CPU
Optimizing NNI: done in 0.494588 secs using 794.3% CPU
Optimizing NNI: done in 0.792732 secs using 793.3% CPU
Optimizing NNI: done in 0.711168 secs using 793% CPU
Iteration 100 / LogL: -3037.181 / Time: 0h:0m:56s (0h:0m:1s left)
Log-likelihood cutoff on original alignment: -3063.813
NOTE: Bootstrap correlation coefficient of split occurrence frequencies: 0.991
Optimizing NNI: done in 0.744596 secs using 793.9% CPU
Optimizing NNI: done in 0.527108 secs using 793.2% CPU
BETTER TREE FOUND at iteration 102: -3037.178
Optimizing NNI: done in 0.578613 secs using 793.3% CPU
Optimizing NNI: done in 0.502341 secs using 794% CPU
Optimizing NNI: done in 0.625681 secs using 793.7% CPU
Optimizing NNI: done in 0.758771 secs using 792.6% CPU
Optimizing NNI: done in 0.591896 secs using 793.9% CPU
Optimizing NNI: done in 0.466944 secs using 793% CPU
Optimizing NNI: done in 0.493431 secs using 792.7% CPU
Optimizing NNI: done in 0.579222 secs using 792.5% CPU
Iteration 110 / LogL: -3041.336 / Time: 0h:1m:2s (0h:0m:52s left)
Optimizing NNI: done in 0.481664 secs using 792.9% CPU
Optimizing NNI: done in 0.495839 secs using 793.6% CPU
Optimizing NNI: done in 0.471547 secs using 793.2% CPU
Optimizing NNI: done in 0.692704 secs using 792.2% CPU
Optimizing NNI: done in 0.463486 secs using 793.8% CPU
Optimizing NNI: done in 0.716735 secs using 792.7% CPU
Optimizing NNI: done in 0.662841 secs using 792.4% CPU
Optimizing NNI: done in 0.908166 secs using 793% CPU
Optimizing NNI: done in 0.479501 secs using 793.6% CPU
Optimizing NNI: done in 0.805925 secs using 793.3% CPU
Iteration 120 / LogL: -3037.178 / Time: 0h:1m:9s (0h:0m:47s left)
Optimizing NNI: done in 0.611481 secs using 794.6% CPU
Optimizing NNI: done in 0.469665 secs using 794.2% CPU
Optimizing NNI: done in 0.478573 secs using 793.2% CPU
Optimizing NNI: done in 0.657482 secs using 792.7% CPU
Optimizing NNI: done in 0.593455 secs using 793.8% CPU
Optimizing NNI: done in 0.486556 secs using 794.6% CPU
Optimizing NNI: done in 0.597493 secs using 793.4% CPU
Optimizing NNI: done in 0.562309 secs using 793.6% CPU
Optimizing NNI: done in 0.562741 secs using 793.4% CPU
Optimizing NNI: done in 0.482661 secs using 792.6% CPU
Iteration 130 / LogL: -3037.692 / Time: 0h:1m:15s (0h:0m:41s left)
Optimizing NNI: done in 0.829266 secs using 794.4% CPU
Optimizing NNI: done in 0.68176 secs using 793.8% CPU
Optimizing NNI: done in 0.672104 secs using 793.4% CPU
Optimizing NNI: done in 0.637221 secs using 794.2% CPU
Optimizing NNI: done in 0.574767 secs using 793.5% CPU
Optimizing NNI: done in 0.714092 secs using 793% CPU
Optimizing NNI: done in 0.950261 secs using 792.7% CPU
Optimizing NNI: done in 0.609196 secs using 793.3% CPU
Optimizing NNI: done in 0.728901 secs using 793.3% CPU
Optimizing NNI: done in 0.357003 secs using 794.2% CPU
Iteration 140 / LogL: -3052.681 / Time: 0h:1m:22s (0h:0m:36s left)
Optimizing NNI: done in 0.565624 secs using 793.6% CPU
Optimizing NNI: done in 0.574146 secs using 794.2% CPU
Optimizing NNI: done in 0.499375 secs using 792.7% CPU
Optimizing NNI: done in 0.606762 secs using 793.5% CPU
BETTER TREE FOUND at iteration 144: -3037.177
Optimizing NNI: done in 0.56334 secs using 795.1% CPU
Optimizing NNI: done in 0.506518 secs using 792.9% CPU
Optimizing NNI: done in 0.789899 secs using 793.8% CPU
Optimizing NNI: done in 0.696281 secs using 793.1% CPU
Optimizing NNI: done in 0.586524 secs using 794% CPU
Optimizing NNI: done in 0.869597 secs using 792.1% CPU
Iteration 150 / LogL: -3049.521 / Time: 0h:1m:28s (0h:0m:55s left)
Log-likelihood cutoff on original alignment: -3063.813
Optimizing NNI: done in 0.432492 secs using 792.4% CPU
Optimizing NNI: done in 0.497458 secs using 795.6% CPU
Optimizing NNI: done in 0.534764 secs using 793.9% CPU
Optimizing NNI: done in 0.71715 secs using 794% CPU
Optimizing NNI: done in 0.792845 secs using 793.4% CPU
Optimizing NNI: done in 0.586296 secs using 792.3% CPU
Optimizing NNI: done in 0.500731 secs using 793.1% CPU
Optimizing NNI: done in 0.590032 secs using 792.3% CPU
Optimizing NNI: done in 0.46183 secs using 794% CPU
Optimizing NNI: done in 0.484473 secs using 792.1% CPU
Iteration 160 / LogL: -3045.743 / Time: 0h:1m:35s (0h:0m:49s left)
Optimizing NNI: done in 0.485737 secs using 793.3% CPU
Optimizing NNI: done in 0.479011 secs using 793.6% CPU
Optimizing NNI: done in 0.556648 secs using 793.5% CPU
Optimizing NNI: done in 0.271609 secs using 794.1% CPU
Optimizing NNI: done in 0.577396 secs using 793.5% CPU
Optimizing NNI: done in 0.591327 secs using 794.4% CPU
Optimizing NNI: done in 0.4688 secs using 793% CPU
Optimizing NNI: done in 0.579339 secs using 793.6% CPU
Optimizing NNI: done in 0.461258 secs using 793.9% CPU
Optimizing NNI: done in 0.474681 secs using 793.4% CPU
Iteration 170 / LogL: -3037.179 / Time: 0h:1m:40s (0h:0m:43s left)
Optimizing NNI: done in 0.583867 secs using 792.8% CPU
Optimizing NNI: done in 0.683994 secs using 793.4% CPU
Optimizing NNI: done in 0.673764 secs using 793.9% CPU
Optimizing NNI: done in 0.724423 secs using 793.6% CPU
Optimizing NNI: done in 0.451296 secs using 794.7% CPU
Optimizing NNI: done in 0.683515 secs using 794.2% CPU
Optimizing NNI: done in 0.455582 secs using 793.4% CPU
Optimizing NNI: done in 0.347942 secs using 790.9% CPU
Optimizing NNI: done in 0.532759 secs using 792.8% CPU
Optimizing NNI: done in 0.542387 secs using 791.6% CPU
Iteration 180 / LogL: -3037.179 / Time: 0h:1m:46s (0h:0m:37s left)
Optimizing NNI: done in 0.62997 secs using 792.7% CPU
Optimizing NNI: done in 0.864868 secs using 793.7% CPU
Optimizing NNI: done in 0.470525 secs using 794.8% CPU
Optimizing NNI: done in 0.499488 secs using 792.8% CPU
Optimizing NNI: done in 0.490094 secs using 793.1% CPU
Optimizing NNI: done in 0.494077 secs using 793.5% CPU
Optimizing NNI: done in 0.571842 secs using 793.4% CPU
Optimizing NNI: done in 0.535798 secs using 793.1% CPU
Optimizing NNI: done in 0.572093 secs using 793% CPU
Optimizing NNI: done in 0.611633 secs using 794.4% CPU
Iteration 190 / LogL: -3037.179 / Time: 0h:1m:52s (0h:0m:32s left)
Optimizing NNI: done in 0.808422 secs using 793.3% CPU
Optimizing NNI: done in 0.655478 secs using 792.8% CPU
Optimizing NNI: done in 0.678519 secs using 793.5% CPU
Optimizing NNI: done in 0.824896 secs using 793.3% CPU
Optimizing NNI: done in 0.786881 secs using 793.6% CPU
Optimizing NNI: done in 0.70064 secs using 793.3% CPU
Optimizing NNI: done in 0.596506 secs using 793.3% CPU
Optimizing NNI: done in 0.367275 secs using 793.5% CPU
Optimizing NNI: done in 0.574657 secs using 793.5% CPU
Optimizing NNI: done in 0.568943 secs using 793.4% CPU
Iteration 200 / LogL: -3037.180 / Time: 0h:1m:59s (0h:0m:26s left)
Log-likelihood cutoff on original alignment: -3063.813
NOTE: Bootstrap correlation coefficient of split occurrence frequencies: 0.997
Optimizing NNI: done in 0.623606 secs using 795.1% CPU
Optimizing NNI: done in 0.573594 secs using 791.9% CPU
Optimizing NNI: done in 0.538926 secs using 793.8% CPU
Optimizing NNI: done in 0.620316 secs using 792.8% CPU
Optimizing NNI: done in 0.530753 secs using 794% CPU
Optimizing NNI: done in 0.589691 secs using 791.3% CPU
Optimizing NNI: done in 0.585211 secs using 793.7% CPU
Optimizing NNI: done in 0.628695 secs using 792.7% CPU
Optimizing NNI: done in 0.547491 secs using 793.3% CPU
Optimizing NNI: done in 0.355797 secs using 793.7% CPU
Iteration 210 / LogL: -3037.179 / Time: 0h:2m:5s (0h:0m:54s left)
Optimizing NNI: done in 0.683186 secs using 793.5% CPU
Optimizing NNI: done in 0.591349 secs using 793.4% CPU
Optimizing NNI: done in 0.60328 secs using 793.6% CPU
Optimizing NNI: done in 0.698339 secs using 793.8% CPU
Optimizing NNI: done in 0.61187 secs using 794.6% CPU
Optimizing NNI: done in 0.520828 secs using 793.6% CPU
Optimizing NNI: done in 0.364289 secs using 794% CPU
Optimizing NNI: done in 0.479774 secs using 794.5% CPU
Optimizing NNI: done in 0.791994 secs using 793.2% CPU
Optimizing NNI: done in 0.613472 secs using 794.6% CPU
Iteration 220 / LogL: -3044.253 / Time: 0h:2m:12s (0h:0m:48s left)
Optimizing NNI: done in 0.492855 secs using 792.4% CPU
Optimizing NNI: done in 0.629415 secs using 793.9% CPU
Optimizing NNI: done in 0.48815 secs using 791.4% CPU
Optimizing NNI: done in 0.754787 secs using 792.7% CPU
Optimizing NNI: done in 0.364501 secs using 792.3% CPU
Optimizing NNI: done in 0.354601 secs using 794.7% CPU
Optimizing NNI: done in 0.48113 secs using 792.4% CPU
Optimizing NNI: done in 0.468811 secs using 795.1% CPU
Optimizing NNI: done in 0.595002 secs using 793.5% CPU
Optimizing NNI: done in 0.498969 secs using 794.8% CPU
Iteration 230 / LogL: -3037.179 / Time: 0h:2m:17s (0h:0m:42s left)
Optimizing NNI: done in 0.601133 secs using 792.8% CPU
Optimizing NNI: done in 0.615506 secs using 794.4% CPU
Optimizing NNI: done in 0.526942 secs using 793.7% CPU
Optimizing NNI: done in 0.622254 secs using 793.6% CPU
Optimizing NNI: done in 0.495396 secs using 793.3% CPU
Optimizing NNI: done in 0.744317 secs using 792.6% CPU
Optimizing NNI: done in 0.597468 secs using 793.1% CPU
Optimizing NNI: done in 0.737431 secs using 792.6% CPU
Optimizing NNI: done in 0.564526 secs using 792.8% CPU
Optimizing NNI: done in 0.592719 secs using 793.3% CPU
Iteration 240 / LogL: -3037.181 / Time: 0h:2m:24s (0h:0m:36s left)
Optimizing NNI: done in 0.615498 secs using 794.1% CPU
Optimizing NNI: done in 0.483238 secs using 792.6% CPU
Optimizing NNI: done in 0.715323 secs using 793.3% CPU
Optimizing NNI: done in 0.893419 secs using 793.6% CPU
Optimizing NNI: done in 0.582681 secs using 794.4% CPU
TREE SEARCH COMPLETED AFTER 245 ITERATIONS / Time: 0h:2m:28s

--------------------------------------------------------------------
|                    FINALIZING TREE SEARCH                        |
--------------------------------------------------------------------
Performs final model parameters optimization
Estimate model parameters (epsilon = 0.010)
1. Initial log-likelihood: -3037.177
Optimal log-likelihood: -3037.177
Gamma shape alpha: 0.127
Parameters optimization took 1 rounds (0.068 sec)
BEST SCORE FOUND : -3037.177
Creating bootstrap support values...
Split supports printed to NEXUS file results/per_year_unclustered/VicB/trees/VicB_2012_with_designs.splits.nex
Total tree length: 0.279

Total number of iterations: 245
CPU time used for tree search: 1122.946 sec (0h:18m:42s)
Wall-clock time used for tree search: 147.055 sec (0h:2m:27s)
Total CPU time used: 1130.999 sec (0h:18m:50s)
Total wall-clock time used: 148.540 sec (0h:2m:28s)

Computing bootstrap consensus tree...
Reading input file results/per_year_unclustered/VicB/trees/VicB_2012_with_designs.splits.nex...
125 taxa and 4722 splits.
Consensus tree written to results/per_year_unclustered/VicB/trees/VicB_2012_with_designs.contree
Reading input trees file results/per_year_unclustered/VicB/trees/VicB_2012_with_designs.contree
Log-likelihood of consensus tree: -3037.295

Analysis results written to: 
  IQ-TREE report:                results/per_year_unclustered/VicB/trees/VicB_2012_with_designs.iqtree
  Maximum-likelihood tree:       results/per_year_unclustered/VicB/trees/VicB_2012_with_designs.treefile
  Likelihood distances:          results/per_year_unclustered/VicB/trees/VicB_2012_with_designs.mldist

Ultrafast bootstrap approximation results written to:
  Split support values:          results/per_year_unclustered/VicB/trees/VicB_2012_with_designs.splits.nex
  Consensus tree:                results/per_year_unclustered/VicB/trees/VicB_2012_with_designs.contree
  Screen log file:               results/per_year_unclustered/VicB/trees/VicB_2012_with_designs.log

Date and Time: Sat Nov 22 10:28:53 2025
