IQ-TREE version 3.0.1 for Linux x86 64-bit built Jul  9 2025
Developed by Bui Quang Minh, Thomas Wong, Nhan Ly-Trong, Huaiyan Ren
Contributed by Lam-Tung Nguyen, Dominik Schrempf, Chris Bielow,
Olga Chernomor, Michael Woodhams, Diep Thi Hoang, Heiko Schmidt

Host:    rtis-hpc-r01.uod.otago.ac.nz (AVX2, FMA3, 1007 GB RAM)
Command: iqtree -s results/per_year_unclustered/VicB/alignments/VicB_2017_aligned.fasta -m LG+G4 -te results/per_year_unclustered/VicB/trees/VicB_2017.treefile -asr -pre results/per_year_unclustered/VicB/trees/VicB_2017_asr -redo -quiet
Seed:    552870 (Using SPRNG - Scalable Parallel Random Number Generator)
Time:    Sat Nov 22 10:53:48 2025
Kernel:  AVX+FMA - 1 threads (8 CPU cores detected)

HINT: Use -nt option to specify number of threads because your CPU has 8 cores!
HINT: -nt AUTO will automatically determine the best number of threads to use.

Reading alignment file results/per_year_unclustered/VicB/alignments/VicB_2017_aligned.fasta ... Fasta format detected
Reading fasta file: done in 0.00221842 secs using 87.4% CPU
Alignment most likely contains protein sequences
Constructing alignment: done in 0.00093281 secs using 99.38% CPU
Alignment has 268 sequences with 585 columns, 196 distinct patterns
70 parsimony-informative, 106 singleton sites, 409 constant sites
                                                                Gap/Ambiguity  Composition  p-value
Analyzing sequences: done in 9.46978e-05 secs using 99.26% CPU
   1  EPI1158001|HA|B/Hong_Kong/1089/2017|EPI_ISL_294975|B              0.00%    passed    100.00%
   2  EPI1158011|HA|B/Hong_Kong/1095/2017|EPI_ISL_294980|B              0.51%    passed    100.00%
   3  EPI1158009|HA|B/Hong_Kong/1094/2017|EPI_ISL_294979|B              0.00%    passed    100.00%
   4  EPI1158031|HA|B/Hong_Kong/695/2017|EPI_ISL_294990|B               0.00%    passed    100.00%
   5  EPI1158023|HA|B/Hong_Kong/1118/2017|EPI_ISL_294986|B              0.00%    passed    100.00%
   6  EPI3230642|HA|B/Okinawa/16T022/2017|EPI_ISL_19071163|B            0.00%    passed    100.00%
   7  EPI3230634|HA|B/Okinawa/16T016/2017|EPI_ISL_19071162|B            0.00%    passed    100.00%
   8  EPI994761|HA|B/Maldives/49/2017|EPI_ISL_262781|B                  0.00%    passed    100.00%
   9  EPI1164055|HA|B/Laos/F1664/2017|EPI_ISL_296175|B                  0.51%    passed    100.00%
  10  EPI1167080|HA|B/Bangladesh/1312/2017|EPI_ISL_296624|B             0.00%    passed    100.00%
  11  EPI1168584|HA|B/Guizhou-Honghuagang/1952/2017|EPI_ISL_297019|B    0.00%    passed    100.00%
  12  EPI1168614|HA|B/Hunan-Yuhua/11919/2017|EPI_ISL_297029|B           0.00%    passed    100.00%
  13  EPI1168599|HA|B/Hubei-Zhangwan/36/2017|EPI_ISL_297024|B           0.51%    passed    100.00%
  14  EPI1004798|HA|B/Almaty/ZVL599/2017|EPI_ISL_264549|B               0.00%    passed    100.00%
  15  EPI1004818|HA|B/SAITAMA-C/1/2017|EPI_ISL_265151|B                 0.00%    passed    100.00%
  16  EPI1004826|HA|B/TOCHIGI/17218/2017|EPI_ISL_265155|B               0.00%    passed    100.00%
  17  EPI1004846|HA|B/SAITAMA/93/2017|EPI_ISL_265165|B                  0.00%    passed    100.00%
  18  EPI1004836|HA|B/SAGA/73/2017|EPI_ISL_265160|B                     0.00%    passed    100.00%
  19  EPI1172916|HA|B/Astana/ZVL988/2017|EPI_ISL_297936|B               0.00%    passed    100.00%
  20  EPI1174863|HA|B/Bangladesh/1221/2017|EPI_ISL_298413|B             0.00%    passed    100.00%
  21  EPI1174879|HA|B/Bangladesh/1302/2017|EPI_ISL_298415|B             0.00%    passed    100.00%
  22  EPI1174887|HA|B/Bangladesh/1294/2017|EPI_ISL_298416|B             0.00%    passed    100.00%
  23  EPI1177451|HA|B/Ankara/1110/2017|EPI_ISL_299074|B                 0.00%    passed    100.00%
  24  EPI1177508|HA|B/Kazakhstan/7527/2017|EPI_ISL_299103|B             0.00%    passed    100.00%
  25  EPI1492118|HA|B/Ashgabat/5/2017|EPI_ISL_364905|B                  0.00%    passed    100.00%
  26  EPI1179385|HA|B/Sri_Lanka/14/2017|EPI_ISL_299620|B                0.00%    passed    100.00%
  27  EPI1179379|HA|B/Sri_Lanka/19/2017|EPI_ISL_299617|B                0.00%    passed    100.00%
  28  EPI1179623|HA|B/Philippines/13/2017|EPI_ISL_299708|B              0.00%    passed    100.00%
  29  EPI1182265|HA|B/Hong_Kong/1133/2017|EPI_ISL_300118|B              0.51%    passed    100.00%
  30  EPI1182280|HA|B/Hong_Kong/1148/2017|EPI_ISL_300120|B              0.00%    passed    100.00%
  31  EPI1012520|HA|B/KANAGAWA/5/2017|EPI_ISL_267598|B                  0.00%    passed    100.00%
  32  EPI1012576|HA|B/KOBE/871/2017|EPI_ISL_267605|B                    0.00%    passed    100.00%
  33  EPI1012584|HA|B/GUNMA/82/2017|EPI_ISL_267606|B                    0.00%    passed    100.00%
  34  EPI1012544|HA|B/SHIZUOKA/48/2017|EPI_ISL_267601|B                 0.00%    passed    100.00%
  35  EPI1012552|HA|B/OITA/8/2017|EPI_ISL_267602|B                      0.00%    passed    100.00%
  36  EPI1012560|HA|B/HYOGO/3233/2017|EPI_ISL_267603|B                  0.00%    passed    100.00%
  37  EPI1012762|HA|B/Kyrgyzstan/119/2017|EPI_ISL_267629|B              0.00%    passed    100.00%
  38  EPI1012738|HA|B/Kyrgyzstan/115/2017|EPI_ISL_267626|B              0.00%    passed    100.00%
  39  EPI1012786|HA|B/Kyrgyzstan/125/2017|EPI_ISL_267632|B              0.00%    passed    100.00%
  40  EPI1012802|HA|B/Kyrgyzstan/136/2017|EPI_ISL_267634|B              0.00%    passed    100.00%
  41  EPI1012952|HA|B/Kyrgyzstan/99/2017|EPI_ISL_267653|B               0.00%    passed    100.00%
  42  EPI1187942|HA|B/Laos/F2882/2017|EPI_ISL_301183|B                  0.00%    passed    100.00%
  43  EPI1017848|HA|B/Bangladesh/3004/2017|EPI_ISL_268468|B             0.00%    passed    100.00%
  44  EPI1020317|HA|B/Kazakhstan/6718/2017|EPI_ISL_268827|B             0.00%    passed    100.00%
  45  EPI1340173|HA|B/Chongqing-Yongchuan/331/2017|EPI_ISL_334877|B     0.00%    passed    100.00%
  46  EPI1340185|HA|B/Neimenggu-Keerqin/1544/2017|EPI_ISL_334881|B      0.00%    passed    100.00%
  47  EPI1340191|HA|B/Chongqing-Fuling/1886/2017|EPI_ISL_334883|B       0.00%    passed    100.00%
  48  EPI1340239|HA|B/Guangxi-Youjiang/1928/2017|EPI_ISL_334899|B       0.00%    passed    100.00%
  49  EPI1192388|HA|B/NAGANO/2774/2017|EPI_ISL_302254|B                 0.00%    passed    100.00%
  50  EPI1192390|HA|B/GIFU/65/2017|EPI_ISL_302255|B                     0.00%    passed    100.00%
  51  EPI1192396|HA|B/NAGANO/2778/2017|EPI_ISL_302258|B                 0.00%    passed    100.00%
  52  EPI1022583|HA|B/NAGANO/2272/2017|EPI_ISL_269500|B                 0.00%    passed    100.00%
  53  EPI1022575|HA|B/Laos/F0318/2017|EPI_ISL_269496|B                  0.00%    passed    100.00%
  54  EPI1022730|HA|B/Hong_Kong/218/2017|EPI_ISL_269532|B               0.00%    passed    100.00%
  55  EPI1022732|HA|B/Hong_Kong/219/2017|EPI_ISL_269533|B               0.00%    passed    100.00%
  56  EPI1022724|HA|B/Hong_Kong/194/2017|EPI_ISL_269528|B               0.00%    passed    100.00%
  57  EPI1022738|HA|B/Hong_Kong/245/2017|EPI_ISL_269536|B               0.00%    passed    100.00%
  58  EPI1340969|HA|B/shenzhen/2018-28141/2017|EPI_ISL_335141|B         0.00%    passed    100.00%
  59  EPI1340975|HA|B/shenzhen/2018-28139/2017|EPI_ISL_335143|B         0.00%    passed    100.00%
  60  EPI1341140|HA|B/shenzhen/2018-22502/2017|EPI_ISL_335198|B         0.00%    passed    100.00%
  61  EPI1023354|HA|B/Singapore/TT0739/2017|EPI_ISL_269672|B            0.00%    passed    100.00%
  62  EPI1023378|HA|B/Singapore/KK0243/2017|EPI_ISL_269675|B            0.00%    passed    100.00%
  63  EPI1025438|HA|B/Bangladesh/8008/2017|EPI_ISL_269991|B             0.00%    passed    100.00%
  64  EPI1198131|HA|B/Hubei-Jiangan/1974/2017|EPI_ISL_303188|B          0.51%    passed    100.00%
  65  EPI1029940|HA|B/Hubei-Shashi/1244/2017|EPI_ISL_270612|B           0.00%    passed    100.00%
  66  EPI1029937|HA|B/Jiangsu-Gaoyou/1396/2017|EPI_ISL_270611|B         0.00%    passed    100.00%
  67  EPI1029964|HA|B/Anhui-Dangtu/1136/2017|EPI_ISL_270620|B           0.00%    passed    100.00%
  68  EPI1029970|HA|B/Zhejiang-Haishu/1806/2017|EPI_ISL_270622|B        0.00%    passed    100.00%
  69  EPI1030165|HA|B/Shanghai-Baoshan/1325/2017|EPI_ISL_270687|B       0.00%    passed    100.00%
  70  EPI1030147|HA|B/Sichuan-Dongxin/1297/2017|EPI_ISL_270681|B        0.00%    passed    100.00%
  71  EPI1030168|HA|B/Zhejiang-Lucheng/1434/2017|EPI_ISL_270688|B       0.00%    passed    100.00%
  72  EPI1030258|HA|B/Zhejiang-Xiacheng/1233/2017|EPI_ISL_270718|B      0.00%    passed    100.00%
  73  EPI1030249|HA|B/Guangxi-Lingshan/35/2017|EPI_ISL_270715|B         0.00%    passed    100.00%
  74  EPI1030267|HA|B/Guangxi-Xixiangtang/1136/2017|EPI_ISL_270721|B    0.00%    passed    100.00%
  75  EPI1030318|HA|B/Hubei-Echeng/11730/2017|EPI_ISL_270738|B          0.00%    passed    100.00%
  76  EPI1033142|HA|B/OKAYAMA/3/2017|EPI_ISL_271956|B                   0.00%    passed    100.00%
  77  EPI1033134|HA|B/EHIME/3/2017|EPI_ISL_271952|B                     0.00%    passed    100.00%
  78  EPI1033154|HA|B/KITAKYUSYU/5/2017|EPI_ISL_271962|B                0.00%    passed    100.00%
  79  EPI1033878|HA|B/Bangladesh/0010/2017|EPI_ISL_272618|B             0.00%    passed    100.00%
  80  EPI1036470|HA|B/Georgia/566/2017|EPI_ISL_273308|B                 0.00%    passed    100.00%
  81  EPI1036494|HA|B/Georgia/523/2017|EPI_ISL_273320|B                 0.00%    passed    100.00%
  82  EPI1211661|HA|B/Philippines/0875/2017|EPI_ISL_306117|B            0.00%    passed    100.00%
  83  EPI1046028|HA|B/Ankara/561/2017|EPI_ISL_275444|B                  0.00%    passed    100.00%
  84  EPI1046025|HA|B/Ankara/551/2017|EPI_ISL_275443|B                  0.00%    passed    100.00%
  85  EPI1052103|HA|B/Bangladesh/1003/2017|EPI_ISL_276469|B             0.00%    passed    100.00%
  86  EPI1052664|HA|B/Hong_Kong/283/2017|EPI_ISL_276541|B               0.00%    passed    100.00%
  87  EPI1054180|HA|B/KANAGAWA/IC1647/2017|EPI_ISL_276793|B             0.00%    passed    100.00%
  88  EPI1054216|HA|B/FUKUI/12/2017|EPI_ISL_276811|B                    0.00%    passed    100.00%
  89  EPI1057984|HA|B/NAGANO-C/39/2017|EPI_ISL_277458|B                 0.00%    passed    100.00%
  90  EPI1059616|HA|B/TOKYO/17111/2017|EPI_ISL_277718|B                 0.00%    passed    100.00%
  91  EPI1059628|HA|B/NIIGATA-C/22/2017|EPI_ISL_277724|B                0.00%    passed    100.00%
  92  EPI1059624|HA|B/KAGOSHIMA/4067/2017|EPI_ISL_277722|B              0.00%    passed    100.00%
  93  EPI1062358|HA|B/Jiangxi-Yuehu/1589/2017|EPI_ISL_278527|B          0.00%    passed    100.00%
  94  EPI1062361|HA|B/Shanghai-Chongming/1638/2017|EPI_ISL_278528|B     0.00%    passed    100.00%
  95  EPI1062388|HA|B/Yunnan-Wenshan/1619/2017|EPI_ISL_278537|B         0.00%    passed    100.00%
  96  EPI1062757|HA|B/Guangxi-Hengxian/335/2017|EPI_ISL_278660|B        0.00%    passed    100.00%
  97  EPI1062760|HA|B/Sichuan-Jiangyang/1904/2017|EPI_ISL_278661|B      0.00%    passed    100.00%
  98  EPI1062763|HA|B/Shanghai-Putuo/1407/2017|EPI_ISL_278662|B         0.00%    passed    100.00%
  99  EPI1062754|HA|B/Anhui-Huashan/1275/2017|EPI_ISL_278659|B          0.00%    passed    100.00%
 100  EPI1062769|HA|B/Guizhou-Kaili/8103/2017|EPI_ISL_278664|B          0.00%    passed    100.00%
 101  EPI1062772|HA|B/Shanghai-Changning/1405/2017|EPI_ISL_278665|B     0.00%    passed    100.00%
 102  EPI1062802|HA|B/Jiangsu-Gaoyou/1585/2017|EPI_ISL_278675|B         0.00%    passed    100.00%
 103  EPI1062877|HA|B/Yunnan-Anning/1391/2017|EPI_ISL_278700|B          0.00%    passed    100.00%
 104  EPI1062871|HA|B/Zhejiang-Nanhu/1345/2017|EPI_ISL_278698|B         0.00%    passed    100.00%
 105  EPI1062874|HA|B/Hubei-Echeng/38/2017|EPI_ISL_278699|B             0.00%    passed    100.00%
 106  EPI1381174|HA|B/Colorado/06/2017|EPI_ISL_344415|B                 0.34%    passed    100.00%
 107  EPI1064984|HA|B/KANAGAWA/AC1629/2017|EPI_ISL_279046|B             0.00%    passed    100.00%
 108  EPI1064998|HA|B/KANAGAWA/AC1635/2017|EPI_ISL_279053|B             0.00%    passed    100.00%
 109  EPI1065000|HA|B/KANAGAWA/IC1644/2017|EPI_ISL_279054|B             0.00%    passed    100.00%
 110  EPI1064994|HA|B/KANAGAWA/IC1639/2017|EPI_ISL_279051|B             0.00%    passed    100.00%
 111  EPI1244612|HA|B/KOCHI/106/2017|EPI_ISL_312695|B                   0.00%    passed    100.00%
 112  EPI1244572|HA|B/KAWASAKI/79/2017|EPI_ISL_312690|B                 0.00%    passed    100.00%
 113  EPI1078781|HA|B/India/7284/2017|EPI_ISL_281651|B                  0.00%    passed    100.00%
 114  EPI1082654|HA|B/Cambodia/FSS34628/2017|EPI_ISL_282297|B           0.00%    passed    100.00%
 115  EPI1085159|HA|B/KANAGAWA/ZC1701/2017|EPI_ISL_282747|B             0.00%    passed    100.00%
 116  EPI1399085|HA|B/Taiwan/78141/2017|EPI_ISL_348566|B                0.00%    passed    100.00%
 117  EPI1094264|HA|B/Laos/1675/2017|EPI_ISL_284124|B                   0.51%    passed    100.00%
 118  EPI1094272|HA|B/Laos/2106/2017|EPI_ISL_284125|B                   0.51%    passed    100.00%
 119  EPI1094280|HA|B/Laos/2152/2017|EPI_ISL_284126|B                   0.51%    passed    100.00%
 120  EPI1105670|HA|B/Bangladesh/2014/2017|EPI_ISL_285817|B             0.00%    passed    100.00%
 121  EPI1106277|HA|B/Guangxi-Yuzhou/1773/2017|EPI_ISL_285912|B         0.00%    passed    100.00%
 122  EPI1106283|HA|B/Jiangsu-Qingpu/1932/2017|EPI_ISL_285914|B         0.00%    passed    100.00%
 123  EPI944064|HA|B/Jiangsu-Haizhou/123/2017|EPI_ISL_253322|B          0.00%    passed    100.00%
 124  EPI1107537|HA|B/Bangladesh/702014/2017|EPI_ISL_286096|B           0.00%    passed    100.00%
 125  EPI1107647|HA|B/Bangladesh/1156/2017|EPI_ISL_286112|B             0.00%    passed    100.00%
 126  EPI1107663|HA|B/Bahrain/8/2017|EPI_ISL_286114|B                   0.00%    passed    100.00%
 127  EPI1113221|HA|B/OITA/11/2017|EPI_ISL_286977|B                     0.00%    passed    100.00%
 128  EPI1113223|HA|B/Laos/F1473/2017|EPI_ISL_286978|B                  0.00%    passed    100.00%
 129  EPI1113709|HA|B/Armenia/9/2017|EPI_ISL_287055|B                   0.00%    passed    100.00%
 130  EPI1125337|HA|B/Chongqing-Shapingba/37/2017|EPI_ISL_288709|B      0.00%    passed    100.00%
 131  EPI1125340|HA|B/Guangxi-Xinbin/1832/2017|EPI_ISL_288710|B         0.00%    passed    100.00%
 132  EPI1125331|HA|B/Hubei-Maojian/11662/2017|EPI_ISL_288707|B         0.51%    passed    100.00%
 133  EPI1125358|HA|B/Sichuan-Qingyang/11469/2017|EPI_ISL_288716|B      0.00%    passed    100.00%
 134  EPI1125361|HA|B/Shanghai-Baoshan/1864/2017|EPI_ISL_288717|B       0.00%    passed    100.00%
 135  EPI1125352|HA|B/Neimenggu-Keerqin/1495/2017|EPI_ISL_288714|B      0.00%    passed    100.00%
 136  EPI1130504|HA|B/Bangladesh/1269/2017|EPI_ISL_289592|B             0.00%    passed    100.00%
 137  EPI1130753|HA|B/Indonesia/Nihrd-Lpg584/2017|EPI_ISL_289624|B      0.00%    passed    100.00%
 138  EPI1141368|HA|B/Philippines/0838/2017|EPI_ISL_291575|B            0.00%    passed    100.00%
 139  EPI1141313|HA|B/Philippines/0875/2017|EPI_ISL_291568|B            0.00%    passed    100.00%
 140  EPI975712|HA|B/KANAGAWA/AC1623/2017|EPI_ISL_259047|B              0.00%    passed    100.00%
 141  EPI975808|HA|B/KANAGAWA/IC1638/2017|EPI_ISL_259059|B              0.00%    passed    100.00%
 142  EPI1145644|HA|B/Singapore/EN0958/2017|EPI_ISL_292457|B            0.00%    passed    100.00%
 143  EPI1145822|HA|B/Sur/2294/2017|EPI_ISL_292489|B                    0.00%    passed    100.00%
 144  EPI1147885|HA|B/Hubei-Danjiangkou/31/2017|EPI_ISL_292773|B        0.00%    passed    100.00%
 145  EPI1147891|HA|B/Hubei-Yunyang/310/2017|EPI_ISL_292775|B           0.51%    passed    100.00%
 146  EPI1147906|HA|B/Yunnan-Funing/37/2017|EPI_ISL_292780|B            0.51%    passed    100.00%
 147  EPI986263|HA|B/Qatar/10-VI-17-0001338/2017|EPI_ISL_261282|B       0.00%    passed    100.00%
 148  EPI986259|HA|B/Qatar/10-VI-17-0001141/2017|EPI_ISL_261280|B       0.00%    passed    100.00%
 149  EPI986271|HA|B/Qatar/32-VI-17-0001834/2017|EPI_ISL_261286|B       0.00%    passed    100.00%
 150  EPI994644|HA|B/Georgia/06/2017|EPI_ISL_262766|B                   0.34%    passed    100.00%
 151  EPI994715|HA|B/Kentucky/14/2017|EPI_ISL_262775|B                  0.00%    passed    100.00%
 152  EPI994769|HA|B/Maryland/14/2017|EPI_ISL_262782|B                  0.34%    passed    100.00%
 153  EPI994809|HA|B/Minnesota/18/2017|EPI_ISL_262787|B                 0.34%    passed    100.00%
 154  EPI994880|HA|B/New_Jersey/21/2017|EPI_ISL_262796|B                0.34%    passed    100.00%
 155  EPI995118|HA|B/Florida/22/2017|EPI_ISL_262826|B                   0.00%    passed    100.00%
 156  EPI995126|HA|B/Kentucky/09/2017|EPI_ISL_262827|B                  0.00%    passed    100.00%
 157  EPI995268|HA|B/Tennessee/12/2017|EPI_ISL_262845|B                 0.00%    passed    100.00%
 158  EPI1162380|HA|B/North_Carolina/30/2017|EPI_ISL_295941|B           0.34%    passed    100.00%
 159  EPI1162444|HA|B/Idaho/31/2017|EPI_ISL_295949|B                    0.00%    passed    100.00%
 160  EPI1162698|HA|B/West_Virginia/21/2017|EPI_ISL_295981|B            0.34%    passed    100.00%
 161  EPI1164788|HA|B/New_Hampshire/14/2017|EPI_ISL_296276|B            0.34%    passed    100.00%
 162  EPI1001997|HA|B/Florida/28/2017|EPI_ISL_264108|B                  0.00%    passed    100.00%
 163  EPI1001974|HA|B/Connecticut/29/2017|EPI_ISL_264105|B              0.34%    passed    100.00%
 164  EPI1002185|HA|B/Pennsylvania/11/2017|EPI_ISL_264132|B             0.34%    passed    100.00%
 165  EPI1003236|HA|B/North_Carolina/17/2017|EPI_ISL_264401|B           0.00%    passed    100.00%
 166  EPI1003324|HA|B/West_Virginia/12/2017|EPI_ISL_264412|B            0.00%    passed    100.00%
 167  EPI1003292|HA|B/Texas/62/2017|EPI_ISL_264408|B                    0.34%    passed    100.00%
 168  EPI1007822|HA|B/Connecticut/31/2017|EPI_ISL_266604|B              0.34%    passed    100.00%
 169  EPI1008023|HA|B/New_Jersey/24/2017|EPI_ISL_266630|B               0.34%    passed    100.00%
 170  EPI1008199|HA|B/South_Dakota/15/2017|EPI_ISL_266653|B             0.00%    passed    100.00%
 171  EPI1008231|HA|B/South_Dakota/19/2017|EPI_ISL_266657|B             0.00%    passed    100.00%
 172  EPI1008675|HA|B/Michigan/29/2017|EPI_ISL_266714|B                 0.34%    passed    100.00%
 173  EPI1009845|HA|B/Hawaii/22/2017|EPI_ISL_266881|B                   0.00%    passed    100.00%
 174  EPI1009986|HA|B/Colorado/17/2017|EPI_ISL_266899|B                 0.00%    passed    100.00%
 175  EPI1010050|HA|B/North_Dakota/12/2017|EPI_ISL_266907|B             0.34%    passed    100.00%
 176  EPI1012071|HA|B/Michigan/56/2017|EPI_ISL_267540|B                 0.00%    passed    100.00%
 177  EPI1012087|HA|B/Michigan/57/2017|EPI_ISL_267542|B                 0.00%    passed    100.00%
 178  EPI1012095|HA|B/Michigan/58/2017|EPI_ISL_267543|B                 0.00%    passed    100.00%
 179  EPI1012039|HA|B/Florida/55/2017|EPI_ISL_267536|B                  0.00%    passed    100.00%
 180  EPI1012111|HA|B/Michigan/67/2017|EPI_ISL_267545|B                 0.00%    passed    100.00%
 181  EPI1012175|HA|B/Minnesota/31/2017|EPI_ISL_267553|B                0.34%    passed    100.00%
 182  EPI1012295|HA|B/Maryland/34/2017|EPI_ISL_267568|B                 0.00%    passed    100.00%
 183  EPI1017912|HA|B/California/28/2017|EPI_ISL_268476|B               0.00%    passed    100.00%
 184  EPI1018056|HA|B/South_Carolina/14/2017|EPI_ISL_268494|B           0.34%    passed    100.00%
 185  EPI1018008|HA|B/Hawaii/29/2017|EPI_ISL_268488|B                   0.00%    passed    100.00%
 186  EPI1020233|HA|B/Illinois/23/2017|EPI_ISL_268816|B                 0.00%    passed    100.00%
 187  EPI1020680|HA|B/Illinois/32/2017|EPI_ISL_268874|B                 0.00%    passed    100.00%
 188  EPI1020776|HA|B/Illinois/38/2017|EPI_ISL_268886|B                 0.00%    passed    100.00%
 189  EPI1020997|HA|B/Florida/62/2017|EPI_ISL_268914|B                  0.34%    passed    100.00%
 190  EPI1025518|HA|B/Alabama/02/2017|EPI_ISL_270001|B                  0.34%    passed    100.00%
 191  EPI1025891|HA|B/Colorado/22/2017|EPI_ISL_270051|B                 0.34%    passed    100.00%
 192  EPI1025979|HA|B/Connecticut/41/2017|EPI_ISL_270062|B              0.34%    passed    100.00%
 193  EPI1025947|HA|B/Connecticut/37/2017|EPI_ISL_270058|B              0.00%    passed    100.00%
 194  EPI1025955|HA|B/Connecticut/38/2017|EPI_ISL_270059|B              0.34%    passed    100.00%
 195  EPI1026027|HA|B/Connecticut/47/2017|EPI_ISL_270069|B              0.34%    passed    100.00%
 196  EPI1026147|HA|B/Iowa/18/2017|EPI_ISL_270084|B                     0.00%    passed    100.00%
 197  EPI1026208|HA|B/Louisiana/21/2017|EPI_ISL_270092|B                0.34%    passed    100.00%
 198  EPI1026216|HA|B/Louisiana/22/2017|EPI_ISL_270093|B                0.00%    passed    100.00%
 199  EPI1026178|HA|B/Iowa/22/2017|EPI_ISL_270088|B                     0.00%    passed    100.00%
 200  EPI1026186|HA|B/Iowa/24/2017|EPI_ISL_270089|B                     0.00%    passed    100.00%
 201  EPI1026248|HA|B/Louisiana/26/2017|EPI_ISL_270097|B                0.00%    passed    100.00%
 202  EPI1026417|HA|B/Utah/40/2017|EPI_ISL_270119|B                     0.34%    passed    100.00%
 203  EPI1026425|HA|B/Utah/41/2017|EPI_ISL_270120|B                     0.34%    passed    100.00%
 204  EPI1026441|HA|B/Wisconsin/40/2017|EPI_ISL_270122|B                0.00%    passed    100.00%
 205  EPI1026544|HA|B/Wisconsin/53/2017|EPI_ISL_270135|B                0.00%    passed    100.00%
 206  EPI1026513|HA|B/Wisconsin/49/2017|EPI_ISL_270131|B                0.00%    passed    100.00%
 207  EPI1026592|HA|B/Wisconsin/59/2017|EPI_ISL_270141|B                0.00%    passed    100.00%
 208  EPI1033949|HA|B/Florida/84/2017|EPI_ISL_272627|B                  0.34%    passed    100.00%
 209  EPI1033989|HA|B/Hawaii/38/2017|EPI_ISL_272632|B                   0.00%    passed    100.00%
 210  EPI1034056|HA|B/Michigan/27/2017|EPI_ISL_272641|B                 0.00%    passed    100.00%
 211  EPI1039982|HA|B/Hawaii/47/2017|EPI_ISL_273813|B                   0.00%    passed    100.00%
 212  EPI1040008|HA|B/New_York/28/2017|EPI_ISL_273816|B                 0.34%    passed    100.00%
 213  EPI1040112|HA|B/South_Dakota/31/2017|EPI_ISL_273829|B             0.00%    passed    100.00%
 214  EPI1040120|HA|B/Texas/76/2017|EPI_ISL_273830|B                    0.00%    passed    100.00%
 215  EPI1040144|HA|B/Virginia/17/2017|EPI_ISL_273833|B                 0.00%    passed    100.00%
 216  EPI1040208|HA|B/Virginia/25/2017|EPI_ISL_273841|B                 0.00%    passed    100.00%
 217  EPI1042200|HA|B/Florida/89/2017|EPI_ISL_274393|B                  0.34%    passed    100.00%
 218  EPI1051243|HA|B/Arizona/74/2017|EPI_ISL_276357|B                  0.00%    passed    100.00%
 219  EPI1051291|HA|B/Arizona/61/2017|EPI_ISL_276363|B                  0.00%    passed    100.00%
 220  EPI1051347|HA|B/Arizona/49/2017|EPI_ISL_276370|B                  0.00%    passed    100.00%
 221  EPI1051403|HA|B/Arizona/56/2017|EPI_ISL_276377|B                  0.00%    passed    100.00%
 222  EPI1051549|HA|B/Tennessee/35/2017|EPI_ISL_276396|B                0.00%    passed    100.00%
 223  EPI1051564|HA|B/Ohio/14/2017|EPI_ISL_276398|B                     0.00%    passed    100.00%
 224  EPI1056593|HA|B/Hawaii/53/2017|EPI_ISL_277225|B                   0.00%    passed    100.00%
 225  EPI1056912|HA|B/Florida/94/2017|EPI_ISL_277267|B                  0.34%    passed    100.00%
 226  EPI3125851|HA|B/USA/PV00276/2017|EPI_ISL_18989152|B               0.34%    passed    100.00%
 227  EPI3126405|HA|B/USA/PV00290/2017|EPI_ISL_18989220|B               0.00%    passed    100.00%
 228  EPI909229|HA|B/South_Dakota/05/2017|EPI_ISL_247695|B              0.00%    passed    100.00%
 229  EPI912611|HA|B/Massachusetts/03/2017|EPI_ISL_248271|B             0.00%    passed    100.00%
 230  EPI917862|HA|B/Missouri/01/2017|EPI_ISL_248985|B                  0.00%    passed    100.00%
 231  EPI917963|HA|B/Texas/08/2017|EPI_ISL_248998|B                     0.00%    passed    100.00%
 232  EPI924222|HA|B/Kentucky/04/2017|EPI_ISL_249878|B                  0.00%    passed    100.00%
 233  EPI924431|HA|B/Utah/06/2017|EPI_ISL_249905|B                      0.00%    passed    100.00%
 234  EPI1089741|HA|B/Hawaii/55/2017|EPI_ISL_283379|B                   0.00%    passed    100.00%
 235  EPI3177289|HA|B/USA/PV00265/2017|EPI_ISL_19029324|B               0.00%    passed    100.00%
 236  EPI1113638|HA|B/Michigan/50/2017|EPI_ISL_287033|B                 0.34%    passed    100.00%
 237  EPI1114062|HA|B/Michigan/76/2017|EPI_ISL_287130|B                 0.34%    passed    100.00%
 238  EPI1115795|HA|B/Michigan/46/2017|EPI_ISL_287373|B                 0.00%    passed    100.00%
 239  EPI955175|HA|B/Texas/24/2017|EPI_ISL_255258|B                     0.00%    passed    100.00%
 240  EPI3139339|HA|B/Michigan/UOMMH15236/2017|EPI_ISL_18999052|B       0.00%    passed    100.00%
 241  EPI1124658|HA|B/Oklahoma/15/2017|EPI_ISL_288602|B                 0.00%    passed    100.00%
 242  EPI1124943|HA|B/Indiana/24/2017|EPI_ISL_288638|B                  0.34%    passed    100.00%
 243  EPI960385|HA|B/Arizona/07/2017|EPI_ISL_256111|B                   0.00%    passed    100.00%
 244  EPI1128000|HA|B/Pennsylvania/26/2017|EPI_ISL_289241|B             0.00%    passed    100.00%
 245  EPI963719|HA|B/Florida/10/2017|EPI_ISL_256846|B                   0.00%    passed    100.00%
 246  EPI963806|HA|B/North_Carolina/03/2017|EPI_ISL_256857|B            0.00%    passed    100.00%
 247  EPI1130997|HA|B/Wisconsin/76/2017|EPI_ISL_289655|B                0.34%    passed    100.00%
 248  EPI964346|HA|B/Washington/12/2017|EPI_ISL_256932|B                0.00%    passed    100.00%
 249  EPI969626|HA|B/South_Dakota/10/2017|EPI_ISL_257767|B              0.00%    passed    100.00%
 250  EPI971017|HA|B/Michigan/20/2017|EPI_ISL_257972|B                  0.00%    passed    100.00%
 251  EPI971066|HA|B/Wisconsin/19/2017|EPI_ISL_257979|B                 0.00%    passed    100.00%
 252  EPI1137505|HA|B/California/74/2017|EPI_ISL_290794|B               0.00%    passed    100.00%
 253  EPI1138021|HA|B/Florida/97/2017|EPI_ISL_290859|B                  0.34%    passed    100.00%
 254  EPI972104|HA|B/Illinois/12/2017|EPI_ISL_258184|B                  0.00%    passed    100.00%
 255  EPI972216|HA|B/Florida/12/2017|EPI_ISL_258199|B                   0.34%    passed    100.00%
 256  EPI977903|HA|B/Michigan/34/2017|EPI_ISL_259403|B                  0.00%    passed    100.00%
 257  EPI978262|HA|B/New_York/09/2017|EPI_ISL_259452|B                  0.00%    passed    100.00%
 258  EPI984688|HA|B/Colorado/10/2017|EPI_ISL_260479|B                  0.00%    passed    100.00%
 259  EPI984913|HA|B/Utah/19/2017|EPI_ISL_260507|B                      0.00%    passed    100.00%
 260  EPI1244038|HA|B/New_Caledonia/26/2017|EPI_ISL_312540|B            0.00%    passed    100.00%
 261  EPI1132234|HA|B/Wellington/42/2017|EPI_ISL_289931|B               0.00%    passed    100.00%
 262  EPI1082841|HA|B/Perth/11/2017|EPI_ISL_282369|B                    0.00%    passed    100.00%
 263  EPI1082843|HA|B/Wellington/28/2017|EPI_ISL_282370|B               0.00%    passed    100.00%
 264  EPI1179381|HA|B/Townsville/4/2017|EPI_ISL_299618|B                0.00%    passed    100.00%
 265  EPI1183763|HA|B/Fiji/33/2017|EPI_ISL_300401|B                     0.00%    passed    100.00%
 266  EPI1152765|HA|B/Sydney/82/2017|EPI_ISL_293741|B                   0.00%    passed    100.00%
 267  EPI1152788|HA|B/Darwin/109/2017|EPI_ISL_293749|B                  0.00%    passed    100.00%
 268  EPI1107590|HA|B/New_Zealand/2197/2017|EPI_ISL_286103|B            0.00%    passed    100.00%
****  TOTAL                                                             0.07%  0 sequences failed composition chi2 test (p-value<5%; df=19)
Reading input tree file results/per_year_unclustered/VicB/trees/VicB_2017.treefile ...

NOTE: 35 MB RAM (0 GB) is required!
Estimate model parameters (epsilon = 0.010)
1. Initial log-likelihood: -4541.241
2. Current log-likelihood: -4529.480
Optimal log-likelihood: -4529.477
Gamma shape alpha: 0.413
Parameters optimization took 2 rounds (1.330 sec)
Wrote distance file to... 
BEST SCORE FOUND : -4529.477
Ancestral state probabilities printed to results/per_year_unclustered/VicB/trees/VicB_2017_asr.state
Total tree length: 0.590

Total number of iterations: 0
CPU time used for tree search: 0.000 sec (0h:0m:0s)
Wall-clock time used for tree search: 0.000 sec (0h:0m:0s)
Total CPU time used: 2.324 sec (0h:0m:2s)
Total wall-clock time used: 2.614 sec (0h:0m:2s)

Analysis results written to: 
  IQ-TREE report:                results/per_year_unclustered/VicB/trees/VicB_2017_asr.iqtree
  Maximum-likelihood tree:       results/per_year_unclustered/VicB/trees/VicB_2017_asr.treefile
  Ancestral state:               results/per_year_unclustered/VicB/trees/VicB_2017_asr.state
  Screen log file:               results/per_year_unclustered/VicB/trees/VicB_2017_asr.log

Date and Time: Sat Nov 22 10:53:51 2025
