IQ-TREE version 3.0.1 for Linux x86 64-bit built Jul  9 2025
Developed by Bui Quang Minh, Thomas Wong, Nhan Ly-Trong, Huaiyan Ren
Contributed by Lam-Tung Nguyen, Dominik Schrempf, Chris Bielow,
Olga Chernomor, Michael Woodhams, Diep Thi Hoang, Heiko Schmidt

Host:    rtis-hpc-r06.uod.otago.ac.nz (AVX2, FMA3, 1007 GB RAM)
Command: iqtree -s results/per_year_unclustered/VicB/alignments/VicB_2014_aligned.fasta -m LG+G4 -bb 1000 -nt 16 -pre results/per_year_unclustered/VicB/trees/VicB_2014 -redo -quiet
Seed:    257725 (Using SPRNG - Scalable Parallel Random Number Generator)
Time:    Fri Nov 21 09:31:22 2025
Kernel:  AVX+FMA - 16 threads (16 CPU cores detected)

Reading alignment file results/per_year_unclustered/VicB/alignments/VicB_2014_aligned.fasta ... Fasta format detected
Reading fasta file: done in 0.000744494 secs using 45.8% CPU
Alignment most likely contains protein sequences
Constructing alignment: done in 0.000459601 secs using 97.91% CPU
Alignment has 88 sequences with 585 columns, 109 distinct patterns
30 parsimony-informative, 57 singleton sites, 498 constant sites
                                                                Gap/Ambiguity  Composition  p-value
Analyzing sequences: done in 0.0122871 secs using 1485% CPU
   1  EPI534678|HA|B/Taiwan/113/2014|EPI_ISL_163842|B                   0.00%    passed    100.00%
   2  EPI534674|HA|B/TOCHIGI/14215/2014|EPI_ISL_163840|B                0.00%    passed    100.00%
   3  EPI534676|HA|B/Taiwan/63/2014|EPI_ISL_163841|B                    0.00%    passed    100.00%
   4  EPI534684|HA|B/Taiwan/190/2014|EPI_ISL_163845|B                   0.00%    passed    100.00%
   5  EPI536445|HA|B/Hong_Kong/3298/2014|EPI_ISL_164278|B               0.00%    passed    100.00%
   6  EPI536528|HA|B/Korea/2934/2014|EPI_ISL_164317|B                   0.00%    passed    100.00%
   7  EPI537796|HA|B/HAMAMATU-C/14166/2014|EPI_ISL_164692|B             0.00%    passed    100.00%
   8  EPI537798|HA|B/AICHI/51/2014|EPI_ISL_164693|B                     0.00%    passed    100.00%
   9  EPI538107|HA|B/Guangdong-Zhongshan/1465/2014|EPI_ISL_164862|B     0.00%    passed    100.00%
  10  EPI538128|HA|B/Shanghai-Xuhui/1172/2014|EPI_ISL_164869|B          0.00%    passed    100.00%
  11  EPI538171|HA|B/Bangladesh/6784/2014|EPI_ISL_164883|B              0.00%    passed    100.00%
  12  EPI538167|HA|B/Bangladesh/2004/2014|EPI_ISL_164881|B              0.00%    passed    100.00%
  13  EPI541285|HA|B/MALAYSIA/6/2014|EPI_ISL_166179|B                   0.00%    passed    100.00%
  14  EPI541302|HA|B/Ulaanbaatar/1113/2014|EPI_ISL_166186|B             0.00%    passed    100.00%
  15  EPI541304|HA|B/MALAYSIA/2/2014|EPI_ISL_166187|B                   0.00%    passed    100.00%
  16  EPI541366|HA|B/CHIANG_RAI/273/2014|EPI_ISL_166202|B               0.00%    passed    100.00%
  17  EPI541356|HA|B/Sainshand/1750/2014|EPI_ISL_166201|B               0.00%    passed    100.00%
  18  EPI544148|HA|B/NAGANO/2340/2014|EPI_ISL_166902|B                  0.00%    passed    100.00%
  19  EPI544150|HA|B/WAKAYAMA/128/2014|EPI_ISL_166903|B                 0.00%    passed    100.00%
  20  EPI544162|HA|B/GIFU/13/2014|EPI_ISL_166909|B                      0.00%    passed    100.00%
  21  EPI544174|HA|B/Laos/I136/2014|EPI_ISL_166915|B                    0.00%    passed    100.00%
  22  EPI544176|HA|B/Laos/I143/2014|EPI_ISL_166916|B                    0.00%    passed    100.00%
  23  EPI544234|HA|B/Indonesia/Nihrdi-Dps_1144/2014|EPI_ISL_166945|B    0.00%    passed    100.00%
  24  EPI551292|HA|B/PHILIPPINES/3/2014|EPI_ISL_168820|B                0.51%    passed    100.00%
  25  EPI552528|HA|B/Bangladesh/2429/2014|EPI_ISL_169183|B              0.00%    passed    100.00%
  26  EPI554766|HA|B/Fujian-Sanyuan/2669/2014|EPI_ISL_169695|B          0.00%    passed    100.00%
  27  EPI554778|HA|B/HK/3513/2014|EPI_ISL_169699|B                      0.00%    passed    100.00%
  28  EPI554769|HA|B/Liaoning-Heping/1380/2014|EPI_ISL_169696|B         0.00%    passed    100.00%
  29  EPI2186922|HA|B/Khentii/1137/2014|EPI_ISL_15146351|B              0.00%    passed    100.00%
  30  EPI2186920|HA|B/Hanoi/ELI14309/2014|EPI_ISL_15146350|B            0.00%    passed    100.00%
  31  EPI2187288|HA|B/Singapore/GP132/2014|EPI_ISL_15146513|B           0.00%    passed    100.00%
  32  EPI562188|HA|B/Jiangxi-Yushui/11102/2014|EPI_ISL_171898|B         0.00%    passed    100.00%
  33  EPI562197|HA|B/Heilongjiang-Aihui/1697/2014|EPI_ISL_171901|B      0.00%    passed    100.00%
  34  EPI565143|HA|B/Nonthaburi/373/2014|EPI_ISL_172670|B               0.00%    passed    100.00%
  35  EPI569746|HA|B/Kyoto/13SK056/2014|EPI_ISL_173951|B                0.00%    passed    100.00%
  36  EPI581792|HA|B/CHIBA-C/75/2014|EPI_ISL_177025|B                   0.00%    passed    100.00%
  37  EPI1399073|HA|B/Taiwan/81576/2014|EPI_ISL_348554|B                0.00%    passed    100.00%
  38  EPI505325|HA|B/Cankiri/226/2014|EPI_ISL_155948|B                  0.00%    passed    100.00%
  39  EPI516367|HA|B/FUKUI/2/2014|EPI_ISL_159367|B                      0.00%    passed    100.00%
  40  EPI516381|HA|B/WAKAYAMA/14/2014|EPI_ISL_159374|B                  0.00%    passed    100.00%
  41  EPI516383|HA|B/SHIZUOKA-C/7/2014|EPI_ISL_159375|B                 0.00%    passed    100.00%
  42  EPI516397|HA|B/ISHIKAWA/56/2014|EPI_ISL_159382|B                  0.00%    passed    100.00%
  43  EPI516407|HA|B/TOYAMA/6/2014|EPI_ISL_159387|B                     0.00%    passed    100.00%
  44  EPI516413|HA|B/Vietnam/11702/2014|EPI_ISL_159390|B                0.00%    passed    100.00%
  45  EPI530550|HA|B/MIYAGI/22/2014|EPI_ISL_162079|B                    0.00%    passed    100.00%
  46  EPI532998|HA|B/OKAYAMA/8/2014|EPI_ISL_163181|B                    0.00%    passed    100.00%
  47  EPI536537|HA|B/California/18/2014|EPI_ISL_164320|B                0.00%    passed    100.00%
  48  EPI538179|HA|B/Hawaii/07/2014|EPI_ISL_164887|B                    0.00%    passed    100.00%
  49  EPI541682|HA|B/North_Carolina/06/2014|EPI_ISL_166311|B            0.00%    passed    100.00%
  50  EPI544228|HA|B/Hawaii/24/2014|EPI_ISL_166942|B                    0.00%    passed    100.00%
  51  EPI544246|HA|B/Hawaii/24/2014|EPI_ISL_166952|B                    0.00%    passed    100.00%
  52  EPI550817|HA|B/Florida/44/2014|EPI_ISL_168682|B                   0.00%    passed    100.00%
  53  EPI550813|HA|B/Hawaii/25/2014|EPI_ISL_168680|B                    0.00%    passed    100.00%
  54  EPI552451|HA|B/Arkansas/02/2014|EPI_ISL_169147|B                  0.00%    passed    100.00%
  55  EPI552470|HA|B/Texas/28/2014|EPI_ISL_169156|B                     0.00%    passed    100.00%
  56  EPI552494|HA|B/Hawaii/34/2014|EPI_ISL_169167|B                    0.00%    passed    100.00%
  57  EPI552518|HA|B/Florida/45/2014|EPI_ISL_169178|B                   0.00%    passed    100.00%
  58  EPI556416|HA|B/Missouri/03/2014|EPI_ISL_170074|B                  0.00%    passed    100.00%
  59  EPI556792|HA|B/Louisiana/14/2014|EPI_ISL_170139|B                 0.00%    passed    100.00%
  60  EPI556770|HA|B/Wisconsin/13/2014|EPI_ISL_170142|B                 0.00%    passed    100.00%
  61  EPI562661|HA|B/Ohio/04/2014|EPI_ISL_172205|B                      0.00%    passed    100.00%
  62  EPI565113|HA|B/Louisiana/15/2014|EPI_ISL_172665|B                 0.00%    passed    100.00%
  63  EPI568820|HA|B/Alabama/05/2014|EPI_ISL_173752|B                   0.00%    passed    100.00%
  64  EPI569058|HA|B/North_Dakota/02/2014|EPI_ISL_173808|B              0.00%    passed    100.00%
  65  EPI569157|HA|B/Texas/34/2014|EPI_ISL_173827|B                     0.00%    passed    100.00%
  66  EPI508413|HA|B/Hawaii/02/2014|EPI_ISL_157032|B                    0.00%    passed    100.00%
  67  EPI510090|HA|B/California/02/2014|EPI_ISL_157843|B                0.00%    passed    100.00%
  68  EPI510095|HA|B/Maryland/01/2014|EPI_ISL_157845|B                  0.00%    passed    100.00%
  69  EPI515502|HA|B/California/04/2014|EPI_ISL_158949|B                0.00%    passed    100.00%
  70  EPI515528|HA|B/Florida/04/2014|EPI_ISL_158955|B                   0.00%    passed    100.00%
  71  EPI515563|HA|B/California/05/2014|EPI_ISL_158962|B                0.00%    passed    100.00%
  72  EPI515554|HA|B/Texas/03/2014|EPI_ISL_158960|B                     0.00%    passed    100.00%
  73  EPI516654|HA|B/Ohio/01/2014|EPI_ISL_159507|B                      0.00%    passed    100.00%
  74  EPI516637|HA|B/Texas/04/2014|EPI_ISL_159504|B                     0.00%    passed    100.00%
  75  EPI531166|HA|B/Indiana/02/2014|EPI_ISL_162370|B                   0.00%    passed    100.00%
  76  EPI532942|HA|B/Washington/03/2014|EPI_ISL_163155|B                0.00%    passed    100.00%
  77  EPI538110|HA|B/New_Zealand/21/2014|EPI_ISL_164863|B               0.00%    passed    100.00%
  78  EPI540594|HA|B/New_Zealand/442/2014|EPI_ISL_165848|B              0.00%    passed    100.00%
  79  EPI541365|HA|B/PERTH/503/2014|EPI_ISL_166203|B                    0.00%    passed    100.00%
  80  EPI551321|HA|B/SOUTH_AUSTRALIA/20/2014|EPI_ISL_168830|B           0.00%    passed    100.00%
  81  EPI551327|HA|B/SYDNEY/19/2014|EPI_ISL_168832|B                    0.00%    passed    100.00%
  82  EPI2187230|HA|B/Canberra/23/2014|EPI_ISL_15146484|B               0.00%    passed    100.00%
  83  EPI2187224|HA|B/Brisbane/78/2014|EPI_ISL_15146481|B               0.00%    passed    100.00%
  84  EPI2187332|HA|B/Victoria/510/2014|EPI_ISL_15146537|B              0.00%    passed    100.00%
  85  EPI2187259|HA|B/Newcastle/41/2014|EPI_ISL_15146500|B              0.00%    passed    100.00%
  86  EPI561876|HA|B/Brisbane/63/2014|EPI_ISL_171789|B                  0.00%    passed    100.00%
  87  EPI562301|HA|B/Brisbane/63/2014|EPI_ISL_171936|B                  0.00%    passed    100.00%
  88  EPI562303|HA|B/New_Caledonia/6/2014|EPI_ISL_171937|B              0.00%    passed    100.00%
****  TOTAL                                                             0.01%  0 sequences failed composition chi2 test (p-value<5%; df=19)
Checking for duplicate sequences: done in 0.0120728 secs using 1498% CPU
Creating fast initial parsimony tree by random order stepwise addition...
3.359 seconds, parsimony score: 117 (based on 87 sites)
Generating 1000 samples for ultrafast bootstrap (seed: 257725)...
WARNING: 16 threads for alignment length 109 will slow down analysis

NOTE: 7 MB RAM (0 GB) is required!
WARNING: Number of threads seems too high for short alignments. Use -T AUTO to determine best number of threads.
Estimate model parameters (epsilon = 0.100)
1. Initial log-likelihood: -2733.612
2. Current log-likelihood: -2730.355
Optimal log-likelihood: -2730.354
Gamma shape alpha: 0.336
Parameters optimization took 2 rounds (0.050 sec)
Wrote distance file to... 
Computing ML distances based on estimated model parameters...
Calculating distance matrix: done in 0.0829418 secs using 1461% CPU
Computing ML distances took 0.115887 sec (of wall-clock time) 1.710129 sec (of CPU time)
Setting up auxiliary I and S matrices: done in 0.000914052 secs using 212.7% CPU
Constructing RapidNJ tree: done in 0.124251 secs using 62.87% CPU
Computing RapidNJ tree took 0.125233 sec (of wall-clock time) 0.080110 sec (of CPU time)
Log-likelihood of RapidNJ tree: -2720.641
--------------------------------------------------------------------
|             INITIALIZING CANDIDATE TREE SET                      |
--------------------------------------------------------------------
Generating 98 parsimony trees... 0.165 second
Computing log-likelihood of 98 initial trees ... 0.891 seconds
Current best score: -2719.408

Do NNI search on 20 best initial trees
Optimizing NNI: done in 4.20206 secs using 1448% CPU
Estimate model parameters (epsilon = 0.100)
BETTER TREE FOUND at iteration 1: -2719.391
Optimizing NNI: done in 4.15594 secs using 1470% CPU
Optimizing NNI: done in 0.0771175 secs using 1295% CPU
Optimizing NNI: done in 0.167917 secs using 1322% CPU
Optimizing NNI: done in 0.151978 secs using 1308% CPU
Estimate model parameters (epsilon = 0.100)
BETTER TREE FOUND at iteration 5: -2718.823
Optimizing NNI: done in 0.0740526 secs using 1313% CPU
Optimizing NNI: done in 0.084304 secs using 1333% CPU
Optimizing NNI: done in 0.151712 secs using 1300% CPU
Optimizing NNI: done in 0.0754413 secs using 1310% CPU
Optimizing NNI: done in 0.0748362 secs using 1311% CPU
Iteration 10 / LogL: -2721.871 / Time: 0h:0m:14s
Optimizing NNI: done in 0.0817817 secs using 1321% CPU
Optimizing NNI: done in 0.0835159 secs using 1309% CPU
Optimizing NNI: done in 0.0743533 secs using 1325% CPU
Optimizing NNI: done in 0.081445 secs using 1311% CPU
Optimizing NNI: done in 0.0756832 secs using 1303% CPU
Optimizing NNI: done in 0.0969457 secs using 1336% CPU
Optimizing NNI: done in 0.0781208 secs using 1304% CPU
Optimizing NNI: done in 0.073507 secs using 1305% CPU
Optimizing NNI: done in 0.077441 secs using 1312% CPU
Optimizing NNI: done in 0.148778 secs using 1306% CPU
Iteration 20 / LogL: -2726.598 / Time: 0h:0m:15s
Finish initializing candidate tree set (20)
Current best tree score: -2718.823 / CPU time: 11.341
Number of iterations: 20
--------------------------------------------------------------------
|               OPTIMIZING CANDIDATE TREE SET                      |
--------------------------------------------------------------------
Optimizing NNI: done in 0.376306 secs using 1326% CPU
Optimizing NNI: done in 0.294635 secs using 1306% CPU
Optimizing NNI: done in 0.347471 secs using 1299% CPU
Optimizing NNI: done in 0.321431 secs using 1304% CPU
Optimizing NNI: done in 0.295796 secs using 1318% CPU
Optimizing NNI: done in 0.366093 secs using 1324% CPU
Optimizing NNI: done in 0.230664 secs using 1324% CPU
Optimizing NNI: done in 0.279061 secs using 1298% CPU
Optimizing NNI: done in 0.162884 secs using 1297% CPU
Optimizing NNI: done in 0.274598 secs using 1320% CPU
Iteration 30 / LogL: -2735.910 / Time: 0h:0m:18s (0h:0m:38s left)
Optimizing NNI: done in 0.270407 secs using 1310% CPU
Estimate model parameters (epsilon = 0.100)
BETTER TREE FOUND at iteration 31: -2718.489
Optimizing NNI: done in 0.219828 secs using 1305% CPU
Optimizing NNI: done in 0.289557 secs using 1318% CPU
Optimizing NNI: done in 0.287813 secs using 1308% CPU
Optimizing NNI: done in 0.298479 secs using 1304% CPU
Optimizing NNI: done in 0.364899 secs using 1302% CPU
Optimizing NNI: done in 0.210155 secs using 1300% CPU
Optimizing NNI: done in 0.409678 secs using 1310% CPU
Optimizing NNI: done in 0.267304 secs using 1299% CPU
Optimizing NNI: done in 0.378674 secs using 1321% CPU
Iteration 40 / LogL: -2718.491 / Time: 0h:0m:21s (0h:0m:41s left)
Optimizing NNI: done in 0.322753 secs using 1303% CPU
Optimizing NNI: done in 0.283323 secs using 1316% CPU
Optimizing NNI: done in 0.10863 secs using 1284% CPU
Optimizing NNI: done in 0.376606 secs using 1320% CPU
Optimizing NNI: done in 0.347715 secs using 1310% CPU
Optimizing NNI: done in 0.209857 secs using 1293% CPU
Optimizing NNI: done in 0.299847 secs using 1309% CPU
Optimizing NNI: done in 0.26592 secs using 1304% CPU
Optimizing NNI: done in 0.203476 secs using 1297% CPU
Optimizing NNI: done in 0.281866 secs using 1308% CPU
Iteration 50 / LogL: -2721.554 / Time: 0h:0m:23s (0h:0m:33s left)
Log-likelihood cutoff on original alignment: -2743.194
Optimizing NNI: done in 0.328011 secs using 1300% CPU
Optimizing NNI: done in 0.145623 secs using 1325% CPU
Optimizing NNI: done in 0.292355 secs using 1318% CPU
Optimizing NNI: done in 0.243482 secs using 1298% CPU
Optimizing NNI: done in 0.351473 secs using 1318% CPU
Optimizing NNI: done in 0.315846 secs using 1301% CPU
Optimizing NNI: done in 0.318266 secs using 1301% CPU
Optimizing NNI: done in 0.209299 secs using 1311% CPU
Optimizing NNI: done in 0.291296 secs using 1320% CPU
Optimizing NNI: done in 0.291338 secs using 1327% CPU
Iteration 60 / LogL: -2718.491 / Time: 0h:0m:26s (0h:0m:28s left)
Optimizing NNI: done in 0.352051 secs using 1316% CPU
Optimizing NNI: done in 0.347949 secs using 1317% CPU
Optimizing NNI: done in 0.206424 secs using 1305% CPU
Optimizing NNI: done in 0.233032 secs using 1319% CPU
Optimizing NNI: done in 0.316716 secs using 1308% CPU
Optimizing NNI: done in 0.275709 secs using 1307% CPU
Optimizing NNI: done in 0.254791 secs using 1301% CPU
Optimizing NNI: done in 0.262604 secs using 1302% CPU
Optimizing NNI: done in 0.356403 secs using 1303% CPU
Optimizing NNI: done in 0.346169 secs using 1312% CPU
Iteration 70 / LogL: -2718.490 / Time: 0h:0m:30s (0h:0m:23s left)
Optimizing NNI: done in 0.25882 secs using 1303% CPU
Optimizing NNI: done in 0.227813 secs using 1324% CPU
Optimizing NNI: done in 0.328969 secs using 1302% CPU
Optimizing NNI: done in 0.364225 secs using 1313% CPU
Optimizing NNI: done in 0.337808 secs using 1331% CPU
BETTER TREE FOUND at iteration 75: -2718.489
Optimizing NNI: done in 0.372977 secs using 1305% CPU
Optimizing NNI: done in 0.384986 secs using 1316% CPU
Optimizing NNI: done in 0.435652 secs using 1320% CPU
Optimizing NNI: done in 0.217668 secs using 1304% CPU
Optimizing NNI: done in 0.295918 secs using 1313% CPU
Iteration 80 / LogL: -2718.491 / Time: 0h:0m:33s (0h:0m:36s left)
Optimizing NNI: done in 0.238334 secs using 1292% CPU
Optimizing NNI: done in 0.329875 secs using 1303% CPU
Optimizing NNI: done in 10.6196 secs using 1456% CPU
Optimizing NNI: done in 7.8092 secs using 1479% CPU
Optimizing NNI: done in 7.83214 secs using 1476% CPU
Optimizing NNI: done in 8.30349 secs using 1471% CPU
Optimizing NNI: done in 0.285078 secs using 1314% CPU
Optimizing NNI: done in 0.146541 secs using 1326% CPU
Optimizing NNI: done in 0.209032 secs using 1311% CPU
Optimizing NNI: done in 0.231558 secs using 1320% CPU
Iteration 90 / LogL: -2726.352 / Time: 0h:1m:9s (0h:1m:3s left)
Optimizing NNI: done in 0.313391 secs using 1306% CPU
Optimizing NNI: done in 0.28707 secs using 1315% CPU
Optimizing NNI: done in 0.321627 secs using 1298% CPU
Optimizing NNI: done in 0.13087 secs using 1297% CPU
Optimizing NNI: done in 0.289516 secs using 1312% CPU
Optimizing NNI: done in 0.257054 secs using 1298% CPU
Optimizing NNI: done in 0.320316 secs using 1305% CPU
BETTER TREE FOUND at iteration 97: -2718.488
Optimizing NNI: done in 0.351741 secs using 1308% CPU
Optimizing NNI: done in 0.308944 secs using 1301% CPU
Optimizing NNI: done in 0.360913 secs using 1308% CPU
Iteration 100 / LogL: -2722.685 / Time: 0h:1m:12s (0h:1m:8s left)
Log-likelihood cutoff on original alignment: -2744.495
NOTE: Bootstrap correlation coefficient of split occurrence frequencies: 0.988
NOTE: UFBoot does not converge, continue at least 100 more iterations
Optimizing NNI: done in 0.184839 secs using 1291% CPU
Optimizing NNI: done in 0.28238 secs using 1308% CPU
Optimizing NNI: done in 0.280691 secs using 1313% CPU
Optimizing NNI: done in 0.352076 secs using 1326% CPU
Optimizing NNI: done in 0.203608 secs using 1297% CPU
Optimizing NNI: done in 0.288225 secs using 1305% CPU
Optimizing NNI: done in 0.292889 secs using 1316% CPU
Optimizing NNI: done in 0.307363 secs using 1325% CPU
Optimizing NNI: done in 0.339281 secs using 1313% CPU
Optimizing NNI: done in 0.335659 secs using 1315% CPU
Iteration 110 / LogL: -2724.925 / Time: 0h:1m:16s (0h:0m:59s left)
Optimizing NNI: done in 0.295888 secs using 1312% CPU
Optimizing NNI: done in 0.260079 secs using 1326% CPU
Optimizing NNI: done in 0.43144 secs using 1312% CPU
Optimizing NNI: done in 0.261969 secs using 1308% CPU
Optimizing NNI: done in 0.367064 secs using 1330% CPU
Optimizing NNI: done in 0.240581 secs using 1322% CPU
Optimizing NNI: done in 0.288643 secs using 1295% CPU
Optimizing NNI: done in 0.19871 secs using 1305% CPU
Optimizing NNI: done in 0.288418 secs using 1321% CPU
BETTER TREE FOUND at iteration 119: -2718.488
Optimizing NNI: done in 0.210686 secs using 1310% CPU
Iteration 120 / LogL: -2721.451 / Time: 0h:1m:19s (0h:1m:2s left)
Optimizing NNI: done in 0.19999 secs using 1301% CPU
Optimizing NNI: done in 0.284811 secs using 1310% CPU
Optimizing NNI: done in 0.358712 secs using 1329% CPU
Optimizing NNI: done in 0.257033 secs using 1314% CPU
Optimizing NNI: done in 0.389697 secs using 1320% CPU
Optimizing NNI: done in 0.283089 secs using 1306% CPU
Optimizing NNI: done in 0.340925 secs using 1320% CPU
Optimizing NNI: done in 0.234414 secs using 1322% CPU
Optimizing NNI: done in 0.317284 secs using 1323% CPU
Optimizing NNI: done in 0.242079 secs using 1325% CPU
Iteration 130 / LogL: -2724.266 / Time: 0h:1m:22s (0h:0m:54s left)
Optimizing NNI: done in 0.220289 secs using 1320% CPU
Optimizing NNI: done in 0.326941 secs using 1302% CPU
Optimizing NNI: done in 0.384593 secs using 1328% CPU
Optimizing NNI: done in 0.279538 secs using 1296% CPU
Optimizing NNI: done in 0.377688 secs using 1304% CPU
Optimizing NNI: done in 0.528451 secs using 1321% CPU
Optimizing NNI: done in 0.290558 secs using 1288% CPU
Optimizing NNI: done in 0.219934 secs using 1317% CPU
Optimizing NNI: done in 0.379226 secs using 1320% CPU
Optimizing NNI: done in 0.380913 secs using 1311% CPU
Iteration 140 / LogL: -2718.488 / Time: 0h:1m:25s (0h:0m:46s left)
Optimizing NNI: done in 0.287714 secs using 1317% CPU
Optimizing NNI: done in 0.520089 secs using 1317% CPU
Optimizing NNI: done in 0.342625 secs using 1308% CPU
Optimizing NNI: done in 0.217388 secs using 1314% CPU
Optimizing NNI: done in 0.204391 secs using 1311% CPU
Optimizing NNI: done in 0.233834 secs using 1321% CPU
Optimizing NNI: done in 0.276977 secs using 1295% CPU
Optimizing NNI: done in 0.415319 secs using 1315% CPU
Optimizing NNI: done in 0.301375 secs using 1302% CPU
Optimizing NNI: done in 0.364578 secs using 1313% CPU
Iteration 150 / LogL: -2718.488 / Time: 0h:1m:28s (0h:0m:39s left)
Log-likelihood cutoff on original alignment: -2744.495
Optimizing NNI: done in 0.369376 secs using 1313% CPU
Optimizing NNI: done in 0.325061 secs using 1299% CPU
Optimizing NNI: done in 0.282113 secs using 1312% CPU
Optimizing NNI: done in 0.330968 secs using 1304% CPU
BETTER TREE FOUND at iteration 154: -2718.488
Optimizing NNI: done in 0.255326 secs using 1299% CPU
Optimizing NNI: done in 0.348416 secs using 1317% CPU
Optimizing NNI: done in 0.264332 secs using 1315% CPU
Optimizing NNI: done in 0.360177 secs using 1306% CPU
Optimizing NNI: done in 0.280608 secs using 1312% CPU
Optimizing NNI: done in 0.315158 secs using 1309% CPU
Iteration 160 / LogL: -2718.489 / Time: 0h:1m:32s (0h:0m:52s left)
Optimizing NNI: done in 0.209533 secs using 1303% CPU
Optimizing NNI: done in 0.156668 secs using 1285% CPU
Optimizing NNI: done in 0.198019 secs using 1292% CPU
Optimizing NNI: done in 0.372199 secs using 1315% CPU
Optimizing NNI: done in 0.196391 secs using 1298% CPU
Optimizing NNI: done in 0.35345 secs using 1314% CPU
Optimizing NNI: done in 0.211665 secs using 1309% CPU
BETTER TREE FOUND at iteration 167: -2718.487
Optimizing NNI: done in 0.2959 secs using 1313% CPU
Optimizing NNI: done in 0.293861 secs using 1317% CPU
Optimizing NNI: done in 0.237928 secs using 1331% CPU
Iteration 170 / LogL: -2718.487 / Time: 0h:1m:35s (0h:0m:52s left)
Optimizing NNI: done in 0.327897 secs using 1300% CPU
Optimizing NNI: done in 0.1983 secs using 1295% CPU
Optimizing NNI: done in 0.298786 secs using 1300% CPU
Optimizing NNI: done in 0.430301 secs using 1313% CPU
Optimizing NNI: done in 0.107923 secs using 1280% CPU
Optimizing NNI: done in 0.213795 secs using 1295% CPU
Optimizing NNI: done in 0.414146 secs using 1306% CPU
Optimizing NNI: done in 0.466431 secs using 1323% CPU
Optimizing NNI: done in 0.300736 secs using 1317% CPU
Optimizing NNI: done in 0.261196 secs using 1299% CPU
Iteration 180 / LogL: -2721.451 / Time: 0h:1m:38s (0h:0m:46s left)
Optimizing NNI: done in 0.191941 secs using 1291% CPU
Optimizing NNI: done in 0.21515 secs using 1305% CPU
Optimizing NNI: done in 0.292935 secs using 1322% CPU
BETTER TREE FOUND at iteration 183: -2718.487
Optimizing NNI: done in 0.389709 secs using 1324% CPU
BETTER TREE FOUND at iteration 184: -2718.487
Optimizing NNI: done in 0.201334 secs using 1306% CPU
Optimizing NNI: done in 0.37051 secs using 1306% CPU
Optimizing NNI: done in 0.346373 secs using 1304% CPU
Optimizing NNI: done in 0.2462 secs using 1303% CPU
Optimizing NNI: done in 0.307671 secs using 1324% CPU
Optimizing NNI: done in 0.253858 secs using 1302% CPU
Iteration 190 / LogL: -2718.488 / Time: 0h:1m:41s (0h:0m:48s left)
Optimizing NNI: done in 0.344638 secs using 1302% CPU
Optimizing NNI: done in 0.354173 secs using 1320% CPU
Optimizing NNI: done in 0.26711 secs using 1303% CPU
Optimizing NNI: done in 0.127284 secs using 1294% CPU
Optimizing NNI: done in 0.305593 secs using 1317% CPU
BETTER TREE FOUND at iteration 195: -2718.487
Optimizing NNI: done in 0.29201 secs using 1313% CPU
Optimizing NNI: done in 0.290606 secs using 1319% CPU
Optimizing NNI: done in 0.282991 secs using 1312% CPU
Optimizing NNI: done in 0.257895 secs using 1314% CPU
Optimizing NNI: done in 0.382204 secs using 1299% CPU
BETTER TREE FOUND at iteration 200: -2718.486
Iteration 200 / LogL: -2718.486 / Time: 0h:1m:44s (0h:0m:50s left)
Log-likelihood cutoff on original alignment: -2744.495
NOTE: Bootstrap correlation coefficient of split occurrence frequencies: 0.979
NOTE: UFBoot does not converge, continue at least 100 more iterations
Optimizing NNI: done in 0.311457 secs using 1297% CPU
Optimizing NNI: done in 0.263987 secs using 1305% CPU
Optimizing NNI: done in 0.307818 secs using 1328% CPU
Optimizing NNI: done in 4.84697 secs using 1467% CPU
BETTER TREE FOUND at iteration 204: -2718.486
Optimizing NNI: done in 0.403132 secs using 1314% CPU
Optimizing NNI: done in 0.334029 secs using 1317% CPU
Optimizing NNI: done in 0.263454 secs using 1303% CPU
Optimizing NNI: done in 0.365733 secs using 1315% CPU
Optimizing NNI: done in 0.326865 secs using 1313% CPU
Optimizing NNI: done in 0.316807 secs using 1296% CPU
Iteration 210 / LogL: -2718.487 / Time: 0h:1m:52s (0h:0m:49s left)
Optimizing NNI: done in 0.297343 secs using 1297% CPU
Optimizing NNI: done in 0.251753 secs using 1301% CPU
Optimizing NNI: done in 0.254796 secs using 1300% CPU
Optimizing NNI: done in 0.23934 secs using 1295% CPU
Optimizing NNI: done in 0.219347 secs using 1315% CPU
Optimizing NNI: done in 0.213848 secs using 1307% CPU
Optimizing NNI: done in 0.375245 secs using 1297% CPU
Optimizing NNI: done in 0.263753 secs using 1306% CPU
Optimizing NNI: done in 0.245573 secs using 1307% CPU
Optimizing NNI: done in 0.248584 secs using 1291% CPU
Iteration 220 / LogL: -2734.600 / Time: 0h:1m:55s (0h:0m:43s left)
Optimizing NNI: done in 0.24778 secs using 1294% CPU
Optimizing NNI: done in 0.391065 secs using 1309% CPU
BETTER TREE FOUND at iteration 222: -2718.485
Optimizing NNI: done in 0.159129 secs using 1291% CPU
Optimizing NNI: done in 0.227897 secs using 1301% CPU
Optimizing NNI: done in 0.260969 secs using 1295% CPU
Optimizing NNI: done in 0.270175 secs using 1311% CPU
Optimizing NNI: done in 0.274335 secs using 1308% CPU
Optimizing NNI: done in 0.364445 secs using 1315% CPU
Optimizing NNI: done in 0.191232 secs using 1296% CPU
Optimizing NNI: done in 0.268003 secs using 1304% CPU
Iteration 230 / LogL: -2719.453 / Time: 0h:1m:58s (0h:0m:46s left)
Optimizing NNI: done in 0.277219 secs using 1316% CPU
Optimizing NNI: done in 0.260382 secs using 1305% CPU
Optimizing NNI: done in 0.204943 secs using 1301% CPU
Optimizing NNI: done in 0.204233 secs using 1304% CPU
Optimizing NNI: done in 0.379417 secs using 1306% CPU
Optimizing NNI: done in 0.203864 secs using 1310% CPU
Optimizing NNI: done in 0.147638 secs using 1319% CPU
Optimizing NNI: done in 0.264305 secs using 1322% CPU
Optimizing NNI: done in 0.270885 secs using 1307% CPU
Optimizing NNI: done in 0.300858 secs using 1310% CPU
Iteration 240 / LogL: -2718.488 / Time: 0h:2m:1s (0h:0m:40s left)
Optimizing NNI: done in 0.269516 secs using 1311% CPU
Optimizing NNI: done in 0.218342 secs using 1321% CPU
Optimizing NNI: done in 0.39855 secs using 1300% CPU
Optimizing NNI: done in 0.283157 secs using 1320% CPU
Optimizing NNI: done in 0.357346 secs using 1312% CPU
Optimizing NNI: done in 0.248586 secs using 1297% CPU
Optimizing NNI: done in 0.297189 secs using 1294% CPU
Optimizing NNI: done in 0.22996 secs using 1304% CPU
Optimizing NNI: done in 0.272468 secs using 1303% CPU
Optimizing NNI: done in 0.304472 secs using 1320% CPU
Iteration 250 / LogL: -2719.118 / Time: 0h:2m:4s (0h:0m:35s left)
Log-likelihood cutoff on original alignment: -2745.674
Optimizing NNI: done in 0.290931 secs using 1319% CPU
Optimizing NNI: done in 0.276567 secs using 1304% CPU
Optimizing NNI: done in 0.275282 secs using 1306% CPU
Optimizing NNI: done in 0.267566 secs using 1300% CPU
Optimizing NNI: done in 0.193785 secs using 1300% CPU
Optimizing NNI: done in 0.227945 secs using 1321% CPU
Optimizing NNI: done in 0.127873 secs using 1290% CPU
Optimizing NNI: done in 0.310079 secs using 1297% CPU
Optimizing NNI: done in 0.288332 secs using 1315% CPU
Optimizing NNI: done in 0.1599 secs using 1294% CPU
Iteration 260 / LogL: -2752.703 / Time: 0h:2m:7s (0h:0m:29s left)
Optimizing NNI: done in 0.14076 secs using 1292% CPU
Optimizing NNI: done in 0.243897 secs using 1300% CPU
Optimizing NNI: done in 0.301414 secs using 1304% CPU
Optimizing NNI: done in 0.333901 secs using 1314% CPU
Optimizing NNI: done in 0.215327 secs using 1319% CPU
Optimizing NNI: done in 0.268607 secs using 1300% CPU
Optimizing NNI: done in 0.204626 secs using 1301% CPU
Optimizing NNI: done in 0.258145 secs using 1300% CPU
Optimizing NNI: done in 0.327127 secs using 1320% CPU
Optimizing NNI: done in 0.269969 secs using 1296% CPU
Iteration 270 / LogL: -2744.218 / Time: 0h:2m:10s (0h:0m:24s left)
Optimizing NNI: done in 0.299515 secs using 1298% CPU
Optimizing NNI: done in 0.257623 secs using 1304% CPU
Optimizing NNI: done in 0.212341 secs using 1291% CPU
Optimizing NNI: done in 0.249003 secs using 1301% CPU
Optimizing NNI: done in 0.215179 secs using 1309% CPU
Optimizing NNI: done in 0.180291 secs using 1298% CPU
Optimizing NNI: done in 0.206587 secs using 1304% CPU
Optimizing NNI: done in 0.384811 secs using 1296% CPU
Optimizing NNI: done in 0.267872 secs using 1313% CPU
Optimizing NNI: done in 0.204911 secs using 1304% CPU
Iteration 280 / LogL: -2725.783 / Time: 0h:2m:13s (0h:0m:19s left)
Optimizing NNI: done in 0.221024 secs using 1317% CPU
Optimizing NNI: done in 0.290834 secs using 1317% CPU
Optimizing NNI: done in 0.20936 secs using 1310% CPU
Optimizing NNI: done in 0.186637 secs using 1300% CPU
Optimizing NNI: done in 0.2751 secs using 1305% CPU
Optimizing NNI: done in 0.242467 secs using 1291% CPU
Optimizing NNI: done in 0.260712 secs using 1297% CPU
Optimizing NNI: done in 0.164797 secs using 1284% CPU
Optimizing NNI: done in 0.239224 secs using 1298% CPU
Optimizing NNI: done in 0.313055 secs using 1311% CPU
Iteration 290 / LogL: -2718.486 / Time: 0h:2m:16s (0h:0m:14s left)
Optimizing NNI: done in 0.25155 secs using 1304% CPU
Optimizing NNI: done in 0.210666 secs using 1309% CPU
Optimizing NNI: done in 0.247822 secs using 1298% CPU
Optimizing NNI: done in 0.240192 secs using 1293% CPU
Optimizing NNI: done in 0.251044 secs using 1302% CPU
Optimizing NNI: done in 0.26881 secs using 1312% CPU
Optimizing NNI: done in 0.322 secs using 1311% CPU
Optimizing NNI: done in 0.206588 secs using 1307% CPU
Optimizing NNI: done in 0.256117 secs using 1306% CPU
Optimizing NNI: done in 0.132141 secs using 1305% CPU
Iteration 300 / LogL: -2718.486 / Time: 0h:2m:18s (0h:0m:9s left)
Log-likelihood cutoff on original alignment: -2746.257
NOTE: Bootstrap correlation coefficient of split occurrence frequencies: 0.976
NOTE: UFBoot does not converge, continue at least 100 more iterations
Optimizing NNI: done in 0.328522 secs using 1302% CPU
Optimizing NNI: done in 0.226919 secs using 1311% CPU
Optimizing NNI: done in 0.223407 secs using 1321% CPU
Optimizing NNI: done in 0.309076 secs using 1307% CPU
Optimizing NNI: done in 0.234422 secs using 1293% CPU
Optimizing NNI: done in 0.275978 secs using 1306% CPU
Optimizing NNI: done in 0.321073 secs using 1305% CPU
Optimizing NNI: done in 0.329489 secs using 1302% CPU
BETTER TREE FOUND at iteration 308: -2718.485
Optimizing NNI: done in 0.337743 secs using 1316% CPU
Optimizing NNI: done in 0.187259 secs using 1299% CPU
Iteration 310 / LogL: -2737.783 / Time: 0h:2m:22s (0h:0m:44s left)
Optimizing NNI: done in 0.178958 secs using 1299% CPU
Optimizing NNI: done in 0.25112 secs using 1298% CPU
Optimizing NNI: done in 0.203847 secs using 1306% CPU
Optimizing NNI: done in 0.229275 secs using 1328% CPU
Optimizing NNI: done in 0.345086 secs using 1311% CPU
Optimizing NNI: done in 0.257835 secs using 1292% CPU
Optimizing NNI: done in 0.415542 secs using 1309% CPU
Optimizing NNI: done in 0.31116 secs using 1302% CPU
Optimizing NNI: done in 0.254038 secs using 1297% CPU
Optimizing NNI: done in 0.209046 secs using 1306% CPU
Iteration 320 / LogL: -2718.488 / Time: 0h:2m:25s (0h:0m:39s left)
Optimizing NNI: done in 0.276015 secs using 1306% CPU
Optimizing NNI: done in 0.369636 secs using 1304% CPU
Optimizing NNI: done in 0.294948 secs using 1313% CPU
Optimizing NNI: done in 0.317917 secs using 1301% CPU
Optimizing NNI: done in 0.298765 secs using 1317% CPU
Optimizing NNI: done in 0.307741 secs using 1300% CPU
Optimizing NNI: done in 0.325743 secs using 1304% CPU
Optimizing NNI: done in 0.196287 secs using 1299% CPU
Optimizing NNI: done in 0.284944 secs using 1298% CPU
Optimizing NNI: done in 0.202991 secs using 1296% CPU
Iteration 330 / LogL: -2718.487 / Time: 0h:2m:28s (0h:0m:34s left)
Optimizing NNI: done in 0.129539 secs using 1296% CPU
Optimizing NNI: done in 0.277943 secs using 1304% CPU
Optimizing NNI: done in 0.313296 secs using 1300% CPU
Optimizing NNI: done in 0.228694 secs using 1301% CPU
Optimizing NNI: done in 0.197281 secs using 1298% CPU
Optimizing NNI: done in 0.277336 secs using 1308% CPU
Optimizing NNI: done in 0.223044 secs using 1325% CPU
Optimizing NNI: done in 0.292581 secs using 1303% CPU
Optimizing NNI: done in 0.295161 secs using 1314% CPU
Optimizing NNI: done in 0.128079 secs using 1294% CPU
Iteration 340 / LogL: -2725.445 / Time: 0h:2m:31s (0h:0m:29s left)
Optimizing NNI: done in 0.200864 secs using 1299% CPU
Optimizing NNI: done in 0.27728 secs using 1309% CPU
Optimizing NNI: done in 0.283795 secs using 1311% CPU
Optimizing NNI: done in 0.266667 secs using 1291% CPU
Optimizing NNI: done in 0.283202 secs using 1307% CPU
Optimizing NNI: done in 0.202735 secs using 1291% CPU
Optimizing NNI: done in 0.340831 secs using 1315% CPU
Optimizing NNI: done in 0.349737 secs using 1298% CPU
Optimizing NNI: done in 0.205296 secs using 1298% CPU
Optimizing NNI: done in 0.253537 secs using 1302% CPU
Iteration 350 / LogL: -2723.832 / Time: 0h:2m:34s (0h:0m:25s left)
Log-likelihood cutoff on original alignment: -2746.257
Optimizing NNI: done in 0.31302 secs using 1302% CPU
Optimizing NNI: done in 0.220528 secs using 1316% CPU
Optimizing NNI: done in 0.200048 secs using 1312% CPU
Optimizing NNI: done in 0.316317 secs using 1300% CPU
Optimizing NNI: done in 0.357294 secs using 1308% CPU
Optimizing NNI: done in 0.332077 secs using 1315% CPU
Optimizing NNI: done in 0.247936 secs using 1302% CPU
Optimizing NNI: done in 0.374167 secs using 1327% CPU
Optimizing NNI: done in 0.277513 secs using 1311% CPU
Optimizing NNI: done in 0.221257 secs using 1307% CPU
Iteration 360 / LogL: -2718.485 / Time: 0h:2m:38s (0h:0m:20s left)
Optimizing NNI: done in 0.19834 secs using 1301% CPU
Optimizing NNI: done in 0.291099 secs using 1291% CPU
Optimizing NNI: done in 0.128399 secs using 1299% CPU
Optimizing NNI: done in 0.468397 secs using 1322% CPU
Optimizing NNI: done in 0.371765 secs using 1304% CPU
Optimizing NNI: done in 0.254879 secs using 1297% CPU
Optimizing NNI: done in 0.244668 secs using 1305% CPU
Optimizing NNI: done in 0.291146 secs using 1313% CPU
Optimizing NNI: done in 0.258647 secs using 1292% CPU
Optimizing NNI: done in 0.321286 secs using 1303% CPU
Iteration 370 / LogL: -2718.486 / Time: 0h:2m:41s (0h:0m:16s left)
Optimizing NNI: done in 0.302623 secs using 1291% CPU
Optimizing NNI: done in 0.352565 secs using 1317% CPU
Optimizing NNI: done in 0.210382 secs using 1304% CPU
Optimizing NNI: done in 0.297938 secs using 1303% CPU
Optimizing NNI: done in 0.329667 secs using 1289% CPU
Optimizing NNI: done in 0.279213 secs using 1301% CPU
Optimizing NNI: done in 0.256393 secs using 1306% CPU
Optimizing NNI: done in 0.215146 secs using 1312% CPU
Optimizing NNI: done in 0.20768 secs using 1296% CPU
Optimizing NNI: done in 0.33162 secs using 1294% CPU
Iteration 380 / LogL: -2718.487 / Time: 0h:2m:44s (0h:0m:11s left)
Optimizing NNI: done in 0.26758 secs using 1301% CPU
Optimizing NNI: done in 0.183053 secs using 1296% CPU
Optimizing NNI: done in 0.302668 secs using 1305% CPU
Optimizing NNI: done in 0.26082 secs using 1300% CPU
Optimizing NNI: done in 0.272287 secs using 1307% CPU
Optimizing NNI: done in 0.249944 secs using 1292% CPU
Optimizing NNI: done in 0.217656 secs using 1314% CPU
Optimizing NNI: done in 0.269219 secs using 1305% CPU
Optimizing NNI: done in 0.231752 secs using 1298% CPU
BETTER TREE FOUND at iteration 389: -2718.485
Optimizing NNI: done in 7.5331 secs using 1473% CPU
Iteration 390 / LogL: -2718.487 / Time: 0h:2m:54s (0h:0m:43s left)
Optimizing NNI: done in 14.2844 secs using 1473% CPU
Optimizing NNI: done in 4.54404 secs using 1459% CPU
Optimizing NNI: done in 0.231631 secs using 1290% CPU
Optimizing NNI: done in 0.252574 secs using 1336% CPU
Optimizing NNI: done in 0.269877 secs using 1307% CPU
Optimizing NNI: done in 0.31757 secs using 1298% CPU
Optimizing NNI: done in 0.278851 secs using 1309% CPU
Optimizing NNI: done in 0.2318 secs using 1321% CPU
Optimizing NNI: done in 0.269411 secs using 1302% CPU
Optimizing NNI: done in 0.266516 secs using 1306% CPU
Iteration 400 / LogL: -2718.486 / Time: 0h:3m:16s (0h:0m:43s left)
Log-likelihood cutoff on original alignment: -2746.257
NOTE: Bootstrap correlation coefficient of split occurrence frequencies: 0.988
NOTE: UFBoot does not converge, continue at least 100 more iterations
Optimizing NNI: done in 0.28823 secs using 1308% CPU
Optimizing NNI: done in 0.381953 secs using 1302% CPU
Optimizing NNI: done in 0.393635 secs using 1301% CPU
Optimizing NNI: done in 0.330858 secs using 1331% CPU
Optimizing NNI: done in 0.202264 secs using 1300% CPU
Optimizing NNI: done in 0.247294 secs using 1308% CPU
Optimizing NNI: done in 0.17041 secs using 1291% CPU
Optimizing NNI: done in 0.288471 secs using 1300% CPU
Optimizing NNI: done in 0.309581 secs using 1321% CPU
Optimizing NNI: done in 0.296204 secs using 1312% CPU
Iteration 410 / LogL: -2719.117 / Time: 0h:3m:20s (0h:0m:43s left)
Optimizing NNI: done in 0.304436 secs using 1316% CPU
Optimizing NNI: done in 0.335877 secs using 1310% CPU
Optimizing NNI: done in 0.396736 secs using 1304% CPU
Optimizing NNI: done in 0.281112 secs using 1305% CPU
Optimizing NNI: done in 0.390469 secs using 1329% CPU
Optimizing NNI: done in 0.196433 secs using 1293% CPU
Optimizing NNI: done in 0.268615 secs using 1314% CPU
Optimizing NNI: done in 0.355528 secs using 1305% CPU
Optimizing NNI: done in 0.375416 secs using 1323% CPU
Optimizing NNI: done in 0.207557 secs using 1305% CPU
Iteration 420 / LogL: -2729.130 / Time: 0h:3m:23s (0h:0m:38s left)
Optimizing NNI: done in 0.331231 secs using 1310% CPU
Optimizing NNI: done in 0.293993 secs using 1305% CPU
Optimizing NNI: done in 0.377421 secs using 1314% CPU
Optimizing NNI: done in 0.259956 secs using 1300% CPU
Optimizing NNI: done in 0.34841 secs using 1314% CPU
Optimizing NNI: done in 0.281651 secs using 1309% CPU
Optimizing NNI: done in 0.209859 secs using 1304% CPU
Optimizing NNI: done in 0.331029 secs using 1326% CPU
Optimizing NNI: done in 0.201051 secs using 1303% CPU
BETTER TREE FOUND at iteration 429: -2718.484
Optimizing NNI: done in 0.258713 secs using 1293% CPU
Iteration 430 / LogL: -2734.599 / Time: 0h:3m:27s (0h:0m:47s left)
Optimizing NNI: done in 0.222744 secs using 1296% CPU
Optimizing NNI: done in 0.219356 secs using 1308% CPU
Optimizing NNI: done in 0.233057 secs using 1317% CPU
Optimizing NNI: done in 0.311874 secs using 1318% CPU
Optimizing NNI: done in 0.234676 secs using 1318% CPU
Optimizing NNI: done in 0.27672 secs using 1302% CPU
Optimizing NNI: done in 1.64955 secs using 1437% CPU
Optimizing NNI: done in 0.348516 secs using 1297% CPU
Optimizing NNI: done in 0.362278 secs using 1308% CPU
Optimizing NNI: done in 0.418553 secs using 1315% CPU
Iteration 440 / LogL: -2720.288 / Time: 0h:3m:32s (0h:0m:42s left)
Optimizing NNI: done in 0.273824 secs using 1310% CPU
Optimizing NNI: done in 0.263372 secs using 1318% CPU
Optimizing NNI: done in 0.326888 secs using 1312% CPU
Optimizing NNI: done in 0.363882 secs using 1321% CPU
Optimizing NNI: done in 0.255569 secs using 1297% CPU
Optimizing NNI: done in 0.238252 secs using 1296% CPU
Optimizing NNI: done in 0.253015 secs using 1298% CPU
Optimizing NNI: done in 0.293644 secs using 1311% CPU
Optimizing NNI: done in 0.221349 secs using 1313% CPU
Optimizing NNI: done in 0.288933 secs using 1308% CPU
Iteration 450 / LogL: -2718.486 / Time: 0h:3m:35s (0h:0m:37s left)
Log-likelihood cutoff on original alignment: -2746.257
Optimizing NNI: done in 0.303119 secs using 1331% CPU
Optimizing NNI: done in 0.371055 secs using 1312% CPU
Optimizing NNI: done in 0.211626 secs using 1306% CPU
Optimizing NNI: done in 0.306602 secs using 1306% CPU
Optimizing NNI: done in 0.285972 secs using 1315% CPU
Optimizing NNI: done in 0.28342 secs using 1316% CPU
Optimizing NNI: done in 0.699018 secs using 1420% CPU
Optimizing NNI: done in 0.456815 secs using 1388% CPU
Optimizing NNI: done in 5.47404 secs using 1465% CPU
Optimizing NNI: done in 0.210129 secs using 1309% CPU
Iteration 460 / LogL: -2731.363 / Time: 0h:3m:45s (0h:0m:33s left)
Optimizing NNI: done in 0.198149 secs using 1301% CPU
Optimizing NNI: done in 0.298432 secs using 1317% CPU
Optimizing NNI: done in 0.313868 secs using 1319% CPU
Optimizing NNI: done in 0.25752 secs using 1299% CPU
Optimizing NNI: done in 0.258986 secs using 1307% CPU
Optimizing NNI: done in 0.296761 secs using 1301% CPU
Optimizing NNI: done in 0.388956 secs using 1331% CPU
Optimizing NNI: done in 0.273654 secs using 1316% CPU
Optimizing NNI: done in 0.353645 secs using 1328% CPU
Optimizing NNI: done in 0.382287 secs using 1304% CPU
Iteration 470 / LogL: -2718.485 / Time: 0h:3m:48s (0h:0m:28s left)
Optimizing NNI: done in 0.311578 secs using 1320% CPU
Optimizing NNI: done in 0.28219 secs using 1317% CPU
Optimizing NNI: done in 0.311964 secs using 1320% CPU
Optimizing NNI: done in 0.453502 secs using 1307% CPU
Optimizing NNI: done in 0.347248 secs using 1307% CPU
Optimizing NNI: done in 0.32711 secs using 1304% CPU
Optimizing NNI: done in 0.227983 secs using 1313% CPU
Optimizing NNI: done in 0.287254 secs using 1312% CPU
Optimizing NNI: done in 0.271035 secs using 1305% CPU
Optimizing NNI: done in 0.294075 secs using 1312% CPU
Iteration 480 / LogL: -2718.486 / Time: 0h:3m:52s (0h:0m:23s left)
Optimizing NNI: done in 0.322205 secs using 1304% CPU
Optimizing NNI: done in 0.214066 secs using 1296% CPU
Optimizing NNI: done in 0.376118 secs using 1300% CPU
Optimizing NNI: done in 0.327416 secs using 1309% CPU
Optimizing NNI: done in 0.487931 secs using 1319% CPU
Optimizing NNI: done in 0.259273 secs using 1307% CPU
Optimizing NNI: done in 0.217076 secs using 1306% CPU
Optimizing NNI: done in 0.221856 secs using 1294% CPU
Optimizing NNI: done in 0.298661 secs using 1314% CPU
Optimizing NNI: done in 0.210282 secs using 1293% CPU
Iteration 490 / LogL: -2718.485 / Time: 0h:3m:56s (0h:0m:18s left)
Optimizing NNI: done in 0.230733 secs using 1314% CPU
Optimizing NNI: done in 0.242211 secs using 1303% CPU
Optimizing NNI: done in 0.283601 secs using 1294% CPU
Optimizing NNI: done in 0.21052 secs using 1307% CPU
Optimizing NNI: done in 0.357177 secs using 1316% CPU
Optimizing NNI: done in 0.222798 secs using 1301% CPU
Optimizing NNI: done in 0.281152 secs using 1308% CPU
Optimizing NNI: done in 0.300058 secs using 1308% CPU
Optimizing NNI: done in 0.29188 secs using 1304% CPU
Optimizing NNI: done in 0.357875 secs using 1308% CPU
Iteration 500 / LogL: -2722.485 / Time: 0h:3m:59s (0h:0m:13s left)
Log-likelihood cutoff on original alignment: -2746.257
NOTE: Bootstrap correlation coefficient of split occurrence frequencies: 0.990
Optimizing NNI: done in 3.37243 secs using 1466% CPU
Optimizing NNI: done in 0.448834 secs using 1319% CPU
Optimizing NNI: done in 0.344676 secs using 1308% CPU
Optimizing NNI: done in 0.348353 secs using 1310% CPU
Optimizing NNI: done in 0.425449 secs using 1326% CPU
Optimizing NNI: done in 0.252101 secs using 1301% CPU
Optimizing NNI: done in 0.265123 secs using 1302% CPU
Optimizing NNI: done in 0.384816 secs using 1309% CPU
Optimizing NNI: done in 0.258955 secs using 1338% CPU
Optimizing NNI: done in 0.20493 secs using 1297% CPU
Iteration 510 / LogL: -2718.486 / Time: 0h:4m:6s (0h:0m:43s left)
Optimizing NNI: done in 0.378523 secs using 1314% CPU
Optimizing NNI: done in 0.225501 secs using 1324% CPU
Optimizing NNI: done in 0.282728 secs using 1295% CPU
Optimizing NNI: done in 0.388001 secs using 1307% CPU
Optimizing NNI: done in 0.257022 secs using 1332% CPU
Optimizing NNI: done in 0.288777 secs using 1313% CPU
Optimizing NNI: done in 0.281802 secs using 1307% CPU
Optimizing NNI: done in 0.381753 secs using 1298% CPU
Optimizing NNI: done in 0.204694 secs using 1307% CPU
Optimizing NNI: done in 0.279311 secs using 1310% CPU
Iteration 520 / LogL: -2718.486 / Time: 0h:4m:10s (0h:0m:38s left)
Optimizing NNI: done in 0.217734 secs using 1308% CPU
Optimizing NNI: done in 0.205597 secs using 1295% CPU
Optimizing NNI: done in 0.268042 secs using 1301% CPU
Optimizing NNI: done in 0.267157 secs using 1302% CPU
Optimizing NNI: done in 0.205483 secs using 1298% CPU
Optimizing NNI: done in 0.123521 secs using 1293% CPU
Optimizing NNI: done in 0.288729 secs using 1294% CPU
Optimizing NNI: done in 0.293248 secs using 1311% CPU
Optimizing NNI: done in 0.29384 secs using 1298% CPU
Optimizing NNI: done in 0.35526 secs using 1298% CPU
Iteration 530 / LogL: -2722.483 / Time: 0h:4m:13s (0h:0m:33s left)
TREE SEARCH COMPLETED AFTER 530 ITERATIONS / Time: 0h:4m:13s

--------------------------------------------------------------------
|                    FINALIZING TREE SEARCH                        |
--------------------------------------------------------------------
Performs final model parameters optimization
Estimate model parameters (epsilon = 0.010)
1. Initial log-likelihood: -2718.484
Optimal log-likelihood: -2718.484
Gamma shape alpha: 0.359
Parameters optimization took 1 rounds (0.050 sec)
BEST SCORE FOUND : -2718.484
Creating bootstrap support values...
Split supports printed to NEXUS file results/per_year_unclustered/VicB/trees/VicB_2014.splits.nex
Total tree length: 0.200

Total number of iterations: 530
CPU time used for tree search: 3198.314 sec (0h:53m:18s)
Wall-clock time used for tree search: 250.214 sec (0h:4m:10s)
Total CPU time used: 3253.042 sec (0h:54m:13s)
Total wall-clock time used: 254.260 sec (0h:4m:14s)

Computing bootstrap consensus tree...
Reading input file results/per_year_unclustered/VicB/trees/VicB_2014.splits.nex...
88 taxa and 3782 splits.
Consensus tree written to results/per_year_unclustered/VicB/trees/VicB_2014.contree
Reading input trees file results/per_year_unclustered/VicB/trees/VicB_2014.contree
Log-likelihood of consensus tree: -2718.473

Analysis results written to: 
  IQ-TREE report:                results/per_year_unclustered/VicB/trees/VicB_2014.iqtree
  Maximum-likelihood tree:       results/per_year_unclustered/VicB/trees/VicB_2014.treefile
  Likelihood distances:          results/per_year_unclustered/VicB/trees/VicB_2014.mldist

Ultrafast bootstrap approximation results written to:
  Split support values:          results/per_year_unclustered/VicB/trees/VicB_2014.splits.nex
  Consensus tree:                results/per_year_unclustered/VicB/trees/VicB_2014.contree
  Screen log file:               results/per_year_unclustered/VicB/trees/VicB_2014.log

Date and Time: Fri Nov 21 09:35:36 2025
