IQ-TREE version 3.0.1 for Linux x86 64-bit built Jul  9 2025
Developed by Bui Quang Minh, Thomas Wong, Nhan Ly-Trong, Huaiyan Ren
Contributed by Lam-Tung Nguyen, Dominik Schrempf, Chris Bielow,
Olga Chernomor, Michael Woodhams, Diep Thi Hoang, Heiko Schmidt

Host:    rtis-hpc-r01.uod.otago.ac.nz (AVX2, FMA3, 1007 GB RAM)
Command: iqtree -s results/per_year_unclustered/VicB/alignments/VicB_2011_aligned.fasta -m LG+G4 -te results/per_year_unclustered/VicB/trees/VicB_2011.treefile -asr -pre results/per_year_unclustered/VicB/trees/VicB_2011_asr -redo -quiet
Seed:    693799 (Using SPRNG - Scalable Parallel Random Number Generator)
Time:    Sat Nov 22 10:53:40 2025
Kernel:  AVX+FMA - 1 threads (8 CPU cores detected)

HINT: Use -nt option to specify number of threads because your CPU has 8 cores!
HINT: -nt AUTO will automatically determine the best number of threads to use.

Reading alignment file results/per_year_unclustered/VicB/alignments/VicB_2011_aligned.fasta ... Fasta format detected
Reading fasta file: done in 0.00133203 secs using 80.48% CPU
Alignment most likely contains protein sequences
Constructing alignment: done in 0.000604974 secs using 94.71% CPU
Alignment has 160 sequences with 585 columns, 145 distinct patterns
44 parsimony-informative, 81 singleton sites, 460 constant sites
                                                                 Gap/Ambiguity  Composition  p-value
Analyzing sequences: done in 3.59174e-05 secs using 61.25% CPU
   1  EPI340813|HA|B/Bangladesh/4622/2011|EPI_ISL_98579|B                0.00%    passed    100.00%
   2  EPI340816|HA|B/Fujian-Tongan/1150/2011|EPI_ISL_98580|B             0.00%    passed    100.00%
   3  EPI340825|HA|B/Fujian-Siming/1134/2011|EPI_ISL_98583|B             0.00%    passed    100.00%
   4  EPI340822|HA|B/Hubei-Fancheng/2277/2011|EPI_ISL_98582|B            0.00%    passed    100.00%
   5  EPI340828|HA|B/Sichuan-Maerkang/166/2011|EPI_ISL_98584|B           0.00%    passed    100.00%
   6  EPI340837|HA|B/Shizuoka/57/2011|EPI_ISL_98587|B                    0.00%    passed    100.00%
   7  EPI340840|HA|B/Anhui-Baohe/1421/2011|EPI_ISL_98588|B               0.00%    passed    100.00%
   8  EPI340849|HA|B/Vietnam/92/2011|EPI_ISL_98591|B                     0.00%    passed    100.00%
   9  EPI342010|HA|B/Kyrgyztan/01/2011|EPI_ISL_98931|B                   0.00%    passed    100.00%
  10  EPI346033|HA|B/SRI_LANKA/4/2011|EPI_ISL_99651|B                    0.00%    passed    100.00%
  11  EPI346030|HA|B/SRI_LANKA/2/2011|EPI_ISL_99650|B                    0.00%    passed    100.00%
  12  EPI346078|HA|B/CAMBODIA/23/2011|EPI_ISL_99666|B                    0.00%    passed    100.00%
  13  EPI346099|HA|B/PHILIPPINES/2533/2011|EPI_ISL_99673|B               0.00%    passed    100.00%
  14  EPI346096|HA|B/PHILIPPINES/2394/2011|EPI_ISL_99672|B               0.00%    passed    100.00%
  15  EPI346108|HA|B/NONTHABURI/1766/2011|EPI_ISL_99676|B                0.00%    passed    100.00%
  16  EPI346117|HA|B/PHILIPPINES/2519/2011|EPI_ISL_99679|B               0.00%    passed    100.00%
  17  EPI346736|HA|B/Hong_Kong/591/2011|EPI_ISL_99943|B                  0.00%    passed    100.00%
  18  EPI346738|HA|B/Hong_Kong/591/2011|EPI_ISL_99944|B                  0.00%    passed    100.00%
  19  EPI346760|HA|B/Ankara/TR-10/2011|EPI_ISL_99955|B                   0.00%    passed    100.00%
  20  EPI346763|HA|B/Sivas/TR-14/2011|EPI_ISL_99957|B                    0.00%    passed    100.00%
  21  EPI346981|HA|B/Bangladesh/5004/2011|EPI_ISL_100089|B               0.00%    passed    100.00%
  22  EPI346979|HA|B/Bangladesh/1006/2011|EPI_ISL_100088|B               0.00%    passed    100.00%
  23  EPI347644|HA|B/Hunan-Lusong/1540/2011|EPI_ISL_100500|B             0.00%    passed    100.00%
  24  EPI347665|HA|B/Cambodia/1402/2011|EPI_ISL_100508|B                 0.00%    passed    100.00%
  25  EPI347832|HA|B/Shanghai-Xuhui/1374/2011|EPI_ISL_100787|B           0.00%    passed    100.00%
  26  EPI347834|HA|B/Hubei-Qiaokou/1393/2011|EPI_ISL_100788|B            0.00%    passed    100.00%
  27  EPI347854|HA|B/Guangdong-Luohu/1351/2011|EPI_ISL_100798|B          0.00%    passed    100.00%
  28  EPI347867|HA|B/Jiangxi-Donghu/1439/2011|EPI_ISL_100805|B           0.00%    passed    100.00%
  29  EPI347871|HA|B/Fujian-Zhangpu/319/2011|EPI_ISL_100807|B            0.00%    passed    100.00%
  30  EPI347875|HA|B/Jiangsu-Nanjinggulou/11208/2011|EPI_ISL_100809|B    0.00%    passed    100.00%
  31  EPI347873|HA|B/Jiangsu-Tianning/1467/2011|EPI_ISL_100808|B         0.00%    passed    100.00%
  32  EPI347877|HA|B/Hubei-Jingzhou/5104/2011|EPI_ISL_100810|B           0.00%    passed    100.00%
  33  EPI347893|HA|B/Shanghai-Chongming/1458/2011|EPI_ISL_100818|B       0.00%    passed    100.00%
  34  EPI347911|HA|B/Hunan-Lusong/1645/2011|EPI_ISL_100827|B             0.00%    passed    100.00%
  35  EPI347913|HA|B/Jiangsu-Canglang/1538/2011|EPI_ISL_100828|B         0.00%    passed    100.00%
  36  EPI347917|HA|B/Jiangxi-Donghu/1468/2011|EPI_ISL_100830|B           0.00%    passed    100.00%
  37  EPI348418|HA|B/TOKYO/91107/2011|EPI_ISL_101353|B                   0.00%    passed    100.00%
  38  EPI348417|HA|B/IBARAKI/18/2011|EPI_ISL_101352|B                    0.00%    passed    100.00%
  39  EPI348452|HA|B/Cambodia/1412/2011|EPI_ISL_101361|B                 0.00%    passed    100.00%
  40  EPI348464|HA|B/Gwangju/649/2011|EPI_ISL_101365|B                   0.00%    passed    100.00%
  41  EPI352432|HA|B/Hong_Kong/1153/2011|EPI_ISL_103121|B                0.00%    passed    100.00%
  42  EPI352431|HA|B/Hong_Kong/1129/2011|EPI_ISL_103120|B                0.00%    passed    100.00%
  43  EPI352465|HA|B/Israel/14/2011|EPI_ISL_103138|B                     0.00%    passed    100.00%
  44  EPI353982|HA|B/India/5875/2011|EPI_ISL_104031|B                    0.00%    passed    100.00%
  45  EPI354013|HA|B/Sichuan-Bazhou/1249/2011|EPI_ISL_104042|B           0.00%    passed    100.00%
  46  EPI354034|HA|B/Chongqing-Yuzhong/1651/2011|EPI_ISL_104047|B        0.00%    passed    100.00%
  47  EPI354055|HA|B/Shanghai-Jingan/1392/2011|EPI_ISL_104052|B          0.00%    passed    100.00%
  48  EPI354066|HA|B/Bangladesh/5549/2011|EPI_ISL_104055|B               0.00%    passed    100.00%
  49  EPI356968|HA|B/CHIBA/19/2011|EPI_ISL_106357|B                      0.00%    passed    100.00%
  50  EPI356973|HA|B/HYOGO/1123/2011|EPI_ISL_106362|B                    0.00%    passed    100.00%
  51  EPI356988|HA|B/OSAKA-C/1035/2011|EPI_ISL_106377|B                  0.00%    passed    100.00%
  52  EPI357742|HA|B/Qatar/2311005072/2011|EPI_ISL_106897|B              0.00%    passed    100.00%
  53  EPI357744|HA|B/Qatar/2311002267/2011|EPI_ISL_106898|B              0.00%    passed    100.00%
  54  EPI366201|HA|B/Bangladesh/8008/2011|EPI_ISL_115043|B               0.00%    passed    100.00%
  55  EPI366198|HA|B/Bangladesh/4013/2011|EPI_ISL_115042|B               0.00%    passed    100.00%
  56  EPI366221|HA|B/Hong_Kong/746/2011|EPI_ISL_115049|B                 0.00%    passed    100.00%
  57  EPI902432|HA|B/Kazakhstan/2078/2011|EPI_ISL_246482|B               0.00%    passed    100.00%
  58  EPI902523|HA|B/Hong_Kong/767/2011|EPI_ISL_246527|B                 0.00%    passed    100.00%
  59  EPI370057|HA|B/CAMBODIA/122/2011|EPI_ISL_118581|B                  0.00%    passed    100.00%
  60  EPI370063|HA|B/SRI_LANKA/15/2011|EPI_ISL_118584|B                  0.00%    passed    100.00%
  61  EPI370095|HA|B/PHILIPPINES/3971/2011|EPI_ISL_118595|B              0.00%    passed    100.00%
  62  EPI370126|HA|B/CAMBODIA/116/2011|EPI_ISL_118605|B                  0.00%    passed    100.00%
  63  EPI370315|HA|B/PHILIPPINES/3701/2011|EPI_ISL_118650|B              0.00%    passed    100.00%
  64  EPI370727|HA|B/Laos/I973/2011|EPI_ISL_118950|B                     0.00%    passed    100.00%
  65  EPI370731|HA|B/Laos/I1000/2011|EPI_ISL_118952|B                    0.00%    passed    100.00%
  66  EPI1399068|HA|B/Taiwan/6970/2011|EPI_ISL_348549|B                  0.00%    passed    100.00%
  67  EPI378489|HA|B/Taiwan/1557/2011|EPI_ISL_122337|B                   0.00%    passed    100.00%
  68  EPI334449|HA|B/Bangladesh/1585/2011|EPI_ISL_93497|B                0.00%    passed    100.00%
  69  EPI2474332|HA|B/Cambodia/8/2011|EPI_ISL_17265023|B                 0.00%    passed    100.00%
  70  EPI2474360|HA|B/Hanoi/EL467/2011|EPI_ISL_17265036|B                0.00%    passed    100.00%
  71  EPI330092|HA|B/Shanghai-Baoshan/152/2011|EPI_ISL_94553|B           0.00%    passed    100.00%
  72  EPI330124|HA|B/Shanghai-Huangpu/171/2011|EPI_ISL_94557|B           0.00%    passed    100.00%
  73  EPI330116|HA|B/Shanghai-Songjiang/176/2011|EPI_ISL_94556|B         0.00%    passed    100.00%
  74  EPI330364|HA|B/Sichuan-Jinjiang/277/2011|EPI_ISL_94587|B           0.00%    passed    100.00%
  75  EPI330372|HA|B/Fujian-Gulou/1174/2011|EPI_ISL_94588|B              0.00%    passed    100.00%
  76  EPI330388|HA|B/Hunan-Hecheng/1104/2011|EPI_ISL_94590|B             0.00%    passed    100.00%
  77  EPI330460|HA|B/Fujian-Cangshan/192/2011|EPI_ISL_94599|B            0.00%    passed    100.00%
  78  EPI330625|HA|B/Chongqing-Jiulongpo/39/2011|EPI_ISL_94624|B         0.00%    passed    100.00%
  79  EPI330745|HA|B/Shanghai-Luwan/1216/2011|EPI_ISL_94639|B            0.00%    passed    100.00%
  80  EPI330737|HA|B/Hunan-Lusong/1325/2011|EPI_ISL_94638|B              0.00%    passed    100.00%
  81  EPI330793|HA|B/Hunan-Yuhua/1265/2011|EPI_ISL_94645|B               0.00%    passed    100.00%
  82  EPI330833|HA|B/Guangdong-Chikan/1155/2011|EPI_ISL_94650|B          0.00%    passed    100.00%
  83  EPI330945|HA|B/Hunan-Yuhua/1316/2011|EPI_ISL_94664|B               0.00%    passed    100.00%
  84  EPI330969|HA|B/Jiangsu-Chongchuan/11150/2011|EPI_ISL_94667|B       0.00%    passed    100.00%
  85  EPI331272|HA|B/CAMBODIA/2/2011|EPI_ISL_94780|B                     0.00%    passed    100.00%
  86  EPI331384|HA|B/CAMBODIA/30/2011|EPI_ISL_94816|B                    0.00%    passed    100.00%
  87  EPI331531|HA|B/MACAU/200392/2011|EPI_ISL_94864|B                   0.00%    passed    100.00%
  88  EPI332670|HA|B/NONG_KHAI/40/2011|EPI_ISL_95089|B                   0.00%    passed    100.00%
  89  EPI335759|HA|B/Bangladesh/9234/2011|EPI_ISL_96046|B                0.00%    passed    100.00%
  90  EPI339387|HA|B/Vietnam/107/2011|EPI_ISL_97463|B                    0.00%    passed    100.00%
  91  EPI339399|HA|B/Vietnam/85/2011|EPI_ISL_97467|B                     0.00%    passed    100.00%
  92  EPI340843|HA|B/Utah/05/2011|EPI_ISL_98589|B                        0.00%    passed    100.00%
  93  EPI340967|HA|B/Minnesota/04/2011|EPI_ISL_98655|B                   0.00%    passed    100.00%
  94  EPI341981|HA|B/California/02/2011|EPI_ISL_98922|B                  0.00%    passed    100.00%
  95  EPI341994|HA|B/Florida/02/2011|EPI_ISL_98926|B                     0.00%    passed    100.00%
  96  EPI342016|HA|B/Louisiana/05/2011|EPI_ISL_98933|B                   0.00%    passed    100.00%
  97  EPI342038|HA|B/Washington/01/2011|EPI_ISL_98939|B                  0.00%    passed    100.00%
  98  EPI345978|HA|B/Washington/08/2011|EPI_ISL_99628|B                  0.00%    passed    100.00%
  99  EPI346474|HA|B/Michigan/09/2011|EPI_ISL_99806|B                    0.00%    passed    100.00%
 100  EPI346959|HA|B/Alaska/09/2011|EPI_ISL_100081|B                     0.00%    passed    100.00%
 101  EPI346968|HA|B/California/11/2011|EPI_ISL_100084|B                 0.00%    passed    100.00%
 102  EPI348444|HA|B/Wisconsin/06/2011|EPI_ISL_101358|B                  0.00%    passed    100.00%
 103  EPI349749|HA|B/Michigan/09/2011|EPI_ISL_101914|B                   0.00%    passed    100.00%
 104  EPI307192|HA|B/North_Carolina/05/2011|EPI_ISL_87416|B              0.00%    passed    100.00%
 105  EPI309180|HA|B/Florida/04/2011|EPI_ISL_87823|B                     0.00%    passed    100.00%
 106  EPI309224|HA|B/Michigan/01/2011|EPI_ISL_87838|B                    0.00%    passed    100.00%
 107  EPI309236|HA|B/Nebraska/04/2011|EPI_ISL_87842|B                    0.00%    passed    100.00%
 108  EPI309293|HA|B/Wisconsin/02/2011|EPI_ISL_87859|B                   0.00%    passed    100.00%
 109  EPI312761|HA|B/California/09/2011|EPI_ISL_88859|B                  0.00%    passed    100.00%
 110  EPI312794|HA|B/Indiana/04/2011|EPI_ISL_88871|B                     0.00%    passed    100.00%
 111  EPI312800|HA|B/Iowa/01/2011|EPI_ISL_88873|B                        0.00%    passed    100.00%
 112  EPI312821|HA|B/Maine/05/2011|EPI_ISL_88879|B                       0.00%    passed    100.00%
 113  EPI312844|HA|B/Nevada/06/2011|EPI_ISL_88887|B                      0.00%    passed    100.00%
 114  EPI312890|HA|B/North_Carolina/16/2011|EPI_ISL_88907|B              0.00%    passed    100.00%
 115  EPI312918|HA|B/Tennessee/01/2011|EPI_ISL_88917|B                   0.00%    passed    100.00%
 116  EPI312921|HA|B/Texas/05/2011|EPI_ISL_88918|B                       0.00%    passed    100.00%
 117  EPI312948|HA|B/Utah/04/2011|EPI_ISL_88925|B                        0.00%    passed    100.00%
 118  EPI312954|HA|B/Vermont/03/2011|EPI_ISL_88927|B                     0.00%    passed    100.00%
 119  EPI312976|HA|B/Wyoming/02/2011|EPI_ISL_88933|B                     0.00%    passed    100.00%
 120  EPI325061|HA|B/Alaska/08/2011|EPI_ISL_93493|B                      0.00%    passed    100.00%
 121  EPI325078|HA|B/Colorado/03/2011|EPI_ISL_93499|B                    0.00%    passed    100.00%
 122  EPI325083|HA|B/Connecticut/03/2011|EPI_ISL_93501|B                 0.00%    passed    100.00%
 123  EPI325110|HA|B/Idaho/03/2011|EPI_ISL_93509|B                       0.00%    passed    100.00%
 124  EPI325116|HA|B/Idaho/05/2011|EPI_ISL_93511|B                       0.00%    passed    100.00%
 125  EPI325113|HA|B/Idaho/04/2011|EPI_ISL_93510|B                       0.00%    passed    100.00%
 126  EPI325143|HA|B/Louisiana/11/2011|EPI_ISL_93520|B                   0.00%    passed    100.00%
 127  EPI325157|HA|B/Massachusetts/02/2011|EPI_ISL_93524|B               0.00%    passed    100.00%
 128  EPI325191|HA|B/Nebraska/06/2011|EPI_ISL_93534|B                    0.00%    passed    100.00%
 129  EPI325204|HA|B/Nevada/11/2011|EPI_ISL_93537|B                      0.00%    passed    100.00%
 130  EPI334431|HA|B/Ohio/03/2011|EPI_ISL_93553|B                        0.00%    passed    100.00%
 131  EPI325270|HA|B/North_Dakota/02/2011|EPI_ISL_93552|B                0.00%    passed    100.00%
 132  EPI325289|HA|B/Tennessee/02/2011|EPI_ISL_93559|B                   0.00%    passed    100.00%
 133  EPI325293|HA|B/Texas/08/2011|EPI_ISL_93560|B                       0.00%    passed    100.00%
 134  EPI325334|HA|B/Washington/05/2011|EPI_ISL_93568|B                  0.00%    passed    100.00%
 135  EPI331141|HA|B/Massachusetts/03/2011|EPI_ISL_94743|B               0.00%    passed    100.00%
 136  EPI331195|HA|B/Virginia/06/2011|EPI_ISL_94759|B                    0.00%    passed    100.00%
 137  EPI335738|HA|B/Indiana/09/2011|EPI_ISL_96039|B                     0.00%    passed    100.00%
 138  EPI335750|HA|B/Arizona/02/2011|EPI_ISL_96043|B                     0.00%    passed    100.00%
 139  EPI357548|HA|B/SOUTH_AUSTRALIA/258/2011|EPI_ISL_106823|B           0.00%    passed    100.00%
 140  EPI357554|HA|B/TASMANIA/16/2011|EPI_ISL_106825|B                   0.00%    passed    100.00%
 141  EPI357557|HA|B/SYDNEY/515/2011|EPI_ISL_106826|B                    0.00%    passed    100.00%
 142  EPI357563|HA|B/BRISBANE/83/2011|EPI_ISL_106828|B                   0.00%    passed    100.00%
 143  EPI346018|HA|B/SOUTH_AUSTRALIA/127/2011|EPI_ISL_99646|B            0.00%    passed    100.00%
 144  EPI346069|HA|B/NEWCASTLE/21/2011|EPI_ISL_99663|B                   0.00%    passed    100.00%
 145  EPI346075|HA|B/NEWCASTLE/27/2011|EPI_ISL_99665|B                   0.00%    passed    100.00%
 146  EPI370086|HA|B/FIJI/16/2011|EPI_ISL_118592|B                       0.00%    passed    100.00%
 147  EPI370098|HA|B/FIJI/11/2011|EPI_ISL_118596|B                       0.00%    passed    100.00%
 148  EPI370160|HA|B/WELLINGTON/39/2011|EPI_ISL_118617|B                 0.00%    passed    100.00%
 149  EPI302435|HA|B/DARWIN/3/2011|EPI_ISL_86143|B                       0.00%    passed    100.00%
 150  EPI2474338|HA|B/Christchurch/108/2011|EPI_ISL_17265026|B           0.00%    passed    100.00%
 151  EPI304392|HA|B/DARWIN/11/2011|EPI_ISL_86448|B                      0.00%    passed    100.00%
 152  EPI331376|HA|B/VICTORIA/502/2011|EPI_ISL_94813|B                   0.00%    passed    100.00%
 153  EPI331382|HA|B/BRISBANE/3/2011|EPI_ISL_94815|B                     0.00%    passed    100.00%
 154  EPI331417|HA|B/BRISBANE/10/2011|EPI_ISL_94827|B                    0.00%    passed    100.00%
 155  EPI331522|HA|B/PERTH/5/2011|EPI_ISL_94861|B                        0.00%    passed    100.00%
 156  EPI331585|HA|B/SOUTH_AUSTRALIA/6/2011|EPI_ISL_94882|B              0.00%    passed    100.00%
 157  EPI331708|HA|B/SOUTH_AUSTRALIA/3/2011|EPI_ISL_94924|B              0.00%    passed    100.00%
 158  EPI333008|HA|B/SOUTH_AUSTRALIA/18/2011|EPI_ISL_95215|B             0.00%    passed    100.00%
 159  EPI333043|HA|B/VICTORIA/1/2011|EPI_ISL_95226|B                     0.00%    passed    100.00%
 160  EPI333093|HA|B/WAIKATO/1/2011|EPI_ISL_95244|B                      0.00%    passed    100.00%
****  TOTAL                                                              0.00%  0 sequences failed composition chi2 test (p-value<5%; df=19)
Reading input tree file results/per_year_unclustered/VicB/trees/VicB_2011.treefile ...

NOTE: 16 MB RAM (0 GB) is required!
Estimate model parameters (epsilon = 0.010)
1. Initial log-likelihood: -3602.576
2. Current log-likelihood: -3581.387
3. Current log-likelihood: -3581.313
Optimal log-likelihood: -3581.312
Gamma shape alpha: 0.234
Parameters optimization took 3 rounds (0.849 sec)
Wrote distance file to... 
BEST SCORE FOUND : -3581.312
Ancestral state probabilities printed to results/per_year_unclustered/VicB/trees/VicB_2011_asr.state
Total tree length: 0.417

Total number of iterations: 0
CPU time used for tree search: 0.000 sec (0h:0m:0s)
Wall-clock time used for tree search: 0.000 sec (0h:0m:0s)
Total CPU time used: 1.449 sec (0h:0m:1s)
Total wall-clock time used: 1.603 sec (0h:0m:1s)

Analysis results written to: 
  IQ-TREE report:                results/per_year_unclustered/VicB/trees/VicB_2011_asr.iqtree
  Maximum-likelihood tree:       results/per_year_unclustered/VicB/trees/VicB_2011_asr.treefile
  Ancestral state:               results/per_year_unclustered/VicB/trees/VicB_2011_asr.state
  Screen log file:               results/per_year_unclustered/VicB/trees/VicB_2011_asr.log

Date and Time: Sat Nov 22 10:53:42 2025
