IQ-TREE version 3.0.1 for Linux x86 64-bit built Jul  9 2025
Developed by Bui Quang Minh, Thomas Wong, Nhan Ly-Trong, Huaiyan Ren
Contributed by Lam-Tung Nguyen, Dominik Schrempf, Chris Bielow,
Olga Chernomor, Michael Woodhams, Diep Thi Hoang, Heiko Schmidt

Host:    rtis-hpc-r06.uod.otago.ac.nz (AVX2, FMA3, 1007 GB RAM)
Command: iqtree -s results/per_year_unclustered/VicB/alignments/VicB_2021_aligned.fasta -m LG+G4 -bb 1000 -nt 16 -pre results/per_year_unclustered/VicB/trees/VicB_2021 -redo -quiet
Seed:    127466 (Using SPRNG - Scalable Parallel Random Number Generator)
Time:    Fri Nov 21 12:29:38 2025
Kernel:  AVX+FMA - 16 threads (16 CPU cores detected)

Reading alignment file results/per_year_unclustered/VicB/alignments/VicB_2021_aligned.fasta ... Fasta format detected
Reading fasta file: done in 0.00219475 secs using 99.6% CPU
Alignment most likely contains protein sequences
Constructing alignment: done in 0.0010279 secs using 782% CPU
Alignment has 262 sequences with 587 columns, 177 distinct patterns
77 parsimony-informative, 75 singleton sites, 435 constant sites
                                                                       Gap/Ambiguity  Composition  p-value
Analyzing sequences: done in 0.0184679 secs using 1388% CPU
   1  EPI1965181|HA|B/Myanmar/I067/2021|EPI_ISL_9109671|B                      0.85%    passed    100.00%
   2  EPI2509623|HA|B/Hainan-Xiuying/1904/2021|EPI_ISL_17465747|B              0.85%    passed    100.00%
   3  EPI2005303|HA|B/WuhanQiaokou/1264/2021|EPI_ISL_11501984|B                0.85%    passed    100.00%
   4  EPI2083033|HA|B/Myanmar/21M015/2021|EPI_ISL_13631828|B                   0.85%    passed    100.00%
   5  EPI2083046|HA|B/Myanmar/21M024/2021|EPI_ISL_13632067|B                   0.85%    passed    100.00%
   6  EPI1987414|HA|B/Nepal/21FL3195/2021|EPI_ISL_10290367|B                   0.85%    passed    100.00%
   7  EPI1987406|HA|B/Nepal/21FL3108/2021|EPI_ISL_10290358|B                   0.85%    passed    100.00%
   8  EPI1945797|HA|B/Singapore/WUH8011/2021|EPI_ISL_7834047|B                 0.85%    passed    100.00%
   9  EPI1945750|HA|B/Singapore/SAR30882/2021|EPI_ISL_7834041|B                0.85%    passed    100.00%
  10  EPI2005387|HA|B/WuhanJiangan/1538/2021|EPI_ISL_11504596|B                0.85%    passed    100.00%
  11  EPI2005369|HA|B/WuhanJiangxia/2203/2021|EPI_ISL_11504593|B               0.85%    passed    100.00%
  12  EPI1884731|HA|B/Singapore/WUH1312/2021|EPI_ISL_3247017|B                 0.85%    passed    100.00%
  13  EPI1884729|HA|B/Singapore/WUH0784/2021|EPI_ISL_3247016|B                 0.85%    passed    100.00%
  14  EPI3348867|HA|B/Anhui-MAS/3726/2021|EPI_ISL_19173830|B                   0.85%    passed    100.00%
  15  EPI3348860|HA|B/Anhui-MAS/21152/2021|EPI_ISL_19173826|B                  0.85%    passed    100.00%
  16  EPI3348862|HA|B/Anhui-MAS/21155/2021|EPI_ISL_19173827|B                  0.85%    passed    100.00%
  17  EPI3348905|HA|B/Anhui-MAS/2937/2021|EPI_ISL_19173847|B                   0.85%    passed    100.00%
  18  EPI3348913|HA|B/Anhui-MAS/3966/2021|EPI_ISL_19173851|B                   0.85%    passed    100.00%
  19  EPI1885128|HA|B/Singapore/WUH1312/2021|EPI_ISL_3446790|B                 0.85%    passed    100.00%
  20  EPI1988146|HA|B/Guangdong-Maonan/316/2021|EPI_ISL_10492332|B             0.85%    passed    100.00%
  21  EPI1988154|HA|B/Shanghai-Chongming/38/2021|EPI_ISL_10492337|B            0.85%    passed    100.00%
  22  EPI1988202|HA|B/Nepal/21FL2614/2021|EPI_ISL_10492351|B                   0.85%    passed    100.00%
  23  EPI4414227|HA|B/Shandong-Mudan/1329/2021|EPI_ISL_19896943|B              0.85%    passed    100.00%
  24  EPI4414187|HA|B/Shandong-Mudan/1274/2021|EPI_ISL_19896938|B              0.85%    passed    100.00%
  25  EPI4414251|HA|B/Shandong-Ningjin/311/2021|EPI_ISL_19896946|B             0.85%    passed    100.00%
  26  EPI1915737|HA|B/Zhejiang-Shangcheng/1871/2021|EPI_ISL_4169469|B          0.85%    passed    100.00%
  27  EPI1915721|HA|B/Sichuan-Wenjiang/2160/2021|EPI_ISL_4169467|B             0.85%    passed    100.00%
  28  EPI1915713|HA|B/Gansu-Baiyin/1281/2021|EPI_ISL_4169466|B                 0.68%    passed    100.00%
  29  EPI1915913|HA|B/Fujian-Xinluo/11452/2021|EPI_ISL_4169535|B               0.85%    passed    100.00%
  30  EPI1915905|HA|B/Guangdong-Futian/1748/2021|EPI_ISL_4169534|B             0.85%    passed    100.00%
  31  EPI1915873|HA|B/Henan-Xigong/1326/2021|EPI_ISL_4169530|B                 0.85%    passed    100.00%
  32  EPI1915849|HA|B/Hebei-Luquan/1628/2021|EPI_ISL_4169527|B                 0.85%    passed    100.00%
  33  EPI1915825|HA|B/Shanghai-Huangpu/1922/2021|EPI_ISL_4169524|B             0.85%    passed    100.00%
  34  EPI1915801|HA|B/Beijing-Chaoyang/11745/2021|EPI_ISL_4169512|B            0.85%    passed    100.00%
  35  EPI1915761|HA|B/Hainan-Xiuying/1549/2021|EPI_ISL_4169472|B               0.85%    passed    100.00%
  36  EPI1916244|HA|B/Chongqing-Fuling/1461/2021|EPI_ISL_4169581|B             0.85%    passed    100.00%
  37  EPI1916196|HA|B/Fujian-Sanyuan/2670/2021|EPI_ISL_4169575|B               0.85%    passed    100.00%
  38  EPI1916032|HA|B/Shanghai-Fengxian/1635/2021|EPI_ISL_4169554|B            0.85%    passed    100.00%
  39  EPI1915961|HA|B/Fujian-Tongan/1660/2021|EPI_ISL_4169541|B                0.85%    passed    100.00%
  40  EPI1889324|HA|B/Qatar/16-VI-21-3506748/2021|EPI_ISL_4005802|B            0.85%    passed    100.00%
  41  EPI2105609|HA|B/Hainan-Xiuying/1611/2021|EPI_ISL_14033296|B              0.85%    passed    100.00%
  42  EPI2105929|HA|B/Neimenggu-Keerqin/11348/2021|EPI_ISL_14033623|B          0.85%    passed    100.00%
  43  EPI2105927|HA|B/Liaoning-Huanggu/11581/2021|EPI_ISL_14033621|B           0.85%    passed    100.00%
  44  EPI2105922|HA|B/Guizhou-Ceheng/311/2021|EPI_ISL_14033616|B               0.85%    passed    100.00%
  45  EPI2105909|HA|B/Hainan-Meilan/1955/2021|EPI_ISL_14033603|B               0.85%    passed    100.00%
  46  EPI2105920|HA|B/Shanxi-Gaoping/322/2021|EPI_ISL_14033614|B               0.85%    passed    100.00%
  47  EPI2105916|HA|B/Chongqing-Yubei/332/2021|EPI_ISL_14033610|B              0.85%    passed    100.00%
  48  EPI2105951|HA|B/Hubei-Xiaonan/11859/2021|EPI_ISL_14033652|B              0.85%    passed    100.00%
  49  EPI2105949|HA|B/Shandong-Taierzhuang/320/2021|EPI_ISL_14033650|B         0.85%    passed    100.00%
  50  EPI2105961|HA|B/Beijing-Chaoyang/13011/2021|EPI_ISL_14033662|B           0.85%    passed    100.00%
  51  EPI2105960|HA|B/Beijing-Chaoyang/13011/2021|EPI_ISL_14033661|B           0.85%    passed    100.00%
  52  EPI2105958|HA|B/Neimenggu-Yuquan/1591/2021|EPI_ISL_14033659|B            0.85%    passed    100.00%
  53  EPI2105955|HA|B/Fujian-Dongshan/321/2021|EPI_ISL_14033656|B              0.85%    passed    100.00%
  54  EPI2105936|HA|B/Neimenggu-Etuokeqi/31/2021|EPI_ISL_14033637|B            0.85%    passed    100.00%
  55  EPI2105941|HA|B/Guangxi-Youjiang/542/2021|EPI_ISL_14033642|B             0.85%    passed    100.00%
  56  EPI2105904|HA|B/Guangdong-Duanzhou/11143/2021|EPI_ISL_14033598|B         0.85%    passed    100.00%
  57  EPI2105879|HA|B/Shanxi-Xinghualing/11613/2021|EPI_ISL_14033573|B         0.85%    passed    100.00%
  58  EPI2105830|HA|B/Henan-Guanchenghuizu/32/2021|EPI_ISL_14033524|B          0.85%    passed    100.00%
  59  EPI2105831|HA|B/Tianjin-Jinnan/1587/2021|EPI_ISL_14033525|B              0.85%    passed    100.00%
  60  EPI2105828|HA|B/Guangdong-Chikan/1973/2021|EPI_ISL_14033522|B            0.85%    passed    100.00%
  61  EPI1877996|HA|B/Shanghai-Changning/1249/2021|EPI_ISL_2695918|B           0.85%    passed    100.00%
  62  EPI1877970|HA|B/Hunan-Jishou/1433/2021|EPI_ISL_2695905|B                 0.85%    passed    100.00%
  63  EPI1877968|HA|B/Hunan-Jishou/1433/2021|EPI_ISL_2695904|B                 0.85%    passed    100.00%
  64  EPI1877972|HA|B/Gansu-Minxian/337/2021|EPI_ISL_2695906|B                 0.85%    passed    100.00%
  65  EPI1878018|HA|B/Jiangxi-Xihu/1220/2021|EPI_ISL_2695929|B                 0.85%    passed    100.00%
  66  EPI1878022|HA|B/Hunan-Yuhua/1334/2021|EPI_ISL_2695931|B                  0.85%    passed    100.00%
  67  EPI1878020|HA|B/Ningxia-Shapotou/1178/2021|EPI_ISL_2695930|B             0.85%    passed    100.00%
  68  EPI1878030|HA|B/Fujian-Jiaocheng/1430/2021|EPI_ISL_2695935|B             0.85%    passed    100.00%
  69  EPI2105747|HA|B/Yunnan-Chuxiong/11179/2021|EPI_ISL_14033441|B            0.85%    passed    100.00%
  70  EPI1877946|HA|B/Hunan-Tianyuan/1288/2021|EPI_ISL_2695893|B               0.85%    passed    100.00%
  71  EPI1877950|HA|B/Jiangxi-Xinzhou/1248/2021|EPI_ISL_2695895|B              0.85%    passed    100.00%
  72  EPI1878118|HA|B/Jiangxi-Zhushan/1345/2021|EPI_ISL_2695980|B              0.85%    passed    100.00%
  73  EPI1878124|HA|B/Zhejiang-Kecheng/1343/2021|EPI_ISL_2695983|B             0.85%    passed    100.00%
  74  EPI1878100|HA|B/Jiangxi-Donghu/1751/2021|EPI_ISL_2695971|B               0.85%    passed    100.00%
  75  EPI1878128|HA|B/Hunan-Jishou/1678/2021|EPI_ISL_2695985|B                 0.85%    passed    100.00%
  76  EPI1878054|HA|B/Gansu-Maoji/1153/2021|EPI_ISL_2695947|B                  0.85%    passed    100.00%
  77  EPI1878088|HA|B/Hubei-Wujiagang/1411/2021|EPI_ISL_2695965|B              0.85%    passed    100.00%
  78  EPI1878090|HA|B/Qinghai-Gonghe/1259/2021|EPI_ISL_2695966|B               0.85%    passed    100.00%
  79  EPI1878236|HA|B/Jiangxi-Zhanggong/52/2021|EPI_ISL_2696039|B              0.85%    passed    100.00%
  80  EPI1878272|HA|B/Henan-Shanyang/311/2021|EPI_ISL_2696057|B                0.85%    passed    100.00%
  81  EPI1878284|HA|B/Hubei-Xianan/1387/2021|EPI_ISL_2696063|B                 0.85%    passed    100.00%
  82  EPI1878260|HA|B/Chongqing-Qianjiang/1315/2021|EPI_ISL_2696051|B          0.85%    passed    100.00%
  83  EPI1878180|HA|B/Gansu-Jingyuan/1281/2021|EPI_ISL_2696011|B               0.85%    passed    100.00%
  84  EPI1878160|HA|B/Hubei-Wujiagang/1375/2021|EPI_ISL_2696001|B              0.85%    passed    100.00%
  85  EPI1878162|HA|B/Hubei-Wujiagang/1375/2021|EPI_ISL_2696002|B              0.85%    passed    100.00%
  86  EPI1878168|HA|B/Neimenggu-Dongsheng/1276/2021|EPI_ISL_2696005|B          0.85%    passed    100.00%
  87  EPI1878166|HA|B/Hunan-Yuhua/1523/2021|EPI_ISL_2696004|B                  0.85%    passed    100.00%
  88  EPI1878172|HA|B/Neimenggu-Dongsheng/1277/2021|EPI_ISL_2696007|B          0.85%    passed    100.00%
  89  EPI1878204|HA|B/Yunnan-Malong/329/2021|EPI_ISL_2696023|B                 0.85%    passed    100.00%
  90  EPI1878366|HA|B/Jiangxi-Guixi/1225/2021|EPI_ISL_2696104|B                0.85%    passed    100.00%
  91  EPI1878404|HA|B/Hunan-Tianyuan/196/2021|EPI_ISL_2696123|B                0.85%    passed    100.00%
  92  EPI1878406|HA|B/Hubei-Xianan/545/2021|EPI_ISL_2696124|B                  0.85%    passed    100.00%
  93  EPI1878382|HA|B/Jiangxi-Linchuan/1197/2021|EPI_ISL_2696112|B             0.85%    passed    100.00%
  94  EPI1878390|HA|B/Jiangxi-Yuanzhou/1434/2021|EPI_ISL_2696116|B             0.85%    passed    100.00%
  95  EPI1878308|HA|B/Shaanxi-Zhenan/388/2021|EPI_ISL_2696075|B                0.85%    passed    100.00%
  96  EPI1878290|HA|B/Henan-Luolong/1258/2021|EPI_ISL_2696066|B                0.85%    passed    100.00%
  97  EPI1878298|HA|B/Guizhou-Xixiu/1218/2021|EPI_ISL_2696070|B                0.85%    passed    100.00%
  98  EPI1878320|HA|B/Hunan-Tianyuan/348/2021|EPI_ISL_2696081|B                0.85%    passed    100.00%
  99  EPI1878318|HA|B/Guangxi-Chengzhong/1368/2021|EPI_ISL_2696080|B           0.85%    passed    100.00%
 100  EPI1878324|HA|B/Jiangxi-Jizhou/1321/2021|EPI_ISL_2696083|B               0.85%    passed    100.00%
 101  EPI1878330|HA|B/Hunan-Yuhua/1494/2021|EPI_ISL_2696086|B                  0.85%    passed    100.00%
 102  EPI2105992|HA|B/Beijing-Chaoyang/12913/2021|EPI_ISL_14033693|B           0.85%    passed    100.00%
 103  EPI2105970|HA|B/Shandong-Penglai/314/2021|EPI_ISL_14033671|B             0.85%    passed    100.00%
 104  EPI1878440|HA|B/Hubei-Xianan/545/2021|EPI_ISL_2696141|B                  0.85%    passed    100.00%
 105  EPI1878444|HA|B/Zhejiang-Nanhu/1177/2021|EPI_ISL_2696143|B               0.85%    passed    100.00%
 106  EPI1878456|HA|B/Hubei-Dongxihu/217/2021|EPI_ISL_2696149|B                0.85%    passed    100.00%
 107  EPI1878664|HA|B/Jiangxi-Zhanggong/31/2021|EPI_ISL_2696253|B              0.85%    passed    100.00%
 108  EPI1878568|HA|B/Jiangxi-Jizhou/170/2021|EPI_ISL_2696205|B                0.85%    passed    100.00%
 109  EPI1878566|HA|B/Jiangxi-Jizhou/180/2021|EPI_ISL_2696204|B                0.85%    passed    100.00%
 110  EPI1878572|HA|B/Jiangxi-Jizhou/150/2021|EPI_ISL_2696207|B                0.85%    passed    100.00%
 111  EPI1878584|HA|B/Jiangxi-Donghu/1166/2021|EPI_ISL_2696213|B               0.85%    passed    100.00%
 112  EPI1878688|HA|B/Guizhou-Huichuan/125/2021|EPI_ISL_2696265|B              0.85%    passed    100.00%
 113  EPI1968843|HA|B/India/Pun-NIV564/2021|EPI_ISL_9349283|B                  0.85%    passed    100.00%
 114  EPI2156151|HA|B/India/Dibrugarh-NIVQC592/2021|EPI_ISL_14854671|B         0.85%    passed    100.00%
 115  EPI2156198|HA|B/India/Dibrugarh-NIVQC576/2021|EPI_ISL_14854674|B         0.85%    passed    100.00%
 116  EPI2156214|HA|B/India/Dibrugarh-NIVQC569/2021|EPI_ISL_14854675|B         0.85%    passed    100.00%
 117  EPI2156261|HA|B/India/Tripura-NIVQC336/2021|EPI_ISL_14854679|B           0.85%    passed    100.00%
 118  EPI1985603|HA|B/Qatar/16-VI-21-6159966/2021|EPI_ISL_9842676|B            0.85%    passed    100.00%
 119  EPI1944875|HA|B/Shanghai-Chongming/1890/2021|EPI_ISL_7745729|B           0.85%    passed    100.00%
 120  EPI1944779|HA|B/Shanghai-Huangpu/11573/2021|EPI_ISL_7745717|B            0.85%    passed    100.00%
 121  EPI1944653|HA|B/Guangxi-Haicheng/1775/2021|EPI_ISL_7745701|B             0.85%    passed    100.00%
 122  EPI1944613|HA|B/Guangdong-Dongwanbendi/1776/2021|EPI_ISL_7745696|B       0.85%    passed    100.00%
 123  EPI1944549|HA|B/Hunan-Lusong/11054/2021|EPI_ISL_7745688|B                0.85%    passed    100.00%
 124  EPI1939355|HA|B/Sichuan/12599/2021|EPI_ISL_7189119|B                     0.85%    passed    100.00%
 125  EPI1992364|HA|B/Bahrain/5608/2021|EPI_ISL_10826482|B                     0.85%    passed    100.00%
 126  EPI1992443|HA|B/India/Puv-NIV355581/2021|EPI_ISL_10826492|B              0.85%    passed    100.00%
 127  EPI1992456|HA|B/India/Pun-NIV366623/2021|EPI_ISL_10826494|B              0.85%    passed    100.00%
 128  EPI1940155|HA|B/Hainan-Meilan/349/2021|EPI_ISL_7189219|B                 0.85%    passed    100.00%
 129  EPI1940147|HA|B/Hainan-Lingao/39/2021|EPI_ISL_7189218|B                  0.85%    passed    100.00%
 130  EPI1939995|HA|B/Shanghai-Jiading/1716/2021|EPI_ISL_7189199|B             0.85%    passed    100.00%
 131  EPI1939923|HA|B/Zhejiang-Nanhu/1796/2021|EPI_ISL_7189190|B               0.85%    passed    100.00%
 132  EPI1940115|HA|B/Hubei-Xiantao/21187/2021|EPI_ISL_7189214|B               0.85%    passed    100.00%
 133  EPI1940043|HA|B/Henan-Shihe/1440/2021|EPI_ISL_7189205|B                  0.85%    passed    100.00%
 134  EPI1940003|HA|B/Chongqing-Yubei/1908/2021|EPI_ISL_7189200|B              0.85%    passed    100.00%
 135  EPI1939627|HA|B/Guangdong-Futian/11337/2021|EPI_ISL_7189153|B            0.85%    passed    100.00%
 136  EPI1939851|HA|B/Zhejiang-Yuecheng/11058/2021|EPI_ISL_7189181|B           0.85%    passed    100.00%
 137  EPI1939843|HA|B/Anhui-Tongguan/1910/2021|EPI_ISL_7189180|B               0.85%    passed    100.00%
 138  EPI1939859|HA|B/Zhejiang-Haishu/11745/2021|EPI_ISL_7189182|B             0.85%    passed    100.00%
 139  EPI1939819|HA|B/Hainan-Meilan/1751/2021|EPI_ISL_7189177|B                0.85%    passed    100.00%
 140  EPI1939811|HA|B/Hubei-Maojian/11919/2021|EPI_ISL_7189176|B               0.85%    passed    100.00%
 141  EPI1939795|HA|B/Guangxi-Yuzhou/11091/2021|EPI_ISL_7189174|B              0.85%    passed    100.00%
 142  EPI1939459|HA|B/Fujian-Cangshan/11009/2021|EPI_ISL_7189132|B             0.85%    passed    100.00%
 143  EPI1939587|HA|B/Guangdong-Zhenjiang/1817/2021|EPI_ISL_7189148|B          0.85%    passed    100.00%
 144  EPI1939611|HA|B/Jiangsu-Runzhou/1769/2021|EPI_ISL_7189151|B              0.85%    passed    100.00%
 145  EPI1939603|HA|B/Sichuan-Guangan/1890/2021|EPI_ISL_7189150|B              0.85%    passed    100.00%
 146  EPI1939571|HA|B/Sichuan-Chuanshan/33/2021|EPI_ISL_7189146|B              0.85%    passed    100.00%
 147  EPI1939531|HA|B/Guangxi-Yuzhou/11130/2021|EPI_ISL_7189141|B              0.85%    passed    100.00%
 148  EPI3453118|HA|B/Guangdong/323/2021|EPI_ISL_19281440|B                    0.85%    passed    100.00%
 149  EPI3453148|HA|B/Guangdong/93/2021|EPI_ISL_19281455|B                     0.85%    passed    100.00%
 150  EPI3453138|HA|B/Guangdong/774/2021|EPI_ISL_19281450|B                    0.85%    passed    100.00%
 151  EPI3453140|HA|B/Guangdong/81/2021|EPI_ISL_19281451|B                     0.85%    passed    100.00%
 152  EPI3453110|HA|B/Guangdong/53/2021|EPI_ISL_19281436|B                     0.85%    passed    100.00%
 153  EPI3453215|HA|B/Guangdong/12/2021|EPI_ISL_19281483|B                     0.85%    passed    100.00%
 154  EPI1985618|HA|B/India/Pun-NIV374844/2021|EPI_ISL_9844949|B               0.85%    passed    100.00%
 155  EPI1985612|HA|B/India/Pun-NIV374069/2021|EPI_ISL_9844946|B               0.85%    passed    100.00%
 156  EPI1924930|HA|B/Bangladesh/3012/2021|EPI_ISL_5978296|B                   0.85%    passed    100.00%
 157  EPI1926711|HA|B/Bahrain/5832/2021|EPI_ISL_6307052|B                      0.85%    passed    100.00%
 158  EPI1918369|HA|B/Bangladesh/1070/2021|EPI_ISL_4539767|B                   0.85%    passed    100.00%
 159  EPI1918404|HA|B/Bangladesh/2124/2021|EPI_ISL_4539772|B                   0.85%    passed    100.00%
 160  EPI1918396|HA|B/Bangladesh/1976/2021|EPI_ISL_4539771|B                   0.85%    passed    100.00%
 161  EPI1918478|HA|B/Bangladesh/1657/2021|EPI_ISL_4539782|B                   0.85%    passed    100.00%
 162  EPI1918528|HA|B/Bangladesh/2070/2021|EPI_ISL_4539789|B                   0.85%    passed    100.00%
 163  EPI1918516|HA|B/Bangladesh/2120/2021|EPI_ISL_4539787|B                   0.85%    passed    100.00%
 164  EPI1918597|HA|B/Bangladesh/2135/2021|EPI_ISL_4539799|B                   0.85%    passed    100.00%
 165  EPI3826603|HA|B/Riyadh/33/2021|EPI_ISL_19679460|B                        0.85%    passed    100.00%
 166  EPI3826527|HA|B/Riyadh/75/2021|EPI_ISL_19679442|B                        0.85%    passed    100.00%
 167  EPI1985646|HA|B/Zhejiang-Kecheng/11183/2021|EPI_ISL_9849521|B            0.85%    passed    100.00%
 168  EPI1985712|HA|B/Hubei-Jianshi/256/2021|EPI_ISL_9849554|B                 0.85%    passed    100.00%
 169  EPI1985724|HA|B/Neimenggu-Hongshan/1589/2021|EPI_ISL_9849560|B           0.85%    passed    100.00%
 170  EPI1985772|HA|B/Yunnan-Qilin/1962/2021|EPI_ISL_9849584|B                 0.34%    passed    100.00%
 171  EPI1985788|HA|B/Shanghai-Fengxian/11002/2021|EPI_ISL_9849592|B           0.85%    passed    100.00%
 172  EPI1927424|HA|B/Singapore/WUH7660/2021|EPI_ISL_6343347|B                 0.85%    passed    100.00%
 173  EPI1927440|HA|B/Singapore/WUH7667/2021|EPI_ISL_6343349|B                 0.85%    passed    100.00%
 174  EPI2617839|HA|B/Zhejiang-Nanhu/1810/2021|EPI_ISL_17975836|B              0.51%    passed    100.00%
 175  EPI2617879|HA|B/Zhejiang-Nanhu/11038/2021|EPI_ISL_17975841|B             0.85%    passed    100.00%
 176  EPI1886420|HA|B/Shanghai-Huangpu/1825/2021|EPI_ISL_3722681|B             0.85%    passed    100.00%
 177  EPI1886428|HA|B/Chongqing-Qianjiang/1568/2021|EPI_ISL_3722682|B          0.85%    passed    100.00%
 178  EPI1886452|HA|B/Tianjin-Jinnan/1305/2021|EPI_ISL_3722685|B               0.85%    passed    100.00%
 179  EPI1886468|HA|B/Zhejiang-Haishu/11220/2021|EPI_ISL_3722687|B             0.85%    passed    100.00%
 180  EPI1886989|HA|B/Guizhou-Bijiang/1379/2021|EPI_ISL_3722747|B              0.85%    passed    100.00%
 181  EPI1886860|HA|B/Gansu-Linxia/1430/2021|EPI_ISL_3722736|B                 0.85%    passed    100.00%
 182  EPI1886804|HA|B/Gansu-Minxian/330/2021|EPI_ISL_3722729|B                 0.68%    passed    100.00%
 183  EPI1886676|HA|B/Shanghai-Qingpu/1470/2021|EPI_ISL_3722713|B              0.85%    passed    100.00%
 184  EPI1886636|HA|B/Guizhou-Songtaomiaozuzizhi/346/2021|EPI_ISL_3722708|B    0.85%    passed    100.00%
 185  EPI1886556|HA|B/Gansu-Jiayuguan/1449/2021|EPI_ISL_3722698|B              0.85%    passed    100.00%
 186  EPI1886580|HA|B/Shanxi-Chengqu/1390/2021|EPI_ISL_3722701|B               0.85%    passed    100.00%
 187  EPI1887585|HA|B/Sichuan-Fucheng/1882/2021|EPI_ISL_3722787|B              0.85%    passed    100.00%
 188  EPI1887601|HA|B/Guangxi-Fangcheng/1501/2021|EPI_ISL_3722788|B            0.85%    passed    100.00%
 189  EPI1887318|HA|B/Hubei-Chongyang/286/2021|EPI_ISL_3722768|B               0.85%    passed    100.00%
 190  EPI1887348|HA|B/Guizhou-Bijiang/1401/2021|EPI_ISL_3722770|B              0.85%    passed    100.00%
 191  EPI1887381|HA|B/Shandong-Kuiwen/361/2021|EPI_ISL_3722774|B               0.85%    passed    100.00%
 192  EPI1887270|HA|B/Sichuan-Gaoxin/1591/2021|EPI_ISL_3722765|B               0.85%    passed    100.00%
 193  EPI1949760|HA|B/Singapore/SAR69625/2021|EPI_ISL_8376947|B                0.85%    passed    100.00%
 194  EPI1949632|HA|B/Singapore/SAR51638/2021|EPI_ISL_8376931|B                0.85%    passed    100.00%
 195  EPI1949862|HA|B/Singapore/HAN8353/2021|EPI_ISL_8377199|B                 0.85%    passed    100.00%
 196  EPI1917052|HA|B/Jiangxi-Zhushan/1164/2021|EPI_ISL_4379560|B              1.02%    passed    100.00%
 197  EPI1921951|HA|B/Bangladesh/1033/2021|EPI_ISL_5330519|B                   0.85%    passed    100.00%
 198  EPI1921903|HA|B/Bangladesh/3059/2021|EPI_ISL_5330471|B                   0.85%    passed    100.00%
 199  EPI1922015|HA|B/Bangladesh/610010/2021|EPI_ISL_5330686|B                 0.85%    passed    100.00%
 200  EPI1956473|HA|B/Singapore/INFKK0008/2021|EPI_ISL_8640754|B               0.85%    passed    100.00%
 201  EPI1956513|HA|B/Singapore/SAR93198/2021|EPI_ISL_8640759|B                0.85%    passed    100.00%
 202  EPI1888193|HA|B/Abu_Dhabi/2210731356/2021|EPI_ISL_3856651|B              0.85%    passed    100.00%
 203  EPI1888257|HA|B/Gansu-Baiyin/1293/2021|EPI_ISL_3856706|B                 0.68%    passed    100.00%
 204  EPI2005690|HA|B/WuhanWuchang/720/2021|EPI_ISL_11525165|B                 0.85%    passed    100.00%
 205  EPI3916369|HA|B/shenzhen/7/2021|EPI_ISL_19717630|B                       0.85%    passed    100.00%
 206  EPI3916397|HA|B/shenzhen/21/2021|EPI_ISL_19717644|B                      0.85%    passed    100.00%
 207  EPI3916389|HA|B/shenzhen/17/2021|EPI_ISL_19717640|B                      0.85%    passed    100.00%
 208  EPI3916375|HA|B/shenzhen/10/2021|EPI_ISL_19717633|B                      0.85%    passed    100.00%
 209  EPI3916405|HA|B/shenzhen/25/2021|EPI_ISL_19717648|B                      0.85%    passed    100.00%
 210  EPI3916407|HA|B/shenzhen/30/2021|EPI_ISL_19717649|B                      0.85%    passed    100.00%
 211  EPI3916523|HA|B/shenzhen/3/2021|EPI_ISL_19717704|B                       0.85%    passed    100.00%
 212  EPI1922259|HA|B/Qatar/10-VI-21-2307943/2021|EPI_ISL_5365846|B            0.85%    passed    100.00%
 213  EPI2154931|HA|B/India/CHENNAI-ICP-275/2021|EPI_ISL_14836424|B            0.85%    passed    100.00%
 214  EPI2513395|HA|B/Bangladesh/8007/2021|EPI_ISL_17491367|B                  0.85%    passed    100.00%
 215  EPI1919154|HA|B/Bangladesh/3210810004/2021|EPI_ISL_4876110|B             0.85%    passed    100.00%
 216  EPI1918970|HA|B/Bangladesh/2033/2021|EPI_ISL_4876087|B                   0.85%    passed    100.00%
 217  EPI1958768|HA|B/Qatar/16-VI-21-6090042/2021|EPI_ISL_8808685|B            0.85%    passed    100.00%
 218  EPI1958930|HA|B/Abu_Dhabi/3430298/2021|EPI_ISL_8809956|B                 0.85%    passed    100.00%
 219  EPI1924807|HA|B/Bangladesh/1360/2021|EPI_ISL_5959117|B                   0.85%    passed    100.00%
 220  EPI2528289|HA|B/shandongrencheng/11495/2021|EPI_ISL_17527259|B           0.85%    passed    100.00%
 221  EPI2528270|HA|B/shandongrencheng/11488/2021|EPI_ISL_17527257|B           0.85%    passed    100.00%
 222  EPI2528254|HA|B/shandongrencheng/11487/2021|EPI_ISL_17527255|B           0.85%    passed    100.00%
 223  EPI1885743|HA|B/Bangladesh/1002/2021|EPI_ISL_3535228|B                   0.85%    passed    100.00%
 224  EPI1886017|HA|B/Bangladesh/613015/2021|EPI_ISL_3535264|B                 0.85%    passed    100.00%
 225  EPI1885938|HA|B/Bangladesh/3015/2021|EPI_ISL_3535253|B                   0.85%    passed    100.00%
 226  EPI1885923|HA|B/Bangladesh/3008/2021|EPI_ISL_3535251|B                   0.85%    passed    100.00%
 227  EPI1885981|HA|B/Bangladesh/1031/2021|EPI_ISL_3535259|B                   0.85%    passed    100.00%
 228  EPI1885829|HA|B/Bangladesh/4010/2021|EPI_ISL_3535239|B                   0.85%    passed    100.00%
 229  EPI1885883|HA|B/Bangladesh/8004/2021|EPI_ISL_3535246|B                   0.85%    passed    100.00%
 230  EPI1845186|HA|B/Jiangxi-Guixi/17/2021|EPI_ISL_979898|B                   0.85%    passed    100.00%
 231  EPI1845194|HA|B/Hainan-Xiuying/13/2021|EPI_ISL_979906|B                  0.85%    passed    100.00%
 232  EPI1845193|HA|B/Hubei-Qiaokou/113/2021|EPI_ISL_979905|B                  0.85%    passed    100.00%
 233  EPI1845222|HA|B/Zhejiang-Yuecheng/146/2021|EPI_ISL_979934|B              0.85%    passed    100.00%
 234  EPI1845235|HA|B/Jiangxi-Zhanggong/132/2021|EPI_ISL_979947|B              0.85%    passed    100.00%
 235  EPI1845225|HA|B/Jiangxi-Guixi/138/2021|EPI_ISL_979937|B                  0.85%    passed    100.00%
 236  EPI1845245|HA|B/Jiangxi-Donghu/37/2021|EPI_ISL_979957|B                  0.85%    passed    100.00%
 237  EPI2005113|HA|B/Philippines/16/2021|EPI_ISL_11499445|B                   0.85%    passed    100.00%
 238  EPI1870289|HA|B/Afghanistan/002/2021|EPI_ISL_2521316|B                   0.85%    passed    100.00%
 239  EPI1973650|HA|B/Qatar/10-VI-21-5318765/2021|EPI_ISL_9533508|B            0.85%    passed    100.00%
 240  EPI1917603|HA|B/Shanghai-Baoshan/1671/2021|EPI_ISL_4520694|B             0.85%    passed    100.00%
 241  EPI1917651|HA|B/Zhejiang-Nanhu/1795/2021|EPI_ISL_4520700|B               0.85%    passed    100.00%
 242  EPI1918203|HA|B/Jiangxi-Donghu/11455/2021|EPI_ISL_4520769|B              0.85%    passed    100.00%
 243  EPI1918211|HA|B/Jiangxi-Xihu/1756/2021|EPI_ISL_4520770|B                 0.85%    passed    100.00%
 244  EPI1917915|HA|B/Shanghai-Fengxian/1671/2021|EPI_ISL_4520733|B            0.85%    passed    100.00%
 245  EPI1917875|HA|B/Hainan-Meilan/1638/2021|EPI_ISL_4520728|B                0.85%    passed    100.00%
 246  EPI1917891|HA|B/Hainan-Wenchang/1779/2021|EPI_ISL_4520730|B              0.85%    passed    100.00%
 247  EPI1918051|HA|B/Hunan-Suxian/1782/2021|EPI_ISL_4520750|B                 0.85%    passed    100.00%
 248  EPI1918011|HA|B/Hunan-Lusong/1758/2021|EPI_ISL_4520745|B                 0.85%    passed    100.00%
 249  EPI1918099|HA|B/Guizhou-Nanming/11818/2021|EPI_ISL_4520756|B             0.85%    passed    100.00%
 250  EPI1918067|HA|B/Fujian-Cangshan/1783/2021|EPI_ISL_4520752|B              0.85%    passed    100.00%
 251  EPI1918155|HA|B/Hebei-Luquan/1784/2021|EPI_ISL_4520763|B                 0.85%    passed    100.00%
 252  EPI1942839|HA|B/Rhode_Island/03/2021|EPI_ISL_7604016|B                   0.85%    passed    100.00%
 253  EPI2214508|HA|B/Baltimore/JH-001/2021|EPI_ISL_15763833|B                 0.85%    passed    100.00%
 254  EPI2411746|HA|B/Michigan/01/2021|EPI_ISL_16947022|B                      0.85%    passed    100.00%
 255  EPI1854157|HA|B/Florida/01/2021|EPI_ISL_1392896|B                        0.85%    passed    100.00%
 256  EPI2020589|HA|B/North_Carolina/01/2021|EPI_ISL_12109628|B                0.85%    passed    100.00%
 257  EPI2319578|HA|B/Maryland/01/2021|EPI_ISL_16732428|B                      0.85%    passed    100.00%
 258  EPI2397521|HA|B/Maryland/01/2021|EPI_ISL_16899236|B                      0.85%    passed    100.00%
 259  EPI1951620|HA|B/Alaska/02/2021|EPI_ISL_8544552|B                         0.85%    passed    100.00%
 260  EPI2195527|HA|B/Darwin/11/2021|EPI_ISL_15427379|B                        0.85%    passed    100.00%
 261  EPI1927559|HA|B/Darwin/11/2021|EPI_ISL_6424991|B                         0.85%    passed    100.00%
 262  EPI1916406|HA|B/South_Auckland/1/2021|EPI_ISL_4197194|B                  0.85%    passed    100.00%
****  TOTAL                                                                    0.85%  0 sequences failed composition chi2 test (p-value<5%; df=19)
Checking for duplicate sequences: done in 0.0118427 secs using 1394% CPU
Creating fast initial parsimony tree by random order stepwise addition...
2.968 seconds, parsimony score: 309 (based on 152 sites)
Generating 1000 samples for ultrafast bootstrap (seed: 127466)...

NOTE: 33 MB RAM (0 GB) is required!
WARNING: Number of threads seems too high for short alignments. Use -T AUTO to determine best number of threads.
Estimate model parameters (epsilon = 0.100)
1. Initial log-likelihood: -4450.864
2. Current log-likelihood: -4419.372
Optimal log-likelihood: -4419.368
Gamma shape alpha: 0.263
Parameters optimization took 2 rounds (0.216 sec)
Wrote distance file to... 
Computing ML distances based on estimated model parameters...
Calculating distance matrix: done in 0.694411 secs using 1591% CPU
Computing ML distances took 0.694746 sec (of wall-clock time) 11.048390 sec (of CPU time)
Setting up auxiliary I and S matrices: done in 0.00109208 secs using 257.8% CPU
Constructing RapidNJ tree: done in 0.519832 secs using 65.08% CPU
Computing RapidNJ tree took 0.521026 sec (of wall-clock time) 0.341206 sec (of CPU time)
Log-likelihood of RapidNJ tree: -4412.010
--------------------------------------------------------------------
|             INITIALIZING CANDIDATE TREE SET                      |
--------------------------------------------------------------------
Generating 98 parsimony trees... 1.016 second
Computing log-likelihood of 98 initial trees ... 3.581 seconds
Current best score: -4410.456

Do NNI search on 20 best initial trees
Optimizing NNI: done in 1.40601 secs using 1591% CPU
Estimate model parameters (epsilon = 0.100)
BETTER TREE FOUND at iteration 1: -4408.332
Optimizing NNI: done in 0.768626 secs using 1592% CPU
Optimizing NNI: done in 0.81809 secs using 1592% CPU
Optimizing NNI: done in 1.29476 secs using 1593% CPU
Optimizing NNI: done in 1.03517 secs using 1592% CPU
Optimizing NNI: done in 0.806797 secs using 1591% CPU
Optimizing NNI: done in 0.809495 secs using 1593% CPU
Optimizing NNI: done in 0.807798 secs using 1593% CPU
Optimizing NNI: done in 0.266341 secs using 1596% CPU
Optimizing NNI: done in 1.24711 secs using 1591% CPU
Iteration 10 / LogL: -4415.894 / Time: 0h:0m:19s
Optimizing NNI: done in 0.813911 secs using 1592% CPU
Optimizing NNI: done in 0.817813 secs using 1593% CPU
Optimizing NNI: done in 0.626742 secs using 1593% CPU
Optimizing NNI: done in 1.27149 secs using 1592% CPU
Optimizing NNI: done in 1.21855 secs using 1591% CPU
Optimizing NNI: done in 1.05281 secs using 1591% CPU
Optimizing NNI: done in 0.806882 secs using 1592% CPU
Optimizing NNI: done in 1.05694 secs using 1592% CPU
Optimizing NNI: done in 1.2481 secs using 1592% CPU
Optimizing NNI: done in 0.830572 secs using 1590% CPU
Iteration 20 / LogL: -4420.878 / Time: 0h:0m:28s
Finish initializing candidate tree set (20)
Current best tree score: -4408.332 / CPU time: 23.794
Number of iterations: 20
--------------------------------------------------------------------
|               OPTIMIZING CANDIDATE TREE SET                      |
--------------------------------------------------------------------
Optimizing NNI: done in 1.23009 secs using 1592% CPU
Optimizing NNI: done in 1.36831 secs using 1591% CPU
Optimizing NNI: done in 1.52365 secs using 1591% CPU
Optimizing NNI: done in 1.01795 secs using 1591% CPU
Optimizing NNI: done in 1.04683 secs using 1592% CPU
Optimizing NNI: done in 1.53266 secs using 1592% CPU
Estimate model parameters (epsilon = 0.100)
BETTER TREE FOUND at iteration 26: -4407.723
Optimizing NNI: done in 1.23127 secs using 1592% CPU
Optimizing NNI: done in 1.26361 secs using 1591% CPU
Optimizing NNI: done in 1.02755 secs using 1591% CPU
Optimizing NNI: done in 1.40755 secs using 1592% CPU
Iteration 30 / LogL: -4457.921 / Time: 0h:0m:41s (0h:2m:8s left)
Optimizing NNI: done in 1.26398 secs using 1592% CPU
Optimizing NNI: done in 1.42964 secs using 1591% CPU
Optimizing NNI: done in 1.72853 secs using 1592% CPU
Optimizing NNI: done in 1.51997 secs using 1591% CPU
Optimizing NNI: done in 1.53835 secs using 1590% CPU
Optimizing NNI: done in 1.2593 secs using 1593% CPU
Optimizing NNI: done in 1.25047 secs using 1591% CPU
Optimizing NNI: done in 1.45306 secs using 1592% CPU
Optimizing NNI: done in 1.22153 secs using 1591% CPU
Optimizing NNI: done in 1.34146 secs using 1591% CPU
Iteration 40 / LogL: -4431.127 / Time: 0h:0m:55s (0h:1m:56s left)
Optimizing NNI: done in 1.51701 secs using 1591% CPU
Optimizing NNI: done in 1.42528 secs using 1592% CPU
Optimizing NNI: done in 1.96651 secs using 1591% CPU
Optimizing NNI: done in 2.00542 secs using 1591% CPU
Optimizing NNI: done in 1.23921 secs using 1593% CPU
Optimizing NNI: done in 1.79178 secs using 1592% CPU
Optimizing NNI: done in 1.18741 secs using 1593% CPU
Optimizing NNI: done in 1.4254 secs using 1591% CPU
Optimizing NNI: done in 1.73006 secs using 1592% CPU
Optimizing NNI: done in 1.18104 secs using 1592% CPU
Iteration 50 / LogL: -4438.914 / Time: 0h:1m:11s (0h:1m:46s left)
Log-likelihood cutoff on original alignment: -4472.685
Optimizing NNI: done in 1.41568 secs using 1592% CPU
Optimizing NNI: done in 1.36474 secs using 1592% CPU
Optimizing NNI: done in 1.79245 secs using 1592% CPU
Optimizing NNI: done in 1.58599 secs using 1592% CPU
Optimizing NNI: done in 1.40651 secs using 1591% CPU
Optimizing NNI: done in 1.18267 secs using 1593% CPU
Optimizing NNI: done in 0.996129 secs using 1591% CPU
Optimizing NNI: done in 1.80991 secs using 1591% CPU
Optimizing NNI: done in 1.01689 secs using 1591% CPU
Optimizing NNI: done in 1.1941 secs using 1592% CPU
Iteration 60 / LogL: -4413.558 / Time: 0h:1m:26s (0h:1m:33s left)
Optimizing NNI: done in 1.3626 secs using 1592% CPU
Optimizing NNI: done in 1.42013 secs using 1592% CPU
Optimizing NNI: done in 1.37288 secs using 1592% CPU
Optimizing NNI: done in 1.73582 secs using 1592% CPU
Optimizing NNI: done in 0.99596 secs using 1591% CPU
Optimizing NNI: done in 1.69094 secs using 1591% CPU
Optimizing NNI: done in 1.03053 secs using 1591% CPU
Optimizing NNI: done in 1.64809 secs using 1592% CPU
Optimizing NNI: done in 1.23775 secs using 1592% CPU
Optimizing NNI: done in 1.18881 secs using 1591% CPU
Estimate model parameters (epsilon = 0.100)
BETTER TREE FOUND at iteration 70: -4406.736
Iteration 70 / LogL: -4406.736 / Time: 0h:1m:40s (0h:2m:21s left)
Optimizing NNI: done in 1.02326 secs using 1591% CPU
Optimizing NNI: done in 1.23474 secs using 1591% CPU
Optimizing NNI: done in 1.67195 secs using 1591% CPU
Optimizing NNI: done in 0.988896 secs using 1591% CPU
Optimizing NNI: done in 1.61967 secs using 1591% CPU
Optimizing NNI: done in 1.70092 secs using 1591% CPU
Optimizing NNI: done in 1.28143 secs using 1592% CPU
Optimizing NNI: done in 1.15857 secs using 1591% CPU
Optimizing NNI: done in 1.18981 secs using 1592% CPU
Optimizing NNI: done in 1.24677 secs using 1592% CPU
Iteration 80 / LogL: -4406.774 / Time: 0h:1m:54s (0h:2m:6s left)
Optimizing NNI: done in 1.26355 secs using 1593% CPU
Optimizing NNI: done in 1.4447 secs using 1591% CPU
Optimizing NNI: done in 1.26139 secs using 1591% CPU
Optimizing NNI: done in 1.28085 secs using 1592% CPU
Optimizing NNI: done in 1.54684 secs using 1591% CPU
Optimizing NNI: done in 1.41477 secs using 1592% CPU
Optimizing NNI: done in 1.01064 secs using 1590% CPU
Optimizing NNI: done in 1.37224 secs using 1592% CPU
Optimizing NNI: done in 1.41356 secs using 1591% CPU
Optimizing NNI: done in 1.42367 secs using 1592% CPU
Iteration 90 / LogL: -4412.440 / Time: 0h:2m:8s (0h:1m:52s left)
Optimizing NNI: done in 1.37974 secs using 1592% CPU
Optimizing NNI: done in 1.01296 secs using 1592% CPU
Optimizing NNI: done in 1.43651 secs using 1591% CPU
Optimizing NNI: done in 1.42489 secs using 1592% CPU
Optimizing NNI: done in 0.991197 secs using 1591% CPU
Optimizing NNI: done in 1.2098 secs using 1592% CPU
Optimizing NNI: done in 1.50378 secs using 1592% CPU
Optimizing NNI: done in 0.971708 secs using 1592% CPU
Optimizing NNI: done in 1.40776 secs using 1592% CPU
Optimizing NNI: done in 1.47288 secs using 1592% CPU
Iteration 100 / LogL: -4423.559 / Time: 0h:2m:21s (0h:1m:37s left)
Log-likelihood cutoff on original alignment: -4472.685
NOTE: Bootstrap correlation coefficient of split occurrence frequencies: 0.984
NOTE: UFBoot does not converge, continue at least 100 more iterations
Optimizing NNI: done in 1.01487 secs using 1591% CPU
Optimizing NNI: done in 1.22496 secs using 1591% CPU
Optimizing NNI: done in 1.78084 secs using 1591% CPU
Optimizing NNI: done in 1.22436 secs using 1591% CPU
Optimizing NNI: done in 1.01975 secs using 1593% CPU
Optimizing NNI: done in 1.24611 secs using 1592% CPU
Optimizing NNI: done in 1.27433 secs using 1592% CPU
Optimizing NNI: done in 0.888959 secs using 1592% CPU
Optimizing NNI: done in 1.20911 secs using 1591% CPU
Optimizing NNI: done in 1.27501 secs using 1591% CPU
Iteration 110 / LogL: -4406.758 / Time: 0h:2m:35s (0h:2m:5s left)
Optimizing NNI: done in 1.26124 secs using 1592% CPU
Optimizing NNI: done in 0.734369 secs using 1590% CPU
Optimizing NNI: done in 0.992645 secs using 1592% CPU
Optimizing NNI: done in 1.28115 secs using 1591% CPU
Optimizing NNI: done in 1.50247 secs using 1592% CPU
Optimizing NNI: done in 1.33124 secs using 1591% CPU
Optimizing NNI: done in 1.00099 secs using 1592% CPU
Optimizing NNI: done in 1.26316 secs using 1592% CPU
Optimizing NNI: done in 1.41456 secs using 1592% CPU
Optimizing NNI: done in 1.6612 secs using 1592% CPU
Iteration 120 / LogL: -4406.751 / Time: 0h:2m:48s (0h:1m:51s left)
Optimizing NNI: done in 0.988816 secs using 1591% CPU
Optimizing NNI: done in 1.23714 secs using 1592% CPU
Optimizing NNI: done in 1.00893 secs using 1591% CPU
Optimizing NNI: done in 1.26717 secs using 1592% CPU
Optimizing NNI: done in 1.01508 secs using 1592% CPU
Optimizing NNI: done in 1.69406 secs using 1592% CPU
Optimizing NNI: done in 1.47828 secs using 1591% CPU
Optimizing NNI: done in 0.989744 secs using 1592% CPU
Optimizing NNI: done in 1.41007 secs using 1591% CPU
Optimizing NNI: done in 1.00442 secs using 1591% CPU
Iteration 130 / LogL: -4415.135 / Time: 0h:3m:1s (0h:1m:36s left)
Optimizing NNI: done in 1.63074 secs using 1592% CPU
Optimizing NNI: done in 1.39066 secs using 1591% CPU
Optimizing NNI: done in 0.999635 secs using 1591% CPU
Optimizing NNI: done in 1.43038 secs using 1592% CPU
Optimizing NNI: done in 1.19107 secs using 1591% CPU
Optimizing NNI: done in 0.736663 secs using 1592% CPU
Optimizing NNI: done in 1.39085 secs using 1592% CPU
Optimizing NNI: done in 1.41098 secs using 1592% CPU
Optimizing NNI: done in 1.77548 secs using 1592% CPU
Optimizing NNI: done in 1.00637 secs using 1591% CPU
Iteration 140 / LogL: -4420.463 / Time: 0h:3m:15s (0h:1m:22s left)
Optimizing NNI: done in 1.3083 secs using 1593% CPU
Optimizing NNI: done in 1.48824 secs using 1592% CPU
Optimizing NNI: done in 1.50548 secs using 1591% CPU
Optimizing NNI: done in 1.18216 secs using 1591% CPU
Optimizing NNI: done in 0.947166 secs using 1593% CPU
Optimizing NNI: done in 1.26912 secs using 1591% CPU
Optimizing NNI: done in 0.888721 secs using 1592% CPU
Optimizing NNI: done in 1.30607 secs using 1592% CPU
Optimizing NNI: done in 1.74542 secs using 1592% CPU
Optimizing NNI: done in 1.24553 secs using 1590% CPU
Iteration 150 / LogL: -4415.728 / Time: 0h:3m:28s (0h:1m:9s left)
Log-likelihood cutoff on original alignment: -4472.685
Optimizing NNI: done in 1.17222 secs using 1591% CPU
Optimizing NNI: done in 1.26662 secs using 1592% CPU
Optimizing NNI: done in 1.16992 secs using 1592% CPU
Optimizing NNI: done in 1.01231 secs using 1590% CPU
Optimizing NNI: done in 1.52772 secs using 1592% CPU
Optimizing NNI: done in 0.925298 secs using 1591% CPU
Optimizing NNI: done in 1.00055 secs using 1591% CPU
Optimizing NNI: done in 1.25273 secs using 1592% CPU
Optimizing NNI: done in 1.03103 secs using 1591% CPU
Optimizing NNI: done in 1.02038 secs using 1591% CPU
Iteration 160 / LogL: -4414.292 / Time: 0h:3m:41s (0h:0m:55s left)
Optimizing NNI: done in 1.75171 secs using 1592% CPU
Optimizing NNI: done in 1.01824 secs using 1591% CPU
Optimizing NNI: done in 1.17837 secs using 1593% CPU
Optimizing NNI: done in 1.67433 secs using 1592% CPU
Optimizing NNI: done in 1.54694 secs using 1592% CPU
Optimizing NNI: done in 1.20005 secs using 1592% CPU
Optimizing NNI: done in 1.34958 secs using 1592% CPU
Optimizing NNI: done in 1.03712 secs using 1591% CPU
Optimizing NNI: done in 1.49174 secs using 1592% CPU
Optimizing NNI: done in 1.26328 secs using 1591% CPU
Iteration 170 / LogL: -4406.751 / Time: 0h:3m:56s (0h:0m:41s left)
Optimizing NNI: done in 1.26414 secs using 1591% CPU
Optimizing NNI: done in 1.7594 secs using 1591% CPU
Optimizing NNI: done in 1.46859 secs using 1592% CPU
Optimizing NNI: done in 1.25667 secs using 1591% CPU
Optimizing NNI: done in 1.27779 secs using 1592% CPU
Optimizing NNI: done in 1.28876 secs using 1591% CPU
Optimizing NNI: done in 0.973571 secs using 1591% CPU
Optimizing NNI: done in 0.998107 secs using 1592% CPU
Optimizing NNI: done in 1.28205 secs using 1592% CPU
Optimizing NNI: done in 1.5107 secs using 1591% CPU
Iteration 180 / LogL: -4413.672 / Time: 0h:4m:11s (0h:0m:27s left)
Optimizing NNI: done in 0.997639 secs using 1592% CPU
Optimizing NNI: done in 1.51068 secs using 1592% CPU
Optimizing NNI: done in 1.508 secs using 1592% CPU
Optimizing NNI: done in 1.31404 secs using 1592% CPU
Optimizing NNI: done in 1.58959 secs using 1591% CPU
Estimate model parameters (epsilon = 0.100)
BETTER TREE FOUND at iteration 185: -4406.076
Optimizing NNI: done in 1.60246 secs using 1591% CPU
Optimizing NNI: done in 1.67828 secs using 1591% CPU
Optimizing NNI: done in 1.28263 secs using 1591% CPU
Optimizing NNI: done in 1.32544 secs using 1591% CPU
Optimizing NNI: done in 1.02513 secs using 1591% CPU
Iteration 190 / LogL: -4414.383 / Time: 0h:4m:26s (0h:2m:12s left)
Optimizing NNI: done in 1.2518 secs using 1592% CPU
Optimizing NNI: done in 1.21869 secs using 1592% CPU
Optimizing NNI: done in 1.25019 secs using 1591% CPU
Optimizing NNI: done in 1.50341 secs using 1592% CPU
Optimizing NNI: done in 1.43419 secs using 1591% CPU
Optimizing NNI: done in 1.57777 secs using 1592% CPU
Optimizing NNI: done in 1.26523 secs using 1592% CPU
Optimizing NNI: done in 1.47932 secs using 1592% CPU
Optimizing NNI: done in 0.835457 secs using 1593% CPU
Optimizing NNI: done in 1.50833 secs using 1592% CPU
Iteration 200 / LogL: -4414.867 / Time: 0h:4m:40s (0h:1m:58s left)
Log-likelihood cutoff on original alignment: -4472.685
NOTE: Bootstrap correlation coefficient of split occurrence frequencies: 0.992
Optimizing NNI: done in 1.22845 secs using 1591% CPU
Optimizing NNI: done in 1.46951 secs using 1591% CPU
Optimizing NNI: done in 0.739462 secs using 1590% CPU
Optimizing NNI: done in 1.30877 secs using 1592% CPU
Optimizing NNI: done in 1.23777 secs using 1591% CPU
Optimizing NNI: done in 1.26216 secs using 1591% CPU
Optimizing NNI: done in 1.19639 secs using 1590% CPU
Optimizing NNI: done in 1.26912 secs using 1591% CPU
Optimizing NNI: done in 1.31045 secs using 1593% CPU
Optimizing NNI: done in 1.6239 secs using 1592% CPU
Iteration 210 / LogL: -4406.088 / Time: 0h:4m:55s (0h:2m:6s left)
Optimizing NNI: done in 1.44278 secs using 1591% CPU
Optimizing NNI: done in 1.3027 secs using 1592% CPU
Optimizing NNI: done in 1.27382 secs using 1592% CPU
Optimizing NNI: done in 1.27689 secs using 1592% CPU
Optimizing NNI: done in 1.61498 secs using 1592% CPU
Optimizing NNI: done in 1.73284 secs using 1591% CPU
Optimizing NNI: done in 1.30917 secs using 1592% CPU
Optimizing NNI: done in 1.03132 secs using 1591% CPU
Optimizing NNI: done in 1.42686 secs using 1591% CPU
Optimizing NNI: done in 1.00834 secs using 1591% CPU
Iteration 220 / LogL: -4413.612 / Time: 0h:5m:10s (0h:1m:52s left)
Optimizing NNI: done in 1.23159 secs using 1591% CPU
Optimizing NNI: done in 1.25028 secs using 1592% CPU
Optimizing NNI: done in 1.18883 secs using 1592% CPU
Optimizing NNI: done in 1.32875 secs using 1592% CPU
Optimizing NNI: done in 1.00125 secs using 1591% CPU
Optimizing NNI: done in 1.21197 secs using 1592% CPU
Optimizing NNI: done in 1.63543 secs using 1592% CPU
Optimizing NNI: done in 1.4278 secs using 1591% CPU
Optimizing NNI: done in 1.42602 secs using 1590% CPU
Optimizing NNI: done in 1.28259 secs using 1592% CPU
Iteration 230 / LogL: -4416.021 / Time: 0h:5m:25s (0h:1m:38s left)
Optimizing NNI: done in 1.04893 secs using 1590% CPU
Optimizing NNI: done in 1.51593 secs using 1591% CPU
Optimizing NNI: done in 0.980333 secs using 1590% CPU
Optimizing NNI: done in 1.49277 secs using 1592% CPU
Optimizing NNI: done in 1.35602 secs using 1591% CPU
Optimizing NNI: done in 1.25188 secs using 1591% CPU
Optimizing NNI: done in 1.31911 secs using 1591% CPU
Optimizing NNI: done in 1.02772 secs using 1592% CPU
Optimizing NNI: done in 1.26295 secs using 1592% CPU
Optimizing NNI: done in 1.3541 secs using 1592% CPU
Iteration 240 / LogL: -4406.085 / Time: 0h:5m:39s (0h:1m:24s left)
Optimizing NNI: done in 1.22918 secs using 1591% CPU
Optimizing NNI: done in 1.03446 secs using 1592% CPU
Optimizing NNI: done in 0.985642 secs using 1592% CPU
Optimizing NNI: done in 1.00659 secs using 1591% CPU
Optimizing NNI: done in 1.44894 secs using 1592% CPU
Optimizing NNI: done in 1.31293 secs using 1592% CPU
Optimizing NNI: done in 1.03008 secs using 1592% CPU
Optimizing NNI: done in 1.30699 secs using 1591% CPU
Optimizing NNI: done in 1.22232 secs using 1592% CPU
Optimizing NNI: done in 1.63318 secs using 1592% CPU
Iteration 250 / LogL: -4418.300 / Time: 0h:5m:53s (0h:1m:10s left)
Log-likelihood cutoff on original alignment: -4472.685
Optimizing NNI: done in 1.04388 secs using 1592% CPU
Optimizing NNI: done in 1.27771 secs using 1593% CPU
Optimizing NNI: done in 0.98676 secs using 1592% CPU
Optimizing NNI: done in 1.55533 secs using 1592% CPU
Optimizing NNI: done in 1.23998 secs using 1592% CPU
Optimizing NNI: done in 1.44193 secs using 1592% CPU
Optimizing NNI: done in 1.33126 secs using 1591% CPU
Optimizing NNI: done in 1.31396 secs using 1592% CPU
Optimizing NNI: done in 1.02604 secs using 1592% CPU
Optimizing NNI: done in 0.990236 secs using 1590% CPU
Iteration 260 / LogL: -4429.659 / Time: 0h:6m:8s (0h:0m:56s left)
Optimizing NNI: done in 1.50524 secs using 1591% CPU
Optimizing NNI: done in 1.29305 secs using 1591% CPU
Optimizing NNI: done in 1.27198 secs using 1591% CPU
Optimizing NNI: done in 1.05108 secs using 1592% CPU
Optimizing NNI: done in 1.91681 secs using 1592% CPU
Optimizing NNI: done in 1.52849 secs using 1591% CPU
Optimizing NNI: done in 1.44248 secs using 1591% CPU
Optimizing NNI: done in 1.3796 secs using 1592% CPU
Optimizing NNI: done in 1.30129 secs using 1591% CPU
Optimizing NNI: done in 1.435 secs using 1592% CPU
Iteration 270 / LogL: -4406.085 / Time: 0h:6m:25s (0h:0m:42s left)
Optimizing NNI: done in 1.03714 secs using 1590% CPU
Optimizing NNI: done in 1.70387 secs using 1592% CPU
Optimizing NNI: done in 1.25272 secs using 1591% CPU
Optimizing NNI: done in 1.54803 secs using 1592% CPU
Optimizing NNI: done in 1.29574 secs using 1592% CPU
Optimizing NNI: done in 1.43522 secs using 1591% CPU
Optimizing NNI: done in 1.49003 secs using 1592% CPU
Optimizing NNI: done in 1.53917 secs using 1592% CPU
Optimizing NNI: done in 1.74957 secs using 1592% CPU
Optimizing NNI: done in 1.29955 secs using 1591% CPU
Iteration 280 / LogL: -4419.744 / Time: 0h:6m:41s (0h:0m:28s left)
Optimizing NNI: done in 1.32433 secs using 1592% CPU
Optimizing NNI: done in 1.50934 secs using 1591% CPU
Optimizing NNI: done in 0.787977 secs using 1591% CPU
Optimizing NNI: done in 1.33637 secs using 1591% CPU
Optimizing NNI: done in 1.42778 secs using 1591% CPU
Optimizing NNI: done in 1.3688 secs using 1592% CPU
TREE SEARCH COMPLETED AFTER 286 ITERATIONS / Time: 0h:6m:50s

--------------------------------------------------------------------
|                    FINALIZING TREE SEARCH                        |
--------------------------------------------------------------------
Performs final model parameters optimization
Estimate model parameters (epsilon = 0.010)
1. Initial log-likelihood: -4406.076
Optimal log-likelihood: -4406.076
Gamma shape alpha: 0.260
Parameters optimization took 1 rounds (0.069 sec)
BEST SCORE FOUND : -4406.076
Creating bootstrap support values...
Split supports printed to NEXUS file results/per_year_unclustered/VicB/trees/VicB_2021.splits.nex
Total tree length: 0.563

Total number of iterations: 286
CPU time used for tree search: 6000.789 sec (1h:40m:0s)
Wall-clock time used for tree search: 405.771 sec (0h:6m:45s)
Total CPU time used: 6070.362 sec (1h:41m:10s)
Total wall-clock time used: 411.731 sec (0h:6m:51s)

Computing bootstrap consensus tree...
Reading input file results/per_year_unclustered/VicB/trees/VicB_2021.splits.nex...
262 taxa and 14511 splits.
Consensus tree written to results/per_year_unclustered/VicB/trees/VicB_2021.contree
Reading input trees file results/per_year_unclustered/VicB/trees/VicB_2021.contree
Log-likelihood of consensus tree: -4414.757

Analysis results written to: 
  IQ-TREE report:                results/per_year_unclustered/VicB/trees/VicB_2021.iqtree
  Maximum-likelihood tree:       results/per_year_unclustered/VicB/trees/VicB_2021.treefile
  Likelihood distances:          results/per_year_unclustered/VicB/trees/VicB_2021.mldist

Ultrafast bootstrap approximation results written to:
  Split support values:          results/per_year_unclustered/VicB/trees/VicB_2021.splits.nex
  Consensus tree:                results/per_year_unclustered/VicB/trees/VicB_2021.contree
  Screen log file:               results/per_year_unclustered/VicB/trees/VicB_2021.log

Date and Time: Fri Nov 21 12:36:31 2025
