IQ-TREE version 3.0.1 for Linux x86 64-bit built Jul  9 2025
Developed by Bui Quang Minh, Thomas Wong, Nhan Ly-Trong, Huaiyan Ren
Contributed by Lam-Tung Nguyen, Dominik Schrempf, Chris Bielow,
Olga Chernomor, Michael Woodhams, Diep Thi Hoang, Heiko Schmidt

Host:    rtis-hpc-r06.uod.otago.ac.nz (AVX2, FMA3, 1007 GB RAM)
Command: iqtree -s results/per_year_unclustered/VicB/alignments/VicB_2017_aligned.fasta -m LG+G4 -bb 1000 -nt 16 -pre results/per_year_unclustered/VicB/trees/VicB_2017 -redo -quiet
Seed:    358041 (Using SPRNG - Scalable Parallel Random Number Generator)
Time:    Fri Nov 21 10:04:10 2025
Kernel:  AVX+FMA - 16 threads (16 CPU cores detected)

Reading alignment file results/per_year_unclustered/VicB/alignments/VicB_2017_aligned.fasta ... Fasta format detected
Reading fasta file: done in 0.00221366 secs using 99.43% CPU
Alignment most likely contains protein sequences
Constructing alignment: done in 0.00106502 secs using 888.3% CPU
Alignment has 268 sequences with 585 columns, 196 distinct patterns
70 parsimony-informative, 106 singleton sites, 409 constant sites
                                                                Gap/Ambiguity  Composition  p-value
Analyzing sequences: done in 0.012346 secs using 1389% CPU
   1  EPI1158001|HA|B/Hong_Kong/1089/2017|EPI_ISL_294975|B              0.00%    passed    100.00%
   2  EPI1158011|HA|B/Hong_Kong/1095/2017|EPI_ISL_294980|B              0.51%    passed    100.00%
   3  EPI1158009|HA|B/Hong_Kong/1094/2017|EPI_ISL_294979|B              0.00%    passed    100.00%
   4  EPI1158031|HA|B/Hong_Kong/695/2017|EPI_ISL_294990|B               0.00%    passed    100.00%
   5  EPI1158023|HA|B/Hong_Kong/1118/2017|EPI_ISL_294986|B              0.00%    passed    100.00%
   6  EPI3230642|HA|B/Okinawa/16T022/2017|EPI_ISL_19071163|B            0.00%    passed    100.00%
   7  EPI3230634|HA|B/Okinawa/16T016/2017|EPI_ISL_19071162|B            0.00%    passed    100.00%
   8  EPI994761|HA|B/Maldives/49/2017|EPI_ISL_262781|B                  0.00%    passed    100.00%
   9  EPI1164055|HA|B/Laos/F1664/2017|EPI_ISL_296175|B                  0.51%    passed    100.00%
  10  EPI1167080|HA|B/Bangladesh/1312/2017|EPI_ISL_296624|B             0.00%    passed    100.00%
  11  EPI1168584|HA|B/Guizhou-Honghuagang/1952/2017|EPI_ISL_297019|B    0.00%    passed    100.00%
  12  EPI1168614|HA|B/Hunan-Yuhua/11919/2017|EPI_ISL_297029|B           0.00%    passed    100.00%
  13  EPI1168599|HA|B/Hubei-Zhangwan/36/2017|EPI_ISL_297024|B           0.51%    passed    100.00%
  14  EPI1004798|HA|B/Almaty/ZVL599/2017|EPI_ISL_264549|B               0.00%    passed    100.00%
  15  EPI1004818|HA|B/SAITAMA-C/1/2017|EPI_ISL_265151|B                 0.00%    passed    100.00%
  16  EPI1004826|HA|B/TOCHIGI/17218/2017|EPI_ISL_265155|B               0.00%    passed    100.00%
  17  EPI1004846|HA|B/SAITAMA/93/2017|EPI_ISL_265165|B                  0.00%    passed    100.00%
  18  EPI1004836|HA|B/SAGA/73/2017|EPI_ISL_265160|B                     0.00%    passed    100.00%
  19  EPI1172916|HA|B/Astana/ZVL988/2017|EPI_ISL_297936|B               0.00%    passed    100.00%
  20  EPI1174863|HA|B/Bangladesh/1221/2017|EPI_ISL_298413|B             0.00%    passed    100.00%
  21  EPI1174879|HA|B/Bangladesh/1302/2017|EPI_ISL_298415|B             0.00%    passed    100.00%
  22  EPI1174887|HA|B/Bangladesh/1294/2017|EPI_ISL_298416|B             0.00%    passed    100.00%
  23  EPI1177451|HA|B/Ankara/1110/2017|EPI_ISL_299074|B                 0.00%    passed    100.00%
  24  EPI1177508|HA|B/Kazakhstan/7527/2017|EPI_ISL_299103|B             0.00%    passed    100.00%
  25  EPI1492118|HA|B/Ashgabat/5/2017|EPI_ISL_364905|B                  0.00%    passed    100.00%
  26  EPI1179385|HA|B/Sri_Lanka/14/2017|EPI_ISL_299620|B                0.00%    passed    100.00%
  27  EPI1179379|HA|B/Sri_Lanka/19/2017|EPI_ISL_299617|B                0.00%    passed    100.00%
  28  EPI1179623|HA|B/Philippines/13/2017|EPI_ISL_299708|B              0.00%    passed    100.00%
  29  EPI1182265|HA|B/Hong_Kong/1133/2017|EPI_ISL_300118|B              0.51%    passed    100.00%
  30  EPI1182280|HA|B/Hong_Kong/1148/2017|EPI_ISL_300120|B              0.00%    passed    100.00%
  31  EPI1012520|HA|B/KANAGAWA/5/2017|EPI_ISL_267598|B                  0.00%    passed    100.00%
  32  EPI1012576|HA|B/KOBE/871/2017|EPI_ISL_267605|B                    0.00%    passed    100.00%
  33  EPI1012584|HA|B/GUNMA/82/2017|EPI_ISL_267606|B                    0.00%    passed    100.00%
  34  EPI1012544|HA|B/SHIZUOKA/48/2017|EPI_ISL_267601|B                 0.00%    passed    100.00%
  35  EPI1012552|HA|B/OITA/8/2017|EPI_ISL_267602|B                      0.00%    passed    100.00%
  36  EPI1012560|HA|B/HYOGO/3233/2017|EPI_ISL_267603|B                  0.00%    passed    100.00%
  37  EPI1012762|HA|B/Kyrgyzstan/119/2017|EPI_ISL_267629|B              0.00%    passed    100.00%
  38  EPI1012738|HA|B/Kyrgyzstan/115/2017|EPI_ISL_267626|B              0.00%    passed    100.00%
  39  EPI1012786|HA|B/Kyrgyzstan/125/2017|EPI_ISL_267632|B              0.00%    passed    100.00%
  40  EPI1012802|HA|B/Kyrgyzstan/136/2017|EPI_ISL_267634|B              0.00%    passed    100.00%
  41  EPI1012952|HA|B/Kyrgyzstan/99/2017|EPI_ISL_267653|B               0.00%    passed    100.00%
  42  EPI1187942|HA|B/Laos/F2882/2017|EPI_ISL_301183|B                  0.00%    passed    100.00%
  43  EPI1017848|HA|B/Bangladesh/3004/2017|EPI_ISL_268468|B             0.00%    passed    100.00%
  44  EPI1020317|HA|B/Kazakhstan/6718/2017|EPI_ISL_268827|B             0.00%    passed    100.00%
  45  EPI1340173|HA|B/Chongqing-Yongchuan/331/2017|EPI_ISL_334877|B     0.00%    passed    100.00%
  46  EPI1340185|HA|B/Neimenggu-Keerqin/1544/2017|EPI_ISL_334881|B      0.00%    passed    100.00%
  47  EPI1340191|HA|B/Chongqing-Fuling/1886/2017|EPI_ISL_334883|B       0.00%    passed    100.00%
  48  EPI1340239|HA|B/Guangxi-Youjiang/1928/2017|EPI_ISL_334899|B       0.00%    passed    100.00%
  49  EPI1192388|HA|B/NAGANO/2774/2017|EPI_ISL_302254|B                 0.00%    passed    100.00%
  50  EPI1192390|HA|B/GIFU/65/2017|EPI_ISL_302255|B                     0.00%    passed    100.00%
  51  EPI1192396|HA|B/NAGANO/2778/2017|EPI_ISL_302258|B                 0.00%    passed    100.00%
  52  EPI1022583|HA|B/NAGANO/2272/2017|EPI_ISL_269500|B                 0.00%    passed    100.00%
  53  EPI1022575|HA|B/Laos/F0318/2017|EPI_ISL_269496|B                  0.00%    passed    100.00%
  54  EPI1022730|HA|B/Hong_Kong/218/2017|EPI_ISL_269532|B               0.00%    passed    100.00%
  55  EPI1022732|HA|B/Hong_Kong/219/2017|EPI_ISL_269533|B               0.00%    passed    100.00%
  56  EPI1022724|HA|B/Hong_Kong/194/2017|EPI_ISL_269528|B               0.00%    passed    100.00%
  57  EPI1022738|HA|B/Hong_Kong/245/2017|EPI_ISL_269536|B               0.00%    passed    100.00%
  58  EPI1340969|HA|B/shenzhen/2018-28141/2017|EPI_ISL_335141|B         0.00%    passed    100.00%
  59  EPI1340975|HA|B/shenzhen/2018-28139/2017|EPI_ISL_335143|B         0.00%    passed    100.00%
  60  EPI1341140|HA|B/shenzhen/2018-22502/2017|EPI_ISL_335198|B         0.00%    passed    100.00%
  61  EPI1023354|HA|B/Singapore/TT0739/2017|EPI_ISL_269672|B            0.00%    passed    100.00%
  62  EPI1023378|HA|B/Singapore/KK0243/2017|EPI_ISL_269675|B            0.00%    passed    100.00%
  63  EPI1025438|HA|B/Bangladesh/8008/2017|EPI_ISL_269991|B             0.00%    passed    100.00%
  64  EPI1198131|HA|B/Hubei-Jiangan/1974/2017|EPI_ISL_303188|B          0.51%    passed    100.00%
  65  EPI1029940|HA|B/Hubei-Shashi/1244/2017|EPI_ISL_270612|B           0.00%    passed    100.00%
  66  EPI1029937|HA|B/Jiangsu-Gaoyou/1396/2017|EPI_ISL_270611|B         0.00%    passed    100.00%
  67  EPI1029964|HA|B/Anhui-Dangtu/1136/2017|EPI_ISL_270620|B           0.00%    passed    100.00%
  68  EPI1029970|HA|B/Zhejiang-Haishu/1806/2017|EPI_ISL_270622|B        0.00%    passed    100.00%
  69  EPI1030165|HA|B/Shanghai-Baoshan/1325/2017|EPI_ISL_270687|B       0.00%    passed    100.00%
  70  EPI1030147|HA|B/Sichuan-Dongxin/1297/2017|EPI_ISL_270681|B        0.00%    passed    100.00%
  71  EPI1030168|HA|B/Zhejiang-Lucheng/1434/2017|EPI_ISL_270688|B       0.00%    passed    100.00%
  72  EPI1030258|HA|B/Zhejiang-Xiacheng/1233/2017|EPI_ISL_270718|B      0.00%    passed    100.00%
  73  EPI1030249|HA|B/Guangxi-Lingshan/35/2017|EPI_ISL_270715|B         0.00%    passed    100.00%
  74  EPI1030267|HA|B/Guangxi-Xixiangtang/1136/2017|EPI_ISL_270721|B    0.00%    passed    100.00%
  75  EPI1030318|HA|B/Hubei-Echeng/11730/2017|EPI_ISL_270738|B          0.00%    passed    100.00%
  76  EPI1033142|HA|B/OKAYAMA/3/2017|EPI_ISL_271956|B                   0.00%    passed    100.00%
  77  EPI1033134|HA|B/EHIME/3/2017|EPI_ISL_271952|B                     0.00%    passed    100.00%
  78  EPI1033154|HA|B/KITAKYUSYU/5/2017|EPI_ISL_271962|B                0.00%    passed    100.00%
  79  EPI1033878|HA|B/Bangladesh/0010/2017|EPI_ISL_272618|B             0.00%    passed    100.00%
  80  EPI1036470|HA|B/Georgia/566/2017|EPI_ISL_273308|B                 0.00%    passed    100.00%
  81  EPI1036494|HA|B/Georgia/523/2017|EPI_ISL_273320|B                 0.00%    passed    100.00%
  82  EPI1211661|HA|B/Philippines/0875/2017|EPI_ISL_306117|B            0.00%    passed    100.00%
  83  EPI1046028|HA|B/Ankara/561/2017|EPI_ISL_275444|B                  0.00%    passed    100.00%
  84  EPI1046025|HA|B/Ankara/551/2017|EPI_ISL_275443|B                  0.00%    passed    100.00%
  85  EPI1052103|HA|B/Bangladesh/1003/2017|EPI_ISL_276469|B             0.00%    passed    100.00%
  86  EPI1052664|HA|B/Hong_Kong/283/2017|EPI_ISL_276541|B               0.00%    passed    100.00%
  87  EPI1054180|HA|B/KANAGAWA/IC1647/2017|EPI_ISL_276793|B             0.00%    passed    100.00%
  88  EPI1054216|HA|B/FUKUI/12/2017|EPI_ISL_276811|B                    0.00%    passed    100.00%
  89  EPI1057984|HA|B/NAGANO-C/39/2017|EPI_ISL_277458|B                 0.00%    passed    100.00%
  90  EPI1059616|HA|B/TOKYO/17111/2017|EPI_ISL_277718|B                 0.00%    passed    100.00%
  91  EPI1059628|HA|B/NIIGATA-C/22/2017|EPI_ISL_277724|B                0.00%    passed    100.00%
  92  EPI1059624|HA|B/KAGOSHIMA/4067/2017|EPI_ISL_277722|B              0.00%    passed    100.00%
  93  EPI1062358|HA|B/Jiangxi-Yuehu/1589/2017|EPI_ISL_278527|B          0.00%    passed    100.00%
  94  EPI1062361|HA|B/Shanghai-Chongming/1638/2017|EPI_ISL_278528|B     0.00%    passed    100.00%
  95  EPI1062388|HA|B/Yunnan-Wenshan/1619/2017|EPI_ISL_278537|B         0.00%    passed    100.00%
  96  EPI1062757|HA|B/Guangxi-Hengxian/335/2017|EPI_ISL_278660|B        0.00%    passed    100.00%
  97  EPI1062760|HA|B/Sichuan-Jiangyang/1904/2017|EPI_ISL_278661|B      0.00%    passed    100.00%
  98  EPI1062763|HA|B/Shanghai-Putuo/1407/2017|EPI_ISL_278662|B         0.00%    passed    100.00%
  99  EPI1062754|HA|B/Anhui-Huashan/1275/2017|EPI_ISL_278659|B          0.00%    passed    100.00%
 100  EPI1062769|HA|B/Guizhou-Kaili/8103/2017|EPI_ISL_278664|B          0.00%    passed    100.00%
 101  EPI1062772|HA|B/Shanghai-Changning/1405/2017|EPI_ISL_278665|B     0.00%    passed    100.00%
 102  EPI1062802|HA|B/Jiangsu-Gaoyou/1585/2017|EPI_ISL_278675|B         0.00%    passed    100.00%
 103  EPI1062877|HA|B/Yunnan-Anning/1391/2017|EPI_ISL_278700|B          0.00%    passed    100.00%
 104  EPI1062871|HA|B/Zhejiang-Nanhu/1345/2017|EPI_ISL_278698|B         0.00%    passed    100.00%
 105  EPI1062874|HA|B/Hubei-Echeng/38/2017|EPI_ISL_278699|B             0.00%    passed    100.00%
 106  EPI1381174|HA|B/Colorado/06/2017|EPI_ISL_344415|B                 0.34%    passed    100.00%
 107  EPI1064984|HA|B/KANAGAWA/AC1629/2017|EPI_ISL_279046|B             0.00%    passed    100.00%
 108  EPI1064998|HA|B/KANAGAWA/AC1635/2017|EPI_ISL_279053|B             0.00%    passed    100.00%
 109  EPI1065000|HA|B/KANAGAWA/IC1644/2017|EPI_ISL_279054|B             0.00%    passed    100.00%
 110  EPI1064994|HA|B/KANAGAWA/IC1639/2017|EPI_ISL_279051|B             0.00%    passed    100.00%
 111  EPI1244612|HA|B/KOCHI/106/2017|EPI_ISL_312695|B                   0.00%    passed    100.00%
 112  EPI1244572|HA|B/KAWASAKI/79/2017|EPI_ISL_312690|B                 0.00%    passed    100.00%
 113  EPI1078781|HA|B/India/7284/2017|EPI_ISL_281651|B                  0.00%    passed    100.00%
 114  EPI1082654|HA|B/Cambodia/FSS34628/2017|EPI_ISL_282297|B           0.00%    passed    100.00%
 115  EPI1085159|HA|B/KANAGAWA/ZC1701/2017|EPI_ISL_282747|B             0.00%    passed    100.00%
 116  EPI1399085|HA|B/Taiwan/78141/2017|EPI_ISL_348566|B                0.00%    passed    100.00%
 117  EPI1094264|HA|B/Laos/1675/2017|EPI_ISL_284124|B                   0.51%    passed    100.00%
 118  EPI1094272|HA|B/Laos/2106/2017|EPI_ISL_284125|B                   0.51%    passed    100.00%
 119  EPI1094280|HA|B/Laos/2152/2017|EPI_ISL_284126|B                   0.51%    passed    100.00%
 120  EPI1105670|HA|B/Bangladesh/2014/2017|EPI_ISL_285817|B             0.00%    passed    100.00%
 121  EPI1106277|HA|B/Guangxi-Yuzhou/1773/2017|EPI_ISL_285912|B         0.00%    passed    100.00%
 122  EPI1106283|HA|B/Jiangsu-Qingpu/1932/2017|EPI_ISL_285914|B         0.00%    passed    100.00%
 123  EPI944064|HA|B/Jiangsu-Haizhou/123/2017|EPI_ISL_253322|B          0.00%    passed    100.00%
 124  EPI1107537|HA|B/Bangladesh/702014/2017|EPI_ISL_286096|B           0.00%    passed    100.00%
 125  EPI1107647|HA|B/Bangladesh/1156/2017|EPI_ISL_286112|B             0.00%    passed    100.00%
 126  EPI1107663|HA|B/Bahrain/8/2017|EPI_ISL_286114|B                   0.00%    passed    100.00%
 127  EPI1113221|HA|B/OITA/11/2017|EPI_ISL_286977|B                     0.00%    passed    100.00%
 128  EPI1113223|HA|B/Laos/F1473/2017|EPI_ISL_286978|B                  0.00%    passed    100.00%
 129  EPI1113709|HA|B/Armenia/9/2017|EPI_ISL_287055|B                   0.00%    passed    100.00%
 130  EPI1125337|HA|B/Chongqing-Shapingba/37/2017|EPI_ISL_288709|B      0.00%    passed    100.00%
 131  EPI1125340|HA|B/Guangxi-Xinbin/1832/2017|EPI_ISL_288710|B         0.00%    passed    100.00%
 132  EPI1125331|HA|B/Hubei-Maojian/11662/2017|EPI_ISL_288707|B         0.51%    passed    100.00%
 133  EPI1125358|HA|B/Sichuan-Qingyang/11469/2017|EPI_ISL_288716|B      0.00%    passed    100.00%
 134  EPI1125361|HA|B/Shanghai-Baoshan/1864/2017|EPI_ISL_288717|B       0.00%    passed    100.00%
 135  EPI1125352|HA|B/Neimenggu-Keerqin/1495/2017|EPI_ISL_288714|B      0.00%    passed    100.00%
 136  EPI1130504|HA|B/Bangladesh/1269/2017|EPI_ISL_289592|B             0.00%    passed    100.00%
 137  EPI1130753|HA|B/Indonesia/Nihrd-Lpg584/2017|EPI_ISL_289624|B      0.00%    passed    100.00%
 138  EPI1141368|HA|B/Philippines/0838/2017|EPI_ISL_291575|B            0.00%    passed    100.00%
 139  EPI1141313|HA|B/Philippines/0875/2017|EPI_ISL_291568|B            0.00%    passed    100.00%
 140  EPI975712|HA|B/KANAGAWA/AC1623/2017|EPI_ISL_259047|B              0.00%    passed    100.00%
 141  EPI975808|HA|B/KANAGAWA/IC1638/2017|EPI_ISL_259059|B              0.00%    passed    100.00%
 142  EPI1145644|HA|B/Singapore/EN0958/2017|EPI_ISL_292457|B            0.00%    passed    100.00%
 143  EPI1145822|HA|B/Sur/2294/2017|EPI_ISL_292489|B                    0.00%    passed    100.00%
 144  EPI1147885|HA|B/Hubei-Danjiangkou/31/2017|EPI_ISL_292773|B        0.00%    passed    100.00%
 145  EPI1147891|HA|B/Hubei-Yunyang/310/2017|EPI_ISL_292775|B           0.51%    passed    100.00%
 146  EPI1147906|HA|B/Yunnan-Funing/37/2017|EPI_ISL_292780|B            0.51%    passed    100.00%
 147  EPI986263|HA|B/Qatar/10-VI-17-0001338/2017|EPI_ISL_261282|B       0.00%    passed    100.00%
 148  EPI986259|HA|B/Qatar/10-VI-17-0001141/2017|EPI_ISL_261280|B       0.00%    passed    100.00%
 149  EPI986271|HA|B/Qatar/32-VI-17-0001834/2017|EPI_ISL_261286|B       0.00%    passed    100.00%
 150  EPI994644|HA|B/Georgia/06/2017|EPI_ISL_262766|B                   0.34%    passed    100.00%
 151  EPI994715|HA|B/Kentucky/14/2017|EPI_ISL_262775|B                  0.00%    passed    100.00%
 152  EPI994769|HA|B/Maryland/14/2017|EPI_ISL_262782|B                  0.34%    passed    100.00%
 153  EPI994809|HA|B/Minnesota/18/2017|EPI_ISL_262787|B                 0.34%    passed    100.00%
 154  EPI994880|HA|B/New_Jersey/21/2017|EPI_ISL_262796|B                0.34%    passed    100.00%
 155  EPI995118|HA|B/Florida/22/2017|EPI_ISL_262826|B                   0.00%    passed    100.00%
 156  EPI995126|HA|B/Kentucky/09/2017|EPI_ISL_262827|B                  0.00%    passed    100.00%
 157  EPI995268|HA|B/Tennessee/12/2017|EPI_ISL_262845|B                 0.00%    passed    100.00%
 158  EPI1162380|HA|B/North_Carolina/30/2017|EPI_ISL_295941|B           0.34%    passed    100.00%
 159  EPI1162444|HA|B/Idaho/31/2017|EPI_ISL_295949|B                    0.00%    passed    100.00%
 160  EPI1162698|HA|B/West_Virginia/21/2017|EPI_ISL_295981|B            0.34%    passed    100.00%
 161  EPI1164788|HA|B/New_Hampshire/14/2017|EPI_ISL_296276|B            0.34%    passed    100.00%
 162  EPI1001997|HA|B/Florida/28/2017|EPI_ISL_264108|B                  0.00%    passed    100.00%
 163  EPI1001974|HA|B/Connecticut/29/2017|EPI_ISL_264105|B              0.34%    passed    100.00%
 164  EPI1002185|HA|B/Pennsylvania/11/2017|EPI_ISL_264132|B             0.34%    passed    100.00%
 165  EPI1003236|HA|B/North_Carolina/17/2017|EPI_ISL_264401|B           0.00%    passed    100.00%
 166  EPI1003324|HA|B/West_Virginia/12/2017|EPI_ISL_264412|B            0.00%    passed    100.00%
 167  EPI1003292|HA|B/Texas/62/2017|EPI_ISL_264408|B                    0.34%    passed    100.00%
 168  EPI1007822|HA|B/Connecticut/31/2017|EPI_ISL_266604|B              0.34%    passed    100.00%
 169  EPI1008023|HA|B/New_Jersey/24/2017|EPI_ISL_266630|B               0.34%    passed    100.00%
 170  EPI1008199|HA|B/South_Dakota/15/2017|EPI_ISL_266653|B             0.00%    passed    100.00%
 171  EPI1008231|HA|B/South_Dakota/19/2017|EPI_ISL_266657|B             0.00%    passed    100.00%
 172  EPI1008675|HA|B/Michigan/29/2017|EPI_ISL_266714|B                 0.34%    passed    100.00%
 173  EPI1009845|HA|B/Hawaii/22/2017|EPI_ISL_266881|B                   0.00%    passed    100.00%
 174  EPI1009986|HA|B/Colorado/17/2017|EPI_ISL_266899|B                 0.00%    passed    100.00%
 175  EPI1010050|HA|B/North_Dakota/12/2017|EPI_ISL_266907|B             0.34%    passed    100.00%
 176  EPI1012071|HA|B/Michigan/56/2017|EPI_ISL_267540|B                 0.00%    passed    100.00%
 177  EPI1012087|HA|B/Michigan/57/2017|EPI_ISL_267542|B                 0.00%    passed    100.00%
 178  EPI1012095|HA|B/Michigan/58/2017|EPI_ISL_267543|B                 0.00%    passed    100.00%
 179  EPI1012039|HA|B/Florida/55/2017|EPI_ISL_267536|B                  0.00%    passed    100.00%
 180  EPI1012111|HA|B/Michigan/67/2017|EPI_ISL_267545|B                 0.00%    passed    100.00%
 181  EPI1012175|HA|B/Minnesota/31/2017|EPI_ISL_267553|B                0.34%    passed    100.00%
 182  EPI1012295|HA|B/Maryland/34/2017|EPI_ISL_267568|B                 0.00%    passed    100.00%
 183  EPI1017912|HA|B/California/28/2017|EPI_ISL_268476|B               0.00%    passed    100.00%
 184  EPI1018056|HA|B/South_Carolina/14/2017|EPI_ISL_268494|B           0.34%    passed    100.00%
 185  EPI1018008|HA|B/Hawaii/29/2017|EPI_ISL_268488|B                   0.00%    passed    100.00%
 186  EPI1020233|HA|B/Illinois/23/2017|EPI_ISL_268816|B                 0.00%    passed    100.00%
 187  EPI1020680|HA|B/Illinois/32/2017|EPI_ISL_268874|B                 0.00%    passed    100.00%
 188  EPI1020776|HA|B/Illinois/38/2017|EPI_ISL_268886|B                 0.00%    passed    100.00%
 189  EPI1020997|HA|B/Florida/62/2017|EPI_ISL_268914|B                  0.34%    passed    100.00%
 190  EPI1025518|HA|B/Alabama/02/2017|EPI_ISL_270001|B                  0.34%    passed    100.00%
 191  EPI1025891|HA|B/Colorado/22/2017|EPI_ISL_270051|B                 0.34%    passed    100.00%
 192  EPI1025979|HA|B/Connecticut/41/2017|EPI_ISL_270062|B              0.34%    passed    100.00%
 193  EPI1025947|HA|B/Connecticut/37/2017|EPI_ISL_270058|B              0.00%    passed    100.00%
 194  EPI1025955|HA|B/Connecticut/38/2017|EPI_ISL_270059|B              0.34%    passed    100.00%
 195  EPI1026027|HA|B/Connecticut/47/2017|EPI_ISL_270069|B              0.34%    passed    100.00%
 196  EPI1026147|HA|B/Iowa/18/2017|EPI_ISL_270084|B                     0.00%    passed    100.00%
 197  EPI1026208|HA|B/Louisiana/21/2017|EPI_ISL_270092|B                0.34%    passed    100.00%
 198  EPI1026216|HA|B/Louisiana/22/2017|EPI_ISL_270093|B                0.00%    passed    100.00%
 199  EPI1026178|HA|B/Iowa/22/2017|EPI_ISL_270088|B                     0.00%    passed    100.00%
 200  EPI1026186|HA|B/Iowa/24/2017|EPI_ISL_270089|B                     0.00%    passed    100.00%
 201  EPI1026248|HA|B/Louisiana/26/2017|EPI_ISL_270097|B                0.00%    passed    100.00%
 202  EPI1026417|HA|B/Utah/40/2017|EPI_ISL_270119|B                     0.34%    passed    100.00%
 203  EPI1026425|HA|B/Utah/41/2017|EPI_ISL_270120|B                     0.34%    passed    100.00%
 204  EPI1026441|HA|B/Wisconsin/40/2017|EPI_ISL_270122|B                0.00%    passed    100.00%
 205  EPI1026544|HA|B/Wisconsin/53/2017|EPI_ISL_270135|B                0.00%    passed    100.00%
 206  EPI1026513|HA|B/Wisconsin/49/2017|EPI_ISL_270131|B                0.00%    passed    100.00%
 207  EPI1026592|HA|B/Wisconsin/59/2017|EPI_ISL_270141|B                0.00%    passed    100.00%
 208  EPI1033949|HA|B/Florida/84/2017|EPI_ISL_272627|B                  0.34%    passed    100.00%
 209  EPI1033989|HA|B/Hawaii/38/2017|EPI_ISL_272632|B                   0.00%    passed    100.00%
 210  EPI1034056|HA|B/Michigan/27/2017|EPI_ISL_272641|B                 0.00%    passed    100.00%
 211  EPI1039982|HA|B/Hawaii/47/2017|EPI_ISL_273813|B                   0.00%    passed    100.00%
 212  EPI1040008|HA|B/New_York/28/2017|EPI_ISL_273816|B                 0.34%    passed    100.00%
 213  EPI1040112|HA|B/South_Dakota/31/2017|EPI_ISL_273829|B             0.00%    passed    100.00%
 214  EPI1040120|HA|B/Texas/76/2017|EPI_ISL_273830|B                    0.00%    passed    100.00%
 215  EPI1040144|HA|B/Virginia/17/2017|EPI_ISL_273833|B                 0.00%    passed    100.00%
 216  EPI1040208|HA|B/Virginia/25/2017|EPI_ISL_273841|B                 0.00%    passed    100.00%
 217  EPI1042200|HA|B/Florida/89/2017|EPI_ISL_274393|B                  0.34%    passed    100.00%
 218  EPI1051243|HA|B/Arizona/74/2017|EPI_ISL_276357|B                  0.00%    passed    100.00%
 219  EPI1051291|HA|B/Arizona/61/2017|EPI_ISL_276363|B                  0.00%    passed    100.00%
 220  EPI1051347|HA|B/Arizona/49/2017|EPI_ISL_276370|B                  0.00%    passed    100.00%
 221  EPI1051403|HA|B/Arizona/56/2017|EPI_ISL_276377|B                  0.00%    passed    100.00%
 222  EPI1051549|HA|B/Tennessee/35/2017|EPI_ISL_276396|B                0.00%    passed    100.00%
 223  EPI1051564|HA|B/Ohio/14/2017|EPI_ISL_276398|B                     0.00%    passed    100.00%
 224  EPI1056593|HA|B/Hawaii/53/2017|EPI_ISL_277225|B                   0.00%    passed    100.00%
 225  EPI1056912|HA|B/Florida/94/2017|EPI_ISL_277267|B                  0.34%    passed    100.00%
 226  EPI3125851|HA|B/USA/PV00276/2017|EPI_ISL_18989152|B               0.34%    passed    100.00%
 227  EPI3126405|HA|B/USA/PV00290/2017|EPI_ISL_18989220|B               0.00%    passed    100.00%
 228  EPI909229|HA|B/South_Dakota/05/2017|EPI_ISL_247695|B              0.00%    passed    100.00%
 229  EPI912611|HA|B/Massachusetts/03/2017|EPI_ISL_248271|B             0.00%    passed    100.00%
 230  EPI917862|HA|B/Missouri/01/2017|EPI_ISL_248985|B                  0.00%    passed    100.00%
 231  EPI917963|HA|B/Texas/08/2017|EPI_ISL_248998|B                     0.00%    passed    100.00%
 232  EPI924222|HA|B/Kentucky/04/2017|EPI_ISL_249878|B                  0.00%    passed    100.00%
 233  EPI924431|HA|B/Utah/06/2017|EPI_ISL_249905|B                      0.00%    passed    100.00%
 234  EPI1089741|HA|B/Hawaii/55/2017|EPI_ISL_283379|B                   0.00%    passed    100.00%
 235  EPI3177289|HA|B/USA/PV00265/2017|EPI_ISL_19029324|B               0.00%    passed    100.00%
 236  EPI1113638|HA|B/Michigan/50/2017|EPI_ISL_287033|B                 0.34%    passed    100.00%
 237  EPI1114062|HA|B/Michigan/76/2017|EPI_ISL_287130|B                 0.34%    passed    100.00%
 238  EPI1115795|HA|B/Michigan/46/2017|EPI_ISL_287373|B                 0.00%    passed    100.00%
 239  EPI955175|HA|B/Texas/24/2017|EPI_ISL_255258|B                     0.00%    passed    100.00%
 240  EPI3139339|HA|B/Michigan/UOMMH15236/2017|EPI_ISL_18999052|B       0.00%    passed    100.00%
 241  EPI1124658|HA|B/Oklahoma/15/2017|EPI_ISL_288602|B                 0.00%    passed    100.00%
 242  EPI1124943|HA|B/Indiana/24/2017|EPI_ISL_288638|B                  0.34%    passed    100.00%
 243  EPI960385|HA|B/Arizona/07/2017|EPI_ISL_256111|B                   0.00%    passed    100.00%
 244  EPI1128000|HA|B/Pennsylvania/26/2017|EPI_ISL_289241|B             0.00%    passed    100.00%
 245  EPI963719|HA|B/Florida/10/2017|EPI_ISL_256846|B                   0.00%    passed    100.00%
 246  EPI963806|HA|B/North_Carolina/03/2017|EPI_ISL_256857|B            0.00%    passed    100.00%
 247  EPI1130997|HA|B/Wisconsin/76/2017|EPI_ISL_289655|B                0.34%    passed    100.00%
 248  EPI964346|HA|B/Washington/12/2017|EPI_ISL_256932|B                0.00%    passed    100.00%
 249  EPI969626|HA|B/South_Dakota/10/2017|EPI_ISL_257767|B              0.00%    passed    100.00%
 250  EPI971017|HA|B/Michigan/20/2017|EPI_ISL_257972|B                  0.00%    passed    100.00%
 251  EPI971066|HA|B/Wisconsin/19/2017|EPI_ISL_257979|B                 0.00%    passed    100.00%
 252  EPI1137505|HA|B/California/74/2017|EPI_ISL_290794|B               0.00%    passed    100.00%
 253  EPI1138021|HA|B/Florida/97/2017|EPI_ISL_290859|B                  0.34%    passed    100.00%
 254  EPI972104|HA|B/Illinois/12/2017|EPI_ISL_258184|B                  0.00%    passed    100.00%
 255  EPI972216|HA|B/Florida/12/2017|EPI_ISL_258199|B                   0.34%    passed    100.00%
 256  EPI977903|HA|B/Michigan/34/2017|EPI_ISL_259403|B                  0.00%    passed    100.00%
 257  EPI978262|HA|B/New_York/09/2017|EPI_ISL_259452|B                  0.00%    passed    100.00%
 258  EPI984688|HA|B/Colorado/10/2017|EPI_ISL_260479|B                  0.00%    passed    100.00%
 259  EPI984913|HA|B/Utah/19/2017|EPI_ISL_260507|B                      0.00%    passed    100.00%
 260  EPI1244038|HA|B/New_Caledonia/26/2017|EPI_ISL_312540|B            0.00%    passed    100.00%
 261  EPI1132234|HA|B/Wellington/42/2017|EPI_ISL_289931|B               0.00%    passed    100.00%
 262  EPI1082841|HA|B/Perth/11/2017|EPI_ISL_282369|B                    0.00%    passed    100.00%
 263  EPI1082843|HA|B/Wellington/28/2017|EPI_ISL_282370|B               0.00%    passed    100.00%
 264  EPI1179381|HA|B/Townsville/4/2017|EPI_ISL_299618|B                0.00%    passed    100.00%
 265  EPI1183763|HA|B/Fiji/33/2017|EPI_ISL_300401|B                     0.00%    passed    100.00%
 266  EPI1152765|HA|B/Sydney/82/2017|EPI_ISL_293741|B                   0.00%    passed    100.00%
 267  EPI1152788|HA|B/Darwin/109/2017|EPI_ISL_293749|B                  0.00%    passed    100.00%
 268  EPI1107590|HA|B/New_Zealand/2197/2017|EPI_ISL_286103|B            0.00%    passed    100.00%
****  TOTAL                                                             0.07%  0 sequences failed composition chi2 test (p-value<5%; df=19)
Checking for duplicate sequences: done in 0.0119105 secs using 1511% CPU
Creating fast initial parsimony tree by random order stepwise addition...
3.738 seconds, parsimony score: 326 (based on 176 sites)
Generating 1000 samples for ultrafast bootstrap (seed: 358041)...

NOTE: 36 MB RAM (0 GB) is required!
WARNING: Number of threads seems too high for short alignments. Use -T AUTO to determine best number of threads.
Estimate model parameters (epsilon = 0.100)
1. Initial log-likelihood: -4592.772
2. Current log-likelihood: -4579.230
Optimal log-likelihood: -4579.230
Gamma shape alpha: 0.402
Parameters optimization took 2 rounds (0.223 sec)
Wrote distance file to... 
Computing ML distances based on estimated model parameters...
Calculating distance matrix: done in 0.505034 secs using 1592% CPU
Computing ML distances took 0.505368 sec (of wall-clock time) 8.038733 sec (of CPU time)
Setting up auxiliary I and S matrices: done in 0.00105717 secs using 409% CPU
Constructing RapidNJ tree: done in 0.509627 secs using 68.93% CPU
Computing RapidNJ tree took 0.510791 sec (of wall-clock time) 0.355712 sec (of CPU time)
Log-likelihood of RapidNJ tree: -4538.205
--------------------------------------------------------------------
|             INITIALIZING CANDIDATE TREE SET                      |
--------------------------------------------------------------------
Generating 98 parsimony trees... 1.057 second
Computing log-likelihood of 98 initial trees ... 3.828 seconds
Current best score: -4538.205

Do NNI search on 20 best initial trees
Optimizing NNI: done in 0.9877 secs using 1589% CPU
Estimate model parameters (epsilon = 0.100)
BETTER TREE FOUND at iteration 1: -4534.159
Optimizing NNI: done in 0.603478 secs using 1588% CPU
Optimizing NNI: done in 0.863693 secs using 1590% CPU
Optimizing NNI: done in 1.5424 secs using 1590% CPU
Optimizing NNI: done in 0.867417 secs using 1590% CPU
Optimizing NNI: done in 1.60526 secs using 1590% CPU
Optimizing NNI: done in 1.10212 secs using 1590% CPU
Optimizing NNI: done in 1.35079 secs using 1591% CPU
Optimizing NNI: done in 0.920762 secs using 1591% CPU
Optimizing NNI: done in 1.09369 secs using 1589% CPU
Iteration 10 / LogL: -4558.272 / Time: 0h:0m:23s
Optimizing NNI: done in 1.37677 secs using 1590% CPU
Optimizing NNI: done in 0.596305 secs using 1589% CPU
Optimizing NNI: done in 0.883467 secs using 1592% CPU
Optimizing NNI: done in 0.866482 secs using 1590% CPU
Optimizing NNI: done in 1.6174 secs using 1590% CPU
Optimizing NNI: done in 1.46106 secs using 1591% CPU
Optimizing NNI: done in 1.09899 secs using 1590% CPU
Optimizing NNI: done in 1.35372 secs using 1590% CPU
Optimizing NNI: done in 0.609184 secs using 1589% CPU
Optimizing NNI: done in 0.877304 secs using 1589% CPU
Iteration 20 / LogL: -4561.907 / Time: 0h:0m:33s
Finish initializing candidate tree set (20)
Current best tree score: -4534.159 / CPU time: 26.827
Number of iterations: 20
--------------------------------------------------------------------
|               OPTIMIZING CANDIDATE TREE SET                      |
--------------------------------------------------------------------
Optimizing NNI: done in 0.851619 secs using 1589% CPU
Optimizing NNI: done in 1.53439 secs using 1589% CPU
Optimizing NNI: done in 1.93293 secs using 1591% CPU
Optimizing NNI: done in 1.39803 secs using 1591% CPU
Optimizing NNI: done in 1.3165 secs using 1590% CPU
Optimizing NNI: done in 1.41646 secs using 1590% CPU
Optimizing NNI: done in 1.30527 secs using 1591% CPU
Optimizing NNI: done in 1.5685 secs using 1591% CPU
Optimizing NNI: done in 1.82055 secs using 1590% CPU
Optimizing NNI: done in 1.23519 secs using 1590% CPU
Iteration 30 / LogL: -4542.800 / Time: 0h:0m:48s (0h:1m:49s left)
Optimizing NNI: done in 1.28692 secs using 1590% CPU
Optimizing NNI: done in 1.43879 secs using 1589% CPU
Optimizing NNI: done in 1.41853 secs using 1589% CPU
Optimizing NNI: done in 1.56031 secs using 1590% CPU
Optimizing NNI: done in 1.83255 secs using 1591% CPU
Optimizing NNI: done in 1.34688 secs using 1591% CPU
Optimizing NNI: done in 1.65766 secs using 1592% CPU
Estimate model parameters (epsilon = 0.100)
BETTER TREE FOUND at iteration 37: -4531.620
Optimizing NNI: done in 1.46521 secs using 1590% CPU
Optimizing NNI: done in 1.59106 secs using 1590% CPU
Optimizing NNI: done in 1.18129 secs using 1591% CPU
Iteration 40 / LogL: -4552.558 / Time: 0h:1m:3s (0h:2m:28s left)
Optimizing NNI: done in 1.53761 secs using 1590% CPU
Optimizing NNI: done in 1.37403 secs using 1590% CPU
Optimizing NNI: done in 1.48801 secs using 1589% CPU
Optimizing NNI: done in 1.45957 secs using 1591% CPU
Optimizing NNI: done in 1.85456 secs using 1590% CPU
Optimizing NNI: done in 1.73665 secs using 1590% CPU
Optimizing NNI: done in 1.26351 secs using 1591% CPU
Optimizing NNI: done in 1.38175 secs using 1591% CPU
Optimizing NNI: done in 1.39612 secs using 1590% CPU
Optimizing NNI: done in 1.0299 secs using 1591% CPU
Iteration 50 / LogL: -4531.622 / Time: 0h:1m:18s (0h:2m:11s left)
Log-likelihood cutoff on original alignment: -4581.969
Optimizing NNI: done in 1.18792 secs using 1590% CPU
Optimizing NNI: done in 1.35973 secs using 1591% CPU
Optimizing NNI: done in 1.39155 secs using 1591% CPU
Optimizing NNI: done in 1.83712 secs using 1590% CPU
Optimizing NNI: done in 1.93316 secs using 1590% CPU
Optimizing NNI: done in 1.55807 secs using 1590% CPU
Optimizing NNI: done in 1.42994 secs using 1591% CPU
Optimizing NNI: done in 1.45855 secs using 1591% CPU
Optimizing NNI: done in 1.53277 secs using 1589% CPU
Optimizing NNI: done in 1.51031 secs using 1590% CPU
Iteration 60 / LogL: -4533.777 / Time: 0h:1m:34s (0h:1m:58s left)
Optimizing NNI: done in 1.08166 secs using 1590% CPU
Optimizing NNI: done in 1.65032 secs using 1590% CPU
Optimizing NNI: done in 1.48554 secs using 1590% CPU
Optimizing NNI: done in 1.27854 secs using 1589% CPU
Optimizing NNI: done in 1.28085 secs using 1591% CPU
Optimizing NNI: done in 1.52583 secs using 1591% CPU
Optimizing NNI: done in 1.19774 secs using 1589% CPU
Optimizing NNI: done in 1.19679 secs using 1590% CPU
Optimizing NNI: done in 1.31903 secs using 1589% CPU
Optimizing NNI: done in 1.40073 secs using 1591% CPU
Iteration 70 / LogL: -4536.490 / Time: 0h:1m:48s (0h:1m:41s left)
Optimizing NNI: done in 1.82072 secs using 1590% CPU
Optimizing NNI: done in 1.77459 secs using 1590% CPU
Optimizing NNI: done in 1.68107 secs using 1588% CPU
Optimizing NNI: done in 2.01269 secs using 1585% CPU
Optimizing NNI: done in 1.36506 secs using 1590% CPU
Optimizing NNI: done in 1.29991 secs using 1590% CPU
Optimizing NNI: done in 1.27126 secs using 1590% CPU
Optimizing NNI: done in 1.0411 secs using 1592% CPU
Optimizing NNI: done in 1.91716 secs using 1590% CPU
Optimizing NNI: done in 1.06855 secs using 1591% CPU
Iteration 80 / LogL: -4541.979 / Time: 0h:2m:4s (0h:1m:26s left)
Optimizing NNI: done in 1.58377 secs using 1591% CPU
Optimizing NNI: done in 1.47017 secs using 1590% CPU
Optimizing NNI: done in 1.81891 secs using 1590% CPU
Optimizing NNI: done in 1.35678 secs using 1591% CPU
Optimizing NNI: done in 1.47727 secs using 1590% CPU
Optimizing NNI: done in 1.95009 secs using 1591% CPU
Optimizing NNI: done in 1.3431 secs using 1591% CPU
Optimizing NNI: done in 1.29693 secs using 1591% CPU
Optimizing NNI: done in 1.23232 secs using 1590% CPU
Optimizing NNI: done in 1.33505 secs using 1591% CPU
Iteration 90 / LogL: -4534.087 / Time: 0h:2m:19s (0h:1m:11s left)
Optimizing NNI: done in 1.3171 secs using 1591% CPU
Optimizing NNI: done in 1.07568 secs using 1591% CPU
Optimizing NNI: done in 1.10112 secs using 1591% CPU
Optimizing NNI: done in 1.56854 secs using 1590% CPU
Optimizing NNI: done in 1.57358 secs using 1590% CPU
Optimizing NNI: done in 1.5555 secs using 1592% CPU
Optimizing NNI: done in 1.24977 secs using 1591% CPU
Optimizing NNI: done in 1.44232 secs using 1590% CPU
BETTER TREE FOUND at iteration 98: -4531.620
Optimizing NNI: done in 1.65505 secs using 1590% CPU
Optimizing NNI: done in 1.66934 secs using 1590% CPU
Iteration 100 / LogL: -4543.795 / Time: 0h:2m:34s (0h:2m:28s left)
Log-likelihood cutoff on original alignment: -4581.969
NOTE: Bootstrap correlation coefficient of split occurrence frequencies: 0.990
Optimizing NNI: done in 1.32186 secs using 1590% CPU
Optimizing NNI: done in 1.47353 secs using 1590% CPU
Optimizing NNI: done in 1.48472 secs using 1591% CPU
Optimizing NNI: done in 1.87761 secs using 1591% CPU
Optimizing NNI: done in 1.61606 secs using 1591% CPU
Optimizing NNI: done in 1.182 secs using 1591% CPU
Optimizing NNI: done in 1.27092 secs using 1590% CPU
Optimizing NNI: done in 1.56977 secs using 1590% CPU
Optimizing NNI: done in 1.09477 secs using 1591% CPU
BETTER TREE FOUND at iteration 109: -4531.614
Optimizing NNI: done in 1.82138 secs using 1590% CPU
Estimate model parameters (epsilon = 0.100)
BETTER TREE FOUND at iteration 110: -4531.322
Iteration 110 / LogL: -4531.322 / Time: 0h:2m:50s (0h:2m:32s left)
Optimizing NNI: done in 1.73469 secs using 1590% CPU
Optimizing NNI: done in 1.72337 secs using 1591% CPU
Optimizing NNI: done in 1.09387 secs using 1591% CPU
Optimizing NNI: done in 1.43174 secs using 1589% CPU
Optimizing NNI: done in 1.49055 secs using 1591% CPU
Optimizing NNI: done in 1.86592 secs using 1590% CPU
Optimizing NNI: done in 2.06767 secs using 1590% CPU
Optimizing NNI: done in 1.3155 secs using 1590% CPU
Optimizing NNI: done in 1.4466 secs using 1591% CPU
Optimizing NNI: done in 1.79825 secs using 1591% CPU
Estimate model parameters (epsilon = 0.100)
BETTER TREE FOUND at iteration 120: -4531.289
Iteration 120 / LogL: -4531.289 / Time: 0h:3m:7s (0h:2m:34s left)
Optimizing NNI: done in 1.44404 secs using 1590% CPU
Optimizing NNI: done in 1.30484 secs using 1591% CPU
Optimizing NNI: done in 1.6454 secs using 1590% CPU
Optimizing NNI: done in 1.74052 secs using 1591% CPU
Optimizing NNI: done in 1.59155 secs using 1591% CPU
Optimizing NNI: done in 1.06411 secs using 1589% CPU
Optimizing NNI: done in 1.26676 secs using 1591% CPU
Estimate model parameters (epsilon = 0.100)
BETTER TREE FOUND at iteration 127: -4531.197
Optimizing NNI: done in 1.18026 secs using 1590% CPU
Optimizing NNI: done in 1.33664 secs using 1590% CPU
Optimizing NNI: done in 1.62747 secs using 1590% CPU
Estimate model parameters (epsilon = 0.100)
BETTER TREE FOUND at iteration 130: -4530.958
Iteration 130 / LogL: -4530.958 / Time: 0h:3m:22s (0h:2m:34s left)
Optimizing NNI: done in 1.58559 secs using 1590% CPU
Optimizing NNI: done in 1.51016 secs using 1591% CPU
Optimizing NNI: done in 1.35234 secs using 1591% CPU
Optimizing NNI: done in 1.63159 secs using 1590% CPU
Optimizing NNI: done in 1.82211 secs using 1590% CPU
Optimizing NNI: done in 1.56229 secs using 1591% CPU
Optimizing NNI: done in 1.15248 secs using 1590% CPU
Optimizing NNI: done in 1.07813 secs using 1589% CPU
Optimizing NNI: done in 0.630227 secs using 1587% CPU
Optimizing NNI: done in 1.74275 secs using 1588% CPU
Iteration 140 / LogL: -4539.754 / Time: 0h:3m:37s (0h:2m:18s left)
Optimizing NNI: done in 1.27006 secs using 1590% CPU
Optimizing NNI: done in 1.70215 secs using 1591% CPU
Optimizing NNI: done in 1.23245 secs using 1591% CPU
Optimizing NNI: done in 1.3192 secs using 1590% CPU
Optimizing NNI: done in 1.19725 secs using 1591% CPU
Optimizing NNI: done in 1.77799 secs using 1590% CPU
Optimizing NNI: done in 1.75219 secs using 1591% CPU
Optimizing NNI: done in 1.21283 secs using 1591% CPU
Optimizing NNI: done in 2.15232 secs using 1591% CPU
Optimizing NNI: done in 1.45884 secs using 1590% CPU
Iteration 150 / LogL: -4533.892 / Time: 0h:3m:53s (0h:2m:3s left)
Log-likelihood cutoff on original alignment: -4581.969
Optimizing NNI: done in 0.94251 secs using 1589% CPU
Optimizing NNI: done in 1.55097 secs using 1591% CPU
Optimizing NNI: done in 1.4941 secs using 1590% CPU
Optimizing NNI: done in 1.26043 secs using 1590% CPU
Optimizing NNI: done in 1.40624 secs using 1591% CPU
Optimizing NNI: done in 1.41929 secs using 1590% CPU
Optimizing NNI: done in 1.51965 secs using 1591% CPU
Optimizing NNI: done in 1.50069 secs using 1589% CPU
Optimizing NNI: done in 1.47414 secs using 1591% CPU
Optimizing NNI: done in 1.32684 secs using 1590% CPU
Iteration 160 / LogL: -4532.416 / Time: 0h:4m:9s (0h:1m:48s left)
Optimizing NNI: done in 1.5642 secs using 1591% CPU
Optimizing NNI: done in 1.04029 secs using 1591% CPU
Optimizing NNI: done in 1.67078 secs using 1591% CPU
Optimizing NNI: done in 1.28263 secs using 1592% CPU
Optimizing NNI: done in 1.40901 secs using 1591% CPU
Optimizing NNI: done in 1.42447 secs using 1590% CPU
Estimate model parameters (epsilon = 0.100)
BETTER TREE FOUND at iteration 166: -4530.729
Optimizing NNI: done in 1.24241 secs using 1590% CPU
Optimizing NNI: done in 1.51332 secs using 1591% CPU
Optimizing NNI: done in 1.75119 secs using 1591% CPU
Optimizing NNI: done in 1.53286 secs using 1590% CPU
Iteration 170 / LogL: -4531.031 / Time: 0h:4m:24s (0h:2m:28s left)
Optimizing NNI: done in 1.15123 secs using 1591% CPU
Optimizing NNI: done in 1.42591 secs using 1590% CPU
Optimizing NNI: done in 1.27822 secs using 1591% CPU
Optimizing NNI: done in 1.37289 secs using 1590% CPU
Optimizing NNI: done in 1.38112 secs using 1591% CPU
Optimizing NNI: done in 1.62138 secs using 1591% CPU
Optimizing NNI: done in 1.4883 secs using 1590% CPU
Optimizing NNI: done in 1.31852 secs using 1591% CPU
Optimizing NNI: done in 1.38575 secs using 1591% CPU
Optimizing NNI: done in 2.24914 secs using 1591% CPU
Iteration 180 / LogL: -4539.045 / Time: 0h:4m:40s (0h:2m:13s left)
Optimizing NNI: done in 1.33673 secs using 1590% CPU
Optimizing NNI: done in 1.50222 secs using 1590% CPU
Optimizing NNI: done in 1.43899 secs using 1591% CPU
BETTER TREE FOUND at iteration 183: -4530.727
Optimizing NNI: done in 1.87546 secs using 1590% CPU
Optimizing NNI: done in 1.67521 secs using 1590% CPU
Optimizing NNI: done in 1.24168 secs using 1590% CPU
Optimizing NNI: done in 1.67112 secs using 1590% CPU
Optimizing NNI: done in 1.25562 secs using 1592% CPU
Optimizing NNI: done in 1.60477 secs using 1590% CPU
Optimizing NNI: done in 1.88462 secs using 1591% CPU
BETTER TREE FOUND at iteration 190: -4530.727
Iteration 190 / LogL: -4530.727 / Time: 0h:4m:57s (0h:2m:35s left)
Optimizing NNI: done in 1.41323 secs using 1591% CPU
BETTER TREE FOUND at iteration 191: -4530.725
Optimizing NNI: done in 1.37873 secs using 1590% CPU
Optimizing NNI: done in 1.47614 secs using 1590% CPU
Optimizing NNI: done in 1.48724 secs using 1589% CPU
Estimate model parameters (epsilon = 0.100)
BETTER TREE FOUND at iteration 194: -4530.637
Optimizing NNI: done in 1.48872 secs using 1590% CPU
Optimizing NNI: done in 1.5321 secs using 1590% CPU
Optimizing NNI: done in 1.68913 secs using 1589% CPU
Optimizing NNI: done in 1.0816 secs using 1591% CPU
Optimizing NNI: done in 1.72943 secs using 1591% CPU
Estimate model parameters (epsilon = 0.100)
BETTER TREE FOUND at iteration 199: -4530.617
Optimizing NNI: done in 1.52039 secs using 1591% CPU
Iteration 200 / LogL: -4542.179 / Time: 0h:5m:13s (0h:2m:34s left)
Log-likelihood cutoff on original alignment: -4581.969
NOTE: Bootstrap correlation coefficient of split occurrence frequencies: 0.986
NOTE: UFBoot does not converge, continue at least 100 more iterations
Optimizing NNI: done in 1.53552 secs using 1590% CPU
Optimizing NNI: done in 1.54753 secs using 1590% CPU
Optimizing NNI: done in 1.75778 secs using 1590% CPU
Optimizing NNI: done in 1.46239 secs using 1590% CPU
Optimizing NNI: done in 1.7197 secs using 1591% CPU
Optimizing NNI: done in 2.05534 secs using 1591% CPU
Estimate model parameters (epsilon = 0.100)
BETTER TREE FOUND at iteration 206: -4530.176
Optimizing NNI: done in 1.44928 secs using 1590% CPU
Optimizing NNI: done in 1.29317 secs using 1589% CPU
Optimizing NNI: done in 1.88266 secs using 1590% CPU
Optimizing NNI: done in 1.41275 secs using 1589% CPU
Iteration 210 / LogL: -4530.727 / Time: 0h:5m:32s (0h:2m:30s left)
Optimizing NNI: done in 1.74889 secs using 1590% CPU
Optimizing NNI: done in 1.70677 secs using 1590% CPU
Optimizing NNI: done in 1.24749 secs using 1589% CPU
Optimizing NNI: done in 1.57747 secs using 1591% CPU
Optimizing NNI: done in 1.26408 secs using 1591% CPU
Optimizing NNI: done in 1.43334 secs using 1590% CPU
Optimizing NNI: done in 1.44331 secs using 1590% CPU
Optimizing NNI: done in 1.21866 secs using 1589% CPU
Optimizing NNI: done in 1.47658 secs using 1590% CPU
Optimizing NNI: done in 1.59116 secs using 1591% CPU
Iteration 220 / LogL: -4530.626 / Time: 0h:5m:48s (0h:2m:15s left)
Optimizing NNI: done in 1.36347 secs using 1591% CPU
Optimizing NNI: done in 1.74762 secs using 1590% CPU
Optimizing NNI: done in 1.28366 secs using 1591% CPU
Optimizing NNI: done in 0.5945 secs using 1589% CPU
Optimizing NNI: done in 1.69792 secs using 1590% CPU
Optimizing NNI: done in 1.64915 secs using 1590% CPU
Optimizing NNI: done in 1.55531 secs using 1590% CPU
Optimizing NNI: done in 1.2835 secs using 1591% CPU
Optimizing NNI: done in 1.38771 secs using 1590% CPU
Optimizing NNI: done in 1.4597 secs using 1591% CPU
Iteration 230 / LogL: -4546.933 / Time: 0h:6m:4s (0h:1m:59s left)
Optimizing NNI: done in 1.7879 secs using 1590% CPU
Optimizing NNI: done in 1.49515 secs using 1591% CPU
Optimizing NNI: done in 1.37789 secs using 1590% CPU
Optimizing NNI: done in 1.27209 secs using 1590% CPU
Optimizing NNI: done in 1.85948 secs using 1591% CPU
Optimizing NNI: done in 1.62715 secs using 1590% CPU
Optimizing NNI: done in 1.44686 secs using 1590% CPU
Optimizing NNI: done in 1.95897 secs using 1590% CPU
Optimizing NNI: done in 1.38532 secs using 1590% CPU
Optimizing NNI: done in 1.61159 secs using 1590% CPU
Iteration 240 / LogL: -4545.412 / Time: 0h:6m:22s (0h:1m:44s left)
Optimizing NNI: done in 1.24305 secs using 1590% CPU
Optimizing NNI: done in 1.56069 secs using 1589% CPU
Optimizing NNI: done in 1.32318 secs using 1590% CPU
Optimizing NNI: done in 1.57636 secs using 1591% CPU
Optimizing NNI: done in 1.68482 secs using 1591% CPU
Optimizing NNI: done in 1.62899 secs using 1590% CPU
Optimizing NNI: done in 1.81892 secs using 1590% CPU
Optimizing NNI: done in 1.13322 secs using 1590% CPU
Optimizing NNI: done in 1.43032 secs using 1590% CPU
Optimizing NNI: done in 1.55791 secs using 1591% CPU
Iteration 250 / LogL: -4531.692 / Time: 0h:6m:38s (0h:1m:28s left)
Log-likelihood cutoff on original alignment: -4581.969
Optimizing NNI: done in 1.78816 secs using 1591% CPU
Optimizing NNI: done in 1.34167 secs using 1591% CPU
Optimizing NNI: done in 1.36679 secs using 1591% CPU
Optimizing NNI: done in 1.775 secs using 1590% CPU
Optimizing NNI: done in 1.22895 secs using 1589% CPU
Optimizing NNI: done in 1.31642 secs using 1590% CPU
Optimizing NNI: done in 1.35057 secs using 1592% CPU
Optimizing NNI: done in 1.48127 secs using 1590% CPU
Optimizing NNI: done in 1.51306 secs using 1590% CPU
Optimizing NNI: done in 1.06943 secs using 1590% CPU
Iteration 260 / LogL: -4531.872 / Time: 0h:6m:55s (0h:1m:13s left)
Optimizing NNI: done in 1.64497 secs using 1591% CPU
Optimizing NNI: done in 1.46395 secs using 1590% CPU
Optimizing NNI: done in 1.53078 secs using 1590% CPU
Optimizing NNI: done in 1.66109 secs using 1590% CPU
Optimizing NNI: done in 1.54269 secs using 1590% CPU
Optimizing NNI: done in 1.57041 secs using 1591% CPU
Optimizing NNI: done in 1.30908 secs using 1591% CPU
Optimizing NNI: done in 1.46382 secs using 1591% CPU
Optimizing NNI: done in 1.46177 secs using 1590% CPU
Optimizing NNI: done in 1.99071 secs using 1590% CPU
Iteration 270 / LogL: -4536.254 / Time: 0h:7m:13s (0h:0m:57s left)
Optimizing NNI: done in 1.35668 secs using 1591% CPU
Optimizing NNI: done in 1.46884 secs using 1590% CPU
Optimizing NNI: done in 1.19794 secs using 1591% CPU
Optimizing NNI: done in 1.63934 secs using 1590% CPU
Optimizing NNI: done in 1.48674 secs using 1591% CPU
Optimizing NNI: done in 1.27888 secs using 1591% CPU
Optimizing NNI: done in 1.30032 secs using 1590% CPU
Optimizing NNI: done in 1.74046 secs using 1591% CPU
Optimizing NNI: done in 1.49543 secs using 1590% CPU
Optimizing NNI: done in 1.36113 secs using 1591% CPU
Iteration 280 / LogL: -4536.567 / Time: 0h:7m:29s (0h:0m:41s left)
Optimizing NNI: done in 1.77126 secs using 1589% CPU
Optimizing NNI: done in 2.04312 secs using 1591% CPU
Optimizing NNI: done in 1.5563 secs using 1590% CPU
Optimizing NNI: done in 1.68095 secs using 1591% CPU
Optimizing NNI: done in 1.63461 secs using 1591% CPU
Optimizing NNI: done in 1.40295 secs using 1590% CPU
Optimizing NNI: done in 1.49247 secs using 1588% CPU
Optimizing NNI: done in 1.52552 secs using 1591% CPU
Optimizing NNI: done in 1.77837 secs using 1590% CPU
Optimizing NNI: done in 1.52933 secs using 1590% CPU
Iteration 290 / LogL: -4530.235 / Time: 0h:7m:48s (0h:0m:25s left)
Optimizing NNI: done in 1.67745 secs using 1590% CPU
Optimizing NNI: done in 1.62763 secs using 1590% CPU
Optimizing NNI: done in 1.08706 secs using 1590% CPU
Optimizing NNI: done in 1.76397 secs using 1590% CPU
Estimate model parameters (epsilon = 0.100)
BETTER TREE FOUND at iteration 294: -4530.070
Optimizing NNI: done in 2.22931 secs using 1590% CPU
Estimate model parameters (epsilon = 0.100)
BETTER TREE FOUND at iteration 295: -4529.938
Optimizing NNI: done in 1.37642 secs using 1589% CPU
Optimizing NNI: done in 1.20204 secs using 1591% CPU
Optimizing NNI: done in 2.22561 secs using 1590% CPU
Optimizing NNI: done in 2.07154 secs using 1589% CPU
Optimizing NNI: done in 1.91999 secs using 1589% CPU
Iteration 300 / LogL: -4530.067 / Time: 0h:8m:7s (0h:2m:33s left)
Log-likelihood cutoff on original alignment: -4581.969
NOTE: Bootstrap correlation coefficient of split occurrence frequencies: 0.986
NOTE: UFBoot does not converge, continue at least 100 more iterations
Optimizing NNI: done in 1.35692 secs using 1590% CPU
Optimizing NNI: done in 1.51461 secs using 1590% CPU
Optimizing NNI: done in 1.04343 secs using 1589% CPU
Optimizing NNI: done in 1.317 secs using 1591% CPU
Optimizing NNI: done in 1.23326 secs using 1590% CPU
Optimizing NNI: done in 1.67642 secs using 1590% CPU
Optimizing NNI: done in 1.33387 secs using 1590% CPU
Optimizing NNI: done in 1.38617 secs using 1589% CPU
Optimizing NNI: done in 1.24058 secs using 1591% CPU
Optimizing NNI: done in 1.46164 secs using 1590% CPU
Iteration 310 / LogL: -4542.943 / Time: 0h:8m:24s (0h:2m:25s left)
Optimizing NNI: done in 1.29122 secs using 1589% CPU
Optimizing NNI: done in 1.3169 secs using 1591% CPU
Optimizing NNI: done in 1.5056 secs using 1591% CPU
Optimizing NNI: done in 1.48356 secs using 1591% CPU
Optimizing NNI: done in 1.50074 secs using 1591% CPU
Optimizing NNI: done in 1.28934 secs using 1589% CPU
Optimizing NNI: done in 1.34045 secs using 1591% CPU
Optimizing NNI: done in 1.25145 secs using 1591% CPU
Optimizing NNI: done in 1.56296 secs using 1590% CPU
Optimizing NNI: done in 1.78213 secs using 1591% CPU
Iteration 320 / LogL: -4534.963 / Time: 0h:8m:41s (0h:2m:9s left)
Optimizing NNI: done in 1.50844 secs using 1589% CPU
Optimizing NNI: done in 1.30685 secs using 1591% CPU
Optimizing NNI: done in 1.52332 secs using 1590% CPU
Optimizing NNI: done in 1.28665 secs using 1589% CPU
Optimizing NNI: done in 1.17817 secs using 1590% CPU
Optimizing NNI: done in 1.33422 secs using 1588% CPU
Optimizing NNI: done in 1.83036 secs using 1589% CPU
Optimizing NNI: done in 1.18554 secs using 1592% CPU
Optimizing NNI: done in 1.89231 secs using 1590% CPU
BETTER TREE FOUND at iteration 329: -4529.936
Optimizing NNI: done in 1.43381 secs using 1590% CPU
Iteration 330 / LogL: -4530.942 / Time: 0h:8m:58s (0h:2m:41s left)
Optimizing NNI: done in 1.33719 secs using 1591% CPU
Optimizing NNI: done in 1.11192 secs using 1590% CPU
Optimizing NNI: done in 1.51681 secs using 1590% CPU
Optimizing NNI: done in 1.1011 secs using 1590% CPU
Optimizing NNI: done in 1.58051 secs using 1591% CPU
Optimizing NNI: done in 1.50255 secs using 1590% CPU
Optimizing NNI: done in 1.69542 secs using 1589% CPU
Optimizing NNI: done in 1.51648 secs using 1588% CPU
Optimizing NNI: done in 1.31724 secs using 1588% CPU
BETTER TREE FOUND at iteration 339: -4529.935
Optimizing NNI: done in 1.03714 secs using 1588% CPU
Iteration 340 / LogL: -4544.720 / Time: 0h:9m:15s (0h:2m:41s left)
Optimizing NNI: done in 1.93409 secs using 1591% CPU
Optimizing NNI: done in 1.63445 secs using 1591% CPU
Optimizing NNI: done in 1.38045 secs using 1591% CPU
Optimizing NNI: done in 1.64655 secs using 1590% CPU
Optimizing NNI: done in 1.56963 secs using 1590% CPU
Optimizing NNI: done in 1.90259 secs using 1590% CPU
Optimizing NNI: done in 1.7342 secs using 1589% CPU
Optimizing NNI: done in 1.32761 secs using 1589% CPU
Optimizing NNI: done in 1.51373 secs using 1590% CPU
Optimizing NNI: done in 1.53642 secs using 1590% CPU
Iteration 350 / LogL: -4529.938 / Time: 0h:9m:34s (0h:2m:25s left)
Log-likelihood cutoff on original alignment: -4581.969
Optimizing NNI: done in 1.71015 secs using 1590% CPU
Optimizing NNI: done in 1.34347 secs using 1589% CPU
Optimizing NNI: done in 1.30109 secs using 1589% CPU
Optimizing NNI: done in 1.58525 secs using 1589% CPU
Optimizing NNI: done in 1.62859 secs using 1590% CPU
Optimizing NNI: done in 1.56008 secs using 1590% CPU
Optimizing NNI: done in 1.60395 secs using 1590% CPU
Optimizing NNI: done in 1.21058 secs using 1591% CPU
Optimizing NNI: done in 1.29545 secs using 1590% CPU
Optimizing NNI: done in 1.11749 secs using 1589% CPU
Iteration 360 / LogL: -4535.137 / Time: 0h:9m:52s (0h:2m:9s left)
Optimizing NNI: done in 1.22283 secs using 1590% CPU
Optimizing NNI: done in 1.90498 secs using 1591% CPU
Optimizing NNI: done in 1.17248 secs using 1591% CPU
Optimizing NNI: done in 1.29755 secs using 1589% CPU
Optimizing NNI: done in 1.9614 secs using 1591% CPU
Optimizing NNI: done in 1.52268 secs using 1590% CPU
Optimizing NNI: done in 1.35573 secs using 1590% CPU
Optimizing NNI: done in 1.6648 secs using 1590% CPU
Optimizing NNI: done in 1.50338 secs using 1590% CPU
Optimizing NNI: done in 1.31361 secs using 1590% CPU
Iteration 370 / LogL: -4530.929 / Time: 0h:10m:10s (0h:1m:53s left)
Optimizing NNI: done in 1.4359 secs using 1590% CPU
Optimizing NNI: done in 1.2774 secs using 1590% CPU
Optimizing NNI: done in 1.37879 secs using 1585% CPU
Optimizing NNI: done in 1.47978 secs using 1585% CPU
Optimizing NNI: done in 1.39808 secs using 1590% CPU
Optimizing NNI: done in 1.53876 secs using 1591% CPU
Optimizing NNI: done in 1.30628 secs using 1591% CPU
Optimizing NNI: done in 1.56392 secs using 1591% CPU
Optimizing NNI: done in 1.54457 secs using 1590% CPU
Optimizing NNI: done in 1.56689 secs using 1590% CPU
Iteration 380 / LogL: -4536.385 / Time: 0h:10m:28s (0h:1m:37s left)
Optimizing NNI: done in 1.41856 secs using 1590% CPU
Optimizing NNI: done in 1.39823 secs using 1590% CPU
Optimizing NNI: done in 1.30039 secs using 1591% CPU
Optimizing NNI: done in 1.74126 secs using 1581% CPU
Optimizing NNI: done in 1.38524 secs using 1576% CPU
Optimizing NNI: done in 1.57691 secs using 1574% CPU
Optimizing NNI: done in 1.57932 secs using 1589% CPU
Optimizing NNI: done in 1.36575 secs using 1593% CPU
Optimizing NNI: done in 2.23239 secs using 1592% CPU
Optimizing NNI: done in 1.26398 secs using 1590% CPU
Iteration 390 / LogL: -4547.112 / Time: 0h:10m:46s (0h:1m:20s left)
Optimizing NNI: done in 1.66329 secs using 1589% CPU
Optimizing NNI: done in 1.61369 secs using 1591% CPU
Optimizing NNI: done in 2.03587 secs using 1588% CPU
Optimizing NNI: done in 1.38555 secs using 1590% CPU
Optimizing NNI: done in 1.36411 secs using 1589% CPU
Optimizing NNI: done in 1.31443 secs using 1590% CPU
Estimate model parameters (epsilon = 0.100)
BETTER TREE FOUND at iteration 396: -4529.479
Optimizing NNI: done in 1.60875 secs using 1590% CPU
Optimizing NNI: done in 1.74038 secs using 1590% CPU
Optimizing NNI: done in 1.65035 secs using 1590% CPU
Optimizing NNI: done in 0.643449 secs using 1589% CPU
Iteration 400 / LogL: -4570.959 / Time: 0h:11m:4s (0h:2m:38s left)
Log-likelihood cutoff on original alignment: -4581.969
NOTE: Bootstrap correlation coefficient of split occurrence frequencies: 0.982
NOTE: UFBoot does not converge, continue at least 100 more iterations
Optimizing NNI: done in 1.55427 secs using 1589% CPU
Optimizing NNI: done in 1.54326 secs using 1590% CPU
Optimizing NNI: done in 1.78103 secs using 1590% CPU
Optimizing NNI: done in 1.33239 secs using 1590% CPU
Optimizing NNI: done in 2.03383 secs using 1590% CPU
Optimizing NNI: done in 1.51037 secs using 1589% CPU
Optimizing NNI: done in 1.77692 secs using 1590% CPU
Optimizing NNI: done in 1.41967 secs using 1590% CPU
Optimizing NNI: done in 1.38131 secs using 1589% CPU
Optimizing NNI: done in 1.14261 secs using 1587% CPU
Iteration 410 / LogL: -4530.202 / Time: 0h:11m:24s (0h:2m:29s left)
Optimizing NNI: done in 1.94584 secs using 1589% CPU
Optimizing NNI: done in 1.37928 secs using 1590% CPU
Optimizing NNI: done in 1.40488 secs using 1591% CPU
Optimizing NNI: done in 1.41942 secs using 1590% CPU
Optimizing NNI: done in 1.76443 secs using 1591% CPU
Optimizing NNI: done in 1.97334 secs using 1590% CPU
Optimizing NNI: done in 1.46343 secs using 1591% CPU
Optimizing NNI: done in 1.63229 secs using 1589% CPU
Optimizing NNI: done in 1.3714 secs using 1588% CPU
Optimizing NNI: done in 1.05051 secs using 1588% CPU
Iteration 420 / LogL: -4543.409 / Time: 0h:11m:43s (0h:2m:13s left)
Optimizing NNI: done in 1.45437 secs using 1589% CPU
Optimizing NNI: done in 1.92253 secs using 1590% CPU
Optimizing NNI: done in 1.24889 secs using 1591% CPU
Optimizing NNI: done in 1.73393 secs using 1589% CPU
Optimizing NNI: done in 1.14647 secs using 1588% CPU
Optimizing NNI: done in 1.39612 secs using 1590% CPU
Optimizing NNI: done in 1.51587 secs using 1590% CPU
Optimizing NNI: done in 1.59078 secs using 1591% CPU
Optimizing NNI: done in 1.38586 secs using 1590% CPU
Optimizing NNI: done in 1.08826 secs using 1591% CPU
Iteration 430 / LogL: -4531.866 / Time: 0h:12m:1s (0h:1m:57s left)
Optimizing NNI: done in 1.31149 secs using 1591% CPU
Optimizing NNI: done in 1.53432 secs using 1590% CPU
Optimizing NNI: done in 1.78092 secs using 1590% CPU
Optimizing NNI: done in 1.44086 secs using 1589% CPU
Optimizing NNI: done in 1.27639 secs using 1590% CPU
Optimizing NNI: done in 1.85689 secs using 1590% CPU
Optimizing NNI: done in 1.05597 secs using 1589% CPU
Optimizing NNI: done in 1.72908 secs using 1584% CPU
Optimizing NNI: done in 1.44259 secs using 1587% CPU
Optimizing NNI: done in 1.50383 secs using 1590% CPU
Iteration 440 / LogL: -4529.648 / Time: 0h:12m:20s (0h:1m:40s left)
Optimizing NNI: done in 1.02369 secs using 1591% CPU
Optimizing NNI: done in 1.22061 secs using 1590% CPU
Optimizing NNI: done in 1.41759 secs using 1591% CPU
Optimizing NNI: done in 1.55099 secs using 1591% CPU
Optimizing NNI: done in 1.8488 secs using 1590% CPU
Optimizing NNI: done in 1.5503 secs using 1591% CPU
Optimizing NNI: done in 1.12792 secs using 1591% CPU
Optimizing NNI: done in 1.28363 secs using 1589% CPU
Optimizing NNI: done in 1.56373 secs using 1590% CPU
Optimizing NNI: done in 2.00835 secs using 1590% CPU
Iteration 450 / LogL: -4535.284 / Time: 0h:12m:38s (0h:1m:24s left)
Log-likelihood cutoff on original alignment: -4581.969
Optimizing NNI: done in 1.83557 secs using 1591% CPU
Optimizing NNI: done in 1.26639 secs using 1589% CPU
Optimizing NNI: done in 1.21523 secs using 1588% CPU
Optimizing NNI: done in 1.40375 secs using 1591% CPU
Optimizing NNI: done in 1.82742 secs using 1591% CPU
Optimizing NNI: done in 2.00974 secs using 1590% CPU
Optimizing NNI: done in 1.94857 secs using 1590% CPU
Optimizing NNI: done in 1.3637 secs using 1590% CPU
BETTER TREE FOUND at iteration 458: -4529.479
Optimizing NNI: done in 1.2267 secs using 1590% CPU
Optimizing NNI: done in 1.10922 secs using 1590% CPU
Iteration 460 / LogL: -4533.400 / Time: 0h:12m:58s (0h:2m:45s left)
Optimizing NNI: done in 1.54813 secs using 1590% CPU
Optimizing NNI: done in 1.86936 secs using 1590% CPU
Optimizing NNI: done in 1.3021 secs using 1589% CPU
Optimizing NNI: done in 1.22582 secs using 1590% CPU
Optimizing NNI: done in 1.39738 secs using 1591% CPU
Optimizing NNI: done in 1.56624 secs using 1591% CPU
Optimizing NNI: done in 1.08091 secs using 1590% CPU
Optimizing NNI: done in 1.34546 secs using 1591% CPU
Optimizing NNI: done in 1.29582 secs using 1590% CPU
Optimizing NNI: done in 1.11189 secs using 1591% CPU
Iteration 470 / LogL: -4530.737 / Time: 0h:13m:16s (0h:2m:28s left)
Optimizing NNI: done in 1.51364 secs using 1590% CPU
Optimizing NNI: done in 1.7459 secs using 1589% CPU
Optimizing NNI: done in 1.42664 secs using 1585% CPU
Optimizing NNI: done in 1.54593 secs using 1587% CPU
Optimizing NNI: done in 1.45129 secs using 1590% CPU
Optimizing NNI: done in 1.40205 secs using 1591% CPU
Optimizing NNI: done in 1.27256 secs using 1591% CPU
Optimizing NNI: done in 1.57753 secs using 1590% CPU
Optimizing NNI: done in 1.71183 secs using 1590% CPU
Optimizing NNI: done in 1.75967 secs using 1591% CPU
Iteration 480 / LogL: -4534.307 / Time: 0h:13m:36s (0h:2m:12s left)
Optimizing NNI: done in 1.31764 secs using 1589% CPU
Optimizing NNI: done in 1.92569 secs using 1591% CPU
Optimizing NNI: done in 1.6499 secs using 1590% CPU
Optimizing NNI: done in 1.3865 secs using 1590% CPU
Optimizing NNI: done in 1.20714 secs using 1589% CPU
Optimizing NNI: done in 1.12853 secs using 1591% CPU
Optimizing NNI: done in 1.64049 secs using 1591% CPU
Optimizing NNI: done in 1.39008 secs using 1590% CPU
Optimizing NNI: done in 1.68581 secs using 1591% CPU
Optimizing NNI: done in 1.59567 secs using 1589% CPU
Iteration 490 / LogL: -4537.135 / Time: 0h:13m:55s (0h:1m:55s left)
Optimizing NNI: done in 1.84387 secs using 1590% CPU
Optimizing NNI: done in 1.6129 secs using 1590% CPU
Optimizing NNI: done in 1.42182 secs using 1590% CPU
Optimizing NNI: done in 1.5635 secs using 1590% CPU
Optimizing NNI: done in 1.61242 secs using 1590% CPU
Optimizing NNI: done in 1.84899 secs using 1590% CPU
Optimizing NNI: done in 1.59371 secs using 1590% CPU
Optimizing NNI: done in 1.52 secs using 1591% CPU
Optimizing NNI: done in 1.12905 secs using 1590% CPU
Optimizing NNI: done in 1.34831 secs using 1590% CPU
Iteration 500 / LogL: -4543.269 / Time: 0h:14m:14s (0h:1m:38s left)
Log-likelihood cutoff on original alignment: -4581.969
NOTE: Bootstrap correlation coefficient of split occurrence frequencies: 0.983
NOTE: UFBoot does not converge, continue at least 100 more iterations
Optimizing NNI: done in 1.68424 secs using 1590% CPU
Optimizing NNI: done in 1.42103 secs using 1590% CPU
Optimizing NNI: done in 1.84942 secs using 1590% CPU
Optimizing NNI: done in 1.78469 secs using 1591% CPU
Optimizing NNI: done in 1.74891 secs using 1591% CPU
Optimizing NNI: done in 1.84987 secs using 1589% CPU
Optimizing NNI: done in 1.08389 secs using 1590% CPU
Optimizing NNI: done in 1.4835 secs using 1591% CPU
Optimizing NNI: done in 1.67729 secs using 1591% CPU
Optimizing NNI: done in 1.27114 secs using 1591% CPU
Iteration 510 / LogL: -4531.777 / Time: 0h:14m:36s (0h:2m:34s left)
Optimizing NNI: done in 1.27677 secs using 1590% CPU
Optimizing NNI: done in 1.79131 secs using 1591% CPU
Optimizing NNI: done in 1.77741 secs using 1590% CPU
Optimizing NNI: done in 1.30285 secs using 1591% CPU
Optimizing NNI: done in 1.51129 secs using 1590% CPU
Optimizing NNI: done in 2.11729 secs using 1590% CPU
Optimizing NNI: done in 1.59619 secs using 1590% CPU
Optimizing NNI: done in 1.16709 secs using 1589% CPU
Optimizing NNI: done in 1.61087 secs using 1590% CPU
Optimizing NNI: done in 1.94945 secs using 1590% CPU
Iteration 520 / LogL: -4535.707 / Time: 0h:14m:56s (0h:2m:17s left)
Optimizing NNI: done in 1.4947 secs using 1590% CPU
Optimizing NNI: done in 1.55984 secs using 1590% CPU
Optimizing NNI: done in 1.86276 secs using 1590% CPU
Optimizing NNI: done in 1.31207 secs using 1590% CPU
Optimizing NNI: done in 1.41091 secs using 1591% CPU
Optimizing NNI: done in 1.43247 secs using 1589% CPU
Optimizing NNI: done in 1.97717 secs using 1590% CPU
Optimizing NNI: done in 1.63668 secs using 1590% CPU
Optimizing NNI: done in 1.98981 secs using 1590% CPU
BETTER TREE FOUND at iteration 529: -4529.478
Optimizing NNI: done in 1.6456 secs using 1591% CPU
Iteration 530 / LogL: -4530.935 / Time: 0h:15m:18s (0h:2m:51s left)
Optimizing NNI: done in 2.13528 secs using 1590% CPU
Optimizing NNI: done in 1.60291 secs using 1591% CPU
Optimizing NNI: done in 0.914258 secs using 1591% CPU
Optimizing NNI: done in 1.91566 secs using 1590% CPU
Optimizing NNI: done in 1.75214 secs using 1590% CPU
Optimizing NNI: done in 0.997216 secs using 1591% CPU
Optimizing NNI: done in 1.33208 secs using 1590% CPU
Optimizing NNI: done in 1.82795 secs using 1589% CPU
Optimizing NNI: done in 1.51472 secs using 1587% CPU
Optimizing NNI: done in 0.907112 secs using 1589% CPU
Iteration 540 / LogL: -4534.308 / Time: 0h:15m:37s (0h:2m:34s left)
Optimizing NNI: done in 1.44107 secs using 1589% CPU
Optimizing NNI: done in 1.26799 secs using 1590% CPU
Optimizing NNI: done in 1.32261 secs using 1589% CPU
Optimizing NNI: done in 1.09439 secs using 1588% CPU
Optimizing NNI: done in 1.68342 secs using 1588% CPU
Optimizing NNI: done in 1.45373 secs using 1589% CPU
Optimizing NNI: done in 1.39449 secs using 1590% CPU
Optimizing NNI: done in 1.07269 secs using 1591% CPU
Optimizing NNI: done in 1.36027 secs using 1590% CPU
Optimizing NNI: done in 1.43029 secs using 1591% CPU
Iteration 550 / LogL: -4529.847 / Time: 0h:15m:55s (0h:2m:16s left)
Log-likelihood cutoff on original alignment: -4581.969
Optimizing NNI: done in 1.88594 secs using 1590% CPU
Optimizing NNI: done in 1.58168 secs using 1589% CPU
Optimizing NNI: done in 1.7245 secs using 1590% CPU
Optimizing NNI: done in 1.7512 secs using 1590% CPU
Optimizing NNI: done in 1.62278 secs using 1590% CPU
Optimizing NNI: done in 1.54784 secs using 1590% CPU
Optimizing NNI: done in 1.48194 secs using 1590% CPU
Optimizing NNI: done in 1.42177 secs using 1590% CPU
Optimizing NNI: done in 1.40884 secs using 1590% CPU
Optimizing NNI: done in 1.49406 secs using 1590% CPU
Iteration 560 / LogL: -4535.074 / Time: 0h:16m:17s (0h:2m:0s left)
Optimizing NNI: done in 1.57289 secs using 1591% CPU
Optimizing NNI: done in 1.1016 secs using 1591% CPU
Optimizing NNI: done in 1.39463 secs using 1590% CPU
Optimizing NNI: done in 1.92665 secs using 1590% CPU
Optimizing NNI: done in 1.40367 secs using 1590% CPU
Optimizing NNI: done in 0.758564 secs using 1592% CPU
Optimizing NNI: done in 1.50379 secs using 1590% CPU
Optimizing NNI: done in 1.62664 secs using 1589% CPU
Optimizing NNI: done in 1.32321 secs using 1591% CPU
Optimizing NNI: done in 1.31364 secs using 1591% CPU
Iteration 570 / LogL: -4544.050 / Time: 0h:16m:36s (0h:1m:42s left)
Optimizing NNI: done in 1.62403 secs using 1590% CPU
Optimizing NNI: done in 1.42197 secs using 1590% CPU
Optimizing NNI: done in 1.80228 secs using 1590% CPU
Optimizing NNI: done in 1.69065 secs using 1591% CPU
Optimizing NNI: done in 1.85105 secs using 1590% CPU
Optimizing NNI: done in 1.29289 secs using 1590% CPU
Optimizing NNI: done in 1.76145 secs using 1590% CPU
Optimizing NNI: done in 0.81072 secs using 1591% CPU
Optimizing NNI: done in 1.70644 secs using 1591% CPU
Optimizing NNI: done in 1.40121 secs using 1590% CPU
Iteration 580 / LogL: -4540.373 / Time: 0h:16m:57s (0h:1m:25s left)
Optimizing NNI: done in 1.89497 secs using 1590% CPU
Optimizing NNI: done in 2.20771 secs using 1590% CPU
Optimizing NNI: done in 1.08133 secs using 1590% CPU
Optimizing NNI: done in 1.36189 secs using 1591% CPU
Optimizing NNI: done in 1.03069 secs using 1591% CPU
Optimizing NNI: done in 1.38601 secs using 1590% CPU
Optimizing NNI: done in 1.16756 secs using 1591% CPU
Optimizing NNI: done in 1.94156 secs using 1591% CPU
Optimizing NNI: done in 1.56248 secs using 1590% CPU
Optimizing NNI: done in 1.35751 secs using 1590% CPU
Iteration 590 / LogL: -4529.579 / Time: 0h:17m:17s (0h:1m:8s left)
Optimizing NNI: done in 2.06826 secs using 1590% CPU
Optimizing NNI: done in 1.51142 secs using 1590% CPU
Optimizing NNI: done in 1.27686 secs using 1590% CPU
Optimizing NNI: done in 1.72022 secs using 1590% CPU
Optimizing NNI: done in 1.37611 secs using 1590% CPU
Optimizing NNI: done in 1.4178 secs using 1590% CPU
Optimizing NNI: done in 1.57947 secs using 1590% CPU
Optimizing NNI: done in 1.69638 secs using 1591% CPU
Optimizing NNI: done in 1.37711 secs using 1590% CPU
Optimizing NNI: done in 1.09404 secs using 1590% CPU
Iteration 600 / LogL: -4539.830 / Time: 0h:17m:38s (0h:0m:51s left)
Log-likelihood cutoff on original alignment: -4581.969
NOTE: Bootstrap correlation coefficient of split occurrence frequencies: 0.982
NOTE: UFBoot does not converge, continue at least 100 more iterations
Optimizing NNI: done in 1.37319 secs using 1591% CPU
Optimizing NNI: done in 1.30828 secs using 1591% CPU
Optimizing NNI: done in 1.72084 secs using 1590% CPU
Optimizing NNI: done in 1.63314 secs using 1591% CPU
Optimizing NNI: done in 1.17288 secs using 1590% CPU
Optimizing NNI: done in 2.02948 secs using 1589% CPU
Optimizing NNI: done in 1.36624 secs using 1589% CPU
Optimizing NNI: done in 1.12883 secs using 1590% CPU
Optimizing NNI: done in 2.46752 secs using 1590% CPU
Optimizing NNI: done in 1.56909 secs using 1590% CPU
Iteration 610 / LogL: -4529.691 / Time: 0h:18m:0s (0h:2m:39s left)
Optimizing NNI: done in 1.34522 secs using 1589% CPU
Optimizing NNI: done in 1.33378 secs using 1591% CPU
Optimizing NNI: done in 1.7251 secs using 1590% CPU
Optimizing NNI: done in 1.50408 secs using 1590% CPU
Optimizing NNI: done in 1.37844 secs using 1591% CPU
Optimizing NNI: done in 1.49155 secs using 1590% CPU
Optimizing NNI: done in 1.3582 secs using 1590% CPU
Optimizing NNI: done in 1.53758 secs using 1589% CPU
Optimizing NNI: done in 1.98162 secs using 1589% CPU
BETTER TREE FOUND at iteration 619: -4529.478
Optimizing NNI: done in 1.81755 secs using 1588% CPU
Iteration 620 / LogL: -4529.958 / Time: 0h:18m:22s (0h:2m:55s left)
Optimizing NNI: done in 1.62318 secs using 1587% CPU
Optimizing NNI: done in 1.37823 secs using 1588% CPU
Optimizing NNI: done in 1.29121 secs using 1587% CPU
Optimizing NNI: done in 1.32799 secs using 1590% CPU
Optimizing NNI: done in 1.66039 secs using 1590% CPU
BETTER TREE FOUND at iteration 625: -4529.477
Optimizing NNI: done in 1.07053 secs using 1591% CPU
Optimizing NNI: done in 1.35212 secs using 1591% CPU
Optimizing NNI: done in 1.92484 secs using 1592% CPU
Optimizing NNI: done in 1.88184 secs using 1591% CPU
Optimizing NNI: done in 1.35077 secs using 1590% CPU
Iteration 630 / LogL: -4529.946 / Time: 0h:18m:42s (0h:2m:48s left)
Optimizing NNI: done in 1.31873 secs using 1590% CPU
Optimizing NNI: done in 1.40918 secs using 1591% CPU
Optimizing NNI: done in 1.65242 secs using 1582% CPU
Optimizing NNI: done in 2.24101 secs using 1583% CPU
Optimizing NNI: done in 1.5626 secs using 1591% CPU
Optimizing NNI: done in 1.38654 secs using 1590% CPU
Optimizing NNI: done in 1.59839 secs using 1570% CPU
Optimizing NNI: done in 1.77181 secs using 1589% CPU
Optimizing NNI: done in 1.89972 secs using 1590% CPU
Optimizing NNI: done in 1.39721 secs using 1591% CPU
Iteration 640 / LogL: -4529.478 / Time: 0h:19m:4s (0h:2m:31s left)
Optimizing NNI: done in 1.13855 secs using 1569% CPU
Optimizing NNI: done in 1.85111 secs using 1588% CPU
Optimizing NNI: done in 1.8617 secs using 1592% CPU
Optimizing NNI: done in 1.63375 secs using 1591% CPU
Optimizing NNI: done in 1.62633 secs using 1591% CPU
Optimizing NNI: done in 1.43022 secs using 1570% CPU
Optimizing NNI: done in 1.42366 secs using 1591% CPU
Optimizing NNI: done in 1.8498 secs using 1591% CPU
Optimizing NNI: done in 1.44458 secs using 1590% CPU
Optimizing NNI: done in 1.75971 secs using 1592% CPU
Iteration 650 / LogL: -4535.748 / Time: 0h:19m:26s (0h:2m:14s left)
Log-likelihood cutoff on original alignment: -4581.969
Optimizing NNI: done in 1.19891 secs using 1591% CPU
Optimizing NNI: done in 1.2014 secs using 1592% CPU
Optimizing NNI: done in 1.69707 secs using 1578% CPU
Optimizing NNI: done in 1.57626 secs using 1591% CPU
Optimizing NNI: done in 1.73063 secs using 1591% CPU
Optimizing NNI: done in 1.25445 secs using 1592% CPU
Optimizing NNI: done in 1.5655 secs using 1591% CPU
Optimizing NNI: done in 1.87717 secs using 1590% CPU
Optimizing NNI: done in 1.57553 secs using 1591% CPU
Optimizing NNI: done in 2.02438 secs using 1574% CPU
Iteration 660 / LogL: -4537.405 / Time: 0h:19m:49s (0h:1m:56s left)
Optimizing NNI: done in 1.8563 secs using 1591% CPU
Optimizing NNI: done in 1.67339 secs using 1591% CPU
Optimizing NNI: done in 1.73188 secs using 1590% CPU
Optimizing NNI: done in 1.3671 secs using 1592% CPU
Optimizing NNI: done in 1.74496 secs using 1591% CPU
Optimizing NNI: done in 1.4225 secs using 1573% CPU
Optimizing NNI: done in 1.0146 secs using 1592% CPU
Optimizing NNI: done in 1.60031 secs using 1591% CPU
Optimizing NNI: done in 1.56306 secs using 1591% CPU
Optimizing NNI: done in 1.44228 secs using 1593% CPU
Iteration 670 / LogL: -4530.408 / Time: 0h:20m:11s (0h:1m:39s left)
Optimizing NNI: done in 1.82876 secs using 1591% CPU
Optimizing NNI: done in 1.30634 secs using 1590% CPU
Optimizing NNI: done in 1.52308 secs using 1591% CPU
Optimizing NNI: done in 1.52318 secs using 1567% CPU
Optimizing NNI: done in 2.09116 secs using 1591% CPU
Optimizing NNI: done in 1.86652 secs using 1590% CPU
Optimizing NNI: done in 1.25742 secs using 1590% CPU
Optimizing NNI: done in 1.67037 secs using 1591% CPU
Optimizing NNI: done in 1.11543 secs using 1589% CPU
Optimizing NNI: done in 1.62017 secs using 1590% CPU
Iteration 680 / LogL: -4529.581 / Time: 0h:20m:33s (0h:1m:21s left)
Optimizing NNI: done in 1.34238 secs using 1590% CPU
Optimizing NNI: done in 1.43753 secs using 1592% CPU
Optimizing NNI: done in 1.36031 secs using 1559% CPU
Optimizing NNI: done in 1.61638 secs using 1591% CPU
Optimizing NNI: done in 1.89702 secs using 1592% CPU
Optimizing NNI: done in 1.58065 secs using 1590% CPU
Optimizing NNI: done in 1.12341 secs using 1593% CPU
Optimizing NNI: done in 1.55005 secs using 1592% CPU
Optimizing NNI: done in 1.78155 secs using 1591% CPU
Optimizing NNI: done in 1.49919 secs using 1591% CPU
Iteration 690 / LogL: -4529.583 / Time: 0h:20m:55s (0h:1m:3s left)
Optimizing NNI: done in 1.35281 secs using 1592% CPU
Optimizing NNI: done in 1.25293 secs using 1592% CPU
Optimizing NNI: done in 1.73866 secs using 1578% CPU
Optimizing NNI: done in 1.02934 secs using 1590% CPU
Optimizing NNI: done in 1.71309 secs using 1592% CPU
Optimizing NNI: done in 0.999414 secs using 1592% CPU
Optimizing NNI: done in 1.62581 secs using 1592% CPU
Optimizing NNI: done in 1.35397 secs using 1591% CPU
Optimizing NNI: done in 1.8576 secs using 1591% CPU
Optimizing NNI: done in 1.54664 secs using 1592% CPU
Iteration 700 / LogL: -4529.480 / Time: 0h:21m:15s (0h:0m:45s left)
Log-likelihood cutoff on original alignment: -4581.969
NOTE: Bootstrap correlation coefficient of split occurrence frequencies: 0.986
NOTE: UFBoot does not converge, continue at least 100 more iterations
Optimizing NNI: done in 1.56951 secs using 1591% CPU
Optimizing NNI: done in 1.36248 secs using 1589% CPU
Optimizing NNI: done in 1.50168 secs using 1592% CPU
Optimizing NNI: done in 1.39491 secs using 1591% CPU
Optimizing NNI: done in 1.43301 secs using 1591% CPU
Optimizing NNI: done in 1.58391 secs using 1592% CPU
Optimizing NNI: done in 1.43853 secs using 1591% CPU
Optimizing NNI: done in 1.16293 secs using 1591% CPU
Optimizing NNI: done in 1.58799 secs using 1591% CPU
Optimizing NNI: done in 2.06062 secs using 1592% CPU
Iteration 710 / LogL: -4529.589 / Time: 0h:21m:38s (0h:2m:44s left)
Optimizing NNI: done in 1.5904 secs using 1570% CPU
Optimizing NNI: done in 1.10284 secs using 1591% CPU
Optimizing NNI: done in 1.32114 secs using 1593% CPU
Optimizing NNI: done in 1.54562 secs using 1591% CPU
Optimizing NNI: done in 1.43036 secs using 1591% CPU
Optimizing NNI: done in 1.39797 secs using 1591% CPU
Optimizing NNI: done in 1.91823 secs using 1593% CPU
Optimizing NNI: done in 1.38189 secs using 1592% CPU
Optimizing NNI: done in 1.5872 secs using 1592% CPU
Optimizing NNI: done in 1.2767 secs using 1593% CPU
Iteration 720 / LogL: -4538.873 / Time: 0h:22m:0s (0h:2m:26s left)
Optimizing NNI: done in 1.1822 secs using 1555% CPU
Optimizing NNI: done in 1.64739 secs using 1591% CPU
Optimizing NNI: done in 1.61706 secs using 1592% CPU
Optimizing NNI: done in 1.78283 secs using 1592% CPU
Optimizing NNI: done in 1.59604 secs using 1592% CPU
Optimizing NNI: done in 1.60032 secs using 1592% CPU
Optimizing NNI: done in 2.23475 secs using 1592% CPU
Optimizing NNI: done in 1.05203 secs using 1591% CPU
Optimizing NNI: done in 1.68196 secs using 1591% CPU
Optimizing NNI: done in 1.36701 secs using 1592% CPU
Iteration 730 / LogL: -4532.401 / Time: 0h:22m:23s (0h:2m:8s left)
Optimizing NNI: done in 1.07775 secs using 1591% CPU
Optimizing NNI: done in 1.43601 secs using 1591% CPU
Optimizing NNI: done in 1.68712 secs using 1584% CPU
Optimizing NNI: done in 1.68849 secs using 1592% CPU
Optimizing NNI: done in 1.35942 secs using 1591% CPU
Optimizing NNI: done in 1.92358 secs using 1591% CPU
Optimizing NNI: done in 1.82307 secs using 1592% CPU
Optimizing NNI: done in 1.90564 secs using 1592% CPU
Optimizing NNI: done in 1.59883 secs using 1592% CPU
BETTER TREE FOUND at iteration 739: -4529.477
Optimizing NNI: done in 1.55679 secs using 1592% CPU
Iteration 740 / LogL: -4542.412 / Time: 0h:22m:46s (0h:3m:2s left)
Optimizing NNI: done in 1.54129 secs using 1591% CPU
Optimizing NNI: done in 2.04232 secs using 1591% CPU
Optimizing NNI: done in 1.49647 secs using 1576% CPU
Optimizing NNI: done in 1.64179 secs using 1592% CPU
Optimizing NNI: done in 1.60515 secs using 1593% CPU
Optimizing NNI: done in 1.81654 secs using 1592% CPU
Optimizing NNI: done in 1.58506 secs using 1591% CPU
Optimizing NNI: done in 1.18345 secs using 1591% CPU
Optimizing NNI: done in 0.718301 secs using 1591% CPU
Optimizing NNI: done in 1.11098 secs using 1592% CPU
Iteration 750 / LogL: -4529.591 / Time: 0h:23m:7s (0h:2m:44s left)
Log-likelihood cutoff on original alignment: -4581.969
Optimizing NNI: done in 1.61548 secs using 1591% CPU
Optimizing NNI: done in 1.39213 secs using 1593% CPU
Optimizing NNI: done in 1.40312 secs using 1593% CPU
Optimizing NNI: done in 1.06758 secs using 1590% CPU
Optimizing NNI: done in 1.44825 secs using 1566% CPU
Optimizing NNI: done in 1.40745 secs using 1593% CPU
Optimizing NNI: done in 1.26918 secs using 1592% CPU
Optimizing NNI: done in 0.682639 secs using 1590% CPU
Optimizing NNI: done in 1.35711 secs using 1592% CPU
Optimizing NNI: done in 1.85539 secs using 1593% CPU
Iteration 760 / LogL: -4530.934 / Time: 0h:23m:29s (0h:2m:26s left)
Optimizing NNI: done in 1.64668 secs using 1591% CPU
Optimizing NNI: done in 0.643664 secs using 1589% CPU
Optimizing NNI: done in 1.3276 secs using 1593% CPU
Optimizing NNI: done in 1.85992 secs using 1592% CPU
Optimizing NNI: done in 1.96437 secs using 1590% CPU
Optimizing NNI: done in 1.51361 secs using 1591% CPU
Optimizing NNI: done in 1.4214 secs using 1565% CPU
Optimizing NNI: done in 1.29356 secs using 1591% CPU
Optimizing NNI: done in 1.74699 secs using 1590% CPU
Optimizing NNI: done in 2.14534 secs using 1592% CPU
Iteration 770 / LogL: -4531.777 / Time: 0h:23m:52s (0h:2m:8s left)
Optimizing NNI: done in 1.44162 secs using 1593% CPU
Optimizing NNI: done in 1.48107 secs using 1591% CPU
Optimizing NNI: done in 1.82893 secs using 1591% CPU
Optimizing NNI: done in 1.74886 secs using 1591% CPU
Optimizing NNI: done in 1.08443 secs using 1592% CPU
Optimizing NNI: done in 1.37684 secs using 1592% CPU
Optimizing NNI: done in 1.86687 secs using 1592% CPU
Optimizing NNI: done in 1.83074 secs using 1573% CPU
Optimizing NNI: done in 1.51707 secs using 1591% CPU
Optimizing NNI: done in 1.63822 secs using 1592% CPU
Iteration 780 / LogL: -4530.024 / Time: 0h:24m:16s (0h:1m:50s left)
Optimizing NNI: done in 1.35493 secs using 1591% CPU
Optimizing NNI: done in 1.53546 secs using 1591% CPU
Optimizing NNI: done in 1.52883 secs using 1591% CPU
Optimizing NNI: done in 1.40635 secs using 1590% CPU
Optimizing NNI: done in 1.57473 secs using 1593% CPU
Optimizing NNI: done in 1.13542 secs using 1592% CPU
Optimizing NNI: done in 1.79838 secs using 1591% CPU
Optimizing NNI: done in 1.92285 secs using 1591% CPU
Optimizing NNI: done in 1.45912 secs using 1571% CPU
Optimizing NNI: done in 1.11148 secs using 1591% CPU
Iteration 790 / LogL: -4544.059 / Time: 0h:24m:38s (0h:1m:31s left)
Optimizing NNI: done in 1.6633 secs using 1591% CPU
Optimizing NNI: done in 1.13148 secs using 1591% CPU
Optimizing NNI: done in 1.27059 secs using 1592% CPU
Optimizing NNI: done in 1.37129 secs using 1592% CPU
Optimizing NNI: done in 2.09263 secs using 1592% CPU
Optimizing NNI: done in 1.80652 secs using 1592% CPU
Optimizing NNI: done in 1.41095 secs using 1591% CPU
Optimizing NNI: done in 1.51289 secs using 1590% CPU
Optimizing NNI: done in 1.62613 secs using 1592% CPU
Optimizing NNI: done in 1.41236 secs using 1572% CPU
Iteration 800 / LogL: -4536.913 / Time: 0h:25m:1s (0h:1m:13s left)
Log-likelihood cutoff on original alignment: -4581.969
NOTE: Bootstrap correlation coefficient of split occurrence frequencies: 0.989
NOTE: UFBoot does not converge, continue at least 100 more iterations
Optimizing NNI: done in 1.68879 secs using 1592% CPU
Optimizing NNI: done in 1.75256 secs using 1591% CPU
Optimizing NNI: done in 1.61142 secs using 1591% CPU
Optimizing NNI: done in 0.820517 secs using 1592% CPU
Optimizing NNI: done in 1.4177 secs using 1592% CPU
Optimizing NNI: done in 1.1291 secs using 1591% CPU
Optimizing NNI: done in 1.56296 secs using 1591% CPU
Optimizing NNI: done in 1.43215 secs using 1591% CPU
Optimizing NNI: done in 1.61254 secs using 1592% CPU
Optimizing NNI: done in 1.3467 secs using 1590% CPU
Iteration 810 / LogL: -4535.554 / Time: 0h:25m:24s (0h:2m:49s left)
Optimizing NNI: done in 1.59921 secs using 1592% CPU
Optimizing NNI: done in 1.29005 secs using 1591% CPU
Optimizing NNI: done in 1.75234 secs using 1582% CPU
Optimizing NNI: done in 1.10438 secs using 1592% CPU
Optimizing NNI: done in 1.36785 secs using 1592% CPU
Optimizing NNI: done in 1.51116 secs using 1592% CPU
Optimizing NNI: done in 1.60856 secs using 1592% CPU
Optimizing NNI: done in 1.34902 secs using 1592% CPU
Optimizing NNI: done in 1.51298 secs using 1591% CPU
Optimizing NNI: done in 1.57021 secs using 1592% CPU
Iteration 820 / LogL: -4529.478 / Time: 0h:25m:47s (0h:2m:30s left)
Optimizing NNI: done in 1.04982 secs using 1592% CPU
Optimizing NNI: done in 1.27868 secs using 1592% CPU
Optimizing NNI: done in 1.55718 secs using 1592% CPU
Optimizing NNI: done in 1.7379 secs using 1592% CPU
Optimizing NNI: done in 1.63306 secs using 1592% CPU
Optimizing NNI: done in 1.40796 secs using 1591% CPU
Optimizing NNI: done in 1.52318 secs using 1591% CPU
Optimizing NNI: done in 1.36778 secs using 1593% CPU
Optimizing NNI: done in 1.22776 secs using 1592% CPU
Optimizing NNI: done in 1.50251 secs using 1592% CPU
Iteration 830 / LogL: -4550.101 / Time: 0h:26m:10s (0h:2m:12s left)
Optimizing NNI: done in 1.97365 secs using 1583% CPU
Optimizing NNI: done in 1.37318 secs using 1591% CPU
Optimizing NNI: done in 1.42646 secs using 1591% CPU
Optimizing NNI: done in 1.39907 secs using 1592% CPU
Optimizing NNI: done in 1.38802 secs using 1591% CPU
Optimizing NNI: done in 1.24262 secs using 1591% CPU
Optimizing NNI: done in 1.36502 secs using 1593% CPU
Optimizing NNI: done in 1.54648 secs using 1590% CPU
Optimizing NNI: done in 1.62028 secs using 1591% CPU
Optimizing NNI: done in 1.93327 secs using 1579% CPU
Iteration 840 / LogL: -4530.962 / Time: 0h:26m:33s (0h:1m:53s left)
Optimizing NNI: done in 1.62827 secs using 1592% CPU
Optimizing NNI: done in 1.3915 secs using 1592% CPU
Optimizing NNI: done in 1.74342 secs using 1592% CPU
Optimizing NNI: done in 1.33653 secs using 1591% CPU
Optimizing NNI: done in 1.90536 secs using 1592% CPU
Optimizing NNI: done in 1.71051 secs using 1592% CPU
Optimizing NNI: done in 1.38314 secs using 1591% CPU
Optimizing NNI: done in 1.51014 secs using 1592% CPU
BETTER TREE FOUND at iteration 848: -4529.477
Optimizing NNI: done in 1.40101 secs using 1577% CPU
Optimizing NNI: done in 1.34365 secs using 1590% CPU
Iteration 850 / LogL: -4531.675 / Time: 0h:26m:57s (0h:3m:6s left)
Log-likelihood cutoff on original alignment: -4581.969
Optimizing NNI: done in 1.60564 secs using 1593% CPU
Optimizing NNI: done in 1.42621 secs using 1592% CPU
Optimizing NNI: done in 1.60164 secs using 1590% CPU
Optimizing NNI: done in 1.71253 secs using 1590% CPU
Optimizing NNI: done in 1.12599 secs using 1592% CPU
Optimizing NNI: done in 1.59059 secs using 1592% CPU
Optimizing NNI: done in 1.34549 secs using 1590% CPU
Optimizing NNI: done in 1.84581 secs using 1589% CPU
Optimizing NNI: done in 1.46255 secs using 1588% CPU
Optimizing NNI: done in 1.86555 secs using 1592% CPU
Iteration 860 / LogL: -4530.960 / Time: 0h:27m:22s (0h:2m:47s left)
Optimizing NNI: done in 2.01243 secs using 1582% CPU
Optimizing NNI: done in 1.55917 secs using 1589% CPU
Optimizing NNI: done in 1.64014 secs using 1590% CPU
Optimizing NNI: done in 1.42311 secs using 1590% CPU
Optimizing NNI: done in 1.25542 secs using 1590% CPU
Optimizing NNI: done in 0.702057 secs using 1588% CPU
Optimizing NNI: done in 1.6004 secs using 1590% CPU
Optimizing NNI: done in 1.68692 secs using 1589% CPU
Optimizing NNI: done in 1.36243 secs using 1591% CPU
Optimizing NNI: done in 1.61525 secs using 1592% CPU
Iteration 870 / LogL: -4529.581 / Time: 0h:27m:45s (0h:2m:29s left)
Optimizing NNI: done in 1.13259 secs using 1592% CPU
Optimizing NNI: done in 1.42853 secs using 1590% CPU
Optimizing NNI: done in 1.70842 secs using 1589% CPU
Optimizing NNI: done in 1.81467 secs using 1590% CPU
Optimizing NNI: done in 1.29181 secs using 1590% CPU
Optimizing NNI: done in 1.35897 secs using 1590% CPU
Optimizing NNI: done in 1.87845 secs using 1591% CPU
Optimizing NNI: done in 1.52063 secs using 1590% CPU
Optimizing NNI: done in 1.3902 secs using 1590% CPU
Optimizing NNI: done in 1.64586 secs using 1590% CPU
Iteration 880 / LogL: -4530.934 / Time: 0h:28m:9s (0h:2m:10s left)
Optimizing NNI: done in 1.71667 secs using 1591% CPU
Optimizing NNI: done in 2.15197 secs using 1591% CPU
Optimizing NNI: done in 1.53989 secs using 1589% CPU
Optimizing NNI: done in 1.40907 secs using 1590% CPU
Optimizing NNI: done in 1.40468 secs using 1591% CPU
Optimizing NNI: done in 1.65179 secs using 1590% CPU
Optimizing NNI: done in 1.27054 secs using 1591% CPU
Optimizing NNI: done in 1.87852 secs using 1589% CPU
Optimizing NNI: done in 1.55689 secs using 1590% CPU
Optimizing NNI: done in 1.39593 secs using 1590% CPU
Iteration 890 / LogL: -4529.743 / Time: 0h:28m:34s (0h:1m:51s left)
Optimizing NNI: done in 1.11956 secs using 1590% CPU
Optimizing NNI: done in 1.40615 secs using 1590% CPU
Optimizing NNI: done in 1.78671 secs using 1590% CPU
Optimizing NNI: done in 1.89746 secs using 1591% CPU
Optimizing NNI: done in 1.3511 secs using 1590% CPU
Optimizing NNI: done in 1.28244 secs using 1589% CPU
Optimizing NNI: done in 1.50867 secs using 1590% CPU
Optimizing NNI: done in 1.43134 secs using 1590% CPU
Optimizing NNI: done in 1.61642 secs using 1591% CPU
Optimizing NNI: done in 1.65334 secs using 1591% CPU
Iteration 900 / LogL: -4529.580 / Time: 0h:28m:58s (0h:1m:32s left)
Log-likelihood cutoff on original alignment: -4581.969
NOTE: Bootstrap correlation coefficient of split occurrence frequencies: 0.991
Optimizing NNI: done in 2.03062 secs using 1589% CPU
Optimizing NNI: done in 1.82331 secs using 1590% CPU
Optimizing NNI: done in 1.0205 secs using 1591% CPU
Optimizing NNI: done in 1.37892 secs using 1587% CPU
Optimizing NNI: done in 2.20574 secs using 1586% CPU
Optimizing NNI: done in 1.3653 secs using 1586% CPU
Optimizing NNI: done in 1.65805 secs using 1592% CPU
Optimizing NNI: done in 1.73994 secs using 1591% CPU
Optimizing NNI: done in 1.36718 secs using 1590% CPU
Optimizing NNI: done in 2.19518 secs using 1590% CPU
Iteration 910 / LogL: -4530.297 / Time: 0h:29m:25s (0h:2m:54s left)
Optimizing NNI: done in 1.52106 secs using 1590% CPU
Optimizing NNI: done in 1.57628 secs using 1591% CPU
Optimizing NNI: done in 1.25188 secs using 1590% CPU
Optimizing NNI: done in 1.38617 secs using 1590% CPU
Optimizing NNI: done in 1.59995 secs using 1590% CPU
Optimizing NNI: done in 1.27912 secs using 1590% CPU
Optimizing NNI: done in 1.42297 secs using 1590% CPU
Optimizing NNI: done in 1.69777 secs using 1591% CPU
Optimizing NNI: done in 1.53161 secs using 1590% CPU
Optimizing NNI: done in 1.35264 secs using 1591% CPU
Iteration 920 / LogL: -4533.392 / Time: 0h:29m:49s (0h:2m:35s left)
Optimizing NNI: done in 1.86472 secs using 1590% CPU
Optimizing NNI: done in 1.24439 secs using 1591% CPU
Optimizing NNI: done in 1.42266 secs using 1591% CPU
Optimizing NNI: done in 1.6297 secs using 1591% CPU
Optimizing NNI: done in 1.74659 secs using 1589% CPU
Optimizing NNI: done in 1.89619 secs using 1590% CPU
Optimizing NNI: done in 1.81267 secs using 1584% CPU
Optimizing NNI: done in 1.83785 secs using 1578% CPU
Optimizing NNI: done in 1.87888 secs using 1574% CPU
Optimizing NNI: done in 1.34966 secs using 1592% CPU
Iteration 930 / LogL: -4529.477 / Time: 0h:30m:15s (0h:2m:16s left)
Optimizing NNI: done in 1.49687 secs using 1592% CPU
Optimizing NNI: done in 1.80661 secs using 1591% CPU
Optimizing NNI: done in 1.51142 secs using 1589% CPU
Optimizing NNI: done in 1.70918 secs using 1591% CPU
Optimizing NNI: done in 1.69921 secs using 1590% CPU
Optimizing NNI: done in 1.69044 secs using 1591% CPU
Optimizing NNI: done in 1.90653 secs using 1589% CPU
Optimizing NNI: done in 1.48344 secs using 1590% CPU
Optimizing NNI: done in 1.86402 secs using 1590% CPU
Optimizing NNI: done in 1.66015 secs using 1590% CPU
Iteration 940 / LogL: -4531.676 / Time: 0h:30m:41s (0h:1m:57s left)
Optimizing NNI: done in 1.61015 secs using 1590% CPU
Optimizing NNI: done in 2.13461 secs using 1590% CPU
Optimizing NNI: done in 1.67205 secs using 1590% CPU
Optimizing NNI: done in 1.84182 secs using 1590% CPU
Optimizing NNI: done in 1.79115 secs using 1591% CPU
BETTER TREE FOUND at iteration 945: -4529.477
Optimizing NNI: done in 1.29696 secs using 1591% CPU
Optimizing NNI: done in 1.48967 secs using 1591% CPU
Optimizing NNI: done in 1.4674 secs using 1589% CPU
Optimizing NNI: done in 1.35412 secs using 1590% CPU
Optimizing NNI: done in 1.49762 secs using 1589% CPU
Iteration 950 / LogL: -4536.449 / Time: 0h:31m:7s (0h:3m:6s left)
Log-likelihood cutoff on original alignment: -4581.969
Optimizing NNI: done in 1.73903 secs using 1591% CPU
Optimizing NNI: done in 1.51339 secs using 1590% CPU
Optimizing NNI: done in 1.7386 secs using 1590% CPU
Optimizing NNI: done in 1.50165 secs using 1589% CPU
Optimizing NNI: done in 1.78846 secs using 1590% CPU
Optimizing NNI: done in 1.88538 secs using 1590% CPU
Optimizing NNI: done in 1.64331 secs using 1591% CPU
Optimizing NNI: done in 1.62256 secs using 1590% CPU
Optimizing NNI: done in 1.6802 secs using 1592% CPU
Optimizing NNI: done in 1.87748 secs using 1590% CPU
Iteration 960 / LogL: -4530.536 / Time: 0h:31m:34s (0h:2m:47s left)
Optimizing NNI: done in 1.39067 secs using 1590% CPU
Optimizing NNI: done in 1.39013 secs using 1589% CPU
Optimizing NNI: done in 1.7853 secs using 1590% CPU
Optimizing NNI: done in 1.28142 secs using 1591% CPU
Optimizing NNI: done in 1.4136 secs using 1589% CPU
Optimizing NNI: done in 1.40429 secs using 1590% CPU
Optimizing NNI: done in 1.41828 secs using 1588% CPU
Optimizing NNI: done in 1.88656 secs using 1591% CPU
Optimizing NNI: done in 1.93864 secs using 1590% CPU
Optimizing NNI: done in 1.80042 secs using 1590% CPU
Iteration 970 / LogL: -4539.601 / Time: 0h:32m:0s (0h:2m:28s left)
Optimizing NNI: done in 1.84462 secs using 1589% CPU
Optimizing NNI: done in 1.62842 secs using 1591% CPU
Optimizing NNI: done in 1.65343 secs using 1590% CPU
Optimizing NNI: done in 1.38614 secs using 1590% CPU
Optimizing NNI: done in 1.15435 secs using 1591% CPU
Optimizing NNI: done in 1.40531 secs using 1590% CPU
Optimizing NNI: done in 1.40237 secs using 1590% CPU
Optimizing NNI: done in 1.60163 secs using 1591% CPU
Optimizing NNI: done in 2.00642 secs using 1589% CPU
Optimizing NNI: done in 1.82578 secs using 1589% CPU
Iteration 980 / LogL: -4534.444 / Time: 0h:32m:26s (0h:2m:8s left)
Optimizing NNI: done in 1.4182 secs using 1591% CPU
Optimizing NNI: done in 1.5737 secs using 1590% CPU
Optimizing NNI: done in 1.39448 secs using 1589% CPU
Optimizing NNI: done in 1.51185 secs using 1589% CPU
Optimizing NNI: done in 1.65687 secs using 1591% CPU
Optimizing NNI: done in 1.32811 secs using 1590% CPU
Optimizing NNI: done in 1.60695 secs using 1591% CPU
Optimizing NNI: done in 1.27369 secs using 1589% CPU
Optimizing NNI: done in 1.69548 secs using 1591% CPU
Optimizing NNI: done in 1.55572 secs using 1589% CPU
Iteration 990 / LogL: -4539.437 / Time: 0h:32m:51s (0h:1m:49s left)
Optimizing NNI: done in 1.78596 secs using 1591% CPU
Optimizing NNI: done in 1.77536 secs using 1591% CPU
Optimizing NNI: done in 0.99301 secs using 1589% CPU
Optimizing NNI: done in 1.62365 secs using 1589% CPU
Optimizing NNI: done in 1.55898 secs using 1590% CPU
Optimizing NNI: done in 1.57585 secs using 1590% CPU
Optimizing NNI: done in 1.36066 secs using 1591% CPU
Optimizing NNI: done in 1.51727 secs using 1590% CPU
Optimizing NNI: done in 1.41327 secs using 1591% CPU
Optimizing NNI: done in 1.79289 secs using 1591% CPU
Iteration 1000 / LogL: -4529.478 / Time: 0h:33m:17s (0h:1m:29s left)
Log-likelihood cutoff on original alignment: -4581.969
NOTE: Bootstrap correlation coefficient of split occurrence frequencies: 0.991
Optimizing NNI: done in 1.51801 secs using 1590% CPU
TREE SEARCH COMPLETED AFTER 1001 ITERATIONS / Time: 0h:33m:21s

--------------------------------------------------------------------
|                    FINALIZING TREE SEARCH                        |
--------------------------------------------------------------------
Performs final model parameters optimization
Estimate model parameters (epsilon = 0.010)
1. Initial log-likelihood: -4529.477
Optimal log-likelihood: -4529.477
Gamma shape alpha: 0.413
Parameters optimization took 1 rounds (0.077 sec)
BEST SCORE FOUND : -4529.477
Creating bootstrap support values...
Split supports printed to NEXUS file results/per_year_unclustered/VicB/trees/VicB_2017.splits.nex
Total tree length: 0.590

Total number of iterations: 1001
CPU time used for tree search: 24653.885 sec (6h:50m:53s)
Wall-clock time used for tree search: 1994.611 sec (0h:33m:14s)
Total CPU time used: 24755.231 sec (6h:52m:35s)
Total wall-clock time used: 2003.435 sec (0h:33m:23s)

Computing bootstrap consensus tree...
Reading input file results/per_year_unclustered/VicB/trees/VicB_2017.splits.nex...
268 taxa and 18223 splits.
Consensus tree written to results/per_year_unclustered/VicB/trees/VicB_2017.contree
Reading input trees file results/per_year_unclustered/VicB/trees/VicB_2017.contree
Log-likelihood of consensus tree: -4532.555

Analysis results written to: 
  IQ-TREE report:                results/per_year_unclustered/VicB/trees/VicB_2017.iqtree
  Maximum-likelihood tree:       results/per_year_unclustered/VicB/trees/VicB_2017.treefile
  Likelihood distances:          results/per_year_unclustered/VicB/trees/VicB_2017.mldist

Ultrafast bootstrap approximation results written to:
  Split support values:          results/per_year_unclustered/VicB/trees/VicB_2017.splits.nex
  Consensus tree:                results/per_year_unclustered/VicB/trees/VicB_2017.contree
  Screen log file:               results/per_year_unclustered/VicB/trees/VicB_2017.log

Date and Time: Fri Nov 21 10:37:36 2025
