IQ-TREE version 3.0.1 for Linux x86 64-bit built Jul  9 2025
Developed by Bui Quang Minh, Thomas Wong, Nhan Ly-Trong, Huaiyan Ren
Contributed by Lam-Tung Nguyen, Dominik Schrempf, Chris Bielow,
Olga Chernomor, Michael Woodhams, Diep Thi Hoang, Heiko Schmidt

Host:    rtis-hpc-r06.uod.otago.ac.nz (AVX2, FMA3, 1007 GB RAM)
Command: iqtree -s results/per_year_unclustered/VicB/alignments/VicB_2019_aligned.fasta -m LG+G4 -bb 1000 -nt 16 -pre results/per_year_unclustered/VicB/trees/VicB_2019 -redo -quiet
Seed:    682967 (Using SPRNG - Scalable Parallel Random Number Generator)
Time:    Fri Nov 21 10:41:30 2025
Kernel:  AVX+FMA - 16 threads (16 CPU cores detected)

Reading alignment file results/per_year_unclustered/VicB/alignments/VicB_2019_aligned.fasta ... Fasta format detected
Reading fasta file: done in 0.00508286 secs using 96.99% CPU
Alignment most likely contains protein sequences
Constructing alignment: done in 0.00237729 secs using 1299% CPU
Alignment has 616 sequences with 585 columns, 270 distinct patterns
137 parsimony-informative, 112 singleton sites, 336 constant sites
                                                                   Gap/Ambiguity  Composition  p-value
Analyzing sequences: done in 0.00623238 secs using 1462% CPU
   1  EPI3230722|HA|B/Okinawa/18T032/2019|EPI_ISL_19071283|B               0.51%    passed    100.00%
   2  EPI3230746|HA|B/Okinawa/18T037/2019|EPI_ISL_19071286|B               0.51%    passed    100.00%
   3  EPI3230738|HA|B/Okinawa/18T034/2019|EPI_ISL_19071285|B               0.51%    passed    100.00%
   4  EPI1727870|HA|B/Kazakhstan/9374/2019|EPI_ISL_426258|B                0.51%    passed    100.00%
   5  EPI1727872|HA|B/Kazakhstan/9379/2019|EPI_ISL_426259|B                0.51%    passed    100.00%
   6  EPI1758514|HA|B/Bahrain/824/2019|EPI_ISL_491854|B                    0.51%    passed    100.00%
   7  EPI1758613|HA|B/Laos/2828/2019|EPI_ISL_491867|B                      0.51%    passed    100.00%
   8  EPI1758605|HA|B/Bangladesh/1132/2019|EPI_ISL_491866|B                0.51%    passed    100.00%
   9  EPI1758795|HA|B/Bhutan/123/2019|EPI_ISL_491890|B                     0.51%    passed    100.00%
  10  EPI1758899|HA|B/Bhutan/669/2019|EPI_ISL_491903|B                     0.51%    passed    100.00%
  11  EPI1758851|HA|B/Bhutan/1448/2019|EPI_ISL_491897|B                    0.51%    passed    100.00%
  12  EPI1604137|HA|B/Oman/4241/2019|EPI_ISL_393895|B                      0.51%    passed    100.00%
  13  EPI1604127|HA|B/Oman/4100/2019|EPI_ISL_393890|B                      0.51%    passed    100.00%
  14  EPI1604129|HA|B/Oman/4116/2019|EPI_ISL_393891|B                      0.51%    passed    100.00%
  15  EPI1604143|HA|B/Oman/4357/2019|EPI_ISL_393898|B                      0.51%    passed    100.00%
  16  EPI1604145|HA|B/Oman/4412/2019|EPI_ISL_393899|B                      0.51%    passed    100.00%
  17  EPI1604141|HA|B/Oman/4332/2019|EPI_ISL_393897|B                      0.51%    passed    100.00%
  18  EPI3230822|HA|B/Okinawa/18T050/2019|EPI_ISL_19071585|B               0.51%    passed    100.00%
  19  EPI3230836|HA|B/Okinawa/18T051/2019|EPI_ISL_19071590|B               0.51%    passed    100.00%
  20  EPI3230926|HA|B/Okinawa/18T063/2019|EPI_ISL_19071607|B               0.51%    passed    100.00%
  21  EPI1604892|HA|B/HK/659/2019|EPI_ISL_394118|B                         0.51%    passed    100.00%
  22  EPI1604890|HA|B/HK/657/2019|EPI_ISL_394116|B                         0.51%    passed    100.00%
  23  EPI1604891|HA|B/HK/658/2019|EPI_ISL_394117|B                         0.51%    passed    100.00%
  24  EPI1604888|HA|B/HK/669/2019|EPI_ISL_394114|B                         0.51%    passed    100.00%
  25  EPI1604889|HA|B/HK/655/2019|EPI_ISL_394115|B                         0.51%    passed    100.00%
  26  EPI1604926|HA|B/HK/848/2019|EPI_ISL_394151|B                         0.51%    passed    100.00%
  27  EPI1604956|HA|B/YOKOHAMA/18/2019|EPI_ISL_394159|B                    0.51%    passed    100.00%
  28  EPI1604968|HA|B/CHIBA-C/50/2019|EPI_ISL_394165|B                     0.51%    passed    100.00%
  29  EPI1604996|HA|B/AICHI/22/2019|EPI_ISL_394179|B                       0.51%    passed    100.00%
  30  EPI1605012|HA|B/KOBE/19149/2019|EPI_ISL_394187|B                     0.51%    passed    100.00%
  31  EPI1605040|HA|B/OKINAWA/73/2019|EPI_ISL_394198|B                     0.51%    passed    100.00%
  32  EPI1478203|HA|B/AICHI/1/2019|EPI_ISL_361868|B                        0.34%    passed    100.00%
  33  EPI1478571|HA|B/HK/36/2019|EPI_ISL_362025|B                          0.00%    passed    100.00%
  34  EPI1478585|HA|B/HK/50/2019|EPI_ISL_362039|B                          0.51%    passed    100.00%
  35  EPI1478592|HA|B/HK/68/2019|EPI_ISL_362046|B                          0.51%    passed    100.00%
  36  EPI1478587|HA|B/HK/54/2019|EPI_ISL_362041|B                          0.00%    passed    100.00%
  37  EPI1478589|HA|B/HK/65/2019|EPI_ISL_362043|B                          0.51%    passed    100.00%
  38  EPI1478588|HA|B/HK/60/2019|EPI_ISL_362042|B                          0.51%    passed    100.00%
  39  EPI1606982|HA|B/Vietnam/060/2019|EPI_ISL_395014|B                    0.51%    passed    100.00%
  40  EPI1481320|HA|B/Bangladesh/1536/2019|EPI_ISL_362446|B                0.51%    passed    100.00%
  41  EPI1608347|HA|B/TOKYO/19194/2019|EPI_ISL_395222|B                    0.51%    passed    100.00%
  42  EPI1481408|HA|B/Bangladesh/1627/2019|EPI_ISL_362457|B                0.00%    passed    100.00%
  43  EPI1481532|HA|B/Bangladesh/1512/2019|EPI_ISL_362473|B                0.51%    passed    100.00%
  44  EPI1608854|HA|B/Vietnam/103/2019|EPI_ISL_395295|B                    0.34%    passed    100.00%
  45  EPI1608881|HA|B/Vietnam/105/2019|EPI_ISL_395300|B                    0.51%    passed    100.00%
  46  EPI1610289|HA|B/AICHI/50/2019|EPI_ISL_395537|B                       0.51%    passed    100.00%
  47  EPI1800479|HA|B/Myanmar/19M278/2019|EPI_ISL_526699|B                 0.51%    passed    100.00%
  48  EPI1800468|HA|B/Myanmar/19M125/2019|EPI_ISL_526692|B                 0.51%    passed    100.00%
  49  EPI1800473|HA|B/Myanmar/19M167/2019|EPI_ISL_526695|B                 0.51%    passed    100.00%
  50  EPI1731932|HA|B/Laos/F3053/2019|EPI_ISL_428421|B                     0.51%    passed    100.00%
  51  EPI1485495|HA|B/KANAGAWA/ZC1859/2019|EPI_ISL_363719|B                0.51%    passed    100.00%
  52  EPI1485528|HA|B/OSAKA/5/2019|EPI_ISL_363735|B                        0.51%    passed    100.00%
  53  EPI1618515|HA|B/Bangladesh/1746/2019|EPI_ISL_397141|B                0.51%    passed    100.00%
  54  EPI1619565|HA|B/Qatar/10-VI-19-0048096/2019|EPI_ISL_397326|B         0.51%    passed    100.00%
  55  EPI1619567|HA|B/Qatar/10-VI-19-0049104/2019|EPI_ISL_397327|B         0.51%    passed    100.00%
  56  EPI1491186|HA|B/KANAGAWA/2/2019|EPI_ISL_364637|B                     0.51%    passed    100.00%
  57  EPI1491182|HA|B/OSAKA/2/2019|EPI_ISL_364635|B                        0.51%    passed    100.00%
  58  EPI1491180|HA|B/WAKAYAMA-C/45/2019|EPI_ISL_364634|B                  0.34%    passed    100.00%
  59  EPI1491202|HA|B/KANAGAWA/ZC1860/2019|EPI_ISL_364645|B                0.51%    passed    100.00%
  60  EPI1491200|HA|B/OSAKA-C/3/2019|EPI_ISL_364644|B                      0.34%    passed    100.00%
  61  EPI1491196|HA|B/OSAKA-C/1/2019|EPI_ISL_364642|B                      0.51%    passed    100.00%
  62  EPI1491222|HA|B/WAKAYAMA/83/2019|EPI_ISL_364655|B                    0.51%    passed    100.00%
  63  EPI1491226|HA|B/MIE/2/2019|EPI_ISL_364657|B                          0.51%    passed    100.00%
  64  EPI3263126|HA|B/Myanmar/19M156/2019|EPI_ISL_19108181|B               0.51%    passed    100.00%
  65  EPI1491228|HA|B/MIE/6/2019|EPI_ISL_364658|B                          0.51%    passed    100.00%
  66  EPI1734621|HA|B/Trang/389/2019|EPI_ISL_430310|B                      0.51%    passed    100.00%
  67  EPI1734589|HA|B/Cambodia/D1031360/2019|EPI_ISL_430306|B              0.51%    passed    100.00%
  68  EPI1734597|HA|B/Cambodia/D1120364/2019|EPI_ISL_430307|B              0.51%    passed    100.00%
  69  EPI1734573|HA|B/Sri_Lanka/30/2019|EPI_ISL_430304|B                   0.51%    passed    100.00%
  70  EPI1734581|HA|B/Cambodia/FSS42224/2019|EPI_ISL_430305|B              0.51%    passed    100.00%
  71  EPI3348898|HA|B/Anhui-MAS/0666/2019|EPI_ISL_19173844|B               0.00%    passed    100.00%
  72  EPI3348899|HA|B/Anhui-MAS/0716/2019|EPI_ISL_19173845|B               0.00%    passed    100.00%
  73  EPI3348901|HA|B/Anhui-MAS/1374/2019|EPI_ISL_19173846|B               0.00%    passed    100.00%
  74  EPI3348894|HA|B/Anhui-MAS/0308/2019|EPI_ISL_19173842|B               0.00%    passed    100.00%
  75  EPI1492122|HA|B/Iran/164310/2019|EPI_ISL_364907|B                    0.00%    passed    100.00%
  76  EPI1628668|HA|B/Bangladesh/1736/2019|EPI_ISL_398472|B                0.51%    passed    100.00%
  77  EPI1495458|HA|B/Bangladesh/2008/2019|EPI_ISL_365721|B                0.51%    passed    100.00%
  78  EPI1629345|HA|B/Vietnam/110/2019|EPI_ISL_398559|B                    0.51%    passed    100.00%
  79  EPI1629584|HA|B/HK/975/2019|EPI_ISL_398596|B                         0.51%    passed    100.00%
  80  EPI1629582|HA|B/HK/974/2019|EPI_ISL_398594|B                         0.51%    passed    100.00%
  81  EPI1629583|HA|B/HK/977/2019|EPI_ISL_398595|B                         0.51%    passed    100.00%
  82  EPI1629581|HA|B/HK/972/2019|EPI_ISL_398593|B                         0.51%    passed    100.00%
  83  EPI1629666|HA|B/Singapore/GP1472/2019|EPI_ISL_398636|B               0.51%    passed    100.00%
  84  EPI1629738|HA|B/Singapore/TT0560/2019|EPI_ISL_398645|B               0.51%    passed    100.00%
  85  EPI1629714|HA|B/Singapore/TT0458/2019|EPI_ISL_398642|B               0.51%    passed    100.00%
  86  EPI1629722|HA|B/Singapore/TT0487/2019|EPI_ISL_398643|B               0.51%    passed    100.00%
  87  EPI1629698|HA|B/Singapore/TT0442/2019|EPI_ISL_398640|B               0.51%    passed    100.00%
  88  EPI1631736|HA|B/Bangladesh/1565/2019|EPI_ISL_398918|B                0.51%    passed    100.00%
  89  EPI4413855|HA|B/Shandong-Tiaoqiao/3103/2019|EPI_ISL_19896609|B       0.51%    passed    100.00%
  90  EPI4413711|HA|B/Shandong-Decheng/11264/2019|EPI_ISL_19896591|B       0.51%    passed    100.00%
  91  EPI4413839|HA|B/Shandong-Shizhong/1914/2019|EPI_ISL_19896607|B       0.51%    passed    100.00%
  92  EPI4413759|HA|B/Shandong-Mudan/1845/2019|EPI_ISL_19896597|B          0.51%    passed    100.00%
  93  EPI1503484|HA|B/Shanxi-Chengqu/1562/2019|EPI_ISL_367005|B            0.00%    passed    100.00%
  94  EPI1503496|HA|B/Neimenggu-Hongshan/1273/2019|EPI_ISL_367009|B        0.51%    passed    100.00%
  95  EPI1503520|HA|B/Jilin-Longshan/1306/2019|EPI_ISL_367017|B            0.51%    passed    100.00%
  96  EPI1503517|HA|B/Anhui-Qiaocheng/1506/2019|EPI_ISL_367016|B           0.34%    passed    100.00%
  97  EPI1503682|HA|B/Jiangxi-Anyuan/1411/2019|EPI_ISL_367071|B            0.51%    passed    100.00%
  98  EPI1503697|HA|B/Fujian-Siming/1366/2019|EPI_ISL_367076|B             0.51%    passed    100.00%
  99  EPI1503688|HA|B/Fujian-Siming/1284/2019|EPI_ISL_367073|B             0.00%    passed    100.00%
 100  EPI1503691|HA|B/Shaanxi-Beilin/1248/2019|EPI_ISL_367074|B            0.00%    passed    100.00%
 101  EPI1503727|HA|B/Guangxi-Xixiangtang/1456/2019|EPI_ISL_367086|B       0.51%    passed    100.00%
 102  EPI1503772|HA|B/Henan-Xigong/1280/2019|EPI_ISL_367101|B              0.51%    passed    100.00%
 103  EPI1503769|HA|B/Jiangsu-Lishui/322/2019|EPI_ISL_367100|B             0.51%    passed    100.00%
 104  EPI1503775|HA|B/Henan-Wolong/1275/2019|EPI_ISL_367102|B              0.51%    passed    100.00%
 105  EPI1503871|HA|B/Jiangxi-Yuanzhou/1412/2019|EPI_ISL_367134|B          0.51%    passed    100.00%
 106  EPI1503856|HA|B/Shanxi-Xinfu/1146/2019|EPI_ISL_367129|B              0.00%    passed    100.00%
 107  EPI1503853|HA|B/Guizhou-Pingba/35/2019|EPI_ISL_367128|B              0.51%    passed    100.00%
 108  EPI1503880|HA|B/Guangdong-Leizhou/38/2019|EPI_ISL_367137|B           0.51%    passed    100.00%
 109  EPI1503919|HA|B/Anhui-Tianjiaan/1323/2019|EPI_ISL_367150|B           0.51%    passed    100.00%
 110  EPI1503907|HA|B/Jiangxi-Zhanggong/31/2019|EPI_ISL_367146|B           0.51%    passed    100.00%
 111  EPI1504009|HA|B/Gansu-Chengguan/1295/2019|EPI_ISL_367180|B           0.51%    passed    100.00%
 112  EPI1503997|HA|B/Anhui-Baohe/1116/2019|EPI_ISL_367176|B               0.00%    passed    100.00%
 113  EPI1504063|HA|B/Zhejiang-Wuxin/1221/2019|EPI_ISL_367198|B            0.00%    passed    100.00%
 114  EPI1504054|HA|B/Hunan-Lusong/1201/2019|EPI_ISL_367195|B              0.00%    passed    100.00%
 115  EPI1504505|HA|B/Guizhou-Honghuagang/1438/2019|EPI_ISL_367342|B       0.51%    passed    100.00%
 116  EPI1763826|HA|B/Antalya/178/2019|EPI_ISL_498421|B                    0.51%    passed    100.00%
 117  EPI1504511|HA|B/Zhejiang-Nanhu/1415/2019|EPI_ISL_367344|B            0.51%    passed    100.00%
 118  EPI1763837|HA|B/Diyarbakir/830/2019|EPI_ISL_498428|B                 0.51%    passed    100.00%
 119  EPI1637577|HA|B/Bhutan/199/2019|EPI_ISL_400164|B                     0.51%    passed    100.00%
 120  EPI1637561|HA|B/Bhutan/212/2019|EPI_ISL_400162|B                     0.51%    passed    100.00%
 121  EPI1504694|HA|B/Yunnan-Anning/1293/2019|EPI_ISL_367405|B             0.00%    passed    100.00%
 122  EPI1504700|HA|B/Shanghai-Jiading/1313/2019|EPI_ISL_367407|B          0.34%    passed    100.00%
 123  EPI1504718|HA|B/Guangxi-Babu/1418/2019|EPI_ISL_367413|B              0.51%    passed    100.00%
 124  EPI1504721|HA|B/Chongqing-Yuzhong/1810/2019|EPI_ISL_367414|B         0.51%    passed    100.00%
 125  EPI1637682|HA|B/Bhutan/230/2019|EPI_ISL_400178|B                     0.51%    passed    100.00%
 126  EPI1504703|HA|B/Hunan-Xiangtan/1519/2019|EPI_ISL_367408|B            0.51%    passed    100.00%
 127  EPI1504712|HA|B/Guizhou-Kaili/1346/2019|EPI_ISL_367411|B             0.00%    passed    100.00%
 128  EPI1504709|HA|B/Hunan-Yongding/37/2019|EPI_ISL_367410|B              0.51%    passed    100.00%
 129  EPI1504745|HA|B/Guangdong-Chikan/1309/2019|EPI_ISL_367422|B          0.51%    passed    100.00%
 130  EPI1640549|HA|B/Singapore/GP1684/2019|EPI_ISL_400653|B               0.51%    passed    100.00%
 131  EPI1640604|HA|B/Singapore/NUH0031/2019|EPI_ISL_400660|B              0.51%    passed    100.00%
 132  EPI1643423|HA|B/Bangladesh/1133/2019|EPI_ISL_401048|B                0.51%    passed    100.00%
 133  EPI1645312|HA|B/Bhutan/675/2019|EPI_ISL_401292|B                     0.51%    passed    100.00%
 134  EPI1645305|HA|B/Bangladesh/4004/2019|EPI_ISL_401291|B                0.51%    passed    100.00%
 135  EPI1646054|HA|B/Singapore/TT0933/2019|EPI_ISL_401447|B               0.51%    passed    100.00%
 136  EPI1646038|HA|B/Singapore/TT0833/2019|EPI_ISL_401445|B               0.51%    passed    100.00%
 137  EPI1646007|HA|B/Singapore/GP2241/2019|EPI_ISL_401441|B               0.51%    passed    100.00%
 138  EPI1646785|HA|B/Al_Buraymi/6667/2019|EPI_ISL_401627|B                0.51%    passed    100.00%
 139  EPI1646819|HA|B/Muscat/7322/2019|EPI_ISL_401661|B                    0.51%    passed    100.00%
 140  EPI1646822|HA|B/Nizwa/6760/2019|EPI_ISL_401664|B                     0.51%    passed    100.00%
 141  EPI1646834|HA|B/Sohar/7135/2019|EPI_ISL_401676|B                     0.51%    passed    100.00%
 142  EPI1646832|HA|B/Salalah/6730/2019|EPI_ISL_401674|B                   0.51%    passed    100.00%
 143  EPI1646830|HA|B/Salalah/5670/2019|EPI_ISL_401672|B                   0.51%    passed    100.00%
 144  EPI1646831|HA|B/Salalah/5825/2019|EPI_ISL_401673|B                   0.51%    passed    100.00%
 145  EPI1647103|HA|B/Qatar/24-VI-19-0045756/2019|EPI_ISL_401739|B         0.51%    passed    100.00%
 146  EPI1648271|HA|B/Shanghai-Minxing/1928/2019|EPI_ISL_402135|B          0.51%    passed    100.00%
 147  EPI1648292|HA|B/Hubei-Xiantao/2405/2019|EPI_ISL_402142|B             0.51%    passed    100.00%
 148  EPI1648286|HA|B/Chongqing-Yuzhong/12001/2019|EPI_ISL_402140|B        0.51%    passed    100.00%
 149  EPI1648280|HA|B/Shandong-Dongying/1593/2019|EPI_ISL_402138|B         0.51%    passed    100.00%
 150  EPI1648316|HA|B/Hubei-Hanyang/311/2019|EPI_ISL_402150|B              0.51%    passed    100.00%
 151  EPI1648310|HA|B/Yunnan-Longchuan/345/2019|EPI_ISL_402148|B           0.51%    passed    100.00%
 152  EPI1648427|HA|B/Guizhou-Xinyi/1910/2019|EPI_ISL_402187|B             0.51%    passed    100.00%
 153  EPI1648454|HA|B/Jiangsu-Tinghu/11906/2019|EPI_ISL_402196|B           0.51%    passed    100.00%
 154  EPI1648457|HA|B/Guizhou-Honghuagang/1965/2019|EPI_ISL_402197|B       0.51%    passed    100.00%
 155  EPI1648556|HA|B/Hunan-Heshan/1926/2019|EPI_ISL_402230|B              0.51%    passed    100.00%
 156  EPI1648559|HA|B/Sichuan-Shunqing/1725/2019|EPI_ISL_402231|B          0.00%    passed    100.00%
 157  EPI1648574|HA|B/Sichuan-Guangan/1829/2019|EPI_ISL_402236|B           0.51%    passed    100.00%
 158  EPI1648577|HA|B/Sichuan-Guangan/1829/2019|EPI_ISL_402237|B           0.51%    passed    100.00%
 159  EPI1648565|HA|B/Shaanxi-Xincheng/11453/2019|EPI_ISL_402233|B         0.51%    passed    100.00%
 160  EPI1648604|HA|B/Chongqing-Yuzhong/11842/2019|EPI_ISL_402246|B        0.51%    passed    100.00%
 161  EPI1648592|HA|B/Yunnan-Yingjiang/364/2019|EPI_ISL_402242|B           0.51%    passed    100.00%
 162  EPI1648616|HA|B/Hunan-Suxian/11134/2019|EPI_ISL_402250|B             0.51%    passed    100.00%
 163  EPI1648730|HA|B/Anhui-Baohe/3117/2019|EPI_ISL_402288|B               0.51%    passed    100.00%
 164  EPI1648835|HA|B/Fujian-Tongan/1707/2019|EPI_ISL_402323|B             0.51%    passed    100.00%
 165  EPI1648892|HA|B/Hunan-Lengshuitan/11196/2019|EPI_ISL_402342|B        0.51%    passed    100.00%
 166  EPI1648895|HA|B/Jiangxi-Yuanzhou/11244/2019|EPI_ISL_402343|B         0.51%    passed    100.00%
 167  EPI1648889|HA|B/Guangxi-Xiangshan/11134/2019|EPI_ISL_402341|B        0.00%    passed    100.00%
 168  EPI1648883|HA|B/Anhui-Xiangshan/1526/2019|EPI_ISL_402339|B           0.00%    passed    100.00%
 169  EPI1648907|HA|B/Shanghai-Pudongxin/11420/2019|EPI_ISL_402347|B       0.51%    passed    100.00%
 170  EPI1736410|HA|B/Hong_Kong/574/2019|EPI_ISL_435338|B                  0.51%    passed    100.00%
 171  EPI1650991|HA|B/Philippines/1103/2019|EPI_ISL_402647|B               0.51%    passed    100.00%
 172  EPI1650969|HA|B/Philippines/1472/2019|EPI_ISL_402644|B               0.51%    passed    100.00%
 173  EPI1650957|HA|B/Philippines/1136/2019|EPI_ISL_402642|B               0.51%    passed    100.00%
 174  EPI1650961|HA|B/Philippines/1275/2019|EPI_ISL_402643|B               0.51%    passed    100.00%
 175  EPI1804161|HA|B/Baramulla/AG_42/2019|EPI_ISL_534100|B                0.51%    passed    100.00%
 176  EPI1804277|HA|B/Pulwama/AG_178/2019|EPI_ISL_534158|B                 0.51%    passed    100.00%
 177  EPI1804297|HA|B/Srinagar/AG_206/2019|EPI_ISL_534168|B                0.51%    passed    100.00%
 178  EPI1520128|HA|B/FUKUI/1/2019|EPI_ISL_370358|B                        0.51%    passed    100.00%
 179  EPI1654794|HA|B/South_Korea/9960/2019|EPI_ISL_403166|B               0.51%    passed    100.00%
 180  EPI1654841|HA|B/South_Korea/9966/2019|EPI_ISL_403172|B               0.51%    passed    100.00%
 181  EPI1658732|HA|B/Malaysia/RP2124/2019|EPI_ISL_404093|B                0.51%    passed    100.00%
 182  EPI1662673|HA|B/Abu_Dhabi/077/2019|EPI_ISL_404647|B                  0.51%    passed    100.00%
 183  EPI2837965|HA|B/Hong_Kong/CUHK008/2019|EPI_ISL_18623930|B            0.51%    passed    100.00%
 184  EPI2837973|HA|B/Hong_Kong/CUHK009/2019|EPI_ISL_18623931|B            0.51%    passed    100.00%
 185  EPI2838109|HA|B/Hong_Kong/CUHK036/2019|EPI_ISL_18623948|B            0.51%    passed    100.00%
 186  EPI2838061|HA|B/Hong_Kong/CUHK025/2019|EPI_ISL_18623942|B            0.51%    passed    100.00%
 187  EPI2838029|HA|B/Hong_Kong/CUHK021/2019|EPI_ISL_18623938|B            0.51%    passed    100.00%
 188  EPI1664890|HA|B/India/4024/2019|EPI_ISL_404926|B                     0.51%    passed    100.00%
 189  EPI1664949|HA|B/Laos/2747/2019|EPI_ISL_404934|B                      0.51%    passed    100.00%
 190  EPI1664973|HA|B/Laos/2471/2019|EPI_ISL_404937|B                      0.51%    passed    100.00%
 191  EPI1668289|HA|B/Japan/10371/2019|EPI_ISL_405497|B                    0.51%    passed    100.00%
 192  EPI1670316|HA|B/Jordan/30272/2019|EPI_ISL_406070|B                   0.51%    passed    100.00%
 193  EPI1670314|HA|B/Iran/189332/2019|EPI_ISL_406069|B                    0.51%    passed    100.00%
 194  EPI1670673|HA|B/Israel/1056/2019|EPI_ISL_406250|B                    0.51%    passed    100.00%
 195  EPI3453188|HA|B/Guangdong/1381/2019|EPI_ISL_19281475|B               0.51%    passed    100.00%
 196  EPI3453184|HA|B/Guangdong/1792/2019|EPI_ISL_19281473|B               0.51%    passed    100.00%
 197  EPI3453217|HA|B/Guangdong/1241/2019|EPI_ISL_19281484|B               0.51%    passed    100.00%
 198  EPI1674680|HA|B/Georgia/1204/2019|EPI_ISL_407544|B                   0.51%    passed    100.00%
 199  EPI1674719|HA|B/Kyrgzstan/293/2019|EPI_ISL_407565|B                  0.51%    passed    100.00%
 200  EPI1679689|HA|B/Philippines/28/2019|EPI_ISL_408518|B                 0.51%    passed    100.00%
 201  EPI1679691|HA|B/Philippines/31/2019|EPI_ISL_408519|B                 0.51%    passed    100.00%
 202  EPI1679685|HA|B/Yasothon/381/2019|EPI_ISL_408516|B                   0.51%    passed    100.00%
 203  EPI1679701|HA|B/Nakhonphanom/460/2019|EPI_ISL_408524|B               0.51%    passed    100.00%
 204  EPI1679699|HA|B/Trang/437/2019|EPI_ISL_408523|B                      0.51%    passed    100.00%
 205  EPI1679871|HA|B/Orkhon/2674/2019|EPI_ISL_408566|B                    0.51%    passed    100.00%
 206  EPI1679877|HA|B/Selenge/2761/2019|EPI_ISL_408569|B                   0.51%    passed    100.00%
 207  EPI1684890|HA|B/Rarchaburi/372/2019|EPI_ISL_409258|B                 0.51%    passed    100.00%
 208  EPI1687317|HA|B/Chiang_Rai/481/2019|EPI_ISL_409582|B                 0.51%    passed    100.00%
 209  EPI1687293|HA|B/Bangkok/476/2019|EPI_ISL_409579|B                    0.51%    passed    100.00%
 210  EPI1689096|HA|B/Armenia/1455/2019|EPI_ISL_409788|B                   0.51%    passed    100.00%
 211  EPI1542387|HA|B/Fujian-Gulou/1449/2019|EPI_ISL_377019|B              0.51%    passed    100.00%
 212  EPI1542414|HA|B/Guangxi-Qinbei/348/2019|EPI_ISL_377028|B             0.51%    passed    100.00%
 213  EPI1542402|HA|B/Shanghai-Xuhui/1702/2019|EPI_ISL_377024|B            0.51%    passed    100.00%
 214  EPI1542441|HA|B/Zhejiang-Nanhu/1459/2019|EPI_ISL_377037|B            0.51%    passed    100.00%
 215  EPI1542438|HA|B/Fujian-Sanyuan/2504/2019|EPI_ISL_377036|B            0.51%    passed    100.00%
 216  EPI1542426|HA|B/Fujian-Siming/1464/2019|EPI_ISL_377032|B             0.51%    passed    100.00%
 217  EPI1542453|HA|B/Guangdong-Enping/322/2019|EPI_ISL_377041|B           0.51%    passed    100.00%
 218  EPI1689134|HA|B/Kazakhstan/158/2019|EPI_ISL_409808|B                 0.51%    passed    100.00%
 219  EPI1689173|HA|B/Palestine/11R/2019|EPI_ISL_409830|B                  0.51%    passed    100.00%
 220  EPI1689177|HA|B/Palestine/14S/2019|EPI_ISL_409832|B                  0.51%    passed    100.00%
 221  EPI1542585|HA|B/Sichuan-Lizhou/1339/2019|EPI_ISL_377085|B            0.51%    passed    100.00%
 222  EPI1542920|HA|B/Hong_Kong/218/2019|EPI_ISL_377212|B                  0.51%    passed    100.00%
 223  EPI1542924|HA|B/Hong_Kong/574/2019|EPI_ISL_377214|B                  0.51%    passed    100.00%
 224  EPI1542918|HA|B/Georgia/675/2019|EPI_ISL_377211|B                    0.51%    passed    100.00%
 225  EPI1542930|HA|B/Hong_Kong/577/2019|EPI_ISL_377217|B                  0.51%    passed    100.00%
 226  EPI1542946|HA|B/Hong_Kong/585/2019|EPI_ISL_377225|B                  0.51%    passed    100.00%
 227  EPI1690239|HA|B/Sichuan-Qingyang/12039/2019|EPI_ISL_410135|B         0.51%    passed    100.00%
 228  EPI1690421|HA|B/Cambodia/D1216371/2019|EPI_ISL_410197|B              0.51%    passed    100.00%
 229  EPI1690441|HA|B/Malaysia/UM009/2019|EPI_ISL_410207|B                 0.51%    passed    100.00%
 230  EPI1690437|HA|B/Malaysia/RP2138/2019|EPI_ISL_410205|B                0.51%    passed    100.00%
 231  EPI1690431|HA|B/Cambodia/E0109366/2019|EPI_ISL_410202|B              0.51%    passed    100.00%
 232  EPI1690429|HA|B/Cambodia/D1225364/2019|EPI_ISL_410201|B              0.51%    passed    100.00%
 233  EPI1691333|HA|B/HK/990/2019|EPI_ISL_410322|B                         0.51%    passed    100.00%
 234  EPI1691332|HA|B/HK/986/2019|EPI_ISL_410321|B                         0.51%    passed    100.00%
 235  EPI1544566|HA|B/Bangladesh/1190413002/2019|EPI_ISL_377575|B          0.51%    passed    100.00%
 236  EPI1544757|HA|B/Bahrain/351/2019|EPI_ISL_377601|B                    0.51%    passed    100.00%
 237  EPI1691715|HA|B/Ulaanbaatar/2706/2019|EPI_ISL_410495|B               0.51%    passed    100.00%
 238  EPI1691813|HA|B/Guangxi-Yuzhou/11323/2019|EPI_ISL_410550|B           0.51%    passed    100.00%
 239  EPI1691807|HA|B/Hunan-Louxin/1961/2019|EPI_ISL_410548|B              0.51%    passed    100.00%
 240  EPI1691837|HA|B/Zhejiang-Kecheng/11058/2019|EPI_ISL_410558|B         0.51%    passed    100.00%
 241  EPI1691831|HA|B/Hunan-Liuyang/3140/2019|EPI_ISL_410556|B             0.51%    passed    100.00%
 242  EPI1691828|HA|B/Hunan-Liuyang/3140/2019|EPI_ISL_410555|B             0.51%    passed    100.00%
 243  EPI1691864|HA|B/Guangxi-Lingshan/3102/2019|EPI_ISL_410567|B          0.51%    passed    100.00%
 244  EPI1691849|HA|B/Fujian-Longhai/375/2019|EPI_ISL_410562|B             0.51%    passed    100.00%
 245  EPI1691852|HA|B/Fujian-Longhai/375/2019|EPI_ISL_410563|B             0.51%    passed    100.00%
 246  EPI1691846|HA|B/Shanghai-Huangpu/11014/2019|EPI_ISL_410561|B         0.51%    passed    100.00%
 247  EPI1691873|HA|B/Tianjin-Jinnan/3137/2019|EPI_ISL_410570|B            0.51%    passed    100.00%
 248  EPI1692095|HA|B/Fujian-Tongan/358/2019|EPI_ISL_410644|B              0.51%    passed    100.00%
 249  EPI1692098|HA|B/Jiangsu-Qinhuai/1953/2019|EPI_ISL_410645|B           0.00%    passed    100.00%
 250  EPI1692092|HA|B/Zhejiang-Yuhang/3139/2019|EPI_ISL_410643|B           0.51%    passed    100.00%
 251  EPI1795427|HA|B/Indonesia/NIHRDBPP1360/2019|EPI_ISL_510008|B         0.51%    passed    100.00%
 252  EPI1852683|HA|B/Vietnam/Vnhcm-Vp117/2019|EPI_ISL_1296467|B           0.51%    passed    100.00%
 253  EPI1852667|HA|B/Vietnam/Vnhcm-Gs511/2019|EPI_ISL_1296465|B           0.51%    passed    100.00%
 254  EPI1852659|HA|B/Vietnam/Vnhcm-Gs514/2019|EPI_ISL_1296464|B           0.51%    passed    100.00%
 255  EPI1852738|HA|B/Vietnam/Vnhcm-Gs395/2019|EPI_ISL_1296474|B           0.51%    passed    100.00%
 256  EPI1699920|HA|B/Japan/10595/2019|EPI_ISL_412615|B                    0.51%    passed    100.00%
 257  EPI1394182|HA|B/NAGASAKI/579/2019|EPI_ISL_347749|B                   0.51%    passed    100.00%
 258  EPI1394142|HA|B/KANAGAWA/ZC1825/2019|EPI_ISL_347744|B                0.51%    passed    100.00%
 259  EPI1807459|HA|B/Qatar/16-VI-19-0045885/2019|EPI_ISL_609963|B         0.51%    passed    100.00%
 260  EPI1398328|HA|B/Philippines/10/2019|EPI_ISL_348307|B                 0.34%    passed    100.00%
 261  EPI1398326|HA|B/Philippines/9/2019|EPI_ISL_348306|B                  0.34%    passed    100.00%
 262  EPI1708216|HA|B/SAITAMA/62/2019|EPI_ISL_414404|B                     0.51%    passed    100.00%
 263  EPI1568110|HA|B/HK/217/2019|EPI_ISL_381920|B                         0.51%    passed    100.00%
 264  EPI1568124|HA|B/HK/174/2019|EPI_ISL_381934|B                         0.51%    passed    100.00%
 265  EPI1711334|HA|B/Nepal/19FL1305/2019|EPI_ISL_415188|B                 0.51%    passed    100.00%
 266  EPI1409728|HA|B/Lebanon/270/2019|EPI_ISL_350022|B                    0.34%    passed    100.00%
 267  EPI1837814|HA|B/HYOGO/1086/2019|EPI_ISL_710498|B                     0.51%    passed    100.00%
 268  EPI1410054|HA|B/Kuwait/149/2019|EPI_ISL_350065|B                     0.34%    passed    100.00%
 269  EPI1922885|HA|B/Malaysia/RP2127/2019|EPI_ISL_5462150|B               0.51%    passed    100.00%
 270  EPI1415324|HA|B/HK/4/2019|EPI_ISL_350919|B                           0.51%    passed    100.00%
 271  EPI1415323|HA|B/HK/1/2019|EPI_ISL_350918|B                           0.34%    passed    100.00%
 272  EPI1415329|HA|B/HK/10/2019|EPI_ISL_350924|B                          0.34%    passed    100.00%
 273  EPI1415331|HA|B/HK/16/2019|EPI_ISL_350926|B                          0.34%    passed    100.00%
 274  EPI1415325|HA|B/HK/5/2019|EPI_ISL_350920|B                           0.34%    passed    100.00%
 275  EPI1415333|HA|B/HK/15/2019|EPI_ISL_350928|B                          0.34%    passed    100.00%
 276  EPI1415342|HA|B/HK/28/2019|EPI_ISL_350937|B                          0.51%    passed    100.00%
 277  EPI1927030|HA|B/Malaysia/RP1208/2019|EPI_ISL_6314644|B               0.34%    passed    100.00%
 278  EPI1718043|HA|B/Afghanistan/2445/2019|EPI_ISL_416946|B               0.51%    passed    100.00%
 279  EPI3916335|HA|B/shenzhen/6/2019|EPI_ISL_19717613|B                   0.51%    passed    100.00%
 280  EPI1718177|HA|B/Kuwait/4877/2019|EPI_ISL_416964|B                    0.51%    passed    100.00%
 281  EPI1718185|HA|B/Kuwait/5767/2019|EPI_ISL_416965|B                    0.51%    passed    100.00%
 282  EPI1718255|HA|B/Laos/3717/2019|EPI_ISL_416974|B                      0.51%    passed    100.00%
 283  EPI3916357|HA|B/shenzhen/17/2019|EPI_ISL_19717624|B                  0.51%    passed    100.00%
 284  EPI3916345|HA|B/shenzhen/11/2019|EPI_ISL_19717618|B                  0.51%    passed    100.00%
 285  EPI1811509|HA|B/Guangdong-Dongwanbendi/1523/2019|EPI_ISL_614322|B    0.51%    passed    100.00%
 286  EPI1425246|HA|B/SAITAMA/3/2019|EPI_ISL_352907|B                      0.34%    passed    100.00%
 287  EPI1425261|HA|B/FUKUSHIMA/2/2019|EPI_ISL_352912|B                    0.34%    passed    100.00%
 288  EPI1425267|HA|B/KANAGAWA/1/2019|EPI_ISL_352914|B                     0.51%    passed    100.00%
 289  EPI1722208|HA|B/Malaysia/RP3769/2019|EPI_ISL_419643|B                0.51%    passed    100.00%
 290  EPI1574018|HA|B/Phetchaburi/177/2019|EPI_ISL_386885|B                0.51%    passed    100.00%
 291  EPI1574034|HA|B/Ayutthaya/118/2019|EPI_ISL_386887|B                  0.00%    passed    100.00%
 292  EPI1574026|HA|B/Surat_Thani/173/2019|EPI_ISL_386886|B                0.51%    passed    100.00%
 293  EPI1722218|HA|B/Sri_Lanka/25/2019|EPI_ISL_419648|B                   0.51%    passed    100.00%
 294  EPI1574100|HA|B/Chanthaburi/25/2019|EPI_ISL_386895|B                 0.00%    passed    100.00%
 295  EPI1574196|HA|B/Bahrain/232/2019|EPI_ISL_386908|B                    0.51%    passed    100.00%
 296  EPI1574169|HA|B/Bangkok/259/2019|EPI_ISL_386904|B                    0.51%    passed    100.00%
 297  EPI1753034|HA|B/Macao/609541/2019|EPI_ISL_485506|B                   0.51%    passed    100.00%
 298  EPI1722781|HA|B/Laos/3476/2019|EPI_ISL_421012|B                      0.51%    passed    100.00%
 299  EPI1754244|HA|B/Saudi_Arabia/1042449379/2019|EPI_ISL_486802|B        0.51%    passed    100.00%
 300  EPI1583549|HA|B/KANAGAWA/5/2019|EPI_ISL_389091|B                     0.51%    passed    100.00%
 301  EPI1815282|HA|B/Beirut/AUB_1102_N/2019|EPI_ISL_684062|B              0.51%    passed    100.00%
 302  EPI1815280|HA|B/Beirut/AUB_1097_N/2019|EPI_ISL_684061|B              0.51%    passed    100.00%
 303  EPI1815286|HA|B/Beirut/AUB_1108_N/2019|EPI_ISL_684064|B              0.51%    passed    100.00%
 304  EPI1583900|HA|B/Oman/4229/2019|EPI_ISL_389245|B                      0.51%    passed    100.00%
 305  EPI1583904|HA|B/Oman/4309/2019|EPI_ISL_389247|B                      0.51%    passed    100.00%
 306  EPI1583902|HA|B/Oman/4241/2019|EPI_ISL_389246|B                      0.51%    passed    100.00%
 307  EPI1583908|HA|B/Oman/4504/2019|EPI_ISL_389249|B                      0.51%    passed    100.00%
 308  EPI1584440|HA|B/Cambodia/d0619384/2019|EPI_ISL_389501|B              0.51%    passed    100.00%
 309  EPI1584444|HA|B/Macau/602401/2019|EPI_ISL_389503|B                   0.51%    passed    100.00%
 310  EPI1584448|HA|B/Macau/604090/2019|EPI_ISL_389505|B                   0.51%    passed    100.00%
 311  EPI1584446|HA|B/Macau/602915/2019|EPI_ISL_389504|B                   0.51%    passed    100.00%
 312  EPI1585650|HA|B/Hong_Kong/738/2019|EPI_ISL_389943|B                  0.51%    passed    100.00%
 313  EPI1585666|HA|B/Hong_Kong/742/2019|EPI_ISL_389945|B                  0.51%    passed    100.00%
 314  EPI1585658|HA|B/Hong_Kong/733/2019|EPI_ISL_389944|B                  0.51%    passed    100.00%
 315  EPI1585953|HA|B/Bangladesh/2002/2019|EPI_ISL_389983|B                0.51%    passed    100.00%
 316  EPI1585906|HA|B/Bangladesh/9010/2019|EPI_ISL_389976|B                0.51%    passed    100.00%
 317  EPI1585969|HA|B/Bangladesh/3065/2019|EPI_ISL_389985|B                0.51%    passed    100.00%
 318  EPI1585961|HA|B/Bangladesh/1190614010/2019|EPI_ISL_389984|B          0.51%    passed    100.00%
 319  EPI1589366|HA|B/Taiwan/70264/2019|EPI_ISL_390439|B                   0.51%    passed    100.00%
 320  EPI1589654|HA|B/Guangdong-Rongcheng/1628/2019|EPI_ISL_390621|B       0.51%    passed    100.00%
 321  EPI1589703|HA|B/Guangdong-Xiangqiao/1626/2019|EPI_ISL_390637|B       0.51%    passed    100.00%
 322  EPI1589700|HA|B/Guangxi-Gangbei/1712/2019|EPI_ISL_390636|B           0.51%    passed    100.00%
 323  EPI1589709|HA|B/Jiangxi-Anyuan/1699/2019|EPI_ISL_390639|B            0.51%    passed    100.00%
 324  EPI1589727|HA|B/Hubei-Shashi/8275/2019|EPI_ISL_390645|B              0.00%    passed    100.00%
 325  EPI1589724|HA|B/Guangdong-Yuancheng/1559/2019|EPI_ISL_390644|B       0.51%    passed    100.00%
 326  EPI1589730|HA|B/Sichuan-Tongchuan/1516/2019|EPI_ISL_390646|B         0.00%    passed    100.00%
 327  EPI1589751|HA|B/Guangdong-Maonan/891/2019|EPI_ISL_390653|B           0.51%    passed    100.00%
 328  EPI1589748|HA|B/Guangdong-Chikan/1360/2019|EPI_ISL_390652|B          0.51%    passed    100.00%
 329  EPI1449510|HA|B/Oman/901/2019|EPI_ISL_358015|B                       0.51%    passed    100.00%
 330  EPI1590728|HA|B/Shanghai-Fengxian/1679/2019|EPI_ISL_391022|B         0.51%    passed    100.00%
 331  EPI2284316|HA|B/Saudi_Arabia/KFMC-179/2019|EPI_ISL_16447672|B        0.34%    passed    100.00%
 332  EPI1592898|HA|B/India/1623/2019|EPI_ISL_391311|B                     0.34%    passed    100.00%
 333  EPI1592870|HA|B/Pakistan/107/2019|EPI_ISL_391307|B                   0.34%    passed    100.00%
 334  EPI1592862|HA|B/Pakistan/101/2019|EPI_ISL_391306|B                   0.34%    passed    100.00%
 335  EPI1592976|HA|B/Laos/1149/2019|EPI_ISL_391321|B                      0.51%    passed    100.00%
 336  EPI1593080|HA|B/Bangladesh/4014/2019|EPI_ISL_391334|B                0.00%    passed    100.00%
 337  EPI1593904|HA|B/KANAGAWA/AC1872/2019|EPI_ISL_391429|B                0.51%    passed    100.00%
 338  EPI1595104|HA|B/Singapore/KK0864/2019|EPI_ISL_391710|B               0.51%    passed    100.00%
 339  EPI1595135|HA|B/Singapore/EN0223/2019|EPI_ISL_391716|B               0.00%    passed    100.00%
 340  EPI1595112|HA|B/Singapore/TT0325/2019|EPI_ISL_391713|B               0.51%    passed    100.00%
 341  EPI1595182|HA|B/Singapore/NTF0033/2019|EPI_ISL_391725|B              0.51%    passed    100.00%
 342  EPI1595175|HA|B/Singapore/KK0870/2019|EPI_ISL_391724|B               0.51%    passed    100.00%
 343  EPI1595300|HA|B/Singapore/TT0392/2019|EPI_ISL_391741|B               0.51%    passed    100.00%
 344  EPI1726427|HA|B/Taiwan/83701/2019|EPI_ISL_424824|B                   0.51%    passed    100.00%
 345  EPI1726432|HA|B/Taiwan/83858/2019|EPI_ISL_424825|B                   0.51%    passed    100.00%
 346  EPI1757568|HA|B/Maryland/15/2019|EPI_ISL_491705|B                    0.51%    passed    100.00%
 347  EPI1601996|HA|B/New_York/9849/2019|EPI_ISL_393561|B                  0.51%    passed    100.00%
 348  EPI1602635|HA|B/Florida/49/2019|EPI_ISL_393645|B                     0.51%    passed    100.00%
 349  EPI1602763|HA|B/Florida/43/2019|EPI_ISL_393661|B                     0.51%    passed    100.00%
 350  EPI1602739|HA|B/Hawaii/37/2019|EPI_ISL_393658|B                      0.51%    passed    100.00%
 351  EPI1602826|HA|B/Hawaii/36/2019|EPI_ISL_393669|B                      0.51%    passed    100.00%
 352  EPI1873158|HA|B/Pennsylvania/42/2019|EPI_ISL_2557430|B               0.51%    passed    100.00%
 353  EPI1873143|HA|B/Pennsylvania/45/2019|EPI_ISL_2557428|B               0.51%    passed    100.00%
 354  EPI1873719|HA|B/Pennsylvania/38/2019|EPI_ISL_2557679|B               0.51%    passed    100.00%
 355  EPI1873703|HA|B/Pennsylvania/61/2019|EPI_ISL_2557677|B               0.51%    passed    100.00%
 356  EPI1873672|HA|B/Pennsylvania/49/2019|EPI_ISL_2557673|B               0.51%    passed    100.00%
 357  EPI1873743|HA|B/Pennsylvania/58/2019|EPI_ISL_2557682|B               0.51%    passed    100.00%
 358  EPI1874191|HA|B/Texas/118/2019|EPI_ISL_2557731|B                     0.51%    passed    100.00%
 359  EPI1873941|HA|B/Texas/101/2019|EPI_ISL_2557707|B                     0.51%    passed    100.00%
 360  EPI1873933|HA|B/Texas/127/2019|EPI_ISL_2557706|B                     0.51%    passed    100.00%
 361  EPI1874317|HA|B/Texas/116/2019|EPI_ISL_2557859|B                     0.51%    passed    100.00%
 362  EPI1874401|HA|B/Texas/81/2019|EPI_ISL_2557871|B                      0.51%    passed    100.00%
 363  EPI1874246|HA|B/Texas/124/2019|EPI_ISL_2557850|B                     0.51%    passed    100.00%
 364  EPI1481623|HA|B/Colorado/12/2019|EPI_ISL_362486|B                    0.34%    passed    100.00%
 365  EPI1481838|HA|B/Utah/08/2019|EPI_ISL_362514|B                        0.34%    passed    100.00%
 366  EPI1482013|HA|B/Iowa/21/2019|EPI_ISL_362536|B                        0.34%    passed    100.00%
 367  EPI1731432|HA|B/Texas/11825/2019|EPI_ISL_428180|B                    0.51%    passed    100.00%
 368  EPI1610137|HA|B/Texas/33/2019|EPI_ISL_395511|B                       0.34%    passed    100.00%
 369  EPI1610089|HA|B/Florida/56/2019|EPI_ISL_395505|B                     0.34%    passed    100.00%
 370  EPI1610177|HA|B/Oregon/06/2019|EPI_ISL_395516|B                      0.51%    passed    100.00%
 371  EPI1610185|HA|B/California/32/2019|EPI_ISL_395517|B                  0.51%    passed    100.00%
 372  EPI1610153|HA|B/Arizona/21/2019|EPI_ISL_395513|B                     0.51%    passed    100.00%
 373  EPI1610222|HA|B/District_Of_Columbia/19/2019|EPI_ISL_395522|B        0.51%    passed    100.00%
 374  EPI1488872|HA|B/Florida/18/2019|EPI_ISL_364200|B                     0.00%    passed    100.00%
 375  EPI1488981|HA|B/Texas/25/2019|EPI_ISL_364214|B                       0.00%    passed    100.00%
 376  EPI1488936|HA|B/Michigan/31/2019|EPI_ISL_364208|B                    0.34%    passed    100.00%
 377  EPI1488949|HA|B/Michigan/33/2019|EPI_ISL_364210|B                    0.34%    passed    100.00%
 378  EPI1618071|HA|B/Washington/15/2019|EPI_ISL_397039|B                  0.51%    passed    100.00%
 379  EPI1618047|HA|B/California/36/2019|EPI_ISL_397036|B                  0.51%    passed    100.00%
 380  EPI1489412|HA|B/Pennsylvania/16/2019|EPI_ISL_364271|B                0.34%    passed    100.00%
 381  EPI1489513|HA|B/New_York/11/2019|EPI_ISL_364284|B                    0.00%    passed    100.00%
 382  EPI1618175|HA|B/California/31/2019|EPI_ISL_397052|B                  0.51%    passed    100.00%
 383  EPI1618215|HA|B/Louisiana/28/2019|EPI_ISL_397057|B                   0.51%    passed    100.00%
 384  EPI1618451|HA|B/Alabama/08/2019|EPI_ISL_397133|B                     0.34%    passed    100.00%
 385  EPI1618578|HA|B/Delaware/11/2019|EPI_ISL_397149|B                    0.51%    passed    100.00%
 386  EPI1618547|HA|B/New_Jersey/07/2019|EPI_ISL_397145|B                  0.51%    passed    100.00%
 387  EPI1618651|HA|B/North_Dakota/10/2019|EPI_ISL_397159|B                0.51%    passed    100.00%
 388  EPI1618627|HA|B/Delaware/12/2019|EPI_ISL_397156|B                    0.51%    passed    100.00%
 389  EPI1618699|HA|B/Alabama/07/2019|EPI_ISL_397165|B                     0.34%    passed    100.00%
 390  EPI1628724|HA|B/Nevada/07/2019|EPI_ISL_398479|B                      0.51%    passed    100.00%
 391  EPI1495338|HA|B/Florida/28/2019|EPI_ISL_365704|B                     0.51%    passed    100.00%
 392  EPI1628837|HA|B/California/48/2019|EPI_ISL_398495|B                  0.51%    passed    100.00%
 393  EPI1628892|HA|B/Idaho/11/2019|EPI_ISL_398502|B                       0.51%    passed    100.00%
 394  EPI1628869|HA|B/Nevada/05/2019|EPI_ISL_398499|B                      0.51%    passed    100.00%
 395  EPI1629020|HA|B/Alabama/09/2019|EPI_ISL_398518|B                     0.34%    passed    100.00%
 396  EPI1629084|HA|B/Michigan/64/2019|EPI_ISL_398526|B                    0.51%    passed    100.00%
 397  EPI1631556|HA|B/Idaho/12/2019|EPI_ISL_398894|B                       0.51%    passed    100.00%
 398  EPI1631604|HA|B/District_Of_Columbia/22/2019|EPI_ISL_398900|B        0.51%    passed    100.00%
 399  EPI1631580|HA|B/Massachusetts/18/2019|EPI_ISL_398897|B               0.34%    passed    100.00%
 400  EPI1631636|HA|B/Pennsylvania/26/2019|EPI_ISL_398904|B                0.51%    passed    100.00%
 401  EPI1631768|HA|B/North_Carolina/10/2019|EPI_ISL_398922|B              0.51%    passed    100.00%
 402  EPI1883194|HA|B/Washington/30/2019|EPI_ISL_3086828|B                 0.51%    passed    100.00%
 403  EPI1883164|HA|B/Washington/31/2019|EPI_ISL_3086806|B                 0.34%    passed    100.00%
 404  EPI1637179|HA|B/Louisiana/36/2019|EPI_ISL_400109|B                   0.51%    passed    100.00%
 405  EPI1637155|HA|B/Louisiana/57/2019|EPI_ISL_400106|B                   0.51%    passed    100.00%
 406  EPI1637255|HA|B/Louisiana/58/2019|EPI_ISL_400119|B                   0.51%    passed    100.00%
 407  EPI1637322|HA|B/Louisiana/71/2019|EPI_ISL_400130|B                   0.51%    passed    100.00%
 408  EPI1637413|HA|B/Louisiana/85/2019|EPI_ISL_400142|B                   0.51%    passed    100.00%
 409  EPI1637378|HA|B/Louisiana/47/2019|EPI_ISL_400137|B                   0.51%    passed    100.00%
 410  EPI1637470|HA|B/Louisiana/98/2019|EPI_ISL_400150|B                   0.51%    passed    100.00%
 411  EPI1637441|HA|B/Louisiana/90/2019|EPI_ISL_400146|B                   0.51%    passed    100.00%
 412  EPI1637794|HA|B/Arkansas/01/2019|EPI_ISL_400192|B                    0.51%    passed    100.00%
 413  EPI1637917|HA|B/Louisiana/101/2019|EPI_ISL_400207|B                  0.51%    passed    100.00%
 414  EPI1637989|HA|B/Texas/40/2019|EPI_ISL_400216|B                       0.51%    passed    100.00%
 415  EPI1508300|HA|B/Vermont/04/2019|EPI_ISL_368218|B                     0.51%    passed    100.00%
 416  EPI1508354|HA|B/Texas/27/2019|EPI_ISL_368225|B                       0.00%    passed    100.00%
 417  EPI1508470|HA|B/Florida/33/2019|EPI_ISL_368240|B                     0.51%    passed    100.00%
 418  EPI1643207|HA|B/Utah/13/2019|EPI_ISL_401021|B                        0.51%    passed    100.00%
 419  EPI1643271|HA|B/Idaho/16/2019|EPI_ISL_401029|B                       0.51%    passed    100.00%
 420  EPI1643690|HA|B/California/71/2019|EPI_ISL_401082|B                  0.51%    passed    100.00%
 421  EPI1643936|HA|B/Indiana/14/2019|EPI_ISL_401113|B                     0.51%    passed    100.00%
 422  EPI1644823|HA|B/Oklahoma/12/2019|EPI_ISL_401225|B                    0.51%    passed    100.00%
 423  EPI1645047|HA|B/Florida/74/2019|EPI_ISL_401256|B                     0.51%    passed    100.00%
 424  EPI1512858|HA|B/Ohio/9730/2019|EPI_ISL_369055|B                      0.51%    passed    100.00%
 425  EPI1651148|HA|B/Connecticut/09/2019|EPI_ISL_402671|B                 0.51%    passed    100.00%
 426  EPI1651187|HA|B/District_Of_Columbia/25/2019|EPI_ISL_402676|B        0.51%    passed    100.00%
 427  EPI1651156|HA|B/New_Hampshire/17/2019|EPI_ISL_402672|B               0.34%    passed    100.00%
 428  EPI1651259|HA|B/Florida/76/2019|EPI_ISL_402685|B                     0.34%    passed    100.00%
 429  EPI1651316|HA|B/Wisconsin/46/2019|EPI_ISL_402693|B                   0.51%    passed    100.00%
 430  EPI1653348|HA|B/Hawaii/49/2019|EPI_ISL_402948|B                      0.34%    passed    100.00%
 431  EPI1653310|HA|B/Montana/22/2019|EPI_ISL_402944|B                     0.51%    passed    100.00%
 432  EPI1653810|HA|B/Virginia/27/2019|EPI_ISL_403044|B                    0.51%    passed    100.00%
 433  EPI1653818|HA|B/New_York/16/2019|EPI_ISL_403045|B                    0.51%    passed    100.00%
 434  EPI1653794|HA|B/Maryland/30/2019|EPI_ISL_403042|B                    0.51%    passed    100.00%
 435  EPI1653911|HA|B/Texas/48/2019|EPI_ISL_403055|B                       0.51%    passed    100.00%
 436  EPI1654498|HA|B/Nevada/9921/2019|EPI_ISL_403127|B                    0.51%    passed    100.00%
 437  EPI1654474|HA|B/Mississippi/9918/2019|EPI_ISL_403124|B               0.51%    passed    100.00%
 438  EPI1654466|HA|B/Kentucky/9917/2019|EPI_ISL_403123|B                  0.51%    passed    100.00%
 439  EPI1654738|HA|B/Ohio/9953/2019|EPI_ISL_403159|B                      0.51%    passed    100.00%
 440  EPI1654921|HA|B/Texas/9978/2019|EPI_ISL_403182|B                     0.51%    passed    100.00%
 441  EPI1654974|HA|B/Texas/9985/2019|EPI_ISL_403189|B                     0.51%    passed    100.00%
 442  EPI1654934|HA|B/Texas/9980/2019|EPI_ISL_403184|B                     0.51%    passed    100.00%
 443  EPI1654998|HA|B/Texas/9988/2019|EPI_ISL_403192|B                     0.51%    passed    100.00%
 444  EPI1655072|HA|B/Texas/10000/2019|EPI_ISL_403204|B                    0.51%    passed    100.00%
 445  EPI1655064|HA|B/Texas/9999/2019|EPI_ISL_403203|B                     0.51%    passed    100.00%
 446  EPI1655152|HA|B/Washington/10010/2019|EPI_ISL_403214|B               0.34%    passed    100.00%
 447  EPI1655112|HA|B/Texas/10005/2019|EPI_ISL_403209|B                    0.51%    passed    100.00%
 448  EPI1520402|HA|B/Texas/7954/2019|EPI_ISL_370485|B                     0.34%    passed    100.00%
 449  EPI1520396|HA|B/Texas/7956/2019|EPI_ISL_370484|B                     0.34%    passed    100.00%
 450  EPI1520410|HA|B/Texas/7955/2019|EPI_ISL_370486|B                     0.34%    passed    100.00%
 451  EPI1657979|HA|B/Nevada/10086/2019|EPI_ISL_403880|B                   0.51%    passed    100.00%
 452  EPI1658125|HA|B/Texas/10107/2019|EPI_ISL_403901|B                    0.51%    passed    100.00%
 453  EPI1658257|HA|B/Texas/10126/2019|EPI_ISL_403919|B                    0.51%    passed    100.00%
 454  EPI1658284|HA|B/Virginia/10130/2019|EPI_ISL_403923|B                 0.51%    passed    100.00%
 455  EPI1660435|HA|B/Colorado/10203/2019|EPI_ISL_404350|B                 0.51%    passed    100.00%
 456  EPI1660427|HA|B/Colorado/10202/2019|EPI_ISL_404349|B                 0.51%    passed    100.00%
 457  EPI1660405|HA|B/Alaska/10199/2019|EPI_ISL_404346|B                   0.51%    passed    100.00%
 458  EPI1660411|HA|B/California/10200/2019|EPI_ISL_404347|B               0.51%    passed    100.00%
 459  EPI1660561|HA|B/Nevada/10220/2019|EPI_ISL_404367|B                   0.51%    passed    100.00%
 460  EPI1660710|HA|B/Nevada/10241/2019|EPI_ISL_404388|B                   0.51%    passed    100.00%
 461  EPI1660712|HA|B/Nevada/10242/2019|EPI_ISL_404389|B                   0.51%    passed    100.00%
 462  EPI1660977|HA|B/Virginia/10279/2019|EPI_ISL_404425|B                 0.51%    passed    100.00%
 463  EPI1662657|HA|B/North_Dakota/16/2019|EPI_ISL_404645|B                0.51%    passed    100.00%
 464  EPI1662745|HA|B/Louisiana/131/2019|EPI_ISL_404656|B                  0.51%    passed    100.00%
 465  EPI1662904|HA|B/North_Dakota/17/2019|EPI_ISL_404677|B                0.51%    passed    100.00%
 466  EPI1663167|HA|B/Texas/49/2019|EPI_ISL_404711|B                       0.51%    passed    100.00%
 467  EPI1663175|HA|B/Montana/24/2019|EPI_ISL_404712|B                     0.51%    passed    100.00%
 468  EPI1664380|HA|B/New_Hampshire/18/2019|EPI_ISL_404862|B               0.51%    passed    100.00%
 469  EPI1866621|HA|B/Washington/97/2019|EPI_ISL_2305374|B                 0.51%    passed    100.00%
 470  EPI1664489|HA|B/Georgia/10/2019|EPI_ISL_404876|B                     0.34%    passed    100.00%
 471  EPI1664672|HA|B/Texas/53/2019|EPI_ISL_404898|B                       0.51%    passed    100.00%
 472  EPI1664728|HA|B/California/89/2019|EPI_ISL_404905|B                  0.51%    passed    100.00%
 473  EPI1866902|HA|B/Washington/96/2019|EPI_ISL_2305576|B                 0.51%    passed    100.00%
 474  EPI1668334|HA|B/Mississippi/10377/2019|EPI_ISL_405503|B              0.51%    passed    100.00%
 475  EPI1668355|HA|B/Mississippi/10381/2019|EPI_ISL_405507|B              0.51%    passed    100.00%
 476  EPI1668530|HA|B/Ohio/10406/2019|EPI_ISL_405532|B                     0.51%    passed    100.00%
 477  EPI1668596|HA|B/Texas/10416/2019|EPI_ISL_405541|B                    0.51%    passed    100.00%
 478  EPI1668692|HA|B/Virginia/10429/2019|EPI_ISL_405554|B                 0.51%    passed    100.00%
 479  EPI1668684|HA|B/Virginia/10428/2019|EPI_ISL_405553|B                 0.51%    passed    100.00%
 480  EPI1669482|HA|B/Florida/85/2019|EPI_ISL_405789|B                     0.51%    passed    100.00%
 481  EPI1669466|HA|B/Virginia/28/2019|EPI_ISL_405787|B                    0.51%    passed    100.00%
 482  EPI1867441|HA|B/Texas/160/2019|EPI_ISL_2307382|B                     0.51%    passed    100.00%
 483  EPI3992729|HA|B/Washington/S28112/2019|EPI_ISL_19740457|B            0.00%    passed    100.00%
 484  EPI3992889|HA|B/Washington/S27744/2019|EPI_ISL_19740477|B            0.00%    passed    100.00%
 485  EPI3993273|HA|B/Washington/S27841/2019|EPI_ISL_19740525|B            0.00%    passed    100.00%
 486  EPI3992945|HA|B/Washington/S27757/2019|EPI_ISL_19740484|B            0.00%    passed    100.00%
 487  EPI3992921|HA|B/Washington/S27751/2019|EPI_ISL_19740481|B            0.00%    passed    100.00%
 488  EPI3993065|HA|B/Washington/S27690/2019|EPI_ISL_19740499|B            0.00%    passed    100.00%
 489  EPI3993777|HA|B/Washington/S27532/2019|EPI_ISL_19740588|B            0.00%    passed    100.00%
 490  EPI3993873|HA|B/California/S27788/2019|EPI_ISL_19740600|B            0.00%    passed    100.00%
 491  EPI3993889|HA|B/Washington/S28085/2019|EPI_ISL_19740602|B            0.00%    passed    100.00%
 492  EPI3993841|HA|B/Washington/S27500/2019|EPI_ISL_19740596|B            0.00%    passed    100.00%
 493  EPI3993817|HA|B/Washington/S27541/2019|EPI_ISL_19740593|B            0.00%    passed    100.00%
 494  EPI3993529|HA|B/Washington/S27807/2019|EPI_ISL_19740557|B            0.00%    passed    100.00%
 495  EPI3993505|HA|B/Washington/S27798/2019|EPI_ISL_19740554|B            0.00%    passed    100.00%
 496  EPI3994361|HA|B/Washington/S27565/2019|EPI_ISL_19740661|B            0.00%    passed    100.00%
 497  EPI3994065|HA|B/Washington/S27547/2019|EPI_ISL_19740624|B            0.00%    passed    100.00%
 498  EPI3992201|HA|B/Washington/S28588/2019|EPI_ISL_19740391|B            0.00%    passed    100.00%
 499  EPI3992321|HA|B/Washington/S27609/2019|EPI_ISL_19740406|B            0.00%    passed    100.00%
 500  EPI3995825|HA|B/Washington/S28052/2019|EPI_ISL_19740844|B            0.00%    passed    100.00%
 501  EPI3995689|HA|B/Washington/S27927/2019|EPI_ISL_19740827|B            0.00%    passed    100.00%
 502  EPI3995601|HA|B/Washington/S27910/2019|EPI_ISL_19740816|B            0.00%    passed    100.00%
 503  EPI3996001|HA|B/Washington/S28008/2019|EPI_ISL_19740866|B            0.00%    passed    100.00%
 504  EPI1684948|HA|B/Mississippi/14/2019|EPI_ISL_409269|B                 0.51%    passed    100.00%
 505  EPI1685252|HA|B/Nebraska/13/2019|EPI_ISL_409308|B                    0.51%    passed    100.00%
 506  EPI1685431|HA|B/Maryland/31/2019|EPI_ISL_409331|B                    0.51%    passed    100.00%
 507  EPI1685479|HA|B/Georgia/25/2019|EPI_ISL_409337|B                     0.51%    passed    100.00%
 508  EPI1688222|HA|B/Texas/154/2019|EPI_ISL_409526|B                      0.51%    passed    100.00%
 509  EPI1687239|HA|B/Kentucky/05/2019|EPI_ISL_409572|B                    0.51%    passed    100.00%
 510  EPI1688145|HA|B/Texas/152/2019|EPI_ISL_409612|B                      0.34%    passed    100.00%
 511  EPI1688441|HA|B/Vermont/07/2019|EPI_ISL_409711|B                     0.51%    passed    100.00%
 512  EPI3125944|HA|B/USA/PV04907/2019|EPI_ISL_18989163|B                  0.51%    passed    100.00%
 513  EPI3126020|HA|B/USA/PV05026/2019|EPI_ISL_18989173|B                  0.51%    passed    100.00%
 514  EPI3126288|HA|B/USA/PV05180/2019|EPI_ISL_18989206|B                  0.51%    passed    100.00%
 515  EPI1383105|HA|B/Texas/07/2019|EPI_ISL_344822|B                       0.34%    passed    100.00%
 516  EPI1544688|HA|B/Louisiana/16/2019|EPI_ISL_377592|B                   0.51%    passed    100.00%
 517  EPI1544773|HA|B/Hawaii/29/2019|EPI_ISL_377603|B                      0.51%    passed    100.00%
 518  EPI1383250|HA|B/Texas/05/2019|EPI_ISL_344840|B                       0.34%    passed    100.00%
 519  EPI1544895|HA|B/Ohio/04/2019|EPI_ISL_377618|B                        0.34%    passed    100.00%
 520  EPI1875491|HA|B/Pennsylvania/133/2019|EPI_ISL_2574128|B              0.51%    passed    100.00%
 521  EPI1875568|HA|B/Pennsylvania/110/2019|EPI_ISL_2574255|B              0.51%    passed    100.00%
 522  EPI1386656|HA|B/Maryland/03/2019|EPI_ISL_346166|B                    0.34%    passed    100.00%
 523  EPI1699701|HA|B/Alaska/10563/2019|EPI_ISL_412583|B                   0.51%    passed    100.00%
 524  EPI1699857|HA|B/Florida/10586/2019|EPI_ISL_412606|B                  0.51%    passed    100.00%
 525  EPI1699956|HA|B/Missouri/10600/2019|EPI_ISL_412620|B                 0.51%    passed    100.00%
 526  EPI1699964|HA|B/Nevada/10601/2019|EPI_ISL_412621|B                   0.51%    passed    100.00%
 527  EPI1700040|HA|B/Nevada/10612/2019|EPI_ISL_412632|B                   0.51%    passed    100.00%
 528  EPI1700094|HA|B/New_York/10622/2019|EPI_ISL_412642|B                 0.51%    passed    100.00%
 529  EPI1700196|HA|B/North_Carolina/10638/2019|EPI_ISL_412659|B           0.51%    passed    100.00%
 530  EPI1700262|HA|B/Ohio/10649/2019|EPI_ISL_412670|B                     0.51%    passed    100.00%
 531  EPI1700321|HA|B/Ohio/10657/2019|EPI_ISL_412678|B                     0.51%    passed    100.00%
 532  EPI1700482|HA|B/Texas/10682/2019|EPI_ISL_412703|B                    0.51%    passed    100.00%
 533  EPI1700492|HA|B/Texas/10684/2019|EPI_ISL_412705|B                    0.51%    passed    100.00%
 534  EPI1700587|HA|B/Texas/10698/2019|EPI_ISL_412719|B                    0.51%    passed    100.00%
 535  EPI1700747|HA|B/Virginia/10720/2019|EPI_ISL_412741|B                 0.51%    passed    100.00%
 536  EPI1700715|HA|B/Virginia/10716/2019|EPI_ISL_412737|B                 0.51%    passed    100.00%
 537  EPI1558411|HA|B/Pennsylvania/12/2019|EPI_ISL_380261|B                0.34%    passed    100.00%
 538  EPI1395154|HA|B/Texas/08/2019|EPI_ISL_347853|B                       0.00%    passed    100.00%
 539  EPI1395162|HA|B/Texas/09/2019|EPI_ISL_347854|B                       0.00%    passed    100.00%
 540  EPI1395222|HA|B/South_Dakota/03/2019|EPI_ISL_347862|B                0.34%    passed    100.00%
 541  EPI1395190|HA|B/Louisiana/05/2019|EPI_ISL_347858|B                   0.51%    passed    100.00%
 542  EPI1395503|HA|B/Oklahoma/03/2019|EPI_ISL_347898|B                    0.51%    passed    100.00%
 543  EPI1562314|HA|B/Wisconsin/26/2019|EPI_ISL_380753|B                   0.34%    passed    100.00%
 544  EPI1707422|HA|B/Alaska/10935/2019|EPI_ISL_414221|B                   0.51%    passed    100.00%
 545  EPI1707606|HA|B/Missouri/10969/2019|EPI_ISL_414255|B                 0.34%    passed    100.00%
 546  EPI1707593|HA|B/Missouri/10967/2019|EPI_ISL_414253|B                 0.51%    passed    100.00%
 547  EPI1707618|HA|B/New_Jersey/10971/2019|EPI_ISL_414257|B               0.34%    passed    100.00%
 548  EPI1707687|HA|B/Ohio/10984/2019|EPI_ISL_414270|B                     0.51%    passed    100.00%
 549  EPI1707697|HA|B/Ohio/10986/2019|EPI_ISL_414272|B                     0.51%    passed    100.00%
 550  EPI1708078|HA|B/Texas/11060/2019|EPI_ISL_414346|B                    0.51%    passed    100.00%
 551  EPI1710432|HA|B/California/11331/2019|EPI_ISL_414964|B               0.51%    passed    100.00%
 552  EPI1409962|HA|B/Utah/06/2019|EPI_ISL_350052|B                        0.34%    passed    100.00%
 553  EPI1409946|HA|B/Montana/09/2019|EPI_ISL_350050|B                     0.34%    passed    100.00%
 554  EPI3176909|HA|B/USA/PV04726/2019|EPI_ISL_19029276|B                  0.51%    passed    100.00%
 555  EPI1421996|HA|B/Texas/14/2019|EPI_ISL_352038|B                       0.00%    passed    100.00%
 556  EPI1422028|HA|B/Louisiana/11/2019|EPI_ISL_352042|B                   0.51%    passed    100.00%
 557  EPI1428593|HA|B/Iowa/13/2019|EPI_ISL_353534|B                        0.51%    passed    100.00%
 558  EPI1428674|HA|B/Wisconsin/14/2019|EPI_ISL_353544|B                   0.51%    passed    100.00%
 559  EPI1428763|HA|B/Louisiana/14/2019|EPI_ISL_353556|B                   0.51%    passed    100.00%
 560  EPI1428911|HA|B/Maine/04/2019|EPI_ISL_353576|B                       0.34%    passed    100.00%
 561  EPI1428980|HA|B/Massachusetts/04/2019|EPI_ISL_353585|B               0.51%    passed    100.00%
 562  EPI1429130|HA|B/Florida/11/2019|EPI_ISL_353605|B                     0.34%    passed    100.00%
 563  EPI1574084|HA|B/Florida/34/2019|EPI_ISL_386893|B                     0.51%    passed    100.00%
 564  EPI1434191|HA|B/Pennsylvania/10/2019|EPI_ISL_354374|B                0.34%    passed    100.00%
 565  EPI1575374|HA|B/Texas/8566/2019|EPI_ISL_387156|B                     0.34%    passed    100.00%
 566  EPI1442774|HA|B/Idaho/09/2019|EPI_ISL_356318|B                       0.00%    passed    100.00%
 567  EPI1442852|HA|B/New_York/08/2019|EPI_ISL_356328|B                    0.51%    passed    100.00%
 568  EPI1443207|HA|B/Texas/19/2019|EPI_ISL_356373|B                       0.34%    passed    100.00%
 569  EPI1449274|HA|B/Minnesota/10/2019|EPI_ISL_357983|B                   0.51%    passed    100.00%
 570  EPI1449440|HA|B/Louisiana/17/2019|EPI_ISL_358005|B                   0.00%    passed    100.00%
 571  EPI1874346|HA|B/Texas/62/2019|EPI_ISL_2521227|B                      0.51%    passed    100.00%
 572  EPI1647414|HA|B/Victoria/2110/2019|EPI_ISL_401853|B                  0.51%    passed    100.00%
 573  EPI1647587|HA|B/South_Australia/109/2019|EPI_ISL_401913|B            0.34%    passed    100.00%
 574  EPI1647613|HA|B/Victoria/2513/2019|EPI_ISL_401926|B                  0.34%    passed    100.00%
 575  EPI1543231|HA|B/Canberra/13/2019|EPI_ISL_377377|B                    0.00%    passed    100.00%
 576  EPI1543249|HA|B/Wellington/1/2019|EPI_ISL_377386|B                   0.51%    passed    100.00%
 577  EPI1543275|HA|B/Canberra/24/2019|EPI_ISL_377399|B                    0.51%    passed    100.00%
 578  EPI1647739|HA|B/Victoria/2546/2019|EPI_ISL_401988|B                  0.51%    passed    100.00%
 579  EPI1647775|HA|B/Newcastle/28/2019|EPI_ISL_402006|B                   0.51%    passed    100.00%
 580  EPI1647773|HA|B/Sydney/38/2019|EPI_ISL_402005|B                      0.51%    passed    100.00%
 581  EPI1647944|HA|B/Victoria/40/2019|EPI_ISL_402065|B                    0.51%    passed    100.00%
 582  EPI1607037|HA|B/Saipan/1052/2019|EPI_ISL_395022|B                    0.51%    passed    100.00%
 583  EPI1607053|HA|B/Saipan/1050/2019|EPI_ISL_395024|B                    0.51%    passed    100.00%
 584  EPI1434635|HA|B/Darwin/20/2019|EPI_ISL_354453|B                      0.51%    passed    100.00%
 585  EPI1434731|HA|B/South_Australia/14/2019|EPI_ISL_354489|B             0.34%    passed    100.00%
 586  EPI1658712|HA|B/Darwin/161/2019|EPI_ISL_404083|B                     0.51%    passed    100.00%
 587  EPI1658722|HA|B/Victoria/2085/2019|EPI_ISL_404088|B                  0.51%    passed    100.00%
 588  EPI1658756|HA|B/Brisbane/34/2019|EPI_ISL_404105|B                    0.51%    passed    100.00%
 589  EPI3061231|HA|B/Sydney/UNSW-S72/2019|EPI_ISL_18926564|B              0.51%    passed    100.00%
 590  EPI3061255|HA|B/Sydney/UNSW-S113/2019|EPI_ISL_18926567|B             0.51%    passed    100.00%
 591  EPI3061359|HA|B/Sydney/UNSW-S80/2019|EPI_ISL_18926580|B              0.51%    passed    100.00%
 592  EPI1398320|HA|B/Sydney/1/2019|EPI_ISL_348303|B                       0.00%    passed    100.00%
 593  EPI1584428|HA|B/Perth/1035/2019|EPI_ISL_389495|B                     0.34%    passed    100.00%
 594  EPI1492196|HA|B/Darwin/55/2019|EPI_ISL_364925|B                      0.51%    passed    100.00%
 595  EPI1492190|HA|B/Victoria/2008/2019|EPI_ISL_364922|B                  0.51%    passed    100.00%
 596  EPI1749586|HA|B/Townsville/17/2019|EPI_ISL_479654|B                  0.51%    passed    100.00%
 597  EPI1584530|HA|B/Perth/23/2019|EPI_ISL_389543|B                       0.51%    passed    100.00%
 598  EPI1584528|HA|B/Perth/21/2019|EPI_ISL_389542|B                       0.51%    passed    100.00%
 599  EPI1584522|HA|B/Canberra/21/2019|EPI_ISL_389539|B                    0.51%    passed    100.00%
 600  EPI1584544|HA|B/Perth/22/2019|EPI_ISL_389550|B                       0.51%    passed    100.00%
 601  EPI1584536|HA|B/Perth/33/2019|EPI_ISL_389546|B                       0.51%    passed    100.00%
 602  EPI1735140|HA|B/Canberra/68/2019|EPI_ISL_431100|B                    0.51%    passed    100.00%
 603  EPI1671965|HA|B/Darwin/176/2019|EPI_ISL_406838|B                     0.51%    passed    100.00%
 604  EPI1671961|HA|B/Canterbury/21/2019|EPI_ISL_406836|B                  0.51%    passed    100.00%
 605  EPI1671975|HA|B/Waikato/2/2019|EPI_ISL_406843|B                      0.51%    passed    100.00%
 606  EPI1370379|HA|B/Newcastle/601/2019|EPI_ISL_341434|B                  0.34%    passed    100.00%
 607  EPI1589972|HA|B/Sydney/28/2019|EPI_ISL_390741|B                      0.51%    passed    100.00%
 608  EPI1589976|HA|B/Sydney/31/2019|EPI_ISL_390743|B                      0.51%    passed    100.00%
 609  EPI1589978|HA|B/Sydney/33/2019|EPI_ISL_390744|B                      0.51%    passed    100.00%
 610  EPI1589984|HA|B/Perth/1031/2019|EPI_ISL_390747|B                     0.00%    passed    100.00%
 611  EPI1589998|HA|B/Sydney/1062/2019|EPI_ISL_390754|B                    0.51%    passed    100.00%
 612  EPI1673894|HA|B/Newcastle/2/2019|EPI_ISL_407262|B                    0.34%    passed    100.00%
 613  EPI1673901|HA|B/Darwin/26/2019|EPI_ISL_407263|B                      0.51%    passed    100.00%
 614  EPI1673917|HA|B/Townsville/1/2019|EPI_ISL_407265|B                   0.51%    passed    100.00%
 615  EPI1674169|HA|B/South_Australia/33/2019|EPI_ISL_407297|B             0.00%    passed    100.00%
 616  EPI1506694|HA|B/Canterbury/2/2019|EPI_ISL_367858|B                   0.51%    passed    100.00%
****  TOTAL                                                                0.44%  0 sequences failed composition chi2 test (p-value<5%; df=19)
Checking for duplicate sequences: done in 0.0116502 secs using 1527% CPU
Creating fast initial parsimony tree by random order stepwise addition...
5.027 seconds, parsimony score: 709 (based on 249 sites)
Generating 1000 samples for ultrafast bootstrap (seed: 682967)...

NOTE: 112 MB RAM (0 GB) is required!
WARNING: Number of threads seems too high for short alignments. Use -T AUTO to determine best number of threads.
Estimate model parameters (epsilon = 0.100)
1. Initial log-likelihood: -7962.206
2. Current log-likelihood: -7915.440
3. Current log-likelihood: -7914.717
Optimal log-likelihood: -7914.697
Gamma shape alpha: 0.401
Parameters optimization took 3 rounds (1.110 sec)
Wrote distance file to... 
Computing ML distances based on estimated model parameters...
Calculating distance matrix: done in 1.97788 secs using 1595% CPU
Computing ML distances took 1.978717 sec (of wall-clock time) 31.538125 sec (of CPU time)
Setting up auxiliary I and S matrices: done in 0.00224737 secs using 585.8% CPU
Constructing RapidNJ tree: done in 1.26779 secs using 62.16% CPU
Computing RapidNJ tree took 1.270107 sec (of wall-clock time) 0.801360 sec (of CPU time)
Log-likelihood of RapidNJ tree: -7807.326
--------------------------------------------------------------------
|             INITIALIZING CANDIDATE TREE SET                      |
--------------------------------------------------------------------
Generating 98 parsimony trees... 5.275 second
Computing log-likelihood of 98 initial trees ... 12.220 seconds
Current best score: -7807.326

Do NNI search on 20 best initial trees
Optimizing NNI: done in 9.55532 secs using 1590% CPU
Estimate model parameters (epsilon = 0.100)
BETTER TREE FOUND at iteration 1: -7784.245
Optimizing NNI: done in 12.1989 secs using 1590% CPU
Optimizing NNI: done in 8.34034 secs using 1591% CPU
Optimizing NNI: done in 8.3946 secs using 1591% CPU
Optimizing NNI: done in 8.28608 secs using 1590% CPU
Optimizing NNI: done in 7.92442 secs using 1590% CPU
Optimizing NNI: done in 5.0774 secs using 1590% CPU
Optimizing NNI: done in 11.6885 secs using 1591% CPU
Optimizing NNI: done in 7.90971 secs using 1591% CPU
Optimizing NNI: done in 6.86606 secs using 1590% CPU
Iteration 10 / LogL: -7867.959 / Time: 0h:1m:58s
Optimizing NNI: done in 6.90754 secs using 1590% CPU
Optimizing NNI: done in 7.89615 secs using 1591% CPU
Optimizing NNI: done in 9.8214 secs using 1590% CPU
Optimizing NNI: done in 7.67388 secs using 1590% CPU
Optimizing NNI: done in 7.93932 secs using 1590% CPU
Optimizing NNI: done in 6.96077 secs using 1591% CPU
Optimizing NNI: done in 9.96772 secs using 1590% CPU
Optimizing NNI: done in 6.94818 secs using 1589% CPU
Optimizing NNI: done in 10.072 secs using 1591% CPU
Optimizing NNI: done in 5.16067 secs using 1590% CPU
Iteration 20 / LogL: -7876.251 / Time: 0h:3m:18s
Finish initializing candidate tree set (20)
Current best tree score: -7784.245 / CPU time: 183.694
Number of iterations: 20
--------------------------------------------------------------------
|               OPTIMIZING CANDIDATE TREE SET                      |
--------------------------------------------------------------------
Optimizing NNI: done in 9.89942 secs using 1590% CPU
Optimizing NNI: done in 11.4575 secs using 1590% CPU
Optimizing NNI: done in 7.5345 secs using 1591% CPU
Optimizing NNI: done in 11.1104 secs using 1590% CPU
Optimizing NNI: done in 7.40093 secs using 1590% CPU
Optimizing NNI: done in 8.46462 secs using 1590% CPU
Optimizing NNI: done in 11.6033 secs using 1590% CPU
Optimizing NNI: done in 12.0509 secs using 1591% CPU
Optimizing NNI: done in 7.51842 secs using 1590% CPU
Optimizing NNI: done in 10.8671 secs using 1590% CPU
Iteration 30 / LogL: -7806.175 / Time: 0h:4m:57s (0h:11m:54s left)
Optimizing NNI: done in 7.25626 secs using 1590% CPU
Optimizing NNI: done in 11.9953 secs using 1590% CPU
Optimizing NNI: done in 12.8645 secs using 1590% CPU
Optimizing NNI: done in 6.85411 secs using 1588% CPU
Optimizing NNI: done in 12.5407 secs using 1591% CPU
Optimizing NNI: done in 9.75034 secs using 1591% CPU
Optimizing NNI: done in 7.8544 secs using 1590% CPU
Optimizing NNI: done in 7.30469 secs using 1590% CPU
Optimizing NNI: done in 12.5552 secs using 1590% CPU
Optimizing NNI: done in 11.0259 secs using 1590% CPU
Iteration 40 / LogL: -7787.699 / Time: 0h:6m:37s (0h:10m:14s left)
Optimizing NNI: done in 10.1717 secs using 1590% CPU
Optimizing NNI: done in 13.4951 secs using 1590% CPU
Optimizing NNI: done in 9.00066 secs using 1590% CPU
Optimizing NNI: done in 8.3394 secs using 1591% CPU
Optimizing NNI: done in 8.67414 secs using 1590% CPU
Optimizing NNI: done in 10.4024 secs using 1590% CPU
Optimizing NNI: done in 7.65987 secs using 1590% CPU
Optimizing NNI: done in 8.57079 secs using 1590% CPU
Optimizing NNI: done in 11.7272 secs using 1590% CPU
Optimizing NNI: done in 9.14384 secs using 1591% CPU
Iteration 50 / LogL: -7816.158 / Time: 0h:8m:15s (0h:8m:30s left)
Log-likelihood cutoff on original alignment: -7895.539
Optimizing NNI: done in 10.4009 secs using 1589% CPU
Optimizing NNI: done in 6.00219 secs using 1589% CPU
Optimizing NNI: done in 11.1893 secs using 1590% CPU
Optimizing NNI: done in 8.13853 secs using 1590% CPU
Optimizing NNI: done in 8.53425 secs using 1590% CPU
Optimizing NNI: done in 7.89521 secs using 1590% CPU
Optimizing NNI: done in 10.3733 secs using 1590% CPU
Optimizing NNI: done in 11.9175 secs using 1590% CPU
Optimizing NNI: done in 8.34404 secs using 1590% CPU
Optimizing NNI: done in 7.03225 secs using 1590% CPU
Iteration 60 / LogL: -7816.593 / Time: 0h:9m:49s (0h:6m:46s left)
Optimizing NNI: done in 11.2414 secs using 1590% CPU
Optimizing NNI: done in 8.85822 secs using 1590% CPU
Optimizing NNI: done in 13.2457 secs using 1590% CPU
Optimizing NNI: done in 10.0527 secs using 1590% CPU
Optimizing NNI: done in 14.5347 secs using 1590% CPU
Optimizing NNI: done in 8.04691 secs using 1590% CPU
Optimizing NNI: done in 5.29745 secs using 1590% CPU
Optimizing NNI: done in 9.08747 secs using 1590% CPU
Optimizing NNI: done in 14.5442 secs using 1590% CPU
Optimizing NNI: done in 11.4434 secs using 1590% CPU
Iteration 70 / LogL: -7790.179 / Time: 0h:11m:38s (0h:5m:11s left)
Optimizing NNI: done in 9.80192 secs using 1590% CPU
Optimizing NNI: done in 9.2415 secs using 1590% CPU
Optimizing NNI: done in 10.282 secs using 1590% CPU
Optimizing NNI: done in 10.381 secs using 1590% CPU
Optimizing NNI: done in 8.23331 secs using 1590% CPU
Optimizing NNI: done in 10.2389 secs using 1590% CPU
Optimizing NNI: done in 11.1783 secs using 1590% CPU
Optimizing NNI: done in 9.00684 secs using 1590% CPU
Optimizing NNI: done in 10.4759 secs using 1590% CPU
Optimizing NNI: done in 9.64636 secs using 1590% CPU
Iteration 80 / LogL: -7793.027 / Time: 0h:13m:19s (0h:3m:31s left)
Optimizing NNI: done in 10.5127 secs using 1590% CPU
Optimizing NNI: done in 10.8471 secs using 1590% CPU
Optimizing NNI: done in 10.6531 secs using 1590% CPU
Optimizing NNI: done in 11.4788 secs using 1590% CPU
Optimizing NNI: done in 9.99512 secs using 1590% CPU
Optimizing NNI: done in 6.34222 secs using 1590% CPU
Optimizing NNI: done in 12.6948 secs using 1590% CPU
Optimizing NNI: done in 6.94543 secs using 1590% CPU
Optimizing NNI: done in 7.84809 secs using 1590% CPU
Optimizing NNI: done in 13.3761 secs using 1590% CPU
Iteration 90 / LogL: -7795.108 / Time: 0h:15m:2s (0h:1m:50s left)
Optimizing NNI: done in 6.22695 secs using 1590% CPU
Optimizing NNI: done in 7.05017 secs using 1590% CPU
Optimizing NNI: done in 7.95166 secs using 1590% CPU
Optimizing NNI: done in 13.7367 secs using 1590% CPU
Optimizing NNI: done in 7.13763 secs using 1590% CPU
Optimizing NNI: done in 10.7067 secs using 1590% CPU
Optimizing NNI: done in 8.33288 secs using 1590% CPU
Optimizing NNI: done in 7.1976 secs using 1589% CPU
Optimizing NNI: done in 9.09126 secs using 1590% CPU
Optimizing NNI: done in 12.915 secs using 1590% CPU
Iteration 100 / LogL: -7786.312 / Time: 0h:16m:35s (0h:0m:10s left)
Log-likelihood cutoff on original alignment: -7895.539
NOTE: Bootstrap correlation coefficient of split occurrence frequencies: 0.987
NOTE: UFBoot does not converge, continue at least 100 more iterations
Optimizing NNI: done in 9.66048 secs using 1590% CPU
Optimizing NNI: done in 8.23557 secs using 1589% CPU
Optimizing NNI: done in 6.63329 secs using 1590% CPU
Optimizing NNI: done in 12.2694 secs using 1590% CPU
Optimizing NNI: done in 9.97668 secs using 1590% CPU
Optimizing NNI: done in 8.87414 secs using 1591% CPU
Optimizing NNI: done in 12.7398 secs using 1590% CPU
Optimizing NNI: done in 8.30513 secs using 1590% CPU
Optimizing NNI: done in 10.6841 secs using 1590% CPU
Optimizing NNI: done in 10.0728 secs using 1590% CPU
Iteration 110 / LogL: -7810.264 / Time: 0h:18m:19s (0h:15m:3s left)
Optimizing NNI: done in 9.01401 secs using 1590% CPU
Optimizing NNI: done in 13.2235 secs using 1590% CPU
Optimizing NNI: done in 9.25737 secs using 1589% CPU
Optimizing NNI: done in 10.4939 secs using 1589% CPU
Optimizing NNI: done in 8.37149 secs using 1589% CPU
Optimizing NNI: done in 9.5994 secs using 1589% CPU
Optimizing NNI: done in 9.66913 secs using 1590% CPU
Optimizing NNI: done in 11.0542 secs using 1590% CPU
Optimizing NNI: done in 9.81551 secs using 1589% CPU
Optimizing NNI: done in 8.0759 secs using 1589% CPU
Iteration 120 / LogL: -7806.351 / Time: 0h:20m:2s (0h:13m:25s left)
Optimizing NNI: done in 11.9277 secs using 1589% CPU
Optimizing NNI: done in 10.7642 secs using 1589% CPU
Optimizing NNI: done in 12.3403 secs using 1589% CPU
Optimizing NNI: done in 9.14027 secs using 1589% CPU
Optimizing NNI: done in 10.4065 secs using 1588% CPU
Optimizing NNI: done in 11.5992 secs using 1588% CPU
Optimizing NNI: done in 7.2386 secs using 1588% CPU
Optimizing NNI: done in 10.9976 secs using 1587% CPU
Optimizing NNI: done in 7.38262 secs using 1587% CPU
Optimizing NNI: done in 10.0296 secs using 1588% CPU
Estimate model parameters (epsilon = 0.100)
BETTER TREE FOUND at iteration 130: -7783.965
Iteration 130 / LogL: -7783.965 / Time: 0h:21m:49s (0h:16m:51s left)
Optimizing NNI: done in 10.997 secs using 1588% CPU
Optimizing NNI: done in 8.57634 secs using 1587% CPU
Optimizing NNI: done in 11.5263 secs using 1589% CPU
Optimizing NNI: done in 10.1729 secs using 1588% CPU
Optimizing NNI: done in 10.1874 secs using 1588% CPU
Optimizing NNI: done in 9.14068 secs using 1588% CPU
Optimizing NNI: done in 14.2081 secs using 1589% CPU
Optimizing NNI: done in 12.6522 secs using 1589% CPU
Optimizing NNI: done in 5.30177 secs using 1587% CPU
Optimizing NNI: done in 11.7913 secs using 1589% CPU
Iteration 140 / LogL: -7800.240 / Time: 0h:23m:38s (0h:15m:15s left)
Optimizing NNI: done in 8.04528 secs using 1589% CPU
Optimizing NNI: done in 6.04049 secs using 1588% CPU
Optimizing NNI: done in 10.1153 secs using 1589% CPU
Optimizing NNI: done in 11.3767 secs using 1589% CPU
Optimizing NNI: done in 9.83255 secs using 1589% CPU
Optimizing NNI: done in 8.63659 secs using 1589% CPU
Optimizing NNI: done in 12.1551 secs using 1589% CPU
Optimizing NNI: done in 7.57469 secs using 1589% CPU
Optimizing NNI: done in 12.5137 secs using 1589% CPU
Optimizing NNI: done in 8.85511 secs using 1589% CPU
Iteration 150 / LogL: -7797.704 / Time: 0h:25m:18s (0h:13m:32s left)
Log-likelihood cutoff on original alignment: -7895.539
Optimizing NNI: done in 10.9978 secs using 1589% CPU
Optimizing NNI: done in 4.59619 secs using 1588% CPU
Optimizing NNI: done in 12.8946 secs using 1589% CPU
Optimizing NNI: done in 8.54527 secs using 1588% CPU
Optimizing NNI: done in 10.0575 secs using 1589% CPU
Optimizing NNI: done in 10.5701 secs using 1589% CPU
Optimizing NNI: done in 9.3316 secs using 1589% CPU
Optimizing NNI: done in 9.66562 secs using 1589% CPU
Optimizing NNI: done in 15.265 secs using 1590% CPU
Optimizing NNI: done in 7.75226 secs using 1589% CPU
Iteration 160 / LogL: -7816.925 / Time: 0h:27m:7s (0h:11m:54s left)
Optimizing NNI: done in 8.1093 secs using 1588% CPU
Optimizing NNI: done in 9.14384 secs using 1589% CPU
Optimizing NNI: done in 9.92826 secs using 1589% CPU
Optimizing NNI: done in 10.481 secs using 1589% CPU
Optimizing NNI: done in 8.06051 secs using 1589% CPU
Optimizing NNI: done in 11.7671 secs using 1589% CPU
Optimizing NNI: done in 11.1156 secs using 1588% CPU
Optimizing NNI: done in 10.4605 secs using 1588% CPU
Optimizing NNI: done in 7.65087 secs using 1589% CPU
Optimizing NNI: done in 6.71048 secs using 1589% CPU
Iteration 170 / LogL: -7798.826 / Time: 0h:28m:48s (0h:10m:11s left)
Optimizing NNI: done in 8.8116 secs using 1588% CPU
Estimate model parameters (epsilon = 0.100)
BETTER TREE FOUND at iteration 171: -7777.955
Optimizing NNI: done in 8.40108 secs using 1588% CPU
Optimizing NNI: done in 10.2186 secs using 1588% CPU
Optimizing NNI: done in 9.73426 secs using 1588% CPU
Optimizing NNI: done in 8.70547 secs using 1588% CPU
Optimizing NNI: done in 9.44431 secs using 1589% CPU
Optimizing NNI: done in 5.79113 secs using 1588% CPU
Optimizing NNI: done in 8.33033 secs using 1588% CPU
Optimizing NNI: done in 9.04354 secs using 1588% CPU
Optimizing NNI: done in 8.66538 secs using 1586% CPU
Iteration 180 / LogL: -7810.562 / Time: 0h:30m:22s (0h:15m:24s left)
Optimizing NNI: done in 7.43023 secs using 1587% CPU
Optimizing NNI: done in 8.87752 secs using 1589% CPU
Estimate model parameters (epsilon = 0.100)
BETTER TREE FOUND at iteration 182: -7777.572
Optimizing NNI: done in 10.5977 secs using 1589% CPU
Optimizing NNI: done in 12.5942 secs using 1589% CPU
Optimizing NNI: done in 7.3928 secs using 1586% CPU
Optimizing NNI: done in 11.5295 secs using 1589% CPU
Estimate model parameters (epsilon = 0.100)
BETTER TREE FOUND at iteration 186: -7776.829
Optimizing NNI: done in 13.3176 secs using 1589% CPU
Optimizing NNI: done in 7.92696 secs using 1588% CPU
Optimizing NNI: done in 13.3414 secs using 1589% CPU
Optimizing NNI: done in 8.1632 secs using 1588% CPU
Iteration 190 / LogL: -7798.976 / Time: 0h:32m:11s (0h:16m:18s left)
Optimizing NNI: done in 11.4944 secs using 1588% CPU
Optimizing NNI: done in 10.4332 secs using 1588% CPU
Estimate model parameters (epsilon = 0.100)
BETTER TREE FOUND at iteration 192: -7773.162
Optimizing NNI: done in 7.74856 secs using 1588% CPU
Optimizing NNI: done in 8.93569 secs using 1587% CPU
Optimizing NNI: done in 8.80439 secs using 1588% CPU
Optimizing NNI: done in 9.51793 secs using 1589% CPU
Optimizing NNI: done in 8.70643 secs using 1589% CPU
Optimizing NNI: done in 10.2027 secs using 1589% CPU
Optimizing NNI: done in 9.69468 secs using 1588% CPU
Optimizing NNI: done in 9.4097 secs using 1588% CPU
Iteration 200 / LogL: -7773.449 / Time: 0h:33m:54s (0h:15m:38s left)
Log-likelihood cutoff on original alignment: -7895.539
NOTE: Bootstrap correlation coefficient of split occurrence frequencies: 0.968
NOTE: UFBoot does not converge, continue at least 100 more iterations
Optimizing NNI: done in 11.7794 secs using 1589% CPU
Optimizing NNI: done in 7.50084 secs using 1587% CPU
Optimizing NNI: done in 8.35318 secs using 1587% CPU
Optimizing NNI: done in 9.42946 secs using 1587% CPU
Optimizing NNI: done in 8.9233 secs using 1589% CPU
Optimizing NNI: done in 9.49186 secs using 1588% CPU
Optimizing NNI: done in 9.08359 secs using 1587% CPU
Optimizing NNI: done in 8.48776 secs using 1588% CPU
Optimizing NNI: done in 10.9737 secs using 1588% CPU
Optimizing NNI: done in 9.59469 secs using 1588% CPU
Iteration 210 / LogL: -7819.585 / Time: 0h:35m:39s (0h:15m:19s left)
Optimizing NNI: done in 8.52973 secs using 1586% CPU
Optimizing NNI: done in 10.2707 secs using 1587% CPU
Optimizing NNI: done in 7.15026 secs using 1587% CPU
Optimizing NNI: done in 8.16403 secs using 1586% CPU
Optimizing NNI: done in 8.8608 secs using 1587% CPU
Optimizing NNI: done in 12.537 secs using 1588% CPU
Optimizing NNI: done in 12.7232 secs using 1587% CPU
Optimizing NNI: done in 8.38889 secs using 1587% CPU
Optimizing NNI: done in 9.69186 secs using 1588% CPU
Optimizing NNI: done in 12.1001 secs using 1588% CPU
Iteration 220 / LogL: -7795.356 / Time: 0h:37m:28s (0h:13m:39s left)
Optimizing NNI: done in 9.18709 secs using 1587% CPU
Optimizing NNI: done in 11.2571 secs using 1587% CPU
Optimizing NNI: done in 7.67865 secs using 1588% CPU
Optimizing NNI: done in 10.2623 secs using 1588% CPU
Optimizing NNI: done in 10.1024 secs using 1588% CPU
Optimizing NNI: done in 12.2247 secs using 1588% CPU
Optimizing NNI: done in 9.39946 secs using 1587% CPU
Optimizing NNI: done in 11.9954 secs using 1588% CPU
Optimizing NNI: done in 9.42695 secs using 1587% CPU
BETTER TREE FOUND at iteration 229: -7773.159
Optimizing NNI: done in 7.21553 secs using 1588% CPU
Iteration 230 / LogL: -7789.143 / Time: 0h:39m:17s (0h:16m:57s left)
Optimizing NNI: done in 8.18401 secs using 1588% CPU
Optimizing NNI: done in 11.8037 secs using 1588% CPU
Optimizing NNI: done in 11.2516 secs using 1588% CPU
Optimizing NNI: done in 11.5349 secs using 1588% CPU
Optimizing NNI: done in 12.7195 secs using 1588% CPU
Optimizing NNI: done in 8.29106 secs using 1588% CPU
Optimizing NNI: done in 10.3243 secs using 1587% CPU
Optimizing NNI: done in 10.406 secs using 1586% CPU
Optimizing NNI: done in 12.0358 secs using 1588% CPU
Optimizing NNI: done in 10.0314 secs using 1587% CPU
Iteration 240 / LogL: -7807.010 / Time: 0h:41m:14s (0h:15m:19s left)
Optimizing NNI: done in 9.77613 secs using 1587% CPU
Optimizing NNI: done in 7.46512 secs using 1586% CPU
Optimizing NNI: done in 11.1938 secs using 1588% CPU
Optimizing NNI: done in 10.0861 secs using 1588% CPU
Optimizing NNI: done in 9.38493 secs using 1586% CPU
Optimizing NNI: done in 10.9838 secs using 1588% CPU
Optimizing NNI: done in 13.4986 secs using 1588% CPU
Optimizing NNI: done in 10.4723 secs using 1587% CPU
Optimizing NNI: done in 9.8465 secs using 1587% CPU
Optimizing NNI: done in 8.83878 secs using 1588% CPU
Iteration 250 / LogL: -7800.046 / Time: 0h:43m:5s (0h:13m:38s left)
Log-likelihood cutoff on original alignment: -7895.539
Optimizing NNI: done in 11.0743 secs using 1588% CPU
Optimizing NNI: done in 10.5501 secs using 1588% CPU
Estimate model parameters (epsilon = 0.100)
BETTER TREE FOUND at iteration 252: -7771.981
Optimizing NNI: done in 11.7695 secs using 1588% CPU
Optimizing NNI: done in 7.91017 secs using 1586% CPU
Optimizing NNI: done in 12.3604 secs using 1588% CPU
Optimizing NNI: done in 7.21984 secs using 1586% CPU
Optimizing NNI: done in 12.4785 secs using 1586% CPU
Optimizing NNI: done in 10.2541 secs using 1587% CPU
Optimizing NNI: done in 9.15257 secs using 1585% CPU
Optimizing NNI: done in 12.0499 secs using 1587% CPU
Iteration 260 / LogL: -7808.814 / Time: 0h:45m:6s (0h:15m:59s left)
Optimizing NNI: done in 10.625 secs using 1586% CPU
Optimizing NNI: done in 12.1198 secs using 1588% CPU
Optimizing NNI: done in 13.2371 secs using 1587% CPU
Optimizing NNI: done in 9.65909 secs using 1585% CPU
Optimizing NNI: done in 10.9022 secs using 1587% CPU
Optimizing NNI: done in 11.2158 secs using 1587% CPU
Optimizing NNI: done in 8.82119 secs using 1585% CPU
Optimizing NNI: done in 9.76487 secs using 1587% CPU
Optimizing NNI: done in 7.38143 secs using 1586% CPU
Optimizing NNI: done in 11.8091 secs using 1587% CPU
Iteration 270 / LogL: -7777.980 / Time: 0h:47m:4s (0h:14m:19s left)
Optimizing NNI: done in 7.51412 secs using 1585% CPU
Optimizing NNI: done in 10.3233 secs using 1588% CPU
Optimizing NNI: done in 8.03987 secs using 1587% CPU
Optimizing NNI: done in 11.3626 secs using 1586% CPU
Optimizing NNI: done in 8.0821 secs using 1586% CPU
Optimizing NNI: done in 9.95563 secs using 1587% CPU
Optimizing NNI: done in 8.30036 secs using 1587% CPU
Optimizing NNI: done in 9.41642 secs using 1586% CPU
Optimizing NNI: done in 9.77358 secs using 1587% CPU
Optimizing NNI: done in 8.80236 secs using 1585% CPU
Iteration 280 / LogL: -7780.662 / Time: 0h:48m:49s (0h:12m:34s left)
Optimizing NNI: done in 10.6146 secs using 1587% CPU
Optimizing NNI: done in 8.61451 secs using 1586% CPU
Optimizing NNI: done in 10.7336 secs using 1587% CPU
Optimizing NNI: done in 11.6238 secs using 1586% CPU
Optimizing NNI: done in 7.57433 secs using 1585% CPU
Optimizing NNI: done in 15.3887 secs using 1587% CPU
Optimizing NNI: done in 11.509 secs using 1587% CPU
Optimizing NNI: done in 10.9614 secs using 1588% CPU
Optimizing NNI: done in 7.56831 secs using 1585% CPU
Optimizing NNI: done in 9.30993 secs using 1586% CPU
Iteration 290 / LogL: -7796.219 / Time: 0h:50m:46s (0h:10m:52s left)
Optimizing NNI: done in 10.2275 secs using 1587% CPU
Optimizing NNI: done in 12.5264 secs using 1586% CPU
Optimizing NNI: done in 11.2595 secs using 1588% CPU
Optimizing NNI: done in 8.6307 secs using 1585% CPU
Optimizing NNI: done in 7.31581 secs using 1586% CPU
Optimizing NNI: done in 7.66931 secs using 1587% CPU
Optimizing NNI: done in 6.81019 secs using 1586% CPU
Optimizing NNI: done in 8.9827 secs using 1585% CPU
Optimizing NNI: done in 7.30858 secs using 1585% CPU
Optimizing NNI: done in 11.3905 secs using 1587% CPU
Iteration 300 / LogL: -7785.440 / Time: 0h:52m:31s (0h:9m:7s left)
Log-likelihood cutoff on original alignment: -7895.539
NOTE: Bootstrap correlation coefficient of split occurrence frequencies: 0.971
NOTE: UFBoot does not converge, continue at least 100 more iterations
Optimizing NNI: done in 13.3436 secs using 1587% CPU
Optimizing NNI: done in 7.31687 secs using 1586% CPU
Optimizing NNI: done in 8.25797 secs using 1586% CPU
Optimizing NNI: done in 12.2895 secs using 1587% CPU
Optimizing NNI: done in 6.49168 secs using 1584% CPU
Optimizing NNI: done in 11.8531 secs using 1587% CPU
Optimizing NNI: done in 6.56678 secs using 1584% CPU
Optimizing NNI: done in 15.6694 secs using 1587% CPU
Optimizing NNI: done in 13.1641 secs using 1587% CPU
Optimizing NNI: done in 7.69355 secs using 1584% CPU
Iteration 310 / LogL: -7792.842 / Time: 0h:54m:32s (0h:15m:51s left)
Optimizing NNI: done in 4.46251 secs using 1582% CPU
Optimizing NNI: done in 10.1072 secs using 1586% CPU
Optimizing NNI: done in 7.60567 secs using 1585% CPU
Optimizing NNI: done in 9.09372 secs using 1586% CPU
Optimizing NNI: done in 8.14584 secs using 1586% CPU
Optimizing NNI: done in 13.499 secs using 1588% CPU
Optimizing NNI: done in 7.48092 secs using 1585% CPU
Optimizing NNI: done in 8.21542 secs using 1585% CPU
Optimizing NNI: done in 8.4837 secs using 1586% CPU
Optimizing NNI: done in 12.0336 secs using 1586% CPU
Iteration 320 / LogL: -7814.940 / Time: 0h:56m:18s (0h:14m:6s left)
Optimizing NNI: done in 7.53758 secs using 1585% CPU
Optimizing NNI: done in 7.83091 secs using 1584% CPU
Optimizing NNI: done in 6.71333 secs using 1585% CPU
Optimizing NNI: done in 10.8407 secs using 1587% CPU
Optimizing NNI: done in 9.87169 secs using 1586% CPU
Optimizing NNI: done in 9.45147 secs using 1585% CPU
Optimizing NNI: done in 11.6057 secs using 1586% CPU
Optimizing NNI: done in 11.0151 secs using 1587% CPU
Optimizing NNI: done in 10.1329 secs using 1587% CPU
Optimizing NNI: done in 13.9823 secs using 1587% CPU
Iteration 330 / LogL: -7796.433 / Time: 0h:58m:14s (0h:12m:22s left)
Optimizing NNI: done in 13.6789 secs using 1588% CPU
Optimizing NNI: done in 8.2299 secs using 1586% CPU
Optimizing NNI: done in 11.314 secs using 1588% CPU
Estimate model parameters (epsilon = 0.100)
BETTER TREE FOUND at iteration 333: -7770.827
Optimizing NNI: done in 13.8999 secs using 1587% CPU
Optimizing NNI: done in 7.59296 secs using 1585% CPU
Optimizing NNI: done in 11.9848 secs using 1586% CPU
Optimizing NNI: done in 8.5221 secs using 1585% CPU
Optimizing NNI: done in 8.4585 secs using 1585% CPU
Optimizing NNI: done in 10.3954 secs using 1587% CPU
Optimizing NNI: done in 12.6342 secs using 1588% CPU
Iteration 340 / LogL: -7775.111 / Time: 1h:0m:17s (0h:16m:31s left)
Optimizing NNI: done in 9.22428 secs using 1586% CPU
Optimizing NNI: done in 8.57977 secs using 1587% CPU
Optimizing NNI: done in 10.7303 secs using 1587% CPU
Optimizing NNI: done in 10.365 secs using 1586% CPU
Optimizing NNI: done in 10.1281 secs using 1586% CPU
Optimizing NNI: done in 8.63543 secs using 1585% CPU
Optimizing NNI: done in 11.1888 secs using 1587% CPU
Optimizing NNI: done in 11.3778 secs using 1586% CPU
Optimizing NNI: done in 8.94883 secs using 1584% CPU
Optimizing NNI: done in 13.8778 secs using 1587% CPU
Iteration 350 / LogL: -7808.380 / Time: 1h:2m:17s (0h:14m:47s left)
Log-likelihood cutoff on original alignment: -7895.539
Optimizing NNI: done in 9.435 secs using 1586% CPU
Optimizing NNI: done in 9.22303 secs using 1585% CPU
Optimizing NNI: done in 7.33254 secs using 1585% CPU
Optimizing NNI: done in 7.99768 secs using 1584% CPU
Optimizing NNI: done in 9.03318 secs using 1586% CPU
Optimizing NNI: done in 11.2357 secs using 1586% CPU
Optimizing NNI: done in 8.21957 secs using 1585% CPU
Optimizing NNI: done in 8.62459 secs using 1585% CPU
Optimizing NNI: done in 10.105 secs using 1586% CPU
Optimizing NNI: done in 8.59429 secs using 1585% CPU
Iteration 360 / LogL: -7772.192 / Time: 1h:4m:9s (0h:13m:1s left)
Optimizing NNI: done in 9.49102 secs using 1585% CPU
Optimizing NNI: done in 9.74248 secs using 1584% CPU
Optimizing NNI: done in 8.52693 secs using 1585% CPU
Optimizing NNI: done in 8.67341 secs using 1584% CPU
Optimizing NNI: done in 12.1724 secs using 1586% CPU
Optimizing NNI: done in 11.7516 secs using 1585% CPU
Optimizing NNI: done in 9.15063 secs using 1585% CPU
Optimizing NNI: done in 9.44696 secs using 1586% CPU
Optimizing NNI: done in 10.5528 secs using 1586% CPU
Optimizing NNI: done in 7.26498 secs using 1583% CPU
Iteration 370 / LogL: -7785.493 / Time: 1h:6m:6s (0h:11m:16s left)
Optimizing NNI: done in 10.5266 secs using 1585% CPU
Optimizing NNI: done in 9.6392 secs using 1585% CPU
Optimizing NNI: done in 14.9026 secs using 1586% CPU
Optimizing NNI: done in 8.12876 secs using 1585% CPU
Optimizing NNI: done in 10.7447 secs using 1585% CPU
Optimizing NNI: done in 8.15489 secs using 1585% CPU
Optimizing NNI: done in 8.96943 secs using 1583% CPU
Optimizing NNI: done in 8.64467 secs using 1586% CPU
Optimizing NNI: done in 14.2793 secs using 1587% CPU
Optimizing NNI: done in 8.79033 secs using 1585% CPU
Iteration 380 / LogL: -7786.867 / Time: 1h:8m:9s (0h:9m:31s left)
Optimizing NNI: done in 8.63311 secs using 1585% CPU
Optimizing NNI: done in 9.73383 secs using 1584% CPU
Optimizing NNI: done in 13.4968 secs using 1586% CPU
Optimizing NNI: done in 11.0931 secs using 1586% CPU
Optimizing NNI: done in 11.205 secs using 1585% CPU
Optimizing NNI: done in 7.63063 secs using 1583% CPU
Optimizing NNI: done in 7.05215 secs using 1584% CPU
Optimizing NNI: done in 11.1529 secs using 1585% CPU
Optimizing NNI: done in 12.2581 secs using 1587% CPU
Optimizing NNI: done in 10.1152 secs using 1586% CPU
Iteration 390 / LogL: -7787.502 / Time: 1h:10m:11s (0h:7m:44s left)
Optimizing NNI: done in 7.6922 secs using 1583% CPU
Optimizing NNI: done in 12.7177 secs using 1586% CPU
Optimizing NNI: done in 10.9447 secs using 1585% CPU
Optimizing NNI: done in 9.60922 secs using 1586% CPU
Optimizing NNI: done in 9.95103 secs using 1587% CPU
Optimizing NNI: done in 11.5723 secs using 1586% CPU
Optimizing NNI: done in 10.7087 secs using 1586% CPU
Optimizing NNI: done in 11.4223 secs using 1585% CPU
Optimizing NNI: done in 7.32355 secs using 1584% CPU
Optimizing NNI: done in 9.09858 secs using 1583% CPU
Iteration 400 / LogL: -7784.520 / Time: 1h:12m:12s (0h:5m:57s left)
Log-likelihood cutoff on original alignment: -7895.539
NOTE: Bootstrap correlation coefficient of split occurrence frequencies: 0.981
NOTE: UFBoot does not converge, continue at least 100 more iterations
Optimizing NNI: done in 9.167 secs using 1586% CPU
Optimizing NNI: done in 8.37264 secs using 1585% CPU
Optimizing NNI: done in 10.6015 secs using 1586% CPU
Optimizing NNI: done in 11.0541 secs using 1585% CPU
Optimizing NNI: done in 11.4001 secs using 1586% CPU
Optimizing NNI: done in 9.12846 secs using 1584% CPU
Optimizing NNI: done in 10.8152 secs using 1585% CPU
Optimizing NNI: done in 11.2883 secs using 1583% CPU
Optimizing NNI: done in 8.69906 secs using 1584% CPU
Optimizing NNI: done in 6.36066 secs using 1583% CPU
Iteration 410 / LogL: -7796.244 / Time: 1h:14m:15s (0h:16m:19s left)
Optimizing NNI: done in 7.7634 secs using 1583% CPU
Optimizing NNI: done in 9.13395 secs using 1582% CPU
Optimizing NNI: done in 9.11388 secs using 1584% CPU
Optimizing NNI: done in 10.3185 secs using 1583% CPU
Optimizing NNI: done in 5.26705 secs using 1582% CPU
Optimizing NNI: done in 12.8497 secs using 1586% CPU
Optimizing NNI: done in 9.1506 secs using 1584% CPU
Optimizing NNI: done in 11.6823 secs using 1585% CPU
Optimizing NNI: done in 13.483 secs using 1585% CPU
Optimizing NNI: done in 8.88627 secs using 1583% CPU
Iteration 420 / LogL: -7794.388 / Time: 1h:16m:17s (0h:14m:33s left)
Optimizing NNI: done in 6.56238 secs using 1582% CPU
Optimizing NNI: done in 8.25759 secs using 1584% CPU
Optimizing NNI: done in 11.3933 secs using 1584% CPU
Optimizing NNI: done in 7.40904 secs using 1583% CPU
Optimizing NNI: done in 7.78262 secs using 1583% CPU
Optimizing NNI: done in 8.22214 secs using 1583% CPU
Optimizing NNI: done in 14.8986 secs using 1585% CPU
Optimizing NNI: done in 6.98799 secs using 1583% CPU
Optimizing NNI: done in 8.97059 secs using 1582% CPU
Optimizing NNI: done in 8.72801 secs using 1583% CPU
Iteration 430 / LogL: -7803.715 / Time: 1h:18m:10s (0h:12m:44s left)
Optimizing NNI: done in 6.50827 secs using 1582% CPU
Optimizing NNI: done in 12.542 secs using 1585% CPU
Optimizing NNI: done in 9.9075 secs using 1583% CPU
Optimizing NNI: done in 6.97328 secs using 1584% CPU
Optimizing NNI: done in 8.35844 secs using 1584% CPU
Optimizing NNI: done in 12.269 secs using 1584% CPU
Optimizing NNI: done in 14.1235 secs using 1585% CPU
Optimizing NNI: done in 10.8538 secs using 1584% CPU
Optimizing NNI: done in 9.17132 secs using 1582% CPU
Optimizing NNI: done in 9.06805 secs using 1582% CPU
Iteration 440 / LogL: -7785.884 / Time: 1h:20m:14s (0h:10m:57s left)
Optimizing NNI: done in 8.27725 secs using 1582% CPU
Optimizing NNI: done in 8.21831 secs using 1583% CPU
Optimizing NNI: done in 10.0213 secs using 1585% CPU
Optimizing NNI: done in 11.3591 secs using 1585% CPU
Optimizing NNI: done in 10.7626 secs using 1585% CPU
Optimizing NNI: done in 13.5142 secs using 1585% CPU
Optimizing NNI: done in 8.6064 secs using 1583% CPU
Optimizing NNI: done in 7.829 secs using 1582% CPU
Optimizing NNI: done in 8.87228 secs using 1583% CPU
Optimizing NNI: done in 8.44921 secs using 1584% CPU
Iteration 450 / LogL: -7800.067 / Time: 1h:22m:14s (0h:9m:8s left)
Log-likelihood cutoff on original alignment: -7895.539
Optimizing NNI: done in 10.5382 secs using 1586% CPU
Optimizing NNI: done in 9.13923 secs using 1585% CPU
Optimizing NNI: done in 7.08614 secs using 1583% CPU
Optimizing NNI: done in 8.10264 secs using 1581% CPU
Optimizing NNI: done in 7.4759 secs using 1582% CPU
Optimizing NNI: done in 13.6311 secs using 1585% CPU
Optimizing NNI: done in 9.9607 secs using 1585% CPU
Optimizing NNI: done in 12.132 secs using 1585% CPU
Optimizing NNI: done in 9.70555 secs using 1583% CPU
Optimizing NNI: done in 14.3143 secs using 1586% CPU
Iteration 460 / LogL: -7786.554 / Time: 1h:24m:25s (0h:7m:20s left)
Optimizing NNI: done in 11.8454 secs using 1585% CPU
Optimizing NNI: done in 16.1901 secs using 1585% CPU
Optimizing NNI: done in 11.7788 secs using 1586% CPU
Optimizing NNI: done in 7.70798 secs using 1582% CPU
Optimizing NNI: done in 9.82049 secs using 1582% CPU
Optimizing NNI: done in 9.30936 secs using 1583% CPU
Optimizing NNI: done in 8.96691 secs using 1585% CPU
Optimizing NNI: done in 8.76754 secs using 1583% CPU
Optimizing NNI: done in 8.62552 secs using 1583% CPU
Optimizing NNI: done in 9.70159 secs using 1582% CPU
Iteration 470 / LogL: -7779.336 / Time: 1h:26m:35s (0h:5m:32s left)
Optimizing NNI: done in 8.836 secs using 1582% CPU
Optimizing NNI: done in 8.80209 secs using 1585% CPU
Optimizing NNI: done in 11.1137 secs using 1585% CPU
Optimizing NNI: done in 10.5852 secs using 1585% CPU
Optimizing NNI: done in 8.15356 secs using 1583% CPU
Optimizing NNI: done in 9.68899 secs using 1584% CPU
Optimizing NNI: done in 9.34765 secs using 1584% CPU
Optimizing NNI: done in 11.2277 secs using 1585% CPU
Optimizing NNI: done in 8.75532 secs using 1585% CPU
Optimizing NNI: done in 10.7618 secs using 1583% CPU
Iteration 480 / LogL: -7800.623 / Time: 1h:28m:40s (0h:3m:41s left)
Optimizing NNI: done in 9.78071 secs using 1583% CPU
Optimizing NNI: done in 7.68645 secs using 1583% CPU
Optimizing NNI: done in 11.3975 secs using 1584% CPU
Optimizing NNI: done in 10.5741 secs using 1584% CPU
Optimizing NNI: done in 9.89974 secs using 1583% CPU
Optimizing NNI: done in 14.7165 secs using 1585% CPU
Optimizing NNI: done in 12.6732 secs using 1585% CPU
Optimizing NNI: done in 7.04025 secs using 1580% CPU
Optimizing NNI: done in 9.74995 secs using 1584% CPU
Optimizing NNI: done in 8.4671 secs using 1583% CPU
Iteration 490 / LogL: -7795.345 / Time: 1h:30m:50s (0h:1m:51s left)
Optimizing NNI: done in 8.65541 secs using 1582% CPU
Optimizing NNI: done in 9.18037 secs using 1582% CPU
Optimizing NNI: done in 11.4843 secs using 1584% CPU
Optimizing NNI: done in 8.73891 secs using 1582% CPU
Optimizing NNI: done in 8.64195 secs using 1582% CPU
Optimizing NNI: done in 11.0855 secs using 1584% CPU
Optimizing NNI: done in 7.13249 secs using 1583% CPU
Optimizing NNI: done in 7.77934 secs using 1584% CPU
Optimizing NNI: done in 10.1975 secs using 1582% CPU
Optimizing NNI: done in 10.512 secs using 1584% CPU
Iteration 500 / LogL: -7787.249 / Time: 1h:32m:51s (0h:0m:0s left)
Log-likelihood cutoff on original alignment: -7895.539
NOTE: Bootstrap correlation coefficient of split occurrence frequencies: 0.993
TREE SEARCH COMPLETED AFTER 500 ITERATIONS / Time: 1h:32m:56s

--------------------------------------------------------------------
|                    FINALIZING TREE SEARCH                        |
--------------------------------------------------------------------
Performs final model parameters optimization
Estimate model parameters (epsilon = 0.010)
1. Initial log-likelihood: -7770.827
Optimal log-likelihood: -7770.827
Gamma shape alpha: 0.398
Parameters optimization took 1 rounds (0.215 sec)
BEST SCORE FOUND : -7770.827
Creating bootstrap support values...
Split supports printed to NEXUS file results/per_year_unclustered/VicB/trees/VicB_2019.splits.nex
Total tree length: 1.516

Total number of iterations: 500
CPU time used for tree search: 78620.754 sec (21h:50m:20s)
Wall-clock time used for tree search: 5561.968 sec (1h:32m:41s)
Total CPU time used: 78838.031 sec (21h:53m:58s)
Total wall-clock time used: 5582.174 sec (1h:33m:2s)

Computing bootstrap consensus tree...
Reading input file results/per_year_unclustered/VicB/trees/VicB_2019.splits.nex...
616 taxa and 46990 splits.
Consensus tree written to results/per_year_unclustered/VicB/trees/VicB_2019.contree
Reading input trees file results/per_year_unclustered/VicB/trees/VicB_2019.contree
Log-likelihood of consensus tree: -7773.971

Analysis results written to: 
  IQ-TREE report:                results/per_year_unclustered/VicB/trees/VicB_2019.iqtree
  Maximum-likelihood tree:       results/per_year_unclustered/VicB/trees/VicB_2019.treefile
  Likelihood distances:          results/per_year_unclustered/VicB/trees/VicB_2019.mldist

Ultrafast bootstrap approximation results written to:
  Split support values:          results/per_year_unclustered/VicB/trees/VicB_2019.splits.nex
  Consensus tree:                results/per_year_unclustered/VicB/trees/VicB_2019.contree
  Screen log file:               results/per_year_unclustered/VicB/trees/VicB_2019.log

Date and Time: Fri Nov 21 12:14:40 2025
