IQ-TREE version 3.0.1 for Linux x86 64-bit built Jul  9 2025
Developed by Bui Quang Minh, Thomas Wong, Nhan Ly-Trong, Huaiyan Ren
Contributed by Lam-Tung Nguyen, Dominik Schrempf, Chris Bielow,
Olga Chernomor, Michael Woodhams, Diep Thi Hoang, Heiko Schmidt

Host:    rtis-hpc-r01.uod.otago.ac.nz (AVX2, FMA3, 1007 GB RAM)
Command: iqtree -s results/per_year_unclustered/VicB/alignments/VicB_2013_with_designs.fasta -m LG+G4 -bb 1000 -nt 8 -pre results/per_year_unclustered/VicB/trees/VicB_2013_with_designs -redo -quiet
Seed:    904811 (Using SPRNG - Scalable Parallel Random Number Generator)
Time:    Sat Nov 22 10:28:56 2025
Kernel:  AVX+FMA - 8 threads (8 CPU cores detected)

Reading alignment file results/per_year_unclustered/VicB/alignments/VicB_2013_with_designs.fasta ... Fasta format detected
Reading fasta file: done in 0.0007618 secs using 82.31% CPU
Alignment most likely contains protein sequences
Constructing alignment: done in 0.000457919 secs using 93.9% CPU
Alignment has 86 sequences with 585 columns, 104 distinct patterns
28 parsimony-informative, 57 singleton sites, 500 constant sites
                                                                            Gap/Ambiguity  Composition  p-value
Analyzing sequences: done in 2.23024e-05 secs using 94.16% CPU
   1  EPI431338|HA|B/Hong_Kong/6/2013|EPI_ISL_137206|B                              0.00%    passed    100.00%
   2  EPI431477|HA|B/SHIZUOKA/5/2013|EPI_ISL_137262|B                               0.00%    passed    100.00%
   3  EPI431475|HA|B/FUKUOKA-C/1/2013|EPI_ISL_137261|B                              0.00%    passed    100.00%
   4  EPI431489|HA|B/WAKAYAMA/32/2013|EPI_ISL_137268|B                              0.00%    passed    100.00%
   5  EPI433127|HA|B/Chiang_Rai/15/2013|EPI_ISL_137519|B                            0.00%    passed    100.00%
   6  EPI2187250|HA|B/Macau/610434/2013|EPI_ISL_15146494|B                          0.00%    passed    100.00%
   7  EPI2186906|HA|B/Hanoi/ELI13169/2013|EPI_ISL_15146343|B                        0.00%    passed    100.00%
   8  EPI566791|HA|B/Vietnam/13V_B-4/2013|EPI_ISL_173057|B                          0.00%    passed    100.00%
   9  EPI445774|HA|B/AICHI/2/2013|EPI_ISL_140294|B                                  0.00%    passed    100.00%
  10  EPI566821|HA|B/Vietnam/13V_B-9/2013|EPI_ISL_173060|B                          0.00%    passed    100.00%
  11  EPI873555|HA|B/Cambodia/X0117311/2013|EPI_ISL_240647|B                        0.00%    passed    100.00%
  12  EPI873554|HA|B/Cambodia/X0117308/2013|EPI_ISL_240646|B                        0.00%    passed    100.00%
  13  EPI873557|HA|B/Cambodia/X0314305/2013|EPI_ISL_240649|B                        0.00%    passed    100.00%
  14  EPI460867|HA|B/SAPPORO/16/2013|EPI_ISL_143699|B                               0.00%    passed    100.00%
  15  EPI461910|HA|B/Kutaisi/384/2013|EPI_ISL_143987|B                              0.00%    passed    100.00%
  16  EPI461914|HA|B/Ozirgeti/542/2013|EPI_ISL_143989|B                             0.00%    passed    100.00%
  17  EPI461926|HA|B/Tbilisi/524/2013|EPI_ISL_143995|B                              0.00%    passed    100.00%
  18  EPI464807|HA|B/Laos/044/2013|EPI_ISL_144863|B                                 0.00%    passed    100.00%
  19  EPI465227|HA|B/KUMAMOTO/24/2013|EPI_ISL_144999|B                              0.00%    passed    100.00%
  20  EPI465224|HA|B/SAPPORO/24/2013|EPI_ISL_144996|B                               0.00%    passed    100.00%
  21  EPI465231|HA|B/AICHI/55/2013|EPI_ISL_145003|B                                 0.00%    passed    100.00%
  22  EPI465229|HA|B/ISHIKAWA/76/2013|EPI_ISL_145001|B                              0.00%    passed    100.00%
  23  EPI465900|HA|B/Phuket/151/2013|EPI_ISL_145275|B                               0.00%    passed    100.00%
  24  EPI465912|HA|B/Vietnam/3071/2013|EPI_ISL_145279|B                             0.00%    passed    100.00%
  25  EPI465924|HA|B/Vietnam/3072/2013|EPI_ISL_145283|B                             0.00%    passed    100.00%
  26  EPI465918|HA|B/Hong_Kong/74/2013|EPI_ISL_145281|B                             0.00%    passed    100.00%
  27  EPI466151|HA|B/MALAYSIA/18/2013|EPI_ISL_145334|B                              0.00%    passed    100.00%
  28  EPI467015|HA|B/Taiwan/12/2013|EPI_ISL_145553|B                                0.00%    passed    100.00%
  29  EPI468054|HA|B/Jordan/30266/2013|EPI_ISL_145978|B                             0.00%    passed    100.00%
  30  EPI468060|HA|B/Jordan/30306/2013|EPI_ISL_145981|B                             0.00%    passed    100.00%
  31  EPI468522|HA|B/Taiwan/13/2013|EPI_ISL_146084|B                                0.00%    passed    100.00%
  32  EPI477357|HA|B/Guangdong-Duanzhou/1160/2013|EPI_ISL_148706|B                  0.00%    passed    100.00%
  33  EPI486449|HA|B/Jiangsu-Qingpu/1256/2013|EPI_ISL_150187|B                      0.00%    passed    100.00%
  34  EPI486455|HA|B/Bangladesh/8010/2013|EPI_ISL_150189|B                          0.00%    passed    100.00%
  35  EPI491356|HA|B/PHILIPPINES/10/2013|EPI_ISL_151535|B                           0.00%    passed    100.00%
  36  EPI492589|HA|B/Hong_Kong/223/2013|EPI_ISL_151771|B                            0.00%    passed    100.00%
  37  EPI492881|HA|B/TOTTORI/37/2013|EPI_ISL_151859|B                               0.00%    passed    100.00%
  38  EPI1399071|HA|B/Taiwan/80823/2013|EPI_ISL_348552|B                            0.00%    passed    100.00%
  39  EPI497549|HA|B/SHIZUOKA/122/2013|EPI_ISL_152861|B                             0.00%    passed    100.00%
  40  EPI498303|HA|B/Indonesia/Nihrds-0242/2013|EPI_ISL_153135|B                    0.00%    passed    100.00%
  41  EPI498305|HA|B/Indonesia/Nihrdi-Mks1003/2013|EPI_ISL_153136|B                 0.00%    passed    100.00%
  42  EPI498325|HA|B/Indonesia/Nihrdi-Plk159/2013|EPI_ISL_153146|B                  0.00%    passed    100.00%
  43  EPI498537|HA|B/Jiangsu-Chongchuan/12552/2013|EPI_ISL_153252|B                 0.00%    passed    100.00%
  44  EPI498612|HA|B/Hunan-Lengshuitan/11179/2013|EPI_ISL_153277|B                  0.00%    passed    100.00%
  45  EPI498741|HA|B/Guangdong-Xiangzhou/11050/2013|EPI_ISL_153320|B                0.00%    passed    100.00%
  46  EPI499258|HA|B/Vietnam/423/2013|EPI_ISL_153522|B                              0.00%    passed    100.00%
  47  EPI499261|HA|B/Vietnam/421/2013|EPI_ISL_153523|B                              0.00%    passed    100.00%
  48  EPI499252|HA|B/Indonesia/Nihrd-Mtr1658/2013|EPI_ISL_153520|B                  0.00%    passed    100.00%
  49  EPI503594|HA|B/Taiwan/22/2013|EPI_ISL_154849|B                                0.00%    passed    100.00%
  50  EPI504612|HA|B/TOKYO/33418/2013|EPI_ISL_155583|B                              0.00%    passed    100.00%
  51  EPI507669|HA|B/Aichi/62/2013|EPI_ISL_156813|B                                 0.00%    passed    100.00%
  52  EPI510069|HA|B/Gwangju/1701/2013|EPI_ISL_157836|B                             0.00%    passed    100.00%
  53  EPI510104|HA|B/Bangladesh/3006/2013|EPI_ISL_157848|B                          0.00%    passed    100.00%
  54  EPI515570|HA|B/Bangladesh/1835/2013|EPI_ISL_158964|B                          0.00%    passed    100.00%
  55  EPI439414|HA|B/Wisconsin/02/2013|EPI_ISL_138549|B                             0.00%    passed    100.00%
  56  EPI438946|HA|B/South_Dakota/01/2013|EPI_ISL_138557|B                          0.00%    passed    100.00%
  57  EPI438975|HA|B/Nevada/05/2013|EPI_ISL_138567|B                                0.00%    passed    100.00%
  58  EPI442845|HA|B/New_Hampshire/03/2013|EPI_ISL_139543|B                         0.00%    passed    100.00%
  59  EPI442854|HA|B/Montana/01/2013|EPI_ISL_139546|B                               0.00%    passed    100.00%
  60  EPI443755|HA|B/North_Dakota/02/2013|EPI_ISL_139931|B                          0.00%    passed    100.00%
  61  EPI443764|HA|B/Wyoming/03/2013|EPI_ISL_139934|B                               0.00%    passed    100.00%
  62  EPI447116|HA|B/Texas/06/2013|EPI_ISL_140978|B                                 0.00%    passed    100.00%
  63  EPI447122|HA|B/New_York/03/2013|EPI_ISL_140980|B                              0.00%    passed    100.00%
  64  EPI450575|HA|B/Wisconsin/03/2013|EPI_ISL_141619|B                             0.00%    passed    100.00%
  65  EPI457595|HA|B/Colorado/05/2013|EPI_ISL_142894|B                              0.00%    passed    100.00%
  66  EPI457592|HA|B/Georgia/07/2013|EPI_ISL_142893|B                               0.00%    passed    100.00%
  67  EPI459722|HA|B/California/05/2013|EPI_ISL_143231|B                            0.00%    passed    100.00%
  68  EPI459726|HA|B/Nevada/09/2013|EPI_ISL_143232|B                                0.00%    passed    100.00%
  69  EPI462448|HA|B/Rhode_Island/01/2013|EPI_ISL_144245|B                          0.00%    passed    100.00%
  70  EPI499220|HA|B/Florida/08/2013|EPI_ISL_153508|B                               0.00%    passed    100.00%
  71  EPI503552|HA|B/Nevada/12/2013|EPI_ISL_154835|B                                0.00%    passed    100.00%
  72  EPI503582|HA|B/Texas/08/2013|EPI_ISL_154845|B                                 0.00%    passed    100.00%
  73  EPI504564|HA|B/Michigan/03/2013|EPI_ISL_155568|B                              0.00%    passed    100.00%
  74  EPI644623|HA|B/Michigan/05/2013|EPI_ISL_196065|B                              0.00%    passed    100.00%
  75  EPI466130|HA|B/CANBERRA/1/2013|EPI_ISL_145327|B                               0.00%    passed    100.00%
  76  EPI466171|HA|B/SOUTH_AUSTRALIA/10/2013|EPI_ISL_145341|B                       0.00%    passed    100.00%
  77  EPI466195|HA|B/VICTORIA/802/2013|EPI_ISL_145349|B                             0.00%    passed    100.00%
  78  EPI2187203|HA|B/Brisbane/10/2013|EPI_ISL_15146474|B                           0.00%    passed    100.00%
  79  EPI2187315|HA|B/Sydney/1/2013|EPI_ISL_15146528|B                              0.00%    passed    100.00%
  80  EPI2187267|HA|B/Perth/105/2013|EPI_ISL_15146503|B                             0.00%    passed    100.00%
  81  EPI2187280|HA|B/Perth/8/2013|EPI_ISL_15146509|B                               0.00%    passed    100.00%
  82  EPI2187302|HA|B/South_Auckland/8/2013|EPI_ISL_15146521|B                      0.00%    passed    100.00%
  83  VicB_2013_Consensus_Aligned                                                   0.00%    passed    100.00%
  84  VicB_2013_Medoid_Aligned|EPI461914|HA|B/Ozirgeti/542/2013|EPI_ISL_143989|B    0.00%    passed    100.00%
  85  VicB_2013_Ancestral_Aligned_Node14                                            0.00%    passed    100.00%
  86  VicB_2013_COBRA_Aligned                                                       0.00%    passed    100.00%
****  TOTAL                                                                         0.00%  0 sequences failed composition chi2 test (p-value<5%; df=19)
NOTE: VicB_2013_COBRA_Aligned is identical to EPI431338|HA|B/Hong_Kong/6/2013|EPI_ISL_137206|B but kept for subsequent analysis
NOTE: VicB_2013_Medoid_Aligned|EPI461914|HA|B/Ozirgeti/542/2013|EPI_ISL_143989|B is identical to EPI461914|HA|B/Ozirgeti/542/2013|EPI_ISL_143989|B but kept for subsequent analysis
Checking for duplicate sequences: done in 0.000121398 secs using 94.73% CPU
Creating fast initial parsimony tree by random order stepwise addition...
0.075 seconds, parsimony score: 122 (based on 85 sites)
Generating 1000 samples for ultrafast bootstrap (seed: 904811)...

NOTE: 7 MB RAM (0 GB) is required!
WARNING: Number of threads seems too high for short alignments. Use -T AUTO to determine best number of threads.
Estimate model parameters (epsilon = 0.100)
1. Initial log-likelihood: -2788.311
2. Current log-likelihood: -2777.726
Optimal log-likelihood: -2777.725
Gamma shape alpha: 0.190
Parameters optimization took 2 rounds (0.085 sec)
Wrote distance file to... 
Computing ML distances based on estimated model parameters...
Calculating distance matrix: done in 0.130567 secs using 798.3% CPU
Computing ML distances took 0.130655 sec (of wall-clock time) 1.042433 sec (of CPU time)
Setting up auxiliary I and S matrices: done in 0.00497802 secs using 165.5% CPU
Constructing RapidNJ tree: done in 0.0844337 secs using 70.07% CPU
Computing RapidNJ tree took 0.089484 sec (of wall-clock time) 0.067479 sec (of CPU time)
Log-likelihood of RapidNJ tree: -2773.891
--------------------------------------------------------------------
|             INITIALIZING CANDIDATE TREE SET                      |
--------------------------------------------------------------------
Generating 98 parsimony trees... 0.249 second
Computing log-likelihood of 98 initial trees ... 1.177 seconds
Current best score: -2768.081

Do NNI search on 20 best initial trees
Optimizing NNI: done in 0.0798353 secs using 787.3% CPU
Estimate model parameters (epsilon = 0.100)
BETTER TREE FOUND at iteration 1: -2768.080
Optimizing NNI: done in 0.0801411 secs using 793% CPU
Optimizing NNI: done in 0.151163 secs using 794.1% CPU
Optimizing NNI: done in 0.148102 secs using 793.3% CPU
Optimizing NNI: done in 0.148027 secs using 794.4% CPU
Optimizing NNI: done in 0.0746046 secs using 795.3% CPU
Optimizing NNI: done in 0.147477 secs using 797.6% CPU
Optimizing NNI: done in 0.0770039 secs using 794.3% CPU
Optimizing NNI: done in 0.154885 secs using 792.9% CPU
Optimizing NNI: done in 0.078657 secs using 784.4% CPU
Iteration 10 / LogL: -2770.721 / Time: 0h:0m:3s
Optimizing NNI: done in 0.144638 secs using 796.6% CPU
Optimizing NNI: done in 0.154618 secs using 788.4% CPU
Optimizing NNI: done in 0.161511 secs using 793% CPU
Optimizing NNI: done in 0.223393 secs using 793% CPU
Optimizing NNI: done in 0.0801853 secs using 801.7% CPU
Optimizing NNI: done in 0.153919 secs using 794.2% CPU
Optimizing NNI: done in 0.233123 secs using 793.1% CPU
Optimizing NNI: done in 0.156302 secs using 791.7% CPU
Estimate model parameters (epsilon = 0.100)
BETTER TREE FOUND at iteration 18: -2767.826
Optimizing NNI: done in 0.151399 secs using 792.5% CPU
Optimizing NNI: done in 0.140732 secs using 794.7% CPU
Iteration 20 / LogL: -2771.721 / Time: 0h:0m:4s
Finish initializing candidate tree set (20)
Current best tree score: -2767.826 / CPU time: 4.288
Number of iterations: 20
--------------------------------------------------------------------
|               OPTIMIZING CANDIDATE TREE SET                      |
--------------------------------------------------------------------
Optimizing NNI: done in 0.338014 secs using 793.7% CPU
Optimizing NNI: done in 0.306758 secs using 791.3% CPU
Optimizing NNI: done in 0.362988 secs using 794.1% CPU
Optimizing NNI: done in 0.284501 secs using 793% CPU
Optimizing NNI: done in 0.3749 secs using 793.4% CPU
Optimizing NNI: done in 0.225353 secs using 792.8% CPU
Optimizing NNI: done in 0.305554 secs using 793.9% CPU
Optimizing NNI: done in 0.289368 secs using 795.7% CPU
Optimizing NNI: done in 0.304333 secs using 793.3% CPU
Optimizing NNI: done in 0.232001 secs using 793.8% CPU
Iteration 30 / LogL: -2767.847 / Time: 0h:0m:7s (0h:0m:23s left)
Optimizing NNI: done in 0.369505 secs using 791.3% CPU
Optimizing NNI: done in 0.408532 secs using 792.6% CPU
Optimizing NNI: done in 0.28952 secs using 791.7% CPU
Optimizing NNI: done in 0.231857 secs using 794% CPU
Optimizing NNI: done in 0.136289 secs using 798.1% CPU
Optimizing NNI: done in 0.222019 secs using 793.8% CPU
Optimizing NNI: done in 0.305126 secs using 792.5% CPU
Optimizing NNI: done in 0.305524 secs using 790.2% CPU
Optimizing NNI: done in 0.310356 secs using 791% CPU
Optimizing NNI: done in 0.294654 secs using 794.4% CPU
Iteration 40 / LogL: -2771.567 / Time: 0h:0m:10s (0h:0m:21s left)
Optimizing NNI: done in 0.299343 secs using 792.4% CPU
Optimizing NNI: done in 0.298913 secs using 793.4% CPU
Optimizing NNI: done in 0.318596 secs using 792.7% CPU
Optimizing NNI: done in 0.332639 secs using 795% CPU
Optimizing NNI: done in 0.21808 secs using 793.3% CPU
Optimizing NNI: done in 0.297263 secs using 791.5% CPU
Optimizing NNI: done in 0.283552 secs using 793.3% CPU
Optimizing NNI: done in 0.379686 secs using 791.8% CPU
Optimizing NNI: done in 0.354623 secs using 792.6% CPU
Optimizing NNI: done in 0.302767 secs using 794.8% CPU
Iteration 50 / LogL: -2775.323 / Time: 0h:0m:13s (0h:0m:19s left)
Log-likelihood cutoff on original alignment: -2786.551
Optimizing NNI: done in 0.281843 secs using 790.8% CPU
Optimizing NNI: done in 0.42019 secs using 792.6% CPU
Optimizing NNI: done in 0.351842 secs using 793.2% CPU
Optimizing NNI: done in 0.36385 secs using 793.8% CPU
Optimizing NNI: done in 0.277838 secs using 792.1% CPU
Optimizing NNI: done in 0.291748 secs using 793.6% CPU
Optimizing NNI: done in 0.360806 secs using 794.1% CPU
Optimizing NNI: done in 0.362813 secs using 791.9% CPU
Optimizing NNI: done in 0.21737 secs using 790.8% CPU
Optimizing NNI: done in 0.285192 secs using 792.2% CPU
Iteration 60 / LogL: -2767.834 / Time: 0h:0m:17s (0h:0m:17s left)
Optimizing NNI: done in 0.294001 secs using 794% CPU
Optimizing NNI: done in 0.336966 secs using 793% CPU
Optimizing NNI: done in 0.269628 secs using 795% CPU
Optimizing NNI: done in 0.20778 secs using 793.6% CPU
Optimizing NNI: done in 0.331736 secs using 794% CPU
Optimizing NNI: done in 0.347021 secs using 793.1% CPU
Optimizing NNI: done in 0.26219 secs using 793.6% CPU
Optimizing NNI: done in 0.406015 secs using 792.2% CPU
Optimizing NNI: done in 0.348515 secs using 795.5% CPU
Optimizing NNI: done in 0.281077 secs using 792.7% CPU
Iteration 70 / LogL: -2767.872 / Time: 0h:0m:20s (0h:0m:14s left)
Optimizing NNI: done in 0.27141 secs using 794.6% CPU
Optimizing NNI: done in 0.220818 secs using 790.8% CPU
Optimizing NNI: done in 0.291423 secs using 792.4% CPU
Optimizing NNI: done in 0.368015 secs using 793.2% CPU
Optimizing NNI: done in 0.339268 secs using 794% CPU
Optimizing NNI: done in 0.292413 secs using 792% CPU
Optimizing NNI: done in 0.339076 secs using 793.1% CPU
Optimizing NNI: done in 0.364898 secs using 792.9% CPU
Optimizing NNI: done in 0.338241 secs using 793.5% CPU
Optimizing NNI: done in 0.282938 secs using 792.8% CPU
Iteration 80 / LogL: -2767.840 / Time: 0h:0m:23s (0h:0m:11s left)
Optimizing NNI: done in 0.457163 secs using 793.8% CPU
Optimizing NNI: done in 0.284538 secs using 795.5% CPU
Optimizing NNI: done in 0.4355 secs using 793% CPU
Optimizing NNI: done in 0.296908 secs using 794% CPU
Optimizing NNI: done in 0.427456 secs using 791.8% CPU
Optimizing NNI: done in 0.271569 secs using 793.8% CPU
Optimizing NNI: done in 0.312143 secs using 794.5% CPU
Optimizing NNI: done in 0.222542 secs using 789.4% CPU
Optimizing NNI: done in 0.301366 secs using 793.9% CPU
Optimizing NNI: done in 0.214511 secs using 794.6% CPU
Iteration 90 / LogL: -2778.054 / Time: 0h:0m:27s (0h:0m:8s left)
Optimizing NNI: done in 0.283194 secs using 791.2% CPU
Optimizing NNI: done in 0.216933 secs using 792.3% CPU
Optimizing NNI: done in 0.324664 secs using 792.8% CPU
Optimizing NNI: done in 0.357753 secs using 794.4% CPU
Optimizing NNI: done in 0.361853 secs using 792.6% CPU
Optimizing NNI: done in 0.475984 secs using 793.2% CPU
Optimizing NNI: done in 0.333784 secs using 794.9% CPU
Optimizing NNI: done in 0.197121 secs using 793.8% CPU
Optimizing NNI: done in 0.288093 secs using 793.7% CPU
Optimizing NNI: done in 0.361677 secs using 793.8% CPU
Iteration 100 / LogL: -2775.291 / Time: 0h:0m:30s (0h:0m:5s left)
Log-likelihood cutoff on original alignment: -2786.816
NOTE: Bootstrap correlation coefficient of split occurrence frequencies: 0.991
Optimizing NNI: done in 0.397125 secs using 794.3% CPU
Optimizing NNI: done in 0.302252 secs using 794.6% CPU
Optimizing NNI: done in 0.230559 secs using 789.1% CPU
Optimizing NNI: done in 0.272753 secs using 794.2% CPU
Optimizing NNI: done in 0.180851 secs using 793.6% CPU
Optimizing NNI: done in 0.292854 secs using 793% CPU
Optimizing NNI: done in 0.220397 secs using 796.7% CPU
Optimizing NNI: done in 0.342553 secs using 791.4% CPU
Optimizing NNI: done in 0.415578 secs using 791.7% CPU
Optimizing NNI: done in 0.223075 secs using 794.3% CPU
Iteration 110 / LogL: -2767.833 / Time: 0h:0m:33s (0h:0m:27s left)
Optimizing NNI: done in 0.351137 secs using 791.8% CPU
Optimizing NNI: done in 0.427979 secs using 793.8% CPU
Optimizing NNI: done in 0.300854 secs using 794.1% CPU
Optimizing NNI: done in 0.227682 secs using 794.3% CPU
Optimizing NNI: done in 0.219792 secs using 792.3% CPU
Optimizing NNI: done in 0.25471 secs using 793.4% CPU
Optimizing NNI: done in 0.217763 secs using 791.4% CPU
Optimizing NNI: done in 0.220356 secs using 795.4% CPU
Optimizing NNI: done in 0.427507 secs using 793.2% CPU
TREE SEARCH COMPLETED AFTER 119 ITERATIONS / Time: 0h:0m:36s

--------------------------------------------------------------------
|                    FINALIZING TREE SEARCH                        |
--------------------------------------------------------------------
Performs final model parameters optimization
Estimate model parameters (epsilon = 0.010)
1. Initial log-likelihood: -2767.826
Optimal log-likelihood: -2767.826
Gamma shape alpha: 0.192
Parameters optimization took 1 rounds (0.028 sec)
BEST SCORE FOUND : -2767.826
Creating bootstrap support values...
Split supports printed to NEXUS file results/per_year_unclustered/VicB/trees/VicB_2013_with_designs.splits.nex
Total tree length: 0.213

Total number of iterations: 119
CPU time used for tree search: 280.856 sec (0h:4m:40s)
Wall-clock time used for tree search: 36.246 sec (0h:0m:36s)
Total CPU time used: 284.343 sec (0h:4m:44s)
Total wall-clock time used: 36.983 sec (0h:0m:36s)

Computing bootstrap consensus tree...
Reading input file results/per_year_unclustered/VicB/trees/VicB_2013_with_designs.splits.nex...
86 taxa and 2794 splits.
Consensus tree written to results/per_year_unclustered/VicB/trees/VicB_2013_with_designs.contree
Reading input trees file results/per_year_unclustered/VicB/trees/VicB_2013_with_designs.contree
Log-likelihood of consensus tree: -2767.791

Analysis results written to: 
  IQ-TREE report:                results/per_year_unclustered/VicB/trees/VicB_2013_with_designs.iqtree
  Maximum-likelihood tree:       results/per_year_unclustered/VicB/trees/VicB_2013_with_designs.treefile
  Likelihood distances:          results/per_year_unclustered/VicB/trees/VicB_2013_with_designs.mldist

Ultrafast bootstrap approximation results written to:
  Split support values:          results/per_year_unclustered/VicB/trees/VicB_2013_with_designs.splits.nex
  Consensus tree:                results/per_year_unclustered/VicB/trees/VicB_2013_with_designs.contree
  Screen log file:               results/per_year_unclustered/VicB/trees/VicB_2013_with_designs.log

Date and Time: Sat Nov 22 10:29:34 2025
