IQ-TREE version 3.0.1 for Linux x86 64-bit built Jul  9 2025
Developed by Bui Quang Minh, Thomas Wong, Nhan Ly-Trong, Huaiyan Ren
Contributed by Lam-Tung Nguyen, Dominik Schrempf, Chris Bielow,
Olga Chernomor, Michael Woodhams, Diep Thi Hoang, Heiko Schmidt

Host:    rtis-hpc-r06.uod.otago.ac.nz (AVX2, FMA3, 1007 GB RAM)
Command: iqtree -s results/per_year_unclustered/VicB/alignments/VicB_2015_aligned.fasta -m LG+G4 -bb 1000 -nt 16 -pre results/per_year_unclustered/VicB/trees/VicB_2015 -redo -quiet
Seed:    37772 (Using SPRNG - Scalable Parallel Random Number Generator)
Time:    Fri Nov 21 09:35:48 2025
Kernel:  AVX+FMA - 16 threads (16 CPU cores detected)

Reading alignment file results/per_year_unclustered/VicB/alignments/VicB_2015_aligned.fasta ... Fasta format detected
Reading fasta file: done in 0.000625002 secs using 12.96% CPU
Alignment most likely contains protein sequences
Constructing alignment: done in 0.000423114 secs using 95.96% CPU
Alignment has 73 sequences with 585 columns, 100 distinct patterns
28 parsimony-informative, 54 singleton sites, 503 constant sites
                                                            Gap/Ambiguity  Composition  p-value
Analyzing sequences: done in 0.00617778 secs using 1288% CPU
   1  EPI809657|HA|B/KANAGAWA/14/2015|EPI_ISL_229795|B              0.00%    passed    100.00%
   2  EPI825539|HA|B/Vietnam/5258/2015|EPI_ISL_232207|B             0.00%    passed    100.00%
   3  EPI676511|HA|B/GIFU/3/2015|EPI_ISL_202792|B                   0.00%    passed    100.00%
   4  EPI679857|HA|B/WAKAYAMA-C/69/2015|EPI_ISL_203515|B            0.00%    passed    100.00%
   5  EPI679855|HA|B/WAKAYAMA-C/68/2015|EPI_ISL_203514|B            0.00%    passed    100.00%
   6  EPI693110|HA|B/Bangladesh/11005/2015|EPI_ISL_206954|B         0.00%    passed    100.00%
   7  EPI693322|HA|B/Taiwan/341/2015|EPI_ISL_206982|B               0.00%    passed    100.00%
   8  EPI697300|HA|B/Beijing-Xicheng/12806/2015|EPI_ISL_207762|B    0.00%    passed    100.00%
   9  EPI697297|HA|B/Beijing-Huairou/12305/2015|EPI_ISL_207761|B    0.00%    passed    100.00%
  10  EPI706753|HA|B/Taiwan/362/2015|EPI_ISL_210381|B               0.00%    passed    100.00%
  11  EPI708669|HA|B/Bangladesh/11002/2015|EPI_ISL_211586|B         0.00%    passed    100.00%
  12  EPI713195|HA|B/SENDAI/13/2015|EPI_ISL_212550|B                0.00%    passed    100.00%
  13  EPI713703|HA|B/Henan-Zhaoling/1617/2015|EPI_ISL_212688|B      0.00%    passed    100.00%
  14  EPI717842|HA|B/Singapore/GP507/2015|EPI_ISL_213610|B          0.00%    passed    100.00%
  15  EPI717840|HA|B/Singapore/GP488/2015|EPI_ISL_213609|B          0.00%    passed    100.00%
  16  EPI718056|HA|B/Singapore/KK830/2015|EPI_ISL_213669|B          0.00%    passed    100.00%
  17  EPI718062|HA|B/Singapore/KK858/2015|EPI_ISL_213672|B          0.00%    passed    100.00%
  18  EPI718082|HA|B/Singapore/KK888/2015|EPI_ISL_213682|B          0.00%    passed    100.00%
  19  EPI718114|HA|B/Singapore/EN787/2015|EPI_ISL_213698|B          0.00%    passed    100.00%
  20  EPI718138|HA|B/Singapore/GP2106/2015|EPI_ISL_213710|B         0.00%    passed    100.00%
  21  EPI731424|HA|B/Oman/6335/2015|EPI_ISL_215952|B                0.00%    passed    100.00%
  22  EPI737913|HA|B/Bangladesh/11007/2015|EPI_ISL_217553|B         0.00%    passed    100.00%
  23  EPI738143|HA|B/Bahrain/921/2015|EPI_ISL_217582|B              0.00%    passed    100.00%
  24  EPI753805|HA|B/Cambodia/1287/2015|EPI_ISL_220591|B            0.00%    passed    100.00%
  25  EPI630562|HA|B/Hong_Kong/1337/2015|EPI_ISL_193083|B           0.00%    passed    100.00%
  26  EPI632763|HA|B/Hong_Kong/1372/2015|EPI_ISL_193649|B           0.00%    passed    100.00%
  27  EPI638832|HA|B/TOKYO/50143/2015|EPI_ISL_194915|B              0.00%    passed    100.00%
  28  EPI638828|HA|B/Taiwan/113/2015|EPI_ISL_194913|B               0.00%    passed    100.00%
  29  EPI808361|HA|B/Florida/79/2015|EPI_ISL_229438|B               0.00%    passed    100.00%
  30  EPI662244|HA|B/Hawaii/27/2015|EPI_ISL_199487|B                0.00%    passed    100.00%
  31  EPI672044|HA|B/Kentucky/24/2015|EPI_ISL_201592|B              0.00%    passed    100.00%
  32  EPI686448|HA|B/Kentucky/29/2015|EPI_ISL_205691|B              0.00%    passed    100.00%
  33  EPI686432|HA|B/Kentucky/27/2015|EPI_ISL_205689|B              0.00%    passed    100.00%
  34  EPI569214|HA|B/Wisconsin/01/2015|EPI_ISL_173838|B             0.00%    passed    100.00%
  35  EPI694922|HA|B/Florida/84/2015|EPI_ISL_207235|B               0.00%    passed    100.00%
  36  EPI700926|HA|B/Florida/86/2015|EPI_ISL_208504|B               0.00%    passed    100.00%
  37  EPI582621|HA|B/Texas/14/2015|EPI_ISL_177189|B                 0.00%    passed    100.00%
  38  EPI582701|HA|B/Illinois/03/2015|EPI_ISL_177201|B              0.00%    passed    100.00%
  39  EPI586833|HA|B/Rhode_Island/01/2015|EPI_ISL_178139|B          0.00%    passed    100.00%
  40  EPI586902|HA|B/Arkansas/13/2015|EPI_ISL_178148|B              0.00%    passed    100.00%
  41  EPI586978|HA|B/Utah/11/2015|EPI_ISL_178158|B                  0.00%    passed    100.00%
  42  EPI587066|HA|B/Pennsylvania/02/2015|EPI_ISL_178169|B          0.00%    passed    100.00%
  43  EPI587090|HA|B/Pennsylvania/03/2015|EPI_ISL_178172|B          0.00%    passed    100.00%
  44  EPI587266|HA|B/Texas/19/2015|EPI_ISL_178195|B                 0.00%    passed    100.00%
  45  EPI587407|HA|B/Wyoming/07/2015|EPI_ISL_178215|B               0.00%    passed    100.00%
  46  EPI592763|HA|B/Louisiana/20/2015|EPI_ISL_180334|B             0.00%    passed    100.00%
  47  EPI592761|HA|B/Louisiana/16/2015|EPI_ISL_180333|B             0.00%    passed    100.00%
  48  EPI592842|HA|B/Rhode_Island/07/2015|EPI_ISL_180348|B          0.00%    passed    100.00%
  49  EPI602964|HA|B/Louisiana/13/2015|EPI_ISL_182670|B             0.00%    passed    100.00%
  50  EPI602972|HA|B/Oklahoma/05/2015|EPI_ISL_182671|B              0.00%    passed    100.00%
  51  EPI603436|HA|B/Texas/28/2015|EPI_ISL_182730|B                 0.00%    passed    100.00%
  52  EPI603545|HA|B/Georgia/07/2015|EPI_ISL_182744|B               0.00%    passed    100.00%
  53  EPI614660|HA|B/Nevada/16/2015|EPI_ISL_189826|B                0.00%    passed    100.00%
  54  EPI625831|HA|B/Missouri/01/2015|EPI_ISL_192091|B              0.00%    passed    100.00%
  55  EPI630848|HA|B/Maryland/14/2015|EPI_ISL_193220|B              0.00%    passed    100.00%
  56  EPI630916|HA|B/Arizona/06/2015|EPI_ISL_193229|B               0.00%    passed    100.00%
  57  EPI630940|HA|B/Alaska/19/2015|EPI_ISL_193232|B                0.00%    passed    100.00%
  58  EPI631228|HA|B/Connecticut/50/2015|EPI_ISL_193273|B           0.00%    passed    100.00%
  59  EPI642670|HA|B/Hawaii/14/2015|EPI_ISL_195676|B                0.00%    passed    100.00%
  60  EPI648868|HA|B/Canberra/27/2015|EPI_ISL_197393|B              0.00%    passed    100.00%
  61  EPI956372|HA|B/South_Australia/48/2015|EPI_ISL_255434|B       0.00%    passed    100.00%
  62  EPI704133|HA|B/Sydney/256/2015|EPI_ISL_209059|B               0.00%    passed    100.00%
  63  EPI704202|HA|B/Darwin/97/2015|EPI_ISL_209084|B                0.00%    passed    100.00%
  64  EPI675663|HA|B/Sydney/137/2015|EPI_ISL_202492|B               0.00%    passed    100.00%
  65  EPI746430|HA|B/Victoria/849/2015|EPI_ISL_219044|B             0.00%    passed    100.00%
  66  EPI746466|HA|B/Victoria/502/2015|EPI_ISL_219057|B             0.00%    passed    100.00%
  67  EPI636369|HA|B/Brisbane/73/2015|EPI_ISL_194567|B              0.00%    passed    100.00%
  68  EPI636409|HA|B/Darwin/11/2015|EPI_ISL_194577|B                0.00%    passed    100.00%
  69  EPI636440|HA|B/New_Caledonia/21/2015|EPI_ISL_194583|B         0.00%    passed    100.00%
  70  EPI636488|HA|B/Perth/25/2015|EPI_ISL_194594|B                 0.00%    passed    100.00%
  71  EPI636549|HA|B/Sydney/11/2015|EPI_ISL_194606|B                0.00%    passed    100.00%
  72  EPI2187217|HA|B/Brisbane/287/2015|EPI_ISL_15146478|B          0.00%    passed    100.00%
  73  EPI2187233|HA|B/Darwin/11/2015|EPI_ISL_15146486|B             0.00%    passed    100.00%
****  TOTAL                                                         0.00%  0 sequences failed composition chi2 test (p-value<5%; df=19)
Checking for duplicate sequences: done in 0.0121231 secs using 1384% CPU
Creating fast initial parsimony tree by random order stepwise addition...
1.458 seconds, parsimony score: 108 (based on 82 sites)
Generating 1000 samples for ultrafast bootstrap (seed: 37772)...
WARNING: 16 threads for alignment length 100 will slow down analysis

NOTE: 5 MB RAM (0 GB) is required!
WARNING: Number of threads seems too high for short alignments. Use -T AUTO to determine best number of threads.
Estimate model parameters (epsilon = 0.100)
1. Initial log-likelihood: -2674.348
2. Current log-likelihood: -2670.728
Optimal log-likelihood: -2670.725
Gamma shape alpha: 0.273
Parameters optimization took 2 rounds (0.045 sec)
Wrote distance file to... 
Computing ML distances based on estimated model parameters...
Calculating distance matrix: done in 0.0665834 secs using 1478% CPU
Computing ML distances took 0.103990 sec (of wall-clock time) 1.496392 sec (of CPU time)
Setting up auxiliary I and S matrices: done in 0.00219654 secs using 188.3% CPU
Constructing RapidNJ tree: done in 0.0930934 secs using 38.43% CPU
Computing RapidNJ tree took 0.095378 sec (of wall-clock time) 0.039969 sec (of CPU time)
Log-likelihood of RapidNJ tree: -2668.488
--------------------------------------------------------------------
|             INITIALIZING CANDIDATE TREE SET                      |
--------------------------------------------------------------------
Generating 98 parsimony trees... 0.116 second
Computing log-likelihood of 98 initial trees ... 0.695 seconds
Current best score: -2666.597

Do NNI search on 20 best initial trees
Optimizing NNI: done in 3.39582 secs using 1468% CPU
Estimate model parameters (epsilon = 0.100)
BETTER TREE FOUND at iteration 1: -2666.595
Optimizing NNI: done in 3.3142 secs using 1476% CPU
BETTER TREE FOUND at iteration 2: -2666.595
Optimizing NNI: done in 2.68893 secs using 1473% CPU
Optimizing NNI: done in 0.0845756 secs using 1265% CPU
Optimizing NNI: done in 0.090923 secs using 1279% CPU
Optimizing NNI: done in 0.0809862 secs using 1276% CPU
Optimizing NNI: done in 0.0592395 secs using 1199% CPU
Optimizing NNI: done in 0.0822383 secs using 1287% CPU
Optimizing NNI: done in 0.0959794 secs using 1323% CPU
Optimizing NNI: done in 0.0830798 secs using 1317% CPU
Iteration 10 / LogL: -2666.595 / Time: 0h:0m:12s
Optimizing NNI: done in 0.0900162 secs using 1279% CPU
Optimizing NNI: done in 0.0776334 secs using 1264% CPU
Optimizing NNI: done in 0.103587 secs using 1327% CPU
Optimizing NNI: done in 0.0775488 secs using 1292% CPU
Optimizing NNI: done in 0.0793901 secs using 1271% CPU
Optimizing NNI: done in 0.0776315 secs using 1258% CPU
Optimizing NNI: done in 0.105992 secs using 1326% CPU
Optimizing NNI: done in 0.187114 secs using 1301% CPU
Optimizing NNI: done in 0.106609 secs using 1341% CPU
Optimizing NNI: done in 0.0836341 secs using 1294% CPU
Iteration 20 / LogL: -2667.873 / Time: 0h:0m:13s
Finish initializing candidate tree set (20)
Current best tree score: -2666.595 / CPU time: 11.941
Number of iterations: 20
--------------------------------------------------------------------
|               OPTIMIZING CANDIDATE TREE SET                      |
--------------------------------------------------------------------
Optimizing NNI: done in 0.334527 secs using 1241% CPU
Optimizing NNI: done in 0.287763 secs using 1277% CPU
Optimizing NNI: done in 0.143645 secs using 1194% CPU
Optimizing NNI: done in 0.332886 secs using 1242% CPU
Optimizing NNI: done in 0.224693 secs using 1234% CPU
Optimizing NNI: done in 0.144732 secs using 1269% CPU
Optimizing NNI: done in 0.354831 secs using 1278% CPU
Optimizing NNI: done in 0.155222 secs using 1210% CPU
Optimizing NNI: done in 0.262385 secs using 1263% CPU
Optimizing NNI: done in 0.290131 secs using 1267% CPU
Iteration 30 / LogL: -2666.602 / Time: 0h:0m:16s (0h:0m:36s left)
Optimizing NNI: done in 0.270081 secs using 1243% CPU
Optimizing NNI: done in 0.209261 secs using 1276% CPU
Optimizing NNI: done in 0.283672 secs using 1253% CPU
Optimizing NNI: done in 0.203343 secs using 1260% CPU
Optimizing NNI: done in 0.274323 secs using 1221% CPU
Optimizing NNI: done in 0.256466 secs using 1249% CPU
Optimizing NNI: done in 0.166185 secs using 1224% CPU
Optimizing NNI: done in 0.162297 secs using 1237% CPU
Optimizing NNI: done in 0.160664 secs using 1214% CPU
Optimizing NNI: done in 0.220323 secs using 1222% CPU
Iteration 40 / LogL: -2671.956 / Time: 0h:0m:18s (0h:0m:27s left)
Optimizing NNI: done in 0.266016 secs using 1229% CPU
Optimizing NNI: done in 0.258296 secs using 1219% CPU
Optimizing NNI: done in 0.331292 secs using 1265% CPU
Optimizing NNI: done in 0.260141 secs using 1204% CPU
Optimizing NNI: done in 0.128017 secs using 1208% CPU
Optimizing NNI: done in 0.223033 secs using 1209% CPU
Optimizing NNI: done in 0.298196 secs using 1244% CPU
Optimizing NNI: done in 0.19816 secs using 1208% CPU
Optimizing NNI: done in 0.211501 secs using 1215% CPU
Optimizing NNI: done in 0.192854 secs using 1200% CPU
Iteration 50 / LogL: -2666.603 / Time: 0h:0m:20s (0h:0m:20s left)
Log-likelihood cutoff on original alignment: -2690.409
Optimizing NNI: done in 5.89194 secs using 1469% CPU
Optimizing NNI: done in 6.83945 secs using 1417% CPU
Optimizing NNI: done in 1.89781 secs using 1397% CPU
Optimizing NNI: done in 0.213895 secs using 1207% CPU
Optimizing NNI: done in 0.282847 secs using 1212% CPU
Optimizing NNI: done in 0.228704 secs using 1208% CPU
Optimizing NNI: done in 0.236336 secs using 1215% CPU
Optimizing NNI: done in 0.214386 secs using 1181% CPU
Optimizing NNI: done in 0.170294 secs using 1191% CPU
Optimizing NNI: done in 0.223746 secs using 1201% CPU
Iteration 60 / LogL: -2673.272 / Time: 0h:0m:37s (0h:0m:25s left)
Optimizing NNI: done in 0.266031 secs using 1193% CPU
Optimizing NNI: done in 0.1235 secs using 1215% CPU
Optimizing NNI: done in 0.214511 secs using 1188% CPU
Optimizing NNI: done in 0.240324 secs using 1207% CPU
Optimizing NNI: done in 0.270336 secs using 1218% CPU
Optimizing NNI: done in 0.169717 secs using 1211% CPU
Optimizing NNI: done in 0.173768 secs using 1215% CPU
Optimizing NNI: done in 0.234722 secs using 1242% CPU
Optimizing NNI: done in 0.141588 secs using 1195% CPU
Optimizing NNI: done in 0.327767 secs using 1211% CPU
Iteration 70 / LogL: -2666.606 / Time: 0h:0m:39s (0h:0m:17s left)
Optimizing NNI: done in 0.16319 secs using 1205% CPU
Optimizing NNI: done in 0.098506 secs using 1209% CPU
Optimizing NNI: done in 0.215233 secs using 1220% CPU
Optimizing NNI: done in 0.226499 secs using 1194% CPU
Optimizing NNI: done in 0.176662 secs using 1242% CPU
Optimizing NNI: done in 0.219166 secs using 1221% CPU
Optimizing NNI: done in 0.328107 secs using 1243% CPU
Optimizing NNI: done in 0.227501 secs using 1234% CPU
Optimizing NNI: done in 0.231952 secs using 1249% CPU
Optimizing NNI: done in 0.169332 secs using 1226% CPU
Iteration 80 / LogL: -2675.136 / Time: 0h:0m:41s (0h:0m:11s left)
Optimizing NNI: done in 0.173531 secs using 1227% CPU
Optimizing NNI: done in 0.15669 secs using 1207% CPU
Optimizing NNI: done in 0.271983 secs using 1224% CPU
Optimizing NNI: done in 0.217531 secs using 1215% CPU
Optimizing NNI: done in 0.232991 secs using 1208% CPU
Optimizing NNI: done in 0.170258 secs using 1238% CPU
Optimizing NNI: done in 0.231766 secs using 1200% CPU
Optimizing NNI: done in 0.223332 secs using 1218% CPU
Optimizing NNI: done in 0.289508 secs using 1242% CPU
Optimizing NNI: done in 0.162707 secs using 1213% CPU
Iteration 90 / LogL: -2672.017 / Time: 0h:0m:44s (0h:0m:5s left)
Optimizing NNI: done in 0.165029 secs using 1228% CPU
Optimizing NNI: done in 0.254541 secs using 1242% CPU
Optimizing NNI: done in 0.224486 secs using 1210% CPU
Optimizing NNI: done in 0.162644 secs using 1194% CPU
Optimizing NNI: done in 0.160416 secs using 1224% CPU
Optimizing NNI: done in 0.287153 secs using 1209% CPU
Optimizing NNI: done in 0.239156 secs using 1241% CPU
Optimizing NNI: done in 0.24957 secs using 1221% CPU
Optimizing NNI: done in 0.162635 secs using 1227% CPU
Optimizing NNI: done in 0.281154 secs using 1228% CPU
Iteration 100 / LogL: -2666.606 / Time: 0h:0m:46s (0h:0m:0s left)
Log-likelihood cutoff on original alignment: -2693.574
NOTE: Bootstrap correlation coefficient of split occurrence frequencies: 0.932
NOTE: UFBoot does not converge, continue at least 100 more iterations
Optimizing NNI: done in 0.1702 secs using 1219% CPU
Optimizing NNI: done in 0.299775 secs using 1232% CPU
Optimizing NNI: done in 0.20181 secs using 1204% CPU
Optimizing NNI: done in 0.326747 secs using 1224% CPU
Optimizing NNI: done in 0.204056 secs using 1195% CPU
Optimizing NNI: done in 0.388194 secs using 1226% CPU
Optimizing NNI: done in 0.266537 secs using 1215% CPU
Optimizing NNI: done in 0.275825 secs using 1223% CPU
Optimizing NNI: done in 0.206042 secs using 1216% CPU
Optimizing NNI: done in 0.209464 secs using 1213% CPU
Iteration 110 / LogL: -2666.604 / Time: 0h:0m:49s (0h:0m:39s left)
Optimizing NNI: done in 0.308898 secs using 1222% CPU
Optimizing NNI: done in 0.214665 secs using 1210% CPU
Optimizing NNI: done in 0.161642 secs using 1219% CPU
Optimizing NNI: done in 0.159384 secs using 1214% CPU
Optimizing NNI: done in 0.226224 secs using 1219% CPU
Optimizing NNI: done in 0.328353 secs using 1244% CPU
Optimizing NNI: done in 0.28249 secs using 1245% CPU
Optimizing NNI: done in 0.213628 secs using 1209% CPU
Optimizing NNI: done in 0.291898 secs using 1215% CPU
Optimizing NNI: done in 0.220201 secs using 1213% CPU
Iteration 120 / LogL: -2666.607 / Time: 0h:0m:51s (0h:0m:33s left)
Optimizing NNI: done in 0.331285 secs using 1226% CPU
Optimizing NNI: done in 0.0836888 secs using 1182% CPU
Optimizing NNI: done in 0.309135 secs using 1249% CPU
Optimizing NNI: done in 0.239568 secs using 1234% CPU
Optimizing NNI: done in 0.233068 secs using 1237% CPU
Optimizing NNI: done in 0.147414 secs using 1202% CPU
Optimizing NNI: done in 0.219864 secs using 1217% CPU
Optimizing NNI: done in 0.16098 secs using 1210% CPU
Optimizing NNI: done in 0.219249 secs using 1223% CPU
Optimizing NNI: done in 0.160513 secs using 1210% CPU
Iteration 130 / LogL: -2676.776 / Time: 0h:0m:53s (0h:0m:28s left)
Optimizing NNI: done in 0.162128 secs using 1216% CPU
Optimizing NNI: done in 0.259327 secs using 1208% CPU
Optimizing NNI: done in 0.268894 secs using 1219% CPU
Optimizing NNI: done in 0.235023 secs using 1230% CPU
Optimizing NNI: done in 0.209916 secs using 1206% CPU
Optimizing NNI: done in 0.176772 secs using 1234% CPU
Optimizing NNI: done in 0.158599 secs using 1213% CPU
Optimizing NNI: done in 0.20517 secs using 1215% CPU
Optimizing NNI: done in 0.159741 secs using 1207% CPU
Optimizing NNI: done in 0.220862 secs using 1202% CPU
Iteration 140 / LogL: -2671.952 / Time: 0h:0m:55s (0h:0m:23s left)
Optimizing NNI: done in 0.259972 secs using 1218% CPU
Optimizing NNI: done in 0.161805 secs using 1194% CPU
Optimizing NNI: done in 0.245895 secs using 1199% CPU
Optimizing NNI: done in 0.227264 secs using 1241% CPU
Optimizing NNI: done in 0.167656 secs using 1223% CPU
Optimizing NNI: done in 0.242301 secs using 1236% CPU
Optimizing NNI: done in 0.251974 secs using 1251% CPU
Optimizing NNI: done in 0.207223 secs using 1220% CPU
Optimizing NNI: done in 0.248639 secs using 1217% CPU
Optimizing NNI: done in 0.240799 secs using 1236% CPU
Iteration 150 / LogL: -2666.602 / Time: 0h:0m:58s (0h:0m:19s left)
Log-likelihood cutoff on original alignment: -2694.966
Optimizing NNI: done in 0.163098 secs using 1222% CPU
Optimizing NNI: done in 0.214006 secs using 1221% CPU
Optimizing NNI: done in 0.106394 secs using 1213% CPU
Optimizing NNI: done in 0.26212 secs using 1247% CPU
Optimizing NNI: done in 0.164445 secs using 1222% CPU
Optimizing NNI: done in 0.276328 secs using 1252% CPU
Optimizing NNI: done in 0.225123 secs using 1222% CPU
Optimizing NNI: done in 0.252362 secs using 1244% CPU
Optimizing NNI: done in 0.220879 secs using 1234% CPU
Optimizing NNI: done in 0.303328 secs using 1234% CPU
Iteration 160 / LogL: -2666.604 / Time: 0h:1m:0s (0h:0m:14s left)
Optimizing NNI: done in 0.271477 secs using 1226% CPU
Optimizing NNI: done in 0.260109 secs using 1206% CPU
Optimizing NNI: done in 0.215159 secs using 1213% CPU
Optimizing NNI: done in 0.16598 secs using 1214% CPU
Optimizing NNI: done in 0.16745 secs using 1213% CPU
Optimizing NNI: done in 0.278918 secs using 1227% CPU
Optimizing NNI: done in 0.265464 secs using 1219% CPU
Optimizing NNI: done in 0.209711 secs using 1224% CPU
Optimizing NNI: done in 0.182158 secs using 1231% CPU
Optimizing NNI: done in 0.263989 secs using 1219% CPU
Iteration 170 / LogL: -2672.022 / Time: 0h:1m:3s (0h:0m:10s left)
Optimizing NNI: done in 0.157744 secs using 1207% CPU
Optimizing NNI: done in 0.176372 secs using 1234% CPU
Optimizing NNI: done in 0.178642 secs using 1237% CPU
Optimizing NNI: done in 0.259801 secs using 1219% CPU
Optimizing NNI: done in 0.254827 secs using 1228% CPU
Optimizing NNI: done in 0.234895 secs using 1232% CPU
Optimizing NNI: done in 0.16575 secs using 1224% CPU
Optimizing NNI: done in 0.212577 secs using 1207% CPU
Optimizing NNI: done in 0.238966 secs using 1223% CPU
Optimizing NNI: done in 0.166121 secs using 1218% CPU
Iteration 180 / LogL: -2666.604 / Time: 0h:1m:5s (0h:0m:7s left)
Optimizing NNI: done in 0.283858 secs using 1228% CPU
Optimizing NNI: done in 0.22967 secs using 1234% CPU
Optimizing NNI: done in 0.320294 secs using 1248% CPU
Optimizing NNI: done in 0.1998 secs using 1216% CPU
Optimizing NNI: done in 0.257351 secs using 1213% CPU
Optimizing NNI: done in 0.245046 secs using 1247% CPU
Optimizing NNI: done in 0.221315 secs using 1224% CPU
Optimizing NNI: done in 0.229564 secs using 1219% CPU
Optimizing NNI: done in 0.206095 secs using 1222% CPU
Optimizing NNI: done in 0.160844 secs using 1206% CPU
Iteration 190 / LogL: -2666.605 / Time: 0h:1m:7s (0h:0m:3s left)
Optimizing NNI: done in 0.338545 secs using 1223% CPU
Optimizing NNI: done in 0.199921 secs using 1201% CPU
Optimizing NNI: done in 0.236335 secs using 1248% CPU
Optimizing NNI: done in 0.170435 secs using 1188% CPU
Optimizing NNI: done in 0.180162 secs using 1241% CPU
Optimizing NNI: done in 0.252433 secs using 1206% CPU
Optimizing NNI: done in 0.281724 secs using 1213% CPU
Optimizing NNI: done in 0.216869 secs using 1220% CPU
Optimizing NNI: done in 0.244184 secs using 1214% CPU
Optimizing NNI: done in 0.159628 secs using 1201% CPU
Iteration 200 / LogL: -2666.602 / Time: 0h:1m:10s (0h:0m:0s left)
Log-likelihood cutoff on original alignment: -2694.966
NOTE: Bootstrap correlation coefficient of split occurrence frequencies: 0.985
NOTE: UFBoot does not converge, continue at least 100 more iterations
Optimizing NNI: done in 0.284782 secs using 1242% CPU
Optimizing NNI: done in 0.163878 secs using 1220% CPU
Optimizing NNI: done in 0.20471 secs using 1215% CPU
Optimizing NNI: done in 0.142227 secs using 1193% CPU
Optimizing NNI: done in 0.209598 secs using 1212% CPU
Optimizing NNI: done in 0.161627 secs using 1217% CPU
Optimizing NNI: done in 0.165543 secs using 1220% CPU
Optimizing NNI: done in 0.26637 secs using 1226% CPU
Optimizing NNI: done in 0.233527 secs using 1235% CPU
Optimizing NNI: done in 0.164425 secs using 1209% CPU
Iteration 210 / LogL: -2676.153 / Time: 0h:1m:12s (0h:0m:30s left)
Optimizing NNI: done in 0.212681 secs using 1218% CPU
Optimizing NNI: done in 0.235795 secs using 1230% CPU
Optimizing NNI: done in 0.204546 secs using 1219% CPU
Optimizing NNI: done in 0.164934 secs using 1226% CPU
Optimizing NNI: done in 0.283771 secs using 1207% CPU
Optimizing NNI: done in 0.158656 secs using 1210% CPU
Optimizing NNI: done in 0.172172 secs using 1225% CPU
Optimizing NNI: done in 0.086255 secs using 1244% CPU
Optimizing NNI: done in 0.20688 secs using 1210% CPU
Optimizing NNI: done in 0.255535 secs using 1233% CPU
Iteration 220 / LogL: -2666.603 / Time: 0h:1m:14s (0h:0m:26s left)
Optimizing NNI: done in 0.218958 secs using 1212% CPU
Optimizing NNI: done in 0.250653 secs using 1219% CPU
Optimizing NNI: done in 0.359323 secs using 1240% CPU
Optimizing NNI: done in 0.202372 secs using 1201% CPU
Optimizing NNI: done in 0.16188 secs using 1215% CPU
Optimizing NNI: done in 0.215634 secs using 1199% CPU
Optimizing NNI: done in 0.222559 secs using 1218% CPU
Optimizing NNI: done in 0.167122 secs using 1221% CPU
Optimizing NNI: done in 0.211893 secs using 1214% CPU
Optimizing NNI: done in 0.224484 secs using 1223% CPU
Iteration 230 / LogL: -2671.956 / Time: 0h:1m:17s (0h:0m:23s left)
Optimizing NNI: done in 0.27483 secs using 1218% CPU
Optimizing NNI: done in 0.110074 secs using 1223% CPU
Optimizing NNI: done in 0.209295 secs using 1210% CPU
Optimizing NNI: done in 0.163849 secs using 1212% CPU
Optimizing NNI: done in 0.203846 secs using 1208% CPU
Optimizing NNI: done in 0.100992 secs using 1202% CPU
Optimizing NNI: done in 0.272718 secs using 1218% CPU
Optimizing NNI: done in 0.268874 secs using 1205% CPU
Optimizing NNI: done in 0.172698 secs using 1229% CPU
Optimizing NNI: done in 0.168219 secs using 1207% CPU
Iteration 240 / LogL: -2666.602 / Time: 0h:1m:19s (0h:0m:19s left)
Optimizing NNI: done in 0.220127 secs using 1212% CPU
Optimizing NNI: done in 0.24642 secs using 1201% CPU
Optimizing NNI: done in 0.234104 secs using 1234% CPU
Optimizing NNI: done in 0.227004 secs using 1218% CPU
Optimizing NNI: done in 0.126828 secs using 1195% CPU
Optimizing NNI: done in 0.253345 secs using 1210% CPU
Optimizing NNI: done in 0.174013 secs using 1233% CPU
Optimizing NNI: done in 0.228403 secs using 1225% CPU
Optimizing NNI: done in 0.362251 secs using 1227% CPU
Optimizing NNI: done in 0.191943 secs using 1208% CPU
Iteration 250 / LogL: -2666.605 / Time: 0h:1m:21s (0h:0m:16s left)
Log-likelihood cutoff on original alignment: -2694.966
Optimizing NNI: done in 0.256312 secs using 1242% CPU
Optimizing NNI: done in 0.165274 secs using 1221% CPU
Optimizing NNI: done in 0.185466 secs using 1238% CPU
Optimizing NNI: done in 0.18623 secs using 1248% CPU
Optimizing NNI: done in 2.57372 secs using 1455% CPU
Optimizing NNI: done in 6.49396 secs using 1472% CPU
Optimizing NNI: done in 9.67381 secs using 1471% CPU
Optimizing NNI: done in 4.09103 secs using 1454% CPU
Optimizing NNI: done in 0.339003 secs using 1270% CPU
Optimizing NNI: done in 3.15691 secs using 1452% CPU
Iteration 260 / LogL: -2666.609 / Time: 0h:1m:49s (0h:0m:16s left)
Optimizing NNI: done in 0.226832 secs using 1216% CPU
Optimizing NNI: done in 0.252029 secs using 1230% CPU
Optimizing NNI: done in 0.169895 secs using 1195% CPU
Optimizing NNI: done in 0.282793 secs using 1228% CPU
Optimizing NNI: done in 0.256592 secs using 1218% CPU
Optimizing NNI: done in 0.171828 secs using 1213% CPU
Optimizing NNI: done in 0.163008 secs using 1216% CPU
Optimizing NNI: done in 0.109947 secs using 1226% CPU
Optimizing NNI: done in 0.117367 secs using 1228% CPU
Optimizing NNI: done in 0.26239 secs using 1249% CPU
Iteration 270 / LogL: -2666.601 / Time: 0h:1m:51s (0h:0m:12s left)
Optimizing NNI: done in 0.168996 secs using 1215% CPU
Optimizing NNI: done in 0.178762 secs using 1232% CPU
Optimizing NNI: done in 0.180663 secs using 1231% CPU
Optimizing NNI: done in 0.240517 secs using 1220% CPU
Optimizing NNI: done in 0.247671 secs using 1214% CPU
Optimizing NNI: done in 0.189882 secs using 1238% CPU
Optimizing NNI: done in 0.169566 secs using 1214% CPU
Optimizing NNI: done in 0.249842 secs using 1234% CPU
Optimizing NNI: done in 0.242143 secs using 1228% CPU
Optimizing NNI: done in 0.380245 secs using 1212% CPU
Iteration 280 / LogL: -2666.605 / Time: 0h:1m:54s (0h:0m:8s left)
Optimizing NNI: done in 0.248302 secs using 1226% CPU
Optimizing NNI: done in 0.237088 secs using 1231% CPU
Optimizing NNI: done in 0.23796 secs using 1191% CPU
Optimizing NNI: done in 0.246384 secs using 1228% CPU
Optimizing NNI: done in 0.247035 secs using 1226% CPU
Optimizing NNI: done in 0.262031 secs using 1232% CPU
Optimizing NNI: done in 0.247022 secs using 1242% CPU
Optimizing NNI: done in 0.248591 secs using 1230% CPU
Optimizing NNI: done in 0.298206 secs using 1243% CPU
Optimizing NNI: done in 0.175102 secs using 1227% CPU
Iteration 290 / LogL: -2666.598 / Time: 0h:1m:56s (0h:0m:3s left)
Optimizing NNI: done in 0.240761 secs using 1226% CPU
Optimizing NNI: done in 0.262464 secs using 1247% CPU
Optimizing NNI: done in 0.240503 secs using 1231% CPU
Optimizing NNI: done in 0.168839 secs using 1218% CPU
Optimizing NNI: done in 0.211561 secs using 1209% CPU
Optimizing NNI: done in 0.180455 secs using 1231% CPU
Optimizing NNI: done in 0.251014 secs using 1252% CPU
Optimizing NNI: done in 0.334231 secs using 1222% CPU
Optimizing NNI: done in 0.16568 secs using 1236% CPU
Optimizing NNI: done in 0.236669 secs using 1228% CPU
Iteration 300 / LogL: -2672.782 / Time: 0h:1m:59s (0h:0m:0s left)
Log-likelihood cutoff on original alignment: -2695.545
NOTE: Bootstrap correlation coefficient of split occurrence frequencies: 0.985
NOTE: UFBoot does not converge, continue at least 100 more iterations
Optimizing NNI: done in 0.283448 secs using 1213% CPU
Optimizing NNI: done in 0.258166 secs using 1221% CPU
Optimizing NNI: done in 0.271136 secs using 1218% CPU
Optimizing NNI: done in 0.254988 secs using 1239% CPU
Optimizing NNI: done in 0.287003 secs using 1241% CPU
Optimizing NNI: done in 0.16585 secs using 1192% CPU
Optimizing NNI: done in 0.222155 secs using 1215% CPU
Optimizing NNI: done in 0.30795 secs using 1252% CPU
Optimizing NNI: done in 0.226608 secs using 1225% CPU
Optimizing NNI: done in 0.269253 secs using 1216% CPU
Iteration 310 / LogL: -2666.604 / Time: 0h:2m:2s (0h:0m:35s left)
Optimizing NNI: done in 0.231421 secs using 1229% CPU
Optimizing NNI: done in 0.286442 secs using 1223% CPU
Optimizing NNI: done in 0.261637 secs using 1239% CPU
Optimizing NNI: done in 0.177908 secs using 1238% CPU
Optimizing NNI: done in 0.333514 secs using 1246% CPU
Optimizing NNI: done in 0.266222 secs using 1256% CPU
Optimizing NNI: done in 0.35989 secs using 1240% CPU
Optimizing NNI: done in 0.178655 secs using 1226% CPU
Optimizing NNI: done in 0.168126 secs using 1224% CPU
Optimizing NNI: done in 0.177952 secs using 1234% CPU
Iteration 320 / LogL: -2666.600 / Time: 0h:2m:5s (0h:0m:31s left)
Optimizing NNI: done in 0.297409 secs using 1223% CPU
Optimizing NNI: done in 0.168372 secs using 1217% CPU
Optimizing NNI: done in 0.242177 secs using 1237% CPU
Optimizing NNI: done in 0.178507 secs using 1233% CPU
Optimizing NNI: done in 0.214664 secs using 1222% CPU
Optimizing NNI: done in 0.176961 secs using 1224% CPU
Optimizing NNI: done in 0.298872 secs using 1253% CPU
Optimizing NNI: done in 0.209684 secs using 1252% CPU
Optimizing NNI: done in 0.113283 secs using 1224% CPU
Optimizing NNI: done in 0.273509 secs using 1203% CPU
Iteration 330 / LogL: -2672.782 / Time: 0h:2m:7s (0h:0m:26s left)
Optimizing NNI: done in 0.175 secs using 1220% CPU
Optimizing NNI: done in 0.233628 secs using 1220% CPU
Optimizing NNI: done in 0.277339 secs using 1211% CPU
Optimizing NNI: done in 0.177205 secs using 1218% CPU
Optimizing NNI: done in 0.280548 secs using 1215% CPU
Optimizing NNI: done in 0.24252 secs using 1222% CPU
Optimizing NNI: done in 0.344986 secs using 1241% CPU
Optimizing NNI: done in 0.216706 secs using 1200% CPU
Optimizing NNI: done in 0.254011 secs using 1224% CPU
Optimizing NNI: done in 0.186114 secs using 1226% CPU
Iteration 340 / LogL: -2666.602 / Time: 0h:2m:10s (0h:0m:22s left)
Optimizing NNI: done in 0.168883 secs using 1206% CPU
Optimizing NNI: done in 0.259039 secs using 1220% CPU
Optimizing NNI: done in 0.321394 secs using 1229% CPU
Optimizing NNI: done in 0.23809 secs using 1227% CPU
Optimizing NNI: done in 0.29012 secs using 1231% CPU
Optimizing NNI: done in 0.172639 secs using 1210% CPU
Optimizing NNI: done in 0.221081 secs using 1212% CPU
Optimizing NNI: done in 0.221715 secs using 1258% CPU
Optimizing NNI: done in 3.43882 secs using 1447% CPU
Optimizing NNI: done in 0.199064 secs using 1242% CPU
Iteration 350 / LogL: -2666.602 / Time: 0h:2m:16s (0h:0m:19s left)
Log-likelihood cutoff on original alignment: -2695.653
Optimizing NNI: done in 0.108825 secs using 1199% CPU
Optimizing NNI: done in 0.0844362 secs using 1189% CPU
Optimizing NNI: done in 0.110007 secs using 1213% CPU
Optimizing NNI: done in 0.26668 secs using 1256% CPU
Optimizing NNI: done in 0.298939 secs using 1234% CPU
Optimizing NNI: done in 0.18105 secs using 1227% CPU
Optimizing NNI: done in 0.106307 secs using 1192% CPU
Optimizing NNI: done in 0.196582 secs using 1229% CPU
Optimizing NNI: done in 0.230548 secs using 1215% CPU
Optimizing NNI: done in 0.244699 secs using 1219% CPU
Iteration 360 / LogL: -2672.017 / Time: 0h:2m:18s (0h:0m:15s left)
Optimizing NNI: done in 0.226911 secs using 1194% CPU
Optimizing NNI: done in 0.207152 secs using 1219% CPU
Optimizing NNI: done in 0.277459 secs using 1211% CPU
Optimizing NNI: done in 0.204565 secs using 1240% CPU
Optimizing NNI: done in 0.106949 secs using 1198% CPU
Optimizing NNI: done in 0.220271 secs using 1214% CPU
Optimizing NNI: done in 0.120983 secs using 1243% CPU
Optimizing NNI: done in 0.169581 secs using 1204% CPU
Optimizing NNI: done in 0.185743 secs using 1237% CPU
Optimizing NNI: done in 0.223353 secs using 1221% CPU
Iteration 370 / LogL: -2666.607 / Time: 0h:2m:20s (0h:0m:11s left)
Optimizing NNI: done in 0.259704 secs using 1210% CPU
Optimizing NNI: done in 0.184206 secs using 1198% CPU
Optimizing NNI: done in 0.189158 secs using 1234% CPU
Optimizing NNI: done in 0.169634 secs using 1205% CPU
Optimizing NNI: done in 0.218391 secs using 1228% CPU
Optimizing NNI: done in 0.167615 secs using 1204% CPU
Optimizing NNI: done in 0.25657 secs using 1252% CPU
Optimizing NNI: done in 0.264441 secs using 1241% CPU
Optimizing NNI: done in 0.25842 secs using 1236% CPU
Optimizing NNI: done in 0.24138 secs using 1229% CPU
Iteration 380 / LogL: -2678.468 / Time: 0h:2m:23s (0h:0m:7s left)
Optimizing NNI: done in 0.275286 secs using 1222% CPU
Optimizing NNI: done in 0.207369 secs using 1249% CPU
Optimizing NNI: done in 0.261312 secs using 1238% CPU
Optimizing NNI: done in 0.30399 secs using 1239% CPU
Optimizing NNI: done in 0.264126 secs using 1222% CPU
Optimizing NNI: done in 0.338302 secs using 1207% CPU
Optimizing NNI: done in 0.192859 secs using 1238% CPU
Optimizing NNI: done in 0.23549 secs using 1221% CPU
Optimizing NNI: done in 0.282435 secs using 1218% CPU
Optimizing NNI: done in 0.185723 secs using 1235% CPU
Iteration 390 / LogL: -2674.367 / Time: 0h:2m:26s (0h:0m:3s left)
Optimizing NNI: done in 0.333965 secs using 1264% CPU
Optimizing NNI: done in 0.273762 secs using 1215% CPU
Optimizing NNI: done in 0.222836 secs using 1199% CPU
Optimizing NNI: done in 0.277932 secs using 1210% CPU
Optimizing NNI: done in 0.260655 secs using 1234% CPU
Optimizing NNI: done in 0.23919 secs using 1217% CPU
Optimizing NNI: done in 0.378695 secs using 1223% CPU
Optimizing NNI: done in 0.360657 secs using 1249% CPU
Optimizing NNI: done in 0.176627 secs using 1226% CPU
Optimizing NNI: done in 0.280628 secs using 1210% CPU
Iteration 400 / LogL: -2666.608 / Time: 0h:2m:29s (0h:0m:0s left)
Log-likelihood cutoff on original alignment: -2695.545
NOTE: Bootstrap correlation coefficient of split occurrence frequencies: 0.974
NOTE: UFBoot does not converge, continue at least 100 more iterations
Optimizing NNI: done in 0.245832 secs using 1198% CPU
Optimizing NNI: done in 0.269734 secs using 1249% CPU
Optimizing NNI: done in 0.274895 secs using 1208% CPU
Optimizing NNI: done in 0.238144 secs using 1238% CPU
Optimizing NNI: done in 0.172425 secs using 1202% CPU
Optimizing NNI: done in 0.207779 secs using 1215% CPU
Optimizing NNI: done in 0.189871 secs using 1204% CPU
Optimizing NNI: done in 0.191873 secs using 1245% CPU
Optimizing NNI: done in 0.256311 secs using 1240% CPU
Optimizing NNI: done in 0.283532 secs using 1230% CPU
Iteration 410 / LogL: -2666.605 / Time: 0h:2m:32s (0h:0m:33s left)
Optimizing NNI: done in 0.229827 secs using 1214% CPU
Optimizing NNI: done in 0.245008 secs using 1226% CPU
Optimizing NNI: done in 0.235896 secs using 1211% CPU
Optimizing NNI: done in 0.232329 secs using 1229% CPU
Optimizing NNI: done in 0.22753 secs using 1214% CPU
Optimizing NNI: done in 0.274505 secs using 1216% CPU
Optimizing NNI: done in 0.239176 secs using 1201% CPU
Optimizing NNI: done in 0.237686 secs using 1222% CPU
Optimizing NNI: done in 0.247217 secs using 1240% CPU
Optimizing NNI: done in 0.343296 secs using 1234% CPU
Iteration 420 / LogL: -2666.602 / Time: 0h:2m:35s (0h:0m:29s left)
Optimizing NNI: done in 0.18347 secs using 1201% CPU
Optimizing NNI: done in 0.175143 secs using 1223% CPU
Optimizing NNI: done in 0.24854 secs using 1237% CPU
Optimizing NNI: done in 7.34467 secs using 1428% CPU
Optimizing NNI: done in 6.85264 secs using 1374% CPU
Optimizing NNI: done in 6.43405 secs using 1379% CPU
Optimizing NNI: done in 8.77892 secs using 1462% CPU
Optimizing NNI: done in 9.52852 secs using 1425% CPU
Optimizing NNI: done in 0.234554 secs using 1228% CPU
Optimizing NNI: done in 0.223393 secs using 1217% CPU
Iteration 430 / LogL: -2666.603 / Time: 0h:3m:15s (0h:0m:31s left)
Optimizing NNI: done in 0.174479 secs using 1238% CPU
Optimizing NNI: done in 0.313188 secs using 1219% CPU
Optimizing NNI: done in 0.215946 secs using 1216% CPU
Optimizing NNI: done in 0.164302 secs using 1216% CPU
Optimizing NNI: done in 0.289877 secs using 1208% CPU
Optimizing NNI: done in 0.291436 secs using 1251% CPU
Optimizing NNI: done in 0.161775 secs using 1202% CPU
Optimizing NNI: done in 0.195681 secs using 1203% CPU
Optimizing NNI: done in 0.303427 secs using 1227% CPU
Optimizing NNI: done in 0.162855 secs using 1228% CPU
Iteration 440 / LogL: -2666.600 / Time: 0h:3m:18s (0h:0m:26s left)
Optimizing NNI: done in 0.259798 secs using 1232% CPU
Optimizing NNI: done in 0.298095 secs using 1213% CPU
Optimizing NNI: done in 0.275168 secs using 1210% CPU
Optimizing NNI: done in 0.283742 secs using 1219% CPU
Optimizing NNI: done in 0.236662 secs using 1206% CPU
Optimizing NNI: done in 0.169076 secs using 1220% CPU
Optimizing NNI: done in 0.168965 secs using 1215% CPU
Optimizing NNI: done in 0.328025 secs using 1238% CPU
Optimizing NNI: done in 0.17804 secs using 1237% CPU
Optimizing NNI: done in 0.177087 secs using 1235% CPU
Iteration 450 / LogL: -2666.603 / Time: 0h:3m:21s (0h:0m:22s left)
Log-likelihood cutoff on original alignment: -2696.228
Optimizing NNI: done in 0.33023 secs using 1220% CPU
Optimizing NNI: done in 0.162218 secs using 1212% CPU
Optimizing NNI: done in 0.174337 secs using 1223% CPU
Optimizing NNI: done in 0.167179 secs using 1217% CPU
Optimizing NNI: done in 0.172785 secs using 1221% CPU
Optimizing NNI: done in 0.16325 secs using 1215% CPU
Optimizing NNI: done in 0.168743 secs using 1225% CPU
Optimizing NNI: done in 0.17627 secs using 1235% CPU
Optimizing NNI: done in 0.278943 secs using 1232% CPU
Optimizing NNI: done in 0.26358 secs using 1215% CPU
Iteration 460 / LogL: -2675.141 / Time: 0h:3m:23s (0h:0m:17s left)
Optimizing NNI: done in 0.158068 secs using 1206% CPU
Optimizing NNI: done in 0.181973 secs using 1244% CPU
Optimizing NNI: done in 0.272853 secs using 1257% CPU
Optimizing NNI: done in 0.169077 secs using 1216% CPU
Optimizing NNI: done in 0.171127 secs using 1225% CPU
Optimizing NNI: done in 0.193618 secs using 1251% CPU
Optimizing NNI: done in 0.231431 secs using 1216% CPU
Optimizing NNI: done in 0.246051 secs using 1241% CPU
Optimizing NNI: done in 0.236559 secs using 1213% CPU
Optimizing NNI: done in 0.216997 secs using 1205% CPU
Iteration 470 / LogL: -2666.605 / Time: 0h:3m:26s (0h:0m:13s left)
Optimizing NNI: done in 0.22362 secs using 1228% CPU
Optimizing NNI: done in 0.172221 secs using 1224% CPU
Optimizing NNI: done in 0.199286 secs using 1244% CPU
Optimizing NNI: done in 1.00084 secs using 1431% CPU
Optimizing NNI: done in 0.249547 secs using 1237% CPU
Optimizing NNI: done in 0.178283 secs using 1214% CPU
Optimizing NNI: done in 0.23332 secs using 1232% CPU
Optimizing NNI: done in 0.170732 secs using 1194% CPU
Optimizing NNI: done in 0.369167 secs using 1308% CPU
Optimizing NNI: done in 0.167379 secs using 1216% CPU
Iteration 480 / LogL: -2679.015 / Time: 0h:3m:29s (0h:0m:8s left)
Optimizing NNI: done in 0.180399 secs using 1237% CPU
Optimizing NNI: done in 0.161945 secs using 1199% CPU
Optimizing NNI: done in 0.275597 secs using 1217% CPU
Optimizing NNI: done in 0.158456 secs using 1207% CPU
Optimizing NNI: done in 0.331004 secs using 1252% CPU
Optimizing NNI: done in 0.217517 secs using 1212% CPU
Optimizing NNI: done in 0.158252 secs using 1201% CPU
Optimizing NNI: done in 0.209529 secs using 1271% CPU
Optimizing NNI: done in 0.187274 secs using 1232% CPU
Optimizing NNI: done in 0.287018 secs using 1229% CPU
Iteration 490 / LogL: -2666.601 / Time: 0h:3m:32s (0h:0m:4s left)
Optimizing NNI: done in 0.251262 secs using 1214% CPU
Optimizing NNI: done in 0.21781 secs using 1209% CPU
Optimizing NNI: done in 0.208445 secs using 1218% CPU
Optimizing NNI: done in 0.263055 secs using 1222% CPU
Optimizing NNI: done in 0.157968 secs using 1206% CPU
Optimizing NNI: done in 0.278017 secs using 1207% CPU
Optimizing NNI: done in 0.174365 secs using 1225% CPU
Optimizing NNI: done in 0.291411 secs using 1223% CPU
Optimizing NNI: done in 0.162698 secs using 1209% CPU
Optimizing NNI: done in 0.275629 secs using 1213% CPU
Iteration 500 / LogL: -2666.609 / Time: 0h:3m:35s (0h:0m:0s left)
Log-likelihood cutoff on original alignment: -2696.228
NOTE: Bootstrap correlation coefficient of split occurrence frequencies: 0.897
NOTE: UFBoot does not converge, continue at least 100 more iterations
Optimizing NNI: done in 0.243251 secs using 1193% CPU
Optimizing NNI: done in 0.288213 secs using 1229% CPU
Optimizing NNI: done in 0.16218 secs using 1205% CPU
Optimizing NNI: done in 0.172239 secs using 1232% CPU
Optimizing NNI: done in 0.300812 secs using 1235% CPU
Optimizing NNI: done in 0.280387 secs using 1203% CPU
Optimizing NNI: done in 0.34709 secs using 1246% CPU
Optimizing NNI: done in 0.255233 secs using 1225% CPU
Optimizing NNI: done in 0.158123 secs using 1208% CPU
Optimizing NNI: done in 0.321843 secs using 1227% CPU
Iteration 510 / LogL: -2666.603 / Time: 0h:3m:38s (0h:0m:38s left)
Optimizing NNI: done in 0.271668 secs using 1211% CPU
Optimizing NNI: done in 0.101856 secs using 1208% CPU
Optimizing NNI: done in 0.219591 secs using 1212% CPU
Optimizing NNI: done in 0.177911 secs using 1224% CPU
Optimizing NNI: done in 0.301592 secs using 1245% CPU
Optimizing NNI: done in 0.187878 secs using 1236% CPU
Optimizing NNI: done in 0.284026 secs using 1224% CPU
Optimizing NNI: done in 0.219755 secs using 1211% CPU
Optimizing NNI: done in 0.251024 secs using 1216% CPU
Optimizing NNI: done in 0.223156 secs using 1220% CPU
Iteration 520 / LogL: -2666.604 / Time: 0h:3m:41s (0h:0m:33s left)
Optimizing NNI: done in 0.237354 secs using 1226% CPU
Optimizing NNI: done in 0.256466 secs using 1244% CPU
Optimizing NNI: done in 0.503038 secs using 1392% CPU
Optimizing NNI: done in 3.16381 secs using 1463% CPU
Optimizing NNI: done in 0.103775 secs using 1218% CPU
Optimizing NNI: done in 0.177852 secs using 1212% CPU
Optimizing NNI: done in 0.236938 secs using 1226% CPU
Optimizing NNI: done in 0.227391 secs using 1230% CPU
Optimizing NNI: done in 0.363017 secs using 1226% CPU
Optimizing NNI: done in 0.186239 secs using 1234% CPU
Iteration 530 / LogL: -2666.605 / Time: 0h:3m:47s (0h:0m:29s left)
Optimizing NNI: done in 0.240532 secs using 1215% CPU
Optimizing NNI: done in 0.196461 secs using 1205% CPU
Optimizing NNI: done in 0.264261 secs using 1246% CPU
Optimizing NNI: done in 0.182993 secs using 1227% CPU
Optimizing NNI: done in 0.35155 secs using 1237% CPU
Optimizing NNI: done in 0.301222 secs using 1239% CPU
Optimizing NNI: done in 0.287043 secs using 1261% CPU
Optimizing NNI: done in 0.18291 secs using 1242% CPU
Optimizing NNI: done in 0.178514 secs using 1198% CPU
Optimizing NNI: done in 0.297648 secs using 1230% CPU
Iteration 540 / LogL: -2666.607 / Time: 0h:3m:50s (0h:0m:25s left)
Optimizing NNI: done in 0.204428 secs using 1215% CPU
Optimizing NNI: done in 0.260394 secs using 1220% CPU
Optimizing NNI: done in 0.211285 secs using 1216% CPU
Optimizing NNI: done in 0.228669 secs using 1228% CPU
Optimizing NNI: done in 0.243121 secs using 1227% CPU
Optimizing NNI: done in 0.231541 secs using 1210% CPU
Optimizing NNI: done in 0.254654 secs using 1231% CPU
Optimizing NNI: done in 0.23249 secs using 1201% CPU
Optimizing NNI: done in 0.266496 secs using 1224% CPU
Optimizing NNI: done in 0.283183 secs using 1214% CPU
Iteration 550 / LogL: -2666.608 / Time: 0h:3m:52s (0h:0m:21s left)
Log-likelihood cutoff on original alignment: -2696.228
Optimizing NNI: done in 0.29054 secs using 1238% CPU
Optimizing NNI: done in 0.238049 secs using 1230% CPU
Optimizing NNI: done in 0.300403 secs using 1202% CPU
Optimizing NNI: done in 0.297923 secs using 1227% CPU
Optimizing NNI: done in 0.257583 secs using 1230% CPU
Optimizing NNI: done in 0.266551 secs using 1248% CPU
Optimizing NNI: done in 0.272786 secs using 1224% CPU
Optimizing NNI: done in 0.306851 secs using 1216% CPU
Optimizing NNI: done in 0.295743 secs using 1238% CPU
Optimizing NNI: done in 0.288697 secs using 1239% CPU
Iteration 560 / LogL: -2666.602 / Time: 0h:3m:56s (0h:0m:16s left)
Optimizing NNI: done in 0.189222 secs using 1239% CPU
Optimizing NNI: done in 0.248306 secs using 1234% CPU
Optimizing NNI: done in 0.323174 secs using 1215% CPU
Optimizing NNI: done in 0.230527 secs using 1231% CPU
Optimizing NNI: done in 0.270003 secs using 1211% CPU
Optimizing NNI: done in 0.28995 secs using 1240% CPU
Optimizing NNI: done in 0.234747 secs using 1224% CPU
Optimizing NNI: done in 0.245438 secs using 1225% CPU
Optimizing NNI: done in 0.170267 secs using 1198% CPU
Optimizing NNI: done in 0.273557 secs using 1218% CPU
Iteration 570 / LogL: -2666.610 / Time: 0h:3m:59s (0h:0m:12s left)
Optimizing NNI: done in 0.253915 secs using 1213% CPU
Optimizing NNI: done in 0.190519 secs using 1240% CPU
Optimizing NNI: done in 0.301905 secs using 1243% CPU
Optimizing NNI: done in 0.187738 secs using 1229% CPU
Optimizing NNI: done in 0.252032 secs using 1240% CPU
Optimizing NNI: done in 0.210967 secs using 1254% CPU
Optimizing NNI: done in 0.19034 secs using 1193% CPU
Optimizing NNI: done in 0.208888 secs using 1218% CPU
Optimizing NNI: done in 0.269802 secs using 1249% CPU
Optimizing NNI: done in 0.183068 secs using 1235% CPU
Iteration 580 / LogL: -2666.603 / Time: 0h:4m:2s (0h:0m:8s left)
Optimizing NNI: done in 0.233941 secs using 1224% CPU
Optimizing NNI: done in 0.188806 secs using 1229% CPU
Optimizing NNI: done in 0.246184 secs using 1230% CPU
Optimizing NNI: done in 0.117771 secs using 1233% CPU
Optimizing NNI: done in 0.172208 secs using 1219% CPU
Optimizing NNI: done in 0.298279 secs using 1224% CPU
Optimizing NNI: done in 0.303843 secs using 1230% CPU
Optimizing NNI: done in 0.283696 secs using 1267% CPU
Optimizing NNI: done in 0.231677 secs using 1216% CPU
Optimizing NNI: done in 0.344131 secs using 1232% CPU
Iteration 590 / LogL: -2672.020 / Time: 0h:4m:5s (0h:0m:4s left)
Optimizing NNI: done in 0.232902 secs using 1220% CPU
Optimizing NNI: done in 0.285913 secs using 1234% CPU
Optimizing NNI: done in 0.26454 secs using 1241% CPU
Optimizing NNI: done in 0.168684 secs using 1215% CPU
Optimizing NNI: done in 0.171157 secs using 1210% CPU
Optimizing NNI: done in 0.352 secs using 1240% CPU
Optimizing NNI: done in 0.170445 secs using 1201% CPU
Optimizing NNI: done in 0.211873 secs using 1208% CPU
Optimizing NNI: done in 0.192388 secs using 1233% CPU
Optimizing NNI: done in 0.221098 secs using 1198% CPU
Iteration 600 / LogL: -2678.468 / Time: 0h:4m:8s (0h:0m:0s left)
Log-likelihood cutoff on original alignment: -2696.228
NOTE: Bootstrap correlation coefficient of split occurrence frequencies: 0.904
NOTE: UFBoot does not converge, continue at least 100 more iterations
Optimizing NNI: done in 0.296944 secs using 1219% CPU
Optimizing NNI: done in 0.214386 secs using 1211% CPU
Optimizing NNI: done in 0.232317 secs using 1231% CPU
Optimizing NNI: done in 0.278668 secs using 1225% CPU
Optimizing NNI: done in 0.236574 secs using 1222% CPU
Optimizing NNI: done in 0.303146 secs using 1213% CPU
Optimizing NNI: done in 0.171536 secs using 1200% CPU
Optimizing NNI: done in 0.180832 secs using 1226% CPU
Optimizing NNI: done in 0.293602 secs using 1220% CPU
Optimizing NNI: done in 0.251733 secs using 1234% CPU
Iteration 610 / LogL: -2672.253 / Time: 0h:4m:11s (0h:0m:36s left)
Optimizing NNI: done in 0.170802 secs using 1224% CPU
Optimizing NNI: done in 0.230768 secs using 1220% CPU
Optimizing NNI: done in 0.255163 secs using 1236% CPU
Optimizing NNI: done in 0.233866 secs using 1219% CPU
Optimizing NNI: done in 0.170905 secs using 1205% CPU
Optimizing NNI: done in 0.178153 secs using 1232% CPU
Optimizing NNI: done in 0.238161 secs using 1203% CPU
Optimizing NNI: done in 0.23912 secs using 1234% CPU
Optimizing NNI: done in 0.318721 secs using 1244% CPU
Optimizing NNI: done in 0.239822 secs using 1231% CPU
Iteration 620 / LogL: -2666.610 / Time: 0h:4m:14s (0h:0m:32s left)
Optimizing NNI: done in 0.195178 secs using 1236% CPU
Optimizing NNI: done in 0.254432 secs using 1225% CPU
Optimizing NNI: done in 0.225122 secs using 1219% CPU
Optimizing NNI: done in 0.226907 secs using 1213% CPU
Optimizing NNI: done in 0.173946 secs using 1218% CPU
Optimizing NNI: done in 0.291077 secs using 1212% CPU
Optimizing NNI: done in 0.314445 secs using 1236% CPU
Optimizing NNI: done in 0.289924 secs using 1218% CPU
Optimizing NNI: done in 0.176619 secs using 1213% CPU
Optimizing NNI: done in 0.169137 secs using 1218% CPU
Iteration 630 / LogL: -2666.598 / Time: 0h:4m:17s (0h:0m:28s left)
Optimizing NNI: done in 0.283984 secs using 1232% CPU
Optimizing NNI: done in 0.289846 secs using 1209% CPU
Optimizing NNI: done in 0.236263 secs using 1219% CPU
Optimizing NNI: done in 0.259587 secs using 1215% CPU
Optimizing NNI: done in 0.255386 secs using 1233% CPU
Optimizing NNI: done in 0.241728 secs using 1224% CPU
Optimizing NNI: done in 0.239526 secs using 1226% CPU
Optimizing NNI: done in 0.181924 secs using 1232% CPU
Optimizing NNI: done in 0.251029 secs using 1246% CPU
Optimizing NNI: done in 0.19772 secs using 1242% CPU
Iteration 640 / LogL: -2672.016 / Time: 0h:4m:20s (0h:0m:24s left)
Optimizing NNI: done in 0.283401 secs using 1230% CPU
Optimizing NNI: done in 0.334386 secs using 1247% CPU
Optimizing NNI: done in 0.233841 secs using 1245% CPU
Optimizing NNI: done in 0.174416 secs using 1228% CPU
Optimizing NNI: done in 0.294775 secs using 1250% CPU
Optimizing NNI: done in 0.24167 secs using 1213% CPU
Optimizing NNI: done in 0.277909 secs using 1200% CPU
Optimizing NNI: done in 0.26102 secs using 1246% CPU
Optimizing NNI: done in 0.212859 secs using 1219% CPU
Optimizing NNI: done in 0.317589 secs using 1247% CPU
Iteration 650 / LogL: -2666.605 / Time: 0h:4m:23s (0h:0m:20s left)
Log-likelihood cutoff on original alignment: -2696.228
Optimizing NNI: done in 0.297327 secs using 1228% CPU
Optimizing NNI: done in 0.287308 secs using 1222% CPU
Optimizing NNI: done in 0.24852 secs using 1215% CPU
Optimizing NNI: done in 0.278831 secs using 1229% CPU
Optimizing NNI: done in 0.283741 secs using 1228% CPU
Optimizing NNI: done in 0.231805 secs using 1227% CPU
Optimizing NNI: done in 0.207075 secs using 1207% CPU
Optimizing NNI: done in 0.239874 secs using 1214% CPU
Optimizing NNI: done in 0.283543 secs using 1223% CPU
Optimizing NNI: done in 0.184795 secs using 1222% CPU
Iteration 660 / LogL: -2681.588 / Time: 0h:4m:26s (0h:0m:16s left)
Optimizing NNI: done in 0.229375 secs using 1225% CPU
Optimizing NNI: done in 0.242014 secs using 1225% CPU
Optimizing NNI: done in 0.106365 secs using 1232% CPU
Optimizing NNI: done in 0.168105 secs using 1215% CPU
Optimizing NNI: done in 0.180604 secs using 1240% CPU
Optimizing NNI: done in 0.240569 secs using 1224% CPU
Optimizing NNI: done in 0.264664 secs using 1201% CPU
Optimizing NNI: done in 0.300643 secs using 1228% CPU
Optimizing NNI: done in 0.230547 secs using 1216% CPU
Optimizing NNI: done in 0.107352 secs using 1214% CPU
Iteration 670 / LogL: -2688.136 / Time: 0h:4m:29s (0h:0m:12s left)
Optimizing NNI: done in 0.25128 secs using 1237% CPU
Optimizing NNI: done in 0.218217 secs using 1208% CPU
Optimizing NNI: done in 7.00533 secs using 1416% CPU
Optimizing NNI: done in 10.353 secs using 1391% CPU
Optimizing NNI: done in 3.14371 secs using 1459% CPU
Optimizing NNI: done in 0.134772 secs using 1264% CPU
Optimizing NNI: done in 0.236194 secs using 1228% CPU
Optimizing NNI: done in 0.260911 secs using 1220% CPU
Optimizing NNI: done in 0.1676 secs using 1223% CPU
Optimizing NNI: done in 0.0860546 secs using 1191% CPU
Iteration 680 / LogL: -2704.420 / Time: 0h:4m:52s (0h:0m:8s left)
Optimizing NNI: done in 0.170745 secs using 1215% CPU
Optimizing NNI: done in 0.320933 secs using 1215% CPU
Optimizing NNI: done in 0.301772 secs using 1200% CPU
Optimizing NNI: done in 0.221379 secs using 1212% CPU
Optimizing NNI: done in 0.288864 secs using 1226% CPU
Optimizing NNI: done in 0.276374 secs using 1212% CPU
Optimizing NNI: done in 0.274486 secs using 1236% CPU
Optimizing NNI: done in 0.273489 secs using 1221% CPU
Optimizing NNI: done in 0.285594 secs using 1249% CPU
Optimizing NNI: done in 0.240526 secs using 1235% CPU
Iteration 690 / LogL: -2666.603 / Time: 0h:4m:55s (0h:0m:4s left)
Optimizing NNI: done in 0.244808 secs using 1234% CPU
Optimizing NNI: done in 0.221324 secs using 1241% CPU
Optimizing NNI: done in 0.100601 secs using 1202% CPU
Optimizing NNI: done in 0.2182 secs using 1223% CPU
Optimizing NNI: done in 0.228009 secs using 1226% CPU
Optimizing NNI: done in 0.221489 secs using 1217% CPU
Optimizing NNI: done in 0.563604 secs using 1337% CPU
Optimizing NNI: done in 2.15633 secs using 1452% CPU
Optimizing NNI: done in 0.171615 secs using 1227% CPU
Optimizing NNI: done in 0.301233 secs using 1223% CPU
Iteration 700 / LogL: -2666.607 / Time: 0h:5m:0s (0h:0m:0s left)
Log-likelihood cutoff on original alignment: -2696.228
NOTE: Bootstrap correlation coefficient of split occurrence frequencies: 0.912
NOTE: UFBoot does not converge, continue at least 100 more iterations
Optimizing NNI: done in 0.304053 secs using 1230% CPU
Optimizing NNI: done in 0.239399 secs using 1210% CPU
Optimizing NNI: done in 0.295051 secs using 1221% CPU
Optimizing NNI: done in 0.235979 secs using 1242% CPU
Optimizing NNI: done in 0.347682 secs using 1235% CPU
Optimizing NNI: done in 0.24058 secs using 1241% CPU
Optimizing NNI: done in 0.316973 secs using 1234% CPU
Optimizing NNI: done in 0.289835 secs using 1244% CPU
Optimizing NNI: done in 0.246728 secs using 1232% CPU
Optimizing NNI: done in 0.239987 secs using 1240% CPU
Iteration 710 / LogL: -2666.601 / Time: 0h:5m:4s (0h:0m:38s left)
Optimizing NNI: done in 0.117453 secs using 1241% CPU
Optimizing NNI: done in 0.29899 secs using 1229% CPU
Optimizing NNI: done in 0.236104 secs using 1232% CPU
Optimizing NNI: done in 0.296365 secs using 1226% CPU
Optimizing NNI: done in 0.241225 secs using 1237% CPU
Optimizing NNI: done in 0.172873 secs using 1223% CPU
Optimizing NNI: done in 0.165172 secs using 1209% CPU
Optimizing NNI: done in 0.164461 secs using 1224% CPU
Optimizing NNI: done in 0.171605 secs using 1233% CPU
Optimizing NNI: done in 0.243537 secs using 1242% CPU
Iteration 720 / LogL: -2666.604 / Time: 0h:5m:6s (0h:0m:33s left)
Optimizing NNI: done in 0.231248 secs using 1230% CPU
Optimizing NNI: done in 0.252438 secs using 1245% CPU
Optimizing NNI: done in 0.223578 secs using 1213% CPU
Optimizing NNI: done in 0.263011 secs using 1262% CPU
Optimizing NNI: done in 0.212483 secs using 1210% CPU
Optimizing NNI: done in 0.101266 secs using 1218% CPU
Optimizing NNI: done in 0.241407 secs using 1232% CPU
Optimizing NNI: done in 0.24821 secs using 1244% CPU
Optimizing NNI: done in 0.100299 secs using 1197% CPU
Optimizing NNI: done in 0.312125 secs using 1214% CPU
Iteration 730 / LogL: -2666.610 / Time: 0h:5m:9s (0h:0m:29s left)
Optimizing NNI: done in 0.237042 secs using 1208% CPU
Optimizing NNI: done in 6.14496 secs using 1470% CPU
Optimizing NNI: done in 6.63506 secs using 1465% CPU
Optimizing NNI: done in 0.237004 secs using 1225% CPU
Optimizing NNI: done in 0.244809 secs using 1228% CPU
Optimizing NNI: done in 0.246293 secs using 1231% CPU
Optimizing NNI: done in 0.179217 secs using 1201% CPU
Optimizing NNI: done in 0.226879 secs using 1213% CPU
Optimizing NNI: done in 0.284335 secs using 1211% CPU
Optimizing NNI: done in 0.2693 secs using 1249% CPU
Iteration 740 / LogL: -2666.605 / Time: 0h:5m:25s (0h:0m:26s left)
Optimizing NNI: done in 0.298853 secs using 1233% CPU
Optimizing NNI: done in 0.16673 secs using 1217% CPU
Optimizing NNI: done in 0.179905 secs using 1226% CPU
Optimizing NNI: done in 0.222912 secs using 1228% CPU
Optimizing NNI: done in 0.100081 secs using 1211% CPU
Optimizing NNI: done in 0.248824 secs using 1236% CPU
Optimizing NNI: done in 0.269791 secs using 1209% CPU
Optimizing NNI: done in 0.27642 secs using 1262% CPU
Optimizing NNI: done in 0.191341 secs using 1229% CPU
Optimizing NNI: done in 0.356809 secs using 1229% CPU
Iteration 750 / LogL: -2666.611 / Time: 0h:5m:28s (0h:0m:21s left)
Log-likelihood cutoff on original alignment: -2696.228
Optimizing NNI: done in 0.311966 secs using 1227% CPU
Optimizing NNI: done in 0.322115 secs using 1223% CPU
Optimizing NNI: done in 0.248694 secs using 1227% CPU
Optimizing NNI: done in 0.290142 secs using 1224% CPU
Optimizing NNI: done in 0.120322 secs using 1230% CPU
Optimizing NNI: done in 0.229121 secs using 1222% CPU
Optimizing NNI: done in 0.269536 secs using 1214% CPU
Optimizing NNI: done in 0.30489 secs using 1241% CPU
Optimizing NNI: done in 0.229106 secs using 1217% CPU
Optimizing NNI: done in 0.171926 secs using 1214% CPU
Iteration 760 / LogL: -2666.600 / Time: 0h:5m:31s (0h:0m:17s left)
Optimizing NNI: done in 0.180861 secs using 1213% CPU
Optimizing NNI: done in 0.226953 secs using 1222% CPU
Optimizing NNI: done in 0.235059 secs using 1234% CPU
Optimizing NNI: done in 0.287358 secs using 1224% CPU
Optimizing NNI: done in 0.264355 secs using 1255% CPU
Optimizing NNI: done in 0.242331 secs using 1232% CPU
Optimizing NNI: done in 0.217051 secs using 1220% CPU
Optimizing NNI: done in 0.244872 secs using 1200% CPU
Optimizing NNI: done in 7.45081 secs using 1470% CPU
Optimizing NNI: done in 0.109163 secs using 1205% CPU
Iteration 770 / LogL: -2679.902 / Time: 0h:5m:41s (0h:0m:13s left)
Optimizing NNI: done in 0.326328 secs using 1236% CPU
Optimizing NNI: done in 0.297683 secs using 1224% CPU
Optimizing NNI: done in 0.233346 secs using 1213% CPU
Optimizing NNI: done in 0.247554 secs using 1235% CPU
Optimizing NNI: done in 0.273903 secs using 1214% CPU
Optimizing NNI: done in 0.251207 secs using 1234% CPU
Optimizing NNI: done in 0.224382 secs using 1212% CPU
Optimizing NNI: done in 0.176509 secs using 1216% CPU
Optimizing NNI: done in 0.176218 secs using 1219% CPU
Optimizing NNI: done in 0.2454 secs using 1224% CPU
Iteration 780 / LogL: -2666.604 / Time: 0h:5m:45s (0h:0m:8s left)
Optimizing NNI: done in 0.237879 secs using 1229% CPU
Optimizing NNI: done in 0.23549 secs using 1220% CPU
Optimizing NNI: done in 0.332044 secs using 1240% CPU
Optimizing NNI: done in 0.179122 secs using 1220% CPU
Optimizing NNI: done in 0.167349 secs using 1207% CPU
Optimizing NNI: done in 0.258865 secs using 1218% CPU
Optimizing NNI: done in 0.235571 secs using 1226% CPU
Optimizing NNI: done in 0.18943 secs using 1237% CPU
Optimizing NNI: done in 0.263127 secs using 1253% CPU
Optimizing NNI: done in 0.132086 secs using 1251% CPU
Iteration 790 / LogL: -2687.881 / Time: 0h:5m:48s (0h:0m:4s left)
Optimizing NNI: done in 0.321138 secs using 1239% CPU
Optimizing NNI: done in 0.311821 secs using 1224% CPU
Optimizing NNI: done in 0.242013 secs using 1238% CPU
Optimizing NNI: done in 0.175087 secs using 1215% CPU
Optimizing NNI: done in 0.239959 secs using 1216% CPU
Optimizing NNI: done in 0.268261 secs using 1205% CPU
Optimizing NNI: done in 0.293053 secs using 1217% CPU
Optimizing NNI: done in 0.233536 secs using 1222% CPU
Optimizing NNI: done in 0.195414 secs using 1248% CPU
Optimizing NNI: done in 0.24181 secs using 1241% CPU
Iteration 800 / LogL: -2685.860 / Time: 0h:5m:51s (0h:0m:0s left)
Log-likelihood cutoff on original alignment: -2697.207
NOTE: Bootstrap correlation coefficient of split occurrence frequencies: 0.913
NOTE: UFBoot does not converge, continue at least 100 more iterations
Optimizing NNI: done in 0.312479 secs using 1242% CPU
Optimizing NNI: done in 0.30166 secs using 1231% CPU
Optimizing NNI: done in 0.287166 secs using 1221% CPU
Optimizing NNI: done in 0.171433 secs using 1228% CPU
Optimizing NNI: done in 0.219106 secs using 1215% CPU
Optimizing NNI: done in 0.147592 secs using 1198% CPU
Optimizing NNI: done in 0.25067 secs using 1221% CPU
Optimizing NNI: done in 0.185235 secs using 1222% CPU
Optimizing NNI: done in 0.236954 secs using 1233% CPU
Optimizing NNI: done in 0.202016 secs using 1222% CPU
Iteration 810 / LogL: -2675.144 / Time: 0h:5m:54s (0h:0m:39s left)
Optimizing NNI: done in 0.246024 secs using 1232% CPU
Optimizing NNI: done in 0.173052 secs using 1222% CPU
Optimizing NNI: done in 0.293774 secs using 1215% CPU
Optimizing NNI: done in 0.230861 secs using 1225% CPU
Optimizing NNI: done in 0.282202 secs using 1211% CPU
Optimizing NNI: done in 0.29561 secs using 1235% CPU
Optimizing NNI: done in 0.347194 secs using 1221% CPU
Optimizing NNI: done in 0.266835 secs using 1218% CPU
Optimizing NNI: done in 0.1792 secs using 1236% CPU
Optimizing NNI: done in 0.203284 secs using 1258% CPU
Iteration 820 / LogL: -2671.949 / Time: 0h:5m:58s (0h:0m:34s left)
Optimizing NNI: done in 0.228641 secs using 1201% CPU
Optimizing NNI: done in 0.329953 secs using 1230% CPU
Optimizing NNI: done in 0.179295 secs using 1222% CPU
Optimizing NNI: done in 0.299575 secs using 1240% CPU
Optimizing NNI: done in 1.78584 secs using 1424% CPU
Optimizing NNI: done in 0.289948 secs using 1244% CPU
Optimizing NNI: done in 0.255068 secs using 1256% CPU
Optimizing NNI: done in 0.267966 secs using 1231% CPU
Optimizing NNI: done in 0.105564 secs using 1189% CPU
Optimizing NNI: done in 0.217578 secs using 1218% CPU
Iteration 830 / LogL: -2666.603 / Time: 0h:6m:2s (0h:0m:30s left)
Optimizing NNI: done in 0.205159 secs using 1195% CPU
Optimizing NNI: done in 0.96196 secs using 1422% CPU
Optimizing NNI: done in 0.103885 secs using 1192% CPU
Optimizing NNI: done in 0.157852 secs using 1205% CPU
Optimizing NNI: done in 0.211913 secs using 1208% CPU
Optimizing NNI: done in 0.266393 secs using 1232% CPU
Optimizing NNI: done in 0.275583 secs using 1233% CPU
Optimizing NNI: done in 0.173723 secs using 1227% CPU
Optimizing NNI: done in 0.229187 secs using 1221% CPU
Optimizing NNI: done in 0.30277 secs using 1248% CPU
Iteration 840 / LogL: -2673.232 / Time: 0h:6m:6s (0h:0m:26s left)
Optimizing NNI: done in 0.239761 secs using 1207% CPU
Optimizing NNI: done in 0.228782 secs using 1234% CPU
Optimizing NNI: done in 0.264397 secs using 1213% CPU
Optimizing NNI: done in 0.222415 secs using 1211% CPU
Optimizing NNI: done in 0.164703 secs using 1224% CPU
Optimizing NNI: done in 0.245266 secs using 1213% CPU
Optimizing NNI: done in 0.113962 secs using 1217% CPU
Optimizing NNI: done in 0.270918 secs using 1215% CPU
Optimizing NNI: done in 0.115613 secs using 1231% CPU
Optimizing NNI: done in 0.222592 secs using 1227% CPU
Iteration 850 / LogL: -2666.606 / Time: 0h:6m:9s (0h:0m:21s left)
Log-likelihood cutoff on original alignment: -2697.663
Optimizing NNI: done in 0.170616 secs using 1217% CPU
Optimizing NNI: done in 0.178253 secs using 1246% CPU
Optimizing NNI: done in 0.212476 secs using 1211% CPU
Optimizing NNI: done in 0.26677 secs using 1263% CPU
Optimizing NNI: done in 0.260256 secs using 1223% CPU
Optimizing NNI: done in 0.166842 secs using 1210% CPU
Optimizing NNI: done in 0.339639 secs using 1251% CPU
Optimizing NNI: done in 0.278211 secs using 1233% CPU
Optimizing NNI: done in 0.172224 secs using 1224% CPU
Optimizing NNI: done in 0.109392 secs using 1215% CPU
Iteration 860 / LogL: -2678.689 / Time: 0h:6m:12s (0h:0m:17s left)
Optimizing NNI: done in 0.238543 secs using 1241% CPU
Optimizing NNI: done in 0.227936 secs using 1226% CPU
Optimizing NNI: done in 0.25018 secs using 1222% CPU
Optimizing NNI: done in 0.209576 secs using 1257% CPU
Optimizing NNI: done in 0.197383 secs using 1242% CPU
Optimizing NNI: done in 0.252189 secs using 1229% CPU
Optimizing NNI: done in 0.189632 secs using 1242% CPU
Optimizing NNI: done in 0.220482 secs using 1227% CPU
Optimizing NNI: done in 0.253983 secs using 1258% CPU
Optimizing NNI: done in 0.174054 secs using 1225% CPU
Iteration 870 / LogL: -2666.602 / Time: 0h:6m:15s (0h:0m:12s left)
Optimizing NNI: done in 0.250064 secs using 1237% CPU
Optimizing NNI: done in 0.296777 secs using 1210% CPU
Optimizing NNI: done in 0.21597 secs using 1227% CPU
Optimizing NNI: done in 0.330974 secs using 1213% CPU
Optimizing NNI: done in 0.160665 secs using 1214% CPU
Optimizing NNI: done in 0.220045 secs using 1222% CPU
Optimizing NNI: done in 0.217083 secs using 1219% CPU
Optimizing NNI: done in 0.209152 secs using 1207% CPU
Optimizing NNI: done in 0.206429 secs using 1214% CPU
Optimizing NNI: done in 0.183628 secs using 1228% CPU
Iteration 880 / LogL: -2676.008 / Time: 0h:6m:19s (0h:0m:8s left)
Optimizing NNI: done in 0.303656 secs using 1236% CPU
Optimizing NNI: done in 0.328403 secs using 1252% CPU
Optimizing NNI: done in 0.240131 secs using 1233% CPU
Optimizing NNI: done in 0.222349 secs using 1206% CPU
Optimizing NNI: done in 0.231683 secs using 1228% CPU
Optimizing NNI: done in 0.319698 secs using 1226% CPU
Optimizing NNI: done in 0.193198 secs using 1197% CPU
Optimizing NNI: done in 0.340624 secs using 1231% CPU
Optimizing NNI: done in 0.27836 secs using 1219% CPU
Optimizing NNI: done in 0.170056 secs using 1224% CPU
Iteration 890 / LogL: -2686.273 / Time: 0h:6m:22s (0h:0m:4s left)
Optimizing NNI: done in 0.29412 secs using 1234% CPU
Optimizing NNI: done in 0.176995 secs using 1225% CPU
Optimizing NNI: done in 0.298286 secs using 1242% CPU
Optimizing NNI: done in 0.236739 secs using 1235% CPU
Optimizing NNI: done in 0.234967 secs using 1240% CPU
Optimizing NNI: done in 0.231781 secs using 1255% CPU
Optimizing NNI: done in 0.213741 secs using 1220% CPU
Optimizing NNI: done in 0.283972 secs using 1223% CPU
Optimizing NNI: done in 0.199635 secs using 1253% CPU
Optimizing NNI: done in 0.104425 secs using 1219% CPU
Iteration 900 / LogL: -2678.125 / Time: 0h:6m:25s (0h:0m:0s left)
Log-likelihood cutoff on original alignment: -2697.663
NOTE: Bootstrap correlation coefficient of split occurrence frequencies: 0.979
NOTE: UFBoot does not converge, continue at least 100 more iterations
Optimizing NNI: done in 0.345288 secs using 1216% CPU
Optimizing NNI: done in 0.216306 secs using 1275% CPU
Optimizing NNI: done in 0.158263 secs using 1206% CPU
Optimizing NNI: done in 0.232657 secs using 1226% CPU
Optimizing NNI: done in 0.301264 secs using 1236% CPU
Optimizing NNI: done in 0.172553 secs using 1228% CPU
Optimizing NNI: done in 0.302619 secs using 1245% CPU
Optimizing NNI: done in 0.192721 secs using 1196% CPU
Optimizing NNI: done in 0.168157 secs using 1218% CPU
Optimizing NNI: done in 0.171701 secs using 1221% CPU
Iteration 910 / LogL: -2671.957 / Time: 0h:6m:28s (0h:0m:38s left)
Optimizing NNI: done in 0.216358 secs using 1222% CPU
Optimizing NNI: done in 0.311928 secs using 1257% CPU
Optimizing NNI: done in 0.223205 secs using 1205% CPU
Optimizing NNI: done in 0.172015 secs using 1241% CPU
Optimizing NNI: done in 0.161334 secs using 1204% CPU
Optimizing NNI: done in 0.188698 secs using 1208% CPU
Optimizing NNI: done in 0.219861 secs using 1237% CPU
Optimizing NNI: done in 0.248091 secs using 1214% CPU
Optimizing NNI: done in 0.121828 secs using 1222% CPU
Optimizing NNI: done in 0.172978 secs using 1220% CPU
Iteration 920 / LogL: -2677.411 / Time: 0h:6m:31s (0h:0m:33s left)
Optimizing NNI: done in 0.259991 secs using 1212% CPU
Optimizing NNI: done in 0.206136 secs using 1204% CPU
Optimizing NNI: done in 0.260195 secs using 1221% CPU
Optimizing NNI: done in 0.256895 secs using 1206% CPU
Optimizing NNI: done in 0.256522 secs using 1243% CPU
Optimizing NNI: done in 0.271261 secs using 1227% CPU
Optimizing NNI: done in 0.177255 secs using 1226% CPU
Optimizing NNI: done in 0.215843 secs using 1200% CPU
Optimizing NNI: done in 0.313202 secs using 1216% CPU
Optimizing NNI: done in 0.277009 secs using 1210% CPU
Iteration 930 / LogL: -2666.608 / Time: 0h:6m:35s (0h:0m:29s left)
Optimizing NNI: done in 0.196854 secs using 1257% CPU
Optimizing NNI: done in 0.219484 secs using 1233% CPU
Optimizing NNI: done in 0.168115 secs using 1221% CPU
Optimizing NNI: done in 0.249059 secs using 1248% CPU
Optimizing NNI: done in 0.269967 secs using 1231% CPU
Optimizing NNI: done in 0.206892 secs using 1218% CPU
Optimizing NNI: done in 0.270416 secs using 1229% CPU
Optimizing NNI: done in 0.120435 secs using 1240% CPU
Optimizing NNI: done in 0.176901 secs using 1221% CPU
Optimizing NNI: done in 0.292013 secs using 1215% CPU
Iteration 940 / LogL: -2666.608 / Time: 0h:6m:38s (0h:0m:25s left)
Optimizing NNI: done in 0.277988 secs using 1223% CPU
Optimizing NNI: done in 0.264943 secs using 1216% CPU
Optimizing NNI: done in 0.283454 secs using 1225% CPU
Optimizing NNI: done in 0.220378 secs using 1222% CPU
Optimizing NNI: done in 0.166565 secs using 1222% CPU
Optimizing NNI: done in 0.222538 secs using 1197% CPU
Optimizing NNI: done in 0.223353 secs using 1213% CPU
Optimizing NNI: done in 0.172561 secs using 1221% CPU
Optimizing NNI: done in 0.214706 secs using 1214% CPU
Optimizing NNI: done in 0.275115 secs using 1223% CPU
Iteration 950 / LogL: -2666.605 / Time: 0h:6m:41s (0h:0m:21s left)
Log-likelihood cutoff on original alignment: -2697.207
Optimizing NNI: done in 0.218014 secs using 1220% CPU
Optimizing NNI: done in 0.171794 secs using 1219% CPU
Optimizing NNI: done in 0.23783 secs using 1237% CPU
Optimizing NNI: done in 0.382218 secs using 1279% CPU
Optimizing NNI: done in 0.210809 secs using 1220% CPU
Optimizing NNI: done in 0.221076 secs using 1212% CPU
Optimizing NNI: done in 0.912171 secs using 1398% CPU
Optimizing NNI: done in 0.182626 secs using 1232% CPU
Optimizing NNI: done in 0.107526 secs using 1208% CPU
Optimizing NNI: done in 0.203418 secs using 1210% CPU
Iteration 960 / LogL: -2677.627 / Time: 0h:6m:45s (0h:0m:16s left)
Optimizing NNI: done in 0.281205 secs using 1238% CPU
Optimizing NNI: done in 0.173002 secs using 1218% CPU
Optimizing NNI: done in 0.169366 secs using 1220% CPU
Optimizing NNI: done in 0.230331 secs using 1222% CPU
Optimizing NNI: done in 0.217714 secs using 1218% CPU
Optimizing NNI: done in 0.25148 secs using 1242% CPU
Optimizing NNI: done in 0.258612 secs using 1212% CPU
Optimizing NNI: done in 0.172339 secs using 1233% CPU
Optimizing NNI: done in 0.109945 secs using 1218% CPU
Optimizing NNI: done in 0.234717 secs using 1225% CPU
Iteration 970 / LogL: -2666.607 / Time: 0h:6m:48s (0h:0m:12s left)
Optimizing NNI: done in 0.247244 secs using 1217% CPU
Optimizing NNI: done in 0.229084 secs using 1225% CPU
Optimizing NNI: done in 0.167684 secs using 1215% CPU
Optimizing NNI: done in 0.349529 secs using 1229% CPU
Optimizing NNI: done in 0.277971 secs using 1202% CPU
Optimizing NNI: done in 0.301766 secs using 1248% CPU
Optimizing NNI: done in 0.18815 secs using 1243% CPU
Optimizing NNI: done in 0.218048 secs using 1224% CPU
Optimizing NNI: done in 0.22852 secs using 1232% CPU
Optimizing NNI: done in 0.281026 secs using 1223% CPU
Iteration 980 / LogL: -2672.706 / Time: 0h:6m:52s (0h:0m:8s left)
Optimizing NNI: done in 0.234959 secs using 1224% CPU
Optimizing NNI: done in 0.175786 secs using 1205% CPU
Optimizing NNI: done in 0.178465 secs using 1227% CPU
Optimizing NNI: done in 0.239303 secs using 1224% CPU
Optimizing NNI: done in 0.232373 secs using 1205% CPU
Optimizing NNI: done in 0.255917 secs using 1202% CPU
Optimizing NNI: done in 0.269632 secs using 1254% CPU
Optimizing NNI: done in 0.210236 secs using 1218% CPU
Optimizing NNI: done in 0.208295 secs using 1202% CPU
Optimizing NNI: done in 0.275805 secs using 1198% CPU
Iteration 990 / LogL: -2672.056 / Time: 0h:6m:55s (0h:0m:4s left)
Optimizing NNI: done in 0.181117 secs using 1233% CPU
Optimizing NNI: done in 0.198646 secs using 1207% CPU
Optimizing NNI: done in 1.77752 secs using 1435% CPU
Optimizing NNI: done in 0.317957 secs using 1221% CPU
Optimizing NNI: done in 0.215659 secs using 1225% CPU
Optimizing NNI: done in 0.270455 secs using 1215% CPU
Optimizing NNI: done in 0.192981 secs using 1239% CPU
Optimizing NNI: done in 0.250921 secs using 1232% CPU
Optimizing NNI: done in 0.177842 secs using 1225% CPU
Optimizing NNI: done in 0.18717 secs using 1228% CPU
Iteration 1000 / LogL: -2666.603 / Time: 0h:7m:0s (0h:0m:0s left)
Log-likelihood cutoff on original alignment: -2696.238
NOTE: Bootstrap correlation coefficient of split occurrence frequencies: 0.987
NOTE: UFBoot does not converge, continue at least 100 more iterations
Optimizing NNI: done in 0.17996 secs using 1220% CPU
WARNING: bootstrap analysis did not converge. You should rerun with higher number of iterations (-nm option)
TREE SEARCH COMPLETED AFTER 1001 ITERATIONS / Time: 0h:7m:0s

--------------------------------------------------------------------
|                    FINALIZING TREE SEARCH                        |
--------------------------------------------------------------------
Performs final model parameters optimization
Estimate model parameters (epsilon = 0.010)
1. Initial log-likelihood: -2666.595
Optimal log-likelihood: -2666.595
Gamma shape alpha: 0.266
Parameters optimization took 1 rounds (0.029 sec)
BEST SCORE FOUND : -2666.595
Creating bootstrap support values...
Split supports printed to NEXUS file results/per_year_unclustered/VicB/trees/VicB_2015.splits.nex
Total tree length: 0.184

Total number of iterations: 1001
CPU time used for tree search: 4943.205 sec (1h:22m:23s)
Wall-clock time used for tree search: 418.836 sec (0h:6m:58s)
Total CPU time used: 4967.487 sec (1h:22m:47s)
Total wall-clock time used: 420.919 sec (0h:7m:0s)

Computing bootstrap consensus tree...
Reading input file results/per_year_unclustered/VicB/trees/VicB_2015.splits.nex...
73 taxa and 3017 splits.
Consensus tree written to results/per_year_unclustered/VicB/trees/VicB_2015.contree
Reading input trees file results/per_year_unclustered/VicB/trees/VicB_2015.contree
Log-likelihood of consensus tree: -2666.657

Analysis results written to: 
  IQ-TREE report:                results/per_year_unclustered/VicB/trees/VicB_2015.iqtree
  Maximum-likelihood tree:       results/per_year_unclustered/VicB/trees/VicB_2015.treefile
  Likelihood distances:          results/per_year_unclustered/VicB/trees/VicB_2015.mldist

Ultrafast bootstrap approximation results written to:
  Split support values:          results/per_year_unclustered/VicB/trees/VicB_2015.splits.nex
  Consensus tree:                results/per_year_unclustered/VicB/trees/VicB_2015.contree
  Screen log file:               results/per_year_unclustered/VicB/trees/VicB_2015.log

Date and Time: Fri Nov 21 09:42:49 2025
