IQ-TREE version 3.0.1 for Linux x86 64-bit built Jul  9 2025
Developed by Bui Quang Minh, Thomas Wong, Nhan Ly-Trong, Huaiyan Ren
Contributed by Lam-Tung Nguyen, Dominik Schrempf, Chris Bielow,
Olga Chernomor, Michael Woodhams, Diep Thi Hoang, Heiko Schmidt

Host:    rtis-hpc-r01.uod.otago.ac.nz (AVX2, FMA3, 1007 GB RAM)
Command: iqtree -s results/per_year_unclustered/VicB/alignments/VicB_2014_aligned.fasta -m LG+G4 -te results/per_year_unclustered/VicB/trees/VicB_2014.treefile -asr -pre results/per_year_unclustered/VicB/trees/VicB_2014_asr -redo -quiet
Seed:    342428 (Using SPRNG - Scalable Parallel Random Number Generator)
Time:    Sat Nov 22 10:29:35 2025
Kernel:  AVX+FMA - 1 threads (8 CPU cores detected)

HINT: Use -nt option to specify number of threads because your CPU has 8 cores!
HINT: -nt AUTO will automatically determine the best number of threads to use.

Reading alignment file results/per_year_unclustered/VicB/alignments/VicB_2014_aligned.fasta ... Fasta format detected
Reading fasta file: done in 0.00077879 secs using 78.71% CPU
Alignment most likely contains protein sequences
Constructing alignment: done in 0.000369814 secs using 100.1% CPU
Alignment has 88 sequences with 585 columns, 109 distinct patterns
30 parsimony-informative, 57 singleton sites, 498 constant sites
                                                                Gap/Ambiguity  Composition  p-value
Analyzing sequences: done in 1.67117e-05 secs using 95.74% CPU
   1  EPI534678|HA|B/Taiwan/113/2014|EPI_ISL_163842|B                   0.00%    passed    100.00%
   2  EPI534674|HA|B/TOCHIGI/14215/2014|EPI_ISL_163840|B                0.00%    passed    100.00%
   3  EPI534676|HA|B/Taiwan/63/2014|EPI_ISL_163841|B                    0.00%    passed    100.00%
   4  EPI534684|HA|B/Taiwan/190/2014|EPI_ISL_163845|B                   0.00%    passed    100.00%
   5  EPI536445|HA|B/Hong_Kong/3298/2014|EPI_ISL_164278|B               0.00%    passed    100.00%
   6  EPI536528|HA|B/Korea/2934/2014|EPI_ISL_164317|B                   0.00%    passed    100.00%
   7  EPI537796|HA|B/HAMAMATU-C/14166/2014|EPI_ISL_164692|B             0.00%    passed    100.00%
   8  EPI537798|HA|B/AICHI/51/2014|EPI_ISL_164693|B                     0.00%    passed    100.00%
   9  EPI538107|HA|B/Guangdong-Zhongshan/1465/2014|EPI_ISL_164862|B     0.00%    passed    100.00%
  10  EPI538128|HA|B/Shanghai-Xuhui/1172/2014|EPI_ISL_164869|B          0.00%    passed    100.00%
  11  EPI538171|HA|B/Bangladesh/6784/2014|EPI_ISL_164883|B              0.00%    passed    100.00%
  12  EPI538167|HA|B/Bangladesh/2004/2014|EPI_ISL_164881|B              0.00%    passed    100.00%
  13  EPI541285|HA|B/MALAYSIA/6/2014|EPI_ISL_166179|B                   0.00%    passed    100.00%
  14  EPI541302|HA|B/Ulaanbaatar/1113/2014|EPI_ISL_166186|B             0.00%    passed    100.00%
  15  EPI541304|HA|B/MALAYSIA/2/2014|EPI_ISL_166187|B                   0.00%    passed    100.00%
  16  EPI541366|HA|B/CHIANG_RAI/273/2014|EPI_ISL_166202|B               0.00%    passed    100.00%
  17  EPI541356|HA|B/Sainshand/1750/2014|EPI_ISL_166201|B               0.00%    passed    100.00%
  18  EPI544148|HA|B/NAGANO/2340/2014|EPI_ISL_166902|B                  0.00%    passed    100.00%
  19  EPI544150|HA|B/WAKAYAMA/128/2014|EPI_ISL_166903|B                 0.00%    passed    100.00%
  20  EPI544162|HA|B/GIFU/13/2014|EPI_ISL_166909|B                      0.00%    passed    100.00%
  21  EPI544174|HA|B/Laos/I136/2014|EPI_ISL_166915|B                    0.00%    passed    100.00%
  22  EPI544176|HA|B/Laos/I143/2014|EPI_ISL_166916|B                    0.00%    passed    100.00%
  23  EPI544234|HA|B/Indonesia/Nihrdi-Dps_1144/2014|EPI_ISL_166945|B    0.00%    passed    100.00%
  24  EPI551292|HA|B/PHILIPPINES/3/2014|EPI_ISL_168820|B                0.51%    passed    100.00%
  25  EPI552528|HA|B/Bangladesh/2429/2014|EPI_ISL_169183|B              0.00%    passed    100.00%
  26  EPI554766|HA|B/Fujian-Sanyuan/2669/2014|EPI_ISL_169695|B          0.00%    passed    100.00%
  27  EPI554778|HA|B/HK/3513/2014|EPI_ISL_169699|B                      0.00%    passed    100.00%
  28  EPI554769|HA|B/Liaoning-Heping/1380/2014|EPI_ISL_169696|B         0.00%    passed    100.00%
  29  EPI2186922|HA|B/Khentii/1137/2014|EPI_ISL_15146351|B              0.00%    passed    100.00%
  30  EPI2186920|HA|B/Hanoi/ELI14309/2014|EPI_ISL_15146350|B            0.00%    passed    100.00%
  31  EPI2187288|HA|B/Singapore/GP132/2014|EPI_ISL_15146513|B           0.00%    passed    100.00%
  32  EPI562188|HA|B/Jiangxi-Yushui/11102/2014|EPI_ISL_171898|B         0.00%    passed    100.00%
  33  EPI562197|HA|B/Heilongjiang-Aihui/1697/2014|EPI_ISL_171901|B      0.00%    passed    100.00%
  34  EPI565143|HA|B/Nonthaburi/373/2014|EPI_ISL_172670|B               0.00%    passed    100.00%
  35  EPI569746|HA|B/Kyoto/13SK056/2014|EPI_ISL_173951|B                0.00%    passed    100.00%
  36  EPI581792|HA|B/CHIBA-C/75/2014|EPI_ISL_177025|B                   0.00%    passed    100.00%
  37  EPI1399073|HA|B/Taiwan/81576/2014|EPI_ISL_348554|B                0.00%    passed    100.00%
  38  EPI505325|HA|B/Cankiri/226/2014|EPI_ISL_155948|B                  0.00%    passed    100.00%
  39  EPI516367|HA|B/FUKUI/2/2014|EPI_ISL_159367|B                      0.00%    passed    100.00%
  40  EPI516381|HA|B/WAKAYAMA/14/2014|EPI_ISL_159374|B                  0.00%    passed    100.00%
  41  EPI516383|HA|B/SHIZUOKA-C/7/2014|EPI_ISL_159375|B                 0.00%    passed    100.00%
  42  EPI516397|HA|B/ISHIKAWA/56/2014|EPI_ISL_159382|B                  0.00%    passed    100.00%
  43  EPI516407|HA|B/TOYAMA/6/2014|EPI_ISL_159387|B                     0.00%    passed    100.00%
  44  EPI516413|HA|B/Vietnam/11702/2014|EPI_ISL_159390|B                0.00%    passed    100.00%
  45  EPI530550|HA|B/MIYAGI/22/2014|EPI_ISL_162079|B                    0.00%    passed    100.00%
  46  EPI532998|HA|B/OKAYAMA/8/2014|EPI_ISL_163181|B                    0.00%    passed    100.00%
  47  EPI536537|HA|B/California/18/2014|EPI_ISL_164320|B                0.00%    passed    100.00%
  48  EPI538179|HA|B/Hawaii/07/2014|EPI_ISL_164887|B                    0.00%    passed    100.00%
  49  EPI541682|HA|B/North_Carolina/06/2014|EPI_ISL_166311|B            0.00%    passed    100.00%
  50  EPI544228|HA|B/Hawaii/24/2014|EPI_ISL_166942|B                    0.00%    passed    100.00%
  51  EPI544246|HA|B/Hawaii/24/2014|EPI_ISL_166952|B                    0.00%    passed    100.00%
  52  EPI550817|HA|B/Florida/44/2014|EPI_ISL_168682|B                   0.00%    passed    100.00%
  53  EPI550813|HA|B/Hawaii/25/2014|EPI_ISL_168680|B                    0.00%    passed    100.00%
  54  EPI552451|HA|B/Arkansas/02/2014|EPI_ISL_169147|B                  0.00%    passed    100.00%
  55  EPI552470|HA|B/Texas/28/2014|EPI_ISL_169156|B                     0.00%    passed    100.00%
  56  EPI552494|HA|B/Hawaii/34/2014|EPI_ISL_169167|B                    0.00%    passed    100.00%
  57  EPI552518|HA|B/Florida/45/2014|EPI_ISL_169178|B                   0.00%    passed    100.00%
  58  EPI556416|HA|B/Missouri/03/2014|EPI_ISL_170074|B                  0.00%    passed    100.00%
  59  EPI556792|HA|B/Louisiana/14/2014|EPI_ISL_170139|B                 0.00%    passed    100.00%
  60  EPI556770|HA|B/Wisconsin/13/2014|EPI_ISL_170142|B                 0.00%    passed    100.00%
  61  EPI562661|HA|B/Ohio/04/2014|EPI_ISL_172205|B                      0.00%    passed    100.00%
  62  EPI565113|HA|B/Louisiana/15/2014|EPI_ISL_172665|B                 0.00%    passed    100.00%
  63  EPI568820|HA|B/Alabama/05/2014|EPI_ISL_173752|B                   0.00%    passed    100.00%
  64  EPI569058|HA|B/North_Dakota/02/2014|EPI_ISL_173808|B              0.00%    passed    100.00%
  65  EPI569157|HA|B/Texas/34/2014|EPI_ISL_173827|B                     0.00%    passed    100.00%
  66  EPI508413|HA|B/Hawaii/02/2014|EPI_ISL_157032|B                    0.00%    passed    100.00%
  67  EPI510090|HA|B/California/02/2014|EPI_ISL_157843|B                0.00%    passed    100.00%
  68  EPI510095|HA|B/Maryland/01/2014|EPI_ISL_157845|B                  0.00%    passed    100.00%
  69  EPI515502|HA|B/California/04/2014|EPI_ISL_158949|B                0.00%    passed    100.00%
  70  EPI515528|HA|B/Florida/04/2014|EPI_ISL_158955|B                   0.00%    passed    100.00%
  71  EPI515563|HA|B/California/05/2014|EPI_ISL_158962|B                0.00%    passed    100.00%
  72  EPI515554|HA|B/Texas/03/2014|EPI_ISL_158960|B                     0.00%    passed    100.00%
  73  EPI516654|HA|B/Ohio/01/2014|EPI_ISL_159507|B                      0.00%    passed    100.00%
  74  EPI516637|HA|B/Texas/04/2014|EPI_ISL_159504|B                     0.00%    passed    100.00%
  75  EPI531166|HA|B/Indiana/02/2014|EPI_ISL_162370|B                   0.00%    passed    100.00%
  76  EPI532942|HA|B/Washington/03/2014|EPI_ISL_163155|B                0.00%    passed    100.00%
  77  EPI538110|HA|B/New_Zealand/21/2014|EPI_ISL_164863|B               0.00%    passed    100.00%
  78  EPI540594|HA|B/New_Zealand/442/2014|EPI_ISL_165848|B              0.00%    passed    100.00%
  79  EPI541365|HA|B/PERTH/503/2014|EPI_ISL_166203|B                    0.00%    passed    100.00%
  80  EPI551321|HA|B/SOUTH_AUSTRALIA/20/2014|EPI_ISL_168830|B           0.00%    passed    100.00%
  81  EPI551327|HA|B/SYDNEY/19/2014|EPI_ISL_168832|B                    0.00%    passed    100.00%
  82  EPI2187230|HA|B/Canberra/23/2014|EPI_ISL_15146484|B               0.00%    passed    100.00%
  83  EPI2187224|HA|B/Brisbane/78/2014|EPI_ISL_15146481|B               0.00%    passed    100.00%
  84  EPI2187332|HA|B/Victoria/510/2014|EPI_ISL_15146537|B              0.00%    passed    100.00%
  85  EPI2187259|HA|B/Newcastle/41/2014|EPI_ISL_15146500|B              0.00%    passed    100.00%
  86  EPI561876|HA|B/Brisbane/63/2014|EPI_ISL_171789|B                  0.00%    passed    100.00%
  87  EPI562301|HA|B/Brisbane/63/2014|EPI_ISL_171936|B                  0.00%    passed    100.00%
  88  EPI562303|HA|B/New_Caledonia/6/2014|EPI_ISL_171937|B              0.00%    passed    100.00%
****  TOTAL                                                             0.01%  0 sequences failed composition chi2 test (p-value<5%; df=19)
Reading input tree file results/per_year_unclustered/VicB/trees/VicB_2014.treefile ...

NOTE: 7 MB RAM (0 GB) is required!
Estimate model parameters (epsilon = 0.010)
1. Initial log-likelihood: -2721.255
2. Current log-likelihood: -2718.485
Optimal log-likelihood: -2718.484
Gamma shape alpha: 0.360
Parameters optimization took 2 rounds (0.250 sec)
Wrote distance file to... 
BEST SCORE FOUND : -2718.484
Ancestral state probabilities printed to results/per_year_unclustered/VicB/trees/VicB_2014_asr.state
Total tree length: 0.200

Total number of iterations: 0
CPU time used for tree search: 0.000 sec (0h:0m:0s)
Wall-clock time used for tree search: 0.000 sec (0h:0m:0s)
Total CPU time used: 0.570 sec (0h:0m:0s)
Total wall-clock time used: 0.677 sec (0h:0m:0s)

Analysis results written to: 
  IQ-TREE report:                results/per_year_unclustered/VicB/trees/VicB_2014_asr.iqtree
  Maximum-likelihood tree:       results/per_year_unclustered/VicB/trees/VicB_2014_asr.treefile
  Ancestral state:               results/per_year_unclustered/VicB/trees/VicB_2014_asr.state
  Screen log file:               results/per_year_unclustered/VicB/trees/VicB_2014_asr.log

Date and Time: Sat Nov 22 10:29:36 2025
