IQ-TREE version 3.0.1 for Linux x86 64-bit built Jul  9 2025
Developed by Bui Quang Minh, Thomas Wong, Nhan Ly-Trong, Huaiyan Ren
Contributed by Lam-Tung Nguyen, Dominik Schrempf, Chris Bielow,
Olga Chernomor, Michael Woodhams, Diep Thi Hoang, Heiko Schmidt

Host:    rtis-hpc-r01.uod.otago.ac.nz (AVX2, FMA3, 1007 GB RAM)
Command: iqtree -s results/per_year_unclustered/VicB/alignments/VicB_2010_with_designs.fasta -m LG+G4 -bb 1000 -nt 8 -pre results/per_year_unclustered/VicB/trees/VicB_2010_with_designs -redo -quiet
Seed:    782039 (Using SPRNG - Scalable Parallel Random Number Generator)
Time:    Sat Nov 22 10:52:54 2025
Kernel:  AVX+FMA - 8 threads (8 CPU cores detected)

Reading alignment file results/per_year_unclustered/VicB/alignments/VicB_2010_with_designs.fasta ... Fasta format detected
Reading fasta file: done in 0.000729607 secs using 93.47% CPU
Alignment most likely contains protein sequences
Constructing alignment: done in 0.000419036 secs using 146.8% CPU
Alignment has 85 sequences with 585 columns, 98 distinct patterns
25 parsimony-informative, 53 singleton sites, 507 constant sites
                                                                         Gap/Ambiguity  Composition  p-value
Analyzing sequences: done in 1.17319e-05 secs using 93.76% CPU
   1  EPI342003|HA|B/India/9356/2010|EPI_ISL_98929|B                             0.00%    passed    100.00%
   2  EPI342035|HA|B/Vietnam/101/2010|EPI_ISL_98938|B                            0.00%    passed    100.00%
   3  EPI346036|HA|B/MALAYSIA/194/2010|EPI_ISL_99652|B                           0.00%    passed    100.00%
   4  EPI1490354|HA|B/Indonesia/09/2010|EPI_ISL_364539|B                         0.00%    passed    100.00%
   5  EPI247539|HA|B/Bangladesh/5816/2010|EPI_ISL_71460|B                        0.00%    passed    100.00%
   6  EPI247558|HA|B/Heilongjiang-Hulan/116/2010|EPI_ISL_71468|B                 0.00%    passed    100.00%
   7  EPI247571|HA|B/Heilongjiang-Xiangfang/1197/2010|EPI_ISL_71473|B            0.00%    passed    100.00%
   8  EPI247569|HA|B/Bangladesh/6166/2010|EPI_ISL_71472|B                        0.00%    passed    100.00%
   9  EPI249550|HA|B/Bangladesh/9628/2010|EPI_ISL_71842|B                        0.00%    passed    100.00%
  10  EPI270016|HA|B/Macau/200185/2010|EPI_ISL_76641|B                           0.00%    passed    100.00%
  11  EPI270044|HA|B/Macau/200119/2010|EPI_ISL_76649|B                           0.00%    passed    100.00%
  12  EPI271556|HA|B/India/5949/2010|EPI_ISL_76925|B                             0.00%    passed    100.00%
  13  EPI271553|HA|B/India/5908/2010|EPI_ISL_76924|B                             0.00%    passed    100.00%
  14  EPI271614|HA|B/Bangladesh/4588/2010|EPI_ISL_76945|B                        0.00%    passed    100.00%
  15  EPI271620|HA|B/Bangladesh/1005/2010|EPI_ISL_76947|B                        0.00%    passed    100.00%
  16  EPI271644|HA|B/Taiwan/77/2010|EPI_ISL_76955|B                              0.00%    passed    100.00%
  17  EPI271869|HA|B/Hong_Kong/264/2010|EPI_ISL_76999|B                          0.00%    passed    100.00%
  18  EPI271871|HA|B/Hong_Kong/270/2010|EPI_ISL_77000|B                          0.00%    passed    100.00%
  19  EPI271998|HA|B/SINGAPORE/536/2010|EPI_ISL_77057|B                          0.00%    passed    100.00%
  20  EPI272000|HA|B/SINGAPORE/505/2010|EPI_ISL_77058|B                          0.00%    passed    100.00%
  21  EPI272014|HA|B/PHILIPPINES/1400/2010|EPI_ISL_77065|B                       0.17%    passed    100.00%
  22  EPI272054|HA|B/SINGAPORE/525/2010|EPI_ISL_77079|B                          0.00%    passed    100.00%
  23  EPI464421|HA|B/Cambodia/U0707330/2010|EPI_ISL_144656|B                     0.00%    passed    100.00%
  24  EPI464422|HA|B/Cambodia/U1102389/2010|EPI_ISL_144657|B                     0.00%    passed    100.00%
  25  EPI278964|HA|B/Mie/06/2010|EPI_ISL_79381|B                                 0.00%    passed    100.00%
  26  EPI278990|HA|B/Taiwan/11/2010|EPI_ISL_79388|B                              0.00%    passed    100.00%
  27  EPI278996|HA|B/Yamaguchi/01/2010|EPI_ISL_79390|B                           0.00%    passed    100.00%
  28  EPI279203|HA|B/CAMBODIA/5/2010|EPI_ISL_79476|B                             0.00%    passed    100.00%
  29  EPI280403|HA|B/Bangladesh/2009/2010|EPI_ISL_79742|B                        0.00%    passed    100.00%
  30  EPI902769|HA|B/Hong_Kong/2207/2010|EPI_ISL_246650|B                        0.00%    passed    100.00%
  31  EPI902783|HA|B/Tehran/5277/2010|EPI_ISL_246657|B                           0.00%    passed    100.00%
  32  EPI291629|HA|B/Chongqing-Yuzhong/1384/2010|EPI_ISL_83191|B                 0.00%    passed    100.00%
  33  EPI291626|HA|B/Chongqing-Yuzhong/1342/2010|EPI_ISL_83190|B                 0.00%    passed    100.00%
  34  EPI293608|HA|B/Beijing-Xicheng/11082/2010|EPI_ISL_83656|B                  0.00%    passed    100.00%
  35  EPI293640|HA|B/Fujian-Licheng/118/2010|EPI_ISL_83660|B                     0.00%    passed    100.00%
  36  EPI294765|HA|B/Guangdong-Zhongshan/5756/2010|EPI_ISL_83935|B               0.00%    passed    100.00%
  37  EPI294795|HA|B/Kyrgyzstan/126/2010|EPI_ISL_83945|B                         0.00%    passed    100.00%
  38  EPI294822|HA|B/Nepal/188/2010|EPI_ISL_83954|B                              0.00%    passed    100.00%
  39  EPI294866|HA|B/Thailand/820/2010|EPI_ISL_83969|B                           0.00%    passed    100.00%
  40  EPI301211|HA|B/Guangdong-Duanzhou/1766/2010|EPI_ISL_85665|B                0.00%    passed    100.00%
  41  EPI302086|HA|B/India/6613/2010|EPI_ISL_86012|B                             0.00%    passed    100.00%
  42  EPI302448|HA|B/MALAYSIA/481/2010|EPI_ISL_86148|B                           0.00%    passed    100.00%
  43  EPI302460|HA|B/PHILIPPINES/2118/2010|EPI_ISL_86152|B                       0.00%    passed    100.00%
  44  EPI302483|HA|B/PHILIPPINES/5390/2010|EPI_ISL_86160|B                       0.00%    passed    100.00%
  45  EPI302520|HA|B/Taiwan/717/2010|EPI_ISL_86173|B                             0.00%    passed    100.00%
  46  EPI302534|HA|B/Chongqing-Yuzhong/1384/2010|EPI_ISL_86179|B                 0.00%    passed    100.00%
  47  EPI302532|HA|B/Hunan-Yuhua/1930/2010|EPI_ISL_86178|B                       0.00%    passed    100.00%
  48  EPI1399060|HA|B/Taiwan/1005/2010|EPI_ISL_348541|B                          0.00%    passed    100.00%
  49  EPI1399062|HA|B/Taiwan/0637/2010|EPI_ISL_348543|B                          0.00%    passed    100.00%
  50  EPI1399061|HA|B/Taiwan/3591/2010|EPI_ISL_348542|B                          0.00%    passed    100.00%
  51  EPI1399064|HA|B/Taiwan/7123/2010|EPI_ISL_348545|B                          0.00%    passed    100.00%
  52  EPI309200|HA|B/Laos/037/2010|EPI_ISL_87830|B                               0.00%    passed    100.00%
  53  EPI247534|HA|B/Texas/01/2010|EPI_ISL_71457|B                               0.00%    passed    100.00%
  54  EPI275296|HA|B/Massachusetts/01/2010|EPI_ISL_77922|B                       0.00%    passed    100.00%
  55  EPI291582|HA|B/Alabama/01/2010|EPI_ISL_83175|B                             0.00%    passed    100.00%
  56  EPI294726|HA|B/California/03/2010|EPI_ISL_83921|B                          0.00%    passed    100.00%
  57  EPI294738|HA|B/Florida/02/2010|EPI_ISL_83925|B                             0.00%    passed    100.00%
  58  EPI294757|HA|B/Georgia/04/2010|EPI_ISL_83932|B                             0.00%    passed    100.00%
  59  EPI294860|HA|B/Texas/06/2010|EPI_ISL_83967|B                               0.00%    passed    100.00%
  60  EPI301167|HA|B/Alabama/02/2010|EPI_ISL_85650|B                             0.00%    passed    100.00%
  61  EPI301188|HA|B/Georgia/11/2010|EPI_ISL_85657|B                             0.00%    passed    100.00%
  62  EPI301949|HA|B/Arizona/04/2010|EPI_ISL_85968|B                             0.00%    passed    100.00%
  63  EPI301990|HA|B/Georgia/28/2010|EPI_ISL_85981|B                             0.00%    passed    100.00%
  64  EPI302019|HA|B/Louisiana/08/2010|EPI_ISL_85991|B                           0.00%    passed    100.00%
  65  EPI302025|HA|B/Maryland/07/2010|EPI_ISL_85993|B                            0.00%    passed    100.00%
  66  EPI302037|HA|B/Montana/01/2010|EPI_ISL_85997|B                             0.00%    passed    100.00%
  67  EPI302047|HA|B/New_York/01/2010|EPI_ISL_86001|B                            0.00%    passed    100.00%
  68  EPI302059|HA|B/South_Dakota/01/2010|EPI_ISL_86005|B                        0.00%    passed    100.00%
  69  EPI302508|HA|B/Mississippi/05/2010|EPI_ISL_86169|B                         0.00%    passed    100.00%
  70  EPI302505|HA|B/Louisiana/01/2010|EPI_ISL_86168|B                           0.00%    passed    100.00%
  71  EPI302511|HA|B/Mississippi/06/2010|EPI_ISL_86170|B                         0.00%    passed    100.00%
  72  EPI307196|HA|B/North_Carolina/09/2010|EPI_ISL_87418|B                      0.00%    passed    100.00%
  73  EPI309168|HA|B/California/12/2010|EPI_ISL_87819|B                          0.00%    passed    100.00%
  74  EPI312865|HA|B/North_Carolina/05/2010|EPI_ISL_88895|B                      0.00%    passed    100.00%
  75  EPI294071|HA|B/YAP/1/2010|EPI_ISL_83765|B                                  0.00%    passed    100.00%
  76  EPI294073|HA|B/YAP/2/2010|EPI_ISL_83766|B                                  0.00%    passed    100.00%
  77  EPI294256|HA|B/VANIMO/1/2010|EPI_ISL_83838|B                               0.00%    passed    100.00%
  78  EPI294287|HA|B/VICTORIA/800/2010|EPI_ISL_83849|B                           0.00%    passed    100.00%
  79  EPI294428|HA|B/NEW_CALEDONIA/15/2010|EPI_ISL_83899|B                       0.00%    passed    100.00%
  80  EPI302429|HA|B/BRISBANE/20/2010|EPI_ISL_86141|B                            0.00%    passed    100.00%
  81  EPI331352|HA|B/BRISBANE/41/2010|EPI_ISL_94804|B                            0.00%    passed    100.00%
  82  VicB_2010_Consensus_Aligned                                                0.00%    passed    100.00%
  83  VicB_2010_Medoid_Aligned|EPI342003|HA|B/India/9356/2010|EPI_ISL_98929|B    0.00%    passed    100.00%
  84  VicB_2010_Ancestral_Aligned_Node10                                         0.00%    passed    100.00%
  85  VicB_2010_COBRA_Aligned                                                    0.00%    passed    100.00%
****  TOTAL                                                                      0.00%  0 sequences failed composition chi2 test (p-value<5%; df=19)
NOTE: VicB_2010_Medoid_Aligned|EPI342003|HA|B/India/9356/2010|EPI_ISL_98929|B is identical to EPI342003|HA|B/India/9356/2010|EPI_ISL_98929|B but kept for subsequent analysis
NOTE: VicB_2010_Ancestral_Aligned_Node10 is identical to EPI272000|HA|B/SINGAPORE/505/2010|EPI_ISL_77058|B but kept for subsequent analysis
Checking for duplicate sequences: done in 9.58499e-05 secs using 98.07% CPU
Identifying sites to remove: done in 0.000284164 secs using 98.89% CPU
NOTE: 1 identical sequences (see below) will be ignored for subsequent analysis
NOTE: VicB_2010_COBRA_Aligned (identical to EPI342003|HA|B/India/9356/2010|EPI_ISL_98929|B) is ignored but added at the end
Alignment was printed to results/per_year_unclustered/VicB/trees/VicB_2010_with_designs.uniqueseq.phy

For your convenience alignment with unique sequences printed to results/per_year_unclustered/VicB/trees/VicB_2010_with_designs.uniqueseq.phy
Creating fast initial parsimony tree by random order stepwise addition...
0.076 seconds, parsimony score: 109 (based on 78 sites)
Generating 1000 samples for ultrafast bootstrap (seed: 782039)...

NOTE: 6 MB RAM (0 GB) is required!
WARNING: Number of threads seems too high for short alignments. Use -T AUTO to determine best number of threads.
Estimate model parameters (epsilon = 0.100)
1. Initial log-likelihood: -2668.772
2. Current log-likelihood: -2661.793
Optimal log-likelihood: -2661.792
Gamma shape alpha: 0.207
Parameters optimization took 2 rounds (0.082 sec)
Wrote distance file to... 
Computing ML distances based on estimated model parameters...
Calculating distance matrix: done in 0.145107 secs using 796.1% CPU
Computing ML distances took 0.145179 sec (of wall-clock time) 1.155261 sec (of CPU time)
Setting up auxiliary I and S matrices: done in 0.000740529 secs using 165.2% CPU
Constructing RapidNJ tree: done in 0.0784463 secs using 67.91% CPU
Computing RapidNJ tree took 0.079286 sec (of wall-clock time) 0.054508 sec (of CPU time)
Log-likelihood of RapidNJ tree: -2658.171
--------------------------------------------------------------------
|             INITIALIZING CANDIDATE TREE SET                      |
--------------------------------------------------------------------
Generating 98 parsimony trees... 0.213 second
Computing log-likelihood of 98 initial trees ... 1.136 seconds
Current best score: -2653.590

Do NNI search on 20 best initial trees
Optimizing NNI: done in 0.0745665 secs using 790.8% CPU
Estimate model parameters (epsilon = 0.100)
BETTER TREE FOUND at iteration 1: -2653.570
Optimizing NNI: done in 0.145555 secs using 795.8% CPU
Estimate model parameters (epsilon = 0.100)
BETTER TREE FOUND at iteration 2: -2653.481
Optimizing NNI: done in 0.138494 secs using 789.8% CPU
Optimizing NNI: done in 0.0724507 secs using 788.9% CPU
Optimizing NNI: done in 0.140577 secs using 791% CPU
BETTER TREE FOUND at iteration 5: -2653.481
Optimizing NNI: done in 0.140702 secs using 789.6% CPU
Optimizing NNI: done in 0.142718 secs using 793.6% CPU
Optimizing NNI: done in 0.136963 secs using 794.8% CPU
Optimizing NNI: done in 0.0694903 secs using 788.2% CPU
Optimizing NNI: done in 0.136591 secs using 794.8% CPU
Iteration 10 / LogL: -2656.254 / Time: 0h:0m:3s
Optimizing NNI: done in 0.138609 secs using 795.7% CPU
Optimizing NNI: done in 0.139721 secs using 788.9% CPU
Optimizing NNI: done in 0.136493 secs using 792.8% CPU
Optimizing NNI: done in 0.141498 secs using 790.5% CPU
Optimizing NNI: done in 0.0722093 secs using 789.6% CPU
Optimizing NNI: done in 0.209207 secs using 797% CPU
Optimizing NNI: done in 0.0735421 secs using 798.8% CPU
Optimizing NNI: done in 0.138795 secs using 791.9% CPU
Optimizing NNI: done in 0.14432 secs using 796.4% CPU
Optimizing NNI: done in 0.144932 secs using 792.1% CPU
Iteration 20 / LogL: -2657.046 / Time: 0h:0m:4s
Finish initializing candidate tree set (20)
Current best tree score: -2653.481 / CPU time: 4.037
Number of iterations: 20
--------------------------------------------------------------------
|               OPTIMIZING CANDIDATE TREE SET                      |
--------------------------------------------------------------------
Optimizing NNI: done in 0.204667 secs using 795.1% CPU
Optimizing NNI: done in 0.379641 secs using 793.7% CPU
Optimizing NNI: done in 0.33444 secs using 795.9% CPU
Optimizing NNI: done in 0.266399 secs using 793% CPU
Optimizing NNI: done in 0.186665 secs using 792.2% CPU
Optimizing NNI: done in 0.265099 secs using 797% CPU
Optimizing NNI: done in 0.435638 secs using 792.7% CPU
Optimizing NNI: done in 0.330633 secs using 791.5% CPU
Optimizing NNI: done in 0.305404 secs using 792.6% CPU
Optimizing NNI: done in 0.270534 secs using 792% CPU
Iteration 30 / LogL: -2653.491 / Time: 0h:0m:7s (0h:0m:19s left)
Optimizing NNI: done in 0.200411 secs using 791.2% CPU
Optimizing NNI: done in 0.308542 secs using 794.9% CPU
Optimizing NNI: done in 0.328442 secs using 790.6% CPU
Optimizing NNI: done in 0.208885 secs using 793.6% CPU
Optimizing NNI: done in 0.268629 secs using 794.1% CPU
Optimizing NNI: done in 0.314786 secs using 794% CPU
Optimizing NNI: done in 0.330549 secs using 792.2% CPU
Optimizing NNI: done in 0.207276 secs using 797% CPU
Optimizing NNI: done in 0.323803 secs using 794.6% CPU
Optimizing NNI: done in 0.267063 secs using 792.5% CPU
Iteration 40 / LogL: -2653.488 / Time: 0h:0m:10s (0h:0m:17s left)
Optimizing NNI: done in 0.414432 secs using 794.8% CPU
Optimizing NNI: done in 0.270939 secs using 794.7% CPU
Optimizing NNI: done in 0.336347 secs using 793.6% CPU
Optimizing NNI: done in 0.26494 secs using 794.8% CPU
Optimizing NNI: done in 0.135393 secs using 798.8% CPU
BETTER TREE FOUND at iteration 45: -2653.481
Optimizing NNI: done in 0.335748 secs using 793.7% CPU
Optimizing NNI: done in 0.38144 secs using 794.6% CPU
Optimizing NNI: done in 0.208058 secs using 794.3% CPU
Optimizing NNI: done in 0.193326 secs using 791.7% CPU
Optimizing NNI: done in 0.270087 secs using 793.6% CPU
Iteration 50 / LogL: -2653.487 / Time: 0h:0m:13s (0h:0m:25s left)
Log-likelihood cutoff on original alignment: -2678.282
Optimizing NNI: done in 0.272563 secs using 794.4% CPU
Optimizing NNI: done in 0.234224 secs using 792.5% CPU
Optimizing NNI: done in 0.20349 secs using 795% CPU
Optimizing NNI: done in 0.26916 secs using 794.2% CPU
Optimizing NNI: done in 0.39792 secs using 794% CPU
Optimizing NNI: done in 0.20806 secs using 794.6% CPU
Optimizing NNI: done in 0.313226 secs using 793.5% CPU
Optimizing NNI: done in 0.265877 secs using 794.2% CPU
Optimizing NNI: done in 0.396502 secs using 790.9% CPU
Optimizing NNI: done in 0.481217 secs using 792% CPU
Iteration 60 / LogL: -2653.484 / Time: 0h:0m:16s (0h:0m:23s left)
Optimizing NNI: done in 0.312928 secs using 793.6% CPU
Optimizing NNI: done in 0.269808 secs using 791.3% CPU
Optimizing NNI: done in 0.208186 secs using 792.5% CPU
Optimizing NNI: done in 0.398694 secs using 795.4% CPU
Optimizing NNI: done in 0.27223 secs using 793% CPU
Optimizing NNI: done in 0.250314 secs using 792.7% CPU
Optimizing NNI: done in 0.443544 secs using 794.9% CPU
Optimizing NNI: done in 0.394683 secs using 795.4% CPU
Optimizing NNI: done in 0.424196 secs using 793.5% CPU
Optimizing NNI: done in 0.525665 secs using 791.1% CPU
Iteration 70 / LogL: -2679.918 / Time: 0h:0m:20s (0h:0m:21s left)
Optimizing NNI: done in 0.258864 secs using 791.2% CPU
Optimizing NNI: done in 0.203839 secs using 794.2% CPU
Optimizing NNI: done in 0.327932 secs using 794% CPU
Optimizing NNI: done in 0.271349 secs using 792.7% CPU
Optimizing NNI: done in 0.266873 secs using 795.1% CPU
Optimizing NNI: done in 0.199758 secs using 790.7% CPU
Optimizing NNI: done in 0.485938 secs using 793.1% CPU
Optimizing NNI: done in 0.140203 secs using 790% CPU
Optimizing NNI: done in 0.337874 secs using 793.4% CPU
Optimizing NNI: done in 0.323649 secs using 794.1% CPU
Iteration 80 / LogL: -2653.485 / Time: 0h:0m:23s (0h:0m:18s left)
Optimizing NNI: done in 0.334726 secs using 792.5% CPU
Optimizing NNI: done in 0.273964 secs using 794.1% CPU
Optimizing NNI: done in 0.135005 secs using 794.9% CPU
Optimizing NNI: done in 0.273959 secs using 794.8% CPU
Optimizing NNI: done in 0.26881 secs using 790% CPU
Optimizing NNI: done in 0.2691 secs using 791.8% CPU
Optimizing NNI: done in 0.372235 secs using 793.3% CPU
Optimizing NNI: done in 0.396222 secs using 793.9% CPU
Optimizing NNI: done in 0.264102 secs using 792.4% CPU
Optimizing NNI: done in 0.25897 secs using 793.1% CPU
Iteration 90 / LogL: -2658.162 / Time: 0h:0m:26s (0h:0m:16s left)
Optimizing NNI: done in 0.39265 secs using 792.1% CPU
Optimizing NNI: done in 0.489936 secs using 793.9% CPU
Optimizing NNI: done in 0.380304 secs using 792.7% CPU
Optimizing NNI: done in 0.354129 secs using 793.4% CPU
Optimizing NNI: done in 0.270314 secs using 794.1% CPU
Optimizing NNI: done in 0.261374 secs using 793.6% CPU
Optimizing NNI: done in 0.201358 secs using 793.4% CPU
Optimizing NNI: done in 0.256585 secs using 795.3% CPU
Optimizing NNI: done in 0.499593 secs using 792.3% CPU
Optimizing NNI: done in 0.271076 secs using 793.8% CPU
Iteration 100 / LogL: -2653.488 / Time: 0h:0m:29s (0h:0m:13s left)
Log-likelihood cutoff on original alignment: -2678.282
NOTE: Bootstrap correlation coefficient of split occurrence frequencies: 1.000
Optimizing NNI: done in 0.374623 secs using 791.4% CPU
Optimizing NNI: done in 0.200439 secs using 790.9% CPU
Optimizing NNI: done in 0.433891 secs using 793.8% CPU
Optimizing NNI: done in 0.441195 secs using 792.1% CPU
Optimizing NNI: done in 0.320509 secs using 793.8% CPU
Optimizing NNI: done in 0.203694 secs using 790.6% CPU
Optimizing NNI: done in 0.198343 secs using 795.9% CPU
Optimizing NNI: done in 0.27263 secs using 792.7% CPU
Optimizing NNI: done in 0.208741 secs using 795.2% CPU
Optimizing NNI: done in 0.331027 secs using 794.6% CPU
Iteration 110 / LogL: -2658.169 / Time: 0h:0m:32s (0h:0m:27s left)
Optimizing NNI: done in 0.380845 secs using 793.4% CPU
Optimizing NNI: done in 0.31148 secs using 792.3% CPU
Optimizing NNI: done in 0.449157 secs using 795.6% CPU
Optimizing NNI: done in 0.322106 secs using 795.5% CPU
Optimizing NNI: done in 0.363409 secs using 793.9% CPU
Optimizing NNI: done in 0.217642 secs using 790.5% CPU
Optimizing NNI: done in 0.26097 secs using 793.9% CPU
Optimizing NNI: done in 0.384387 secs using 791.4% CPU
Optimizing NNI: done in 0.191575 secs using 792.5% CPU
Optimizing NNI: done in 0.181737 secs using 792.1% CPU
Iteration 120 / LogL: -2680.700 / Time: 0h:0m:36s (0h:0m:24s left)
Optimizing NNI: done in 0.266609 secs using 792% CPU
Optimizing NNI: done in 0.24942 secs using 795.5% CPU
Optimizing NNI: done in 0.203198 secs using 792.6% CPU
Optimizing NNI: done in 0.267774 secs using 793.2% CPU
Optimizing NNI: done in 0.331058 secs using 793.8% CPU
Optimizing NNI: done in 0.411029 secs using 794.1% CPU
Optimizing NNI: done in 0.275408 secs using 792.7% CPU
Optimizing NNI: done in 0.309589 secs using 794.5% CPU
Optimizing NNI: done in 0.433195 secs using 793.6% CPU
Optimizing NNI: done in 0.400047 secs using 793.1% CPU
Iteration 130 / LogL: -2653.487 / Time: 0h:0m:39s (0h:0m:21s left)
Optimizing NNI: done in 0.210053 secs using 794.7% CPU
Optimizing NNI: done in 0.276063 secs using 793.4% CPU
Optimizing NNI: done in 0.357891 secs using 793.5% CPU
Optimizing NNI: done in 0.307597 secs using 790.9% CPU
Optimizing NNI: done in 0.200557 secs using 796.3% CPU
Optimizing NNI: done in 0.337655 secs using 792.1% CPU
Optimizing NNI: done in 0.205356 secs using 796.3% CPU
Optimizing NNI: done in 0.196037 secs using 789.7% CPU
Optimizing NNI: done in 0.30659 secs using 792.6% CPU
Optimizing NNI: done in 0.26984 secs using 794% CPU
Iteration 140 / LogL: -2653.488 / Time: 0h:0m:42s (0h:0m:18s left)
Optimizing NNI: done in 0.411808 secs using 794.7% CPU
Optimizing NNI: done in 0.203944 secs using 794.1% CPU
Optimizing NNI: done in 0.27597 secs using 791.6% CPU
Optimizing NNI: done in 0.366937 secs using 791.5% CPU
Optimizing NNI: done in 0.21249 secs using 791.3% CPU
Optimizing NNI: done in 0.344035 secs using 794.3% CPU
TREE SEARCH COMPLETED AFTER 146 ITERATIONS / Time: 0h:0m:44s

--------------------------------------------------------------------
|                    FINALIZING TREE SEARCH                        |
--------------------------------------------------------------------
Performs final model parameters optimization
Estimate model parameters (epsilon = 0.010)
1. Initial log-likelihood: -2653.481
Optimal log-likelihood: -2653.481
Gamma shape alpha: 0.197
Parameters optimization took 1 rounds (0.026 sec)
BEST SCORE FOUND : -2653.481
Creating bootstrap support values...
Split supports printed to NEXUS file results/per_year_unclustered/VicB/trees/VicB_2010_with_designs.splits.nex
Total tree length: 0.189

Total number of iterations: 146
CPU time used for tree search: 339.737 sec (0h:5m:39s)
Wall-clock time used for tree search: 43.626 sec (0h:0m:43s)
Total CPU time used: 343.209 sec (0h:5m:43s)
Total wall-clock time used: 44.317 sec (0h:0m:44s)

Computing bootstrap consensus tree...
Reading input file results/per_year_unclustered/VicB/trees/VicB_2010_with_designs.splits.nex...
84 taxa and 2618 splits.
Consensus tree written to results/per_year_unclustered/VicB/trees/VicB_2010_with_designs.contree
Reading input trees file results/per_year_unclustered/VicB/trees/VicB_2010_with_designs.contree
Log-likelihood of consensus tree: -2653.694

Analysis results written to: 
  IQ-TREE report:                results/per_year_unclustered/VicB/trees/VicB_2010_with_designs.iqtree
  Maximum-likelihood tree:       results/per_year_unclustered/VicB/trees/VicB_2010_with_designs.treefile
  Likelihood distances:          results/per_year_unclustered/VicB/trees/VicB_2010_with_designs.mldist

Ultrafast bootstrap approximation results written to:
  Split support values:          results/per_year_unclustered/VicB/trees/VicB_2010_with_designs.splits.nex
  Consensus tree:                results/per_year_unclustered/VicB/trees/VicB_2010_with_designs.contree
  Screen log file:               results/per_year_unclustered/VicB/trees/VicB_2010_with_designs.log

Date and Time: Sat Nov 22 10:53:39 2025
