IQ-TREE version 3.0.1 for Linux x86 64-bit built Jul  9 2025
Developed by Bui Quang Minh, Thomas Wong, Nhan Ly-Trong, Huaiyan Ren
Contributed by Lam-Tung Nguyen, Dominik Schrempf, Chris Bielow,
Olga Chernomor, Michael Woodhams, Diep Thi Hoang, Heiko Schmidt

Host:    rtis-hpc-r01.uod.otago.ac.nz (AVX2, FMA3, 1007 GB RAM)
Command: iqtree -s results/per_year_unclustered/VicB/alignments/VicB_2012_aligned.fasta -m LG+G4 -te results/per_year_unclustered/VicB/trees/VicB_2012.treefile -asr -pre results/per_year_unclustered/VicB/trees/VicB_2012_asr -redo -quiet
Seed:    790714 (Using SPRNG - Scalable Parallel Random Number Generator)
Time:    Sat Nov 22 10:26:22 2025
Kernel:  AVX+FMA - 1 threads (8 CPU cores detected)

HINT: Use -nt option to specify number of threads because your CPU has 8 cores!
HINT: -nt AUTO will automatically determine the best number of threads to use.

Reading alignment file results/per_year_unclustered/VicB/alignments/VicB_2012_aligned.fasta ... Fasta format detected
Reading fasta file: done in 0.00106171 secs using 73.47% CPU
Alignment most likely contains protein sequences
Constructing alignment: done in 0.000470141 secs using 99.97% CPU
Alignment has 122 sequences with 587 columns, 112 distinct patterns
37 parsimony-informative, 52 singleton sites, 498 constant sites
                                                            Gap/Ambiguity  Composition  p-value
Analyzing sequences: done in 2.71313e-05 secs using 99.52% CPU
   1  EPI401276|HA|B/Beijing-Chaoyang/1943/2012|EPI_ISL_131199|B    0.34%    passed    100.00%
   2  EPI406170|HA|B/GUNMA/19/2012|EPI_ISL_132211|B                 0.34%    passed    100.00%
   3  EPI406957|HA|B/Bangkok/282/2012|EPI_ISL_132487|B              0.34%    passed    100.00%
   4  EPI408664|HA|B/Prachuapkhirikhan/78/2012|EPI_ISL_133081|B     0.34%    passed    100.00%
   5  EPI408678|HA|B/Bangladesh/8007/2012|EPI_ISL_133088|B          0.34%    passed    100.00%
   6  EPI413192|HA|B/Laos/I612/2012|EPI_ISL_133550|B                0.34%    passed    100.00%
   7  EPI413196|HA|B/Laos/O020/2012|EPI_ISL_133554|B                0.34%    passed    100.00%
   8  EPI413200|HA|B/OKINAWA/38/2012|EPI_ISL_133558|B               0.34%    passed    100.00%
   9  EPI413204|HA|B/Laos/I418/2012|EPI_ISL_133562|B                0.34%    passed    100.00%
  10  EPI413203|HA|B/NAGANO/3470/2012|EPI_ISL_133561|B              0.34%    passed    100.00%
  11  EPI417330|HA|B/BANGKOK/29/2012|EPI_ISL_134483|B               0.34%    passed    100.00%
  12  EPI417749|HA|B/Jordan/30014/2012|EPI_ISL_134619|B             0.34%    passed    100.00%
  13  EPI422687|HA|B/Jiangsu-Hailing/1740/2012|EPI_ISL_135847|B     0.34%    passed    100.00%
  14  EPI422700|HA|B/Pakistan/1009/2012|EPI_ISL_135851|B            0.34%    passed    100.00%
  15  EPI422690|HA|B/Jiangsu-Tianning/1502/2012|EPI_ISL_135848|B    0.34%    passed    100.00%
  16  EPI431334|HA|B/Hong_Kong/3608/2012|EPI_ISL_137204|B           0.34%    passed    100.00%
  17  EPI431352|HA|B/Jordan/30465/2012|EPI_ISL_137213|B             0.34%    passed    100.00%
  18  EPI431465|HA|B/AICHI/48/2012|EPI_ISL_137257|B                 0.34%    passed    100.00%
  19  EPI439257|HA|B/Laos/992/2012|EPI_ISL_137524|B                 0.34%    passed    100.00%
  20  EPI378062|HA|B/Oman/65/2012|EPI_ISL_105782|B                  0.34%    passed    100.00%
  21  EPI356970|HA|B/WAKAYAMA/2/2012|EPI_ISL_106359|B               0.34%    passed    100.00%
  22  EPI356972|HA|B/MIE/1/2012|EPI_ISL_106361|B                    0.34%    passed    100.00%
  23  EPI356977|HA|B/KOBE/298/2012|EPI_ISL_106366|B                 0.34%    passed    100.00%
  24  EPI356982|HA|B/YOKOHAMA/4/2012|EPI_ISL_106371|B               0.34%    passed    100.00%
  25  EPI356981|HA|B/MIE/5/2012|EPI_ISL_106370|B                    0.34%    passed    100.00%
  26  EPI356984|HA|B/HYOGO/2014/2012|EPI_ISL_106373|B               0.34%    passed    100.00%
  27  EPI445758|HA|B/Laos/I999/2012|EPI_ISL_140287|B                0.34%    passed    100.00%
  28  EPI445967|HA|B/Tehran/1236/2012|EPI_ISL_140382|B              0.34%    passed    100.00%
  29  EPI450353|HA|B/PHILIPPINES/15/2012|EPI_ISL_141577|B           0.85%    passed    100.00%
  30  EPI460636|HA|B/Tehran/1236/2012|EPI_ISL_143607|B              0.34%    passed    100.00%
  31  EPI580451|HA|B/Vietnam/13V_B-1/2012|EPI_ISL_176843|B          0.34%    passed    100.00%
  32  EPI904280|HA|B/Georgia/741/2012|EPI_ISL_246827|B              0.34%    passed    100.00%
  33  EPI904279|HA|B/Georgia/655/2012|EPI_ISL_246826|B              0.34%    passed    100.00%
  34  EPI904304|HA|B/Hong_Kong/3534/2012|EPI_ISL_246851|B           0.34%    passed    100.00%
  35  EPI904301|HA|B/Hong_Kong/3496/2012|EPI_ISL_246848|B           0.34%    passed    100.00%
  36  EPI904305|HA|B/Hong_Kong/3546/2012|EPI_ISL_246852|B           0.34%    passed    100.00%
  37  EPI904404|HA|B/Jordan/20440/2012|EPI_ISL_246951|B             0.34%    passed    100.00%
  38  EPI367627|HA|B/GUNMA/7/2012|EPI_ISL_116149|B                  0.34%    passed    100.00%
  39  EPI367625|HA|B/NIIGATA/138/2012|EPI_ISL_116148|B              0.34%    passed    100.00%
  40  EPI368401|HA|B/Hubei-Jiangan/12/2012|EPI_ISL_117034|B         0.34%    passed    100.00%
  41  EPI375600|HA|B/OSAKA-C/1003/2012|EPI_ISL_121255|B             0.34%    passed    100.00%
  42  EPI375598|HA|B/YOKOHAMA/35/2012|EPI_ISL_121254|B              0.34%    passed    100.00%
  43  EPI377212|HA|B/KUMAMOTO-C/9/2012|EPI_ISL_121869|B             0.34%    passed    100.00%
  44  EPI377210|HA|B/KUMAMOTO/4/2012|EPI_ISL_121868|B               0.34%    passed    100.00%
  45  EPI377214|HA|B/KOBE/374/2012|EPI_ISL_121870|B                 0.34%    passed    100.00%
  46  EPI378244|HA|B/Laos/I008/2012|EPI_ISL_122183|B                0.34%    passed    100.00%
  47  EPI378243|HA|B/TOYAMA/13/2012|EPI_ISL_122182|B                0.34%    passed    100.00%
  48  EPI378248|HA|B/Laos/I071/2012|EPI_ISL_122187|B                0.34%    passed    100.00%
  49  EPI378250|HA|B/Laos/I117/2012|EPI_ISL_122189|B                0.34%    passed    100.00%
  50  EPI378251|HA|B/Laos/I118/2012|EPI_ISL_122190|B                0.34%    passed    100.00%
  51  EPI378254|HA|B/SHIMANE/16/2012|EPI_ISL_122192|B               0.34%    passed    100.00%
  52  EPI378258|HA|B/CHIBA-C/25/2012|EPI_ISL_122194|B               0.34%    passed    100.00%
  53  EPI378473|HA|B/SENDAI/20/2012|EPI_ISL_122329|B                0.34%    passed    100.00%
  54  EPI378485|HA|B/HYOGO/3041/2012|EPI_ISL_122335|B               0.34%    passed    100.00%
  55  EPI378495|HA|B/Taiwan/1353/2012|EPI_ISL_122340|B              0.34%    passed    100.00%
  56  EPI379548|HA|B/MALAYSIA/269/2012|EPI_ISL_122589|B             0.34%    passed    100.00%
  57  EPI379553|HA|B/NONTHABURI/45/2012|EPI_ISL_122591|B            0.34%    passed    100.00%
  58  EPI379551|HA|B/MALAYSIA/346/2012|EPI_ISL_122590|B             0.34%    passed    100.00%
  59  EPI379599|HA|B/MALAYSIA/212/2012|EPI_ISL_122602|B             0.34%    passed    100.00%
  60  EPI387449|HA|B/Georgia/498/2012|EPI_ISL_125838|B              0.34%    passed    100.00%
  61  EPI387724|HA|B/Bangladesh/6704/2012|EPI_ISL_125888|B          0.34%    passed    100.00%
  62  EPI387736|HA|B/Taiwan/1366/2012|EPI_ISL_125892|B              0.34%    passed    100.00%
  63  EPI2474362|HA|B/Hanoi/EL560/2012|EPI_ISL_17265037|B           0.34%    passed    100.00%
  64  EPI391321|HA|B/Hong_Kong/3553/2012|EPI_ISL_127861|B           0.34%    passed    100.00%
  65  EPI392581|HA|B/Hong_Kong/3514/2012|EPI_ISL_128122|B           0.34%    passed    100.00%
  66  EPI393486|HA|B/YAMAGATA/259/2012|EPI_ISL_128343|B             0.34%    passed    100.00%
  67  EPI393643|HA|B/Jilin-Chuanying/1417/2012|EPI_ISL_128383|B     0.34%    passed    100.00%
  68  EPI394363|HA|B/MALAYSIA/210/2012|EPI_ISL_128715|B             0.34%    passed    100.00%
  69  EPI394365|HA|B/MALAYSIA/283/2012|EPI_ISL_128716|B             0.34%    passed    100.00%
  70  EPI394399|HA|B/SINGAPORE/18/2012|EPI_ISL_128728|B             0.34%    passed    100.00%
  71  EPI397155|HA|B/Vietnam/61/2012|EPI_ISL_129561|B               0.34%    passed    100.00%
  72  EPI397583|HA|B/Bangladesh/1005/2012|EPI_ISL_129664|B          0.34%    passed    100.00%
  73  EPI405033|HA|B/Iowa/03/2012|EPI_ISL_131841|B                  0.34%    passed    100.00%
  74  EPI405050|HA|B/North_Dakota/01/2012|EPI_ISL_131847|B          0.34%    passed    100.00%
  75  EPI405042|HA|B/Minnesota/05/2012|EPI_ISL_131844|B             0.34%    passed    100.00%
  76  EPI406954|HA|B/Montana/05/2012|EPI_ISL_132486|B               0.34%    passed    100.00%
  77  EPI406961|HA|B/Montana/06/2012|EPI_ISL_132488|B               0.34%    passed    100.00%
  78  EPI406986|HA|B/Texas/20/2012|EPI_ISL_132496|B                 0.34%    passed    100.00%
  79  EPI407198|HA|B/Wisconsin/12/2012|EPI_ISL_132620|B             0.34%    passed    100.00%
  80  EPI416077|HA|B/Montana/05/2012|EPI_ISL_133987|B               0.34%    passed    100.00%
  81  EPI416101|HA|B/Wyoming/10/2012|EPI_ISL_133997|B               0.34%    passed    100.00%
  82  EPI417503|HA|B/Utah/17/2012|EPI_ISL_134545|B                  0.34%    passed    100.00%
  83  EPI417517|HA|B/Nebraska/12/2012|EPI_ISL_134550|B              0.34%    passed    100.00%
  84  EPI426462|HA|B/West_Virginia/01/2012|EPI_ISL_136471|B         0.34%    passed    100.00%
  85  EPI426467|HA|B/North_Dakota/04/2012|EPI_ISL_136474|B          0.34%    passed    100.00%
  86  EPI353958|HA|B/Delaware/01/2012|EPI_ISL_104023|B              0.34%    passed    100.00%
  87  EPI436307|HA|B/Utah/08/2012|EPI_ISL_138016|B                  0.34%    passed    100.00%
  88  EPI356000|HA|B/Florida/01/2012|EPI_ISL_105778|B               0.34%    passed    100.00%
  89  EPI356014|HA|B/Kansas/01/2012|EPI_ISL_105783|B                0.34%    passed    100.00%
  90  EPI358159|HA|B/Michigan/01/2012|EPI_ISL_107096|B              0.34%    passed    100.00%
  91  EPI454488|HA|B/Utah/08/2012|EPI_ISL_142590|B                  0.34%    passed    100.00%
  92  EPI363100|HA|B/Maine/01/2012|EPI_ISL_111441|B                 0.34%    passed    100.00%
  93  EPI368398|HA|B/New_Hampshire/04/2012|EPI_ISL_117033|B         0.34%    passed    100.00%
  94  EPI368416|HA|B/Vermont/02/2012|EPI_ISL_117039|B               0.34%    passed    100.00%
  95  EPI368749|HA|B/Indiana/01/2012|EPI_ISL_117373|B               0.34%    passed    100.00%
  96  EPI368761|HA|B/Texas/05/2012|EPI_ISL_117377|B                 0.34%    passed    100.00%
  97  EPI373036|HA|B/Florida/04/2012|EPI_ISL_120320|B               0.34%    passed    100.00%
  98  EPI373042|HA|B/Connecticut/01/2012|EPI_ISL_120322|B           0.34%    passed    100.00%
  99  EPI375594|HA|B/New_Hampshire/06/2012|EPI_ISL_121252|B         0.34%    passed    100.00%
 100  EPI376324|HA|B/Rhode_Island/02/2012|EPI_ISL_121427|B          0.34%    passed    100.00%
 101  EPI378059|HA|B/Utah/04/2012|EPI_ISL_122113|B                  0.34%    passed    100.00%
 102  EPI378056|HA|B/Wisconsin/07/2012|EPI_ISL_122112|B             0.34%    passed    100.00%
 103  EPI378151|HA|B/Wyoming/03/2012|EPI_ISL_122149|B               0.34%    passed    100.00%
 104  EPI386057|HA|B/Maryland/06/2012|EPI_ISL_124957|B              0.34%    passed    100.00%
 105  EPI387960|HA|B/Nevada/10/2012|EPI_ISL_125937|B                0.34%    passed    100.00%
 106  EPI393585|HA|B/Florida/22/2012|EPI_ISL_128364|B               0.34%    passed    100.00%
 107  EPI393600|HA|B/Alaska/12/2012|EPI_ISL_128369|B                0.34%    passed    100.00%
 108  EPI394698|HA|B/California/07/2012|EPI_ISL_128953|B            0.34%    passed    100.00%
 109  EPI763042|HA|B/South_Australia/36/2012|EPI_ISL_222251|B       0.34%    passed    100.00%
 110  EPI450395|HA|B/VICTORIA/832/2012|EPI_ISL_141591|B             0.34%    passed    100.00%
 111  EPI417342|HA|B/BRISBANE/55/2012|EPI_ISL_134487|B              0.34%    passed    100.00%
 112  EPI417333|HA|B/BRISBANE/140/2012|EPI_ISL_134484|B             0.34%    passed    100.00%
 113  EPI417426|HA|B/TASMANIA/51/2012|EPI_ISL_134518|B              0.34%    passed    100.00%
 114  EPI417435|HA|B/VICTORIA/18/2012|EPI_ISL_134521|B              0.34%    passed    100.00%
 115  EPI417447|HA|B/VICTORIA/824/2012|EPI_ISL_134525|B             0.34%    passed    100.00%
 116  EPI417459|HA|B/DARWIN/44/2012|EPI_ISL_134529|B                0.34%    passed    100.00%
 117  EPI394355|HA|B/CANBERRA/1/2012|EPI_ISL_128712|B               0.34%    passed    100.00%
 118  EPI394381|HA|B/CHRISTCHURCH/501/2012|EPI_ISL_128722|B         0.34%    passed    100.00%
 119  EPI394393|HA|B/SYDNEY/204/2012|EPI_ISL_128726|B               0.34%    passed    100.00%
 120  EPI394434|HA|B/PERTH/58/2012|EPI_ISL_128740|B                 0.00%    passed    100.00%
 121  EPI2120692|HA|B/Victoria/18/2012|EPI_ISL_14284938|B           0.34%    passed    100.00%
 122  EPI376908|HA|B/DARWIN/8/2012|EPI_ISL_121695|B                 0.34%    passed    100.00%
****  TOTAL                                                         0.34%  0 sequences failed composition chi2 test (p-value<5%; df=19)
Reading input tree file results/per_year_unclustered/VicB/trees/VicB_2012.treefile ...

NOTE: 9 MB RAM (0 GB) is required!
Estimate model parameters (epsilon = 0.010)
1. Initial log-likelihood: -3059.312
2. Current log-likelihood: -3036.633
3. Current log-likelihood: -3036.620
Optimal log-likelihood: -3036.620
Gamma shape alpha: 0.121
Parameters optimization took 3 rounds (0.506 sec)
Wrote distance file to... 
BEST SCORE FOUND : -3036.620
Ancestral state probabilities printed to results/per_year_unclustered/VicB/trees/VicB_2012_asr.state
Total tree length: 0.277

Total number of iterations: 0
CPU time used for tree search: 0.000 sec (0h:0m:0s)
Wall-clock time used for tree search: 0.000 sec (0h:0m:0s)
Total CPU time used: 0.956 sec (0h:0m:0s)
Total wall-clock time used: 1.105 sec (0h:0m:1s)

Analysis results written to: 
  IQ-TREE report:                results/per_year_unclustered/VicB/trees/VicB_2012_asr.iqtree
  Maximum-likelihood tree:       results/per_year_unclustered/VicB/trees/VicB_2012_asr.treefile
  Ancestral state:               results/per_year_unclustered/VicB/trees/VicB_2012_asr.state
  Screen log file:               results/per_year_unclustered/VicB/trees/VicB_2012_asr.log

Date and Time: Sat Nov 22 10:26:23 2025
