IQ-TREE version 3.0.1 for Linux x86 64-bit built Jul  9 2025
Developed by Bui Quang Minh, Thomas Wong, Nhan Ly-Trong, Huaiyan Ren
Contributed by Lam-Tung Nguyen, Dominik Schrempf, Chris Bielow,
Olga Chernomor, Michael Woodhams, Diep Thi Hoang, Heiko Schmidt

Host:    rtis-hpc-r01.uod.otago.ac.nz (AVX2, FMA3, 1007 GB RAM)
Command: iqtree -s results/per_year_unclustered/VicB/alignments/VicB_2018_aligned.fasta -m LG+G4 -te results/per_year_unclustered/VicB/trees/VicB_2018.treefile -asr -pre results/per_year_unclustered/VicB/trees/VicB_2018_asr -redo -quiet
Seed:    748410 (Using SPRNG - Scalable Parallel Random Number Generator)
Time:    Sat Nov 22 11:18:49 2025
Kernel:  AVX+FMA - 1 threads (8 CPU cores detected)

HINT: Use -nt option to specify number of threads because your CPU has 8 cores!
HINT: -nt AUTO will automatically determine the best number of threads to use.

Reading alignment file results/per_year_unclustered/VicB/alignments/VicB_2018_aligned.fasta ... Fasta format detected
Reading fasta file: done in 0.00148174 secs using 26.05% CPU
Alignment most likely contains protein sequences
Constructing alignment: done in 0.000705764 secs using 68.15% CPU
Alignment has 171 sequences with 585 columns, 146 distinct patterns
51 parsimony-informative, 72 singleton sites, 462 constant sites
                                                                    Gap/Ambiguity  Composition  p-value
Analyzing sequences: done in 3.85419e-05 secs using 98.59% CPU
   1  EPI1478730|HA|B/Guangdong-Nanshan/38/2018|EPI_ISL_362090|B            0.51%    passed    100.00%
   2  EPI1481607|HA|B/Fujian-Yanping/11948/2018|EPI_ISL_362484|B            0.00%    passed    100.00%
   3  EPI1481602|HA|B/Jiangxi-Qingshanhu/314/2018|EPI_ISL_362483|B          0.34%    passed    100.00%
   4  EPI1481721|HA|B/Guangdong-Nanshan/36/2018|EPI_ISL_362499|B            0.51%    passed    100.00%
   5  EPI1168572|HA|B/Beijing-Xicheng/111/2018|EPI_ISL_297015|B             0.00%    passed    100.00%
   6  EPI1168596|HA|B/Yunnan-Wenshan/11/2018|EPI_ISL_297023|B               0.51%    passed    100.00%
   7  EPI1168611|HA|B/Zhejiang-Yongkang/110/2018|EPI_ISL_297028|B           0.00%    passed    100.00%
   8  EPI1312040|HA|B/Quinghai-Gangcha/1209/2018|EPI_ISL_330061|B           0.00%    passed    100.00%
   9  EPI1312016|HA|B/Zhejiang-Haishu/1280/2018|EPI_ISL_330058|B            0.00%    passed    100.00%
  10  EPI1313482|HA|B/Qatar/10-VI-18-0043316/2018|EPI_ISL_330341|B          0.00%    passed    100.00%
  11  EPI1313486|HA|B/Qatar/10-VI-18-0043448/2018|EPI_ISL_330343|B          0.00%    passed    100.00%
  12  EPI1314847|HA|B/Guangxi-Lingshan/359/2018|EPI_ISL_330526|B            0.51%    passed    100.00%
  13  EPI1314811|HA|B/Hubei-Maojian/1219/2018|EPI_ISL_330521|B              0.51%    passed    100.00%
  14  EPI1314951|HA|B/Liaoning-Yinzhou/1202/2018|EPI_ISL_330540|B           0.00%    passed    100.00%
  15  EPI1315167|HA|B/Singapore/EN0025/2018|EPI_ISL_330587|B                0.00%    passed    100.00%
  16  EPI1315303|HA|B/Singapore/GP0346/2018|EPI_ISL_330605|B                0.00%    passed    100.00%
  17  EPI1315311|HA|B/Singapore/GP0423/2018|EPI_ISL_330606|B                0.00%    passed    100.00%
  18  EPI1318824|HA|B/Singapore/KK0248/2018|EPI_ISL_331209|B                0.34%    passed    100.00%
  19  EPI1318828|HA|B/Sri_Lanka/14/2018|EPI_ISL_331211|B                    0.34%    passed    100.00%
  20  EPI1318826|HA|B/Singapore/KK0234/2018|EPI_ISL_331210|B                0.34%    passed    100.00%
  21  EPI1328985|HA|B/Oman/6271/2018|EPI_ISL_332869|B                       0.00%    passed    100.00%
  22  EPI1329001|HA|B/Oman/5112/2018|EPI_ISL_332878|B                       0.00%    passed    100.00%
  23  EPI4413679|HA|B/Shandong-Huancui/1162/2018|EPI_ISL_19896587|B         0.00%    passed    100.00%
  24  EPI1503829|HA|B/Macao/604456/2018|EPI_ISL_367120|B                    0.00%    passed    100.00%
  25  EPI1339141|HA|B/Yunnan-Gucheng/1928/2018|EPI_ISL_334533|B             0.00%    passed    100.00%
  26  EPI1339147|HA|B/Fujian-Huli/364/2018|EPI_ISL_334535|B                 0.34%    passed    100.00%
  27  EPI1339165|HA|B/Yunnan-Simao/1987/2018|EPI_ISL_334541|B               0.00%    passed    100.00%
  28  EPI1339162|HA|B/Jiangsu-Hailing/11678/2018|EPI_ISL_334540|B           0.00%    passed    100.00%
  29  EPI1339378|HA|B/Jiangsu-Chongchuan/11613/2018|EPI_ISL_334612|B        0.00%    passed    100.00%
  30  EPI1339408|HA|B/Beijing-Xicheng/1121/2018|EPI_ISL_334622|B            0.00%    passed    100.00%
  31  EPI1340200|HA|B/Yunnan-Linxiang/1650/2018|EPI_ISL_334886|B            0.00%    passed    100.00%
  32  EPI1340221|HA|B/Guizhou-Douyun/11123/2018|EPI_ISL_334893|B            0.00%    passed    100.00%
  33  EPI1340212|HA|B/Guangdong-Duanzhou/155/2018|EPI_ISL_334890|B          0.00%    passed    100.00%
  34  EPI1340233|HA|B/Guangxi-Babu/1158/2018|EPI_ISL_334897|B               0.00%    passed    100.00%
  35  EPI1192404|HA|B/NIIGATA-C/1/2018|EPI_ISL_302262|B                     0.00%    passed    100.00%
  36  EPI1340614|HA|B/Hunan-Heshan/1194/2018|EPI_ISL_335024|B               0.00%    passed    100.00%
  37  EPI1340623|HA|B/Sichuan-Chuanshan/12302/2018|EPI_ISL_335027|B         0.00%    passed    100.00%
  38  EPI1341071|HA|B/Shanghai-Songjiang/1151/2018|EPI_ISL_335175|B         0.00%    passed    100.00%
  39  EPI1341056|HA|B/Beijing-Xicheng/1121/2018|EPI_ISL_335170|B            0.00%    passed    100.00%
  40  EPI1341077|HA|B/Hebei-Cixian/149/2018|EPI_ISL_335177|B                0.00%    passed    100.00%
  41  EPI1341074|HA|B/Guangdong-Zhenjiang/152/2018|EPI_ISL_335176|B         0.00%    passed    100.00%
  42  EPI1351158|HA|B/Henan-Zhaoling/8380/2018|EPI_ISL_336840|B             0.51%    passed    100.00%
  43  EPI1351233|HA|B/Sichuan-Tianfuxin/55/2018|EPI_ISL_336865|B            0.51%    passed    100.00%
  44  EPI1352996|HA|B/Anhui-Tianjiaan/1911/2018|EPI_ISL_337300|B            0.51%    passed    100.00%
  45  EPI1352990|HA|B/Anhui-Tianjiaan/1933/2018|EPI_ISL_337298|B            0.51%    passed    100.00%
  46  EPI1208370|HA|B/EHIME/28/2018|EPI_ISL_305413|B                        0.34%    passed    100.00%
  47  EPI1208364|HA|B/NIIGATA/173/2018|EPI_ISL_305410|B                     0.00%    passed    100.00%
  48  EPI1356254|HA|B/Hong_Kong/1404/2018|EPI_ISL_338513|B                  0.00%    passed    100.00%
  49  EPI1359277|HA|B/Sri_Lanka/34/2018|EPI_ISL_339111|B                    0.34%    passed    100.00%
  50  EPI1359297|HA|B/Malaysia/RP4021/2018|EPI_ISL_339121|B                 0.00%    passed    100.00%
  51  EPI1359339|HA|B/Malaysia/RP1663/2018|EPI_ISL_339142|B                 0.00%    passed    100.00%
  52  EPI1359367|HA|B/Malaysia/RP1657/2018|EPI_ISL_339156|B                 0.00%    passed    100.00%
  53  EPI1359373|HA|B/Malaysia/RP2326/2018|EPI_ISL_339159|B                 0.00%    passed    100.00%
  54  EPI1359371|HA|B/Malaysia/RP1676/2018|EPI_ISL_339158|B                 0.00%    passed    100.00%
  55  EPI1359381|HA|B/Malaysia/RP3303/2018|EPI_ISL_339163|B                 0.00%    passed    100.00%
  56  EPI1359945|HA|B/Cambodia/c1217373/2018|EPI_ISL_339333|B               0.00%    passed    100.00%
  57  EPI1359943|HA|B/Cambodia/c1115381/2018|EPI_ISL_339332|B               0.00%    passed    100.00%
  58  EPI1367101|HA|B/Singapore/KK1097/2018|EPI_ISL_340875|B                0.00%    passed    100.00%
  59  EPI1370215|HA|B/Istanbul/2051/2018|EPI_ISL_341349|B                   0.34%    passed    100.00%
  60  EPI1239507|HA|B/Kazakhstan/346/2018|EPI_ISL_311600|B                  0.34%    passed    100.00%
  61  EPI1239577|HA|B/Oman/1144/2018|EPI_ISL_311609|B                       0.00%    passed    100.00%
  62  EPI1381171|HA|B/TOKUSHIMA/19/2018|EPI_ISL_344414|B                    0.34%    passed    100.00%
  63  EPI1381162|HA|B/Guangdong-Nanshan/2018-33566/2018|EPI_ISL_344411|B    0.51%    passed    100.00%
  64  EPI1244548|HA|B/NAGASAKI/635/2018|EPI_ISL_312687|B                    0.00%    passed    100.00%
  65  EPI1244556|HA|B/AICHI/68/2018|EPI_ISL_312688|B                        0.00%    passed    100.00%
  66  EPI1244652|HA|B/AICHI/152/2018|EPI_ISL_312700|B                       0.00%    passed    100.00%
  67  EPI1246716|HA|B/Oman/2016/2018|EPI_ISL_313079|B                       0.00%    passed    100.00%
  68  EPI1386501|HA|B/Bahrain/652/2018|EPI_ISL_346146|B                     0.00%    passed    100.00%
  69  EPI1252229|HA|B/Singapore/KK0248/2018|EPI_ISL_314068|B                0.34%    passed    100.00%
  70  EPI1252291|HA|B/Hong_Kong/179/2018|EPI_ISL_314100|B                   0.51%    passed    100.00%
  71  EPI1252305|HA|B/Hong_Kong/1281/2018|EPI_ISL_314108|B                  0.00%    passed    100.00%
  72  EPI1254247|HA|B/Zhejiang-Wuxin/113/2018|EPI_ISL_314480|B              0.00%    passed    100.00%
  73  EPI1393949|HA|B/Hong_Kong/1412/2018|EPI_ISL_347643|B                  0.34%    passed    100.00%
  74  EPI1256104|HA|B/Jordan/20222/2018|EPI_ISL_314934|B                    0.00%    passed    100.00%
  75  EPI1256108|HA|B/Jordan/20272/2018|EPI_ISL_314936|B                    0.00%    passed    100.00%
  76  EPI1399113|HA|B/Newcastle/62/2018|EPI_ISL_348591|B                    0.34%    passed    100.00%
  77  EPI1259601|HA|B/Bahrain/323/2018|EPI_ISL_315837|B                     0.00%    passed    100.00%
  78  EPI1260481|HA|B/KOCHI/130/2018|EPI_ISL_316142|B                       0.34%    passed    100.00%
  79  EPI1260475|HA|B/KAGAWA/18162/2018|EPI_ISL_316139|B                    0.34%    passed    100.00%
  80  EPI1265876|HA|B/Hong_Kong/1294/2018|EPI_ISL_319668|B                  0.00%    passed    100.00%
  81  EPI1425249|HA|B/WAKAYAMA/116/2018|EPI_ISL_352908|B                    0.00%    passed    100.00%
  82  EPI1428943|HA|B/Bangladesh/9014/2018|EPI_ISL_353580|B                 0.00%    passed    100.00%
  83  EPI1273322|HA|B/India/2250/2018|EPI_ISL_321153|B                      0.00%    passed    100.00%
  84  EPI1273378|HA|B/India/4710/2018|EPI_ISL_321160|B                      0.00%    passed    100.00%
  85  EPI1273655|HA|B/India/2456/2018|EPI_ISL_321195|B                      0.00%    passed    100.00%
  86  EPI1274912|HA|B/Cambodia/c0625449/2018|EPI_ISL_321460|B               0.51%    passed    100.00%
  87  EPI1278107|HA|B/India/4194/2018|EPI_ISL_321982|B                      0.00%    passed    100.00%
  88  EPI1278447|HA|B/India/4678/2018|EPI_ISL_322025|B                      0.00%    passed    100.00%
  89  EPI1442780|HA|B/Guangdong-Nanshan/38/2018|EPI_ISL_356319|B            0.51%    passed    100.00%
  90  EPI1443579|HA|B/Taiwan/00290/2018|EPI_ISL_356443|B                    0.34%    passed    100.00%
  91  EPI1452907|HA|B/Malaysia/RP4383/2018|EPI_ISL_358603|B                 0.00%    passed    100.00%
  92  EPI1594702|HA|B/Singapore/TT1119/2018|EPI_ISL_391617|B                0.00%    passed    100.00%
  93  EPI1165331|HA|B/Minnesota/01/2018|EPI_ISL_296359|B                    0.34%    passed    100.00%
  94  EPI1167264|HA|B/Virginia/02/2018|EPI_ISL_296647|B                     0.34%    passed    100.00%
  95  EPI1312153|HA|B/Wisconsin/22/2018|EPI_ISL_330075|B                    0.34%    passed    100.00%
  96  EPI1315023|HA|B/Hawaii/26/2018|EPI_ISL_330549|B                       0.00%    passed    100.00%
  97  EPI1182381|HA|B/Maine/06/2018|EPI_ISL_300138|B                        0.00%    passed    100.00%
  98  EPI1186431|HA|B/Hawaii/04/2018|EPI_ISL_300928|B                       0.34%    passed    100.00%
  99  EPI1196595|HA|B/New_York/03/2018|EPI_ISL_303007|B                     0.34%    passed    100.00%
 100  EPI1196643|HA|B/Maine/08/2018|EPI_ISL_303013|B                        0.34%    passed    100.00%
 101  EPI1196729|HA|B/Florida/10/2018|EPI_ISL_303026|B                      0.34%    passed    100.00%
 102  EPI1196781|HA|B/Maryland/04/2018|EPI_ISL_303034|B                     0.34%    passed    100.00%
 103  EPI1348272|HA|B/New_Mexico/16/2018|EPI_ISL_336471|B                   0.34%    passed    100.00%
 104  EPI1202475|HA|B/North_Carolina/12/2018|EPI_ISL_304342|B               0.34%    passed    100.00%
 105  EPI1202623|HA|B/Pennsylvania/06/2018|EPI_ISL_304361|B                 0.34%    passed    100.00%
 106  EPI1206337|HA|B/Idaho/08/2018|EPI_ISL_305118|B                        0.34%    passed    100.00%
 107  EPI1206656|HA|B/Hawaii/12/2018|EPI_ISL_305158|B                       0.34%    passed    100.00%
 108  EPI1206828|HA|B/Utah/08/2018|EPI_ISL_305180|B                         0.34%    passed    100.00%
 109  EPI1206812|HA|B/Florida/14/2018|EPI_ISL_305178|B                      0.34%    passed    100.00%
 110  EPI1210369|HA|B/Colorado/08/2018|EPI_ISL_305860|B                     0.34%    passed    100.00%
 111  EPI1210473|HA|B/Florida/17/2018|EPI_ISL_305873|B                      0.00%    passed    100.00%
 112  EPI1210545|HA|B/Virginia/06/2018|EPI_ISL_305882|B                     0.34%    passed    100.00%
 113  EPI1211949|HA|B/Oregon/11/2018|EPI_ISL_306159|B                       0.00%    passed    100.00%
 114  EPI1211909|HA|B/Washington/22/2018|EPI_ISL_306154|B                   0.00%    passed    100.00%
 115  EPI1214609|HA|B/Arizona/15/2018|EPI_ISL_306822|B                      0.34%    passed    100.00%
 116  EPI1214665|HA|B/Arizona/12/2018|EPI_ISL_306829|B                      0.00%    passed    100.00%
 117  EPI1530792|HA|B/Massachusetts/7289/2018|EPI_ISL_373137|B              0.34%    passed    100.00%
 118  EPI1530794|HA|B/Mississippi/7291/2018|EPI_ISL_373139|B                0.34%    passed    100.00%
 119  EPI1531129|HA|B/South_Carolina/7323/2018|EPI_ISL_373172|B             0.34%    passed    100.00%
 120  EPI1220756|HA|B/Connecticut/20/2018|EPI_ISL_307779|B                  0.34%    passed    100.00%
 121  EPI1220892|HA|B/West_Virginia/21/2018|EPI_ISL_307796|B                0.34%    passed    100.00%
 122  EPI1225782|HA|B/West_Virginia/15/2018|EPI_ISL_309108|B                0.34%    passed    100.00%
 123  EPI1225854|HA|B/Minnesota/14/2018|EPI_ISL_309117|B                    0.34%    passed    100.00%
 124  EPI1225934|HA|B/New_York/11/2018|EPI_ISL_309127|B                     0.34%    passed    100.00%
 125  EPI1226014|HA|B/Florida/20/2018|EPI_ISL_309137|B                      0.00%    passed    100.00%
 126  EPI1228814|HA|B/Arizona/22/2018|EPI_ISL_309663|B                      0.34%    passed    100.00%
 127  EPI1228933|HA|B/Maryland/22/2018|EPI_ISL_309679|B                     0.34%    passed    100.00%
 128  EPI1229004|HA|B/Ohio/10/2018|EPI_ISL_309688|B                         0.34%    passed    100.00%
 129  EPI1229086|HA|B/Arizona/24/2018|EPI_ISL_309699|B                      0.00%    passed    100.00%
 130  EPI1229190|HA|B/Oklahoma/12/2018|EPI_ISL_309712|B                     0.34%    passed    100.00%
 131  EPI1239248|HA|B/Minnesota/15/2018|EPI_ISL_311567|B                    0.34%    passed    100.00%
 132  EPI1239371|HA|B/Maryland/23/2018|EPI_ISL_311583|B                     0.34%    passed    100.00%
 133  EPI1239333|HA|B/Massachusetts/13/2018|EPI_ISL_311578|B                0.34%    passed    100.00%
 134  EPI1239419|HA|B/Pennsylvania/10/2018|EPI_ISL_311589|B                 0.34%    passed    100.00%
 135  EPI3125328|HA|B/USA/PV01564/2018|EPI_ISL_18989086|B                   0.00%    passed    100.00%
 136  EPI3125607|HA|B/USA/PV01317/2018|EPI_ISL_18989121|B                   0.34%    passed    100.00%
 137  EPI1246648|HA|B/West_Virginia/26/2018|EPI_ISL_313070|B                0.34%    passed    100.00%
 138  EPI1246696|HA|B/Minnesota/20/2018|EPI_ISL_313076|B                    0.34%    passed    100.00%
 139  EPI1246672|HA|B/North_Carolina/24/2018|EPI_ISL_313073|B               0.34%    passed    100.00%
 140  EPI1247593|HA|B/Connecticut/31/2018|EPI_ISL_313080|B                  0.34%    passed    100.00%
 141  EPI1246795|HA|B/New_York/18/2018|EPI_ISL_313090|B                     0.34%    passed    100.00%
 142  EPI1247769|HA|B/Minnesota/17/2018|EPI_ISL_313215|B                    0.34%    passed    100.00%
 143  EPI1386557|HA|B/Montana/34/2018|EPI_ISL_346153|B                      0.34%    passed    100.00%
 144  EPI1249578|HA|B/Utah/18/2018|EPI_ISL_313609|B                         0.34%    passed    100.00%
 145  EPI1253937|HA|B/New_Hampshire/11/2018|EPI_ISL_314437|B                0.34%    passed    100.00%
 146  EPI1254010|HA|B/Pennsylvania/32/2018|EPI_ISL_314447|B                 0.34%    passed    100.00%
 147  EPI1254015|HA|B/New_Jersey/16/2018|EPI_ISL_314448|B                   0.34%    passed    100.00%
 148  EPI1565117|HA|B/North_Carolina/6932/2018|EPI_ISL_381208|B             0.34%    passed    100.00%
 149  EPI1259663|HA|B/Hawaii/22/2018|EPI_ISL_315845|B                       0.34%    passed    100.00%
 150  EPI1262424|HA|B/Florida/39/2018|EPI_ISL_316752|B                      0.51%    passed    100.00%
 151  EPI1272479|HA|B/Hawaii/25/2018|EPI_ISL_320938|B                       0.34%    passed    100.00%
 152  EPI3139475|HA|B/Michigan/UOMMH19030/2018|EPI_ISL_18999069|B           0.34%    passed    100.00%
 153  EPI1450022|HA|B/Michigan/34/2018|EPI_ISL_358232|B                     0.34%    passed    100.00%
 154  EPI1450419|HA|B/Texas/51/2018|EPI_ISL_358283|B                        0.34%    passed    100.00%
 155  EPI1450542|HA|B/Pennsylvania/24/2018|EPI_ISL_358299|B                 0.34%    passed    100.00%
 156  EPI1451236|HA|B/Wisconsin/07/2018|EPI_ISL_358388|B                    0.00%    passed    100.00%
 157  EPI1269311|HA|B/Wellington/1/2018|EPI_ISL_320425|B                    0.34%    passed    100.00%
 158  EPI1269312|HA|B/South_Auckland/8/2018|EPI_ISL_320426|B                0.00%    passed    100.00%
 159  EPI1244836|HA|B/Sydney/16/2018|EPI_ISL_312759|B                       0.00%    passed    100.00%
 160  EPI1274908|HA|B/Brisbane/23/2018|EPI_ISL_321458|B                     0.00%    passed    100.00%
 161  EPI1358521|HA|B/Victoria/705/2018|EPI_ISL_338963|B                    0.51%    passed    100.00%
 162  EPI1359293|HA|B/Newcastle/64/2018|EPI_ISL_339119|B                    0.34%    passed    100.00%
 163  EPI1283077|HA|B/Sydney/700/2018|EPI_ISL_323030|B                      0.00%    passed    100.00%
 164  EPI1618287|HA|B/Brisbane/35/2018|EPI_ISL_397066|B                     0.51%    passed    100.00%
 165  EPI1322805|HA|B/Timor-Leste/64/2018|EPI_ISL_331825|B                  0.00%    passed    100.00%
 166  EPI1365801|HA|B/Timor-Leste/41/2018|EPI_ISL_340436|B                  0.00%    passed    100.00%
 167  EPI1365783|HA|B/Timor-Leste/31/2018|EPI_ISL_340433|B                  0.00%    passed    100.00%
 168  EPI1365793|HA|B/Timor-Leste/40/2018|EPI_ISL_340435|B                  0.00%    passed    100.00%
 169  EPI1365821|HA|B/Timor-Leste/22/2018|EPI_ISL_340440|B                  0.00%    passed    100.00%
 170  EPI1629575|HA|B/Victoria/705/2018|EPI_ISL_398589|B                    0.51%    passed    100.00%
 171  EPI1370385|HA|B/Victoria/2044/2018|EPI_ISL_341437|B                   0.51%    passed    100.00%
****  TOTAL                                                                 0.20%  0 sequences failed composition chi2 test (p-value<5%; df=19)
Reading input tree file results/per_year_unclustered/VicB/trees/VicB_2018.treefile ...

NOTE: 17 MB RAM (0 GB) is required!
Estimate model parameters (epsilon = 0.010)
1. Initial log-likelihood: -3598.378
2. Current log-likelihood: -3578.877
Optimal log-likelihood: -3578.877
Gamma shape alpha: 0.230
Parameters optimization took 2 rounds (0.650 sec)
Wrote distance file to... 
BEST SCORE FOUND : -3578.877
Ancestral state probabilities printed to results/per_year_unclustered/VicB/trees/VicB_2018_asr.state
Total tree length: 0.391

Total number of iterations: 0
CPU time used for tree search: 0.000 sec (0h:0m:0s)
Wall-clock time used for tree search: 0.000 sec (0h:0m:0s)
Total CPU time used: 1.286 sec (0h:0m:1s)
Total wall-clock time used: 1.454 sec (0h:0m:1s)

Analysis results written to: 
  IQ-TREE report:                results/per_year_unclustered/VicB/trees/VicB_2018_asr.iqtree
  Maximum-likelihood tree:       results/per_year_unclustered/VicB/trees/VicB_2018_asr.treefile
  Ancestral state:               results/per_year_unclustered/VicB/trees/VicB_2018_asr.state
  Screen log file:               results/per_year_unclustered/VicB/trees/VicB_2018_asr.log

Date and Time: Sat Nov 22 11:18:51 2025
