IQ-TREE version 3.0.1 for Linux x86 64-bit built Jul  9 2025
Developed by Bui Quang Minh, Thomas Wong, Nhan Ly-Trong, Huaiyan Ren
Contributed by Lam-Tung Nguyen, Dominik Schrempf, Chris Bielow,
Olga Chernomor, Michael Woodhams, Diep Thi Hoang, Heiko Schmidt

Host:    rtis-hpc-r01.uod.otago.ac.nz (AVX2, FMA3, 1007 GB RAM)
Command: iqtree -s results/per_year_unclustered/VicB/alignments/VicB_2014_with_designs.fasta -m LG+G4 -bb 1000 -nt 8 -pre results/per_year_unclustered/VicB/trees/VicB_2014_with_designs -redo -quiet
Seed:    82791 (Using SPRNG - Scalable Parallel Random Number Generator)
Time:    Sat Nov 22 10:29:37 2025
Kernel:  AVX+FMA - 8 threads (8 CPU cores detected)

Reading alignment file results/per_year_unclustered/VicB/alignments/VicB_2014_with_designs.fasta ... Fasta format detected
Reading fasta file: done in 0.000905388 secs using 69.8% CPU
Alignment most likely contains protein sequences
Constructing alignment: done in 0.000480309 secs using 97.44% CPU
Alignment has 92 sequences with 585 columns, 109 distinct patterns
31 parsimony-informative, 56 singleton sites, 498 constant sites
                                                                             Gap/Ambiguity  Composition  p-value
Analyzing sequences: done in 2.16896e-05 secs using 92.21% CPU
   1  EPI534678|HA|B/Taiwan/113/2014|EPI_ISL_163842|B                                0.00%    passed    100.00%
   2  EPI534674|HA|B/TOCHIGI/14215/2014|EPI_ISL_163840|B                             0.00%    passed    100.00%
   3  EPI534676|HA|B/Taiwan/63/2014|EPI_ISL_163841|B                                 0.00%    passed    100.00%
   4  EPI534684|HA|B/Taiwan/190/2014|EPI_ISL_163845|B                                0.00%    passed    100.00%
   5  EPI536445|HA|B/Hong_Kong/3298/2014|EPI_ISL_164278|B                            0.00%    passed    100.00%
   6  EPI536528|HA|B/Korea/2934/2014|EPI_ISL_164317|B                                0.00%    passed    100.00%
   7  EPI537796|HA|B/HAMAMATU-C/14166/2014|EPI_ISL_164692|B                          0.00%    passed    100.00%
   8  EPI537798|HA|B/AICHI/51/2014|EPI_ISL_164693|B                                  0.00%    passed    100.00%
   9  EPI538107|HA|B/Guangdong-Zhongshan/1465/2014|EPI_ISL_164862|B                  0.00%    passed    100.00%
  10  EPI538128|HA|B/Shanghai-Xuhui/1172/2014|EPI_ISL_164869|B                       0.00%    passed    100.00%
  11  EPI538171|HA|B/Bangladesh/6784/2014|EPI_ISL_164883|B                           0.00%    passed    100.00%
  12  EPI538167|HA|B/Bangladesh/2004/2014|EPI_ISL_164881|B                           0.00%    passed    100.00%
  13  EPI541285|HA|B/MALAYSIA/6/2014|EPI_ISL_166179|B                                0.00%    passed    100.00%
  14  EPI541302|HA|B/Ulaanbaatar/1113/2014|EPI_ISL_166186|B                          0.00%    passed    100.00%
  15  EPI541304|HA|B/MALAYSIA/2/2014|EPI_ISL_166187|B                                0.00%    passed    100.00%
  16  EPI541366|HA|B/CHIANG_RAI/273/2014|EPI_ISL_166202|B                            0.00%    passed    100.00%
  17  EPI541356|HA|B/Sainshand/1750/2014|EPI_ISL_166201|B                            0.00%    passed    100.00%
  18  EPI544148|HA|B/NAGANO/2340/2014|EPI_ISL_166902|B                               0.00%    passed    100.00%
  19  EPI544150|HA|B/WAKAYAMA/128/2014|EPI_ISL_166903|B                              0.00%    passed    100.00%
  20  EPI544162|HA|B/GIFU/13/2014|EPI_ISL_166909|B                                   0.00%    passed    100.00%
  21  EPI544174|HA|B/Laos/I136/2014|EPI_ISL_166915|B                                 0.00%    passed    100.00%
  22  EPI544176|HA|B/Laos/I143/2014|EPI_ISL_166916|B                                 0.00%    passed    100.00%
  23  EPI544234|HA|B/Indonesia/Nihrdi-Dps_1144/2014|EPI_ISL_166945|B                 0.00%    passed    100.00%
  24  EPI551292|HA|B/PHILIPPINES/3/2014|EPI_ISL_168820|B                             0.51%    passed    100.00%
  25  EPI552528|HA|B/Bangladesh/2429/2014|EPI_ISL_169183|B                           0.00%    passed    100.00%
  26  EPI554766|HA|B/Fujian-Sanyuan/2669/2014|EPI_ISL_169695|B                       0.00%    passed    100.00%
  27  EPI554778|HA|B/HK/3513/2014|EPI_ISL_169699|B                                   0.00%    passed    100.00%
  28  EPI554769|HA|B/Liaoning-Heping/1380/2014|EPI_ISL_169696|B                      0.00%    passed    100.00%
  29  EPI2186922|HA|B/Khentii/1137/2014|EPI_ISL_15146351|B                           0.00%    passed    100.00%
  30  EPI2186920|HA|B/Hanoi/ELI14309/2014|EPI_ISL_15146350|B                         0.00%    passed    100.00%
  31  EPI2187288|HA|B/Singapore/GP132/2014|EPI_ISL_15146513|B                        0.00%    passed    100.00%
  32  EPI562188|HA|B/Jiangxi-Yushui/11102/2014|EPI_ISL_171898|B                      0.00%    passed    100.00%
  33  EPI562197|HA|B/Heilongjiang-Aihui/1697/2014|EPI_ISL_171901|B                   0.00%    passed    100.00%
  34  EPI565143|HA|B/Nonthaburi/373/2014|EPI_ISL_172670|B                            0.00%    passed    100.00%
  35  EPI569746|HA|B/Kyoto/13SK056/2014|EPI_ISL_173951|B                             0.00%    passed    100.00%
  36  EPI581792|HA|B/CHIBA-C/75/2014|EPI_ISL_177025|B                                0.00%    passed    100.00%
  37  EPI1399073|HA|B/Taiwan/81576/2014|EPI_ISL_348554|B                             0.00%    passed    100.00%
  38  EPI505325|HA|B/Cankiri/226/2014|EPI_ISL_155948|B                               0.00%    passed    100.00%
  39  EPI516367|HA|B/FUKUI/2/2014|EPI_ISL_159367|B                                   0.00%    passed    100.00%
  40  EPI516381|HA|B/WAKAYAMA/14/2014|EPI_ISL_159374|B                               0.00%    passed    100.00%
  41  EPI516383|HA|B/SHIZUOKA-C/7/2014|EPI_ISL_159375|B                              0.00%    passed    100.00%
  42  EPI516397|HA|B/ISHIKAWA/56/2014|EPI_ISL_159382|B                               0.00%    passed    100.00%
  43  EPI516407|HA|B/TOYAMA/6/2014|EPI_ISL_159387|B                                  0.00%    passed    100.00%
  44  EPI516413|HA|B/Vietnam/11702/2014|EPI_ISL_159390|B                             0.00%    passed    100.00%
  45  EPI530550|HA|B/MIYAGI/22/2014|EPI_ISL_162079|B                                 0.00%    passed    100.00%
  46  EPI532998|HA|B/OKAYAMA/8/2014|EPI_ISL_163181|B                                 0.00%    passed    100.00%
  47  EPI536537|HA|B/California/18/2014|EPI_ISL_164320|B                             0.00%    passed    100.00%
  48  EPI538179|HA|B/Hawaii/07/2014|EPI_ISL_164887|B                                 0.00%    passed    100.00%
  49  EPI541682|HA|B/North_Carolina/06/2014|EPI_ISL_166311|B                         0.00%    passed    100.00%
  50  EPI544228|HA|B/Hawaii/24/2014|EPI_ISL_166942|B                                 0.00%    passed    100.00%
  51  EPI544246|HA|B/Hawaii/24/2014|EPI_ISL_166952|B                                 0.00%    passed    100.00%
  52  EPI550817|HA|B/Florida/44/2014|EPI_ISL_168682|B                                0.00%    passed    100.00%
  53  EPI550813|HA|B/Hawaii/25/2014|EPI_ISL_168680|B                                 0.00%    passed    100.00%
  54  EPI552451|HA|B/Arkansas/02/2014|EPI_ISL_169147|B                               0.00%    passed    100.00%
  55  EPI552470|HA|B/Texas/28/2014|EPI_ISL_169156|B                                  0.00%    passed    100.00%
  56  EPI552494|HA|B/Hawaii/34/2014|EPI_ISL_169167|B                                 0.00%    passed    100.00%
  57  EPI552518|HA|B/Florida/45/2014|EPI_ISL_169178|B                                0.00%    passed    100.00%
  58  EPI556416|HA|B/Missouri/03/2014|EPI_ISL_170074|B                               0.00%    passed    100.00%
  59  EPI556792|HA|B/Louisiana/14/2014|EPI_ISL_170139|B                              0.00%    passed    100.00%
  60  EPI556770|HA|B/Wisconsin/13/2014|EPI_ISL_170142|B                              0.00%    passed    100.00%
  61  EPI562661|HA|B/Ohio/04/2014|EPI_ISL_172205|B                                   0.00%    passed    100.00%
  62  EPI565113|HA|B/Louisiana/15/2014|EPI_ISL_172665|B                              0.00%    passed    100.00%
  63  EPI568820|HA|B/Alabama/05/2014|EPI_ISL_173752|B                                0.00%    passed    100.00%
  64  EPI569058|HA|B/North_Dakota/02/2014|EPI_ISL_173808|B                           0.00%    passed    100.00%
  65  EPI569157|HA|B/Texas/34/2014|EPI_ISL_173827|B                                  0.00%    passed    100.00%
  66  EPI508413|HA|B/Hawaii/02/2014|EPI_ISL_157032|B                                 0.00%    passed    100.00%
  67  EPI510090|HA|B/California/02/2014|EPI_ISL_157843|B                             0.00%    passed    100.00%
  68  EPI510095|HA|B/Maryland/01/2014|EPI_ISL_157845|B                               0.00%    passed    100.00%
  69  EPI515502|HA|B/California/04/2014|EPI_ISL_158949|B                             0.00%    passed    100.00%
  70  EPI515528|HA|B/Florida/04/2014|EPI_ISL_158955|B                                0.00%    passed    100.00%
  71  EPI515563|HA|B/California/05/2014|EPI_ISL_158962|B                             0.00%    passed    100.00%
  72  EPI515554|HA|B/Texas/03/2014|EPI_ISL_158960|B                                  0.00%    passed    100.00%
  73  EPI516654|HA|B/Ohio/01/2014|EPI_ISL_159507|B                                   0.00%    passed    100.00%
  74  EPI516637|HA|B/Texas/04/2014|EPI_ISL_159504|B                                  0.00%    passed    100.00%
  75  EPI531166|HA|B/Indiana/02/2014|EPI_ISL_162370|B                                0.00%    passed    100.00%
  76  EPI532942|HA|B/Washington/03/2014|EPI_ISL_163155|B                             0.00%    passed    100.00%
  77  EPI538110|HA|B/New_Zealand/21/2014|EPI_ISL_164863|B                            0.00%    passed    100.00%
  78  EPI540594|HA|B/New_Zealand/442/2014|EPI_ISL_165848|B                           0.00%    passed    100.00%
  79  EPI541365|HA|B/PERTH/503/2014|EPI_ISL_166203|B                                 0.00%    passed    100.00%
  80  EPI551321|HA|B/SOUTH_AUSTRALIA/20/2014|EPI_ISL_168830|B                        0.00%    passed    100.00%
  81  EPI551327|HA|B/SYDNEY/19/2014|EPI_ISL_168832|B                                 0.00%    passed    100.00%
  82  EPI2187230|HA|B/Canberra/23/2014|EPI_ISL_15146484|B                            0.00%    passed    100.00%
  83  EPI2187224|HA|B/Brisbane/78/2014|EPI_ISL_15146481|B                            0.00%    passed    100.00%
  84  EPI2187332|HA|B/Victoria/510/2014|EPI_ISL_15146537|B                           0.00%    passed    100.00%
  85  EPI2187259|HA|B/Newcastle/41/2014|EPI_ISL_15146500|B                           0.00%    passed    100.00%
  86  EPI561876|HA|B/Brisbane/63/2014|EPI_ISL_171789|B                               0.00%    passed    100.00%
  87  EPI562301|HA|B/Brisbane/63/2014|EPI_ISL_171936|B                               0.00%    passed    100.00%
  88  EPI562303|HA|B/New_Caledonia/6/2014|EPI_ISL_171937|B                           0.00%    passed    100.00%
  89  VicB_2014_Consensus_Aligned                                                    0.00%    passed    100.00%
  90  VicB_2014_Medoid_Aligned|EPI534674|HA|B/TOCHIGI/14215/2014|EPI_ISL_163840|B    0.00%    passed    100.00%
  91  VicB_2014_Ancestral_Aligned_Node11                                             0.00%    passed    100.00%
  92  VicB_2014_COBRA_Aligned                                                        0.00%    passed    100.00%
****  TOTAL                                                                          0.01%  0 sequences failed composition chi2 test (p-value<5%; df=19)
NOTE: VicB_2014_COBRA_Aligned is identical to EPI534678|HA|B/Taiwan/113/2014|EPI_ISL_163842|B but kept for subsequent analysis
NOTE: VicB_2014_Medoid_Aligned|EPI534674|HA|B/TOCHIGI/14215/2014|EPI_ISL_163840|B is identical to EPI534674|HA|B/TOCHIGI/14215/2014|EPI_ISL_163840|B but kept for subsequent analysis
NOTE: VicB_2014_Ancestral_Aligned_Node11 is identical to EPI530550|HA|B/MIYAGI/22/2014|EPI_ISL_162079|B but kept for subsequent analysis
Checking for duplicate sequences: done in 0.000121048 secs using 2974% CPU
Creating fast initial parsimony tree by random order stepwise addition...
0.091 seconds, parsimony score: 117 (based on 87 sites)
Generating 1000 samples for ultrafast bootstrap (seed: 82791)...

NOTE: 8 MB RAM (0 GB) is required!
WARNING: Number of threads seems too high for short alignments. Use -T AUTO to determine best number of threads.
Estimate model parameters (epsilon = 0.100)
1. Initial log-likelihood: -2731.160
2. Current log-likelihood: -2727.976
Optimal log-likelihood: -2727.976
Gamma shape alpha: 0.340
Parameters optimization took 2 rounds (0.084 sec)
Wrote distance file to... 
Computing ML distances based on estimated model parameters...
Calculating distance matrix: done in 0.143309 secs using 799.3% CPU
Computing ML distances took 0.143400 sec (of wall-clock time) 1.145593 sec (of CPU time)
Setting up auxiliary I and S matrices: done in 0.00444113 secs using 137.7% CPU
Constructing RapidNJ tree: done in 0.0820626 secs using 56.01% CPU
Computing RapidNJ tree took 0.086554 sec (of wall-clock time) 0.052111 sec (of CPU time)
Log-likelihood of RapidNJ tree: -2720.642
--------------------------------------------------------------------
|             INITIALIZING CANDIDATE TREE SET                      |
--------------------------------------------------------------------
Generating 98 parsimony trees... 0.280 second
Computing log-likelihood of 98 initial trees ... 1.320 seconds
Current best score: -2718.775

Do NNI search on 20 best initial trees
Optimizing NNI: done in 0.0930961 secs using 791.9% CPU
Estimate model parameters (epsilon = 0.100)
BETTER TREE FOUND at iteration 1: -2718.764
Optimizing NNI: done in 0.0987693 secs using 795.9% CPU
Optimizing NNI: done in 0.0918817 secs using 793.2% CPU
Optimizing NNI: done in 0.0921669 secs using 793.3% CPU
Optimizing NNI: done in 0.0919274 secs using 794.1% CPU
Optimizing NNI: done in 0.0909609 secs using 794.9% CPU
Optimizing NNI: done in 0.0896118 secs using 789.7% CPU
Optimizing NNI: done in 0.0909325 secs using 790.5% CPU
Optimizing NNI: done in 0.0950792 secs using 792.9% CPU
Optimizing NNI: done in 0.174218 secs using 794.2% CPU
Iteration 10 / LogL: -2718.830 / Time: 0h:0m:3s
Optimizing NNI: done in 0.0928538 secs using 794.8% CPU
Optimizing NNI: done in 0.0900763 secs using 792.2% CPU
Optimizing NNI: done in 0.0808 secs using 797.1% CPU
Optimizing NNI: done in 0.0803935 secs using 789.3% CPU
Optimizing NNI: done in 0.080747 secs using 795.1% CPU
Optimizing NNI: done in 0.0821792 secs using 794% CPU
Optimizing NNI: done in 0.0811911 secs using 801% CPU
Optimizing NNI: done in 0.0816359 secs using 796.2% CPU
Optimizing NNI: done in 0.079744 secs using 787.5% CPU
Optimizing NNI: done in 0.0811718 secs using 791.3% CPU
Iteration 20 / LogL: -2724.573 / Time: 0h:0m:4s
Finish initializing candidate tree set (20)
Current best tree score: -2718.764 / CPU time: 3.572
Number of iterations: 20
--------------------------------------------------------------------
|               OPTIMIZING CANDIDATE TREE SET                      |
--------------------------------------------------------------------
Optimizing NNI: done in 0.356607 secs using 793% CPU
Optimizing NNI: done in 0.433996 secs using 793.5% CPU
Optimizing NNI: done in 0.426873 secs using 792.8% CPU
Optimizing NNI: done in 0.60217 secs using 793.1% CPU
Optimizing NNI: done in 0.305057 secs using 794.9% CPU
Optimizing NNI: done in 0.407437 secs using 791.4% CPU
Optimizing NNI: done in 0.354088 secs using 792.5% CPU
Optimizing NNI: done in 0.231558 secs using 792.6% CPU
Optimizing NNI: done in 0.388208 secs using 792.9% CPU
Optimizing NNI: done in 0.533985 secs using 792.9% CPU
Iteration 30 / LogL: -2726.513 / Time: 0h:0m:8s (0h:0m:19s left)
Optimizing NNI: done in 0.273108 secs using 792.4% CPU
Optimizing NNI: done in 0.345702 secs using 790.5% CPU
Optimizing NNI: done in 0.265653 secs using 793.5% CPU
Optimizing NNI: done in 0.332514 secs using 794.2% CPU
Optimizing NNI: done in 0.3361 secs using 791.9% CPU
Optimizing NNI: done in 0.44961 secs using 793.4% CPU
Estimate model parameters (epsilon = 0.100)
BETTER TREE FOUND at iteration 36: -2718.496
Optimizing NNI: done in 0.365487 secs using 793.6% CPU
Optimizing NNI: done in 0.490071 secs using 792.2% CPU
Optimizing NNI: done in 0.409174 secs using 792.8% CPU
Optimizing NNI: done in 0.244046 secs using 790.8% CPU
Iteration 40 / LogL: -2748.801 / Time: 0h:0m:11s (0h:0m:28s left)
Optimizing NNI: done in 0.349081 secs using 793.2% CPU
Optimizing NNI: done in 0.343828 secs using 794% CPU
Optimizing NNI: done in 0.475703 secs using 793.8% CPU
Optimizing NNI: done in 0.406269 secs using 792.6% CPU
Optimizing NNI: done in 0.360204 secs using 792.8% CPU
Optimizing NNI: done in 0.331715 secs using 793.2% CPU
Optimizing NNI: done in 0.424458 secs using 793.9% CPU
Optimizing NNI: done in 0.446663 secs using 793.1% CPU
Optimizing NNI: done in 0.424812 secs using 790.8% CPU
Optimizing NNI: done in 0.355717 secs using 792% CPU
Iteration 50 / LogL: -2718.778 / Time: 0h:0m:15s (0h:0m:27s left)
Log-likelihood cutoff on original alignment: -2744.409
Optimizing NNI: done in 0.247868 secs using 791.5% CPU
Optimizing NNI: done in 0.413531 secs using 794.2% CPU
Optimizing NNI: done in 0.314038 secs using 790.6% CPU
Optimizing NNI: done in 0.343202 secs using 793.6% CPU
Optimizing NNI: done in 0.323395 secs using 792.8% CPU
Optimizing NNI: done in 0.430093 secs using 793.2% CPU
Optimizing NNI: done in 0.282581 secs using 793.9% CPU
Optimizing NNI: done in 0.334857 secs using 791.2% CPU
Optimizing NNI: done in 0.258715 secs using 793.1% CPU
Optimizing NNI: done in 0.335931 secs using 793.6% CPU
Iteration 60 / LogL: -2718.783 / Time: 0h:0m:19s (0h:0m:25s left)
Optimizing NNI: done in 0.419516 secs using 795% CPU
Optimizing NNI: done in 0.392816 secs using 794.3% CPU
Optimizing NNI: done in 0.258723 secs using 794.6% CPU
Optimizing NNI: done in 0.335239 secs using 792.7% CPU
Optimizing NNI: done in 0.399037 secs using 794.2% CPU
BETTER TREE FOUND at iteration 65: -2718.496
Optimizing NNI: done in 0.336704 secs using 791.3% CPU
Optimizing NNI: done in 0.312124 secs using 793.4% CPU
Optimizing NNI: done in 0.251251 secs using 796.3% CPU
Optimizing NNI: done in 0.354891 secs using 792% CPU
Optimizing NNI: done in 0.411229 secs using 794.9% CPU
Iteration 70 / LogL: -2730.730 / Time: 0h:0m:23s (0h:0m:31s left)
Optimizing NNI: done in 0.389809 secs using 793.2% CPU
Optimizing NNI: done in 0.385491 secs using 794.7% CPU
Optimizing NNI: done in 0.410143 secs using 792.9% CPU
Optimizing NNI: done in 0.370483 secs using 791.4% CPU
Optimizing NNI: done in 0.364489 secs using 794.9% CPU
Optimizing NNI: done in 0.338099 secs using 794.6% CPU
Optimizing NNI: done in 0.25687 secs using 793.7% CPU
Optimizing NNI: done in 0.336071 secs using 792.8% CPU
Optimizing NNI: done in 0.419129 secs using 792.9% CPU
Optimizing NNI: done in 0.386191 secs using 792.8% CPU
Iteration 80 / LogL: -2718.496 / Time: 0h:0m:26s (0h:0m:28s left)
Optimizing NNI: done in 0.347744 secs using 791.9% CPU
Optimizing NNI: done in 0.251932 secs using 792.4% CPU
Optimizing NNI: done in 0.419582 secs using 794% CPU
Optimizing NNI: done in 0.390969 secs using 793.9% CPU
Optimizing NNI: done in 0.263856 secs using 790.9% CPU
Optimizing NNI: done in 0.341728 secs using 794.3% CPU
Optimizing NNI: done in 0.254426 secs using 792.3% CPU
Optimizing NNI: done in 0.32531 secs using 796% CPU
Optimizing NNI: done in 0.256402 secs using 793.4% CPU
Optimizing NNI: done in 0.249334 secs using 792.3% CPU
Iteration 90 / LogL: -2740.607 / Time: 0h:0m:30s (0h:0m:25s left)
Optimizing NNI: done in 0.46957 secs using 793.2% CPU
BETTER TREE FOUND at iteration 91: -2718.495
Optimizing NNI: done in 0.335168 secs using 792.3% CPU
Optimizing NNI: done in 0.32462 secs using 791.9% CPU
Optimizing NNI: done in 0.328015 secs using 795.1% CPU
Optimizing NNI: done in 0.243192 secs using 793.5% CPU
Optimizing NNI: done in 0.346002 secs using 794.2% CPU
Optimizing NNI: done in 0.348381 secs using 793.5% CPU
Optimizing NNI: done in 0.427921 secs using 793.4% CPU
Optimizing NNI: done in 0.415453 secs using 791.9% CPU
Optimizing NNI: done in 0.247818 secs using 794.1% CPU
Iteration 100 / LogL: -2718.495 / Time: 0h:0m:33s (0h:0m:30s left)
Log-likelihood cutoff on original alignment: -2746.085
NOTE: Bootstrap correlation coefficient of split occurrence frequencies: 0.960
NOTE: UFBoot does not converge, continue at least 100 more iterations
Optimizing NNI: done in 0.387771 secs using 794.3% CPU
BETTER TREE FOUND at iteration 101: -2718.494
Optimizing NNI: done in 0.328859 secs using 793.8% CPU
Optimizing NNI: done in 0.363272 secs using 793.5% CPU
Optimizing NNI: done in 0.255493 secs using 791.9% CPU
Optimizing NNI: done in 0.257788 secs using 794.4% CPU
Optimizing NNI: done in 0.395875 secs using 793.7% CPU
Optimizing NNI: done in 0.258681 secs using 790.8% CPU
Optimizing NNI: done in 0.47343 secs using 791.1% CPU
Optimizing NNI: done in 0.391655 secs using 794.2% CPU
Optimizing NNI: done in 0.254626 secs using 792.6% CPU
Iteration 110 / LogL: -2733.140 / Time: 0h:0m:37s (0h:0m:31s left)
Optimizing NNI: done in 0.253467 secs using 796.9% CPU
Optimizing NNI: done in 0.342166 secs using 791.6% CPU
Optimizing NNI: done in 0.390903 secs using 793.8% CPU
Optimizing NNI: done in 0.473496 secs using 794.3% CPU
Optimizing NNI: done in 0.335119 secs using 794.2% CPU
Optimizing NNI: done in 0.346418 secs using 793.1% CPU
Optimizing NNI: done in 0.256201 secs using 791.3% CPU
Optimizing NNI: done in 0.258269 secs using 793.5% CPU
Optimizing NNI: done in 0.26474 secs using 794.4% CPU
Optimizing NNI: done in 0.262719 secs using 794.5% CPU
Iteration 120 / LogL: -2725.568 / Time: 0h:0m:40s (0h:0m:27s left)
Optimizing NNI: done in 0.350912 secs using 791.3% CPU
Optimizing NNI: done in 0.256096 secs using 793.7% CPU
Optimizing NNI: done in 0.409792 secs using 792.9% CPU
Optimizing NNI: done in 0.382449 secs using 793% CPU
Optimizing NNI: done in 0.310925 secs using 792.9% CPU
Optimizing NNI: done in 0.426256 secs using 793.2% CPU
Optimizing NNI: done in 0.265518 secs using 794.5% CPU
Optimizing NNI: done in 0.393988 secs using 793.9% CPU
Optimizing NNI: done in 0.253207 secs using 793.4% CPU
Optimizing NNI: done in 0.265543 secs using 794.7% CPU
Iteration 130 / LogL: -2723.750 / Time: 0h:0m:44s (0h:0m:24s left)
Optimizing NNI: done in 0.488908 secs using 791.1% CPU
Optimizing NNI: done in 0.378115 secs using 792.3% CPU
Optimizing NNI: done in 0.26484 secs using 791.1% CPU
Optimizing NNI: done in 0.26058 secs using 791.5% CPU
Optimizing NNI: done in 0.347203 secs using 793.6% CPU
Optimizing NNI: done in 0.329377 secs using 792.5% CPU
Optimizing NNI: done in 0.337113 secs using 793.5% CPU
Optimizing NNI: done in 0.336825 secs using 794% CPU
Optimizing NNI: done in 0.251339 secs using 791.9% CPU
Optimizing NNI: done in 0.333141 secs using 791.2% CPU
Iteration 140 / LogL: -2718.495 / Time: 0h:0m:47s (0h:0m:20s left)
Optimizing NNI: done in 0.354241 secs using 790.6% CPU
BETTER TREE FOUND at iteration 141: -2718.494
Optimizing NNI: done in 0.395779 secs using 795.1% CPU
Optimizing NNI: done in 0.345798 secs using 793.9% CPU
Optimizing NNI: done in 0.330976 secs using 793.5% CPU
Optimizing NNI: done in 0.333393 secs using 791.2% CPU
Optimizing NNI: done in 0.344798 secs using 793.9% CPU
Optimizing NNI: done in 0.333546 secs using 793.2% CPU
BETTER TREE FOUND at iteration 147: -2718.494
Optimizing NNI: done in 0.377359 secs using 795.2% CPU
Optimizing NNI: done in 0.336476 secs using 791.8% CPU
Optimizing NNI: done in 0.261187 secs using 793.3% CPU
Iteration 150 / LogL: -2718.494 / Time: 0h:0m:51s (0h:0m:33s left)
Log-likelihood cutoff on original alignment: -2746.085
Optimizing NNI: done in 0.232014 secs using 792.5% CPU
Optimizing NNI: done in 0.429975 secs using 792.8% CPU
Optimizing NNI: done in 0.385876 secs using 792.4% CPU
Optimizing NNI: done in 0.393596 secs using 790.9% CPU
Optimizing NNI: done in 0.347512 secs using 791.8% CPU
Optimizing NNI: done in 0.236445 secs using 793.4% CPU
Optimizing NNI: done in 0.255436 secs using 792.2% CPU
Optimizing NNI: done in 0.322385 secs using 791.4% CPU
Optimizing NNI: done in 0.339554 secs using 794.8% CPU
Optimizing NNI: done in 0.310659 secs using 791.7% CPU
Iteration 160 / LogL: -2724.952 / Time: 0h:0m:55s (0h:0m:30s left)
Optimizing NNI: done in 0.430132 secs using 792% CPU
Optimizing NNI: done in 0.390391 secs using 795.5% CPU
Optimizing NNI: done in 0.38803 secs using 791.7% CPU
Optimizing NNI: done in 0.415884 secs using 791.5% CPU
Optimizing NNI: done in 0.457735 secs using 792.8% CPU
Optimizing NNI: done in 0.392201 secs using 791.8% CPU
Optimizing NNI: done in 0.340883 secs using 793.6% CPU
Optimizing NNI: done in 0.342312 secs using 793.3% CPU
Optimizing NNI: done in 0.443286 secs using 792.3% CPU
Optimizing NNI: done in 0.328262 secs using 795.3% CPU
Iteration 170 / LogL: -2718.495 / Time: 0h:0m:59s (0h:0m:27s left)
Optimizing NNI: done in 0.401544 secs using 793.7% CPU
Optimizing NNI: done in 0.336069 secs using 790.4% CPU
Optimizing NNI: done in 0.325427 secs using 791.7% CPU
Optimizing NNI: done in 0.348358 secs using 793.7% CPU
BETTER TREE FOUND at iteration 174: -2718.494
Optimizing NNI: done in 0.341858 secs using 793% CPU
Optimizing NNI: done in 0.262669 secs using 791.4% CPU
Optimizing NNI: done in 0.23935 secs using 793.8% CPU
Optimizing NNI: done in 0.328228 secs using 792.5% CPU
Optimizing NNI: done in 0.348476 secs using 791.8% CPU
Optimizing NNI: done in 0.337928 secs using 791.4% CPU
Iteration 180 / LogL: -2718.496 / Time: 0h:1m:3s (0h:0m:33s left)
Optimizing NNI: done in 0.328176 secs using 793.4% CPU
Optimizing NNI: done in 0.361791 secs using 793.6% CPU
Optimizing NNI: done in 0.254892 secs using 791.7% CPU
Optimizing NNI: done in 0.262563 secs using 792.3% CPU
Optimizing NNI: done in 0.415978 secs using 794.5% CPU
Optimizing NNI: done in 0.355333 secs using 788.8% CPU
BETTER TREE FOUND at iteration 186: -2718.494
Optimizing NNI: done in 0.474359 secs using 792.7% CPU
Optimizing NNI: done in 0.333948 secs using 794.2% CPU
Optimizing NNI: done in 0.334491 secs using 790.6% CPU
Optimizing NNI: done in 0.415546 secs using 793% CPU
Iteration 190 / LogL: -2719.127 / Time: 0h:1m:6s (0h:0m:33s left)
Optimizing NNI: done in 0.37928 secs using 791.9% CPU
Optimizing NNI: done in 0.447248 secs using 794.7% CPU
Optimizing NNI: done in 0.342337 secs using 795% CPU
Optimizing NNI: done in 0.33211 secs using 793.4% CPU
Optimizing NNI: done in 0.263073 secs using 796.4% CPU
Optimizing NNI: done in 0.405236 secs using 792.3% CPU
Optimizing NNI: done in 0.393106 secs using 793.6% CPU
BETTER TREE FOUND at iteration 197: -2718.493
Optimizing NNI: done in 0.316727 secs using 793.1% CPU
Optimizing NNI: done in 0.35123 secs using 793% CPU
Optimizing NNI: done in 0.260376 secs using 793.7% CPU
Iteration 200 / LogL: -2718.494 / Time: 0h:1m:10s (0h:0m:34s left)
Log-likelihood cutoff on original alignment: -2746.085
NOTE: Bootstrap correlation coefficient of split occurrence frequencies: 0.987
NOTE: UFBoot does not converge, continue at least 100 more iterations
Optimizing NNI: done in 0.227756 secs using 795.7% CPU
Optimizing NNI: done in 0.253897 secs using 789.2% CPU
Optimizing NNI: done in 0.343583 secs using 791% CPU
Optimizing NNI: done in 0.337299 secs using 793.3% CPU
Optimizing NNI: done in 0.351304 secs using 792.3% CPU
Optimizing NNI: done in 0.390907 secs using 793.1% CPU
Optimizing NNI: done in 0.411447 secs using 793.6% CPU
Optimizing NNI: done in 0.419517 secs using 790.5% CPU
Optimizing NNI: done in 0.262251 secs using 795.3% CPU
Optimizing NNI: done in 0.251188 secs using 792.7% CPU
Iteration 210 / LogL: -2726.022 / Time: 0h:1m:14s (0h:0m:32s left)
Optimizing NNI: done in 0.325037 secs using 794% CPU
Optimizing NNI: done in 0.255375 secs using 791.5% CPU
Optimizing NNI: done in 0.390111 secs using 792.8% CPU
Optimizing NNI: done in 0.417228 secs using 794.9% CPU
Optimizing NNI: done in 0.34139 secs using 794.3% CPU
Optimizing NNI: done in 0.449234 secs using 793.2% CPU
Optimizing NNI: done in 0.416166 secs using 792.8% CPU
Optimizing NNI: done in 0.416987 secs using 791.9% CPU
Optimizing NNI: done in 0.499243 secs using 792.6% CPU
Optimizing NNI: done in 0.262301 secs using 793.1% CPU
Iteration 220 / LogL: -2718.494 / Time: 0h:1m:18s (0h:0m:28s left)
Optimizing NNI: done in 0.263152 secs using 791.1% CPU
Optimizing NNI: done in 0.396779 secs using 793.1% CPU
Optimizing NNI: done in 0.338134 secs using 793.4% CPU
Optimizing NNI: done in 0.483592 secs using 792.5% CPU
Optimizing NNI: done in 0.314387 secs using 794.1% CPU
Optimizing NNI: done in 0.404497 secs using 790.5% CPU
BETTER TREE FOUND at iteration 226: -2718.493
Optimizing NNI: done in 0.254139 secs using 793.2% CPU
Optimizing NNI: done in 0.386341 secs using 793% CPU
Optimizing NNI: done in 0.480499 secs using 792.3% CPU
Optimizing NNI: done in 0.344666 secs using 795.1% CPU
BETTER TREE FOUND at iteration 230: -2718.493
Iteration 230 / LogL: -2718.493 / Time: 0h:1m:22s (0h:0m:36s left)
Optimizing NNI: done in 0.20773 secs using 795% CPU
Optimizing NNI: done in 0.335127 secs using 793.3% CPU
Optimizing NNI: done in 0.341493 secs using 792.2% CPU
Optimizing NNI: done in 0.42127 secs using 792.5% CPU
Optimizing NNI: done in 0.261474 secs using 791.2% CPU
Optimizing NNI: done in 0.459076 secs using 793% CPU
Optimizing NNI: done in 0.243191 secs using 792.5% CPU
Optimizing NNI: done in 0.474026 secs using 792.6% CPU
Optimizing NNI: done in 0.616733 secs using 793.1% CPU
Optimizing NNI: done in 0.421136 secs using 793.3% CPU
Iteration 240 / LogL: -2724.302 / Time: 0h:1m:26s (0h:0m:32s left)
Optimizing NNI: done in 0.25286 secs using 793.7% CPU
Optimizing NNI: done in 0.407272 secs using 791.3% CPU
BETTER TREE FOUND at iteration 242: -2718.493
Optimizing NNI: done in 0.313828 secs using 794.8% CPU
Optimizing NNI: done in 0.341601 secs using 792.7% CPU
Optimizing NNI: done in 0.407435 secs using 793% CPU
Optimizing NNI: done in 0.251907 secs using 793.8% CPU
Optimizing NNI: done in 0.395251 secs using 793% CPU
Optimizing NNI: done in 0.366891 secs using 793.6% CPU
Optimizing NNI: done in 0.380776 secs using 792.1% CPU
Optimizing NNI: done in 0.407774 secs using 793.9% CPU
Iteration 250 / LogL: -2735.183 / Time: 0h:1m:30s (0h:0m:33s left)
Log-likelihood cutoff on original alignment: -2746.337
Optimizing NNI: done in 0.231529 secs using 795.6% CPU
Optimizing NNI: done in 0.337465 secs using 793.8% CPU
Optimizing NNI: done in 0.417236 secs using 793.9% CPU
Optimizing NNI: done in 0.391633 secs using 791.4% CPU
Optimizing NNI: done in 0.455158 secs using 792.8% CPU
Optimizing NNI: done in 0.444381 secs using 792.3% CPU
Optimizing NNI: done in 0.388839 secs using 791.9% CPU
Optimizing NNI: done in 0.264283 secs using 793.1% CPU
Optimizing NNI: done in 0.349888 secs using 793.4% CPU
Optimizing NNI: done in 0.428168 secs using 793.4% CPU
Iteration 260 / LogL: -2722.835 / Time: 0h:1m:35s (0h:0m:30s left)
Optimizing NNI: done in 0.396296 secs using 792.5% CPU
Optimizing NNI: done in 0.347271 secs using 793.8% CPU
Optimizing NNI: done in 0.258376 secs using 792.2% CPU
Optimizing NNI: done in 0.329396 secs using 794.4% CPU
Optimizing NNI: done in 0.347678 secs using 794.8% CPU
Optimizing NNI: done in 0.262604 secs using 793.7% CPU
Optimizing NNI: done in 0.333592 secs using 792.3% CPU
Optimizing NNI: done in 0.304969 secs using 793% CPU
Optimizing NNI: done in 0.467495 secs using 792.5% CPU
Optimizing NNI: done in 0.333134 secs using 793.9% CPU
Iteration 270 / LogL: -2732.897 / Time: 0h:1m:38s (0h:0m:26s left)
Optimizing NNI: done in 0.328175 secs using 791.8% CPU
Optimizing NNI: done in 0.40571 secs using 793.7% CPU
Optimizing NNI: done in 0.350916 secs using 793.8% CPU
Optimizing NNI: done in 0.385446 secs using 791.6% CPU
Optimizing NNI: done in 0.403221 secs using 793.1% CPU
Optimizing NNI: done in 0.396937 secs using 793.6% CPU
Optimizing NNI: done in 0.338518 secs using 793.5% CPU
Optimizing NNI: done in 0.331661 secs using 794% CPU
Optimizing NNI: done in 0.475498 secs using 792.3% CPU
Optimizing NNI: done in 0.263879 secs using 791.3% CPU
Iteration 280 / LogL: -2718.494 / Time: 0h:1m:43s (0h:0m:22s left)
Optimizing NNI: done in 0.329518 secs using 793.5% CPU
Optimizing NNI: done in 0.34194 secs using 792.4% CPU
Optimizing NNI: done in 0.418177 secs using 794% CPU
Optimizing NNI: done in 0.259113 secs using 792.8% CPU
BETTER TREE FOUND at iteration 284: -2718.493
Optimizing NNI: done in 0.297145 secs using 793.1% CPU
Optimizing NNI: done in 0.468612 secs using 793.3% CPU
Optimizing NNI: done in 0.348232 secs using 791.2% CPU
Optimizing NNI: done in 0.43135 secs using 794.4% CPU
Optimizing NNI: done in 0.348455 secs using 793.2% CPU
Optimizing NNI: done in 0.331616 secs using 794.7% CPU
Iteration 290 / LogL: -2718.494 / Time: 0h:1m:47s (0h:0m:34s left)
Optimizing NNI: done in 0.338359 secs using 793.1% CPU
Optimizing NNI: done in 0.256922 secs using 791.5% CPU
Optimizing NNI: done in 0.385128 secs using 793.1% CPU
Optimizing NNI: done in 0.327315 secs using 793.2% CPU
Optimizing NNI: done in 0.488807 secs using 793.6% CPU
Optimizing NNI: done in 0.258294 secs using 791.1% CPU
Optimizing NNI: done in 0.340256 secs using 792.3% CPU
Optimizing NNI: done in 0.341929 secs using 793% CPU
Optimizing NNI: done in 0.334606 secs using 794.4% CPU
Optimizing NNI: done in 0.447935 secs using 792.4% CPU
Iteration 300 / LogL: -2739.802 / Time: 0h:1m:50s (0h:0m:31s left)
Log-likelihood cutoff on original alignment: -2746.085
NOTE: Bootstrap correlation coefficient of split occurrence frequencies: 0.985
NOTE: UFBoot does not converge, continue at least 100 more iterations
Optimizing NNI: done in 0.373674 secs using 792.8% CPU
Optimizing NNI: done in 0.469332 secs using 793.8% CPU
Optimizing NNI: done in 0.331438 secs using 794.3% CPU
Optimizing NNI: done in 0.247662 secs using 792% CPU
Optimizing NNI: done in 0.261388 secs using 791.3% CPU
Optimizing NNI: done in 0.166239 secs using 792.4% CPU
Optimizing NNI: done in 0.425516 secs using 793% CPU
Optimizing NNI: done in 0.34382 secs using 795.2% CPU
Optimizing NNI: done in 0.262323 secs using 793.3% CPU
Optimizing NNI: done in 0.201688 secs using 788.7% CPU
Iteration 310 / LogL: -2718.493 / Time: 0h:1m:54s (0h:0m:33s left)
Optimizing NNI: done in 0.452437 secs using 794% CPU
Optimizing NNI: done in 0.33085 secs using 790.5% CPU
Optimizing NNI: done in 0.326188 secs using 794.6% CPU
Optimizing NNI: done in 0.469307 secs using 795.3% CPU
Optimizing NNI: done in 0.434422 secs using 793.6% CPU
Optimizing NNI: done in 0.409125 secs using 793.1% CPU
Optimizing NNI: done in 0.443595 secs using 793.4% CPU
Optimizing NNI: done in 0.462162 secs using 792.4% CPU
Optimizing NNI: done in 0.264005 secs using 791.7% CPU
Optimizing NNI: done in 0.238904 secs using 793.8% CPU
Iteration 320 / LogL: -2744.412 / Time: 0h:1m:59s (0h:0m:29s left)
Optimizing NNI: done in 0.322499 secs using 792.7% CPU
Optimizing NNI: done in 0.428802 secs using 792.9% CPU
Optimizing NNI: done in 0.429575 secs using 791.2% CPU
Optimizing NNI: done in 0.257676 secs using 793.7% CPU
BETTER TREE FOUND at iteration 324: -2718.492
Optimizing NNI: done in 0.259776 secs using 789% CPU
Optimizing NNI: done in 0.337199 secs using 793.2% CPU
Optimizing NNI: done in 0.327834 secs using 795% CPU
Optimizing NNI: done in 0.404466 secs using 795.4% CPU
Optimizing NNI: done in 0.260381 secs using 792.4% CPU
Optimizing NNI: done in 0.259466 secs using 793.3% CPU
Iteration 330 / LogL: -2723.618 / Time: 0h:2m:3s (0h:0m:35s left)
Optimizing NNI: done in 0.412967 secs using 793.5% CPU
Optimizing NNI: done in 0.172281 secs using 795.4% CPU
Optimizing NNI: done in 0.328306 secs using 792.2% CPU
Optimizing NNI: done in 0.264791 secs using 793% CPU
Optimizing NNI: done in 0.259921 secs using 792.5% CPU
Optimizing NNI: done in 0.261263 secs using 793.7% CPU
Optimizing NNI: done in 0.38932 secs using 794.1% CPU
Optimizing NNI: done in 0.518713 secs using 790.9% CPU
Optimizing NNI: done in 0.336076 secs using 793.6% CPU
Optimizing NNI: done in 0.338258 secs using 793.9% CPU
Iteration 340 / LogL: -2731.371 / Time: 0h:2m:6s (0h:0m:31s left)
Optimizing NNI: done in 0.334096 secs using 793% CPU
Optimizing NNI: done in 0.410935 secs using 793.9% CPU
Optimizing NNI: done in 0.468029 secs using 792.6% CPU
Optimizing NNI: done in 0.32573 secs using 792.9% CPU
Optimizing NNI: done in 0.397423 secs using 792.9% CPU
Optimizing NNI: done in 0.347874 secs using 793.4% CPU
Optimizing NNI: done in 0.347016 secs using 793.8% CPU
Optimizing NNI: done in 0.335391 secs using 791.7% CPU
Optimizing NNI: done in 0.331247 secs using 794.8% CPU
Optimizing NNI: done in 0.376958 secs using 793.6% CPU
Iteration 350 / LogL: -2718.493 / Time: 0h:2m:11s (0h:0m:27s left)
Log-likelihood cutoff on original alignment: -2746.082
Optimizing NNI: done in 0.430734 secs using 792.5% CPU
Optimizing NNI: done in 0.361026 secs using 791.1% CPU
Optimizing NNI: done in 0.252913 secs using 792.8% CPU
Optimizing NNI: done in 0.418843 secs using 794.7% CPU
BETTER TREE FOUND at iteration 354: -2718.491
Optimizing NNI: done in 0.365187 secs using 794.2% CPU
Optimizing NNI: done in 0.299287 secs using 792.2% CPU
Optimizing NNI: done in 0.342511 secs using 794% CPU
Optimizing NNI: done in 0.257041 secs using 793.9% CPU
Optimizing NNI: done in 0.343055 secs using 791.2% CPU
Optimizing NNI: done in 0.332268 secs using 793.5% CPU
Iteration 360 / LogL: -2718.494 / Time: 0h:2m:15s (0h:0m:35s left)
Optimizing NNI: done in 0.331009 secs using 793.5% CPU
Optimizing NNI: done in 0.483947 secs using 793.3% CPU
Optimizing NNI: done in 0.263604 secs using 792.6% CPU
Optimizing NNI: done in 0.255506 secs using 792% CPU
Optimizing NNI: done in 0.405965 secs using 792.5% CPU
Optimizing NNI: done in 0.427602 secs using 793.5% CPU
Optimizing NNI: done in 0.259928 secs using 792.6% CPU
Optimizing NNI: done in 0.331692 secs using 792.3% CPU
Optimizing NNI: done in 0.392859 secs using 794.2% CPU
Optimizing NNI: done in 0.4777 secs using 793.1% CPU
Iteration 370 / LogL: -2718.494 / Time: 0h:2m:19s (0h:0m:31s left)
Optimizing NNI: done in 0.246312 secs using 792% CPU
Optimizing NNI: done in 0.34227 secs using 793.9% CPU
Optimizing NNI: done in 0.501727 secs using 793.3% CPU
Optimizing NNI: done in 0.332292 secs using 794.3% CPU
Optimizing NNI: done in 0.254531 secs using 794.1% CPU
Optimizing NNI: done in 0.389871 secs using 792.3% CPU
Optimizing NNI: done in 0.258737 secs using 791% CPU
Optimizing NNI: done in 0.313842 secs using 791.3% CPU
Optimizing NNI: done in 0.334251 secs using 792.7% CPU
Optimizing NNI: done in 0.483404 secs using 794.4% CPU
Iteration 380 / LogL: -2726.126 / Time: 0h:2m:23s (0h:0m:28s left)
Optimizing NNI: done in 0.404758 secs using 794.1% CPU
Optimizing NNI: done in 0.224418 secs using 796% CPU
Optimizing NNI: done in 0.261039 secs using 793.6% CPU
Optimizing NNI: done in 0.25983 secs using 795.1% CPU
Optimizing NNI: done in 0.476344 secs using 791.8% CPU
Optimizing NNI: done in 0.426224 secs using 792.3% CPU
Optimizing NNI: done in 0.341207 secs using 793.6% CPU
Optimizing NNI: done in 0.334269 secs using 793% CPU
Optimizing NNI: done in 0.34286 secs using 793.9% CPU
Optimizing NNI: done in 0.376983 secs using 793.7% CPU
Iteration 390 / LogL: -2718.493 / Time: 0h:2m:27s (0h:0m:24s left)
Optimizing NNI: done in 0.375109 secs using 793.2% CPU
Optimizing NNI: done in 0.375102 secs using 792.7% CPU
Optimizing NNI: done in 0.440851 secs using 792.7% CPU
Optimizing NNI: done in 0.399254 secs using 794% CPU
Optimizing NNI: done in 0.38729 secs using 795% CPU
Optimizing NNI: done in 0.410829 secs using 791.2% CPU
Optimizing NNI: done in 0.280206 secs using 796.3% CPU
Optimizing NNI: done in 0.314422 secs using 793.7% CPU
Optimizing NNI: done in 0.334655 secs using 794.5% CPU
Optimizing NNI: done in 0.350017 secs using 792% CPU
Iteration 400 / LogL: -2718.494 / Time: 0h:2m:32s (0h:0m:20s left)
Log-likelihood cutoff on original alignment: -2746.082
NOTE: Bootstrap correlation coefficient of split occurrence frequencies: 0.985
NOTE: UFBoot does not converge, continue at least 100 more iterations
Optimizing NNI: done in 0.369294 secs using 795.9% CPU
Optimizing NNI: done in 0.327501 secs using 793.1% CPU
Optimizing NNI: done in 0.356611 secs using 794.9% CPU
Optimizing NNI: done in 0.348093 secs using 793.1% CPU
Optimizing NNI: done in 0.305269 secs using 793.6% CPU
Optimizing NNI: done in 0.478831 secs using 793.4% CPU
Optimizing NNI: done in 0.385059 secs using 793.7% CPU
Optimizing NNI: done in 0.336524 secs using 793.4% CPU
Optimizing NNI: done in 0.426661 secs using 794.6% CPU
Optimizing NNI: done in 0.306474 secs using 796% CPU
Iteration 410 / LogL: -2718.492 / Time: 0h:2m:36s (0h:0m:34s left)
Optimizing NNI: done in 0.512206 secs using 793% CPU
Optimizing NNI: done in 0.336043 secs using 792.7% CPU
Optimizing NNI: done in 0.355588 secs using 792.6% CPU
Optimizing NNI: done in 0.342612 secs using 793.9% CPU
Optimizing NNI: done in 0.26169 secs using 793.8% CPU
Optimizing NNI: done in 0.44476 secs using 794.7% CPU
Optimizing NNI: done in 0.343794 secs using 792.9% CPU
Optimizing NNI: done in 0.254769 secs using 794.6% CPU
Optimizing NNI: done in 0.456826 secs using 794.3% CPU
Optimizing NNI: done in 0.351723 secs using 790.9% CPU
Iteration 420 / LogL: -2728.662 / Time: 0h:2m:41s (0h:0m:30s left)
Optimizing NNI: done in 0.33207 secs using 793.1% CPU
Optimizing NNI: done in 0.399851 secs using 793.9% CPU
Optimizing NNI: done in 0.325881 secs using 794.3% CPU
Optimizing NNI: done in 0.258134 secs using 796.4% CPU
Optimizing NNI: done in 0.382866 secs using 794.9% CPU
Optimizing NNI: done in 0.425584 secs using 792.3% CPU
Optimizing NNI: done in 0.253687 secs using 791.7% CPU
Optimizing NNI: done in 0.25667 secs using 792.1% CPU
Optimizing NNI: done in 0.502257 secs using 794.8% CPU
Optimizing NNI: done in 0.419642 secs using 791.9% CPU
Iteration 430 / LogL: -2718.493 / Time: 0h:2m:45s (0h:0m:26s left)
Optimizing NNI: done in 0.256367 secs using 792.6% CPU
Optimizing NNI: done in 0.259132 secs using 791.6% CPU
Optimizing NNI: done in 0.256166 secs using 791.7% CPU
Optimizing NNI: done in 0.33933 secs using 794.9% CPU
Optimizing NNI: done in 0.313766 secs using 792% CPU
Optimizing NNI: done in 0.262433 secs using 791.7% CPU
Optimizing NNI: done in 0.491915 secs using 794.1% CPU
Optimizing NNI: done in 0.462036 secs using 793.6% CPU
Optimizing NNI: done in 0.25379 secs using 793.7% CPU
Optimizing NNI: done in 0.33675 secs using 794.4% CPU
Iteration 440 / LogL: -2719.125 / Time: 0h:2m:49s (0h:0m:23s left)
Optimizing NNI: done in 0.349676 secs using 792.9% CPU
Optimizing NNI: done in 0.312921 secs using 794% CPU
Optimizing NNI: done in 0.326274 secs using 794.6% CPU
Optimizing NNI: done in 0.405375 secs using 794.5% CPU
BETTER TREE FOUND at iteration 444: -2718.490
Optimizing NNI: done in 0.259421 secs using 791.7% CPU
Optimizing NNI: done in 0.254771 secs using 794.2% CPU
Optimizing NNI: done in 0.415686 secs using 792.2% CPU
Optimizing NNI: done in 0.252278 secs using 796% CPU
Optimizing NNI: done in 0.384701 secs using 793.9% CPU
Optimizing NNI: done in 0.334696 secs using 793.9% CPU
Iteration 450 / LogL: -2718.492 / Time: 0h:2m:53s (0h:0m:36s left)
Log-likelihood cutoff on original alignment: -2746.064
Optimizing NNI: done in 0.231477 secs using 792.8% CPU
Optimizing NNI: done in 0.253404 secs using 792.7% CPU
Optimizing NNI: done in 0.265463 secs using 792.3% CPU
Optimizing NNI: done in 0.343561 secs using 787% CPU
Optimizing NNI: done in 0.26031 secs using 796.1% CPU
Optimizing NNI: done in 0.257791 secs using 792.1% CPU
Optimizing NNI: done in 0.254311 secs using 792.5% CPU
Optimizing NNI: done in 0.39837 secs using 792.7% CPU
Optimizing NNI: done in 0.334162 secs using 791.8% CPU
Optimizing NNI: done in 0.34011 secs using 793.3% CPU
Iteration 460 / LogL: -2718.492 / Time: 0h:2m:57s (0h:0m:32s left)
Optimizing NNI: done in 0.342001 secs using 793% CPU
Optimizing NNI: done in 0.326076 secs using 793.9% CPU
Optimizing NNI: done in 0.330406 secs using 792% CPU
Optimizing NNI: done in 0.321997 secs using 794.1% CPU
Optimizing NNI: done in 0.24307 secs using 797.1% CPU
Optimizing NNI: done in 0.25961 secs using 795.1% CPU
Optimizing NNI: done in 0.339841 secs using 793.2% CPU
Optimizing NNI: done in 0.167301 secs using 793.4% CPU
Optimizing NNI: done in 0.253444 secs using 792% CPU
Optimizing NNI: done in 0.262367 secs using 796% CPU
Iteration 470 / LogL: -2718.492 / Time: 0h:3m:1s (0h:0m:28s left)
Optimizing NNI: done in 0.359923 secs using 794.6% CPU
Optimizing NNI: done in 0.340034 secs using 793.8% CPU
Optimizing NNI: done in 0.403647 secs using 792.9% CPU
Optimizing NNI: done in 0.259797 secs using 793.8% CPU
Optimizing NNI: done in 0.348698 secs using 794.1% CPU
Optimizing NNI: done in 0.261023 secs using 793.8% CPU
Optimizing NNI: done in 0.324189 secs using 792% CPU
Optimizing NNI: done in 0.342596 secs using 794.2% CPU
Optimizing NNI: done in 0.467313 secs using 791.7% CPU
Optimizing NNI: done in 0.334442 secs using 793.2% CPU
Iteration 480 / LogL: -2718.491 / Time: 0h:3m:5s (0h:0m:24s left)
Optimizing NNI: done in 0.491545 secs using 793% CPU
Optimizing NNI: done in 0.253455 secs using 792.7% CPU
Optimizing NNI: done in 0.255706 secs using 792.4% CPU
Optimizing NNI: done in 0.257455 secs using 792.8% CPU
Optimizing NNI: done in 0.332037 secs using 793.8% CPU
Optimizing NNI: done in 0.33225 secs using 793.3% CPU
Optimizing NNI: done in 0.341814 secs using 794.6% CPU
Optimizing NNI: done in 0.261537 secs using 793.4% CPU
Optimizing NNI: done in 0.253047 secs using 794.6% CPU
Optimizing NNI: done in 0.319694 secs using 795% CPU
Iteration 490 / LogL: -2719.123 / Time: 0h:3m:9s (0h:0m:20s left)
Optimizing NNI: done in 0.328831 secs using 792.6% CPU
Optimizing NNI: done in 0.340886 secs using 795.3% CPU
Optimizing NNI: done in 0.38741 secs using 794.8% CPU
Optimizing NNI: done in 0.248367 secs using 790% CPU
Optimizing NNI: done in 0.377306 secs using 795.8% CPU
Optimizing NNI: done in 0.257125 secs using 794% CPU
Optimizing NNI: done in 0.262859 secs using 792.1% CPU
Optimizing NNI: done in 0.406675 secs using 794.1% CPU
Optimizing NNI: done in 0.253674 secs using 793% CPU
Optimizing NNI: done in 0.24974 secs using 794.9% CPU
Iteration 500 / LogL: -2718.491 / Time: 0h:3m:13s (0h:0m:17s left)
Log-likelihood cutoff on original alignment: -2746.064
NOTE: Bootstrap correlation coefficient of split occurrence frequencies: 0.984
NOTE: UFBoot does not converge, continue at least 100 more iterations
Optimizing NNI: done in 0.317141 secs using 796.4% CPU
Optimizing NNI: done in 0.335575 secs using 793.6% CPU
Optimizing NNI: done in 0.320937 secs using 792% CPU
Optimizing NNI: done in 0.307162 secs using 795.3% CPU
Optimizing NNI: done in 0.332935 secs using 794.5% CPU
Optimizing NNI: done in 0.349301 secs using 791.3% CPU
Optimizing NNI: done in 0.262054 secs using 794.3% CPU
Optimizing NNI: done in 0.27999 secs using 792.5% CPU
Optimizing NNI: done in 0.349441 secs using 792.3% CPU
Optimizing NNI: done in 0.474407 secs using 795.7% CPU
Iteration 510 / LogL: -2720.292 / Time: 0h:3m:17s (0h:0m:34s left)
Optimizing NNI: done in 0.312693 secs using 794.4% CPU
Optimizing NNI: done in 0.484913 secs using 792.5% CPU
Optimizing NNI: done in 0.271146 secs using 793.7% CPU
Optimizing NNI: done in 0.35065 secs using 794.1% CPU
Optimizing NNI: done in 0.419772 secs using 794.1% CPU
Optimizing NNI: done in 0.366944 secs using 794% CPU
Optimizing NNI: done in 0.410199 secs using 792.4% CPU
Optimizing NNI: done in 0.455957 secs using 792.5% CPU
Optimizing NNI: done in 0.466185 secs using 793.7% CPU
Optimizing NNI: done in 0.273613 secs using 793.1% CPU
Iteration 520 / LogL: -2718.492 / Time: 0h:3m:22s (0h:0m:31s left)
Optimizing NNI: done in 0.415777 secs using 793.4% CPU
Optimizing NNI: done in 0.451065 secs using 793.3% CPU
Optimizing NNI: done in 0.254379 secs using 792.4% CPU
Optimizing NNI: done in 0.281695 secs using 794.2% CPU
Optimizing NNI: done in 0.354109 secs using 792.1% CPU
Optimizing NNI: done in 0.292438 secs using 792.2% CPU
Optimizing NNI: done in 0.173383 secs using 792.6% CPU
Optimizing NNI: done in 0.33379 secs using 793.7% CPU
Optimizing NNI: done in 0.411087 secs using 792.4% CPU
Optimizing NNI: done in 0.337113 secs using 792.9% CPU
Iteration 530 / LogL: -2718.492 / Time: 0h:3m:26s (0h:0m:27s left)
Optimizing NNI: done in 0.37826 secs using 792.4% CPU
Optimizing NNI: done in 0.481807 secs using 792.7% CPU
Optimizing NNI: done in 0.317292 secs using 793.4% CPU
Optimizing NNI: done in 0.415696 secs using 792.8% CPU
Optimizing NNI: done in 0.319889 secs using 793% CPU
Optimizing NNI: done in 0.330171 secs using 792% CPU
Optimizing NNI: done in 0.342138 secs using 795.4% CPU
Optimizing NNI: done in 0.26233 secs using 792.7% CPU
Optimizing NNI: done in 0.453542 secs using 793.7% CPU
Optimizing NNI: done in 0.257744 secs using 792.6% CPU
Iteration 540 / LogL: -2718.491 / Time: 0h:3m:31s (0h:0m:23s left)
Optimizing NNI: done in 0.478142 secs using 792.4% CPU
Optimizing NNI: done in 0.384 secs using 793.5% CPU
Optimizing NNI: done in 0.41615 secs using 792.9% CPU
Optimizing NNI: done in 0.301034 secs using 794% CPU
Optimizing NNI: done in 0.317654 secs using 793.3% CPU
Optimizing NNI: done in 0.3372 secs using 794.2% CPU
Optimizing NNI: done in 0.35295 secs using 795.1% CPU
Optimizing NNI: done in 0.336624 secs using 792.2% CPU
Optimizing NNI: done in 0.399436 secs using 792.1% CPU
Optimizing NNI: done in 0.340642 secs using 794% CPU
Iteration 550 / LogL: -2718.491 / Time: 0h:3m:35s (0h:0m:19s left)
Log-likelihood cutoff on original alignment: -2746.064
Optimizing NNI: done in 0.325533 secs using 792.7% CPU
Optimizing NNI: done in 0.397457 secs using 794.3% CPU
Optimizing NNI: done in 0.242776 secs using 794.2% CPU
Optimizing NNI: done in 0.40927 secs using 794.7% CPU
Optimizing NNI: done in 0.257426 secs using 795.5% CPU
Optimizing NNI: done in 0.189773 secs using 795.9% CPU
Optimizing NNI: done in 0.321247 secs using 795% CPU
Optimizing NNI: done in 0.316457 secs using 791.6% CPU
Optimizing NNI: done in 0.336007 secs using 792.4% CPU
Optimizing NNI: done in 0.284101 secs using 792.9% CPU
Iteration 560 / LogL: -2718.492 / Time: 0h:3m:39s (0h:0m:15s left)
Optimizing NNI: done in 0.25848 secs using 791.7% CPU
Optimizing NNI: done in 0.25283 secs using 791.6% CPU
Optimizing NNI: done in 0.337198 secs using 793.8% CPU
Optimizing NNI: done in 0.349389 secs using 792.5% CPU
Optimizing NNI: done in 0.341311 secs using 793.5% CPU
Optimizing NNI: done in 0.409682 secs using 795.4% CPU
Optimizing NNI: done in 0.322258 secs using 792.3% CPU
Optimizing NNI: done in 0.396342 secs using 795.2% CPU
Optimizing NNI: done in 0.257381 secs using 792.6% CPU
Optimizing NNI: done in 0.337567 secs using 794.5% CPU
Iteration 570 / LogL: -2718.491 / Time: 0h:3m:44s (0h:0m:11s left)
Optimizing NNI: done in 0.382667 secs using 795.3% CPU
Optimizing NNI: done in 0.318953 secs using 793.4% CPU
Optimizing NNI: done in 0.25977 secs using 795% CPU
Optimizing NNI: done in 0.339452 secs using 791.5% CPU
Optimizing NNI: done in 0.398277 secs using 793% CPU
Optimizing NNI: done in 0.253454 secs using 793.1% CPU
Optimizing NNI: done in 0.485156 secs using 793.1% CPU
Optimizing NNI: done in 0.254975 secs using 793.3% CPU
Optimizing NNI: done in 0.241451 secs using 791% CPU
Optimizing NNI: done in 0.340838 secs using 792.3% CPU
Iteration 580 / LogL: -2718.491 / Time: 0h:3m:48s (0h:0m:7s left)
Optimizing NNI: done in 0.248581 secs using 795% CPU
Optimizing NNI: done in 0.391195 secs using 793.6% CPU
Optimizing NNI: done in 0.537913 secs using 792.7% CPU
Optimizing NNI: done in 0.264835 secs using 793.2% CPU
Optimizing NNI: done in 0.406802 secs using 794.5% CPU
Optimizing NNI: done in 0.297531 secs using 791.6% CPU
Optimizing NNI: done in 0.355012 secs using 793.1% CPU
Optimizing NNI: done in 0.247107 secs using 793% CPU
Optimizing NNI: done in 0.347415 secs using 792.8% CPU
Optimizing NNI: done in 0.329358 secs using 792.7% CPU
Iteration 590 / LogL: -2724.351 / Time: 0h:3m:52s (0h:0m:3s left)
Optimizing NNI: done in 0.408659 secs using 792% CPU
Optimizing NNI: done in 0.60928 secs using 794.5% CPU
Optimizing NNI: done in 0.256468 secs using 794.5% CPU
Optimizing NNI: done in 0.324773 secs using 794.1% CPU
Optimizing NNI: done in 0.383086 secs using 794.9% CPU
Optimizing NNI: done in 0.299138 secs using 793.8% CPU
Optimizing NNI: done in 0.336597 secs using 792.6% CPU
Optimizing NNI: done in 0.331215 secs using 792.7% CPU
Optimizing NNI: done in 0.260279 secs using 792% CPU
Optimizing NNI: done in 0.392909 secs using 793.4% CPU
Iteration 600 / LogL: -2725.564 / Time: 0h:3m:57s (0h:0m:0s left)
Log-likelihood cutoff on original alignment: -2746.064
NOTE: Bootstrap correlation coefficient of split occurrence frequencies: 0.988
NOTE: UFBoot does not converge, continue at least 100 more iterations
Optimizing NNI: done in 0.314219 secs using 795.9% CPU
Optimizing NNI: done in 0.262621 secs using 791% CPU
Optimizing NNI: done in 0.268465 secs using 792% CPU
Optimizing NNI: done in 0.355534 secs using 791.9% CPU
Optimizing NNI: done in 0.366833 secs using 793.4% CPU
Optimizing NNI: done in 0.425039 secs using 794.8% CPU
Optimizing NNI: done in 0.27973 secs using 795.4% CPU
Optimizing NNI: done in 0.428843 secs using 793.9% CPU
Optimizing NNI: done in 0.541669 secs using 793.6% CPU
Optimizing NNI: done in 0.338456 secs using 794.6% CPU
Iteration 610 / LogL: -2718.492 / Time: 0h:4m:2s (0h:0m:35s left)
Optimizing NNI: done in 0.332124 secs using 794.2% CPU
Optimizing NNI: done in 0.345203 secs using 793.1% CPU
Optimizing NNI: done in 0.444136 secs using 793.3% CPU
Optimizing NNI: done in 0.42307 secs using 793.8% CPU
Optimizing NNI: done in 0.425749 secs using 792.6% CPU
Optimizing NNI: done in 0.381682 secs using 793.8% CPU
Optimizing NNI: done in 0.426321 secs using 795% CPU
Optimizing NNI: done in 0.368651 secs using 794.5% CPU
Optimizing NNI: done in 0.431835 secs using 795% CPU
Optimizing NNI: done in 0.334288 secs using 792.8% CPU
Iteration 620 / LogL: -2725.139 / Time: 0h:4m:7s (0h:0m:31s left)
Optimizing NNI: done in 0.357611 secs using 792.4% CPU
Optimizing NNI: done in 0.32909 secs using 793.2% CPU
Optimizing NNI: done in 0.177244 secs using 793.3% CPU
Optimizing NNI: done in 0.270914 secs using 793.6% CPU
Optimizing NNI: done in 0.323058 secs using 791.8% CPU
Optimizing NNI: done in 0.424358 secs using 792% CPU
Optimizing NNI: done in 0.317203 secs using 794% CPU
Optimizing NNI: done in 0.326493 secs using 794.2% CPU
Optimizing NNI: done in 0.474572 secs using 792.1% CPU
Optimizing NNI: done in 0.358845 secs using 788.2% CPU
Iteration 630 / LogL: -2725.625 / Time: 0h:4m:12s (0h:0m:28s left)
Optimizing NNI: done in 0.275407 secs using 793.7% CPU
Optimizing NNI: done in 0.328674 secs using 793.9% CPU
Optimizing NNI: done in 0.348861 secs using 793.3% CPU
Optimizing NNI: done in 0.182214 secs using 796.9% CPU
Optimizing NNI: done in 0.399395 secs using 791.6% CPU
Optimizing NNI: done in 0.33349 secs using 791.9% CPU
Optimizing NNI: done in 0.304466 secs using 795.6% CPU
Optimizing NNI: done in 0.397928 secs using 795% CPU
Optimizing NNI: done in 0.251323 secs using 793.9% CPU
Optimizing NNI: done in 0.323997 secs using 794% CPU
Iteration 640 / LogL: -2734.603 / Time: 0h:4m:16s (0h:0m:24s left)
Optimizing NNI: done in 0.283271 secs using 793.9% CPU
Optimizing NNI: done in 0.33685 secs using 794% CPU
Optimizing NNI: done in 0.321721 secs using 793.9% CPU
Optimizing NNI: done in 0.470755 secs using 794.6% CPU
Optimizing NNI: done in 0.346678 secs using 793.1% CPU
Optimizing NNI: done in 0.418063 secs using 792.2% CPU
Optimizing NNI: done in 0.418017 secs using 794% CPU
Optimizing NNI: done in 0.27396 secs using 793.5% CPU
Optimizing NNI: done in 0.319309 secs using 793.5% CPU
Optimizing NNI: done in 0.343652 secs using 793.6% CPU
Iteration 650 / LogL: -2733.484 / Time: 0h:4m:20s (0h:0m:20s left)
Log-likelihood cutoff on original alignment: -2747.398
Optimizing NNI: done in 0.363187 secs using 794.3% CPU
Optimizing NNI: done in 0.418197 secs using 793.5% CPU
Optimizing NNI: done in 0.347199 secs using 793.6% CPU
Optimizing NNI: done in 0.369245 secs using 793.5% CPU
Optimizing NNI: done in 0.569769 secs using 792.8% CPU
Optimizing NNI: done in 0.362993 secs using 792.8% CPU
Optimizing NNI: done in 0.272034 secs using 792.5% CPU
Optimizing NNI: done in 0.251209 secs using 794.6% CPU
Optimizing NNI: done in 0.316312 secs using 793.8% CPU
Optimizing NNI: done in 0.335579 secs using 795.4% CPU
Iteration 660 / LogL: -2718.493 / Time: 0h:4m:26s (0h:0m:16s left)
Optimizing NNI: done in 0.259173 secs using 792.1% CPU
Optimizing NNI: done in 0.252573 secs using 793% CPU
Optimizing NNI: done in 0.251929 secs using 791.8% CPU
Optimizing NNI: done in 0.345278 secs using 792.2% CPU
Optimizing NNI: done in 0.340913 secs using 793.7% CPU
Optimizing NNI: done in 0.348713 secs using 794.7% CPU
Optimizing NNI: done in 0.316011 secs using 793.9% CPU
Optimizing NNI: done in 0.36069 secs using 791.2% CPU
Optimizing NNI: done in 0.279408 secs using 791.8% CPU
Optimizing NNI: done in 0.272675 secs using 794.9% CPU
Iteration 670 / LogL: -2723.615 / Time: 0h:4m:30s (0h:0m:12s left)
Optimizing NNI: done in 0.469142 secs using 792.9% CPU
Optimizing NNI: done in 0.385992 secs using 793.1% CPU
Optimizing NNI: done in 0.371934 secs using 793.5% CPU
Optimizing NNI: done in 0.258625 secs using 795.3% CPU
Optimizing NNI: done in 0.320552 secs using 794.4% CPU
Optimizing NNI: done in 0.304161 secs using 795.6% CPU
Optimizing NNI: done in 0.314407 secs using 794.7% CPU
Optimizing NNI: done in 0.279807 secs using 791.7% CPU
Optimizing NNI: done in 0.33498 secs using 793.3% CPU
Optimizing NNI: done in 0.328848 secs using 795.4% CPU
Iteration 680 / LogL: -2718.492 / Time: 0h:4m:34s (0h:0m:8s left)
Optimizing NNI: done in 0.438106 secs using 793.2% CPU
Optimizing NNI: done in 0.46029 secs using 793.1% CPU
Optimizing NNI: done in 0.454898 secs using 794.6% CPU
Optimizing NNI: done in 0.241768 secs using 794.3% CPU
Optimizing NNI: done in 0.408444 secs using 794.8% CPU
Optimizing NNI: done in 0.387326 secs using 794.4% CPU
Optimizing NNI: done in 0.406971 secs using 793.6% CPU
Optimizing NNI: done in 0.259553 secs using 792.3% CPU
Optimizing NNI: done in 0.338566 secs using 792.7% CPU
Optimizing NNI: done in 0.472241 secs using 793.5% CPU
Iteration 690 / LogL: -2718.493 / Time: 0h:4m:39s (0h:0m:4s left)
Optimizing NNI: done in 0.401907 secs using 792.5% CPU
Optimizing NNI: done in 0.272731 secs using 792.8% CPU
Optimizing NNI: done in 0.352126 secs using 793.8% CPU
Optimizing NNI: done in 0.273507 secs using 792.7% CPU
Optimizing NNI: done in 0.283491 secs using 791.7% CPU
Optimizing NNI: done in 0.401649 secs using 794.3% CPU
Optimizing NNI: done in 0.431623 secs using 794.4% CPU
Optimizing NNI: done in 0.418176 secs using 794.2% CPU
Optimizing NNI: done in 0.32648 secs using 793.1% CPU
Optimizing NNI: done in 0.336334 secs using 793.5% CPU
Iteration 700 / LogL: -2724.008 / Time: 0h:4m:44s (0h:0m:0s left)
Log-likelihood cutoff on original alignment: -2747.398
NOTE: Bootstrap correlation coefficient of split occurrence frequencies: 0.963
NOTE: UFBoot does not converge, continue at least 100 more iterations
Optimizing NNI: done in 0.329658 secs using 793.7% CPU
Optimizing NNI: done in 0.309944 secs using 795.3% CPU
Optimizing NNI: done in 0.328323 secs using 793.3% CPU
Optimizing NNI: done in 0.446372 secs using 794.2% CPU
Optimizing NNI: done in 0.243412 secs using 793.3% CPU
Optimizing NNI: done in 0.359498 secs using 794.1% CPU
Optimizing NNI: done in 0.37087 secs using 794.8% CPU
Optimizing NNI: done in 0.339276 secs using 792.7% CPU
Optimizing NNI: done in 0.363007 secs using 795.1% CPU
Optimizing NNI: done in 0.391495 secs using 792.5% CPU
Iteration 710 / LogL: -2718.491 / Time: 0h:4m:49s (0h:0m:36s left)
Optimizing NNI: done in 0.489473 secs using 795% CPU
Optimizing NNI: done in 0.412582 secs using 793.3% CPU
Optimizing NNI: done in 0.391146 secs using 792.8% CPU
Optimizing NNI: done in 0.25764 secs using 792% CPU
Optimizing NNI: done in 0.475136 secs using 794.2% CPU
Optimizing NNI: done in 0.465288 secs using 793.1% CPU
Optimizing NNI: done in 0.516854 secs using 794.9% CPU
Optimizing NNI: done in 0.431965 secs using 793.5% CPU
Optimizing NNI: done in 0.490442 secs using 793.1% CPU
Optimizing NNI: done in 0.491923 secs using 793.6% CPU
Iteration 720 / LogL: -2718.491 / Time: 0h:4m:55s (0h:0m:32s left)
Optimizing NNI: done in 0.251485 secs using 793.1% CPU
Optimizing NNI: done in 0.332575 secs using 793.7% CPU
Optimizing NNI: done in 0.327364 secs using 794.3% CPU
Optimizing NNI: done in 0.403158 secs using 793.2% CPU
Optimizing NNI: done in 0.333775 secs using 792.5% CPU
Optimizing NNI: done in 0.264204 secs using 792.8% CPU
Optimizing NNI: done in 0.398774 secs using 793.7% CPU
Optimizing NNI: done in 0.337988 secs using 792.6% CPU
Optimizing NNI: done in 0.311993 secs using 793.4% CPU
Optimizing NNI: done in 0.321977 secs using 793.1% CPU
BETTER TREE FOUND at iteration 730: -2718.490
Iteration 730 / LogL: -2718.490 / Time: 0h:5m:0s (0h:0m:41s left)
Optimizing NNI: done in 0.349363 secs using 793.7% CPU
Optimizing NNI: done in 0.340875 secs using 794.1% CPU
Optimizing NNI: done in 0.393433 secs using 795.9% CPU
Optimizing NNI: done in 0.354715 secs using 793.5% CPU
Optimizing NNI: done in 0.251986 secs using 792.7% CPU
Optimizing NNI: done in 0.363009 secs using 793.9% CPU
Optimizing NNI: done in 0.323893 secs using 796.1% CPU
BETTER TREE FOUND at iteration 737: -2718.489
Optimizing NNI: done in 0.41683 secs using 794.3% CPU
Optimizing NNI: done in 0.366842 secs using 794.6% CPU
Optimizing NNI: done in 0.346373 secs using 793.8% CPU
Iteration 740 / LogL: -2726.351 / Time: 0h:5m:5s (0h:0m:40s left)
Optimizing NNI: done in 0.274193 secs using 793.6% CPU
Optimizing NNI: done in 0.17108 secs using 792.5% CPU
Optimizing NNI: done in 0.260589 secs using 794.5% CPU
Optimizing NNI: done in 0.35389 secs using 793.5% CPU
Optimizing NNI: done in 0.277441 secs using 790.8% CPU
Optimizing NNI: done in 0.260351 secs using 794.8% CPU
Optimizing NNI: done in 0.254338 secs using 793.7% CPU
Optimizing NNI: done in 0.281082 secs using 795% CPU
Optimizing NNI: done in 0.516412 secs using 794.8% CPU
Optimizing NNI: done in 0.260188 secs using 792.9% CPU
Iteration 750 / LogL: -2718.490 / Time: 0h:5m:9s (0h:0m:35s left)
Log-likelihood cutoff on original alignment: -2747.398
Optimizing NNI: done in 0.22957 secs using 794.5% CPU
Optimizing NNI: done in 0.368697 secs using 793.3% CPU
Optimizing NNI: done in 0.452441 secs using 794.6% CPU
Optimizing NNI: done in 0.356237 secs using 792.2% CPU
Optimizing NNI: done in 0.350444 secs using 793.8% CPU
Optimizing NNI: done in 0.350541 secs using 792.5% CPU
Optimizing NNI: done in 0.251216 secs using 795% CPU
Optimizing NNI: done in 0.344513 secs using 793.7% CPU
Optimizing NNI: done in 0.358139 secs using 791.7% CPU
Optimizing NNI: done in 0.435038 secs using 794.2% CPU
Iteration 760 / LogL: -2719.124 / Time: 0h:5m:14s (0h:0m:31s left)
Optimizing NNI: done in 0.444045 secs using 794.4% CPU
Optimizing NNI: done in 0.520716 secs using 794.4% CPU
Optimizing NNI: done in 0.41826 secs using 793.7% CPU
Optimizing NNI: done in 0.356096 secs using 794.6% CPU
Optimizing NNI: done in 0.275179 secs using 792.6% CPU
Optimizing NNI: done in 0.362233 secs using 794.9% CPU
Optimizing NNI: done in 0.387611 secs using 792.4% CPU
Optimizing NNI: done in 0.40229 secs using 793.9% CPU
Optimizing NNI: done in 0.330014 secs using 793.3% CPU
Optimizing NNI: done in 0.347484 secs using 792.3% CPU
Iteration 770 / LogL: -2726.122 / Time: 0h:5m:19s (0h:0m:27s left)
Optimizing NNI: done in 0.356235 secs using 792.8% CPU
Optimizing NNI: done in 0.389602 secs using 794.1% CPU
Optimizing NNI: done in 0.251558 secs using 795.7% CPU
Optimizing NNI: done in 0.345925 secs using 793.5% CPU
Optimizing NNI: done in 0.270921 secs using 791.1% CPU
Optimizing NNI: done in 0.329543 secs using 792% CPU
Optimizing NNI: done in 0.34297 secs using 794.3% CPU
Optimizing NNI: done in 0.275115 secs using 793.5% CPU
Optimizing NNI: done in 0.168675 secs using 795.9% CPU
Optimizing NNI: done in 0.306263 secs using 794% CPU
Iteration 780 / LogL: -2727.887 / Time: 0h:5m:24s (0h:0m:23s left)
Optimizing NNI: done in 0.468363 secs using 792.4% CPU
Optimizing NNI: done in 0.34787 secs using 794.3% CPU
Optimizing NNI: done in 0.359482 secs using 796.3% CPU
Optimizing NNI: done in 0.417388 secs using 792.2% CPU
Optimizing NNI: done in 0.433876 secs using 793.5% CPU
Optimizing NNI: done in 0.438813 secs using 791.8% CPU
Optimizing NNI: done in 0.325576 secs using 792.2% CPU
Optimizing NNI: done in 0.345746 secs using 793.9% CPU
Optimizing NNI: done in 0.350972 secs using 794.7% CPU
Optimizing NNI: done in 0.471283 secs using 791.9% CPU
Iteration 790 / LogL: -2718.491 / Time: 0h:5m:29s (0h:0m:19s left)
Optimizing NNI: done in 0.350894 secs using 792.9% CPU
Optimizing NNI: done in 0.461142 secs using 793.7% CPU
Optimizing NNI: done in 0.448401 secs using 793.3% CPU
Optimizing NNI: done in 0.343906 secs using 794.8% CPU
Optimizing NNI: done in 0.439947 secs using 792% CPU
Optimizing NNI: done in 0.440845 secs using 792.5% CPU
Optimizing NNI: done in 0.341921 secs using 793.3% CPU
Optimizing NNI: done in 0.452561 secs using 792.5% CPU
Optimizing NNI: done in 0.565399 secs using 793.9% CPU
Optimizing NNI: done in 0.367339 secs using 793.1% CPU
Iteration 800 / LogL: -2725.790 / Time: 0h:5m:35s (0h:0m:15s left)
Log-likelihood cutoff on original alignment: -2747.398
NOTE: Bootstrap correlation coefficient of split occurrence frequencies: 0.965
NOTE: UFBoot does not converge, continue at least 100 more iterations
Optimizing NNI: done in 0.292783 secs using 792.5% CPU
Optimizing NNI: done in 0.456433 secs using 794.8% CPU
Optimizing NNI: done in 0.355969 secs using 792.1% CPU
Optimizing NNI: done in 0.337655 secs using 794.6% CPU
Optimizing NNI: done in 0.253207 secs using 795.9% CPU
Optimizing NNI: done in 0.316126 secs using 792.5% CPU
Optimizing NNI: done in 0.471468 secs using 792.9% CPU
Optimizing NNI: done in 0.362502 secs using 794.8% CPU
Optimizing NNI: done in 0.258552 secs using 795.5% CPU
Optimizing NNI: done in 0.321589 secs using 795% CPU
Iteration 810 / LogL: -2725.860 / Time: 0h:5m:40s (0h:0m:37s left)
Optimizing NNI: done in 0.258183 secs using 793.3% CPU
Optimizing NNI: done in 0.33289 secs using 793.1% CPU
BETTER TREE FOUND at iteration 812: -2718.489
Optimizing NNI: done in 0.392609 secs using 794.8% CPU
Optimizing NNI: done in 0.326958 secs using 794.3% CPU
Optimizing NNI: done in 0.323707 secs using 792.8% CPU
Optimizing NNI: done in 0.342101 secs using 794.4% CPU
Optimizing NNI: done in 0.345538 secs using 794.8% CPU
Optimizing NNI: done in 0.34231 secs using 795.5% CPU
Optimizing NNI: done in 0.256521 secs using 792.4% CPU
Optimizing NNI: done in 0.323897 secs using 794.5% CPU
Iteration 820 / LogL: -2726.017 / Time: 0h:5m:45s (0h:0m:38s left)
Optimizing NNI: done in 0.331426 secs using 795.3% CPU
Optimizing NNI: done in 0.507113 secs using 793.8% CPU
Optimizing NNI: done in 0.353285 secs using 793.3% CPU
Optimizing NNI: done in 0.350208 secs using 793.5% CPU
Optimizing NNI: done in 0.273084 secs using 793.7% CPU
Optimizing NNI: done in 0.343659 secs using 794.8% CPU
Optimizing NNI: done in 0.327106 secs using 791.2% CPU
Optimizing NNI: done in 0.426345 secs using 794.7% CPU
Optimizing NNI: done in 0.33536 secs using 795.2% CPU
Optimizing NNI: done in 0.352558 secs using 793.7% CPU
Iteration 830 / LogL: -2731.628 / Time: 0h:5m:50s (0h:0m:34s left)
Optimizing NNI: done in 0.348119 secs using 794.6% CPU
Optimizing NNI: done in 0.423889 secs using 793.3% CPU
Optimizing NNI: done in 0.362887 secs using 791.7% CPU
Optimizing NNI: done in 0.340545 secs using 793.4% CPU
Optimizing NNI: done in 0.319451 secs using 792.2% CPU
Optimizing NNI: done in 0.349801 secs using 794.1% CPU
Optimizing NNI: done in 0.407289 secs using 794.6% CPU
Optimizing NNI: done in 0.269431 secs using 794.4% CPU
Optimizing NNI: done in 0.457938 secs using 793.4% CPU
Optimizing NNI: done in 0.311523 secs using 790.7% CPU
Iteration 840 / LogL: -2734.603 / Time: 0h:5m:55s (0h:0m:30s left)
Optimizing NNI: done in 0.450943 secs using 795.2% CPU
Optimizing NNI: done in 0.26445 secs using 796.1% CPU
Optimizing NNI: done in 0.348418 secs using 795.5% CPU
Optimizing NNI: done in 0.363455 secs using 793.7% CPU
Optimizing NNI: done in 0.427476 secs using 792.8% CPU
Optimizing NNI: done in 0.326978 secs using 792.5% CPU
Optimizing NNI: done in 0.54178 secs using 792.7% CPU
Optimizing NNI: done in 0.523029 secs using 794.4% CPU
Optimizing NNI: done in 0.270701 secs using 794.3% CPU
Optimizing NNI: done in 0.362439 secs using 794% CPU
Iteration 850 / LogL: -2722.687 / Time: 0h:6m:1s (0h:0m:26s left)
Log-likelihood cutoff on original alignment: -2747.398
Optimizing NNI: done in 0.424596 secs using 795.1% CPU
Optimizing NNI: done in 0.372528 secs using 793.2% CPU
Optimizing NNI: done in 0.364759 secs using 793.6% CPU
Optimizing NNI: done in 0.356268 secs using 793.1% CPU
Optimizing NNI: done in 0.440768 secs using 793.4% CPU
Optimizing NNI: done in 0.419289 secs using 793.1% CPU
Optimizing NNI: done in 0.446126 secs using 792.3% CPU
Optimizing NNI: done in 0.422295 secs using 795.1% CPU
Optimizing NNI: done in 0.376899 secs using 794.5% CPU
Optimizing NNI: done in 0.337848 secs using 795.2% CPU
Iteration 860 / LogL: -2718.492 / Time: 0h:6m:7s (0h:0m:22s left)
Optimizing NNI: done in 0.414562 secs using 792.9% CPU
Optimizing NNI: done in 0.400802 secs using 795.2% CPU
Optimizing NNI: done in 0.251418 secs using 793.2% CPU
Optimizing NNI: done in 0.262562 secs using 792.8% CPU
Optimizing NNI: done in 0.431161 secs using 793.9% CPU
Optimizing NNI: done in 0.357316 secs using 795.6% CPU
Optimizing NNI: done in 0.413836 secs using 792.8% CPU
Optimizing NNI: done in 0.41225 secs using 793.4% CPU
Optimizing NNI: done in 0.43664 secs using 793.1% CPU
Optimizing NNI: done in 0.50163 secs using 794% CPU
Iteration 870 / LogL: -2718.491 / Time: 0h:6m:12s (0h:0m:18s left)
Optimizing NNI: done in 0.43765 secs using 794% CPU
Optimizing NNI: done in 0.35463 secs using 794.5% CPU
Optimizing NNI: done in 0.366944 secs using 793.2% CPU
Optimizing NNI: done in 0.4037 secs using 794.3% CPU
Optimizing NNI: done in 0.265604 secs using 793.6% CPU
Optimizing NNI: done in 0.491017 secs using 793.6% CPU
Optimizing NNI: done in 0.368065 secs using 793.4% CPU
Optimizing NNI: done in 0.357339 secs using 792.7% CPU
Optimizing NNI: done in 0.353782 secs using 793.2% CPU
Optimizing NNI: done in 0.37254 secs using 793.6% CPU
Iteration 880 / LogL: -2718.492 / Time: 0h:6m:17s (0h:0m:13s left)
Optimizing NNI: done in 0.28361 secs using 793.2% CPU
Optimizing NNI: done in 0.275588 secs using 792.4% CPU
Optimizing NNI: done in 0.420488 secs using 793.7% CPU
Optimizing NNI: done in 0.277355 secs using 791.3% CPU
Optimizing NNI: done in 0.346687 secs using 795.5% CPU
Optimizing NNI: done in 0.343821 secs using 793.3% CPU
Optimizing NNI: done in 0.329557 secs using 792.1% CPU
Optimizing NNI: done in 0.168288 secs using 794% CPU
Optimizing NNI: done in 0.334606 secs using 793.4% CPU
Optimizing NNI: done in 0.374707 secs using 793.9% CPU
Iteration 890 / LogL: -2731.031 / Time: 0h:6m:22s (0h:0m:9s left)
Optimizing NNI: done in 0.331227 secs using 793% CPU
Optimizing NNI: done in 0.428177 secs using 794.7% CPU
Optimizing NNI: done in 0.332329 secs using 792.5% CPU
Optimizing NNI: done in 0.525053 secs using 794.4% CPU
Optimizing NNI: done in 0.50801 secs using 794.5% CPU
Optimizing NNI: done in 0.372594 secs using 794.1% CPU
Optimizing NNI: done in 0.361672 secs using 792.4% CPU
Optimizing NNI: done in 0.451775 secs using 793.2% CPU
Optimizing NNI: done in 0.362901 secs using 794.4% CPU
Optimizing NNI: done in 0.373293 secs using 791.6% CPU
Iteration 900 / LogL: -2718.490 / Time: 0h:6m:28s (0h:0m:5s left)
Log-likelihood cutoff on original alignment: -2747.680
NOTE: Bootstrap correlation coefficient of split occurrence frequencies: 0.969
NOTE: UFBoot does not converge, continue at least 100 more iterations
Optimizing NNI: done in 0.306797 secs using 792.4% CPU
Optimizing NNI: done in 0.511323 secs using 792.7% CPU
Optimizing NNI: done in 0.408303 secs using 792.3% CPU
Optimizing NNI: done in 0.323621 secs using 794.2% CPU
Optimizing NNI: done in 0.253095 secs using 793.7% CPU
Optimizing NNI: done in 0.416828 secs using 792.8% CPU
Optimizing NNI: done in 0.39792 secs using 794.6% CPU
Optimizing NNI: done in 0.338593 secs using 793.2% CPU
Optimizing NNI: done in 0.318846 secs using 795.1% CPU
Optimizing NNI: done in 0.356432 secs using 794.8% CPU
Iteration 910 / LogL: -2718.492 / Time: 0h:6m:34s (0h:0m:39s left)
Optimizing NNI: done in 0.28049 secs using 796.8% CPU
Optimizing NNI: done in 0.401945 secs using 793.1% CPU
Optimizing NNI: done in 0.417143 secs using 793.8% CPU
Optimizing NNI: done in 0.362814 secs using 795.7% CPU
Optimizing NNI: done in 0.303684 secs using 790.5% CPU
Optimizing NNI: done in 0.342318 secs using 794% CPU
Optimizing NNI: done in 0.418365 secs using 793.3% CPU
Optimizing NNI: done in 0.284697 secs using 792.1% CPU
Optimizing NNI: done in 0.259359 secs using 794.7% CPU
Optimizing NNI: done in 0.450051 secs using 794.6% CPU
Iteration 920 / LogL: -2726.030 / Time: 0h:6m:39s (0h:0m:34s left)
Optimizing NNI: done in 0.267057 secs using 793.5% CPU
Optimizing NNI: done in 0.434043 secs using 794.6% CPU
Optimizing NNI: done in 0.458554 secs using 793.6% CPU
Optimizing NNI: done in 0.420905 secs using 794% CPU
Optimizing NNI: done in 0.267814 secs using 795% CPU
Optimizing NNI: done in 0.212118 secs using 794% CPU
Optimizing NNI: done in 0.3436 secs using 791.6% CPU
Optimizing NNI: done in 0.594821 secs using 794.4% CPU
Optimizing NNI: done in 0.273449 secs using 791.5% CPU
Optimizing NNI: done in 0.42303 secs using 793.8% CPU
Iteration 930 / LogL: -2725.358 / Time: 0h:6m:44s (0h:0m:30s left)
Optimizing NNI: done in 0.259399 secs using 790.9% CPU
Optimizing NNI: done in 0.450062 secs using 793.4% CPU
Optimizing NNI: done in 0.418122 secs using 793.4% CPU
Optimizing NNI: done in 0.421966 secs using 793.7% CPU
Optimizing NNI: done in 0.45937 secs using 793.2% CPU
Optimizing NNI: done in 0.392733 secs using 793.7% CPU
Optimizing NNI: done in 0.405043 secs using 790.9% CPU
Optimizing NNI: done in 0.424469 secs using 792.3% CPU
Optimizing NNI: done in 0.343761 secs using 794.7% CPU
Optimizing NNI: done in 0.454794 secs using 793.8% CPU
Iteration 940 / LogL: -2718.490 / Time: 0h:6m:50s (0h:0m:26s left)
Optimizing NNI: done in 0.406784 secs using 791.9% CPU
Optimizing NNI: done in 0.341423 secs using 793.2% CPU
Optimizing NNI: done in 0.361075 secs using 793.7% CPU
Optimizing NNI: done in 0.386202 secs using 794.9% CPU
Optimizing NNI: done in 0.429683 secs using 792.7% CPU
Optimizing NNI: done in 0.346477 secs using 795.2% CPU
Optimizing NNI: done in 0.361293 secs using 792.5% CPU
Optimizing NNI: done in 0.356308 secs using 794.4% CPU
Optimizing NNI: done in 0.452148 secs using 793.7% CPU
Optimizing NNI: done in 0.426766 secs using 790.3% CPU
Iteration 950 / LogL: -2727.924 / Time: 0h:6m:56s (0h:0m:21s left)
Log-likelihood cutoff on original alignment: -2747.398
Optimizing NNI: done in 0.228702 secs using 792.9% CPU
Optimizing NNI: done in 0.176013 secs using 795.1% CPU
Optimizing NNI: done in 0.343594 secs using 793.3% CPU
Optimizing NNI: done in 0.355148 secs using 792.4% CPU
Optimizing NNI: done in 0.341327 secs using 793.7% CPU
Optimizing NNI: done in 0.345958 secs using 794.6% CPU
Optimizing NNI: done in 0.341519 secs using 793.2% CPU
Optimizing NNI: done in 0.282106 secs using 793.1% CPU
Optimizing NNI: done in 0.450834 secs using 793.3% CPU
Optimizing NNI: done in 0.414899 secs using 794.7% CPU
Iteration 960 / LogL: -2718.494 / Time: 0h:7m:1s (0h:0m:17s left)
Optimizing NNI: done in 0.265622 secs using 794.1% CPU
Optimizing NNI: done in 0.357672 secs using 793.8% CPU
Optimizing NNI: done in 0.253382 secs using 794.4% CPU
Optimizing NNI: done in 0.274189 secs using 792.4% CPU
Optimizing NNI: done in 0.334082 secs using 793.5% CPU
Optimizing NNI: done in 0.350657 secs using 790.8% CPU
Optimizing NNI: done in 0.411398 secs using 792.7% CPU
Optimizing NNI: done in 0.419005 secs using 793.1% CPU
Optimizing NNI: done in 0.26963 secs using 795.3% CPU
Optimizing NNI: done in 0.312334 secs using 795.9% CPU
Iteration 970 / LogL: -2718.492 / Time: 0h:7m:7s (0h:0m:13s left)
Optimizing NNI: done in 0.266261 secs using 793.9% CPU
Optimizing NNI: done in 0.181958 secs using 793.9% CPU
Optimizing NNI: done in 0.368347 secs using 793.7% CPU
Optimizing NNI: done in 0.503567 secs using 792.8% CPU
Optimizing NNI: done in 0.407591 secs using 792.7% CPU
Optimizing NNI: done in 0.332889 secs using 789.4% CPU
Optimizing NNI: done in 0.270775 secs using 794.2% CPU
Optimizing NNI: done in 0.404523 secs using 792.1% CPU
Optimizing NNI: done in 0.370423 secs using 796.1% CPU
Optimizing NNI: done in 0.350602 secs using 793.6% CPU
Iteration 980 / LogL: -2718.491 / Time: 0h:7m:12s (0h:0m:8s left)
Optimizing NNI: done in 0.311405 secs using 793.1% CPU
Optimizing NNI: done in 0.430327 secs using 794.2% CPU
Optimizing NNI: done in 0.368359 secs using 794.9% CPU
Optimizing NNI: done in 0.406024 secs using 794.4% CPU
Optimizing NNI: done in 0.265671 secs using 792.2% CPU
Optimizing NNI: done in 0.427044 secs using 793.4% CPU
Optimizing NNI: done in 0.336 secs using 793.4% CPU
Optimizing NNI: done in 0.354877 secs using 792.1% CPU
Optimizing NNI: done in 0.272539 secs using 795.8% CPU
Optimizing NNI: done in 0.335534 secs using 793.7% CPU
Iteration 990 / LogL: -2718.490 / Time: 0h:7m:17s (0h:0m:4s left)
Optimizing NNI: done in 0.256483 secs using 792.4% CPU
Optimizing NNI: done in 0.412389 secs using 792.9% CPU
Optimizing NNI: done in 0.312001 secs using 792.5% CPU
Optimizing NNI: done in 0.265543 secs using 791.5% CPU
Optimizing NNI: done in 0.320868 secs using 794.4% CPU
Optimizing NNI: done in 0.414955 secs using 793% CPU
Optimizing NNI: done in 0.408131 secs using 792.9% CPU
Optimizing NNI: done in 0.310631 secs using 793.7% CPU
Optimizing NNI: done in 0.34391 secs using 794.1% CPU
Optimizing NNI: done in 0.38632 secs using 793% CPU
Iteration 1000 / LogL: -2740.349 / Time: 0h:7m:23s (0h:0m:0s left)
Log-likelihood cutoff on original alignment: -2747.314
NOTE: Bootstrap correlation coefficient of split occurrence frequencies: 0.967
NOTE: UFBoot does not converge, continue at least 100 more iterations
Optimizing NNI: done in 0.239471 secs using 793.9% CPU
WARNING: bootstrap analysis did not converge. You should rerun with higher number of iterations (-nm option)
TREE SEARCH COMPLETED AFTER 1001 ITERATIONS / Time: 0h:7m:24s

--------------------------------------------------------------------
|                    FINALIZING TREE SEARCH                        |
--------------------------------------------------------------------
Performs final model parameters optimization
Estimate model parameters (epsilon = 0.010)
1. Initial log-likelihood: -2718.489
Optimal log-likelihood: -2718.489
Gamma shape alpha: 0.360
Parameters optimization took 1 rounds (0.058 sec)
BEST SCORE FOUND : -2718.489
Creating bootstrap support values...
Split supports printed to NEXUS file results/per_year_unclustered/VicB/trees/VicB_2014_with_designs.splits.nex
Total tree length: 0.200

Total number of iterations: 1001
CPU time used for tree search: 2912.615 sec (0h:48m:32s)
Wall-clock time used for tree search: 443.536 sec (0h:7m:23s)
Total CPU time used: 2916.824 sec (0h:48m:36s)
Total wall-clock time used: 444.519 sec (0h:7m:24s)

Computing bootstrap consensus tree...
Reading input file results/per_year_unclustered/VicB/trees/VicB_2014_with_designs.splits.nex...
92 taxa and 4854 splits.
Consensus tree written to results/per_year_unclustered/VicB/trees/VicB_2014_with_designs.contree
Reading input trees file results/per_year_unclustered/VicB/trees/VicB_2014_with_designs.contree
Log-likelihood of consensus tree: -2718.501

Analysis results written to: 
  IQ-TREE report:                results/per_year_unclustered/VicB/trees/VicB_2014_with_designs.iqtree
  Maximum-likelihood tree:       results/per_year_unclustered/VicB/trees/VicB_2014_with_designs.treefile
  Likelihood distances:          results/per_year_unclustered/VicB/trees/VicB_2014_with_designs.mldist

Ultrafast bootstrap approximation results written to:
  Split support values:          results/per_year_unclustered/VicB/trees/VicB_2014_with_designs.splits.nex
  Consensus tree:                results/per_year_unclustered/VicB/trees/VicB_2014_with_designs.contree
  Screen log file:               results/per_year_unclustered/VicB/trees/VicB_2014_with_designs.log

Date and Time: Sat Nov 22 10:37:02 2025
