IQ-TREE version 3.0.1 for Linux x86 64-bit built Jul  9 2025
Developed by Bui Quang Minh, Thomas Wong, Nhan Ly-Trong, Huaiyan Ren
Contributed by Lam-Tung Nguyen, Dominik Schrempf, Chris Bielow,
Olga Chernomor, Michael Woodhams, Diep Thi Hoang, Heiko Schmidt

Host:    rtis-hpc-r01.uod.otago.ac.nz (AVX2, FMA3, 1007 GB RAM)
Command: iqtree -s results/per_year_clustered/H3N2/alignments/H3N2_2017_aligned.fasta -m LG+G4 -te results/per_year_clustered/H3N2/trees/H3N2_2017.treefile -asr -pre results/per_year_clustered/H3N2/trees/H3N2_2017_asr -redo -quiet
Seed:    412229 (Using SPRNG - Scalable Parallel Random Number Generator)
Time:    Sat Nov 22 10:57:22 2025
Kernel:  AVX+FMA - 1 threads (8 CPU cores detected)

HINT: Use -nt option to specify number of threads because your CPU has 8 cores!
HINT: -nt AUTO will automatically determine the best number of threads to use.

Reading alignment file results/per_year_clustered/H3N2/alignments/H3N2_2017_aligned.fasta ... Fasta format detected
Reading fasta file: done in 0.000534502 secs using 99.72% CPU
Alignment most likely contains protein sequences
Constructing alignment: done in 0.000394268 secs using 99.93% CPU
Alignment has 63 sequences with 578 columns, 309 distinct patterns
324 parsimony-informative, 29 singleton sites, 225 constant sites
                                                                        Gap/Ambiguity  Composition  p-value
Analyzing sequences: done in 5.54444e-05 secs using 99.2% CPU
   1  EPI995630|HA|A/KANAGAWA/IC1623/2017|EPI_ISL_262988|A_/_H3N2               2.08%    passed    100.00%
   2  EPI995638|HA|A/KANAGAWA/IC1624/2017|EPI_ISL_262989|A_/_H3N2               2.08%    passed    100.00%
   3  EPI1161806|HA|A/Laos/2916/2017|EPI_ISL_295868|A_/_H3N2                    2.08%    passed    100.00%
   4  EPI1899303|HA|A/Thailand/B24411/2017|EPI_ISL_4064283|A_/_H3N2             2.08%    passed    100.00%
   5  EPI1163464|HA|A/Saitama/248/2017|EPI_ISL_296094|A_/_H3N2                  2.08%    passed    100.00%
   6  EPI997213|HA|A/NIIGATA/186/2017|EPI_ISL_263364|A_/_H3N2                   2.08%    passed    100.00%
   7  EPI1165778|HA|A/Laos/3620/2017|EPI_ISL_296448|A_/_H3N2                    2.08%    passed    100.00%
   8  EPI1002850|HA|A/HOKKAIDO/16/2017|EPI_ISL_264332|A_/_H3N2                  2.08%    passed    100.00%
   9  EPI1002842|HA|A/NIIGATA/170/2017|EPI_ISL_264328|A_/_H3N2                  2.08%    passed    100.00%
  10  EPI1169063|HA|A/YOKOHAMA/179/2017|EPI_ISL_297229|A_/_H3N2                 2.08%    passed    100.00%
  11  EPI2116870|HA|A/Saudi_Arabia/VRG-44/2017|EPI_ISL_14223941|A_/_H3N2        2.08%    passed    100.00%
  12  EPI1174647|HA|A/Maldives/1428/2017|EPI_ISL_298386|A_/_H3N2                2.08%    passed    100.00%
  13  EPI1179434|HA|A/Naknon_Si_Thammarat/2361/2017|EPI_ISL_299644|A_/_H3N2     2.08%    passed    100.00%
  14  EPI1179572|HA|A/Philippines/16/2017|EPI_ISL_299690|A_/_H3N2               2.08%    passed    100.00%
  15  EPI1195189|HA|A/KANAGAWA/ZC1709/2017|EPI_ISL_302790|A_/_H3N2              2.08%    passed    100.00%
  16  EPI1030552|HA|A/South_Korea/5744/2017|EPI_ISL_270892|A_/_H3N2             2.08%    passed    100.00%
  17  EPI1205442|HA|A/Philippines/0745/2017|EPI_ISL_305005|A_/_H3N2             2.08%    passed    100.00%
  18  EPI1217842|HA|A/GUNMA/140/2017|EPI_ISL_307396|A_/_H3N2                    2.08%    passed    100.00%
  19  EPI1224407|HA|A/KANAGAWA/AC1704/2017|EPI_ISL_308933|A_/_H3N2              2.08%    passed    100.00%
  20  EPI1057808|HA|A/MIYAZAKI/89/2017|EPI_ISL_277432|A_/_H3N2                  2.08%    passed    100.00%
  21  EPI1065016|HA|A/KANAGAWA/ZC1617/2017|EPI_ISL_279062|A_/_H3N2              2.08%    passed    100.00%
  22  EPI1077131|HA|A/KANAGAWA/IC1610/2017|EPI_ISL_281381|A_/_H3N2              2.08%    passed    100.00%
  23  EPI1086408|HA|A/IWATE/65/2017|EPI_ISL_282947|A_/_H3N2                     2.08%    passed    100.00%
  24  EPI1087471|HA|A/Singapore/TT1336/2017|EPI_ISL_283100|A_/_H3N2             2.08%    passed    100.00%
  25  EPI1133559|HA|A/Thailand/CU-B20712/2017|EPI_ISL_290131|A_/_H3N2           2.08%    passed    100.00%
  26  EPI970848|HA|A/KANAGAWA/IC1633/2017|EPI_ISL_257923|A_/_H3N2               2.08%    passed    100.00%
  27  EPI1142266|HA|A/Pakistan/197/2017|EPI_ISL_291705|A_/_H3N2                 2.08%    passed    100.00%
  28  EPI990888|HA|A/MIE/9/2017|EPI_ISL_262076|A_/_H3N2                         2.08%    passed    100.00%
  29  EPI1017017|HA|A/Khmelnitsky/136/2017|EPI_ISL_268363|A_/_H3N2              2.08%    passed    100.00%
  30  EPI1029301|HA|A/England/19/2017|EPI_ISL_270527|A_/_H3N2                   2.08%    passed    100.00%
  31  EPI1030436|HA|A/England/70400233/2017|EPI_ISL_270794|A_/_H3N2             2.08%    passed    100.00%
  32  EPI2183841|HA|A/Catalonia/NSVH100560904/2017|EPI_ISL_15082402|A_/_H3N2    2.08%    passed    100.00%
  33  EPI2183709|HA|A/Catalonia/NSVH100554954/2017|EPI_ISL_15082395|A_/_H3N2    2.08%    passed    100.00%
  34  EPI1568949|HA|A/Basel/USB001585.4/2017|EPI_ISL_382177|A_/_H3N2            2.08%    passed    100.00%
  35  EPI1568983|HA|A/Basel/USB002431.4/2017|EPI_ISL_382211|A_/_H3N2            2.08%    passed    100.00%
  36  EPI1569197|HA|A/Basel/USB002874.4/2017|EPI_ISL_382425|A_/_H3N2            2.08%    passed    100.00%
  37  EPI1569218|HA|A/Basel/USB002916.4/2017|EPI_ISL_382446|A_/_H3N2            2.08%    passed    100.00%
  38  EPI1139155|HA|A/England/74680316/2017|EPI_ISL_291010|A_/_H3N2             2.08%    passed    100.00%
  39  EPI1144853|HA|A/England/75260815/2017|EPI_ISL_292290|A_/_H3N2             2.08%    passed    100.00%
  40  EPI1152227|HA|A/England/75240051/2017|EPI_ISL_293651|A_/_H3N2             2.08%    passed    100.00%
  41  EPI1611599|HA|A/Brisbane/138/2017|EPI_ISL_396211|A_/_H3N2                 2.08%    passed    100.00%
  42  EPI1612529|HA|A/Newcastle/113/2017|EPI_ISL_396327|A_/_H3N2                2.08%    passed    100.00%
  43  EPI1612857|HA|A/Newcastle/179/2017|EPI_ISL_396369|A_/_H3N2                2.08%    passed    100.00%
  44  EPI1615469|HA|A/Sydney/513/2017|EPI_ISL_396696|A_/_H3N2                   2.08%    passed    100.00%
  45  EPI1615781|HA|A/Sydney/562/2017|EPI_ISL_396735|A_/_H3N2                   2.08%    passed    100.00%
  46  EPI1616789|HA|A/Victoria/558/2017|EPI_ISL_396861|A_/_H3N2                 2.08%    passed    100.00%
  47  EPI1616877|HA|A/Victoria/603/2017|EPI_ISL_396872|A_/_H3N2                 2.08%    passed    100.00%
  48  EPI1617045|HA|A/Victoria/670/2017|EPI_ISL_396893|A_/_H3N2                 2.08%    passed    100.00%
  49  EPI1179429|HA|A/Sydney/1200/2017|EPI_ISL_299642|A_/_H3N2                  2.08%    passed    100.00%
  50  EPI1021933|HA|A/Darwin/1005/2017|EPI_ISL_269271|A_/_H3N2                  2.08%    passed    100.00%
  51  EPI1022472|HA|A/South_Auckland/16/2017|EPI_ISL_269453|A_/_H3N2            2.08%    passed    100.00%
  52  EPI1207923|HA|A/Brisbane/185/2017|EPI_ISL_305343|A_/_H3N2                 2.08%    passed    100.00%
  53  EPI1044851|HA|A/Sydney/103/2017|EPI_ISL_274988|A_/_H3N2                   2.08%    passed    100.00%
  54  EPI1044845|HA|A/Newcastle/35/2017|EPI_ISL_274985|A_/_H3N2                 2.08%    passed    100.00%
  55  EPI1087569|HA|A/Brisbane/140/2017|EPI_ISL_283124|A_/_H3N2                 2.08%    passed    100.00%
  56  EPI1126128|HA|A/Sydney/1123/2017|EPI_ISL_288906|A_/_H3N2                  2.08%    passed    100.00%
  57  EPI1440492|HA|A/Newcastle/78/2017|EPI_ISL_355879|A_/_H3N2                 2.08%    passed    100.00%
  58  EPI1140339|HA|A/Victoria/746/2017|EPI_ISL_291277|A_/_H3N2                 2.08%    passed    100.00%
  59  EPI1319890|HA|A/Slovenia/2794/2017|EPI_ISL_331396|A_/_H1N1                2.08%    passed     12.01%
  60  EPI1262191|HA|A/Halmstad/4/2017|EPI_ISL_316689|A_/_H1N1                   2.08%    passed     13.21%
  61  EPI1112356|HA|A/England/56/2017|EPI_ISL_286831|A_/_H1N1                   2.08%    passed     31.71%
  62  EPI1152187|HA|A/England/75180460/2017|EPI_ISL_293646|A_/_H1N1             2.08%    passed      9.69%
  63  EPI1152235|HA|A/England/75240072/2017|EPI_ISL_293652|A_/_H1N1             2.08%    passed     28.95%
****  TOTAL                                                                     2.08%  0 sequences failed composition chi2 test (p-value<5%; df=19)
Reading input tree file results/per_year_clustered/H3N2/trees/H3N2_2017.treefile ...

NOTE: 12 MB RAM (0 GB) is required!
Estimate model parameters (epsilon = 0.010)
1. Initial log-likelihood: -5087.361
2. Current log-likelihood: -5083.922
3. Current log-likelihood: -5083.140
4. Current log-likelihood: -5083.033
5. Current log-likelihood: -5083.015
Optimal log-likelihood: -5083.012
Gamma shape alpha: 0.719
Parameters optimization took 5 rounds (1.296 sec)
Wrote distance file to... 
BEST SCORE FOUND : -5083.012
Ancestral state probabilities printed to results/per_year_clustered/H3N2/trees/H3N2_2017_asr.state
Total tree length: 2.443

Total number of iterations: 0
CPU time used for tree search: 0.000 sec (0h:0m:0s)
Wall-clock time used for tree search: 0.000 sec (0h:0m:0s)
Total CPU time used: 1.530 sec (0h:0m:1s)
Total wall-clock time used: 1.607 sec (0h:0m:1s)

Analysis results written to: 
  IQ-TREE report:                results/per_year_clustered/H3N2/trees/H3N2_2017_asr.iqtree
  Maximum-likelihood tree:       results/per_year_clustered/H3N2/trees/H3N2_2017_asr.treefile
  Ancestral state:               results/per_year_clustered/H3N2/trees/H3N2_2017_asr.state
  Screen log file:               results/per_year_clustered/H3N2/trees/H3N2_2017_asr.log

Date and Time: Sat Nov 22 10:57:24 2025
