IQ-TREE version 3.0.1 for Linux x86 64-bit built Jul  9 2025
Developed by Bui Quang Minh, Thomas Wong, Nhan Ly-Trong, Huaiyan Ren
Contributed by Lam-Tung Nguyen, Dominik Schrempf, Chris Bielow,
Olga Chernomor, Michael Woodhams, Diep Thi Hoang, Heiko Schmidt

Host:    rtis-hpc-r09.uod.otago.ac.nz (AVX2, FMA3, 1006 GB RAM)
Command: iqtree -s results/per_year_clustered/H3N2/alignments/H3N2_2016_aligned.fasta -m LG+G4 -bb 1000 -nt 16 -pre results/per_year_clustered/H3N2/trees/H3N2_2016 -redo -quiet
Seed:    850988 (Using SPRNG - Scalable Parallel Random Number Generator)
Time:    Thu Nov 20 18:42:40 2025
Kernel:  AVX+FMA - 16 threads (16 CPU cores detected)

Reading alignment file results/per_year_clustered/H3N2/alignments/H3N2_2016_aligned.fasta ... Fasta format detected
Reading fasta file: done in 0.00035732 secs using 50.1% CPU
Alignment most likely contains protein sequences
Constructing alignment: done in 0.000474318 secs using 665.6% CPU
Alignment has 41 sequences with 578 columns, 292 distinct patterns
318 parsimony-informative, 28 singleton sites, 232 constant sites
                                                                            Gap/Ambiguity  Composition  p-value
Analyzing sequences: done in 0.0123749 secs using 793.7% CPU
   1  EPI991565|HA|A/Kazakhstan/4928/2016|EPI_ISL_262205|A_/_H3N2                   2.08%    passed    100.00%
   2  EPI991591|HA|A/Kazakhstan/4962/2016|EPI_ISL_262214|A_/_H3N2                   2.08%    passed    100.00%
   3  EPI809637|HA|A/TOYAMA/72/2016|EPI_ISL_229785|A_/_H3N2                         2.08%    passed    100.00%
   4  EPI993991|HA|A/Vietnam/6032/2016|EPI_ISL_262625|A_/_H3N2                      2.08%    passed    100.00%
   5  EPI998291|HA|A/Linkou/0166/2016|EPI_ISL_263397|A_/_H3N2                       2.08%    passed    100.00%
   6  EPI1609046|HA|A/Lebanon/1326/2016|EPI_ISL_395357|A_/_H3N2                     2.08%    passed    100.00%
   7  EPI1003527|HA|A/Laos/F2884/2016|EPI_ISL_264438|A_/_H3N2                       2.08%    passed    100.00%
   8  EPI832493|HA|A/Oman/5191/2016|EPI_ISL_233476|A_/_H3N2                         2.08%    passed    100.00%
   9  EPI1014968|HA|A/Japan/5603/2016|EPI_ISL_267802|A_/_H3N2                       2.08%    passed    100.00%
  10  EPI1030493|HA|A/Japan/5685/2016|EPI_ISL_270833|A_/_H3N2                       2.08%    passed    100.00%
  11  EPI867258|HA|A/Saudi_Arabia/193229/2016|EPI_ISL_239506|A_/_H3N2               2.08%    passed    100.00%
  12  EPI2380605|HA|A/Manila/AFPA-02075/2016|EPI_ISL_16854265|A_/_H3N2              2.08%    passed    100.00%
  13  EPI1055957|HA|A/Singapore/GP2646/2016|EPI_ISL_277145|A_/_H3N2                 2.08%    passed    100.00%
  14  EPI1536821|HA|A/Cheongju/G03554/2016|EPI_ISL_376102|A_/_H3N2                  2.08%    passed    100.00%
  15  EPI1536832|HA|A/Cheongju/G03596/2016|EPI_ISL_376113|A_/_H3N2                  2.08%    passed    100.00%
  16  EPI901648|HA|A/Taiwan/889/2016|EPI_ISL_245987|A_/_H3N2                        2.08%    passed    100.00%
  17  EPI943152|HA|A/YOKOHAMA/158/2016|EPI_ISL_253067|A_/_H3N2                      2.08%    passed    100.00%
  18  EPI943336|HA|A/FUKUSHIMA/131/2016|EPI_ISL_253164|A_/_H3N2                     2.08%    passed    100.00%
  19  EPI2153896|HA|A/Saudi_Arabia/VRG-01/2016|EPI_ISL_14835608|A_/_H3N2            2.08%    passed    100.00%
  20  EPI952531|HA|A/MIE/29/2016|EPI_ISL_254696|A_/_H3N2                            2.08%    passed    100.00%
  21  EPI1133557|HA|A/Thailand/CU-B20369/2016|EPI_ISL_290129|A_/_H3N2               2.08%    passed    100.00%
  22  EPI780936|HA|A/Singapore/INFGP-16-1223/2016|EPI_ISL_225952|A_/_H3N2           2.08%    passed    100.00%
  23  EPI978716|HA|A/Oman/7571/2016|EPI_ISL_259580|A_/_H3N2                         2.08%    passed    100.00%
  24  EPI831429|HA|A/Scotland/63440574/2016|EPI_ISL_233207|A_/_H3N2                 2.08%    passed    100.00%
  25  EPI1040800|HA|A/Ukraine/7733/2016|EPI_ISL_274144|A_/_H3N2                     2.08%    passed    100.00%
  26  EPI881857|HA|A/Sweden/76/2016|EPI_ISL_241921|A_/_H3N2                         2.08%    passed    100.00%
  27  EPI974290|HA|A/Asturias/26760/2016|EPI_ISL_258585|A_/_H3N2                    2.08%    passed    100.00%
  28  EPI831645|HA|A/Sydney/171/2016|EPI_ISL_233283|A_/_H3N2                        2.08%    passed    100.00%
  29  EPI2053148|HA|A/Newcastle/60/2016|EPI_ISL_13046471|A_/_H3N2                   2.08%    passed    100.00%
  30  EPI1021989|HA|A/Tasmania/219/2016|EPI_ISL_269291|A_/_H3N2                     2.08%    passed    100.00%
  31  EPI869222|HA|A/Brisbane/224/2016|EPI_ISL_239901|A_/_H3N2                      2.08%    passed    100.00%
  32  EPI919378|HA|A/South_Australia/149/2016|EPI_ISL_249233|A_/_H3N2               2.08%    passed    100.00%
  33  EPI1127244|HA|A/Brisbane/66/2016|EPI_ISL_289133|A_/_H3N2                      2.08%    passed    100.00%
  34  EPI814985|HA|A/Kyiv/317/2016|EPI_ISL_230435|A_/_H1N1                          2.08%    passed     54.17%
  35  EPI815140|HA|A/Odessa/688/2016|EPI_ISL_230454|A_/_H1N1                        2.08%    passed     66.38%
  36  EPI815205|HA|A/Odessa/697/2016|EPI_ISL_230462|A_/_H1N1                        2.08%    passed     57.32%
  37  EPI2183058|HA|A/Catalonia/NSVH100373132/2016|EPI_ISL_15082352|A_/_H1N1        2.08%    passed     73.03%
  38  EPI876536|HA|A/England/60260150/2016|EPI_ISL_241122|A_/_H1N1                  2.08%    passed     52.89%
  39  EPI878577|HA|A/England/571/2016|EPI_ISL_241405|A_/_H1N1                       2.08%    passed     65.97%
  40  EPI1041347|HA|A/_London/16U426028-92_S44_L001/2016|EPI_ISL_274267|A_/_H1N1    2.08%    passed     67.24%
  41  EPI729914|HA|A/Sweden/18/2016|EPI_ISL_215612|A_/_H1N1                         2.08%    passed     54.61%
****  TOTAL                                                                         2.08%  0 sequences failed composition chi2 test (p-value<5%; df=19)
Checking for duplicate sequences: done in 0.0124301 secs using 801.8% CPU
Creating fast initial parsimony tree by random order stepwise addition...
0.966 seconds, parsimony score: 491 (based on 346 sites)
Generating 1000 samples for ultrafast bootstrap (seed: 850988)...

NOTE: 9 MB RAM (0 GB) is required!
WARNING: Number of threads seems too high for short alignments. Use -T AUTO to determine best number of threads.
Estimate model parameters (epsilon = 0.100)
1. Initial log-likelihood: -4342.784
2. Current log-likelihood: -4334.903
3. Current log-likelihood: -4334.450
Optimal log-likelihood: -4334.421
Gamma shape alpha: 0.900
Parameters optimization took 3 rounds (0.072 sec)
Wrote distance file to... 
Computing ML distances based on estimated model parameters...
Calculating distance matrix: done in 0.0101121 secs using 1576% CPU
Computing ML distances took 0.010190 sec (of wall-clock time) 0.174418 sec (of CPU time)
Setting up auxiliary I and S matrices: done in 0.0012781 secs using 5.712% CPU
Constructing RapidNJ tree: done in 0.0564833 secs using 55.58% CPU
Computing RapidNJ tree took 0.057788 sec (of wall-clock time) 0.031500 sec (of CPU time)
Log-likelihood of RapidNJ tree: -4356.973
--------------------------------------------------------------------
|             INITIALIZING CANDIDATE TREE SET                      |
--------------------------------------------------------------------
Generating 98 parsimony trees... 0.045 second
Computing log-likelihood of 98 initial trees ... 0.762 seconds
Current best score: -4323.417

Do NNI search on 20 best initial trees
Optimizing NNI: done in 0.360744 secs using 1586% CPU
Estimate model parameters (epsilon = 0.100)
BETTER TREE FOUND at iteration 1: -4321.132
Optimizing NNI: done in 0.199699 secs using 1584% CPU
Optimizing NNI: done in 0.270393 secs using 1586% CPU
Optimizing NNI: done in 0.125338 secs using 1597% CPU
Optimizing NNI: done in 0.209289 secs using 1595% CPU
Optimizing NNI: done in 0.197467 secs using 1586% CPU
Optimizing NNI: done in 0.138673 secs using 1582% CPU
Optimizing NNI: done in 0.311087 secs using 1588% CPU
Optimizing NNI: done in 0.12597 secs using 1588% CPU
Optimizing NNI: done in 0.200849 secs using 1590% CPU
Iteration 10 / LogL: -4326.407 / Time: 0h:0m:6s
Optimizing NNI: done in 0.179477 secs using 1585% CPU
Optimizing NNI: done in 0.10574 secs using 1595% CPU
Optimizing NNI: done in 0.197054 secs using 1590% CPU
Optimizing NNI: done in 0.103985 secs using 1590% CPU
Optimizing NNI: done in 0.228983 secs using 1589% CPU
Optimizing NNI: done in 0.187973 secs using 1590% CPU
Optimizing NNI: done in 0.153588 secs using 1585% CPU
Optimizing NNI: done in 0.200139 secs using 1583% CPU
Optimizing NNI: done in 0.121785 secs using 1589% CPU
Optimizing NNI: done in 0.297686 secs using 1591% CPU
Iteration 20 / LogL: -4323.185 / Time: 0h:0m:8s
Finish initializing candidate tree set (20)
Current best tree score: -4321.132 / CPU time: 4.784
Number of iterations: 20
--------------------------------------------------------------------
|               OPTIMIZING CANDIDATE TREE SET                      |
--------------------------------------------------------------------
Optimizing NNI: done in 0.268708 secs using 1589% CPU
Optimizing NNI: done in 0.224807 secs using 1590% CPU
Optimizing NNI: done in 0.214482 secs using 1586% CPU
Optimizing NNI: done in 0.343899 secs using 1588% CPU
Optimizing NNI: done in 0.218265 secs using 1593% CPU
Optimizing NNI: done in 0.501364 secs using 1590% CPU
Optimizing NNI: done in 0.229774 secs using 1590% CPU
Optimizing NNI: done in 0.419764 secs using 1586% CPU
Estimate model parameters (epsilon = 0.100)
BETTER TREE FOUND at iteration 28: -4320.558
Optimizing NNI: done in 0.41338 secs using 1587% CPU
Optimizing NNI: done in 0.495955 secs using 1590% CPU
BETTER TREE FOUND at iteration 30: -4320.557
Iteration 30 / LogL: -4320.557 / Time: 0h:0m:11s (0h:0m:35s left)
Optimizing NNI: done in 0.184735 secs using 1592% CPU
Optimizing NNI: done in 0.123087 secs using 1590% CPU
Optimizing NNI: done in 0.224104 secs using 1586% CPU
Optimizing NNI: done in 0.154782 secs using 1594% CPU
Optimizing NNI: done in 0.347768 secs using 1590% CPU
Optimizing NNI: done in 0.491461 secs using 1591% CPU
Optimizing NNI: done in 0.117373 secs using 1586% CPU
Optimizing NNI: done in 0.153747 secs using 1591% CPU
Optimizing NNI: done in 0.269599 secs using 1592% CPU
Optimizing NNI: done in 0.354138 secs using 1593% CPU
Iteration 40 / LogL: -4323.104 / Time: 0h:0m:13s (0h:0m:29s left)
Optimizing NNI: done in 0.182747 secs using 1590% CPU
Optimizing NNI: done in 0.587322 secs using 1589% CPU
Optimizing NNI: done in 0.197139 secs using 1587% CPU
Optimizing NNI: done in 0.122388 secs using 1593% CPU
Optimizing NNI: done in 0.0814703 secs using 1599% CPU
Optimizing NNI: done in 0.204507 secs using 1593% CPU
Optimizing NNI: done in 0.266865 secs using 1589% CPU
Optimizing NNI: done in 0.204978 secs using 1586% CPU
Optimizing NNI: done in 0.411609 secs using 1588% CPU
Optimizing NNI: done in 0.309033 secs using 1584% CPU
Iteration 50 / LogL: -4323.103 / Time: 0h:0m:16s (0h:0m:24s left)
Log-likelihood cutoff on original alignment: -4346.522
Optimizing NNI: done in 0.249375 secs using 1583% CPU
Optimizing NNI: done in 0.127527 secs using 1593% CPU
Optimizing NNI: done in 0.295296 secs using 1590% CPU
Optimizing NNI: done in 0.442541 secs using 1587% CPU
Optimizing NNI: done in 0.174745 secs using 1590% CPU
Optimizing NNI: done in 0.242693 secs using 1584% CPU
Optimizing NNI: done in 0.210909 secs using 1591% CPU
Optimizing NNI: done in 0.133671 secs using 1592% CPU
Optimizing NNI: done in 0.258594 secs using 1585% CPU
Optimizing NNI: done in 0.398847 secs using 1589% CPU
Iteration 60 / LogL: -4320.561 / Time: 0h:0m:19s (0h:0m:21s left)
Optimizing NNI: done in 0.437848 secs using 1585% CPU
Optimizing NNI: done in 0.087397 secs using 1600% CPU
Optimizing NNI: done in 0.373501 secs using 1591% CPU
Optimizing NNI: done in 0.384465 secs using 1582% CPU
Optimizing NNI: done in 0.22254 secs using 1590% CPU
Optimizing NNI: done in 0.219547 secs using 1591% CPU
Optimizing NNI: done in 0.35691 secs using 1581% CPU
Optimizing NNI: done in 0.190894 secs using 1589% CPU
Optimizing NNI: done in 0.154128 secs using 1588% CPU
Optimizing NNI: done in 0.314059 secs using 1588% CPU
Iteration 70 / LogL: -4320.562 / Time: 0h:0m:21s (0h:0m:18s left)
Optimizing NNI: done in 0.308531 secs using 1592% CPU
Optimizing NNI: done in 0.250746 secs using 1591% CPU
Optimizing NNI: done in 0.161437 secs using 1594% CPU
Optimizing NNI: done in 0.161933 secs using 1591% CPU
Optimizing NNI: done in 0.456864 secs using 1589% CPU
Optimizing NNI: done in 0.463211 secs using 1591% CPU
Optimizing NNI: done in 0.376623 secs using 1584% CPU
Optimizing NNI: done in 0.334958 secs using 1588% CPU
Optimizing NNI: done in 0.146628 secs using 1580% CPU
Optimizing NNI: done in 0.332807 secs using 1589% CPU
Iteration 80 / LogL: -4320.559 / Time: 0h:0m:24s (0h:0m:15s left)
Optimizing NNI: done in 0.197917 secs using 1590% CPU
BETTER TREE FOUND at iteration 81: -4320.557
Optimizing NNI: done in 0.427455 secs using 1590% CPU
Optimizing NNI: done in 0.0818836 secs using 1590% CPU
Optimizing NNI: done in 0.397196 secs using 1588% CPU
Optimizing NNI: done in 0.216985 secs using 1589% CPU
Optimizing NNI: done in 0.210983 secs using 1588% CPU
Optimizing NNI: done in 0.19559 secs using 1588% CPU
Optimizing NNI: done in 0.360515 secs using 1586% CPU
Optimizing NNI: done in 0.181449 secs using 1588% CPU
Optimizing NNI: done in 0.0632008 secs using 1585% CPU
Iteration 90 / LogL: -4327.402 / Time: 0h:0m:27s (0h:0m:26s left)
Optimizing NNI: done in 0.485479 secs using 1587% CPU
Optimizing NNI: done in 0.160999 secs using 1589% CPU
Optimizing NNI: done in 0.443686 secs using 1589% CPU
Optimizing NNI: done in 0.324738 secs using 1587% CPU
Optimizing NNI: done in 0.162755 secs using 1591% CPU
Optimizing NNI: done in 0.0813342 secs using 1582% CPU
Optimizing NNI: done in 0.262597 secs using 1586% CPU
Optimizing NNI: done in 0.42802 secs using 1588% CPU
Optimizing NNI: done in 0.515452 secs using 1587% CPU
Optimizing NNI: done in 0.0866532 secs using 1596% CPU
Iteration 100 / LogL: -4349.194 / Time: 0h:0m:30s (0h:0m:23s left)
Log-likelihood cutoff on original alignment: -4346.537
NOTE: Bootstrap correlation coefficient of split occurrence frequencies: 0.998
Optimizing NNI: done in 0.27064 secs using 1590% CPU
Optimizing NNI: done in 0.164089 secs using 1589% CPU
Optimizing NNI: done in 0.490575 secs using 1586% CPU
Optimizing NNI: done in 0.161973 secs using 1585% CPU
Optimizing NNI: done in 0.208443 secs using 1593% CPU
Optimizing NNI: done in 0.409262 secs using 1587% CPU
Optimizing NNI: done in 0.369664 secs using 1585% CPU
Optimizing NNI: done in 0.31002 secs using 1589% CPU
Optimizing NNI: done in 0.201437 secs using 1592% CPU
Optimizing NNI: done in 0.158077 secs using 1587% CPU
Iteration 110 / LogL: -4323.102 / Time: 0h:0m:33s (0h:0m:26s left)
Optimizing NNI: done in 0.213572 secs using 1592% CPU
Optimizing NNI: done in 0.404344 secs using 1588% CPU
Optimizing NNI: done in 0.0801226 secs using 1585% CPU
BETTER TREE FOUND at iteration 113: -4320.556
Optimizing NNI: done in 0.282586 secs using 1587% CPU
Optimizing NNI: done in 0.279063 secs using 1589% CPU
Optimizing NNI: done in 0.169631 secs using 1593% CPU
Optimizing NNI: done in 0.422371 secs using 1585% CPU
Optimizing NNI: done in 0.121047 secs using 1588% CPU
Optimizing NNI: done in 0.445883 secs using 1586% CPU
Estimate model parameters (epsilon = 0.100)
BETTER TREE FOUND at iteration 119: -4319.239
Optimizing NNI: done in 0.316197 secs using 1587% CPU
Iteration 120 / LogL: -4320.559 / Time: 0h:0m:36s (0h:0m:28s left)
Optimizing NNI: done in 0.403705 secs using 1590% CPU
Optimizing NNI: done in 0.569991 secs using 1589% CPU
Optimizing NNI: done in 0.345782 secs using 1585% CPU
Optimizing NNI: done in 0.327941 secs using 1589% CPU
Optimizing NNI: done in 0.162402 secs using 1595% CPU
Optimizing NNI: done in 0.300476 secs using 1592% CPU
Optimizing NNI: done in 0.208031 secs using 1587% CPU
Optimizing NNI: done in 0.197504 secs using 1586% CPU
Optimizing NNI: done in 0.0689362 secs using 1592% CPU
Optimizing NNI: done in 0.160733 secs using 1590% CPU
Iteration 130 / LogL: -4319.567 / Time: 0h:0m:38s (0h:0m:25s left)
Optimizing NNI: done in 0.284353 secs using 1592% CPU
Optimizing NNI: done in 0.288932 secs using 1590% CPU
Optimizing NNI: done in 0.174837 secs using 1582% CPU
Optimizing NNI: done in 0.296994 secs using 1589% CPU
Estimate model parameters (epsilon = 0.100)
BETTER TREE FOUND at iteration 134: -4318.808
Optimizing NNI: done in 0.231349 secs using 1591% CPU
Optimizing NNI: done in 0.193863 secs using 1582% CPU
Optimizing NNI: done in 0.29005 secs using 1587% CPU
Optimizing NNI: done in 0.450226 secs using 1588% CPU
Optimizing NNI: done in 0.14796 secs using 1587% CPU
Optimizing NNI: done in 0.322195 secs using 1587% CPU
Iteration 140 / LogL: -4319.241 / Time: 0h:0m:41s (0h:0m:27s left)
Optimizing NNI: done in 0.122706 secs using 1590% CPU
Optimizing NNI: done in 0.310721 secs using 1592% CPU
Optimizing NNI: done in 0.331353 secs using 1586% CPU
Optimizing NNI: done in 0.2324 secs using 1586% CPU
Optimizing NNI: done in 0.469267 secs using 1589% CPU
Optimizing NNI: done in 0.153456 secs using 1594% CPU
Optimizing NNI: done in 0.338969 secs using 1590% CPU
Optimizing NNI: done in 0.184638 secs using 1581% CPU
Optimizing NNI: done in 0.162177 secs using 1586% CPU
Optimizing NNI: done in 0.381466 secs using 1590% CPU
Iteration 150 / LogL: -4318.810 / Time: 0h:0m:44s (0h:0m:24s left)
Log-likelihood cutoff on original alignment: -4346.537
Optimizing NNI: done in 0.327039 secs using 1587% CPU
Optimizing NNI: done in 0.157771 secs using 1579% CPU
Optimizing NNI: done in 0.159479 secs using 1585% CPU
Optimizing NNI: done in 0.158767 secs using 1588% CPU
Optimizing NNI: done in 0.423861 secs using 1584% CPU
Optimizing NNI: done in 0.19208 secs using 1589% CPU
Optimizing NNI: done in 0.354276 secs using 1588% CPU
Optimizing NNI: done in 0.190612 secs using 1593% CPU
Optimizing NNI: done in 0.16238 secs using 1587% CPU
Optimizing NNI: done in 0.401619 secs using 1590% CPU
Iteration 160 / LogL: -4338.510 / Time: 0h:0m:46s (0h:0m:21s left)
Optimizing NNI: done in 0.200467 secs using 1592% CPU
Optimizing NNI: done in 0.161799 secs using 1590% CPU
Optimizing NNI: done in 0.294035 secs using 1589% CPU
Optimizing NNI: done in 0.158304 secs using 1586% CPU
Optimizing NNI: done in 0.42815 secs using 1592% CPU
Optimizing NNI: done in 0.154451 secs using 1593% CPU
Optimizing NNI: done in 0.362505 secs using 1587% CPU
Optimizing NNI: done in 0.535362 secs using 1591% CPU
Optimizing NNI: done in 0.261208 secs using 1584% CPU
Optimizing NNI: done in 0.202471 secs using 1590% CPU
Iteration 170 / LogL: -4318.808 / Time: 0h:0m:49s (0h:0m:18s left)
Optimizing NNI: done in 0.298447 secs using 1586% CPU
Optimizing NNI: done in 0.138735 secs using 1591% CPU
Optimizing NNI: done in 0.226945 secs using 1588% CPU
Optimizing NNI: done in 0.184996 secs using 1589% CPU
Optimizing NNI: done in 0.27278 secs using 1589% CPU
Optimizing NNI: done in 0.20718 secs using 1589% CPU
Optimizing NNI: done in 0.120956 secs using 1591% CPU
Optimizing NNI: done in 0.226093 secs using 1586% CPU
Optimizing NNI: done in 0.403069 secs using 1589% CPU
Optimizing NNI: done in 0.397755 secs using 1591% CPU
Iteration 180 / LogL: -4337.651 / Time: 0h:0m:52s (0h:0m:15s left)
Optimizing NNI: done in 0.166383 secs using 1586% CPU
Optimizing NNI: done in 0.448096 secs using 1588% CPU
Optimizing NNI: done in 0.214334 secs using 1594% CPU
Optimizing NNI: done in 0.196833 secs using 1591% CPU
Optimizing NNI: done in 0.196899 secs using 1590% CPU
Optimizing NNI: done in 0.0815812 secs using 1579% CPU
Optimizing NNI: done in 0.42283 secs using 1586% CPU
Optimizing NNI: done in 0.378803 secs using 1589% CPU
Optimizing NNI: done in 0.392588 secs using 1589% CPU
Optimizing NNI: done in 0.428986 secs using 1589% CPU
Iteration 190 / LogL: -4318.809 / Time: 0h:0m:55s (0h:0m:12s left)
Optimizing NNI: done in 0.496902 secs using 1588% CPU
Optimizing NNI: done in 0.427949 secs using 1587% CPU
Optimizing NNI: done in 0.359162 secs using 1590% CPU
Optimizing NNI: done in 0.125773 secs using 1590% CPU
Optimizing NNI: done in 0.328454 secs using 1586% CPU
Optimizing NNI: done in 0.119278 secs using 1584% CPU
BETTER TREE FOUND at iteration 196: -4318.807
Optimizing NNI: done in 0.26328 secs using 1587% CPU
Optimizing NNI: done in 0.236324 secs using 1587% CPU
Optimizing NNI: done in 0.401174 secs using 1588% CPU
Optimizing NNI: done in 0.192567 secs using 1591% CPU
Iteration 200 / LogL: -5344.922 / Time: 0h:0m:58s (0h:0m:27s left)
Log-likelihood cutoff on original alignment: -4346.537
NOTE: Bootstrap correlation coefficient of split occurrence frequencies: 0.992
Optimizing NNI: done in 0.373917 secs using 1589% CPU
Optimizing NNI: done in 0.34278 secs using 1590% CPU
Optimizing NNI: done in 0.443349 secs using 1590% CPU
Optimizing NNI: done in 0.380465 secs using 1590% CPU
Optimizing NNI: done in 0.42995 secs using 1589% CPU
Optimizing NNI: done in 0.151471 secs using 1594% CPU
Optimizing NNI: done in 0.156498 secs using 1595% CPU
Optimizing NNI: done in 0.164468 secs using 1593% CPU
Optimizing NNI: done in 0.443394 secs using 1587% CPU
Optimizing NNI: done in 0.166859 secs using 1589% CPU
Iteration 210 / LogL: -4321.651 / Time: 0h:1m:1s (0h:0m:26s left)
Optimizing NNI: done in 0.360192 secs using 1550% CPU
Optimizing NNI: done in 0.416386 secs using 1592% CPU
Optimizing NNI: done in 0.167523 secs using 1592% CPU
Optimizing NNI: done in 0.232752 secs using 1584% CPU
Optimizing NNI: done in 0.187406 secs using 1586% CPU
Optimizing NNI: done in 0.155265 secs using 1596% CPU
Optimizing NNI: done in 0.360125 secs using 1588% CPU
Optimizing NNI: done in 0.162105 secs using 1586% CPU
Optimizing NNI: done in 0.222512 secs using 1592% CPU
Optimizing NNI: done in 0.260783 secs using 1590% CPU
Iteration 220 / LogL: -4329.742 / Time: 0h:1m:4s (0h:0m:23s left)
Optimizing NNI: done in 0.388332 secs using 1585% CPU
Optimizing NNI: done in 0.207936 secs using 1589% CPU
Optimizing NNI: done in 0.480159 secs using 1590% CPU
Optimizing NNI: done in 0.0782766 secs using 1601% CPU
Optimizing NNI: done in 0.550282 secs using 1588% CPU
Optimizing NNI: done in 0.518709 secs using 1590% CPU
Optimizing NNI: done in 0.217787 secs using 1579% CPU
Optimizing NNI: done in 0.179493 secs using 1594% CPU
Optimizing NNI: done in 0.151605 secs using 1584% CPU
Optimizing NNI: done in 0.414677 secs using 1586% CPU
Iteration 230 / LogL: -4318.809 / Time: 0h:1m:7s (0h:0m:20s left)
Optimizing NNI: done in 0.599253 secs using 1591% CPU
Optimizing NNI: done in 0.29743 secs using 1587% CPU
Optimizing NNI: done in 0.145118 secs using 1589% CPU
Optimizing NNI: done in 0.371015 secs using 1588% CPU
Optimizing NNI: done in 0.298382 secs using 1593% CPU
Optimizing NNI: done in 0.35064 secs using 1591% CPU
Optimizing NNI: done in 0.301513 secs using 1586% CPU
Optimizing NNI: done in 0.19746 secs using 1569% CPU
Optimizing NNI: done in 0.608883 secs using 1525% CPU
Optimizing NNI: done in 0.238737 secs using 1590% CPU
Iteration 240 / LogL: -4318.809 / Time: 0h:1m:11s (0h:0m:17s left)
Optimizing NNI: done in 0.1495 secs using 1584% CPU
Optimizing NNI: done in 0.452007 secs using 1589% CPU
Optimizing NNI: done in 0.108545 secs using 1596% CPU
Optimizing NNI: done in 0.174029 secs using 1585% CPU
Optimizing NNI: done in 0.152518 secs using 1590% CPU
Optimizing NNI: done in 0.196323 secs using 1583% CPU
Optimizing NNI: done in 0.154591 secs using 1594% CPU
Optimizing NNI: done in 0.1574 secs using 1586% CPU
BETTER TREE FOUND at iteration 248: -4318.807
Optimizing NNI: done in 0.0838318 secs using 1589% CPU
Optimizing NNI: done in 0.218175 secs using 1587% CPU
Iteration 250 / LogL: -4321.685 / Time: 0h:1m:12s (0h:0m:28s left)
Log-likelihood cutoff on original alignment: -4346.537
Optimizing NNI: done in 0.102996 secs using 1588% CPU
Optimizing NNI: done in 0.192097 secs using 1589% CPU
Optimizing NNI: done in 0.155697 secs using 1582% CPU
Optimizing NNI: done in 0.446325 secs using 1590% CPU
Optimizing NNI: done in 0.383187 secs using 1589% CPU
Optimizing NNI: done in 0.72948 secs using 1516% CPU
Optimizing NNI: done in 0.252149 secs using 1587% CPU
Optimizing NNI: done in 0.153264 secs using 1594% CPU
Optimizing NNI: done in 0.159525 secs using 1592% CPU
Optimizing NNI: done in 0.152796 secs using 1594% CPU
Iteration 260 / LogL: -4318.808 / Time: 0h:1m:15s (0h:0m:25s left)
Optimizing NNI: done in 0.347183 secs using 1592% CPU
Optimizing NNI: done in 0.316503 secs using 1590% CPU
Optimizing NNI: done in 0.0818208 secs using 1593% CPU
Optimizing NNI: done in 0.144328 secs using 1598% CPU
Optimizing NNI: done in 0.368004 secs using 1586% CPU
Optimizing NNI: done in 0.367269 secs using 1588% CPU
Optimizing NNI: done in 0.41804 secs using 1588% CPU
Optimizing NNI: done in 0.40842 secs using 1590% CPU
Optimizing NNI: done in 0.152434 secs using 1590% CPU
Optimizing NNI: done in 0.209164 secs using 1587% CPU
Iteration 270 / LogL: -4318.808 / Time: 0h:1m:18s (0h:0m:22s left)
Optimizing NNI: done in 0.159098 secs using 1583% CPU
Optimizing NNI: done in 0.253841 secs using 1578% CPU
Optimizing NNI: done in 0.11361 secs using 1578% CPU
Optimizing NNI: done in 0.180552 secs using 1589% CPU
Optimizing NNI: done in 0.390625 secs using 1587% CPU
Optimizing NNI: done in 0.113233 secs using 1587% CPU
Optimizing NNI: done in 0.148971 secs using 1585% CPU
Optimizing NNI: done in 0.417466 secs using 1588% CPU
Optimizing NNI: done in 0.399117 secs using 1587% CPU
Optimizing NNI: done in 0.185858 secs using 1582% CPU
Iteration 280 / LogL: -4321.355 / Time: 0h:1m:21s (0h:0m:19s left)
Optimizing NNI: done in 0.118963 secs using 1587% CPU
Optimizing NNI: done in 0.243636 secs using 1584% CPU
Optimizing NNI: done in 0.503169 secs using 1587% CPU
Optimizing NNI: done in 0.422002 secs using 1588% CPU
Optimizing NNI: done in 0.284837 secs using 1590% CPU
Optimizing NNI: done in 0.100896 secs using 1586% CPU
Optimizing NNI: done in 0.159199 secs using 1589% CPU
Optimizing NNI: done in 0.340848 secs using 1588% CPU
Optimizing NNI: done in 0.161783 secs using 1582% CPU
Optimizing NNI: done in 0.206303 secs using 1586% CPU
Iteration 290 / LogL: -4319.478 / Time: 0h:1m:23s (0h:0m:16s left)
Optimizing NNI: done in 0.410937 secs using 1588% CPU
Optimizing NNI: done in 0.232952 secs using 1589% CPU
Optimizing NNI: done in 0.109648 secs using 1594% CPU
Optimizing NNI: done in 0.241368 secs using 1592% CPU
Optimizing NNI: done in 0.35022 secs using 1586% CPU
Optimizing NNI: done in 0.452046 secs using 1587% CPU
Optimizing NNI: done in 0.161612 secs using 1595% CPU
Optimizing NNI: done in 0.348107 secs using 1589% CPU
Optimizing NNI: done in 0.394292 secs using 1587% CPU
Optimizing NNI: done in 0.115456 secs using 1583% CPU
Iteration 300 / LogL: -4318.807 / Time: 0h:1m:26s (0h:0m:13s left)
Log-likelihood cutoff on original alignment: -4346.537
NOTE: Bootstrap correlation coefficient of split occurrence frequencies: 0.997
Optimizing NNI: done in 0.38589 secs using 1589% CPU
Optimizing NNI: done in 0.187117 secs using 1586% CPU
Optimizing NNI: done in 0.255731 secs using 1590% CPU
Optimizing NNI: done in 0.0616455 secs using 1597% CPU
Optimizing NNI: done in 0.463626 secs using 1588% CPU
Optimizing NNI: done in 0.154334 secs using 1587% CPU
Optimizing NNI: done in 0.318139 secs using 1588% CPU
Optimizing NNI: done in 0.415145 secs using 1589% CPU
Optimizing NNI: done in 0.201988 secs using 1587% CPU
Optimizing NNI: done in 0.515512 secs using 1588% CPU
Iteration 310 / LogL: -4318.809 / Time: 0h:1m:29s (0h:0m:25s left)
Optimizing NNI: done in 0.488246 secs using 1590% CPU
Optimizing NNI: done in 0.227646 secs using 1584% CPU
Optimizing NNI: done in 0.476227 secs using 1589% CPU
Optimizing NNI: done in 0.216884 secs using 1588% CPU
Optimizing NNI: done in 0.11186 secs using 1590% CPU
Optimizing NNI: done in 0.0834874 secs using 1578% CPU
Optimizing NNI: done in 0.165338 secs using 1597% CPU
Optimizing NNI: done in 0.334922 secs using 1590% CPU
Optimizing NNI: done in 0.340834 secs using 1590% CPU
Optimizing NNI: done in 0.558589 secs using 1588% CPU
Iteration 320 / LogL: -4318.809 / Time: 0h:1m:33s (0h:0m:23s left)
Optimizing NNI: done in 0.431152 secs using 1574% CPU
Optimizing NNI: done in 0.192107 secs using 1587% CPU
Optimizing NNI: done in 0.328168 secs using 1588% CPU
Optimizing NNI: done in 0.507704 secs using 1590% CPU
Optimizing NNI: done in 0.155674 secs using 1590% CPU
Optimizing NNI: done in 0.211482 secs using 1591% CPU
Optimizing NNI: done in 0.158934 secs using 1589% CPU
Optimizing NNI: done in 0.388712 secs using 1590% CPU
Optimizing NNI: done in 0.10917 secs using 1599% CPU
Optimizing NNI: done in 0.368954 secs using 1588% CPU
Iteration 330 / LogL: -4321.965 / Time: 0h:1m:36s (0h:0m:20s left)
Optimizing NNI: done in 0.0831921 secs using 1585% CPU
Optimizing NNI: done in 0.432023 secs using 1587% CPU
Optimizing NNI: done in 0.121155 secs using 1585% CPU
Optimizing NNI: done in 0.351942 secs using 1585% CPU
Optimizing NNI: done in 0.125127 secs using 1588% CPU
Optimizing NNI: done in 0.354388 secs using 1587% CPU
Optimizing NNI: done in 0.360259 secs using 1588% CPU
Optimizing NNI: done in 0.417596 secs using 1588% CPU
Optimizing NNI: done in 0.306144 secs using 1589% CPU
Optimizing NNI: done in 0.193447 secs using 1584% CPU
Iteration 340 / LogL: -4334.899 / Time: 0h:1m:38s (0h:0m:17s left)
Optimizing NNI: done in 0.299069 secs using 1588% CPU
Optimizing NNI: done in 0.165139 secs using 1589% CPU
Optimizing NNI: done in 0.160818 secs using 1581% CPU
Optimizing NNI: done in 0.140365 secs using 1583% CPU
Optimizing NNI: done in 0.195611 secs using 1588% CPU
Optimizing NNI: done in 0.0801809 secs using 1582% CPU
Optimizing NNI: done in 0.158636 secs using 1582% CPU
Optimizing NNI: done in 0.19362 secs using 1591% CPU
Optimizing NNI: done in 0.168091 secs using 1588% CPU
TREE SEARCH COMPLETED AFTER 349 ITERATIONS / Time: 0h:1m:40s

--------------------------------------------------------------------
|                    FINALIZING TREE SEARCH                        |
--------------------------------------------------------------------
Performs final model parameters optimization
Estimate model parameters (epsilon = 0.010)
1. Initial log-likelihood: -4318.807
Optimal log-likelihood: -4318.807
Gamma shape alpha: 0.954
Parameters optimization took 1 rounds (0.016 sec)
BEST SCORE FOUND : -4318.807
Creating bootstrap support values...
Split supports printed to NEXUS file results/per_year_clustered/H3N2/trees/H3N2_2016.splits.nex
Total tree length: 1.895

Total number of iterations: 349
CPU time used for tree search: 1532.985 sec (0h:25m:32s)
Wall-clock time used for tree search: 97.374 sec (0h:1m:37s)
Total CPU time used: 1567.242 sec (0h:26m:7s)
Total wall-clock time used: 100.689 sec (0h:1m:40s)

Computing bootstrap consensus tree...
Reading input file results/per_year_clustered/H3N2/trees/H3N2_2016.splits.nex...
41 taxa and 825 splits.
Consensus tree written to results/per_year_clustered/H3N2/trees/H3N2_2016.contree
Reading input trees file results/per_year_clustered/H3N2/trees/H3N2_2016.contree
Log-likelihood of consensus tree: -4320.037

Analysis results written to: 
  IQ-TREE report:                results/per_year_clustered/H3N2/trees/H3N2_2016.iqtree
  Maximum-likelihood tree:       results/per_year_clustered/H3N2/trees/H3N2_2016.treefile
  Likelihood distances:          results/per_year_clustered/H3N2/trees/H3N2_2016.mldist

Ultrafast bootstrap approximation results written to:
  Split support values:          results/per_year_clustered/H3N2/trees/H3N2_2016.splits.nex
  Consensus tree:                results/per_year_clustered/H3N2/trees/H3N2_2016.contree
  Screen log file:               results/per_year_clustered/H3N2/trees/H3N2_2016.log

Date and Time: Thu Nov 20 18:44:21 2025
