IQ-TREE version 3.0.1 for Linux x86 64-bit built Jul  9 2025
Developed by Bui Quang Minh, Thomas Wong, Nhan Ly-Trong, Huaiyan Ren
Contributed by Lam-Tung Nguyen, Dominik Schrempf, Chris Bielow,
Olga Chernomor, Michael Woodhams, Diep Thi Hoang, Heiko Schmidt

Host:    rtis-hpc-r01.uod.otago.ac.nz (AVX2, FMA3, 1007 GB RAM)
Command: iqtree -s results/per_year_clustered/H3N2/alignments/H3N2_2022_with_designs.fasta -m LG+G4 -bb 1000 -nt 8 -pre results/per_year_clustered/H3N2/trees/H3N2_2022_with_designs -redo -quiet
Seed:    253132 (Using SPRNG - Scalable Parallel Random Number Generator)
Time:    Sat Nov 22 11:02:16 2025
Kernel:  AVX+FMA - 8 threads (8 CPU cores detected)

Reading alignment file results/per_year_clustered/H3N2/alignments/H3N2_2022_with_designs.fasta ... Fasta format detected
Reading fasta file: done in 0.000558257 secs using 98.88% CPU
Alignment most likely contains protein sequences
Constructing alignment: done in 0.00043732 secs using 99.93% CPU
Alignment has 65 sequences with 578 columns, 338 distinct patterns
332 parsimony-informative, 25 singleton sites, 220 constant sites
                                                                                         Gap/Ambiguity  Composition  p-value
Analyzing sequences: done in 2.22521e-05 secs using 98.87% CPU
   1  EPI2304929|HA|A/Khon_Kaen/FS006/2022|EPI_ISL_16613615|A_/_H3N2                             2.08%    passed    100.00%
   2  EPI2304817|HA|A/Nakhon_Phanom/P4042/2022|EPI_ISL_16613601|A_/_H3N2                         2.08%    passed    100.00%
   3  EPI2968092|HA|A/Malaysia/IMR-RP1891/2022|EPI_ISL_18841630|A_/_H3N2                         2.08%    passed    100.00%
   4  EPI2292507|HA|A/Singapore/KK0221/2022|EPI_ISL_16520290|A_/_H3N2                            2.08%    passed    100.00%
   5  EPI2292195|HA|A/Singapore/NUH0048/2022|EPI_ISL_16520250|A_/_H3N2                           2.08%    passed    100.00%
   6  EPI2291971|HA|A/Singapore/KK719/2022|EPI_ISL_16520222|A_/_H3N2                             2.08%    passed    100.00%
   7  EPI2196839|HA|A/Nakhon_Phanom/NIC-P2268/2022|EPI_ISL_15504808|A_/_H3N2                     2.08%    passed    100.00%
   8  EPI2681917|HA|A/ABUDHABI/UAE/0007455/2022|EPI_ISL_18094062|A_/_H3N2                        2.08%    passed    100.00%
   9  EPI2922626|HA|A/ABUDHABI/UAE/0009087/2022|EPI_ISL_18781851|A_/_H3N2                        2.08%    passed    100.00%
  10  EPI2002112|HA|A/GIHSN/Turkey/Ankara/14015_877/2022|EPI_ISL_11442783|A_/_H3N2               2.08%    passed    100.00%
  11  EPI2162456|HA|A/OKINAWA/185/2022|EPI_ISL_14883652|A_/_H3N2                                 2.08%    passed    100.00%
  12  EPI2092205|HA|A/Qatar/16-VI-22-1446249/2022|EPI_ISL_13837766|A_/_H3N2                      2.08%    passed    100.00%
  13  EPI2228996|HA|A/Ayutthaya/NIC-P3046/2022|EPI_ISL_15937214|A_/_H3N2                         2.08%    passed    100.00%
  14  EPI2200296|HA|A/Ayutthaya/NIC-P3601/2022|EPI_ISL_15610787|A_/_H3N2                         2.08%    passed    100.00%
  15  EPI2128567|HA|A/Malaysia/RP0683/2022|EPI_ISL_14467541|A_/_H3N2                             2.08%    passed    100.00%
  16  EPI2640203|HA|A/ABUDHABI/UAE/0007086/2022|EPI_ISL_18010543|A_/_H3N2                        2.08%    passed    100.00%
  17  EPI2384251|HA|A/Philippines/39/2022|EPI_ISL_16864433|A_/_H3N2                              2.08%    passed    100.00%
  18  EPI2964194|HA|A/Malaysia/IMR-RP1882/2022|EPI_ISL_18831422|A_/_H3N2                         2.08%    passed    100.00%
  19  EPI2084976|HA|A/Singapore/NUH0004/2022|EPI_ISL_13655509|A_/_H3N2                           2.08%    passed    100.00%
  20  EPI2626431|HA|A/ABUDHABI/UAE/0005063/2022|EPI_ISL_17987890|A_/_H3N2                        2.08%    passed    100.00%
  21  EPI2920036|HA|A/United_Kingdom/UO-4ecc6d354/2022|EPI_ISL_18776066|A_/_H3N2                 3.98%    passed    100.00%
  22  EPI1986542|HA|A/Catalonia/NSVH198232316/2022|EPI_ISL_9995004|A_/_H3N2                      2.08%    passed    100.00%
  23  EPI2086584|HA|A/England/221240312/2022|EPI_ISL_13699538|A_/_H3N2                           2.08%    passed    100.00%
  24  EPI2010496|HA|A/Catalonia/NSVH198237908/2022|EPI_ISL_11767037|A_/_H3N2                     2.08%    passed    100.00%
  25  EPI1995519|HA|A/England/220500244/2022|EPI_ISL_11112324|A_/_H3N2                           2.08%    passed    100.00%
  26  EPI2209206|HA|A/Catalonia/NSVH198258104/2022|EPI_ISL_15701461|A_/_H3N2                     2.08%    passed    100.00%
  27  EPI2187745|HA|A/Catalonia/NSVH151194567/2022|EPI_ISL_15210604|A_/_H3N2                     2.08%    passed    100.00%
  28  EPI2087715|HA|A/Switzerland/18559/2022|EPI_ISL_13704425|A_/_H3N2                           2.08%    passed    100.00%
  29  EPI2121721|HA|A/Switzerland/59176/2022|EPI_ISL_14328729|A_/_H3N2                           2.08%    passed    100.00%
  30  EPI2468800|HA|A/England/225141157/2022|EPI_ISL_17246631|A_/_H3N2                           2.08%    passed    100.00%
  31  EPI2394021|HA|A/England/225180496/2022|EPI_ISL_16886749|A_/_H3N2                           2.08%    passed    100.00%
  32  EPI2100608|HA|A/Kyiv/58/2022|EPI_ISL_13970481|A_/_H3N2                                     2.08%    passed    100.00%
  33  EPI2195789|HA|A/CastillaLaMancha/3200/2022|EPI_ISL_15446987|A_/_H3N2                       2.08%    passed    100.00%
  34  EPI2195741|HA|A/CastillaLaMancha/2835/2022|EPI_ISL_15446917|A_/_H3N2                       2.08%    passed    100.00%
  35  EPI2932434|HA|A/Soria/209/2022|EPI_ISL_18789413|A_/_H3N2                                   2.08%    passed    100.00%
  36  EPI2264370|HA|A/Cardiff/0953/2022|EPI_ISL_16299956|A_/_H3N2                                2.08%    passed    100.00%
  37  EPI2091761|HA|A/United_Kingdom/13214/2022|EPI_ISL_13812822|A_/_H3N2                        2.08%    passed    100.00%
  38  EPI2011903|HA|A/CastillaLaMancha/1245/2022|EPI_ISL_11814252|A_/_H3N2                       2.08%    passed    100.00%
  39  EPI2240843|HA|A/Catalonia/NSVH170116930/2022|EPI_ISL_16075749|A_/_H3N2                     2.08%    passed    100.00%
  40  EPI2640557|HA|A/England/231280380/2022|EPI_ISL_18010627|A_/_H3N2                           2.08%    passed    100.00%
  41  EPI2132126|HA|A/England/221900400/2022|EPI_ISL_14572229|A_/_H3N2                           2.08%    passed    100.00%
  42  EPI1987684|HA|A/Canarias/782/2022|EPI_ISL_10347222|A_/_H3N2                                2.08%    passed    100.00%
  43  EPI2323342|HA|A/Alicante/VAHNSI-GIHSN-16_2104/2022|EPI_ISL_16740083|A_/_H3N2               2.08%    passed    100.00%
  44  EPI2694337|HA|A/Santiago_de_Compostela/22-191107/2022|EPI_ISL_18119173|A_/_H3N2            2.08%    passed    100.00%
  45  EPI2919854|HA|A/United_Kingdom/UO-494cba150/2022|EPI_ISL_18775912|A_/_H3N2                 2.08%    passed    100.00%
  46  EPI2059295|HA|A/Timor-Leste/155/2022|EPI_ISL_13175631|A_/_H3N2                             2.08%    passed    100.00%
  47  EPI2285058|HA|A/Brisbane/849/2022|EPI_ISL_16454707|A_/_H3N2                                2.08%    passed    100.00%
  48  EPI2285043|HA|A/Perth/443/2022|EPI_ISL_16454702|A_/_H3N2                                   2.08%    passed    100.00%
  49  EPI2152074|HA|A/Canberra/462/2022|EPI_ISL_14819806|A_/_H3N2                                2.08%    passed    100.00%
  50  EPI2235788|HA|A/Sydney/732/2022|EPI_ISL_16003445|A_/_H3N2                                  2.08%    passed    100.00%
  51  EPI2078898|HA|A/Victoria/6/2022|EPI_ISL_13531019|A_/_H3N2                                  2.08%    passed    100.00%
  52  EPI2351287|HA|A/England/225120831/2022|EPI_ISL_16810061|A_/_H1N1                           2.08%    passed     12.91%
  53  EPI2328661|HA|A/England/225040226/2022|EPI_ISL_16745114|A_/_H1N1                           2.08%    passed     24.15%
  54  EPI2328600|HA|A/England/224960873/2022|EPI_ISL_16745076|A_/_H1N1                           2.08%    passed     16.38%
  55  EPI2306365|HA|A/England/224900420/2022|EPI_ISL_16616184|A_/_H1N1                           2.08%    passed     35.26%
  56  EPI2305565|HA|A/England/224820361/2022|EPI_ISL_16616066|A_/_H1N1                           2.08%    passed     19.50%
  57  EPI2337072|HA|A/England/225121089/2022|EPI_ISL_16749514|A_/_H1N1                           2.08%    passed     25.10%
  58  EPI2260226|HA|A/Catalonia/NSVH101974424/2022|EPI_ISL_16258264|A_/_H1N1                     2.08%    passed     30.90%
  59  EPI2313184|HA|A/England/224840611/2022|EPI_ISL_16653507|A_/_H1N1                           2.08%    passed     14.50%
  60  EPI2207119|HA|A/Deeside/1535/2022|EPI_ISL_15677016|A_/_H1N1                                2.08%    passed     12.89%
  61  EPI2112607|HA|A/England/221460864/2022|EPI_ISL_14145012|A_/_H1N1                           2.08%    passed     24.49%
  62  H3N2_2022_Consensus_Aligned                                                                0.00%    passed    100.00%
  63  H3N2_2022_Medoid_Aligned|EPI2128567|HA|A/Malaysia/RP0683/2022|EPI_ISL_14467541|A_/_H3N2    2.08%    passed    100.00%
  64  H3N2_2022_Ancestral_Aligned_Node16                                                         0.00%    passed    100.00%
  65  H3N2_2022_COBRA_Aligned                                                                    1.38%    passed    100.00%
****  TOTAL                                                                                      2.03%  0 sequences failed composition chi2 test (p-value<5%; df=19)
NOTE: H3N2_2022_Medoid_Aligned|EPI2128567|HA|A/Malaysia/RP0683/2022|EPI_ISL_14467541|A_/_H3N2 is identical to EPI2128567|HA|A/Malaysia/RP0683/2022|EPI_ISL_14467541|A_/_H3N2 but kept for subsequent analysis
Checking for duplicate sequences: done in 0.000115636 secs using 99.45% CPU
Creating fast initial parsimony tree by random order stepwise addition...
0.029 seconds, parsimony score: 605 (based on 357 sites)
Generating 1000 samples for ultrafast bootstrap (seed: 253132)...

NOTE: 15 MB RAM (0 GB) is required!
Estimate model parameters (epsilon = 0.100)
1. Initial log-likelihood: -5215.657
2. Current log-likelihood: -5209.239
3. Current log-likelihood: -5208.893
Optimal log-likelihood: -5208.865
Gamma shape alpha: 0.814
Parameters optimization took 3 rounds (0.170 sec)
Wrote distance file to... 
Computing ML distances based on estimated model parameters...
Calculating distance matrix: done in 0.049948 secs using 796.8% CPU
Computing ML distances took 0.050016 sec (of wall-clock time) 0.398079 sec (of CPU time)
Setting up auxiliary I and S matrices: done in 0.000438223 secs using 255.8% CPU
Constructing RapidNJ tree: done in 0.0577244 secs using 83.29% CPU
Computing RapidNJ tree took 0.058215 sec (of wall-clock time) 0.049259 sec (of CPU time)
Log-likelihood of RapidNJ tree: -5277.905
--------------------------------------------------------------------
|             INITIALIZING CANDIDATE TREE SET                      |
--------------------------------------------------------------------
Generating 98 parsimony trees... 0.130 second
Computing log-likelihood of 98 initial trees ... 1.415 seconds
Current best score: -5188.545

Do NNI search on 20 best initial trees
Optimizing NNI: done in 0.159129 secs using 793.3% CPU
Estimate model parameters (epsilon = 0.100)
BETTER TREE FOUND at iteration 1: -5188.451
Optimizing NNI: done in 0.243129 secs using 795.2% CPU
Optimizing NNI: done in 0.344465 secs using 794.7% CPU
Optimizing NNI: done in 0.403908 secs using 793.7% CPU
Estimate model parameters (epsilon = 0.100)
BETTER TREE FOUND at iteration 4: -5186.273
Optimizing NNI: done in 0.655031 secs using 793.4% CPU
Optimizing NNI: done in 0.227325 secs using 790.5% CPU
Optimizing NNI: done in 0.387294 secs using 794.4% CPU
Optimizing NNI: done in 0.354895 secs using 795% CPU
Optimizing NNI: done in 0.441566 secs using 792.8% CPU
Optimizing NNI: done in 0.318217 secs using 793.4% CPU
Iteration 10 / LogL: -5186.706 / Time: 0h:0m:5s
Optimizing NNI: done in 0.344671 secs using 794.1% CPU
Optimizing NNI: done in 0.352728 secs using 794.4% CPU
Optimizing NNI: done in 0.415441 secs using 793.6% CPU
Optimizing NNI: done in 0.350295 secs using 794.3% CPU
Optimizing NNI: done in 0.416387 secs using 792.2% CPU
Optimizing NNI: done in 0.318641 secs using 793.6% CPU
Optimizing NNI: done in 0.454598 secs using 795.2% CPU
Estimate model parameters (epsilon = 0.100)
BETTER TREE FOUND at iteration 17: -5183.397
Optimizing NNI: done in 0.304375 secs using 792.4% CPU
Optimizing NNI: done in 0.395651 secs using 793.9% CPU
Optimizing NNI: done in 0.411816 secs using 793.5% CPU
Iteration 20 / LogL: -5188.489 / Time: 0h:0m:9s
Finish initializing candidate tree set (20)
Current best tree score: -5183.397 / CPU time: 9.041
Number of iterations: 20
--------------------------------------------------------------------
|               OPTIMIZING CANDIDATE TREE SET                      |
--------------------------------------------------------------------
Optimizing NNI: done in 0.563057 secs using 794.3% CPU
Optimizing NNI: done in 0.538164 secs using 794% CPU
Optimizing NNI: done in 0.677063 secs using 793.5% CPU
Optimizing NNI: done in 0.387481 secs using 793.5% CPU
Optimizing NNI: done in 0.370521 secs using 792.7% CPU
Optimizing NNI: done in 0.564613 secs using 793.6% CPU
Optimizing NNI: done in 0.547977 secs using 792.8% CPU
Optimizing NNI: done in 0.680495 secs using 794% CPU
Optimizing NNI: done in 0.459264 secs using 793.8% CPU
Optimizing NNI: done in 0.387956 secs using 794.4% CPU
Iteration 30 / LogL: -5187.407 / Time: 0h:0m:14s (0h:0m:43s left)
Optimizing NNI: done in 0.363962 secs using 794.2% CPU
Optimizing NNI: done in 0.699851 secs using 791.7% CPU
Optimizing NNI: done in 0.457753 secs using 794.2% CPU
Optimizing NNI: done in 0.313465 secs using 793.1% CPU
Optimizing NNI: done in 0.419677 secs using 793% CPU
Optimizing NNI: done in 0.3141 secs using 793.4% CPU
Optimizing NNI: done in 0.489019 secs using 792.8% CPU
Optimizing NNI: done in 0.665805 secs using 794.5% CPU
Optimizing NNI: done in 0.616137 secs using 793.7% CPU
Optimizing NNI: done in 0.24133 secs using 792.7% CPU
Iteration 40 / LogL: -5194.899 / Time: 0h:0m:19s (0h:0m:38s left)
Optimizing NNI: done in 0.377516 secs using 796.1% CPU
Optimizing NNI: done in 0.747489 secs using 793.4% CPU
Optimizing NNI: done in 0.382473 secs using 793.1% CPU
Optimizing NNI: done in 0.549622 secs using 794.3% CPU
Optimizing NNI: done in 0.679732 secs using 793.8% CPU
Optimizing NNI: done in 0.486181 secs using 794.8% CPU
Optimizing NNI: done in 0.586632 secs using 793.8% CPU
Optimizing NNI: done in 0.396663 secs using 794.4% CPU
Optimizing NNI: done in 0.457833 secs using 793.5% CPU
Optimizing NNI: done in 0.323415 secs using 792.2% CPU
Iteration 50 / LogL: -5183.403 / Time: 0h:0m:24s (0h:0m:33s left)
Log-likelihood cutoff on original alignment: -5246.317
Optimizing NNI: done in 0.388673 secs using 794.2% CPU
Optimizing NNI: done in 0.598292 secs using 793.8% CPU
Optimizing NNI: done in 0.897418 secs using 793.6% CPU
Optimizing NNI: done in 0.128112 secs using 792.3% CPU
Optimizing NNI: done in 0.621425 secs using 792.8% CPU
Optimizing NNI: done in 0.376118 secs using 795.2% CPU
Optimizing NNI: done in 0.444816 secs using 793.9% CPU
Optimizing NNI: done in 0.375037 secs using 792.8% CPU
Optimizing NNI: done in 0.402624 secs using 793.8% CPU
Optimizing NNI: done in 0.556669 secs using 792.8% CPU
Iteration 60 / LogL: -5183.400 / Time: 0h:0m:29s (0h:0m:28s left)
Optimizing NNI: done in 0.456967 secs using 793.6% CPU
Optimizing NNI: done in 0.456568 secs using 793.8% CPU
Optimizing NNI: done in 0.559018 secs using 793.5% CPU
Optimizing NNI: done in 0.305324 secs using 792.6% CPU
Optimizing NNI: done in 0.314992 secs using 794.1% CPU
Optimizing NNI: done in 0.357359 secs using 796.5% CPU
Optimizing NNI: done in 0.572266 secs using 794.7% CPU
Optimizing NNI: done in 0.82608 secs using 794.2% CPU
Optimizing NNI: done in 0.384328 secs using 793.4% CPU
Optimizing NNI: done in 0.231738 secs using 795% CPU
Iteration 70 / LogL: -5183.404 / Time: 0h:0m:33s (0h:0m:23s left)
Optimizing NNI: done in 0.637509 secs using 792.1% CPU
Optimizing NNI: done in 0.462706 secs using 794.6% CPU
Optimizing NNI: done in 0.367018 secs using 793.8% CPU
Optimizing NNI: done in 0.432316 secs using 793% CPU
Optimizing NNI: done in 0.566174 secs using 792.1% CPU
Optimizing NNI: done in 0.352515 secs using 795.5% CPU
Optimizing NNI: done in 0.387029 secs using 793.8% CPU
Optimizing NNI: done in 0.49686 secs using 792.6% CPU
Optimizing NNI: done in 0.38643 secs using 793% CPU
Optimizing NNI: done in 0.384324 secs using 794.8% CPU
Iteration 80 / LogL: -5183.406 / Time: 0h:0m:38s (0h:0m:17s left)
Optimizing NNI: done in 0.70573 secs using 792.8% CPU
Optimizing NNI: done in 0.532635 secs using 792.5% CPU
Optimizing NNI: done in 0.563718 secs using 794% CPU
Optimizing NNI: done in 0.769478 secs using 793.4% CPU
Optimizing NNI: done in 0.318488 secs using 795.3% CPU
Optimizing NNI: done in 0.453164 secs using 793.9% CPU
Optimizing NNI: done in 0.383437 secs using 791.2% CPU
Optimizing NNI: done in 0.31181 secs using 793.2% CPU
Optimizing NNI: done in 0.453614 secs using 794% CPU
Optimizing NNI: done in 0.43093 secs using 794.1% CPU
Iteration 90 / LogL: -5183.403 / Time: 0h:0m:43s (0h:0m:13s left)
Optimizing NNI: done in 0.463973 secs using 794.5% CPU
Optimizing NNI: done in 0.313891 secs using 795.4% CPU
Optimizing NNI: done in 0.751299 secs using 794.4% CPU
Estimate model parameters (epsilon = 0.100)
BETTER TREE FOUND at iteration 93: -5183.300
Optimizing NNI: done in 0.307925 secs using 793.9% CPU
Optimizing NNI: done in 0.644119 secs using 794% CPU
Optimizing NNI: done in 0.4917 secs using 793% CPU
Optimizing NNI: done in 0.634794 secs using 793.6% CPU
Optimizing NNI: done in 0.448912 secs using 795.3% CPU
Optimizing NNI: done in 0.447262 secs using 793.4% CPU
Optimizing NNI: done in 0.154271 secs using 791.2% CPU
BETTER TREE FOUND at iteration 100: -5183.300
Iteration 100 / LogL: -5183.300 / Time: 0h:0m:48s (0h:0m:48s left)
Log-likelihood cutoff on original alignment: -5246.317
NOTE: Bootstrap correlation coefficient of split occurrence frequencies: 0.992
Optimizing NNI: done in 0.718948 secs using 793.1% CPU
Optimizing NNI: done in 0.756243 secs using 794.3% CPU
Optimizing NNI: done in 0.827425 secs using 793.3% CPU
Optimizing NNI: done in 0.308938 secs using 793.5% CPU
Optimizing NNI: done in 0.398634 secs using 792% CPU
Optimizing NNI: done in 0.314342 secs using 792.1% CPU
Optimizing NNI: done in 0.431559 secs using 794.1% CPU
Optimizing NNI: done in 0.326097 secs using 792.9% CPU
Optimizing NNI: done in 0.52323 secs using 793.6% CPU
Optimizing NNI: done in 0.372245 secs using 794.1% CPU
Iteration 110 / LogL: -5187.395 / Time: 0h:0m:53s (0h:0m:44s left)
Optimizing NNI: done in 0.424275 secs using 794.8% CPU
Optimizing NNI: done in 0.381727 secs using 794.4% CPU
Optimizing NNI: done in 0.670046 secs using 794.2% CPU
Optimizing NNI: done in 0.91547 secs using 793.8% CPU
Optimizing NNI: done in 0.468509 secs using 793% CPU
Optimizing NNI: done in 0.536722 secs using 794.4% CPU
Optimizing NNI: done in 0.743677 secs using 794.8% CPU
Optimizing NNI: done in 0.760419 secs using 793.5% CPU
Optimizing NNI: done in 0.458803 secs using 793.4% CPU
Optimizing NNI: done in 0.915882 secs using 793.8% CPU
Estimate model parameters (epsilon = 0.100)
BETTER TREE FOUND at iteration 120: -5182.752
Iteration 120 / LogL: -5182.752 / Time: 0h:0m:59s (0h:0m:50s left)
Optimizing NNI: done in 0.543913 secs using 793.7% CPU
Optimizing NNI: done in 0.576931 secs using 794.8% CPU
Optimizing NNI: done in 0.813892 secs using 794% CPU
BETTER TREE FOUND at iteration 123: -5182.749
Optimizing NNI: done in 0.443193 secs using 793.1% CPU
Optimizing NNI: done in 0.461114 secs using 793.5% CPU
Optimizing NNI: done in 0.793678 secs using 794.9% CPU
Optimizing NNI: done in 0.44697 secs using 793.6% CPU
Optimizing NNI: done in 0.310237 secs using 792.5% CPU
Optimizing NNI: done in 0.372083 secs using 794.1% CPU
Optimizing NNI: done in 0.543141 secs using 795.9% CPU
Iteration 130 / LogL: -5182.753 / Time: 0h:1m:5s (0h:0m:46s left)
Optimizing NNI: done in 0.306202 secs using 794.1% CPU
Optimizing NNI: done in 0.727197 secs using 792.8% CPU
Optimizing NNI: done in 0.469944 secs using 794.1% CPU
Optimizing NNI: done in 0.314366 secs using 793.5% CPU
Optimizing NNI: done in 0.46846 secs using 795.3% CPU
Optimizing NNI: done in 0.308097 secs using 793.5% CPU
Optimizing NNI: done in 0.44434 secs using 792.9% CPU
Optimizing NNI: done in 0.558841 secs using 794.6% CPU
Optimizing NNI: done in 0.934721 secs using 793.2% CPU
Optimizing NNI: done in 0.462138 secs using 793.4% CPU
Iteration 140 / LogL: -5182.754 / Time: 0h:1m:10s (0h:0m:41s left)
Optimizing NNI: done in 0.808737 secs using 793.6% CPU
Optimizing NNI: done in 0.303113 secs using 794.2% CPU
Optimizing NNI: done in 0.479853 secs using 793.6% CPU
Optimizing NNI: done in 0.237193 secs using 791.8% CPU
Optimizing NNI: done in 0.443134 secs using 793% CPU
Optimizing NNI: done in 0.37164 secs using 795.7% CPU
Optimizing NNI: done in 0.392404 secs using 792.6% CPU
Optimizing NNI: done in 0.72622 secs using 794.9% CPU
Optimizing NNI: done in 0.366721 secs using 792.5% CPU
Optimizing NNI: done in 0.473963 secs using 792.9% CPU
Iteration 150 / LogL: -5189.720 / Time: 0h:1m:14s (0h:0m:36s left)
Log-likelihood cutoff on original alignment: -5236.055
Optimizing NNI: done in 0.62144 secs using 794.1% CPU
Optimizing NNI: done in 0.44457 secs using 793.5% CPU
Optimizing NNI: done in 0.235726 secs using 792.4% CPU
Optimizing NNI: done in 0.459204 secs using 795.4% CPU
Optimizing NNI: done in 0.606018 secs using 793.9% CPU
Optimizing NNI: done in 0.513204 secs using 793.2% CPU
Optimizing NNI: done in 0.302323 secs using 796.1% CPU
Optimizing NNI: done in 0.304071 secs using 794.6% CPU
Optimizing NNI: done in 0.549758 secs using 793% CPU
Optimizing NNI: done in 1.00223 secs using 794% CPU
Iteration 160 / LogL: -5183.050 / Time: 0h:1m:20s (0h:0m:31s left)
Optimizing NNI: done in 0.806698 secs using 794.8% CPU
Optimizing NNI: done in 0.78097 secs using 794% CPU
Optimizing NNI: done in 0.448405 secs using 793.5% CPU
Optimizing NNI: done in 0.612819 secs using 794.4% CPU
Optimizing NNI: done in 0.379337 secs using 794.5% CPU
Optimizing NNI: done in 0.45765 secs using 794.6% CPU
Optimizing NNI: done in 0.307199 secs using 793.2% CPU
Optimizing NNI: done in 0.737358 secs using 793.6% CPU
Optimizing NNI: done in 0.571574 secs using 793.8% CPU
Optimizing NNI: done in 0.323087 secs using 792.2% CPU
Iteration 170 / LogL: -5182.752 / Time: 0h:1m:25s (0h:0m:26s left)
Optimizing NNI: done in 0.724444 secs using 793.1% CPU
Optimizing NNI: done in 0.506124 secs using 794.8% CPU
Optimizing NNI: done in 0.302684 secs using 795.5% CPU
Optimizing NNI: done in 0.492429 secs using 792.1% CPU
Optimizing NNI: done in 0.36812 secs using 792.8% CPU
Optimizing NNI: done in 0.30119 secs using 796.6% CPU
Optimizing NNI: done in 0.433921 secs using 795.6% CPU
Optimizing NNI: done in 0.38186 secs using 793.7% CPU
Optimizing NNI: done in 0.433281 secs using 795.2% CPU
Optimizing NNI: done in 0.753768 secs using 794.4% CPU
Iteration 180 / LogL: -5183.044 / Time: 0h:1m:30s (0h:0m:21s left)
Optimizing NNI: done in 0.725426 secs using 793.1% CPU
Optimizing NNI: done in 0.945647 secs using 794% CPU
Optimizing NNI: done in 0.384892 secs using 794.8% CPU
Optimizing NNI: done in 0.391428 secs using 793.5% CPU
Optimizing NNI: done in 0.625524 secs using 793.7% CPU
Optimizing NNI: done in 0.397052 secs using 795.3% CPU
Optimizing NNI: done in 0.752342 secs using 794.7% CPU
Optimizing NNI: done in 0.460187 secs using 793.6% CPU
Optimizing NNI: done in 0.614138 secs using 792.9% CPU
Optimizing NNI: done in 0.662293 secs using 795.3% CPU
Iteration 190 / LogL: -5192.286 / Time: 0h:1m:36s (0h:0m:16s left)
Optimizing NNI: done in 0.891355 secs using 794.7% CPU
Optimizing NNI: done in 0.798417 secs using 794.7% CPU
Optimizing NNI: done in 0.31441 secs using 795.9% CPU
Optimizing NNI: done in 0.683379 secs using 794.2% CPU
Optimizing NNI: done in 0.495733 secs using 792.4% CPU
Optimizing NNI: done in 0.657565 secs using 792.2% CPU
Optimizing NNI: done in 0.291282 secs using 794.1% CPU
Optimizing NNI: done in 0.774708 secs using 794.3% CPU
Optimizing NNI: done in 0.400336 secs using 794% CPU
Optimizing NNI: done in 0.299219 secs using 793.8% CPU
Iteration 200 / LogL: -5224.002 / Time: 0h:1m:42s (0h:0m:11s left)
Log-likelihood cutoff on original alignment: -5236.060
NOTE: Bootstrap correlation coefficient of split occurrence frequencies: 0.979
NOTE: UFBoot does not converge, continue at least 100 more iterations
Optimizing NNI: done in 0.724744 secs using 793.9% CPU
Optimizing NNI: done in 0.429125 secs using 793.3% CPU
Optimizing NNI: done in 0.809063 secs using 794.3% CPU
Optimizing NNI: done in 1.16261 secs using 793.6% CPU
Optimizing NNI: done in 0.627079 secs using 793.8% CPU
Optimizing NNI: done in 0.370255 secs using 793.2% CPU
Optimizing NNI: done in 0.378826 secs using 793.7% CPU
Optimizing NNI: done in 0.312111 secs using 793.3% CPU
Optimizing NNI: done in 0.7047 secs using 794.2% CPU
Optimizing NNI: done in 0.495113 secs using 794.4% CPU
Iteration 210 / LogL: -5187.090 / Time: 0h:1m:48s (0h:0m:46s left)
Optimizing NNI: done in 0.695837 secs using 793.7% CPU
Optimizing NNI: done in 0.529297 secs using 795% CPU
Optimizing NNI: done in 0.737919 secs using 793.4% CPU
Optimizing NNI: done in 0.492611 secs using 793.5% CPU
Optimizing NNI: done in 0.555592 secs using 794% CPU
Optimizing NNI: done in 0.477223 secs using 793.1% CPU
Optimizing NNI: done in 0.721998 secs using 794.1% CPU
Optimizing NNI: done in 0.666417 secs using 795% CPU
Optimizing NNI: done in 0.56587 secs using 794.2% CPU
Optimizing NNI: done in 0.442459 secs using 795.7% CPU
Iteration 220 / LogL: -5190.900 / Time: 0h:1m:54s (0h:0m:41s left)
Optimizing NNI: done in 0.558426 secs using 795.3% CPU
Optimizing NNI: done in 0.445409 secs using 795.7% CPU
Optimizing NNI: done in 0.737107 secs using 793.6% CPU
Optimizing NNI: done in 0.825964 secs using 794.6% CPU
Optimizing NNI: done in 0.404095 secs using 794.2% CPU
Optimizing NNI: done in 0.633884 secs using 794.6% CPU
Optimizing NNI: done in 0.388348 secs using 796.4% CPU
Optimizing NNI: done in 0.387091 secs using 794.5% CPU
Optimizing NNI: done in 0.52888 secs using 793% CPU
Optimizing NNI: done in 0.427903 secs using 793% CPU
Iteration 230 / LogL: -5186.772 / Time: 0h:2m:0s (0h:0m:36s left)
Optimizing NNI: done in 0.731955 secs using 794.2% CPU
Optimizing NNI: done in 0.644719 secs using 794.5% CPU
Optimizing NNI: done in 0.369903 secs using 791.4% CPU
Optimizing NNI: done in 0.377156 secs using 793.9% CPU
Optimizing NNI: done in 0.316004 secs using 794.3% CPU
Optimizing NNI: done in 0.657938 secs using 793.8% CPU
Optimizing NNI: done in 0.373714 secs using 794.9% CPU
Optimizing NNI: done in 0.388838 secs using 794.3% CPU
Optimizing NNI: done in 0.586819 secs using 794% CPU
Optimizing NNI: done in 0.522697 secs using 794.8% CPU
Iteration 240 / LogL: -5182.855 / Time: 0h:2m:5s (0h:0m:31s left)
Optimizing NNI: done in 0.441271 secs using 794.1% CPU
Optimizing NNI: done in 0.427761 secs using 795.5% CPU
Optimizing NNI: done in 0.447078 secs using 794% CPU
Optimizing NNI: done in 0.709156 secs using 794% CPU
Optimizing NNI: done in 0.632318 secs using 794.2% CPU
Optimizing NNI: done in 0.715239 secs using 794.7% CPU
Optimizing NNI: done in 0.306741 secs using 793.7% CPU
Optimizing NNI: done in 0.591921 secs using 794.1% CPU
Optimizing NNI: done in 0.462491 secs using 793.6% CPU
Optimizing NNI: done in 0.393915 secs using 794.7% CPU
Iteration 250 / LogL: -5182.750 / Time: 0h:2m:10s (0h:0m:26s left)
Log-likelihood cutoff on original alignment: -5236.060
Optimizing NNI: done in 0.74294 secs using 792.8% CPU
Optimizing NNI: done in 0.72381 secs using 794.5% CPU
Optimizing NNI: done in 0.460394 secs using 795.7% CPU
Optimizing NNI: done in 0.64969 secs using 794% CPU
Optimizing NNI: done in 0.862184 secs using 793.5% CPU
Optimizing NNI: done in 0.398603 secs using 795.8% CPU
Optimizing NNI: done in 0.86208 secs using 793.3% CPU
Optimizing NNI: done in 0.853502 secs using 793.8% CPU
Optimizing NNI: done in 0.705383 secs using 793.7% CPU
Optimizing NNI: done in 0.436795 secs using 792% CPU
Iteration 260 / LogL: -5182.754 / Time: 0h:2m:17s (0h:0m:21s left)
Optimizing NNI: done in 0.406916 secs using 793.4% CPU
Optimizing NNI: done in 0.555779 secs using 794% CPU
Optimizing NNI: done in 0.749674 secs using 794.2% CPU
Optimizing NNI: done in 0.591794 secs using 794.3% CPU
Optimizing NNI: done in 0.580735 secs using 792.9% CPU
Optimizing NNI: done in 0.794345 secs using 793.7% CPU
Optimizing NNI: done in 0.329621 secs using 795.2% CPU
Optimizing NNI: done in 0.396842 secs using 793.3% CPU
Optimizing NNI: done in 0.379249 secs using 793.8% CPU
Optimizing NNI: done in 0.615656 secs using 795.2% CPU
Iteration 270 / LogL: -5182.752 / Time: 0h:2m:23s (0h:0m:15s left)
Optimizing NNI: done in 0.687405 secs using 793.4% CPU
Optimizing NNI: done in 0.496892 secs using 794.7% CPU
Optimizing NNI: done in 0.451113 secs using 794.6% CPU
Optimizing NNI: done in 0.373746 secs using 792.6% CPU
Optimizing NNI: done in 0.621929 secs using 793.6% CPU
Optimizing NNI: done in 0.671968 secs using 794.6% CPU
Optimizing NNI: done in 0.363493 secs using 795.4% CPU
Optimizing NNI: done in 0.556401 secs using 794.7% CPU
Optimizing NNI: done in 0.767772 secs using 793.6% CPU
Optimizing NNI: done in 0.311607 secs using 792.9% CPU
Iteration 280 / LogL: -5182.750 / Time: 0h:2m:28s (0h:0m:10s left)
Optimizing NNI: done in 0.615366 secs using 794.4% CPU
Optimizing NNI: done in 0.72761 secs using 792.6% CPU
Optimizing NNI: done in 0.40738 secs using 794.7% CPU
Optimizing NNI: done in 0.364095 secs using 793.8% CPU
Optimizing NNI: done in 0.384326 secs using 794.5% CPU
Optimizing NNI: done in 0.360474 secs using 794.7% CPU
Optimizing NNI: done in 0.80731 secs using 793.7% CPU
Optimizing NNI: done in 0.29508 secs using 794.7% CPU
Optimizing NNI: done in 0.536372 secs using 793.9% CPU
Optimizing NNI: done in 0.304044 secs using 794.3% CPU
Iteration 290 / LogL: -5182.750 / Time: 0h:2m:33s (0h:0m:5s left)
Optimizing NNI: done in 0.777341 secs using 794.1% CPU
Optimizing NNI: done in 0.585687 secs using 794.1% CPU
Optimizing NNI: done in 0.558731 secs using 794.7% CPU
Optimizing NNI: done in 0.547888 secs using 792.7% CPU
Optimizing NNI: done in 0.500889 secs using 794% CPU
Optimizing NNI: done in 0.318102 secs using 793.5% CPU
Optimizing NNI: done in 0.538424 secs using 795.2% CPU
Optimizing NNI: done in 0.774893 secs using 794.6% CPU
BETTER TREE FOUND at iteration 298: -5182.749
Optimizing NNI: done in 0.36984 secs using 791.6% CPU
Optimizing NNI: done in 0.408891 secs using 794.5% CPU
Iteration 300 / LogL: -5182.752 / Time: 0h:2m:39s (0h:0m:52s left)
Log-likelihood cutoff on original alignment: -5236.276
NOTE: Bootstrap correlation coefficient of split occurrence frequencies: 0.996
Optimizing NNI: done in 0.724749 secs using 793.3% CPU
Optimizing NNI: done in 0.311547 secs using 795% CPU
Optimizing NNI: done in 0.383611 secs using 795.3% CPU
Optimizing NNI: done in 0.430728 secs using 794.2% CPU
Optimizing NNI: done in 0.723881 secs using 794.2% CPU
Optimizing NNI: done in 0.235547 secs using 794.6% CPU
Optimizing NNI: done in 0.377103 secs using 793.9% CPU
Optimizing NNI: done in 0.462003 secs using 793.7% CPU
Optimizing NNI: done in 0.739489 secs using 794% CPU
Optimizing NNI: done in 0.445281 secs using 793.5% CPU
Iteration 310 / LogL: -5186.625 / Time: 0h:2m:44s (0h:0m:47s left)
Optimizing NNI: done in 0.398873 secs using 793.9% CPU
Optimizing NNI: done in 0.702231 secs using 793.2% CPU
Optimizing NNI: done in 0.806609 secs using 793.8% CPU
Optimizing NNI: done in 0.665974 secs using 794.2% CPU
Optimizing NNI: done in 0.307587 secs using 793% CPU
Optimizing NNI: done in 0.302881 secs using 795.5% CPU
Optimizing NNI: done in 0.638061 secs using 794.3% CPU
Optimizing NNI: done in 0.520314 secs using 793.4% CPU
Optimizing NNI: done in 0.793722 secs using 794.4% CPU
Optimizing NNI: done in 0.871605 secs using 793.4% CPU
Iteration 320 / LogL: -5182.750 / Time: 0h:2m:50s (0h:0m:42s left)
Optimizing NNI: done in 0.456568 secs using 792.8% CPU
Optimizing NNI: done in 0.490333 secs using 794.8% CPU
Optimizing NNI: done in 0.808354 secs using 794.2% CPU
Optimizing NNI: done in 0.843814 secs using 794% CPU
Optimizing NNI: done in 0.323603 secs using 795.7% CPU
Optimizing NNI: done in 0.315894 secs using 795.2% CPU
Optimizing NNI: done in 0.567008 secs using 795.4% CPU
Optimizing NNI: done in 0.385355 secs using 793.7% CPU
Optimizing NNI: done in 0.31567 secs using 791.9% CPU
Optimizing NNI: done in 0.460029 secs using 793.5% CPU
Iteration 330 / LogL: -5183.046 / Time: 0h:2m:55s (0h:0m:37s left)
Optimizing NNI: done in 0.467056 secs using 793.4% CPU
Optimizing NNI: done in 0.528648 secs using 792.6% CPU
Optimizing NNI: done in 0.774821 secs using 793.7% CPU
Optimizing NNI: done in 0.365572 secs using 793.9% CPU
Optimizing NNI: done in 0.341962 secs using 794.2% CPU
Optimizing NNI: done in 0.558503 secs using 795.1% CPU
Optimizing NNI: done in 0.470299 secs using 794% CPU
Optimizing NNI: done in 0.434762 secs using 794.8% CPU
Optimizing NNI: done in 0.647323 secs using 794% CPU
Optimizing NNI: done in 0.45458 secs using 793.7% CPU
Iteration 340 / LogL: -5256.710 / Time: 0h:3m:0s (0h:0m:31s left)
Optimizing NNI: done in 0.76143 secs using 794.2% CPU
Optimizing NNI: done in 0.328048 secs using 793.9% CPU
Optimizing NNI: done in 0.425193 secs using 793.8% CPU
Optimizing NNI: done in 0.784839 secs using 795.1% CPU
Optimizing NNI: done in 0.359634 secs using 793.6% CPU
Optimizing NNI: done in 0.503251 secs using 793.9% CPU
Optimizing NNI: done in 0.306304 secs using 796.1% CPU
Optimizing NNI: done in 0.38997 secs using 794.4% CPU
Optimizing NNI: done in 0.747551 secs using 793.3% CPU
Optimizing NNI: done in 0.5677 secs using 794% CPU
Iteration 350 / LogL: -5182.753 / Time: 0h:3m:6s (0h:0m:26s left)
Log-likelihood cutoff on original alignment: -5236.276
Optimizing NNI: done in 0.459702 secs using 795% CPU
Optimizing NNI: done in 0.378336 secs using 793.2% CPU
Optimizing NNI: done in 0.303862 secs using 795.3% CPU
Optimizing NNI: done in 0.760764 secs using 795.1% CPU
Optimizing NNI: done in 0.379422 secs using 796.4% CPU
Optimizing NNI: done in 0.440747 secs using 794.2% CPU
Optimizing NNI: done in 0.366223 secs using 793.7% CPU
Optimizing NNI: done in 0.47579 secs using 794.3% CPU
Optimizing NNI: done in 0.764051 secs using 794.1% CPU
Optimizing NNI: done in 0.313527 secs using 795% CPU
Iteration 360 / LogL: -5190.900 / Time: 0h:3m:11s (0h:0m:21s left)
Optimizing NNI: done in 0.628481 secs using 794.4% CPU
Optimizing NNI: done in 0.298659 secs using 794.7% CPU
Optimizing NNI: done in 0.441638 secs using 794.1% CPU
Optimizing NNI: done in 0.448856 secs using 793.8% CPU
Optimizing NNI: done in 0.501826 secs using 794.4% CPU
Optimizing NNI: done in 0.428494 secs using 795% CPU
Optimizing NNI: done in 0.61094 secs using 793.7% CPU
Optimizing NNI: done in 0.376832 secs using 794.5% CPU
Optimizing NNI: done in 0.547014 secs using 793.4% CPU
Optimizing NNI: done in 0.390983 secs using 795.4% CPU
Iteration 370 / LogL: -5182.754 / Time: 0h:3m:15s (0h:0m:15s left)
Optimizing NNI: done in 0.355758 secs using 795.7% CPU
Optimizing NNI: done in 0.315787 secs using 792.5% CPU
Optimizing NNI: done in 0.425184 secs using 793.7% CPU
Optimizing NNI: done in 0.552026 secs using 793.7% CPU
Optimizing NNI: done in 0.484717 secs using 795.1% CPU
Optimizing NNI: done in 0.284572 secs using 794.4% CPU
Optimizing NNI: done in 0.863014 secs using 794.1% CPU
Optimizing NNI: done in 0.902889 secs using 794.8% CPU
Optimizing NNI: done in 0.686361 secs using 793.8% CPU
Optimizing NNI: done in 0.694824 secs using 793.9% CPU
Iteration 380 / LogL: -5183.045 / Time: 0h:3m:21s (0h:0m:10s left)
Optimizing NNI: done in 0.460217 secs using 794.7% CPU
Optimizing NNI: done in 0.702375 secs using 795.9% CPU
Optimizing NNI: done in 0.40467 secs using 795.2% CPU
Optimizing NNI: done in 0.667478 secs using 793.4% CPU
Optimizing NNI: done in 0.435989 secs using 793.9% CPU
Optimizing NNI: done in 0.805962 secs using 794.4% CPU
Optimizing NNI: done in 0.616436 secs using 793.5% CPU
Optimizing NNI: done in 0.383721 secs using 794.4% CPU
Optimizing NNI: done in 0.303861 secs using 795.4% CPU
Optimizing NNI: done in 0.727353 secs using 793.9% CPU
Iteration 390 / LogL: -5190.899 / Time: 0h:3m:27s (0h:0m:5s left)
Optimizing NNI: done in 0.746571 secs using 794.2% CPU
Optimizing NNI: done in 0.4294 secs using 794% CPU
Optimizing NNI: done in 0.460777 secs using 793.3% CPU
Optimizing NNI: done in 0.555448 secs using 795.2% CPU
Optimizing NNI: done in 0.305412 secs using 796% CPU
Optimizing NNI: done in 0.319473 secs using 794.9% CPU
Optimizing NNI: done in 0.595659 secs using 794.5% CPU
Optimizing NNI: done in 0.392296 secs using 793.6% CPU
Optimizing NNI: done in 0.270056 secs using 793.9% CPU
TREE SEARCH COMPLETED AFTER 399 ITERATIONS / Time: 0h:3m:31s

--------------------------------------------------------------------
|                    FINALIZING TREE SEARCH                        |
--------------------------------------------------------------------
Performs final model parameters optimization
Estimate model parameters (epsilon = 0.010)
1. Initial log-likelihood: -5182.749
Optimal log-likelihood: -5182.749
Gamma shape alpha: 0.850
Parameters optimization took 1 rounds (0.035 sec)
BEST SCORE FOUND : -5182.749
Creating bootstrap support values...
Split supports printed to NEXUS file results/per_year_clustered/H3N2/trees/H3N2_2022_with_designs.splits.nex
Total tree length: 2.125

Total number of iterations: 399
CPU time used for tree search: 1658.264 sec (0h:27m:38s)
Wall-clock time used for tree search: 211.269 sec (0h:3m:31s)
Total CPU time used: 1661.365 sec (0h:27m:41s)
Total wall-clock time used: 211.836 sec (0h:3m:31s)

Computing bootstrap consensus tree...
Reading input file results/per_year_clustered/H3N2/trees/H3N2_2022_with_designs.splits.nex...
65 taxa and 1276 splits.
Consensus tree written to results/per_year_clustered/H3N2/trees/H3N2_2022_with_designs.contree
Reading input trees file results/per_year_clustered/H3N2/trees/H3N2_2022_with_designs.contree
Log-likelihood of consensus tree: -5184.218

Analysis results written to: 
  IQ-TREE report:                results/per_year_clustered/H3N2/trees/H3N2_2022_with_designs.iqtree
  Maximum-likelihood tree:       results/per_year_clustered/H3N2/trees/H3N2_2022_with_designs.treefile
  Likelihood distances:          results/per_year_clustered/H3N2/trees/H3N2_2022_with_designs.mldist

Ultrafast bootstrap approximation results written to:
  Split support values:          results/per_year_clustered/H3N2/trees/H3N2_2022_with_designs.splits.nex
  Consensus tree:                results/per_year_clustered/H3N2/trees/H3N2_2022_with_designs.contree
  Screen log file:               results/per_year_clustered/H3N2/trees/H3N2_2022_with_designs.log

Date and Time: Sat Nov 22 11:05:48 2025
