IQ-TREE version 3.0.1 for Linux x86 64-bit built Jul  9 2025
Developed by Bui Quang Minh, Thomas Wong, Nhan Ly-Trong, Huaiyan Ren
Contributed by Lam-Tung Nguyen, Dominik Schrempf, Chris Bielow,
Olga Chernomor, Michael Woodhams, Diep Thi Hoang, Heiko Schmidt

Host:    rtis-hpc-r09.uod.otago.ac.nz (AVX2, FMA3, 1006 GB RAM)
Command: iqtree -s results/per_year_clustered/H3N2/alignments/H3N2_2021_aligned.fasta -m LG+G4 -bb 1000 -nt 16 -pre results/per_year_clustered/H3N2/trees/H3N2_2021 -redo -quiet
Seed:    268917 (Using SPRNG - Scalable Parallel Random Number Generator)
Time:    Thu Nov 20 18:49:37 2025
Kernel:  AVX+FMA - 16 threads (16 CPU cores detected)

Reading alignment file results/per_year_clustered/H3N2/alignments/H3N2_2021_aligned.fasta ... Fasta format detected
Reading fasta file: done in 0.000211567 secs using 74.68% CPU
Alignment most likely contains protein sequences
Constructing alignment: done in 0.000360626 secs using 98.72% CPU
Alignment has 23 sequences with 579 columns, 275 distinct patterns
46 parsimony-informative, 286 singleton sites, 247 constant sites
                                                                       Gap/Ambiguity  Composition  p-value
Analyzing sequences: done in 0.0184926 secs using 694.4% CPU
   1  EPI2082985|HA|A/Myanmar/21M017/2021|EPI_ISL_13631686|A_/_H3N2            2.25%    passed    100.00%
   2  EPI1924397|HA|A/Singapore/INFKK0002/2021|EPI_ISL_5933270|A_/_H3N2        2.25%    passed    100.00%
   3  EPI1924389|HA|A/Thailand/4/2021|EPI_ISL_5933269|A_/_H3N2                 2.25%    passed    100.00%
   4  EPI1888048|HA|A/Philippines/1/2021|EPI_ISL_3836431|A_/_H3N2              2.25%    passed    100.00%
   5  EPI2069098|HA|A/Saudi_Arabia/22-23/2021|EPI_ISL_13339914|A_/_H3N2        2.25%    passed    100.00%
   6  EPI2069106|HA|A/Saudi_Arabia/44642/2021|EPI_ISL_13339918|A_/_H3N2        2.25%    passed    100.00%
   7  EPI1843602|HA|A/AbuDhabi/01/2021|EPI_ISL_956319|A_/_H3N2                 2.25%    passed    100.00%
   8  EPI1967925|HA|A/Pakistan/ICT14/2021|EPI_ISL_9346128|A_/_H3N2             2.25%    passed    100.00%
   9  EPI1925481|HA|A/Qatar/24-VI-21-3752470/2021|EPI_ISL_6075484|A_/_H3N2     2.25%    passed    100.00%
  10  EPI2024254|HA|A/Qatar/10-VI-21-4396149/2021|EPI_ISL_12240190|A_/_H3N2    2.25%    passed    100.00%
  11  EPI1889181|HA|A/Philippines/6/2021|EPI_ISL_3950048|A_/_H3N2              2.25%    passed    100.00%
  12  EPI1889178|HA|A/Philippines/8/2021|EPI_ISL_3950047|A_/_H3N2              2.25%    passed    100.00%
  13  EPI2044679|HA|A/Nur-Sultan/343/2021|EPI_ISL_12869830|A_/_H3N2            2.25%    passed    100.00%
  14  EPI2194981|HA|A/Maldives/758/2021|EPI_ISL_15394467|A_/_H3N2              2.25%    passed    100.00%
  15  EPI1947371|HA|A/Seeb/72126898/2021|EPI_ISL_7992165|A_/_H3N2              2.25%    passed    100.00%
  16  EPI1947373|HA|A/Zghorta.LBN/7493/2021|EPI_ISL_7992166|A_/_H3N2           2.25%    passed    100.00%
  17  EPI2047029|HA|A/Kazakhstan/582/2021|EPI_ISL_12942452|A_/_H3N2            2.25%    passed    100.00%
  18  EPI1937577|HA|A/Andalucia/9561/2021|EPI_ISL_6917670|A_/_H3N2             2.25%    passed    100.00%
  19  EPI1887976|HA|A/Stockholm/7/2021|EPI_ISL_3797777|A_/_H3N2                2.25%    passed    100.00%
  20  EPI1924447|HA|A/Newcastle/1/2021|EPI_ISL_5933276|A_/_H3N2                2.25%    passed    100.00%
  21  EPI1859990|HA|A/Darwin/1/2021|EPI_ISL_2233237|A_/_H3N2                   2.25%    passed    100.00%
  22  EPI1883377|HA|A/Timor-Leste/33/2021|EPI_ISL_3101063|A_/_H3N2             3.80%    passed    100.00%
  23  EPI1962229|HA|A/Murcia/10211/2021|EPI_ISL_8896338|A_/_H1N1               2.25%    failed      1.35%
****  TOTAL                                                                    2.31%  1 sequences failed composition chi2 test (p-value<5%; df=19)
Checking for duplicate sequences: done in 0.0322263 secs using 620.5% CPU
Creating fast initial parsimony tree by random order stepwise addition...
0.280 seconds, parsimony score: 429 (based on 332 sites)
Generating 1000 samples for ultrafast bootstrap (seed: 268917)...

NOTE: 5 MB RAM (0 GB) is required!
WARNING: Number of threads seems too high for short alignments. Use -T AUTO to determine best number of threads.
Estimate model parameters (epsilon = 0.100)
1. Initial log-likelihood: -3844.861
2. Current log-likelihood: -3837.438
Optimal log-likelihood: -3837.384
Gamma shape alpha: 0.980
Parameters optimization took 2 rounds (0.019 sec)
Wrote distance file to... 
Computing ML distances based on estimated model parameters...
Calculating distance matrix: done in 0.00495857 secs using 1638% CPU
Computing ML distances took 0.005003 sec (of wall-clock time) 0.081274 sec (of CPU time)
Setting up auxiliary I and S matrices: done in 0.0012893 secs using 8.687% CPU
Constructing RapidNJ tree: done in 0.0314279 secs using 43.98% CPU
Computing RapidNJ tree took 0.032759 sec (of wall-clock time) 0.013982 sec (of CPU time)
Log-likelihood of RapidNJ tree: -3870.890
--------------------------------------------------------------------
|             INITIALIZING CANDIDATE TREE SET                      |
--------------------------------------------------------------------
Generating 98 parsimony trees... 0.019 second
Computing log-likelihood of 98 initial trees ... 0.420 seconds
Current best score: -3834.361

Do NNI search on 20 best initial trees
Optimizing NNI: done in 0.0592269 secs using 1582% CPU
Estimate model parameters (epsilon = 0.100)
BETTER TREE FOUND at iteration 1: -3834.335
Optimizing NNI: done in 0.0570503 secs using 1583% CPU
Optimizing NNI: done in 0.0749981 secs using 1585% CPU
Optimizing NNI: done in 0.050907 secs using 1591% CPU
Estimate model parameters (epsilon = 0.100)
BETTER TREE FOUND at iteration 4: -3833.435
Optimizing NNI: done in 0.0534541 secs using 1601% CPU
Optimizing NNI: done in 0.0765025 secs using 1598% CPU
Optimizing NNI: done in 0.0753348 secs using 1579% CPU
Optimizing NNI: done in 0.0910613 secs using 1585% CPU
Optimizing NNI: done in 0.0756765 secs using 1573% CPU
Optimizing NNI: done in 0.0956978 secs using 1587% CPU
Iteration 10 / LogL: -3833.924 / Time: 0h:0m:4s
Optimizing NNI: done in 0.0958466 secs using 1588% CPU
Optimizing NNI: done in 0.0434639 secs using 1609% CPU
Optimizing NNI: done in 0.0449702 secs using 1585% CPU
Optimizing NNI: done in 0.0650594 secs using 1585% CPU
Optimizing NNI: done in 0.0518942 secs using 1591% CPU
Optimizing NNI: done in 0.0726154 secs using 1579% CPU
Optimizing NNI: done in 0.0657573 secs using 1596% CPU
Optimizing NNI: done in 0.0732685 secs using 1580% CPU
Optimizing NNI: done in 0.0723909 secs using 1579% CPU
Optimizing NNI: done in 0.0682727 secs using 1581% CPU
Iteration 20 / LogL: -3835.454 / Time: 0h:0m:5s
Finish initializing candidate tree set (7)
Current best tree score: -3833.435 / CPU time: 1.842
Number of iterations: 20
--------------------------------------------------------------------
|               OPTIMIZING CANDIDATE TREE SET                      |
--------------------------------------------------------------------
Optimizing NNI: done in 0.139247 secs using 1596% CPU
Optimizing NNI: done in 0.170801 secs using 1589% CPU
Optimizing NNI: done in 0.0710854 secs using 1584% CPU
Optimizing NNI: done in 0.152357 secs using 1583% CPU
Optimizing NNI: done in 0.0621611 secs using 1585% CPU
BETTER TREE FOUND at iteration 25: -3833.434
Optimizing NNI: done in 0.0920147 secs using 1589% CPU
Optimizing NNI: done in 0.112869 secs using 1589% CPU
BETTER TREE FOUND at iteration 27: -3833.434
Optimizing NNI: done in 0.0953612 secs using 1597% CPU
Optimizing NNI: done in 0.0966565 secs using 1594% CPU
Optimizing NNI: done in 0.0694685 secs using 1576% CPU
Iteration 30 / LogL: -3833.438 / Time: 0h:0m:6s (0h:0m:20s left)
Optimizing NNI: done in 0.0874803 secs using 1596% CPU
Optimizing NNI: done in 0.110702 secs using 1591% CPU
Optimizing NNI: done in 0.127233 secs using 1584% CPU
Optimizing NNI: done in 0.107343 secs using 1581% CPU
Optimizing NNI: done in 0.130919 secs using 1589% CPU
Optimizing NNI: done in 0.0970991 secs using 1599% CPU
Optimizing NNI: done in 0.087125 secs using 1586% CPU
Optimizing NNI: done in 0.11894 secs using 1588% CPU
Optimizing NNI: done in 0.0877452 secs using 1591% CPU
Optimizing NNI: done in 0.147042 secs using 1589% CPU
Iteration 40 / LogL: -3833.435 / Time: 0h:0m:7s (0h:0m:16s left)
Optimizing NNI: done in 0.0843637 secs using 1600% CPU
Optimizing NNI: done in 0.108325 secs using 1597% CPU
Optimizing NNI: done in 0.103825 secs using 1578% CPU
Optimizing NNI: done in 0.0855824 secs using 1594% CPU
Optimizing NNI: done in 0.106981 secs using 1588% CPU
Optimizing NNI: done in 0.0862176 secs using 1601% CPU
Optimizing NNI: done in 0.104841 secs using 1586% CPU
Optimizing NNI: done in 0.0905137 secs using 1593% CPU
Optimizing NNI: done in 0.0607652 secs using 1570% CPU
Optimizing NNI: done in 0.0987095 secs using 1592% CPU
Iteration 50 / LogL: -3833.436 / Time: 0h:0m:8s (0h:0m:12s left)
Log-likelihood cutoff on original alignment: -3863.410
Optimizing NNI: done in 0.107887 secs using 1589% CPU
Optimizing NNI: done in 0.0879646 secs using 1588% CPU
Optimizing NNI: done in 0.0680762 secs using 1586% CPU
Optimizing NNI: done in 0.095872 secs using 1592% CPU
Optimizing NNI: done in 0.113487 secs using 1581% CPU
Optimizing NNI: done in 0.0863997 secs using 1598% CPU
Optimizing NNI: done in 0.0994082 secs using 1581% CPU
Optimizing NNI: done in 0.0865935 secs using 1595% CPU
BETTER TREE FOUND at iteration 58: -3833.434
Optimizing NNI: done in 0.0891178 secs using 1602% CPU
Optimizing NNI: done in 0.0985545 secs using 1579% CPU
Iteration 60 / LogL: -3833.435 / Time: 0h:0m:9s (0h:0m:15s left)
Optimizing NNI: done in 0.0983378 secs using 1599% CPU
Optimizing NNI: done in 0.0830115 secs using 1587% CPU
Optimizing NNI: done in 0.116273 secs using 1583% CPU
Optimizing NNI: done in 0.0948828 secs using 1592% CPU
Optimizing NNI: done in 0.0644087 secs using 1602% CPU
Optimizing NNI: done in 0.0825053 secs using 1577% CPU
Optimizing NNI: done in 0.0617783 secs using 1591% CPU
Optimizing NNI: done in 0.0638086 secs using 1594% CPU
Optimizing NNI: done in 0.0674044 secs using 1581% CPU
Optimizing NNI: done in 0.091222 secs using 1582% CPU
Iteration 70 / LogL: -3833.437 / Time: 0h:0m:10s (0h:0m:12s left)
Optimizing NNI: done in 0.0901174 secs using 1586% CPU
Optimizing NNI: done in 0.116265 secs using 1583% CPU
Optimizing NNI: done in 0.0593713 secs using 1609% CPU
BETTER TREE FOUND at iteration 73: -3833.434
Optimizing NNI: done in 0.0860138 secs using 1588% CPU
Optimizing NNI: done in 0.0720371 secs using 1587% CPU
Optimizing NNI: done in 0.0812361 secs using 1586% CPU
Optimizing NNI: done in 0.130023 secs using 1587% CPU
Optimizing NNI: done in 0.0713167 secs using 1603% CPU
Optimizing NNI: done in 0.12332 secs using 1583% CPU
Optimizing NNI: done in 0.101134 secs using 1584% CPU
Iteration 80 / LogL: -3833.437 / Time: 0h:0m:11s (0h:0m:12s left)
Optimizing NNI: done in 0.112894 secs using 1589% CPU
Optimizing NNI: done in 0.110123 secs using 1586% CPU
Optimizing NNI: done in 0.0660049 secs using 1583% CPU
Optimizing NNI: done in 0.0957886 secs using 1572% CPU
Optimizing NNI: done in 0.097177 secs using 1603% CPU
Optimizing NNI: done in 0.11609 secs using 1585% CPU
Optimizing NNI: done in 0.101533 secs using 1583% CPU
Optimizing NNI: done in 0.103764 secs using 1571% CPU
Optimizing NNI: done in 0.0329549 secs using 1590% CPU
Optimizing NNI: done in 0.0910998 secs using 1587% CPU
Iteration 90 / LogL: -3833.947 / Time: 0h:0m:12s (0h:0m:11s left)
Optimizing NNI: done in 0.130257 secs using 1585% CPU
Optimizing NNI: done in 0.053839 secs using 1595% CPU
Optimizing NNI: done in 0.107646 secs using 1573% CPU
Optimizing NNI: done in 0.0451207 secs using 1584% CPU
Optimizing NNI: done in 0.0450903 secs using 1588% CPU
Optimizing NNI: done in 0.137946 secs using 1588% CPU
Optimizing NNI: done in 0.0749277 secs using 1581% CPU
Optimizing NNI: done in 0.114033 secs using 1589% CPU
Optimizing NNI: done in 0.0860618 secs using 1588% CPU
Optimizing NNI: done in 0.0670991 secs using 1582% CPU
Iteration 100 / LogL: -3833.925 / Time: 0h:0m:13s (0h:0m:9s left)
Log-likelihood cutoff on original alignment: -3863.410
NOTE: Bootstrap correlation coefficient of split occurrence frequencies: 0.994
Optimizing NNI: done in 0.0782222 secs using 1581% CPU
Optimizing NNI: done in 0.081591 secs using 1579% CPU
Optimizing NNI: done in 0.148916 secs using 1588% CPU
Optimizing NNI: done in 0.117547 secs using 1594% CPU
Optimizing NNI: done in 0.143271 secs using 1586% CPU
Optimizing NNI: done in 0.107242 secs using 1585% CPU
Optimizing NNI: done in 0.136911 secs using 1588% CPU
Optimizing NNI: done in 0.0647768 secs using 1591% CPU
Optimizing NNI: done in 0.110951 secs using 1584% CPU
Optimizing NNI: done in 0.133821 secs using 1589% CPU
Iteration 110 / LogL: -3833.925 / Time: 0h:0m:14s (0h:0m:11s left)
Optimizing NNI: done in 0.0941803 secs using 1585% CPU
Optimizing NNI: done in 0.0875332 secs using 1597% CPU
Optimizing NNI: done in 0.0988774 secs using 1590% CPU
Optimizing NNI: done in 0.119084 secs using 1602% CPU
Optimizing NNI: done in 0.0837694 secs using 1591% CPU
Optimizing NNI: done in 0.142319 secs using 1596% CPU
Optimizing NNI: done in 0.0727577 secs using 1592% CPU
Optimizing NNI: done in 0.122436 secs using 1595% CPU
Optimizing NNI: done in 0.0896016 secs using 1593% CPU
Optimizing NNI: done in 0.156766 secs using 1590% CPU
Iteration 120 / LogL: -3833.436 / Time: 0h:0m:15s (0h:0m:10s left)
Optimizing NNI: done in 0.0867709 secs using 1591% CPU
Optimizing NNI: done in 0.0731054 secs using 1600% CPU
Optimizing NNI: done in 0.0818057 secs using 1594% CPU
Optimizing NNI: done in 0.101829 secs using 1592% CPU
Optimizing NNI: done in 0.123344 secs using 1595% CPU
Optimizing NNI: done in 0.0640477 secs using 1590% CPU
Optimizing NNI: done in 0.0908057 secs using 1590% CPU
Optimizing NNI: done in 0.0834975 secs using 1579% CPU
Optimizing NNI: done in 0.112515 secs using 1596% CPU
Optimizing NNI: done in 0.123962 secs using 1588% CPU
Iteration 130 / LogL: -3833.434 / Time: 0h:0m:16s (0h:0m:8s left)
Optimizing NNI: done in 0.0942978 secs using 1584% CPU
Optimizing NNI: done in 0.0866027 secs using 1576% CPU
Optimizing NNI: done in 0.0938853 secs using 1571% CPU
Optimizing NNI: done in 0.0896004 secs using 1596% CPU
Optimizing NNI: done in 0.0910904 secs using 1582% CPU
Optimizing NNI: done in 0.0947175 secs using 1592% CPU
Optimizing NNI: done in 0.108613 secs using 1573% CPU
Optimizing NNI: done in 0.111252 secs using 1584% CPU
Optimizing NNI: done in 0.0849931 secs using 1588% CPU
Optimizing NNI: done in 0.0869919 secs using 1587% CPU
Iteration 140 / LogL: -3837.826 / Time: 0h:0m:17s (0h:0m:7s left)
Optimizing NNI: done in 0.0865761 secs using 1595% CPU
Optimizing NNI: done in 0.107755 secs using 1591% CPU
Optimizing NNI: done in 0.0836022 secs using 1596% CPU
Optimizing NNI: done in 0.0904023 secs using 1597% CPU
Optimizing NNI: done in 0.104387 secs using 1578% CPU
Optimizing NNI: done in 0.0872557 secs using 1584% CPU
Optimizing NNI: done in 0.100095 secs using 1582% CPU
Optimizing NNI: done in 0.0870679 secs using 1582% CPU
Optimizing NNI: done in 0.089255 secs using 1604% CPU
Optimizing NNI: done in 0.0708733 secs using 1591% CPU
Iteration 150 / LogL: -3845.307 / Time: 0h:0m:18s (0h:0m:6s left)
Log-likelihood cutoff on original alignment: -3864.409
Optimizing NNI: done in 0.0872563 secs using 1583% CPU
Optimizing NNI: done in 0.110483 secs using 1578% CPU
Optimizing NNI: done in 0.0688574 secs using 1591% CPU
Optimizing NNI: done in 0.0892209 secs using 1583% CPU
Optimizing NNI: done in 0.108867 secs using 1588% CPU
Optimizing NNI: done in 0.0888417 secs using 1591% CPU
Optimizing NNI: done in 0.0878864 secs using 1589% CPU
Optimizing NNI: done in 0.101826 secs using 1592% CPU
Optimizing NNI: done in 0.114419 secs using 1594% CPU
Optimizing NNI: done in 0.10651 secs using 1577% CPU
Iteration 160 / LogL: -3833.435 / Time: 0h:0m:19s (0h:0m:4s left)
Optimizing NNI: done in 0.0895472 secs using 1578% CPU
Optimizing NNI: done in 0.103165 secs using 1586% CPU
Optimizing NNI: done in 0.137632 secs using 1593% CPU
Optimizing NNI: done in 0.0376687 secs using 1560% CPU
Optimizing NNI: done in 0.0839831 secs using 1586% CPU
Optimizing NNI: done in 0.112285 secs using 1582% CPU
Optimizing NNI: done in 0.0674888 secs using 1576% CPU
Optimizing NNI: done in 0.0799393 secs using 1592% CPU
Optimizing NNI: done in 0.0972816 secs using 1584% CPU
Optimizing NNI: done in 0.102345 secs using 1586% CPU
Iteration 170 / LogL: -3834.611 / Time: 0h:0m:20s (0h:0m:3s left)
Optimizing NNI: done in 0.0908927 secs using 1590% CPU
Optimizing NNI: done in 0.102171 secs using 1586% CPU
Optimizing NNI: done in 0.0794202 secs using 1579% CPU
Optimizing NNI: done in 0.127338 secs using 1583% CPU
TREE SEARCH COMPLETED AFTER 174 ITERATIONS / Time: 0h:0m:20s

--------------------------------------------------------------------
|                    FINALIZING TREE SEARCH                        |
--------------------------------------------------------------------
Performs final model parameters optimization
Estimate model parameters (epsilon = 0.010)
1. Initial log-likelihood: -3833.434
Optimal log-likelihood: -3833.434
Gamma shape alpha: 0.984
Parameters optimization took 1 rounds (0.008 sec)
BEST SCORE FOUND : -3833.434
Creating bootstrap support values...
Split supports printed to NEXUS file results/per_year_clustered/H3N2/trees/H3N2_2021.splits.nex
Total tree length: 1.758

Total number of iterations: 174
CPU time used for tree search: 272.970 sec (0h:4m:32s)
Wall-clock time used for tree search: 17.278 sec (0h:0m:17s)
Total CPU time used: 317.432 sec (0h:5m:17s)
Total wall-clock time used: 20.844 sec (0h:0m:20s)

Computing bootstrap consensus tree...
Reading input file results/per_year_clustered/H3N2/trees/H3N2_2021.splits.nex...
23 taxa and 277 splits.
Consensus tree written to results/per_year_clustered/H3N2/trees/H3N2_2021.contree
Reading input trees file results/per_year_clustered/H3N2/trees/H3N2_2021.contree
Log-likelihood of consensus tree: -3833.439

Analysis results written to: 
  IQ-TREE report:                results/per_year_clustered/H3N2/trees/H3N2_2021.iqtree
  Maximum-likelihood tree:       results/per_year_clustered/H3N2/trees/H3N2_2021.treefile
  Likelihood distances:          results/per_year_clustered/H3N2/trees/H3N2_2021.mldist

Ultrafast bootstrap approximation results written to:
  Split support values:          results/per_year_clustered/H3N2/trees/H3N2_2021.splits.nex
  Consensus tree:                results/per_year_clustered/H3N2/trees/H3N2_2021.contree
  Screen log file:               results/per_year_clustered/H3N2/trees/H3N2_2021.log

Date and Time: Thu Nov 20 18:49:58 2025
