IQ-TREE version 3.0.1 for Linux x86 64-bit built Jul  9 2025
Developed by Bui Quang Minh, Thomas Wong, Nhan Ly-Trong, Huaiyan Ren
Contributed by Lam-Tung Nguyen, Dominik Schrempf, Chris Bielow,
Olga Chernomor, Michael Woodhams, Diep Thi Hoang, Heiko Schmidt

Host:    rtis-hpc-r01.uod.otago.ac.nz (AVX2, FMA3, 1007 GB RAM)
Command: iqtree -s results/per_year_clustered/H3N2/alignments/H3N2_2012_with_designs.fasta -m LG+G4 -bb 1000 -nt 8 -pre results/per_year_clustered/H3N2/trees/H3N2_2012_with_designs -redo -quiet
Seed:    62940 (Using SPRNG - Scalable Parallel Random Number Generator)
Time:    Sat Nov 22 10:54:09 2025
Kernel:  AVX+FMA - 8 threads (8 CPU cores detected)

Reading alignment file results/per_year_clustered/H3N2/alignments/H3N2_2012_with_designs.fasta ... Fasta format detected
Reading fasta file: done in 0.000257794 secs
Alignment most likely contains protein sequences
Constructing alignment: done in 0.000337441 secs using 98.68% CPU
Alignment has 26 sequences with 578 columns, 270 distinct patterns
319 parsimony-informative, 19 singleton sites, 240 constant sites
                                                                                        Gap/Ambiguity  Composition  p-value
Analyzing sequences: done in 0.0123287 secs using 694.2% CPU
   1  EPI842634|HA|A/Thailand/FLU_PMKA1835/2012|EPI_ISL_235288|A_/_H3N2                         2.08%    passed    100.00%
   2  EPI684777|HA|A/Thailand/CU-H3368/2012|EPI_ISL_205362|A_/_H3N2                             2.08%    passed    100.00%
   3  EPI530828|HA|A/Lebanon/11L018/2012|EPI_ISL_140703|A_/_H3N2                                2.08%    passed    100.00%
   4  EPI691463|HA|A/Kanagawa/09-209v/2012|EPI_ISL_206637|A_/_H3N2                              2.08%    passed    100.00%
   5  EPI691475|HA|A/Chiba/33-178v/2012|EPI_ISL_206649|A_/_H3N2                                 2.08%    passed    100.00%
   6  EPI2380580|HA|A/Manila/AFPA-00202/2012|EPI_ISL_16854189|A_/_H3N2                          2.08%    passed     99.99%
   7  EPI2120416|HA|A/Philippines/22/2012|EPI_ISL_14284851|A_/_H3N2                             2.08%    passed    100.00%
   8  EPI426125|HA|A/Galicia/RR9911/2012|EPI_ISL_136408|A_/_H3N2                                2.08%    passed    100.00%
   9  EPI407616|HA|A/Guam/3057/2012|EPI_ISL_132805|A_/_H3N2                                     2.08%    passed    100.00%
  10  EPI434580|HA|A/VICTORIA/87/2012|EPI_ISL_137756|A_/_H3N2                                   2.08%    passed    100.00%
  11  EPI447135|HA|A/Micronesia/6689/2012|EPI_ISL_140984|A_/_H3N2                               2.08%    passed    100.00%
  12  EPI1125623|HA|A/Victoria/3/2012|EPI_ISL_288811|A_/_H3N2                                   2.08%    passed    100.00%
  13  EPI629923|HA|A/Victoria/187/2012|EPI_ISL_192794|A_/_H3N2                                  2.08%    passed    100.00%
  14  EPI394188|HA|A/WELLINGTON/5/2012|EPI_ISL_128656|A_/_H3N2                                  2.08%    passed    100.00%
  15  EPI404895|HA|A/Stockholm/34/2012|EPI_ISL_131802|A_/_H1N1                                  2.08%    passed     77.67%
  16  EPI405082|HA|A/Stockholm/42/2012|EPI_ISL_131859|A_/_H1N1                                  2.08%    passed     85.89%
  17  EPI407293|HA|A/Scotland/124640797/2012|EPI_ISL_132666|A_/_H1N1                            2.08%    passed     78.79%
  18  EPI418377|HA|A/Stockholm/44/2012|EPI_ISL_134872|A_/_H1N1                                  2.08%    passed     80.10%
  19  EPI418830|HA|A/Stockholm/50/2012|EPI_ISL_134938|A_/_H1N1                                  2.08%    passed     83.10%
  20  EPI379995|HA|A/Stockholm/25/2012|EPI_ISL_122761|A_/_H1N1                                  2.08%    passed     87.85%
  21  EPI383002|HA|A/Boras/1/2012|EPI_ISL_123787|A_/_H1N1                                       2.08%    passed     67.25%
  22  EPI397599|HA|A/Stockholm/16/2012|EPI_ISL_129669|A_/_H1N1                                  2.08%    passed     92.04%
  23  H3N2_2012_Consensus_Aligned                                                               0.00%    passed    100.00%
  24  H3N2_2012_Medoid_Aligned|EPI2120416|HA|A/Philippines/22/2012|EPI_ISL_14284851|A_/_H3N2    2.08%    passed    100.00%
  25  H3N2_2012_Ancestral_Aligned_Node4                                                         0.00%    passed    100.00%
  26  H3N2_2012_COBRA_Aligned                                                                   0.52%    passed    100.00%
****  TOTAL                                                                                     1.86%  0 sequences failed composition chi2 test (p-value<5%; df=19)
NOTE: H3N2_2012_Medoid_Aligned|EPI2120416|HA|A/Philippines/22/2012|EPI_ISL_14284851|A_/_H3N2 is identical to EPI2120416|HA|A/Philippines/22/2012|EPI_ISL_14284851|A_/_H3N2 but kept for subsequent analysis
Checking for duplicate sequences: done in 0.00617388 secs using 702.8% CPU
Creating fast initial parsimony tree by random order stepwise addition...
0.360 seconds, parsimony score: 424 (based on 338 sites)
Generating 1000 samples for ultrafast bootstrap (seed: 62940)...

NOTE: 5 MB RAM (0 GB) is required!
Estimate model parameters (epsilon = 0.100)
1. Initial log-likelihood: -3848.070
2. Current log-likelihood: -3842.635
Optimal log-likelihood: -3842.557
Gamma shape alpha: 1.095
Parameters optimization took 2 rounds (0.044 sec)
Wrote distance file to... 
Computing ML distances based on estimated model parameters...
Calculating distance matrix: done in 0.00888675 secs using 822.7% CPU
Computing ML distances took 0.008923 sec (of wall-clock time) 0.073154 sec (of CPU time)
Setting up auxiliary I and S matrices: done in 0.000450234 secs using 9.106% CPU
Constructing RapidNJ tree: done in 0.0205392 secs using 111.8% CPU
Computing RapidNJ tree took 0.021028 sec (of wall-clock time) 0.023064 sec (of CPU time)
Log-likelihood of RapidNJ tree: -3851.369
--------------------------------------------------------------------
|             INITIALIZING CANDIDATE TREE SET                      |
--------------------------------------------------------------------
Generating 98 parsimony trees... 0.028 second
Computing log-likelihood of 98 initial trees ... 0.508 seconds
Current best score: -3834.751

Do NNI search on 20 best initial trees
Optimizing NNI: done in 0.0661848 secs using 789.7% CPU
Estimate model parameters (epsilon = 0.100)
BETTER TREE FOUND at iteration 1: -3834.231
Optimizing NNI: done in 0.0655598 secs using 796.7% CPU
Optimizing NNI: done in 0.0623115 secs using 789.9% CPU
Optimizing NNI: done in 0.0503996 secs using 785.3% CPU
Optimizing NNI: done in 0.0575182 secs using 795.8% CPU
Optimizing NNI: done in 0.0519935 secs using 795.1% CPU
Optimizing NNI: done in 0.0629648 secs using 793.8% CPU
Optimizing NNI: done in 0.0634809 secs using 797.6% CPU
Optimizing NNI: done in 0.0747468 secs using 795% CPU
Optimizing NNI: done in 0.0854623 secs using 789% CPU
Iteration 10 / LogL: -3835.124 / Time: 0h:0m:1s
Optimizing NNI: done in 0.0716231 secs using 795.9% CPU
Optimizing NNI: done in 0.0528741 secs using 796.5% CPU
Optimizing NNI: done in 0.0722681 secs using 792.3% CPU
Optimizing NNI: done in 0.0506921 secs using 781.7% CPU
Optimizing NNI: done in 0.0713743 secs using 798.4% CPU
Optimizing NNI: done in 0.0679763 secs using 790.8% CPU
Optimizing NNI: done in 0.0737162 secs using 795% CPU
Optimizing NNI: done in 0.072962 secs using 795.2% CPU
Optimizing NNI: done in 0.0590341 secs using 789.4% CPU
Optimizing NNI: done in 0.0746998 secs using 797.7% CPU
Iteration 20 / LogL: -3835.953 / Time: 0h:0m:2s
Finish initializing candidate tree set (5)
Current best tree score: -3834.231 / CPU time: 1.896
Number of iterations: 20
--------------------------------------------------------------------
|               OPTIMIZING CANDIDATE TREE SET                      |
--------------------------------------------------------------------
Optimizing NNI: done in 0.123454 secs using 789.2% CPU
Optimizing NNI: done in 0.0767127 secs using 787.3% CPU
Optimizing NNI: done in 0.127441 secs using 791% CPU
Optimizing NNI: done in 0.187026 secs using 793.9% CPU
Optimizing NNI: done in 0.187822 secs using 790.4% CPU
Optimizing NNI: done in 0.0745007 secs using 786.2% CPU
Optimizing NNI: done in 0.0850952 secs using 793.2% CPU
Optimizing NNI: done in 0.161608 secs using 794.2% CPU
Optimizing NNI: done in 0.100247 secs using 793.3% CPU
Optimizing NNI: done in 0.0783637 secs using 790.5% CPU
Iteration 30 / LogL: -3835.122 / Time: 0h:0m:3s (0h:0m:8s left)
Optimizing NNI: done in 0.104887 secs using 790.2% CPU
Optimizing NNI: done in 0.112539 secs using 796.9% CPU
Optimizing NNI: done in 0.0652395 secs using 789.4% CPU
Optimizing NNI: done in 0.0835384 secs using 797.7% CPU
Optimizing NNI: done in 0.132595 secs using 793.4% CPU
Optimizing NNI: done in 0.105204 secs using 791.7% CPU
Optimizing NNI: done in 0.121477 secs using 792.4% CPU
Optimizing NNI: done in 0.0951995 secs using 792.6% CPU
Optimizing NNI: done in 0.133354 secs using 789.8% CPU
Optimizing NNI: done in 0.0863433 secs using 788.8% CPU
Iteration 40 / LogL: -3835.186 / Time: 0h:0m:4s (0h:0m:6s left)
Optimizing NNI: done in 0.14981 secs using 792.8% CPU
Optimizing NNI: done in 0.0923352 secs using 788.7% CPU
Optimizing NNI: done in 0.112817 secs using 789.7% CPU
Optimizing NNI: done in 0.135408 secs using 791.1% CPU
Optimizing NNI: done in 0.115709 secs using 795.4% CPU
Optimizing NNI: done in 0.0923938 secs using 790.8% CPU
Optimizing NNI: done in 0.144309 secs using 792.6% CPU
Optimizing NNI: done in 0.0838238 secs using 794.9% CPU
Optimizing NNI: done in 0.132637 secs using 793% CPU
Optimizing NNI: done in 0.121159 secs using 792.5% CPU
Iteration 50 / LogL: -3835.065 / Time: 0h:0m:5s (0h:0m:5s left)
Log-likelihood cutoff on original alignment: -3860.607
Optimizing NNI: done in 0.151588 secs using 794.9% CPU
Optimizing NNI: done in 0.151454 secs using 791.7% CPU
Optimizing NNI: done in 0.126713 secs using 787.4% CPU
Optimizing NNI: done in 0.0949048 secs using 795.9% CPU
Optimizing NNI: done in 0.0928435 secs using 796.2% CPU
Optimizing NNI: done in 0.138546 secs using 794.5% CPU
Optimizing NNI: done in 0.155359 secs using 795.9% CPU
Optimizing NNI: done in 0.10338 secs using 797.1% CPU
Optimizing NNI: done in 0.0801105 secs using 792.8% CPU
Optimizing NNI: done in 0.0756157 secs using 785.5% CPU
Iteration 60 / LogL: -3834.301 / Time: 0h:0m:7s (0h:0m:4s left)
Optimizing NNI: done in 0.167222 secs using 794.1% CPU
Optimizing NNI: done in 0.116706 secs using 795.2% CPU
Optimizing NNI: done in 0.113289 secs using 798.6% CPU
Optimizing NNI: done in 0.0955169 secs using 797.4% CPU
Optimizing NNI: done in 0.12513 secs using 791.2% CPU
Optimizing NNI: done in 0.143939 secs using 794.7% CPU
Optimizing NNI: done in 0.112123 secs using 792.5% CPU
Optimizing NNI: done in 0.0768384 secs using 793.6% CPU
Optimizing NNI: done in 0.132358 secs using 792.3% CPU
Optimizing NNI: done in 0.120132 secs using 793.4% CPU
Iteration 70 / LogL: -3834.232 / Time: 0h:0m:8s (0h:0m:3s left)
Optimizing NNI: done in 0.101069 secs using 793.7% CPU
Optimizing NNI: done in 0.119583 secs using 788.5% CPU
Optimizing NNI: done in 0.0984575 secs using 789.9% CPU
Optimizing NNI: done in 0.0679436 secs using 792.6% CPU
Optimizing NNI: done in 0.114599 secs using 795.7% CPU
Optimizing NNI: done in 0.172581 secs using 794.9% CPU
Optimizing NNI: done in 0.102021 secs using 792.7% CPU
Optimizing NNI: done in 0.194317 secs using 796.1% CPU
Optimizing NNI: done in 0.0768994 secs using 793.3% CPU
Optimizing NNI: done in 0.0971684 secs using 792.8% CPU
Iteration 80 / LogL: -3835.067 / Time: 0h:0m:9s (0h:0m:2s left)
Optimizing NNI: done in 0.0913603 secs using 799.1% CPU
Optimizing NNI: done in 0.0963755 secs using 795.7% CPU
Optimizing NNI: done in 0.07137 secs using 790.3% CPU
Optimizing NNI: done in 0.0822371 secs using 790.8% CPU
Optimizing NNI: done in 0.127278 secs using 797.4% CPU
Optimizing NNI: done in 0.0638683 secs using 794.6% CPU
Optimizing NNI: done in 0.0963079 secs using 799.1% CPU
Optimizing NNI: done in 0.0992712 secs using 790.3% CPU
Optimizing NNI: done in 0.164683 secs using 794.6% CPU
Optimizing NNI: done in 0.140446 secs using 794.6% CPU
Iteration 90 / LogL: -3834.376 / Time: 0h:0m:10s (0h:0m:1s left)
Optimizing NNI: done in 0.156905 secs using 794.8% CPU
Optimizing NNI: done in 0.0713018 secs using 800.5% CPU
Optimizing NNI: done in 0.106516 secs using 794.5% CPU
Optimizing NNI: done in 0.153809 secs using 792.7% CPU
Optimizing NNI: done in 0.0512965 secs using 794.9% CPU
Optimizing NNI: done in 0.0997215 secs using 795.1% CPU
Optimizing NNI: done in 0.123138 secs using 792.5% CPU
Optimizing NNI: done in 0.0790083 secs using 793.6% CPU
Optimizing NNI: done in 0.0912557 secs using 792% CPU
Optimizing NNI: done in 0.0999014 secs using 795.6% CPU
Iteration 100 / LogL: -3835.124 / Time: 0h:0m:11s (0h:0m:0s left)
Log-likelihood cutoff on original alignment: -3861.226
NOTE: Bootstrap correlation coefficient of split occurrence frequencies: 0.996
Optimizing NNI: done in 0.096989 secs using 794.7% CPU
Optimizing NNI: done in 0.0673942 secs using 786.2% CPU
TREE SEARCH COMPLETED AFTER 102 ITERATIONS / Time: 0h:0m:11s

--------------------------------------------------------------------
|                    FINALIZING TREE SEARCH                        |
--------------------------------------------------------------------
Performs final model parameters optimization
Estimate model parameters (epsilon = 0.010)
1. Initial log-likelihood: -3834.231
Optimal log-likelihood: -3834.224
Gamma shape alpha: 1.162
Parameters optimization took 1 rounds (0.013 sec)
BEST SCORE FOUND : -3834.224
Creating bootstrap support values...
Split supports printed to NEXUS file results/per_year_clustered/H3N2/trees/H3N2_2012_with_designs.splits.nex
Total tree length: 1.573

Total number of iterations: 102
CPU time used for tree search: 89.998 sec (0h:1m:29s)
Wall-clock time used for tree search: 11.415 sec (0h:0m:11s)
Total CPU time used: 93.701 sec (0h:1m:33s)
Total wall-clock time used: 11.996 sec (0h:0m:11s)

Computing bootstrap consensus tree...
Reading input file results/per_year_clustered/H3N2/trees/H3N2_2012_with_designs.splits.nex...
26 taxa and 197 splits.
Consensus tree written to results/per_year_clustered/H3N2/trees/H3N2_2012_with_designs.contree
Reading input trees file results/per_year_clustered/H3N2/trees/H3N2_2012_with_designs.contree
Log-likelihood of consensus tree: -3835.027

Analysis results written to: 
  IQ-TREE report:                results/per_year_clustered/H3N2/trees/H3N2_2012_with_designs.iqtree
  Maximum-likelihood tree:       results/per_year_clustered/H3N2/trees/H3N2_2012_with_designs.treefile
  Likelihood distances:          results/per_year_clustered/H3N2/trees/H3N2_2012_with_designs.mldist

Ultrafast bootstrap approximation results written to:
  Split support values:          results/per_year_clustered/H3N2/trees/H3N2_2012_with_designs.splits.nex
  Consensus tree:                results/per_year_clustered/H3N2/trees/H3N2_2012_with_designs.contree
  Screen log file:               results/per_year_clustered/H3N2/trees/H3N2_2012_with_designs.log

Date and Time: Sat Nov 22 10:54:21 2025
