IQ-TREE version 3.0.1 for Linux x86 64-bit built Jul  9 2025
Developed by Bui Quang Minh, Thomas Wong, Nhan Ly-Trong, Huaiyan Ren
Contributed by Lam-Tung Nguyen, Dominik Schrempf, Chris Bielow,
Olga Chernomor, Michael Woodhams, Diep Thi Hoang, Heiko Schmidt

Host:    rtis-hpc-r01.uod.otago.ac.nz (AVX2, FMA3, 1007 GB RAM)
Command: iqtree -s results/per_year_clustered/H3N2/alignments/H3N2_2014_with_designs.fasta -m LG+G4 -bb 1000 -nt 8 -pre results/per_year_clustered/H3N2/trees/H3N2_2014_with_designs -redo -quiet
Seed:    257226 (Using SPRNG - Scalable Parallel Random Number Generator)
Time:    Sat Nov 22 10:54:45 2025
Kernel:  AVX+FMA - 8 threads (8 CPU cores detected)

Reading alignment file results/per_year_clustered/H3N2/alignments/H3N2_2014_with_designs.fasta ... Fasta format detected
Reading fasta file: done in 0.000313177 secs using 33.53% CPU
Alignment most likely contains protein sequences
Constructing alignment: done in 0.000347331 secs using 97.6% CPU
Alignment has 33 sequences with 578 columns, 281 distinct patterns
319 parsimony-informative, 31 singleton sites, 228 constant sites
                                                                                   Gap/Ambiguity  Composition  p-value
Analyzing sequences: done in 3.02764e-05 secs using 95.78% CPU
   1  EPI536470|HA|A/YAMAGATA/104/2014|EPI_ISL_164290|A_/_H3N2                             2.08%    passed    100.00%
   2  EPI536482|HA|A/NARA/38/2014|EPI_ISL_164296|A_/_H3N2                                  2.08%    passed    100.00%
   3  EPI540125|HA|A/SAPPORO/117/2014|EPI_ISL_165765|A_/_H3N2                              2.08%    passed    100.00%
   4  EPI541955|HA|A/Laos/O034/2014|EPI_ISL_166391|A_/_H3N2                                2.08%    passed    100.00%
   5  EPI557631|HA|A/TOKYO/41724/2014|EPI_ISL_170446|A_/_H3N2                              2.08%    passed    100.00%
   6  EPI564758|HA|A/Vietnam/630/2014|EPI_ISL_172604|A_/_H3N2                              2.08%    passed    100.00%
   7  EPI684843|HA|A/Thailand/CU-B10345/2014|EPI_ISL_205386|A_/_H3N2                       2.08%    passed    100.00%
   8  EPI684853|HA|A/Thailand/CU-B10828/2014|EPI_ISL_205389|A_/_H3N2                       2.08%    passed    100.00%
   9  EPI684838|HA|A/Thailand/CU-CB166/2014|EPI_ISL_205392|A_/_H3N2                        2.08%    passed    100.00%
  10  EPI684840|HA|A/Thailand/CU-B10283/2014|EPI_ISL_205447|A_/_H3N2                       2.08%    passed    100.00%
  11  EPI684844|HA|A/Thailand/CU-B10421/2014|EPI_ISL_205448|A_/_H3N2                       2.08%    passed    100.00%
  12  EPI689419|HA|A/Kumamoto/DS-182v/2014|EPI_ISL_206278|A_/_H3N2                         2.08%    passed    100.00%
  13  EPI689442|HA|A/Fukuoka/DS-524/2014|EPI_ISL_206301|A_/_H3N2                           2.08%    passed    100.00%
  14  EPI748168|HA|A/Singapore/GP1523/2014|EPI_ISL_219296|A_/_H3N2                         2.08%    passed    100.00%
  15  EPI629996|HA|A/Vietnam/2/2014|EPI_ISL_192828|A_/_H3N2                                2.08%    passed    100.00%
  16  EPI806276|HA|A/Kanagawa/JP-2/2014|EPI_ISL_229119|A_/_H3N2                            2.08%    passed    100.00%
  17  EPI806284|HA|A/Hyogo/JP-115/2014|EPI_ISL_229127|A_/_H3N2                             2.08%    passed    100.00%
  18  EPI806288|HA|A/Fukuoka/DS-47/2014|EPI_ISL_229131|A_/_H3N2                            2.08%    passed    100.00%
  19  EPI806292|HA|A/Gunma/DS-126/2014|EPI_ISL_229135|A_/_H3N2                             2.08%    passed    100.00%
  20  EPI806290|HA|A/Fukuoka/DS-84/2014|EPI_ISL_229133|A_/_H3N2                            2.08%    passed    100.00%
  21  EPI536416|HA|A/Ukraine/86/2014|EPI_ISL_164264|A_/_H3N2                               2.08%    passed    100.00%
  22  EPI537717|HA|A/Palau/6720/2014|EPI_ISL_164632|A_/_H3N2                               2.08%    passed    100.00%
  23  EPI539691|HA|A/Tasmania/11/2014|EPI_ISL_165591|A_/_H3N2                              2.08%    passed    100.00%
  24  EPI551752|HA|A/VICTORIA/1012/2014|EPI_ISL_168936|A_/_H3N2                            2.08%    passed    100.00%
  25  EPI536847|HA|A/Ukraine/183/2014|EPI_ISL_164375|A_/_H1N1                              2.08%    passed     29.72%
  26  EPI677813|HA|A/England/40800135/2014|EPI_ISL_202969|A_/_H1N1                         2.08%    passed     34.10%
  27  EPI677893|HA|A/England/41420347/2014|EPI_ISL_202979|A_/_H1N1                         2.08%    passed     45.14%
  28  EPI712166|HA|A/England/354/2014|EPI_ISL_212270|A_/_H1N1                              2.08%    passed     40.65%
  29  EPI504743|HA|A/Stockholm/3/2014|EPI_ISL_155656|A_/_H1N1                              2.08%    passed     44.26%
  30  H3N2_2014_Consensus_Aligned                                                          0.00%    passed    100.00%
  31  H3N2_2014_Medoid_Aligned|EPI536470|HA|A/YAMAGATA/104/2014|EPI_ISL_164290|A_/_H3N2    2.08%    passed    100.00%
  32  H3N2_2014_Ancestral_Aligned_Node7                                                    0.00%    passed    100.00%
  33  H3N2_2014_COBRA_Aligned                                                              0.52%    passed    100.00%
****  TOTAL                                                                                1.90%  0 sequences failed composition chi2 test (p-value<5%; df=19)
NOTE: H3N2_2014_Medoid_Aligned|EPI536470|HA|A/YAMAGATA/104/2014|EPI_ISL_164290|A_/_H3N2 is identical to EPI536470|HA|A/YAMAGATA/104/2014|EPI_ISL_164290|A_/_H3N2 but kept for subsequent analysis
Checking for duplicate sequences: done in 6.46813e-05 secs using 98.95% CPU
Creating fast initial parsimony tree by random order stepwise addition...
0.011 seconds, parsimony score: 472 (based on 350 sites)
Generating 1000 samples for ultrafast bootstrap (seed: 257226)...

NOTE: 7 MB RAM (0 GB) is required!
Estimate model parameters (epsilon = 0.100)
1. Initial log-likelihood: -4180.046
2. Current log-likelihood: -4173.721
Optimal log-likelihood: -4173.680
Gamma shape alpha: 0.950
Parameters optimization took 2 rounds (0.048 sec)
Wrote distance file to... 
Computing ML distances based on estimated model parameters...
Calculating distance matrix: done in 0.0124042 secs using 792% CPU
Computing ML distances took 0.012450 sec (of wall-clock time) 0.098283 sec (of CPU time)
Setting up auxiliary I and S matrices: done in 0.000465192 secs using 219.5% CPU
Constructing RapidNJ tree: done in 0.0306326 secs using 102.4% CPU
Computing RapidNJ tree took 0.031133 sec (of wall-clock time) 0.032497 sec (of CPU time)
Log-likelihood of RapidNJ tree: -4236.078
--------------------------------------------------------------------
|             INITIALIZING CANDIDATE TREE SET                      |
--------------------------------------------------------------------
Generating 98 parsimony trees... 0.040 second
Computing log-likelihood of 98 initial trees ... 0.682 seconds
Current best score: -4167.842

Do NNI search on 20 best initial trees
Optimizing NNI: done in 0.115031 secs using 791.2% CPU
Estimate model parameters (epsilon = 0.100)
BETTER TREE FOUND at iteration 1: -4167.570
Optimizing NNI: done in 0.13223 secs using 790.8% CPU
Estimate model parameters (epsilon = 0.100)
BETTER TREE FOUND at iteration 2: -4167.166
Optimizing NNI: done in 0.117087 secs using 792.6% CPU
Optimizing NNI: done in 0.131347 secs using 792.9% CPU
Optimizing NNI: done in 0.129567 secs using 789.5% CPU
Optimizing NNI: done in 0.184988 secs using 791.8% CPU
Optimizing NNI: done in 0.10482 secs using 796.1% CPU
Optimizing NNI: done in 0.156141 secs using 792.3% CPU
Optimizing NNI: done in 0.096125 secs using 790.9% CPU
Optimizing NNI: done in 0.101709 secs using 795.8% CPU
Iteration 10 / LogL: -4169.385 / Time: 0h:0m:2s
Optimizing NNI: done in 0.136847 secs using 794.8% CPU
Optimizing NNI: done in 0.103557 secs using 790.3% CPU
Optimizing NNI: done in 0.0931819 secs using 792.5% CPU
Optimizing NNI: done in 0.115796 secs using 792.4% CPU
Optimizing NNI: done in 0.109351 secs using 792.5% CPU
Optimizing NNI: done in 0.14477 secs using 794.7% CPU
Optimizing NNI: done in 0.153991 secs using 791.7% CPU
Optimizing NNI: done in 0.139615 secs using 791.1% CPU
Optimizing NNI: done in 0.159969 secs using 793.3% CPU
Optimizing NNI: done in 0.113055 secs using 792.8% CPU
Iteration 20 / LogL: -4175.641 / Time: 0h:0m:3s
Finish initializing candidate tree set (16)
Current best tree score: -4167.166 / CPU time: 3.339
Number of iterations: 20
--------------------------------------------------------------------
|               OPTIMIZING CANDIDATE TREE SET                      |
--------------------------------------------------------------------
Optimizing NNI: done in 0.247152 secs using 792.5% CPU
Optimizing NNI: done in 0.119833 secs using 794.4% CPU
Optimizing NNI: done in 0.301037 secs using 792.2% CPU
Optimizing NNI: done in 0.190247 secs using 793.1% CPU
Optimizing NNI: done in 0.145027 secs using 793.4% CPU
Optimizing NNI: done in 0.366697 secs using 793.3% CPU
Optimizing NNI: done in 0.144156 secs using 792.3% CPU
UPDATE BEST LOG-LIKELIHOOD: -4167.165
Optimizing NNI: done in 0.0950052 secs using 792.4% CPU
Optimizing NNI: done in 0.259662 secs using 791.8% CPU
Optimizing NNI: done in 0.184221 secs using 793.1% CPU
Iteration 30 / LogL: -4167.166 / Time: 0h:0m:5s (0h:0m:13s left)
Optimizing NNI: done in 0.273731 secs using 794.8% CPU
Optimizing NNI: done in 0.140381 secs using 791.5% CPU
Optimizing NNI: done in 0.119601 secs using 789.1% CPU
Optimizing NNI: done in 0.176281 secs using 790.5% CPU
Optimizing NNI: done in 0.131116 secs using 791.9% CPU
Optimizing NNI: done in 0.188813 secs using 793% CPU
Optimizing NNI: done in 0.113905 secs using 795.3% CPU
Optimizing NNI: done in 0.237072 secs using 792.5% CPU
Optimizing NNI: done in 0.0843962 secs using 797.5% CPU
Optimizing NNI: done in 0.188555 secs using 792.8% CPU
Iteration 40 / LogL: -5165.022 / Time: 0h:0m:7s (0h:0m:11s left)
Optimizing NNI: done in 0.190513 secs using 795.6% CPU
Optimizing NNI: done in 0.0967503 secs using 794.5% CPU
Optimizing NNI: done in 0.237638 secs using 795% CPU
Optimizing NNI: done in 0.115772 secs using 794.3% CPU
Optimizing NNI: done in 0.124401 secs using 789.4% CPU
Optimizing NNI: done in 0.148888 secs using 788.7% CPU
Optimizing NNI: done in 0.110998 secs using 793.9% CPU
Optimizing NNI: done in 0.226494 secs using 795% CPU
Optimizing NNI: done in 0.165796 secs using 793.8% CPU
Optimizing NNI: done in 0.210891 secs using 794% CPU
Iteration 50 / LogL: -4167.386 / Time: 0h:0m:8s (0h:0m:9s left)
Log-likelihood cutoff on original alignment: -4193.042
Optimizing NNI: done in 0.126658 secs using 794.8% CPU
Optimizing NNI: done in 0.137127 secs using 793.5% CPU
Optimizing NNI: done in 0.116316 secs using 790.5% CPU
Optimizing NNI: done in 0.142893 secs using 794% CPU
Optimizing NNI: done in 0.085013 secs using 794.5% CPU
Optimizing NNI: done in 0.189534 secs using 795.6% CPU
Optimizing NNI: done in 0.0588942 secs using 793.1% CPU
Optimizing NNI: done in 0.286906 secs using 790% CPU
Optimizing NNI: done in 0.319165 secs using 792.6% CPU
Optimizing NNI: done in 0.121834 secs using 794.4% CPU
Iteration 60 / LogL: -4167.330 / Time: 0h:0m:10s (0h:0m:7s left)
Optimizing NNI: done in 0.19428 secs using 792% CPU
Optimizing NNI: done in 0.141586 secs using 790.1% CPU
Optimizing NNI: done in 0.181101 secs using 791.8% CPU
Optimizing NNI: done in 0.278109 secs using 792.5% CPU
Optimizing NNI: done in 0.168015 secs using 792% CPU
Optimizing NNI: done in 0.215558 secs using 794.3% CPU
Optimizing NNI: done in 0.0963584 secs using 789.1% CPU
Optimizing NNI: done in 0.121281 secs using 791.5% CPU
Optimizing NNI: done in 0.146831 secs using 792.9% CPU
Optimizing NNI: done in 0.304145 secs using 791.9% CPU
Iteration 70 / LogL: -4167.242 / Time: 0h:0m:12s (0h:0m:5s left)
Optimizing NNI: done in 0.131619 secs using 788.6% CPU
Optimizing NNI: done in 0.221933 secs using 793.1% CPU
Optimizing NNI: done in 0.0960504 secs using 792.3% CPU
Optimizing NNI: done in 0.107229 secs using 791.7% CPU
Optimizing NNI: done in 0.154563 secs using 790.8% CPU
Optimizing NNI: done in 0.196682 secs using 794.9% CPU
Optimizing NNI: done in 0.224081 secs using 791.2% CPU
Optimizing NNI: done in 0.117382 secs using 798.1% CPU
Optimizing NNI: done in 0.119909 secs using 794% CPU
Optimizing NNI: done in 0.180447 secs using 793.6% CPU
Iteration 80 / LogL: -4168.337 / Time: 0h:0m:14s (0h:0m:3s left)
Optimizing NNI: done in 0.14575 secs using 789.4% CPU
Optimizing NNI: done in 0.212563 secs using 795% CPU
Optimizing NNI: done in 0.214405 secs using 792.7% CPU
Optimizing NNI: done in 0.280476 secs using 790.3% CPU
Optimizing NNI: done in 0.132289 secs using 797.7% CPU
Optimizing NNI: done in 0.136071 secs using 795.1% CPU
Optimizing NNI: done in 0.0895884 secs using 793.6% CPU
Optimizing NNI: done in 0.156283 secs using 792.2% CPU
Optimizing NNI: done in 0.14848 secs using 791.7% CPU
Optimizing NNI: done in 0.202813 secs using 794.5% CPU
Iteration 90 / LogL: -4167.395 / Time: 0h:0m:15s (0h:0m:2s left)
Optimizing NNI: done in 0.151635 secs using 789.9% CPU
Optimizing NNI: done in 0.219531 secs using 796.1% CPU
Optimizing NNI: done in 0.281451 secs using 791.7% CPU
Optimizing NNI: done in 0.14063 secs using 794.8% CPU
Optimizing NNI: done in 0.293695 secs using 790.7% CPU
Optimizing NNI: done in 0.191105 secs using 793.4% CPU
Optimizing NNI: done in 0.260263 secs using 792.6% CPU
Optimizing NNI: done in 0.251224 secs using 792.7% CPU
Optimizing NNI: done in 0.201951 secs using 794% CPU
Optimizing NNI: done in 0.315285 secs using 793.6% CPU
Iteration 100 / LogL: -4168.493 / Time: 0h:0m:18s (0h:0m:0s left)
Log-likelihood cutoff on original alignment: -4194.703
NOTE: Bootstrap correlation coefficient of split occurrence frequencies: 0.991
Optimizing NNI: done in 0.1229 secs using 792.8% CPU
Optimizing NNI: done in 0.145485 secs using 788.3% CPU
Optimizing NNI: done in 0.311673 secs using 792.8% CPU
TREE SEARCH COMPLETED AFTER 103 ITERATIONS / Time: 0h:0m:18s

--------------------------------------------------------------------
|                    FINALIZING TREE SEARCH                        |
--------------------------------------------------------------------
Performs final model parameters optimization
Estimate model parameters (epsilon = 0.010)
1. Initial log-likelihood: -4167.165
Optimal log-likelihood: -4167.164
Gamma shape alpha: 0.995
Parameters optimization took 1 rounds (0.016 sec)
BEST SCORE FOUND : -4167.164
Creating bootstrap support values...
Split supports printed to NEXUS file results/per_year_clustered/H3N2/trees/H3N2_2014_with_designs.splits.nex
Total tree length: 1.793

Total number of iterations: 103
CPU time used for tree search: 147.294 sec (0h:2m:27s)
Wall-clock time used for tree search: 18.674 sec (0h:0m:18s)
Total CPU time used: 148.630 sec (0h:2m:28s)
Total wall-clock time used: 18.926 sec (0h:0m:18s)

Computing bootstrap consensus tree...
Reading input file results/per_year_clustered/H3N2/trees/H3N2_2014_with_designs.splits.nex...
33 taxa and 259 splits.
Consensus tree written to results/per_year_clustered/H3N2/trees/H3N2_2014_with_designs.contree
Reading input trees file results/per_year_clustered/H3N2/trees/H3N2_2014_with_designs.contree
Log-likelihood of consensus tree: -4167.174

Analysis results written to: 
  IQ-TREE report:                results/per_year_clustered/H3N2/trees/H3N2_2014_with_designs.iqtree
  Maximum-likelihood tree:       results/per_year_clustered/H3N2/trees/H3N2_2014_with_designs.treefile
  Likelihood distances:          results/per_year_clustered/H3N2/trees/H3N2_2014_with_designs.mldist

Ultrafast bootstrap approximation results written to:
  Split support values:          results/per_year_clustered/H3N2/trees/H3N2_2014_with_designs.splits.nex
  Consensus tree:                results/per_year_clustered/H3N2/trees/H3N2_2014_with_designs.contree
  Screen log file:               results/per_year_clustered/H3N2/trees/H3N2_2014_with_designs.log

Date and Time: Sat Nov 22 10:55:04 2025
