IQ-TREE version 3.0.1 for Linux x86 64-bit built Jul  9 2025
Developed by Bui Quang Minh, Thomas Wong, Nhan Ly-Trong, Huaiyan Ren
Contributed by Lam-Tung Nguyen, Dominik Schrempf, Chris Bielow,
Olga Chernomor, Michael Woodhams, Diep Thi Hoang, Heiko Schmidt

Host:    rtis-hpc-r01.uod.otago.ac.nz (AVX2, FMA3, 1007 GB RAM)
Command: iqtree -s results/per_year_clustered/H3N2/alignments/H3N2_2009_aligned.fasta -m LG+G4 -te results/per_year_clustered/H3N2/trees/H3N2_2009.treefile -asr -pre results/per_year_clustered/H3N2/trees/H3N2_2009_asr -redo -quiet
Seed:    59044 (Using SPRNG - Scalable Parallel Random Number Generator)
Time:    Sat Nov 22 10:24:31 2025
Kernel:  AVX+FMA - 1 threads (8 CPU cores detected)

HINT: Use -nt option to specify number of threads because your CPU has 8 cores!
HINT: -nt AUTO will automatically determine the best number of threads to use.

Reading alignment file results/per_year_clustered/H3N2/alignments/H3N2_2009_aligned.fasta ... Fasta format detected
Reading fasta file: done in 0.000216145 secs
Alignment most likely contains protein sequences
Constructing alignment: done in 0.000271268 secs
Alignment has 23 sequences with 578 columns, 260 distinct patterns
311 parsimony-informative, 23 singleton sites, 243 constant sites
                                                             Gap/Ambiguity  Composition  p-value
Analyzing sequences: done in 1.66809e-05 secs
   1  EPI230829|HA|A/Thailand/CU-B110/2009|EPI_ISL_66165|A_/_H3N2    2.08%    passed    100.00%
   2  EPI232585|HA|A/Nong_Khai/560/2009|EPI_ISL_66603|A_/_H3N2       2.08%    passed    100.00%
   3  EPI232620|HA|A/Thailand/18/2009|EPI_ISL_66615|A_/_H3N2         2.08%    passed    100.00%
   4  EPI193989|HA|A/Vietnam/N199/2009|EPI_ISL_34983|A_/_H3N2        2.08%    passed    100.00%
   5  EPI241159|HA|A/Vietnam/312/2009|EPI_ISL_69329|A_/_H3N2         2.08%    passed    100.00%
   6  EPI241162|HA|A/Vietnam/1769/2009|EPI_ISL_69330|A_/_H3N2        2.08%    passed    100.00%
   7  EPI241174|HA|A/Vietnam/0941/2009|EPI_ISL_69334|A_/_H3N2        2.08%    passed    100.00%
   8  EPI269940|HA|A/Singapore/534/2009|EPI_ISL_76622|A_/_H3N2       2.08%    passed    100.00%
   9  EPI211737|HA|A/MALAYSIA/542/2009|EPI_ISL_60921|A_/_H3N2        2.08%    passed    100.00%
  10  EPI211739|HA|A/MALAYSIA/720/2009|EPI_ISL_60922|A_/_H3N2        2.08%    passed    100.00%
  11  EPI186304|HA|A/Malaysia/0032/2009|EPI_ISL_32481|A_/_H3N2       2.08%    passed    100.00%
  12  EPI245658|HA|A/Stockholm/15/2009|EPI_ISL_70796|A_/_H3N2        2.08%    passed    100.00%
  13  EPI269927|HA|A/Perth/673/2009|EPI_ISL_76619|A_/_H3N2           2.08%    passed    100.00%
  14  EPI210283|HA|A/BRISBANE/54/2009|EPI_ISL_60149|A_/_H3N2         2.08%    passed    100.00%
  15  EPI173254|HA|A/Victoria/500/2009|EPI_ISL_28580|A_/_H3N2        2.08%    passed    100.00%
  16  EPI1444916|HA|A/Port_Moresby/2/2009|EPI_ISL_356787|A_/_H3N2    2.08%    passed    100.00%
  17  EPI2079831|HA|A/Victoria/210/2009|EPI_ISL_13531325|A_/_H3N2    2.08%    passed    100.00%
  18  EPI228244|HA|A/PERTH/160/2009|EPI_ISL_65123|A_/_H3N2           2.08%    passed    100.00%
  19  EPI229812|HA|A/Sweden/19/2009|EPI_ISL_65724|A_/_H1N1           2.08%    passed     64.34%
  20  EPI336215|HA|A/England/1051/2009|EPI_ISL_96239|A_/_H1N1        2.08%    passed     55.97%
  21  EPI336291|HA|A/England/94720002/2009|EPI_ISL_96315|A_/_H1N1    2.08%    passed     50.59%
  22  EPI336354|HA|A/England/94360008/2009|EPI_ISL_96378|A_/_H1N1    2.08%    passed     47.76%
  23  EPI336412|HA|A/England/94200009/2009|EPI_ISL_96436|A_/_H1N1    2.08%    passed     40.61%
****  TOTAL                                                          2.08%  0 sequences failed composition chi2 test (p-value<5%; df=19)
Reading input tree file results/per_year_clustered/H3N2/trees/H3N2_2009.treefile ...

NOTE: 3 MB RAM (0 GB) is required!
Estimate model parameters (epsilon = 0.010)
1. Initial log-likelihood: -3662.239
2. Current log-likelihood: -3661.695
3. Current log-likelihood: -3661.538
4. Current log-likelihood: -3661.510
Optimal log-likelihood: -3661.504
Gamma shape alpha: 1.228
Parameters optimization took 4 rounds (0.243 sec)
Wrote distance file to... 
BEST SCORE FOUND : -3661.504
Ancestral state probabilities printed to results/per_year_clustered/H3N2/trees/H3N2_2009_asr.state
Total tree length: 1.582

Total number of iterations: 0
CPU time used for tree search: 0.000 sec (0h:0m:0s)
Wall-clock time used for tree search: 0.000 sec (0h:0m:0s)
Total CPU time used: 0.331 sec (0h:0m:0s)
Total wall-clock time used: 0.368 sec (0h:0m:0s)

Analysis results written to: 
  IQ-TREE report:                results/per_year_clustered/H3N2/trees/H3N2_2009_asr.iqtree
  Maximum-likelihood tree:       results/per_year_clustered/H3N2/trees/H3N2_2009_asr.treefile
  Ancestral state:               results/per_year_clustered/H3N2/trees/H3N2_2009_asr.state
  Screen log file:               results/per_year_clustered/H3N2/trees/H3N2_2009_asr.log

Date and Time: Sat Nov 22 10:24:31 2025
