IQ-TREE version 3.0.1 for Linux x86 64-bit built Jul  9 2025
Developed by Bui Quang Minh, Thomas Wong, Nhan Ly-Trong, Huaiyan Ren
Contributed by Lam-Tung Nguyen, Dominik Schrempf, Chris Bielow,
Olga Chernomor, Michael Woodhams, Diep Thi Hoang, Heiko Schmidt

Host:    rtis-hpc-r09.uod.otago.ac.nz (AVX2, FMA3, 1006 GB RAM)
Command: iqtree -s results/per_year_clustered/H3N2/alignments/H3N2_2020_aligned.fasta -m LG+G4 -bb 1000 -nt 16 -pre results/per_year_clustered/H3N2/trees/H3N2_2020 -redo -quiet
Seed:    654797 (Using SPRNG - Scalable Parallel Random Number Generator)
Time:    Thu Nov 20 18:49:22 2025
Kernel:  AVX+FMA - 16 threads (16 CPU cores detected)

Reading alignment file results/per_year_clustered/H3N2/alignments/H3N2_2020_aligned.fasta ... Fasta format detected
Reading fasta file: done in 0.00011204 secs using 33.02% CPU
Alignment most likely contains protein sequences
Constructing alignment: done in 0.000356919 secs using 302.3% CPU
Alignment has 11 sequences with 579 columns, 284 distinct patterns
315 parsimony-informative, 21 singleton sites, 243 constant sites
                                                                     Gap/Ambiguity  Composition  p-value
Analyzing sequences: done in 0.0246449 secs using 719.3% CPU
   1  EPI1846168|HA|A/Malaysia/RP2227/2020|EPI_ISL_985216|A_/_H3N2           2.25%    passed     99.89%
   2  EPI1750818|HA|A/Singapore/KK272/2020|EPI_ISL_481342|A_/_H3N2           2.25%    passed     99.69%
   3  EPI1806103|HA|A/North_Lebanon/NM_397_N/2020|EPI_ISL_582598|A_/_H3N2    2.25%    passed     98.90%
   4  EPI2147049|HA|A/South_Korea/MDCK/2020|EPI_ISL_14771216|A_/_H3N2        2.25%    passed     99.82%
   5  EPI1728265|HA|A/Sweden/62/2020|EPI_ISL_426374|A_/_H3N2                 2.25%    passed     98.48%
   6  EPI1704482|HA|A/Uppsala/7/2020|EPI_ISL_413661|A_/_H3N2                 2.25%    passed     99.51%
   7  EPI1727794|HA|A/Khmelnytskyi/12/2020|EPI_ISL_426220|A_/_H1N1           2.25%    passed     95.81%
   8  EPI1727907|HA|A/Sweden/34/2020|EPI_ISL_426273|A_/_H1N1                 2.25%    passed     99.13%
   9  EPI1727956|HA|A/Sweden/17/2020|EPI_ISL_426280|A_/_H1N1                 2.25%    passed     96.22%
  10  EPI1750234|HA|A/England/200420376/2020|EPI_ISL_480532|A_/_H1N1         2.25%    passed     99.10%
  11  EPI1754899|HA|A/England/46/2020|EPI_ISL_487070|A_/_H1N1                2.25%    passed     99.10%
****  TOTAL                                                                  2.25%  0 sequences failed composition chi2 test (p-value<5%; df=19)
Checking for duplicate sequences: done in 0.0123547 secs using 971.8% CPU
Creating fast initial parsimony tree by random order stepwise addition...
2.791 seconds, parsimony score: 439 (based on 336 sites)
Generating 1000 samples for ultrafast bootstrap (seed: 654797)...

NOTE: 3 MB RAM (0 GB) is required!
WARNING: Number of threads seems too high for short alignments. Use -T AUTO to determine best number of threads.
Estimate model parameters (epsilon = 0.100)
1. Initial log-likelihood: -3822.108
2. Current log-likelihood: -3799.876
Optimal log-likelihood: -3799.781
Gamma shape alpha: 1.062
Parameters optimization took 2 rounds (0.012 sec)
Wrote distance file to... 
Computing ML distances based on estimated model parameters...
Calculating distance matrix: done in 0.0025417 secs using 1887% CPU
Computing ML distances took 0.002582 sec (of wall-clock time) 0.048020 sec (of CPU time)
Setting up auxiliary I and S matrices: done in 0.00120398 secs
Constructing RapidNJ tree: done in 0.0096599 secs using 38.55% CPU
Computing RapidNJ tree took 0.010902 sec (of wall-clock time) 0.003766 sec (of CPU time)
Log-likelihood of RapidNJ tree: -3799.772
--------------------------------------------------------------------
|             INITIALIZING CANDIDATE TREE SET                      |
--------------------------------------------------------------------
Generating 99 parsimony trees... 0.036 second
Computing log-likelihood of 93 initial trees ... 2.282 seconds
Current best score: -3799.772

Do NNI search on 20 best initial trees
Optimizing NNI: done in 0.00958072 secs using 1497% CPU
Estimate model parameters (epsilon = 0.100)
BETTER TREE FOUND at iteration 1: -3799.765
Optimizing NNI: done in 0.0384195 secs using 1568% CPU
Estimate model parameters (epsilon = 0.100)
BETTER TREE FOUND at iteration 2: -3799.525
Optimizing NNI: done in 0.0139334 secs using 1488% CPU
Optimizing NNI: done in 0.0285201 secs using 1561% CPU
Optimizing NNI: done in 0.014221 secs using 1559% CPU
Optimizing NNI: done in 0.0288279 secs using 1596% CPU
Optimizing NNI: done in 0.0334293 secs using 1521% CPU
Optimizing NNI: done in 0.0279156 secs using 1584% CPU
Optimizing NNI: done in 0.0329527 secs using 1588% CPU
Optimizing NNI: done in 0.0331682 secs using 1580% CPU
Iteration 10 / LogL: -3799.526 / Time: 0h:0m:7s
Optimizing NNI: done in 0.0412771 secs using 1578% CPU
Optimizing NNI: done in 0.0515236 secs using 1576% CPU
Optimizing NNI: done in 0.0467575 secs using 1565% CPU
Optimizing NNI: done in 0.0488518 secs using 1590% CPU
Optimizing NNI: done in 0.0378245 secs using 1593% CPU
Optimizing NNI: done in 0.0332017 secs using 1578% CPU
Optimizing NNI: done in 0.0479887 secs using 1584% CPU
Optimizing NNI: done in 0.0499977 secs using 1588% CPU
Optimizing NNI: done in 0.0468053 secs using 1564% CPU
Optimizing NNI: done in 0.0470747 secs using 1586% CPU
Iteration 20 / LogL: -3799.542 / Time: 0h:0m:8s
Finish initializing candidate tree set (2)
Current best tree score: -3799.525 / CPU time: 3.052
Number of iterations: 20
--------------------------------------------------------------------
|               OPTIMIZING CANDIDATE TREE SET                      |
--------------------------------------------------------------------
Optimizing NNI: done in 0.0634366 secs using 1574% CPU
Optimizing NNI: done in 0.029814 secs using 1595% CPU
Optimizing NNI: done in 0.0325073 secs using 1605% CPU
Optimizing NNI: done in 0.077445 secs using 1600% CPU
Optimizing NNI: done in 0.0226043 secs using 1549% CPU
Optimizing NNI: done in 0.0956155 secs using 1578% CPU
Optimizing NNI: done in 0.0396114 secs using 1560% CPU
Optimizing NNI: done in 0.0361555 secs using 1624% CPU
Optimizing NNI: done in 0.0465983 secs using 1569% CPU
Optimizing NNI: done in 0.0663806 secs using 1581% CPU
Iteration 30 / LogL: -4488.528 / Time: 0h:0m:8s (0h:0m:14s left)
Optimizing NNI: done in 0.0409981 secs using 1585% CPU
Optimizing NNI: done in 0.101588 secs using 1580% CPU
WARNING: NNI search needs unusual large number of steps (11) to converge!
Optimizing NNI: done in 0.0608808 secs using 1565% CPU
UPDATE BEST LOG-LIKELIHOOD: -3799.525
Optimizing NNI: done in 0.0261715 secs using 1637% CPU
Optimizing NNI: done in 0.071772 secs using 1592% CPU
Optimizing NNI: done in 0.0775206 secs using 1579% CPU
Optimizing NNI: done in 0.0385872 secs using 1565% CPU
Optimizing NNI: done in 0.0369249 secs using 1554% CPU
Optimizing NNI: done in 0.0306328 secs using 1558% CPU
Optimizing NNI: done in 0.078101 secs using 1585% CPU
Iteration 40 / LogL: -3799.527 / Time: 0h:0m:9s (0h:0m:10s left)
Optimizing NNI: done in 0.0281942 secs using 1581% CPU
Optimizing NNI: done in 0.0866091 secs using 1593% CPU
Optimizing NNI: done in 0.0260788 secs using 1580% CPU
Optimizing NNI: done in 0.039754 secs using 1595% CPU
Optimizing NNI: done in 0.0575641 secs using 1600% CPU
Optimizing NNI: done in 0.0474475 secs using 1604% CPU
Optimizing NNI: done in 0.0256425 secs using 1612% CPU
Optimizing NNI: done in 0.0204791 secs using 1556% CPU
UPDATE BEST LOG-LIKELIHOOD: -3799.525
Optimizing NNI: done in 0.0814137 secs using 1583% CPU
Optimizing NNI: done in 0.0814166 secs using 1580% CPU
Iteration 50 / LogL: -3806.069 / Time: 0h:0m:9s (0h:0m:7s left)
Log-likelihood cutoff on original alignment: -3836.367
Optimizing NNI: done in 0.0273448 secs using 1563% CPU
Optimizing NNI: done in 0.0203207 secs using 1639% CPU
Optimizing NNI: done in 0.050784 secs using 1590% CPU
UPDATE BEST LOG-LIKELIHOOD: -3799.525
Optimizing NNI: done in 0.0291266 secs using 1583% CPU
Optimizing NNI: done in 0.0433001 secs using 1610% CPU
Optimizing NNI: done in 0.0272499 secs using 1574% CPU
Optimizing NNI: done in 0.0408388 secs using 1549% CPU
Optimizing NNI: done in 0.028325 secs using 1573% CPU
Optimizing NNI: done in 0.0387296 secs using 1599% CPU
Optimizing NNI: done in 0.0595596 secs using 1598% CPU
Iteration 60 / LogL: -3799.525 / Time: 0h:0m:10s (0h:0m:5s left)
Optimizing NNI: done in 0.0755083 secs using 1597% CPU
Optimizing NNI: done in 0.0217301 secs using 1606% CPU
Optimizing NNI: done in 0.0493272 secs using 1575% CPU
Optimizing NNI: done in 0.073493 secs using 1578% CPU
Optimizing NNI: done in 0.0296122 secs using 1554% CPU
Optimizing NNI: done in 0.0434857 secs using 1607% CPU
Optimizing NNI: done in 0.0549019 secs using 1586% CPU
Optimizing NNI: done in 0.0216487 secs using 1542% CPU
Optimizing NNI: done in 0.0206555 secs using 1538% CPU
Optimizing NNI: done in 0.0276421 secs using 1610% CPU
Iteration 70 / LogL: -3799.525 / Time: 0h:0m:10s (0h:0m:3s left)
Optimizing NNI: done in 0.0218889 secs using 1595% CPU
Optimizing NNI: done in 0.0651396 secs using 1586% CPU
Optimizing NNI: done in 0.0270824 secs using 1586% CPU
Optimizing NNI: done in 0.074969 secs using 1584% CPU
Optimizing NNI: done in 0.0890654 secs using 1588% CPU
Optimizing NNI: done in 0.0431146 secs using 1582% CPU
Optimizing NNI: done in 0.081502 secs using 1599% CPU
Optimizing NNI: done in 0.0197821 secs using 1610% CPU
Optimizing NNI: done in 0.0587118 secs using 1596% CPU
Optimizing NNI: done in 0.0263453 secs using 1570% CPU
Iteration 80 / LogL: -3799.525 / Time: 0h:0m:11s (0h:0m:2s left)
Optimizing NNI: done in 0.0297241 secs using 1601% CPU
Optimizing NNI: done in 0.070082 secs using 1584% CPU
Optimizing NNI: done in 0.0370214 secs using 1589% CPU
Optimizing NNI: done in 0.0407183 secs using 1590% CPU
Optimizing NNI: done in 0.0140995 secs using 1686% CPU
Optimizing NNI: done in 0.051826 secs using 1591% CPU
Optimizing NNI: done in 0.082422 secs using 1597% CPU
Optimizing NNI: done in 0.0373641 secs using 1568% CPU
Optimizing NNI: done in 0.0340042 secs using 1590% CPU
Optimizing NNI: done in 0.0376824 secs using 1597% CPU
Iteration 90 / LogL: -3799.525 / Time: 0h:0m:11s (0h:0m:1s left)
Optimizing NNI: done in 0.0878549 secs using 1593% CPU
WARNING: NNI search needs unusual large number of steps (11) to converge!
Optimizing NNI: done in 0.0626052 secs using 1573% CPU
Optimizing NNI: done in 0.0691837 secs using 1585% CPU
Optimizing NNI: done in 0.0172144 secs using 1558% CPU
Optimizing NNI: done in 0.0263667 secs using 1566% CPU
Optimizing NNI: done in 0.0716393 secs using 1594% CPU
Optimizing NNI: done in 0.025874 secs using 1598% CPU
Optimizing NNI: done in 0.0477871 secs using 1559% CPU
Optimizing NNI: done in 0.0273185 secs using 1566% CPU
Optimizing NNI: done in 0.019963 secs using 1593% CPU
Iteration 100 / LogL: -3799.945 / Time: 0h:0m:12s (0h:0m:0s left)
Log-likelihood cutoff on original alignment: -3836.423
NOTE: Bootstrap correlation coefficient of split occurrence frequencies: 0.998
Optimizing NNI: done in 0.0290447 secs using 1583% CPU
Optimizing NNI: done in 0.0173898 secs using 1551% CPU
Optimizing NNI: done in 0.0448145 secs using 1591% CPU
TREE SEARCH COMPLETED AFTER 103 ITERATIONS / Time: 0h:0m:12s

--------------------------------------------------------------------
|                    FINALIZING TREE SEARCH                        |
--------------------------------------------------------------------
Performs final model parameters optimization
Estimate model parameters (epsilon = 0.010)
1. Initial log-likelihood: -3799.525
Optimal log-likelihood: -3799.525
Gamma shape alpha: 1.077
Parameters optimization took 1 rounds (0.004 sec)
BEST SCORE FOUND : -3799.525
Creating bootstrap support values...
Split supports printed to NEXUS file results/per_year_clustered/H3N2/trees/H3N2_2020.splits.nex
Total tree length: 1.661

Total number of iterations: 103
CPU time used for tree search: 109.572 sec (0h:1m:49s)
Wall-clock time used for tree search: 7.156 sec (0h:0m:7s)
Total CPU time used: 179.603 sec (0h:2m:59s)
Total wall-clock time used: 12.410 sec (0h:0m:12s)

Computing bootstrap consensus tree...
Reading input file results/per_year_clustered/H3N2/trees/H3N2_2020.splits.nex...
11 taxa and 56 splits.
Consensus tree written to results/per_year_clustered/H3N2/trees/H3N2_2020.contree
Reading input trees file results/per_year_clustered/H3N2/trees/H3N2_2020.contree
Log-likelihood of consensus tree: -3799.525

Analysis results written to: 
  IQ-TREE report:                results/per_year_clustered/H3N2/trees/H3N2_2020.iqtree
  Maximum-likelihood tree:       results/per_year_clustered/H3N2/trees/H3N2_2020.treefile
  Likelihood distances:          results/per_year_clustered/H3N2/trees/H3N2_2020.mldist

Ultrafast bootstrap approximation results written to:
  Split support values:          results/per_year_clustered/H3N2/trees/H3N2_2020.splits.nex
  Consensus tree:                results/per_year_clustered/H3N2/trees/H3N2_2020.contree
  Screen log file:               results/per_year_clustered/H3N2/trees/H3N2_2020.log

Date and Time: Thu Nov 20 18:49:35 2025
