IQ-TREE version 3.0.1 for Linux x86 64-bit built Jul  9 2025
Developed by Bui Quang Minh, Thomas Wong, Nhan Ly-Trong, Huaiyan Ren
Contributed by Lam-Tung Nguyen, Dominik Schrempf, Chris Bielow,
Olga Chernomor, Michael Woodhams, Diep Thi Hoang, Heiko Schmidt

Host:    rtis-hpc-r01.uod.otago.ac.nz (AVX2, FMA3, 1007 GB RAM)
Command: iqtree -s results/per_year_clustered/H3N2/alignments/H3N2_2010_aligned.fasta -m LG+G4 -te results/per_year_clustered/H3N2/trees/H3N2_2010.treefile -asr -pre results/per_year_clustered/H3N2/trees/H3N2_2010_asr -redo -quiet
Seed:    697765 (Using SPRNG - Scalable Parallel Random Number Generator)
Time:    Sat Nov 22 10:53:00 2025
Kernel:  AVX+FMA - 1 threads (8 CPU cores detected)

HINT: Use -nt option to specify number of threads because your CPU has 8 cores!
HINT: -nt AUTO will automatically determine the best number of threads to use.

Reading alignment file results/per_year_clustered/H3N2/alignments/H3N2_2010_aligned.fasta ... Fasta format detected
Reading fasta file: done in 0.000284544 secs using 66.42% CPU
Alignment most likely contains protein sequences
Constructing alignment: done in 0.000317745 secs using 81.83% CPU
Alignment has 27 sequences with 579 columns, 304 distinct patterns
331 parsimony-informative, 31 singleton sites, 217 constant sites
                                                                  Gap/Ambiguity  Composition  p-value
Analyzing sequences: done in 2.55685e-05 secs using 101.7% CPU
   1  EPI534966|HA|A/Ho_Chi_Minh/459.6/2010|EPI_ISL_163974|A_/_H3N2       2.25%    passed    100.00%
   2  EPI534967|HA|A/Ho_Chi_Minh/518.6/2010|EPI_ISL_163975|A_/_H3N2       2.25%    passed    100.00%
   3  EPI534969|HA|A/Ho_Chi_Minh/552.7/2010|EPI_ISL_163977|A_/_H3N2       2.25%    passed    100.00%
   4  EPI534975|HA|A/Ho_Chi_Minh/612.7/2010|EPI_ISL_163983|A_/_H3N2       2.25%    passed    100.00%
   5  EPI534973|HA|A/Ho_Chi_Minh/607.7/2010|EPI_ISL_163981|A_/_H3N2       2.25%    passed    100.00%
   6  EPI534978|HA|A/Ho_Chi_Minh/632.8/2010|EPI_ISL_163986|A_/_H3N2       2.25%    passed    100.00%
   7  EPI534979|HA|A/Ho_Chi_Minh/638.8/2010|EPI_ISL_163987|A_/_H3N2       2.25%    passed    100.00%
   8  EPI534976|HA|A/Ho_Chi_Minh/626.8/2010|EPI_ISL_163984|A_/_H3N2       2.25%    passed    100.00%
   9  EPI534982|HA|A/Ho_Chi_Minh/660.8/2010|EPI_ISL_163990|A_/_H3N2       2.25%    passed    100.00%
  10  EPI534983|HA|A/Ho_Chi_Minh/718.8/2010|EPI_ISL_163991|A_/_H3N2       2.25%    passed    100.00%
  11  EPI534986|HA|A/Ho_Chi_Minh/854.10/2010|EPI_ISL_163994|A_/_H3N2      2.25%    passed    100.00%
  12  EPI534984|HA|A/Ho_Chi_Minh/721.8/2010|EPI_ISL_163992|A_/_H3N2       2.25%    passed    100.00%
  13  EPI534985|HA|A/Ho_Chi_Minh/722.8/2010|EPI_ISL_163993|A_/_H3N2       2.25%    passed    100.00%
  14  EPI439795|HA|A/Riyadh/01/2010|EPI_ISL_138843|A_/_H3N2               2.25%    passed    100.00%
  15  EPI270353|HA|A/Taiwan/42/2010|EPI_ISL_76702|A_/_H3N2                2.25%    passed    100.00%
  16  EPI457975|HA|A/Singapore/H2010.471C/2010|EPI_ISL_142982|A_/_H3N2    2.25%    passed    100.00%
  17  EPI309622|HA|A/Osaka/72/2010|EPI_ISL_87966|A_/_H3N2                 2.25%    passed    100.00%
  18  EPI301362|HA|A/England/4820166/2010|EPI_ISL_85727|A_/_H3N2          2.25%    passed    100.00%
  19  EPI309725|HA|A/England/270/2010|EPI_ISL_88034|A_/_H3N2              2.25%    passed    100.00%
  20  EPI316874|HA|A/Malmoe/5/2010|EPI_ISL_90053|A_/_H3N2                 2.25%    passed    100.00%
  21  EPI294342|HA|A/SOUTH_AUSTRALIA/414/2010|EPI_ISL_83868|A_/_H3N2      2.25%    passed    100.00%
  22  EPI331336|HA|A/TOWNSVILLE/122/2010|EPI_ISL_94798|A_/_H3N2           2.07%    passed    100.00%
  23  EPI331440|HA|A/VICTORIA/1034/2010|EPI_ISL_94833|A_/_H3N2            2.25%    passed    100.00%
  24  EPI273891|HA|A/Dnipropetrovsk/445/2010|EPI_ISL_77716|A_/_H1N1       2.25%    passed     32.63%
  25  EPI295631|HA|A/Switzerland/3628824/2010|EPI_ISL_84242|A_/_H1N1      2.25%    passed     44.99%
  26  EPI369825|HA|A/England/193/2010|EPI_ISL_118458|A_/_H1N1             2.25%    passed     43.21%
  27  EPI369829|HA|A/England/67/2010|EPI_ISL_118462|A_/_H1N1              2.25%    passed     43.40%
****  TOTAL                                                               2.24%  0 sequences failed composition chi2 test (p-value<5%; df=19)
Reading input tree file results/per_year_clustered/H3N2/trees/H3N2_2010.treefile ...

NOTE: 5 MB RAM (0 GB) is required!
Estimate model parameters (epsilon = 0.010)
1. Initial log-likelihood: -4443.897
2. Current log-likelihood: -4441.631
3. Current log-likelihood: -4440.984
4. Current log-likelihood: -4440.903
Optimal log-likelihood: -4440.893
Gamma shape alpha: 1.479
Parameters optimization took 4 rounds (0.412 sec)
Wrote distance file to... 
BEST SCORE FOUND : -4440.893
Ancestral state probabilities printed to results/per_year_clustered/H3N2/trees/H3N2_2010_asr.state
Total tree length: 1.694

Total number of iterations: 0
CPU time used for tree search: 0.000 sec (0h:0m:0s)
Wall-clock time used for tree search: 0.000 sec (0h:0m:0s)
Total CPU time used: 0.513 sec (0h:0m:0s)
Total wall-clock time used: 0.555 sec (0h:0m:0s)

Analysis results written to: 
  IQ-TREE report:                results/per_year_clustered/H3N2/trees/H3N2_2010_asr.iqtree
  Maximum-likelihood tree:       results/per_year_clustered/H3N2/trees/H3N2_2010_asr.treefile
  Ancestral state:               results/per_year_clustered/H3N2/trees/H3N2_2010_asr.state
  Screen log file:               results/per_year_clustered/H3N2/trees/H3N2_2010_asr.log

Date and Time: Sat Nov 22 10:53:01 2025
