IQ-TREE version 3.0.1 for Linux x86 64-bit built Jul  9 2025
Developed by Bui Quang Minh, Thomas Wong, Nhan Ly-Trong, Huaiyan Ren
Contributed by Lam-Tung Nguyen, Dominik Schrempf, Chris Bielow,
Olga Chernomor, Michael Woodhams, Diep Thi Hoang, Heiko Schmidt

Host:    rtis-hpc-r01.uod.otago.ac.nz (AVX2, FMA3, 1007 GB RAM)
Command: iqtree -s results/per_year_clustered/H3N2/alignments/H3N2_2019_aligned.fasta -m LG+G4 -te results/per_year_clustered/H3N2/trees/H3N2_2019.treefile -asr -pre results/per_year_clustered/H3N2/trees/H3N2_2019_asr -redo -quiet
Seed:    69128 (Using SPRNG - Scalable Parallel Random Number Generator)
Time:    Sat Nov 22 11:00:18 2025
Kernel:  AVX+FMA - 1 threads (8 CPU cores detected)

HINT: Use -nt option to specify number of threads because your CPU has 8 cores!
HINT: -nt AUTO will automatically determine the best number of threads to use.

Reading alignment file results/per_year_clustered/H3N2/alignments/H3N2_2019_aligned.fasta ... Fasta format detected
Reading fasta file: done in 0.00062402 secs using 92.3% CPU
Alignment most likely contains protein sequences
Constructing alignment: done in 0.00043743 secs using 2.057% CPU
Alignment has 73 sequences with 578 columns, 321 distinct patterns
331 parsimony-informative, 30 singleton sites, 217 constant sites
                                                                      Gap/Ambiguity  Composition  p-value
Analyzing sequences: done in 5.53643e-05 secs using 59.61% CPU
   1  EPI1727800|HA|A/Kyrgyzstan/166/2019|EPI_ISL_426223|A_/_H3N2             2.08%    passed    100.00%
   2  EPI1727842|HA|A/Qatar/47-VI-19-0067658/2019|EPI_ISL_426244|A_/_H3N2     2.08%    passed    100.00%
   3  EPI1757941|HA|A/Laos/3797/2019|EPI_ISL_491780|A_/_H3N2                  2.08%    passed    100.00%
   4  EPI1727852|HA|A/South_lebanon/Tyre/NS20/2019|EPI_ISL_426249|A_/_H3N2    2.08%    passed    100.00%
   5  EPI1758040|HA|A/Abu_Dhabi/071/2019|EPI_ISL_491793|A_/_H3N2              2.08%    passed    100.00%
   6  EPI1605042|HA|A/OKINAWA/74/2019|EPI_ISL_394199|A_/_H3N2                 2.08%    passed    100.00%
   7  EPI1800278|HA|A/Myanmar/19M147/2019|EPI_ISL_525690|A_/_H3N2             2.08%    passed    100.00%
   8  EPI1800285|HA|A/Myanmar/19M225/2019|EPI_ISL_525757|A_/_H3N2             2.08%    passed    100.00%
   9  EPI1479787|HA|A/Abu_Dhabi/021/2019|EPI_ISL_362253|A_/_H3N2              2.08%    passed    100.00%
  10  EPI1480618|HA|A/Abu_Dhabi/008/2019|EPI_ISL_362359|A_/_H3N2              2.08%    passed    100.00%
  11  EPI1483944|HA|A/Kyrgyzstan/49/2019|EPI_ISL_363141|A_/_H3N2              2.08%    passed    100.00%
  12  EPI1619487|HA|A/Qatar/10-VI-19-0048190/2019|EPI_ISL_397286|A_/_H3N2     2.08%    passed    100.00%
  13  EPI1619510|HA|A/Qatar/16-VI-19-0048614/2019|EPI_ISL_397298|A_/_H3N2     2.08%    passed    100.00%
  14  EPI1627368|HA|A/NIIGATA/805/2019|EPI_ISL_398302|A_/_H3N2                2.08%    passed    100.00%
  15  EPI1498242|HA|A/KANAGAWA/AC1880/2019|EPI_ISL_366108|A_/_H3N2            2.08%    passed    100.00%
  16  EPI1901758|HA|A/Thailand/CU-E1482/2019|EPI_ISL_4069934|A_/_H3N2         2.08%    passed    100.00%
  17  EPI1901756|HA|A/Thailand/CU-B35602/2019|EPI_ISL_4069932|A_/_H3N2        2.08%    passed    100.00%
  18  EPI1901822|HA|A/Thailand/CU-B31714/2019|EPI_ISL_4069997|A_/_H3N2        2.08%    passed    100.00%
  19  EPI1901781|HA|A/Thailand/CU-B32786/2019|EPI_ISL_4069957|A_/_H3N2        2.08%    passed    100.00%
  20  EPI1636470|HA|A/Abudhabi/063/2019|EPI_ISL_400019|A_/_H3N2               2.08%    passed    100.00%
  21  EPI1638598|HA|A/Singapore/GP1559/2019|EPI_ISL_400291|A_/_H3N2           2.08%    passed    100.00%
  22  EPI1638725|HA|A/Singapore/TT0682/2019|EPI_ISL_400307|A_/_H3N2           2.08%    passed    100.00%
  23  EPI1646773|HA|A/Salalah/6905/2019|EPI_ISL_401615|A_/_H3N2               2.08%    passed    100.00%
  24  EPI2102685|HA|A/Niigata/18FS066_2/2019|EPI_ISL_14004357|A_/_H3N2        2.08%    passed    100.00%
  25  EPI1671911|HA|A/Bangkok/447/2019|EPI_ISL_406819|A_/_H3N2                2.08%    passed    100.00%
  26  EPI1550175|HA|A/Malaysia/RP0571/2019|EPI_ISL_378565|A_/_H3N2            2.08%    passed    100.00%
  27  EPI1696421|HA|A/Kanagawa/ZC1841/2019|EPI_ISL_412121|A_/_H3N2            2.08%    passed    100.00%
  28  EPI1398426|HA|A/NIIGATA/165/2019|EPI_ISL_348327|A_/_H3N2                2.08%    passed    100.00%
  29  EPI1711322|HA|A/HIROSHIMA/188/2019|EPI_ISL_415182|A_/_H3N2              2.08%    passed    100.00%
  30  EPI1410302|HA|A/Lebanon/207/2019|EPI_ISL_350085|A_/_H3N2                2.08%    passed    100.00%
  31  EPI1846442|HA|A/KANAGAWA/ZC1836/2019|EPI_ISL_1005694|A_/_H3N2           2.08%    passed    100.00%
  32  EPI1846436|HA|A/KANAGAWA/ZC1861/2019|EPI_ISL_1005691|A_/_H3N2           2.08%    passed    100.00%
  33  EPI1846434|HA|A/KANAGAWA/IC1815/2019|EPI_ISL_1005690|A_/_H3N2           2.08%    passed    100.00%
  34  EPI1797926|HA|A/Malaysia/RP0701/2019|EPI_ISL_514718|A_/_H3N2            2.08%    passed    100.00%
  35  EPI1723689|HA|A/Taiwan/83270/2019|EPI_ISL_421128|A_/_H3N2               2.08%    passed    100.00%
  36  EPI1754145|HA|A/Saudi_Arabia/1028833307/2019|EPI_ISL_486750|A_/_H3N2    2.08%    passed    100.00%
  37  EPI1448737|HA|A/Oman/939/2019|EPI_ISL_357915|A_/_H3N2                   2.08%    passed    100.00%
  38  EPI1590501|HA|A/Yasothon/21/2019|EPI_ISL_390913|A_/_H3N2                2.08%    passed    100.00%
  39  EPI1594495|HA|A/Singapore/TT0115/2019|EPI_ISL_391588|A_/_H3N2           2.08%    passed    100.00%
  40  EPI1594551|HA|A/Singapore/KK0124/2019|EPI_ISL_391595|A_/_H3N2           2.08%    passed    100.00%
  41  EPI1483863|HA|A/Northern_Ireland/10510/2019|EPI_ISL_363098|A_/_H3N2     2.08%    passed    100.00%
  42  EPI1516056|HA|A/England/7963/2019|EPI_ISL_369692|A_/_H3N2               2.08%    passed    100.00%
  43  EPI1394806|HA|A/Helsingborg/1/2019|EPI_ISL_347807|A_/_H3N2              2.08%    passed    100.00%
  44  EPI1436462|HA|A/CastillaLaMancha/109/2019|EPI_ISL_355027|A_/_H3N2       2.08%    passed    100.00%
  45  EPI1584091|HA|A/Newport/9438/2019|EPI_ISL_389323|A_/_H3N2               2.08%    passed    100.00%
  46  EPI1639420|HA|A/South_Australia/313/2019|EPI_ISL_363247|A_/_H3N2        2.08%    passed    100.00%
  47  EPI1639426|HA|A/South_Australia/321/2019|EPI_ISL_363254|A_/_H3N2        2.08%    passed    100.00%
  48  EPI1667167|HA|A/Sydney/233/2019|EPI_ISL_405313|A_/_H3N2                 2.08%    passed    100.00%
  49  EPI1670105|HA|A/South_Australia/1088/2019|EPI_ISL_405983|A_/_H3N2       2.08%    passed    100.00%
  50  EPI1670216|HA|A/Sydney/803/2019|EPI_ISL_406020|A_/_H3N2                 2.08%    passed    100.00%
  51  EPI1671669|HA|A/Sydney/478/2019|EPI_ISL_406679|A_/_H3N2                 2.08%    passed    100.00%
  52  EPI1675460|HA|A/Darwin/726/2019|EPI_ISL_407891|A_/_H3N2                 2.08%    passed    100.00%
  53  EPI1387310|HA|A/South_Australia/81/2019|EPI_ISL_346276|A_/_H3N2         2.08%    passed    100.00%
  54  EPI1387385|HA|A/Perth/5/2019|EPI_ISL_346301|A_/_H3N2                    2.08%    passed    100.00%
  55  EPI1387430|HA|A/South_Australia/18/2019|EPI_ISL_346316|A_/_H3N2         2.08%    passed    100.00%
  56  EPI1593999|HA|A/Sydney/1027/2019|EPI_ISL_391462|A_/_H3N2                2.08%    passed    100.00%
  57  EPI1597835|HA|A/Sydney/404/2019|EPI_ISL_392633|A_/_H3N2                 2.08%    passed    100.00%
  58  EPI1603820|HA|A/Serbia/555/2019|EPI_ISL_393798|A_/_H1N1                 2.08%    passed     44.70%
  59  EPI1607304|HA|A/Carmarthen/5650/2019|EPI_ISL_395060|A_/_H1N1            2.08%    passed     58.72%
  60  EPI1491266|HA|A/England/163/2019|EPI_ISL_364672|A_/_H1N1                2.08%    passed     45.77%
  61  EPI1491300|HA|A/England/146/2019|EPI_ISL_364689|A_/_H1N1                2.08%    passed     49.90%
  62  EPI1491298|HA|A/England/204/2019|EPI_ISL_364688|A_/_H1N1                2.08%    passed     34.69%
  63  EPI1491495|HA|A/England/202/2019|EPI_ISL_364718|A_/_H1N1                2.08%    passed     39.21%
  64  EPI1630203|HA|A/Stockholm/35/2019|EPI_ISL_398704|A_/_H1N1               2.08%    passed     66.52%
  65  EPI1506890|HA|A/Linkoping/1/2019|EPI_ISL_367960|A_/_H1N1                2.08%    passed     57.01%
  66  EPI1506986|HA|A/Ukraine/8294/2019|EPI_ISL_368008|A_/_H1N1               2.08%    passed     58.21%
  67  EPI1508590|HA|A/Novi_Sad/4336/2019|EPI_ISL_368276|A_/_H1N1              2.08%    passed     39.26%
  68  EPI1356276|HA|A/Northern_Ireland/342/2019|EPI_ISL_338524|A_/_H1N1       2.08%    passed     51.10%
  69  EPI1359897|HA|A/Barry/6142/2019|EPI_ISL_339323|A_/_H1N1                 2.08%    passed     47.93%
  70  EPI1369764|HA|A/England/31/2019|EPI_ISL_341247|A_/_H1N1                 2.08%    passed     61.10%
  71  EPI1378056|HA|A/Sweden/27/2019|EPI_ISL_343451|A_/_H1N1                  2.08%    passed     64.16%
  72  EPI1794657|HA|A/Andalucia/2762/2019|EPI_ISL_508511|A_/_H1N1             2.08%    passed     52.30%
  73  EPI1417818|HA|A/England/137/2019|EPI_ISL_351388|A_/_H1N1                2.08%    passed     60.75%
****  TOTAL                                                                   2.08%  0 sequences failed composition chi2 test (p-value<5%; df=19)
Reading input tree file results/per_year_clustered/H3N2/trees/H3N2_2019.treefile ...

NOTE: 15 MB RAM (0 GB) is required!
Estimate model parameters (epsilon = 0.010)
1. Initial log-likelihood: -5489.393
2. Current log-likelihood: -5484.889
3. Current log-likelihood: -5483.870
4. Current log-likelihood: -5483.731
5. Current log-likelihood: -5483.708
Optimal log-likelihood: -5483.704
Gamma shape alpha: 0.697
Parameters optimization took 5 rounds (1.545 sec)
Wrote distance file to... 
BEST SCORE FOUND : -5483.704
Ancestral state probabilities printed to results/per_year_clustered/H3N2/trees/H3N2_2019_asr.state
Total tree length: 2.638

Total number of iterations: 0
CPU time used for tree search: 0.000 sec (0h:0m:0s)
Wall-clock time used for tree search: 0.000 sec (0h:0m:0s)
Total CPU time used: 1.835 sec (0h:0m:1s)
Total wall-clock time used: 1.915 sec (0h:0m:1s)

Analysis results written to: 
  IQ-TREE report:                results/per_year_clustered/H3N2/trees/H3N2_2019_asr.iqtree
  Maximum-likelihood tree:       results/per_year_clustered/H3N2/trees/H3N2_2019_asr.treefile
  Ancestral state:               results/per_year_clustered/H3N2/trees/H3N2_2019_asr.state
  Screen log file:               results/per_year_clustered/H3N2/trees/H3N2_2019_asr.log

Date and Time: Sat Nov 22 11:00:20 2025
