IQ-TREE version 3.0.1 for Linux x86 64-bit built Jul  9 2025
Developed by Bui Quang Minh, Thomas Wong, Nhan Ly-Trong, Huaiyan Ren
Contributed by Lam-Tung Nguyen, Dominik Schrempf, Chris Bielow,
Olga Chernomor, Michael Woodhams, Diep Thi Hoang, Heiko Schmidt

Host:    rtis-hpc-r09.uod.otago.ac.nz (AVX2, FMA3, 1006 GB RAM)
Command: iqtree -s results/per_year_clustered/H3N2/alignments/H3N2_2024_aligned.fasta -m LG+G4 -bb 1000 -nt 16 -pre results/per_year_clustered/H3N2/trees/H3N2_2024 -redo -quiet
Seed:    108582 (Using SPRNG - Scalable Parallel Random Number Generator)
Time:    Thu Nov 20 18:55:33 2025
Kernel:  AVX+FMA - 16 threads (16 CPU cores detected)

Reading alignment file results/per_year_clustered/H3N2/alignments/H3N2_2024_aligned.fasta ... Fasta format detected
Reading fasta file: done in 0.000877153 secs using 89.15% CPU
Alignment most likely contains protein sequences
Constructing alignment: done in 0.000786112 secs using 316.1% CPU
Alignment has 105 sequences with 580 columns, 393 distinct patterns
340 parsimony-informative, 57 singleton sites, 183 constant sites
                                                                                  Gap/Ambiguity  Composition  p-value
Analyzing sequences: done in 0.0246582 secs using 740.7% CPU
   1  EPI3476662|HA|A/Philippines/ILI24-1272/2024|EPI_ISL_19300813|A_/_H3N2               2.41%    passed     99.82%
   2  EPI3954964|HA|A/Laos/2825/2024|EPI_ISL_19727510|A_/_H3N2                            2.41%    passed     99.98%
   3  EPI3007297|HA|A/Sri_Lanka/38/2024|EPI_ISL_18876716|A_/_H3N2                         2.41%    passed     99.92%
   4  EPI3957290|HA|A/KOBE/24328/2024|EPI_ISL_19729250|A_/_H3N2                           2.41%    passed     99.93%
   5  EPI3611454|HA|A/Phra_Nakhon_Si_Ayutthaya/B409/2024|EPI_ISL_19500366|A_/_H3N2        2.41%    passed     99.98%
   6  EPI4409312|HA|A/Malaysia/MKAI_CL43218/2024|EPI_ISL_19893417|A_/_H3N2                2.41%    passed     99.97%
   7  EPI3736128|HA|A/Oman/CPHL_7248732/2024|EPI_ISL_19631336|A_/_H3N2                    2.41%    passed     99.95%
   8  EPI3739244|HA|A/Daejeon/3779/2024|EPI_ISL_19632813|A_/_H3N2                         2.41%    passed     99.97%
   9  EPI3662892|HA|A/Philippines/OBI24-0018/2024|EPI_ISL_19567669|A_/_H3N2               2.41%    passed     99.96%
  10  EPI3389082|HA|A/Abu_Dhabi/8914/2024|EPI_ISL_19208703|A_/_H3N2                       2.41%    passed     99.94%
  11  EPI3794940|HA|A/Philippines/1597/2024|EPI_ISL_19668077|A_/_H3N2                     2.41%    passed     99.97%
  12  EPI3616358|HA|A/YOKOHAMA/31/2024|EPI_ISL_19504976|A_/_H3N2                          2.41%    passed     99.95%
  13  EPI3637488|HA|A/Malaysia/MKAI/CL37898/2024|EPI_ISL_19539819|A_/_H3N2                2.41%    passed     99.98%
  14  EPI2958566|HA|A/Bangkok/P212/2024|EPI_ISL_18819751|A_/_H3N2                         2.41%    passed     99.97%
  15  EPI3249927|HA|A/Malaysia/IMR-SARI0356/2024|EPI_ISL_19084229|A_/_H3N2                4.14%    passed     99.94%
  16  EPI3750151|HA|A/Seoul/4069/2024|EPI_ISL_19642622|A_/_H3N2                           2.41%    passed     99.99%
  17  EPI3456835|HA|A/Singapore/KK0210/2024|EPI_ISL_19283579|A_/_H3N2                     2.41%    passed     99.92%
  18  EPI3456819|HA|A/Singapore/KK0151/2024|EPI_ISL_19283577|A_/_H3N2                     2.41%    passed     99.97%
  19  EPI3899532|HA|A/ABUDHABI/UAE/0012976/2024|EPI_ISL_19709691|A_/_H3N2                 2.41%    passed     99.98%
  20  EPI4372560|HA|A/Myanmar/I264/2024|EPI_ISL_19874533|A_/_H3N2                         2.24%    passed     99.97%
  21  EPI3904018|HA|A/ABUDHABI/UAE/0017838/2024|EPI_ISL_19711823|A_/_H3N2                 2.41%    passed     99.82%
  22  EPI3904417|HA|A/ABUDHABI/UAE/0020453/2024|EPI_ISL_19711873|A_/_H3N2                 2.41%    passed     99.86%
  23  EPI3558087|HA|A/TOKYO/EIS10-294/2024|EPI_ISL_19417565|A_/_H3N2                      2.41%    passed     99.93%
  24  EPI3558031|HA|A/TOKYO/EIS10-210/2024|EPI_ISL_19417558|A_/_H3N2                      2.41%    passed     99.87%
  25  EPI4379883|HA|A/Malaysia/MKAI_CL47914/2024|EPI_ISL_19878697|A_/_H3N2                2.41%    passed     99.99%
  26  EPI3913255|HA|A/Singapore/GP14277/2024|EPI_ISL_19715098|A_/_H3N2                    2.41%    passed     99.91%
  27  EPI4387603|HA|A/Riyadh/45/2024|EPI_ISL_19881899|A_/_H3N2                            2.41%    passed     99.86%
  28  EPI3844439|HA|A/Malaysia/TIDREC_KLA-AUFI286/2024|EPI_ISL_19689145|A_/_H3N2          2.41%    passed     99.88%
  29  EPI3475352|HA|A/Singapore/TT0237/2024|EPI_ISL_19299278|A_/_H3N2                     2.41%    passed     99.87%
  30  EPI3476488|HA|A/Singapore/KK1119/2024|EPI_ISL_19300350|A_/_H3N2                     2.41%    passed     99.92%
  31  EPI3866763|HA|A/Switzerland/UN-SNRCI-HUG-46747581/2024|EPI_ISL_19698113|A_/_H3N2    2.41%    passed     99.95%
  32  EPI3790919|HA|A/England/0100130/2024|EPI_ISL_19667487|A_/_H3N2                      2.41%    passed     99.81%
  33  EPI3751097|HA|A/Switzerland/59652/2024|EPI_ISL_19643984|A_/_H3N2                    2.41%    passed     99.88%
  34  EPI3726461|HA|A/Galicia/33348842/2024|EPI_ISL_19615419|A_/_H3N2                     2.41%    passed    100.00%
  35  EPI3726478|HA|A/Galicia/22347908/2024|EPI_ISL_19615421|A_/_H3N2                     2.41%    passed    100.00%
  36  EPI3726506|HA|A/Galicia/33156584/2024|EPI_ISL_19615425|A_/_H3N2                     2.41%    passed    100.00%
  37  EPI3726498|HA|A/Galicia/44143091/2024|EPI_ISL_19615424|A_/_H3N2                     2.41%    passed    100.00%
  38  EPI3258732|HA|A/England/241560836/2024|EPI_ISL_19093779|A_/_H3N2                    2.41%    passed     99.97%
  39  EPI4304684|HA|A/Asturias/232461330/2024|EPI_ISL_19855166|A_/_H3N2                   2.41%    passed    100.00%
  40  EPI4038595|HA|A/Madrid/342425187428/2024|EPI_ISL_19756825|A_/_H3N2                  2.41%    passed     99.37%
  41  EPI3786347|HA|A/Perth/1144/2024|EPI_ISL_19661484|A_/_H3N2                           2.41%    passed     99.96%
  42  EPI3786403|HA|A/Sydney/1321/2024|EPI_ISL_19661498|A_/_H3N2                          2.41%    passed     99.99%
  43  EPI3786387|HA|A/Victoria/3131/2024|EPI_ISL_19661494|A_/_H3N2                        2.41%    passed     99.96%
  44  EPI3786375|HA|A/Victoria/3124/2024|EPI_ISL_19661491|A_/_H3N2                        2.41%    passed     99.97%
  45  EPI4244815|HA|A/Perth/1111/2024|EPI_ISL_19825838|A_/_H3N2                           2.41%    passed     99.99%
  46  EPI3480055|HA|A/Sydney/289/2024|EPI_ISL_19301908|A_/_H3N2                           2.41%    passed     99.98%
  47  EPI3480424|HA|A/Darwin/916/2024|EPI_ISL_19301978|A_/_H3N2                           2.41%    passed     99.97%
  48  EPI3480627|HA|A/Victoria/968/2024|EPI_ISL_19302029|A_/_H3N2                         2.41%    passed     99.94%
  49  EPI3612870|HA|A/Queensland/IN000279/2024|EPI_ISL_19500707|A_/_H3N2                  2.41%    passed     99.97%
  50  EPI3633261|HA|A/Auckland/257/2024|EPI_ISL_19534695|A_/_H3N2                         2.41%    passed     99.94%
  51  EPI3633314|HA|A/Auckland/276/2024|EPI_ISL_19534716|A_/_H3N2                         2.41%    passed     99.89%
  52  EPI3633230|HA|A/Auckland/242/2024|EPI_ISL_19534685|A_/_H3N2                         2.41%    passed     99.95%
  53  EPI3508411|HA|A/South_Australia/136/2024|EPI_ISL_19338369|A_/_H3N2                  2.41%    passed     99.99%
  54  EPI3509982|HA|A/Victoria/1304/2024|EPI_ISL_19341743|A_/_H3N2                        2.41%    passed     99.95%
  55  EPI3509909|HA|A/Victoria/1534/2024|EPI_ISL_19341705|A_/_H3N2                        2.41%    passed     99.97%
  56  EPI3634645|HA|A/Wellington/80/2024|EPI_ISL_19539110|A_/_H3N2                        2.41%    passed     99.99%
  57  EPI3666891|HA|A/South_Australia/274/2024|EPI_ISL_19574581|A_/_H3N2                  2.41%    passed     99.99%
  58  EPI3640371|HA|A/Queensland/IN000647/2024|EPI_ISL_19543614|A_/_H3N2                  2.41%    passed     99.83%
  59  EPI3640446|HA|A/Queensland/IN000659/2024|EPI_ISL_19543624|A_/_H3N2                  2.41%    passed     99.99%
  60  EPI3817714|HA|A/Victoria/3318/2024|EPI_ISL_19676540|A_/_H3N2                        2.41%    passed     99.97%
  61  EPI3817956|HA|A/Tasmania/874/2024|EPI_ISL_19676611|A_/_H3N2                         2.41%    passed     99.91%
  62  EPI3399783|HA|A/Timor-Leste/223/2024|EPI_ISL_19218236|A_/_H3N2                      2.41%    passed     99.93%
  63  EPI3539116|HA|A/Victoria/1588/2024|EPI_ISL_19383456|A_/_H3N2                        2.41%    passed     99.96%
  64  EPI3585522|HA|A/South_Australia/168/2024|EPI_ISL_19458277|A_/_H3N2                  2.41%    passed     99.79%
  65  EPI3606682|HA|A/Brisbane/409/2024|EPI_ISL_19493393|A_/_H3N2                         2.41%    passed     99.95%
  66  EPI3658048|HA|A/Victoria/3265/2024|EPI_ISL_19561258|A_/_H3N2                        2.41%    passed     99.98%
  67  EPI3680409|HA|A/England/4700123/2024|EPI_ISL_19596134|A_/_H1N1                      2.41%    passed     87.43%
  68  EPI3680344|HA|A/England/4620270/2024|EPI_ISL_19596124|A_/_H1N1                      2.41%    passed     71.55%
  69  EPI3787123|HA|A/Catalonia/NSJO560000050/2024|EPI_ISL_19661810|A_/_H1N1              2.41%    passed     86.56%
  70  EPI3441791|HA|A/Swansea/5888/2024|EPI_ISL_19269744|A_/_H1N1                         2.41%    passed     76.49%
  71  EPI3080459|HA|A/Aragon/558/2024|EPI_ISL_18942787|A_/_H1N1                           2.41%    passed     87.86%
  72  EPI3080466|HA|A/Aragon/560/2024|EPI_ISL_18942788|A_/_H1N1                           2.41%    passed     88.00%
  73  EPI3082085|HA|A/Madrid/150/2024|EPI_ISL_18943819|A_/_H1N1                           2.41%    passed     87.82%
  74  EPI4318253|HA|A/Melilla/01677727/2024|EPI_ISL_19861764|A_/_H1N1                     2.41%    passed     90.01%
  75  EPI3050064|HA|A/Badajoz/18615142/2024|EPI_ISL_18912986|A_/_H1N1                     2.41%    passed     92.87%
  76  EPI3791769|HA|A/England/0120311/2024|EPI_ISL_19667609|A_/_H1N1                      2.41%    passed     87.06%
  77  EPI3419895|HA|A/Cardiff/4190/2024|EPI_ISL_19243251|A_/_H1N1                         2.41%    passed     87.57%
  78  EPI3687261|HA|A/Murcia/2159/2024|EPI_ISL_19603666|A_/_H1N1                          2.41%    passed     89.47%
  79  EPI3300584|HA|A/Madrid/HULP-072638331/2024|EPI_ISL_19147390|A_/_H1N1                2.24%    passed     91.62%
  80  EPI3054103|HA|A/Badajoz/18619790/2024|EPI_ISL_18918494|A_/_H1N1                     2.41%    passed     81.49%
  81  EPI3884129|HA|A/Catalonia/NSVH170145573/2024|EPI_ISL_19705055|A_/_H1N1              2.41%    passed     88.00%
  82  EPI3512991|HA|A/England/242960235/2024|EPI_ISL_19345292|A_/_H1N1                    2.41%    passed     94.53%
  83  EPI2978047|HA|A/Badajoz/18616368/2024|EPI_ISL_18854264|A_/_H1N1                     2.41%    passed     77.96%
  84  EPI3197133|HA|A/Serbia/328/2024|EPI_ISL_19050842|A_/_H1N1                           2.41%    passed     84.36%
  85  EPI3197155|HA|A/Serbia/196/2024|EPI_ISL_19050845|A_/_H1N1                           2.41%    passed     88.51%
  86  EPI3268826|HA|A/Trollhattan/SE24-04471/2024|EPI_ISL_19116439|A_/_H1N1               2.41%    passed     77.74%
  87  EPI3889484|HA|A/Andalucia/PMC-00587/2024|EPI_ISL_19707937|A_/_H1N1                  2.41%    passed     88.32%
  88  EPI3898109|HA|A/Baleares/250061/2024|EPI_ISL_19709436|A_/_H1N1                      2.41%    passed     65.98%
  89  EPI3513291|HA|A/England/243060223/2024|EPI_ISL_19348510|A_/_H1N1                    2.41%    passed     76.65%
  90  EPI3828065|HA|A/England/5160975/2024|EPI_ISL_19680996|A_/_H1N1                      2.41%    passed     73.23%
  91  EPI3100469|HA|A/England/240561251/2024|EPI_ISL_18961932|A_/_H1N1                    2.41%    passed     84.21%
  92  EPI3258270|HA|A/Serbia/113/2024|EPI_ISL_19093576|A_/_H1N1                           2.41%    passed     81.73%
  93  EPI3326190|HA|A/Madrid/1058/2024|EPI_ISL_19159205|A_/_H1N1                          2.41%    passed     84.89%
  94  EPI3493268|HA|A/Galicia/SCQ/140189/2024|EPI_ISL_19323908|A_/_H1N1                   2.41%    passed     93.96%
  95  EPI3769322|HA|A/Catalonia/NSVH102488391/2024|EPI_ISL_19652392|A_/_H1N1              2.41%    passed     81.18%
  96  EPI3582939|HA|A/England/1940422/2024|EPI_ISL_19455545|A_/_H1N1                      2.41%    passed     85.67%
  97  EPI3330761|HA|A/Alicante/VAHNSI-GIHSN-16_3554/2024|EPI_ISL_19160593|A_/_H1N1        2.41%    passed     81.33%
  98  EPI3179398|HA|A/Madrid/HRYC-13069536/2024|EPI_ISL_19030052|A_/_H1N1                 2.24%    passed     84.73%
  99  EPI3179470|HA|A/Madrid/HRYC-13089164/2024|EPI_ISL_19030061|A_/_H1N1                 2.24%    passed     91.83%
 100  EPI3834736|HA|A/Segovia/167/2024|EPI_ISL_19685460|A_/_H1N1                          2.41%    passed     79.75%
 101  EPI3522000|HA|A/Switzerland/46021/2024|EPI_ISL_19359901|A_/_H1N1                    2.41%    passed     79.64%
 102  EPI3183899|HA|A/Slovakia/uvzsr-457/2024|EPI_ISL_19033650|A_/_H1N1                   2.41%    passed     87.26%
 103  EPI3184267|HA|A/Slovakia/uvzsr-331/2024|EPI_ISL_19033719|A_/_H1N1                   2.41%    passed     78.96%
 104  EPI4038587|HA|A/Madrid/302425181704/2024|EPI_ISL_19756821|A_/_H1N1                  2.41%    passed     84.96%
 105  EPI3229553|HA|A/Galicia/GA-CHUAC-90/2024|EPI_ISL_19069709|A_/_H1N1                  2.41%    passed     88.21%
****  TOTAL                                                                               2.42%  0 sequences failed composition chi2 test (p-value<5%; df=19)
Checking for duplicate sequences: done in 0.0181983 secs using 664.5% CPU
Creating fast initial parsimony tree by random order stepwise addition...
2.205 seconds, parsimony score: 800 (based on 397 sites)
Generating 1000 samples for ultrafast bootstrap (seed: 108582)...

NOTE: 28 MB RAM (0 GB) is required!
Estimate model parameters (epsilon = 0.100)
1. Initial log-likelihood: -6703.247
2. Current log-likelihood: -6690.769
3. Current log-likelihood: -6690.561
Optimal log-likelihood: -6690.559
Gamma shape alpha: 1.088
Parameters optimization took 3 rounds (0.189 sec)
Wrote distance file to... 
Computing ML distances based on estimated model parameters...
Calculating distance matrix: done in 0.0599726 secs using 1603% CPU
Computing ML distances took 0.060136 sec (of wall-clock time) 0.961790 sec (of CPU time)
Setting up auxiliary I and S matrices: done in 0.00136168 secs using 102.2% CPU
Constructing RapidNJ tree: done in 0.153837 secs using 57.22% CPU
Computing RapidNJ tree took 0.155300 sec (of wall-clock time) 0.089536 sec (of CPU time)
Log-likelihood of RapidNJ tree: -6787.269
--------------------------------------------------------------------
|             INITIALIZING CANDIDATE TREE SET                      |
--------------------------------------------------------------------
Generating 98 parsimony trees... 0.216 second
Computing log-likelihood of 98 initial trees ... 2.236 seconds
Current best score: -6656.246

Do NNI search on 20 best initial trees
Optimizing NNI: done in 0.536601 secs using 1587% CPU
Estimate model parameters (epsilon = 0.100)
BETTER TREE FOUND at iteration 1: -6646.597
Optimizing NNI: done in 0.386382 secs using 1589% CPU
Optimizing NNI: done in 0.743506 secs using 1588% CPU
Optimizing NNI: done in 0.570799 secs using 1588% CPU
Optimizing NNI: done in 0.768893 secs using 1587% CPU
Optimizing NNI: done in 0.710973 secs using 1522% CPU
Optimizing NNI: done in 0.367761 secs using 1587% CPU
Optimizing NNI: done in 1.84794 secs using 1525% CPU
Optimizing NNI: done in 0.558675 secs using 1589% CPU
Optimizing NNI: done in 0.876692 secs using 1587% CPU
Iteration 10 / LogL: -6659.015 / Time: 0h:0m:22s
Optimizing NNI: done in 0.767222 secs using 1587% CPU
Optimizing NNI: done in 0.628956 secs using 1587% CPU
Optimizing NNI: done in 0.485097 secs using 1588% CPU
Optimizing NNI: done in 0.62715 secs using 1587% CPU
Optimizing NNI: done in 0.874921 secs using 1588% CPU
Optimizing NNI: done in 0.743353 secs using 1587% CPU
Optimizing NNI: done in 0.794408 secs using 1587% CPU
Optimizing NNI: done in 0.77538 secs using 1585% CPU
Optimizing NNI: done in 0.72428 secs using 1585% CPU
Optimizing NNI: done in 0.610069 secs using 1588% CPU
Iteration 20 / LogL: -6665.991 / Time: 0h:0m:29s
Finish initializing candidate tree set (20)
Current best tree score: -6646.597 / CPU time: 17.015
Number of iterations: 20
--------------------------------------------------------------------
|               OPTIMIZING CANDIDATE TREE SET                      |
--------------------------------------------------------------------
Optimizing NNI: done in 0.997816 secs using 1586% CPU
Optimizing NNI: done in 0.527334 secs using 1586% CPU
Optimizing NNI: done in 0.690563 secs using 1588% CPU
Optimizing NNI: done in 1.23459 secs using 1587% CPU
Optimizing NNI: done in 1.11459 secs using 1587% CPU
Estimate model parameters (epsilon = 0.100)
BETTER TREE FOUND at iteration 25: -6646.509
Optimizing NNI: done in 0.65659 secs using 1588% CPU
Optimizing NNI: done in 0.691739 secs using 1585% CPU
Optimizing NNI: done in 0.815078 secs using 1587% CPU
Estimate model parameters (epsilon = 0.100)
BETTER TREE FOUND at iteration 28: -6646.484
Optimizing NNI: done in 1.08431 secs using 1587% CPU
Optimizing NNI: done in 0.799416 secs using 1586% CPU
Iteration 30 / LogL: -6656.199 / Time: 0h:0m:38s (0h:2m:1s left)
Optimizing NNI: done in 1.10342 secs using 1588% CPU
Optimizing NNI: done in 0.933578 secs using 1586% CPU
Optimizing NNI: done in 0.711115 secs using 1589% CPU
Optimizing NNI: done in 0.789275 secs using 1588% CPU
Optimizing NNI: done in 0.756596 secs using 1587% CPU
Optimizing NNI: done in 1.15519 secs using 1587% CPU
Optimizing NNI: done in 0.759339 secs using 1586% CPU
Estimate model parameters (epsilon = 0.100)
BETTER TREE FOUND at iteration 37: -6640.356
Optimizing NNI: done in 1.02699 secs using 1570% CPU
Optimizing NNI: done in 0.931301 secs using 1573% CPU
Optimizing NNI: done in 0.752448 secs using 1590% CPU
Iteration 40 / LogL: -6640.362 / Time: 0h:0m:47s (0h:1m:52s left)
Optimizing NNI: done in 0.759029 secs using 1588% CPU
Optimizing NNI: done in 1.0647 secs using 1588% CPU
Optimizing NNI: done in 0.962738 secs using 1587% CPU
Optimizing NNI: done in 0.689841 secs using 1588% CPU
Optimizing NNI: done in 0.709987 secs using 1587% CPU
Optimizing NNI: done in 0.971797 secs using 1587% CPU
Optimizing NNI: done in 0.811152 secs using 1586% CPU
Optimizing NNI: done in 0.794239 secs using 1587% CPU
Optimizing NNI: done in 0.98037 secs using 1587% CPU
Optimizing NNI: done in 0.829075 secs using 1590% CPU
Iteration 50 / LogL: -6675.597 / Time: 0h:0m:55s (0h:1m:35s left)
Log-likelihood cutoff on original alignment: -6693.731
Optimizing NNI: done in 0.597452 secs using 1585% CPU
Optimizing NNI: done in 0.721983 secs using 1588% CPU
Optimizing NNI: done in 0.515069 secs using 1586% CPU
Optimizing NNI: done in 1.08095 secs using 1588% CPU
Optimizing NNI: done in 0.577729 secs using 1585% CPU
Optimizing NNI: done in 0.700437 secs using 1585% CPU
Optimizing NNI: done in 0.660103 secs using 1588% CPU
Optimizing NNI: done in 1.00884 secs using 1587% CPU
Optimizing NNI: done in 0.623446 secs using 1586% CPU
Optimizing NNI: done in 1.27203 secs using 1588% CPU
Iteration 60 / LogL: -6645.749 / Time: 0h:1m:4s (0h:1m:20s left)
Optimizing NNI: done in 1.00895 secs using 1587% CPU
Optimizing NNI: done in 0.688189 secs using 1587% CPU
Optimizing NNI: done in 0.978445 secs using 1589% CPU
Optimizing NNI: done in 1.13898 secs using 1548% CPU
Optimizing NNI: done in 0.856608 secs using 1589% CPU
Optimizing NNI: done in 0.497022 secs using 1589% CPU
Optimizing NNI: done in 0.721556 secs using 1588% CPU
Optimizing NNI: done in 0.978852 secs using 1587% CPU
Optimizing NNI: done in 0.852312 secs using 1589% CPU
Optimizing NNI: done in 1.0542 secs using 1586% CPU
Iteration 70 / LogL: -6643.491 / Time: 0h:1m:13s (0h:1m:8s left)
Optimizing NNI: done in 0.711827 secs using 1587% CPU
Optimizing NNI: done in 0.850881 secs using 1588% CPU
Estimate model parameters (epsilon = 0.100)
BETTER TREE FOUND at iteration 72: -6639.342
Optimizing NNI: done in 0.771853 secs using 1588% CPU
Optimizing NNI: done in 2.43214 secs using 1524% CPU
Optimizing NNI: done in 0.814095 secs using 1587% CPU
Optimizing NNI: done in 1.10328 secs using 1587% CPU
Optimizing NNI: done in 0.663447 secs using 1589% CPU
Optimizing NNI: done in 0.898188 secs using 1587% CPU
Optimizing NNI: done in 0.90672 secs using 1588% CPU
Optimizing NNI: done in 1.2812 secs using 1586% CPU
Iteration 80 / LogL: -6639.343 / Time: 0h:1m:23s (0h:1m:34s left)
Optimizing NNI: done in 0.884121 secs using 1588% CPU
Optimizing NNI: done in 0.55575 secs using 1590% CPU
Optimizing NNI: done in 1.0858 secs using 1587% CPU
Optimizing NNI: done in 1.48958 secs using 1528% CPU
Optimizing NNI: done in 1.06602 secs using 1585% CPU
Optimizing NNI: done in 0.606325 secs using 1587% CPU
Optimizing NNI: done in 0.704462 secs using 1589% CPU
Optimizing NNI: done in 0.602559 secs using 1587% CPU
Optimizing NNI: done in 0.963724 secs using 1588% CPU
Optimizing NNI: done in 0.984838 secs using 1588% CPU
Iteration 90 / LogL: -6639.345 / Time: 0h:1m:32s (0h:1m:23s left)
Optimizing NNI: done in 0.661536 secs using 1589% CPU
Optimizing NNI: done in 1.02549 secs using 1585% CPU
Optimizing NNI: done in 0.562908 secs using 1588% CPU
Optimizing NNI: done in 0.81474 secs using 1587% CPU
Optimizing NNI: done in 0.901839 secs using 1587% CPU
Optimizing NNI: done in 1.2371 secs using 1588% CPU
Optimizing NNI: done in 0.602071 secs using 1587% CPU
Optimizing NNI: done in 0.755197 secs using 1585% CPU
Optimizing NNI: done in 1.0393 secs using 1587% CPU
Optimizing NNI: done in 0.725456 secs using 1588% CPU
Iteration 100 / LogL: -6640.669 / Time: 0h:1m:41s (0h:1m:11s left)
Log-likelihood cutoff on original alignment: -6693.731
NOTE: Bootstrap correlation coefficient of split occurrence frequencies: 0.991
Optimizing NNI: done in 0.706164 secs using 1587% CPU
Optimizing NNI: done in 0.782172 secs using 1587% CPU
Optimizing NNI: done in 0.609421 secs using 1587% CPU
Optimizing NNI: done in 1.07641 secs using 1586% CPU
Optimizing NNI: done in 0.961657 secs using 1587% CPU
Optimizing NNI: done in 1.01997 secs using 1588% CPU
Optimizing NNI: done in 0.749113 secs using 1588% CPU
Optimizing NNI: done in 0.910291 secs using 1589% CPU
Optimizing NNI: done in 0.562447 secs using 1587% CPU
Optimizing NNI: done in 1.14387 secs using 1588% CPU
Iteration 110 / LogL: -6643.323 / Time: 0h:1m:50s (0h:1m:29s left)
Optimizing NNI: done in 0.641948 secs using 1589% CPU
Optimizing NNI: done in 1.00116 secs using 1588% CPU
Optimizing NNI: done in 0.669844 secs using 1588% CPU
Optimizing NNI: done in 1.05926 secs using 1588% CPU
Optimizing NNI: done in 0.873287 secs using 1588% CPU
Optimizing NNI: done in 0.709872 secs using 1586% CPU
Optimizing NNI: done in 0.715888 secs using 1586% CPU
Optimizing NNI: done in 0.770779 secs using 1586% CPU
Optimizing NNI: done in 0.709994 secs using 1585% CPU
Optimizing NNI: done in 0.916113 secs using 1585% CPU
Iteration 120 / LogL: -6643.029 / Time: 0h:1m:58s (0h:1m:18s left)
Optimizing NNI: done in 0.753772 secs using 1586% CPU
Optimizing NNI: done in 0.713135 secs using 1586% CPU
Optimizing NNI: done in 0.721875 secs using 1588% CPU
Optimizing NNI: done in 0.697695 secs using 1588% CPU
Optimizing NNI: done in 0.736705 secs using 1587% CPU
Optimizing NNI: done in 1.31764 secs using 1586% CPU
Optimizing NNI: done in 0.715771 secs using 1584% CPU
Optimizing NNI: done in 0.880206 secs using 1585% CPU
Optimizing NNI: done in 0.775577 secs using 1588% CPU
Optimizing NNI: done in 0.827482 secs using 1586% CPU
Iteration 130 / LogL: -6656.773 / Time: 0h:2m:6s (0h:1m:7s left)
Optimizing NNI: done in 0.725514 secs using 1586% CPU
Optimizing NNI: done in 1.08218 secs using 1587% CPU
Optimizing NNI: done in 0.727517 secs using 1589% CPU
Optimizing NNI: done in 1.02563 secs using 1588% CPU
Optimizing NNI: done in 0.772127 secs using 1586% CPU
Optimizing NNI: done in 1.17967 secs using 1587% CPU
Optimizing NNI: done in 0.643092 secs using 1587% CPU
Optimizing NNI: done in 0.46177 secs using 1588% CPU
Optimizing NNI: done in 0.916318 secs using 1587% CPU
Optimizing NNI: done in 1.02955 secs using 1588% CPU
Iteration 140 / LogL: -6648.825 / Time: 0h:2m:15s (0h:0m:57s left)
Optimizing NNI: done in 0.928086 secs using 1588% CPU
Optimizing NNI: done in 1.12199 secs using 1588% CPU
Optimizing NNI: done in 0.736965 secs using 1588% CPU
Optimizing NNI: done in 0.672477 secs using 1586% CPU
Optimizing NNI: done in 0.935935 secs using 1587% CPU
Optimizing NNI: done in 0.603956 secs using 1589% CPU
Optimizing NNI: done in 0.661957 secs using 1587% CPU
Optimizing NNI: done in 0.892546 secs using 1590% CPU
Optimizing NNI: done in 2.63517 secs using 1516% CPU
Optimizing NNI: done in 0.689347 secs using 1590% CPU
Iteration 150 / LogL: -6645.196 / Time: 0h:2m:25s (0h:0m:48s left)
Log-likelihood cutoff on original alignment: -6693.731
Optimizing NNI: done in 0.77389 secs using 1587% CPU
Optimizing NNI: done in 0.998614 secs using 1588% CPU
Optimizing NNI: done in 0.651661 secs using 1587% CPU
Optimizing NNI: done in 1.29149 secs using 1585% CPU
Optimizing NNI: done in 0.803305 secs using 1587% CPU
Optimizing NNI: done in 0.764587 secs using 1586% CPU
Optimizing NNI: done in 0.839224 secs using 1588% CPU
Optimizing NNI: done in 0.702882 secs using 1588% CPU
Optimizing NNI: done in 0.670001 secs using 1588% CPU
Optimizing NNI: done in 0.729566 secs using 1588% CPU
Iteration 160 / LogL: -6650.148 / Time: 0h:2m:34s (0h:0m:38s left)
Optimizing NNI: done in 0.597814 secs using 1588% CPU
Optimizing NNI: done in 0.783064 secs using 1588% CPU
Optimizing NNI: done in 0.962585 secs using 1586% CPU
Optimizing NNI: done in 0.48963 secs using 1589% CPU
Optimizing NNI: done in 0.929402 secs using 1566% CPU
Optimizing NNI: done in 0.676407 secs using 1589% CPU
Optimizing NNI: done in 1.04548 secs using 1586% CPU
Optimizing NNI: done in 1.27729 secs using 1588% CPU
Optimizing NNI: done in 0.983279 secs using 1587% CPU
Estimate model parameters (epsilon = 0.100)
BETTER TREE FOUND at iteration 169: -6639.231
Optimizing NNI: done in 0.940497 secs using 1588% CPU
Iteration 170 / LogL: -6652.912 / Time: 0h:2m:43s (0h:1m:34s left)
Optimizing NNI: done in 0.716132 secs using 1587% CPU
Optimizing NNI: done in 0.846225 secs using 1587% CPU
Optimizing NNI: done in 0.782871 secs using 1589% CPU
Optimizing NNI: done in 1.14988 secs using 1588% CPU
Optimizing NNI: done in 1.06538 secs using 1587% CPU
Optimizing NNI: done in 0.829006 secs using 1587% CPU
Optimizing NNI: done in 0.600284 secs using 1590% CPU
Optimizing NNI: done in 0.511779 secs using 1588% CPU
Optimizing NNI: done in 0.676352 secs using 1588% CPU
Optimizing NNI: done in 0.763889 secs using 1586% CPU
Iteration 180 / LogL: -6639.233 / Time: 0h:2m:51s (0h:1m:24s left)
Optimizing NNI: done in 0.932883 secs using 1587% CPU
Optimizing NNI: done in 0.967438 secs using 1589% CPU
Optimizing NNI: done in 0.706461 secs using 1588% CPU
Optimizing NNI: done in 0.786029 secs using 1590% CPU
Optimizing NNI: done in 1.05061 secs using 1591% CPU
Optimizing NNI: done in 0.957003 secs using 1590% CPU
Optimizing NNI: done in 1.22824 secs using 1588% CPU
Optimizing NNI: done in 1.07991 secs using 1589% CPU
Optimizing NNI: done in 0.825216 secs using 1588% CPU
Optimizing NNI: done in 0.964773 secs using 1589% CPU
Iteration 190 / LogL: -6665.995 / Time: 0h:3m:1s (0h:1m:14s left)
Optimizing NNI: done in 0.586865 secs using 1588% CPU
Optimizing NNI: done in 0.791682 secs using 1586% CPU
Optimizing NNI: done in 0.759988 secs using 1587% CPU
Optimizing NNI: done in 0.725706 secs using 1588% CPU
Optimizing NNI: done in 1.19206 secs using 1588% CPU
Optimizing NNI: done in 1.09015 secs using 1586% CPU
Optimizing NNI: done in 1.10548 secs using 1585% CPU
Optimizing NNI: done in 1.01292 secs using 1587% CPU
Optimizing NNI: done in 0.72063 secs using 1588% CPU
Optimizing NNI: done in 0.833851 secs using 1588% CPU
Iteration 200 / LogL: -6639.347 / Time: 0h:3m:10s (0h:1m:5s left)
Log-likelihood cutoff on original alignment: -6693.731
NOTE: Bootstrap correlation coefficient of split occurrence frequencies: 0.997
Optimizing NNI: done in 1.02689 secs using 1589% CPU
Optimizing NNI: done in 0.632511 secs using 1588% CPU
Optimizing NNI: done in 1.81516 secs using 1560% CPU
Optimizing NNI: done in 3.65063 secs using 1504% CPU
Optimizing NNI: done in 0.724268 secs using 1590% CPU
Optimizing NNI: done in 1.18247 secs using 1588% CPU
Optimizing NNI: done in 0.925075 secs using 1588% CPU
Optimizing NNI: done in 0.578739 secs using 1589% CPU
Optimizing NNI: done in 0.925178 secs using 1587% CPU
Optimizing NNI: done in 0.702442 secs using 1587% CPU
Iteration 210 / LogL: -6658.643 / Time: 0h:3m:22s (0h:1m:26s left)
Optimizing NNI: done in 0.650459 secs using 1589% CPU
Optimizing NNI: done in 0.701781 secs using 1588% CPU
Optimizing NNI: done in 0.707396 secs using 1587% CPU
Optimizing NNI: done in 1.06429 secs using 1588% CPU
Optimizing NNI: done in 0.573213 secs using 1587% CPU
Optimizing NNI: done in 0.856769 secs using 1589% CPU
Optimizing NNI: done in 0.760095 secs using 1586% CPU
Optimizing NNI: done in 1.01144 secs using 1550% CPU
Optimizing NNI: done in 0.844089 secs using 1588% CPU
Optimizing NNI: done in 0.96326 secs using 1518% CPU
Iteration 220 / LogL: -6645.851 / Time: 0h:3m:31s (0h:1m:16s left)
Optimizing NNI: done in 1.02265 secs using 1588% CPU
Optimizing NNI: done in 0.800602 secs using 1588% CPU
Optimizing NNI: done in 0.617079 secs using 1588% CPU
Optimizing NNI: done in 1.07122 secs using 1589% CPU
Optimizing NNI: done in 0.669399 secs using 1586% CPU
Optimizing NNI: done in 0.770161 secs using 1588% CPU
Optimizing NNI: done in 0.76732 secs using 1587% CPU
Optimizing NNI: done in 0.934758 secs using 1587% CPU
Optimizing NNI: done in 0.625667 secs using 1586% CPU
Optimizing NNI: done in 0.587039 secs using 1588% CPU
Iteration 230 / LogL: -6639.372 / Time: 0h:3m:39s (0h:1m:6s left)
Optimizing NNI: done in 0.790274 secs using 1587% CPU
Optimizing NNI: done in 1.00045 secs using 1589% CPU
Optimizing NNI: done in 0.763988 secs using 1588% CPU
Optimizing NNI: done in 0.66989 secs using 1589% CPU
Optimizing NNI: done in 0.98493 secs using 1588% CPU
Optimizing NNI: done in 0.686143 secs using 1588% CPU
Optimizing NNI: done in 1.23072 secs using 1586% CPU
Optimizing NNI: done in 0.89296 secs using 1588% CPU
Optimizing NNI: done in 0.753993 secs using 1588% CPU
Optimizing NNI: done in 0.565296 secs using 1589% CPU
Iteration 240 / LogL: -6648.720 / Time: 0h:3m:48s (0h:0m:56s left)
Optimizing NNI: done in 0.680229 secs using 1588% CPU
Optimizing NNI: done in 1.1301 secs using 1588% CPU
Optimizing NNI: done in 1.07503 secs using 1588% CPU
Optimizing NNI: done in 0.715032 secs using 1588% CPU
Optimizing NNI: done in 0.924392 secs using 1588% CPU
Optimizing NNI: done in 0.633878 secs using 1589% CPU
Optimizing NNI: done in 0.85909 secs using 1588% CPU
Optimizing NNI: done in 1.92286 secs using 1521% CPU
Optimizing NNI: done in 0.564469 secs using 1589% CPU
Optimizing NNI: done in 0.45024 secs using 1589% CPU
Iteration 250 / LogL: -6639.232 / Time: 0h:3m:57s (0h:0m:47s left)
Log-likelihood cutoff on original alignment: -6693.731
Optimizing NNI: done in 0.817593 secs using 1588% CPU
Optimizing NNI: done in 1.09228 secs using 1587% CPU
Optimizing NNI: done in 0.994583 secs using 1589% CPU
Optimizing NNI: done in 0.554906 secs using 1587% CPU
Optimizing NNI: done in 0.790466 secs using 1587% CPU
Optimizing NNI: done in 0.849867 secs using 1589% CPU
Optimizing NNI: done in 0.870051 secs using 1587% CPU
Optimizing NNI: done in 0.815377 secs using 1574% CPU
Optimizing NNI: done in 1.12316 secs using 1588% CPU
Optimizing NNI: done in 0.762761 secs using 1589% CPU
Iteration 260 / LogL: -6639.235 / Time: 0h:4m:6s (0h:0m:37s left)
Optimizing NNI: done in 0.804801 secs using 1580% CPU
Optimizing NNI: done in 0.685545 secs using 1589% CPU
Optimizing NNI: done in 1.02581 secs using 1586% CPU
Optimizing NNI: done in 0.955621 secs using 1584% CPU
Optimizing NNI: done in 0.77528 secs using 1588% CPU
Optimizing NNI: done in 1.13511 secs using 1587% CPU
Optimizing NNI: done in 1.2516 secs using 1578% CPU
Optimizing NNI: done in 0.880114 secs using 1588% CPU
Optimizing NNI: done in 0.95404 secs using 1531% CPU
Optimizing NNI: done in 0.703255 secs using 1590% CPU
Iteration 270 / LogL: -6639.235 / Time: 0h:4m:16s (0h:0m:28s left)
TREE SEARCH COMPLETED AFTER 270 ITERATIONS / Time: 0h:4m:16s

--------------------------------------------------------------------
|                    FINALIZING TREE SEARCH                        |
--------------------------------------------------------------------
Performs final model parameters optimization
Estimate model parameters (epsilon = 0.010)
1. Initial log-likelihood: -6639.231
Optimal log-likelihood: -6639.231
Gamma shape alpha: 1.152
Parameters optimization took 1 rounds (0.046 sec)
BEST SCORE FOUND : -6639.231
Creating bootstrap support values...
Split supports printed to NEXUS file results/per_year_clustered/H3N2/trees/H3N2_2024.splits.nex
Total tree length: 2.347

Total number of iterations: 270
CPU time used for tree search: 3795.534 sec (1h:3m:15s)
Wall-clock time used for tree search: 243.890 sec (0h:4m:3s)
Total CPU time used: 3965.319 sec (1h:6m:5s)
Total wall-clock time used: 256.543 sec (0h:4m:16s)

Computing bootstrap consensus tree...
Reading input file results/per_year_clustered/H3N2/trees/H3N2_2024.splits.nex...
105 taxa and 2861 splits.
Consensus tree written to results/per_year_clustered/H3N2/trees/H3N2_2024.contree
Reading input trees file results/per_year_clustered/H3N2/trees/H3N2_2024.contree
Log-likelihood of consensus tree: -6639.361

Analysis results written to: 
  IQ-TREE report:                results/per_year_clustered/H3N2/trees/H3N2_2024.iqtree
  Maximum-likelihood tree:       results/per_year_clustered/H3N2/trees/H3N2_2024.treefile
  Likelihood distances:          results/per_year_clustered/H3N2/trees/H3N2_2024.mldist

Ultrafast bootstrap approximation results written to:
  Split support values:          results/per_year_clustered/H3N2/trees/H3N2_2024.splits.nex
  Consensus tree:                results/per_year_clustered/H3N2/trees/H3N2_2024.contree
  Screen log file:               results/per_year_clustered/H3N2/trees/H3N2_2024.log

Date and Time: Thu Nov 20 18:59:50 2025
