IQ-TREE version 3.0.1 for Linux x86 64-bit built Jul  9 2025
Developed by Bui Quang Minh, Thomas Wong, Nhan Ly-Trong, Huaiyan Ren
Contributed by Lam-Tung Nguyen, Dominik Schrempf, Chris Bielow,
Olga Chernomor, Michael Woodhams, Diep Thi Hoang, Heiko Schmidt

Host:    rtis-hpc-r01.uod.otago.ac.nz (AVX2, FMA3, 1007 GB RAM)
Command: iqtree -s results/per_year_clustered/H3N2/alignments/H3N2_2015_aligned.fasta -m LG+G4 -te results/per_year_clustered/H3N2/trees/H3N2_2015.treefile -asr -pre results/per_year_clustered/H3N2/trees/H3N2_2015_asr -redo -quiet
Seed:    279150 (Using SPRNG - Scalable Parallel Random Number Generator)
Time:    Sat Nov 22 10:55:05 2025
Kernel:  AVX+FMA - 1 threads (8 CPU cores detected)

HINT: Use -nt option to specify number of threads because your CPU has 8 cores!
HINT: -nt AUTO will automatically determine the best number of threads to use.

Reading alignment file results/per_year_clustered/H3N2/alignments/H3N2_2015_aligned.fasta ... Fasta format detected
Reading fasta file: done in 0.000358853 secs using 99.76% CPU
Alignment most likely contains protein sequences
Constructing alignment: done in 0.000318387 secs using 99.88% CPU
Alignment has 34 sequences with 578 columns, 278 distinct patterns
324 parsimony-informative, 17 singleton sites, 237 constant sites
                                                                 Gap/Ambiguity  Composition  p-value
Analyzing sequences: done in 3.1719e-05 secs using 100.9% CPU
   1  EPI646110|HA|A/OKAYAMA/2/2015|EPI_ISL_196619|A_/_H3N2              2.08%    passed    100.00%
   2  EPI646574|HA|A/Ulaanbaatar/330/2015|EPI_ISL_197078|A_/_H3N2        2.08%    passed    100.00%
   3  EPI817207|HA|A/Bishkek/124/2015|EPI_ISL_230784|A_/_H3N2            2.08%    passed    100.00%
   4  EPI671872|HA|A/Japan/4747/2015|EPI_ISL_201457|A_/_H3N2             2.08%    passed    100.00%
   5  EPI671886|HA|A/Japan/4761/2015|EPI_ISL_201471|A_/_H3N2             2.08%    passed    100.00%
   6  EPI857614|HA|A/Sri_Lanka/61/2015|EPI_ISL_237368|A_/_H3N2           2.08%    passed    100.00%
   7  EPI704157|HA|A/Malaysia/50142/2015|EPI_ISL_209067|A_/_H3N2         2.08%    passed    100.00%
   8  EPI706577|HA|A/Laos/I1002/2015|EPI_ISL_210359|A_/_H3N2             2.08%    passed    100.00%
   9  EPI726898|HA|A/TOCHIGI/15115/2015|EPI_ISL_215163|A_/_H3N2          2.08%    passed    100.00%
  10  EPI730521|HA|A/Singapore/TT137/2015|EPI_ISL_215701|A_/_H3N2        2.08%    passed    100.00%
  11  EPI731182|HA|A/Singapore/GP548/2015|EPI_ISL_215834|A_/_H3N2        2.08%    passed    100.00%
  12  EPI940619|HA|A/Thailand/CU-B11566/2015|EPI_ISL_252426|A_/_H3N2     2.08%    passed    100.00%
  13  EPI940631|HA|A/Thailand/CU-B11870/2015|EPI_ISL_252438|A_/_H3N2     2.08%    passed    100.00%
  14  EPI940656|HA|A/Thailand/CU-B13914/2015|EPI_ISL_252463|A_/_H3N2     2.08%    passed    100.00%
  15  EPI966155|HA|A/Saudi_Arabia/31/2015|EPI_ISL_257212|A_/_H3N2        2.08%    passed    100.00%
  16  EPI806286|HA|A/Ishikawa/JP-153/2015|EPI_ISL_229129|A_/_H3N2        2.08%    passed    100.00%
  17  EPI806285|HA|A/Tokushima/JP-143/2015|EPI_ISL_229128|A_/_H3N2       2.08%    passed    100.00%
  18  EPI806295|HA|A/Ishikawa/DS-217/2015|EPI_ISL_229138|A_/_H3N2        2.08%    passed    100.00%
  19  EPI806300|HA|A/Hyogo/DS-282v/2015|EPI_ISL_229143|A_/_H3N2          2.08%    passed    100.00%
  20  EPI806299|HA|A/Ishikawa/DS-276v/2015|EPI_ISL_229142|A_/_H3N2       2.08%    passed    100.00%
  21  EPI806306|HA|A/Fukuoka/DS-323v/2015|EPI_ISL_229149|A_/_H3N2        2.08%    passed    100.00%
  22  EPI806305|HA|A/Tokushima/DS-317v/2015|EPI_ISL_229148|A_/_H3N2      2.08%    passed    100.00%
  23  EPI806315|HA|A/Kanagawa/DS-448v/2015|EPI_ISL_229158|A_/_H3N2       2.08%    passed    100.00%
  24  EPI567130|HA|A/Catalonia/2235968NS/2015|EPI_ISL_173167|A_/_H3N2    2.08%    passed    100.00%
  25  EPI574571|HA|A/England/20/2015|EPI_ISL_175014|A_/_H3N2             2.08%    passed    100.00%
  26  EPI652073|HA|A/South_Australia/37/2015|EPI_ISL_197873|A_/_H3N2     2.08%    passed    100.00%
  27  EPI676011|HA|A/Victoria/36/2015|EPI_ISL_202632|A_/_H3N2            2.08%    passed    100.00%
  28  EPI676032|HA|A/Victoria/48/2015|EPI_ISL_202639|A_/_H3N2            2.08%    passed    100.00%
  29  EPI688416|HA|A/South_Australia/21/2015|EPI_ISL_206150|A_/_H3N2     2.08%    passed    100.00%
  30  EPI746392|HA|A/Brisbane/174/2015|EPI_ISL_219025|A_/_H3N2           2.08%    passed    100.00%
  31  EPI679237|HA|A/England/54480152/2015|EPI_ISL_203380|A_/_H1N1       2.08%    passed     28.18%
  32  EPI875186|HA|A/England/55341145/2015|EPI_ISL_240948|A_/_H1N1       2.08%    passed     37.03%
  33  EPI875242|HA|A/England/461/2015|EPI_ISL_240955|A_/_H1N1            2.08%    passed     18.19%
  34  EPI625636|HA|A/Dnipropetrovsk/439/2015|EPI_ISL_192067|A_/_H1N1     2.08%    passed     27.33%
****  TOTAL                                                              2.08%  0 sequences failed composition chi2 test (p-value<5%; df=19)
Reading input tree file results/per_year_clustered/H3N2/trees/H3N2_2015.treefile ...

NOTE: 6 MB RAM (0 GB) is required!
Estimate model parameters (epsilon = 0.010)
1. Initial log-likelihood: -4298.796
2. Current log-likelihood: -4295.320
3. Current log-likelihood: -4294.515
4. Current log-likelihood: -4294.361
5. Current log-likelihood: -4294.327
Optimal log-likelihood: -4294.319
Gamma shape alpha: 0.697
Parameters optimization took 5 rounds (0.559 sec)
Wrote distance file to... 
BEST SCORE FOUND : -4294.319
Ancestral state probabilities printed to results/per_year_clustered/H3N2/trees/H3N2_2015_asr.state
Total tree length: 2.255

Total number of iterations: 0
CPU time used for tree search: 0.000 sec (0h:0m:0s)
Wall-clock time used for tree search: 0.000 sec (0h:0m:0s)
Total CPU time used: 0.688 sec (0h:0m:0s)
Total wall-clock time used: 0.733 sec (0h:0m:0s)

Analysis results written to: 
  IQ-TREE report:                results/per_year_clustered/H3N2/trees/H3N2_2015_asr.iqtree
  Maximum-likelihood tree:       results/per_year_clustered/H3N2/trees/H3N2_2015_asr.treefile
  Ancestral state:               results/per_year_clustered/H3N2/trees/H3N2_2015_asr.state
  Screen log file:               results/per_year_clustered/H3N2/trees/H3N2_2015_asr.log

Date and Time: Sat Nov 22 10:55:06 2025
