IQ-TREE version 3.0.1 for Linux x86 64-bit built Jul  9 2025
Developed by Bui Quang Minh, Thomas Wong, Nhan Ly-Trong, Huaiyan Ren
Contributed by Lam-Tung Nguyen, Dominik Schrempf, Chris Bielow,
Olga Chernomor, Michael Woodhams, Diep Thi Hoang, Heiko Schmidt

Host:    rtis-hpc-r01.uod.otago.ac.nz (AVX2, FMA3, 1007 GB RAM)
Command: iqtree -s results/per_year_clustered/H3N2/alignments/H3N2_2018_aligned.fasta -m LG+G4 -te results/per_year_clustered/H3N2/trees/H3N2_2018.treefile -asr -pre results/per_year_clustered/H3N2/trees/H3N2_2018_asr -redo -quiet
Seed:    73234 (Using SPRNG - Scalable Parallel Random Number Generator)
Time:    Sat Nov 22 10:58:34 2025
Kernel:  AVX+FMA - 1 threads (8 CPU cores detected)

HINT: Use -nt option to specify number of threads because your CPU has 8 cores!
HINT: -nt AUTO will automatically determine the best number of threads to use.

Reading alignment file results/per_year_clustered/H3N2/alignments/H3N2_2018_aligned.fasta ... Fasta format detected
Reading fasta file: done in 0.000500999 secs using 49.9% CPU
Alignment most likely contains protein sequences
Constructing alignment: done in 0.000390892 secs using 49.89% CPU
Alignment has 59 sequences with 578 columns, 320 distinct patterns
322 parsimony-informative, 39 singleton sites, 217 constant sites
                                                                        Gap/Ambiguity  Composition  p-value
Analyzing sequences: done in 5.29597e-05 secs using 98.19% CPU
   1  EPI1899327|HA|A/Thailand/B29296/2018|EPI_ISL_4064286|A_/_H3N2             2.08%    passed    100.00%
   2  EPI1899335|HA|A/Thailand/B30632/2018|EPI_ISL_4064287|A_/_H3N2             2.08%    passed    100.00%
   3  EPI1478195|HA|A/GUNMA/114/2018|EPI_ISL_361864|A_/_H3N2                    2.08%    passed    100.00%
   4  EPI1310465|HA|A/Abu_Dhabi/014/2018|EPI_ISL_329832|A_/_H3N2                2.08%    passed    100.00%
   5  EPI1482887|HA|A/Taiwan/81051/2018|EPI_ISL_362647|A_/_H3N2                 2.08%    passed    100.00%
   6  EPI1482879|HA|A/Taiwan/79795/2018|EPI_ISL_362646|A_/_H3N2                 2.08%    passed    100.00%
   7  EPI1315822|HA|A/Philippines/44/2018|EPI_ISL_330736|A_/_H3N2               2.08%    passed    100.00%
   8  EPI1316661|HA|A/Maldives/1001/2018|EPI_ISL_330906|A_/_H3N2                2.08%    passed    100.00%
   9  EPI1319766|HA|A/Oman/3329/2018|EPI_ISL_331355|A_/_H3N2                    2.08%    passed    100.00%
  10  EPI1319800|HA|A/Saudi_Arabia/604532786/2018|EPI_ISL_331372|A_/_H3N2       2.08%    passed    100.00%
  11  EPI1335535|HA|A/YOKOHAMA/112/2018|EPI_ISL_333926|A_/_H3N2                 2.08%    passed    100.00%
  12  EPI1335515|HA|A/KANAGAWA/85/2018|EPI_ISL_333921|A_/_H3N2                  2.08%    passed    100.00%
  13  EPI1336988|HA|A/Abu_Dhabi/134/2018|EPI_ISL_334156|A_/_H3N2                2.08%    passed    100.00%
  14  EPI1343237|HA|A/Vietnam/190/2018|EPI_ISL_335668|A_/_H3N2                  2.08%    passed    100.00%
  15  EPI2047663|HA|A/Myanmar/18M66/2018|EPI_ISL_12951803|A_/_H3N2              2.08%    passed    100.00%
  16  EPI1351533|HA|A/ISHIKAWA/78/2018|EPI_ISL_336967|A_/_H3N2                  2.08%    passed    100.00%
  17  EPI1351513|HA|A/HIROSHIMA/73/2018|EPI_ISL_336962|A_/_H3N2                 2.08%    passed    100.00%
  18  EPI1210250|HA|A/Kazakhstan/103/2018|EPI_ISL_305845|A_/_H3N2               2.08%    passed    100.00%
  19  EPI1358998|HA|A/Philippines/48/2018|EPI_ISL_339064|A_/_H3N2               2.08%    passed    100.00%
  20  EPI1804615|HA|A/Myanmar/18M090/2018|EPI_ISL_536403|A_/_H3N2               2.08%    passed    100.00%
  21  EPI1365958|HA|A/Singapore/KK0699/2018|EPI_ISL_340479|A_/_H3N2             2.08%    passed    100.00%
  22  EPI1369190|HA|A/Nakhonsithammarat/336/2018|EPI_ISL_341170|A_/_H3N2        2.08%    passed    100.00%
  23  EPI1370427|HA|A/Chungbuk/1917/2018|EPI_ISL_341448|A_/_H3N2                2.08%    passed    100.00%
  24  EPI1224383|HA|A/KANAGAWA/IC1725/2018|EPI_ISL_308930|A_/_H3N2              2.08%    passed    100.00%
  25  EPI1241657|HA|A/NIIGATA-C/1/2018|EPI_ISL_311962|A_/_H3N2                  2.08%    passed    100.00%
  26  EPI1243337|HA|A/Ankara/110/2018|EPI_ISL_312306|A_/_H3N2                   2.08%    passed    100.00%
  27  EPI1550154|HA|A/Malaysia/RP4242/2018|EPI_ISL_378558|A_/_H3N2              2.08%    passed    100.00%
  28  EPI1385788|HA|A/Vietnam/Lisn18022/2018|EPI_ISL_346042|A_/_H3N2            2.08%    passed    100.00%
  29  EPI2153930|HA|A/Saudi_Arabia/VRG-55/2018|EPI_ISL_14835629|A_/_H3N2        2.08%    passed    100.00%
  30  EPI1272579|HA|A/Singapore/GP0454/2018|EPI_ISL_320960|A_/_H3N2             2.08%    passed    100.00%
  31  EPI1594423|HA|A/Singapore/GP2364/2018|EPI_ISL_391579|A_/_H3N2             2.08%    passed    100.00%
  32  EPI1315673|HA|A/Zaragoza/1528894/2018|EPI_ISL_330683|A_/_H3N2             2.08%    passed    100.00%
  33  EPI1173524|HA|A/England/80220360/2018|EPI_ISL_298073|A_/_H3N2             2.08%    passed    100.00%
  34  EPI1337103|HA|A/Sundsvall/1/2018|EPI_ISL_334183|A_/_H3N2                  2.08%    passed    100.00%
  35  EPI1337095|HA|A/Linkoping/58/2018|EPI_ISL_334182|A_/_H3N2                 2.08%    passed    100.00%
  36  EPI1188953|HA|A/England/80420847/2018|EPI_ISL_301474|A_/_H3N2             2.08%    passed    100.00%
  37  EPI1189308|HA|A/England/80520648/2018|EPI_ISL_301542|A_/_H3N2             2.08%    passed    100.00%
  38  EPI1203826|HA|A/England/80900492/2018|EPI_ISL_304782|A_/_H3N2             2.08%    passed    100.00%
  39  EPI1392930|HA|A/England/754/2018|EPI_ISL_347143|A_/_H3N2                  2.08%    passed    100.00%
  40  EPI1796769|HA|A/England/190161213/2018|EPI_ISL_513957|A_/_H3N2            2.08%    passed    100.00%
  41  EPI1275634|HA|A/Swansea/0699/2018|EPI_ISL_321581|A_/_H3N2                 2.08%    passed    100.00%
  42  EPI1311774|HA|A/Sydney/22/2018|EPI_ISL_330026|A_/_H3N2                    2.08%    passed    100.00%
  43  EPI1613517|HA|A/Perth/4/2018|EPI_ISL_396452|A_/_H3N2                      2.08%    passed    100.00%
  44  EPI1613693|HA|A/South_Australia/117/2018|EPI_ISL_396474|A_/_H3N2          2.08%    passed    100.00%
  45  EPI1614141|HA|A/South_Australia/22/2018|EPI_ISL_396530|A_/_H3N2           2.08%    passed    100.00%
  46  EPI1614493|HA|A/South_Australia/85/2018|EPI_ISL_396574|A_/_H3N2           2.08%    passed     99.90%
  47  EPI1614485|HA|A/South_Australia/82/2018|EPI_ISL_396573|A_/_H3N2           2.08%    passed    100.00%
  48  EPI1614597|HA|A/Sydney/1000/2018|EPI_ISL_396587|A_/_H3N2                  2.08%    passed    100.00%
  49  EPI1328675|HA|A/Christchurch/522/2018|EPI_ISL_332736|A_/_H3N2             2.08%    passed    100.00%
  50  EPI1631894|HA|A/Newcastle/82/2018|EPI_ISL_398938|A_/_H3N2                 2.08%    passed    100.00%
  51  EPI1158115|HA|A/Catalonia/NSVH100752088/2018|EPI_ISL_295029|A_/_H1N1      2.08%    passed     42.73%
  52  EPI1310082|HA|A/Northern_Ireland/16810/2018|EPI_ISL_329757|A_/_H1N1       2.08%    passed     34.52%
  53  EPI1313536|HA|A/Cardiff/4607/2018|EPI_ISL_330359|A_/_H1N1                 2.08%    passed     25.43%
  54  EPI1318120|HA|A/Swansea/2666/2018|EPI_ISL_331112|A_/_H1N1                 2.08%    passed     25.52%
  55  EPI1328481|HA|A/Abertillery/6649/2018|EPI_ISL_332689|A_/_H1N1             2.08%    passed     17.71%
  56  EPI1354827|HA|A/Switzerland/8061/2018|EPI_ISL_338116|A_/_H1N1             2.08%    passed     47.86%
  57  EPI2184776|HA|A/Catalonia/NSVH100809538/2018|EPI_ISL_15083894|A_/_H1N1    2.08%    passed     32.97%
  58  EPI1215686|HA|A/Sweden/15/2018|EPI_ISL_307076|A_/_H1N1                    2.08%    passed     50.22%
  59  EPI1258963|HA|A/Dnipro/409/2018|EPI_ISL_315701|A_/_H1N1                   2.08%    passed     26.32%
****  TOTAL                                                                     2.08%  0 sequences failed composition chi2 test (p-value<5%; df=19)
Reading input tree file results/per_year_clustered/H3N2/trees/H3N2_2018.treefile ...

NOTE: 12 MB RAM (0 GB) is required!
Estimate model parameters (epsilon = 0.010)
1. Initial log-likelihood: -5348.994
2. Current log-likelihood: -5342.568
3. Current log-likelihood: -5341.184
4. Current log-likelihood: -5340.975
5. Current log-likelihood: -5340.932
Optimal log-likelihood: -5340.921
Gamma shape alpha: 0.659
Parameters optimization took 5 rounds (1.214 sec)
Wrote distance file to... 
BEST SCORE FOUND : -5340.921
Ancestral state probabilities printed to results/per_year_clustered/H3N2/trees/H3N2_2018_asr.state
Total tree length: 2.732

Total number of iterations: 0
CPU time used for tree search: 0.000 sec (0h:0m:0s)
Wall-clock time used for tree search: 0.000 sec (0h:0m:0s)
Total CPU time used: 1.433 sec (0h:0m:1s)
Total wall-clock time used: 1.511 sec (0h:0m:1s)

Analysis results written to: 
  IQ-TREE report:                results/per_year_clustered/H3N2/trees/H3N2_2018_asr.iqtree
  Maximum-likelihood tree:       results/per_year_clustered/H3N2/trees/H3N2_2018_asr.treefile
  Ancestral state:               results/per_year_clustered/H3N2/trees/H3N2_2018_asr.state
  Screen log file:               results/per_year_clustered/H3N2/trees/H3N2_2018_asr.log

Date and Time: Sat Nov 22 10:58:35 2025
