IQ-TREE version 3.0.1 for Linux x86 64-bit built Jul  9 2025
Developed by Bui Quang Minh, Thomas Wong, Nhan Ly-Trong, Huaiyan Ren
Contributed by Lam-Tung Nguyen, Dominik Schrempf, Chris Bielow,
Olga Chernomor, Michael Woodhams, Diep Thi Hoang, Heiko Schmidt

Host:    rtis-hpc-r01.uod.otago.ac.nz (AVX2, FMA3, 1007 GB RAM)
Command: iqtree -s results/per_year_clustered/H3N2/alignments/H3N2_2020_with_designs.fasta -m LG+G4 -bb 1000 -nt 8 -pre results/per_year_clustered/H3N2/trees/H3N2_2020_with_designs -redo -quiet
Seed:    761365 (Using SPRNG - Scalable Parallel Random Number Generator)
Time:    Sat Nov 22 11:01:35 2025
Kernel:  AVX+FMA - 8 threads (8 CPU cores detected)

Reading alignment file results/per_year_clustered/H3N2/alignments/H3N2_2020_with_designs.fasta ... Fasta format detected
Reading fasta file: done in 0.000148088 secs using 66.18% CPU
Alignment most likely contains protein sequences
Constructing alignment: done in 0.000303169 secs using 98.95% CPU
Alignment has 15 sequences with 579 columns, 284 distinct patterns
319 parsimony-informative, 17 singleton sites, 243 constant sites
                                                                                       Gap/Ambiguity  Composition  p-value
Analyzing sequences: done in 0.0123108 secs using 695.2% CPU
   1  EPI1846168|HA|A/Malaysia/RP2227/2020|EPI_ISL_985216|A_/_H3N2                             2.25%    passed     99.97%
   2  EPI1750818|HA|A/Singapore/KK272/2020|EPI_ISL_481342|A_/_H3N2                             2.25%    passed     99.91%
   3  EPI1806103|HA|A/North_Lebanon/NM_397_N/2020|EPI_ISL_582598|A_/_H3N2                      2.25%    passed     99.63%
   4  EPI2147049|HA|A/South_Korea/MDCK/2020|EPI_ISL_14771216|A_/_H3N2                          2.25%    passed     99.91%
   5  EPI1728265|HA|A/Sweden/62/2020|EPI_ISL_426374|A_/_H3N2                                   2.25%    passed     99.38%
   6  EPI1704482|HA|A/Uppsala/7/2020|EPI_ISL_413661|A_/_H3N2                                   2.25%    passed     99.84%
   7  EPI1727794|HA|A/Khmelnytskyi/12/2020|EPI_ISL_426220|A_/_H1N1                             2.25%    passed     91.51%
   8  EPI1727907|HA|A/Sweden/34/2020|EPI_ISL_426273|A_/_H1N1                                   2.25%    passed     97.75%
   9  EPI1727956|HA|A/Sweden/17/2020|EPI_ISL_426280|A_/_H1N1                                   2.25%    passed     92.18%
  10  EPI1750234|HA|A/England/200420376/2020|EPI_ISL_480532|A_/_H1N1                           2.25%    passed     97.73%
  11  EPI1754899|HA|A/England/46/2020|EPI_ISL_487070|A_/_H1N1                                  2.25%    passed     97.66%
  12  H3N2_2020_Consensus_Aligned                                                              0.00%    passed     99.99%
  13  H3N2_2020_Medoid_Aligned|EPI1846168|HA|A/Malaysia/RP2227/2020|EPI_ISL_985216|A_/_H3N2    2.25%    passed     99.97%
  14  H3N2_2020_Ancestral_Aligned_Node7                                                        0.00%    passed     97.17%
  15  H3N2_2020_COBRA_Aligned                                                                  0.35%    passed     99.99%
****  TOTAL                                                                                    1.82%  0 sequences failed composition chi2 test (p-value<5%; df=19)
NOTE: H3N2_2020_Medoid_Aligned|EPI1846168|HA|A/Malaysia/RP2227/2020|EPI_ISL_985216|A_/_H3N2 is identical to EPI1846168|HA|A/Malaysia/RP2227/2020|EPI_ISL_985216|A_/_H3N2 but kept for subsequent analysis
Checking for duplicate sequences: done in 0.0122468 secs using 698.1% CPU
Creating fast initial parsimony tree by random order stepwise addition...
0.088 seconds, parsimony score: 452 (based on 336 sites)
Generating 1000 samples for ultrafast bootstrap (seed: 761365)...

NOTE: 3 MB RAM (0 GB) is required!
Estimate model parameters (epsilon = 0.100)
1. Initial log-likelihood: -4014.675
2. Current log-likelihood: -4000.602
Optimal log-likelihood: -4000.590
Gamma shape alpha: 1.060
Parameters optimization took 2 rounds (0.019 sec)
Wrote distance file to... 
Computing ML distances based on estimated model parameters...
Calculating distance matrix: done in 0.00317905 secs using 820.6% CPU
Computing ML distances took 0.003220 sec (of wall-clock time) 0.026131 sec (of CPU time)
Setting up auxiliary I and S matrices: done in 0.000412383 secs using 217% CPU
Constructing RapidNJ tree: done in 0.0244364 secs using 119.1% CPU
Computing RapidNJ tree took 0.024887 sec (of wall-clock time) 0.030280 sec (of CPU time)
Log-likelihood of RapidNJ tree: -4001.257
--------------------------------------------------------------------
|             INITIALIZING CANDIDATE TREE SET                      |
--------------------------------------------------------------------
Generating 98 parsimony trees... 0.020 second
Computing log-likelihood of 98 initial trees ... 0.284 seconds
Current best score: -3987.630

Do NNI search on 20 best initial trees
Optimizing NNI: done in 0.0265831 secs using 806.1% CPU
Estimate model parameters (epsilon = 0.100)
BETTER TREE FOUND at iteration 1: -3986.980
Optimizing NNI: done in 0.0331922 secs using 791.5% CPU
BETTER TREE FOUND at iteration 2: -3986.980
Optimizing NNI: done in 0.02737 secs using 781.8% CPU
Estimate model parameters (epsilon = 0.100)
BETTER TREE FOUND at iteration 3: -3986.756
Optimizing NNI: done in 0.0379602 secs using 793.3% CPU
Optimizing NNI: done in 0.033252 secs using 786.8% CPU
Optimizing NNI: done in 0.0315581 secs using 804.7% CPU
UPDATE BEST LOG-LIKELIHOOD: -3986.754
Optimizing NNI: done in 0.0312205 secs using 787.2% CPU
UPDATE BEST LOG-LIKELIHOOD: -3986.754
Optimizing NNI: done in 0.0344546 secs using 786.1% CPU
Optimizing NNI: done in 0.038577 secs using 774.7% CPU
Optimizing NNI: done in 0.0391084 secs using 793.2% CPU
Iteration 10 / LogL: -3986.980 / Time: 0h:0m:0s
Optimizing NNI: done in 0.0342793 secs using 806.9% CPU
Optimizing NNI: done in 0.0420028 secs using 795.3% CPU
Optimizing NNI: done in 0.0348321 secs using 796% CPU
Optimizing NNI: done in 0.0355207 secs using 804.2% CPU
Optimizing NNI: done in 0.0366541 secs using 782.5% CPU
Optimizing NNI: done in 0.0360064 secs using 795.2% CPU
Optimizing NNI: done in 0.0359717 secs using 793.1% CPU
Optimizing NNI: done in 0.032797 secs using 796.8% CPU
Optimizing NNI: done in 0.0359756 secs using 790.2% CPU
Optimizing NNI: done in 0.0368622 secs using 795.2% CPU
Iteration 20 / LogL: -3986.978 / Time: 0h:0m:1s
Finish initializing candidate tree set (3)
Current best tree score: -3986.754 / CPU time: 1.048
Number of iterations: 20
--------------------------------------------------------------------
|               OPTIMIZING CANDIDATE TREE SET                      |
--------------------------------------------------------------------
Optimizing NNI: done in 0.0552734 secs using 792% CPU
Optimizing NNI: done in 0.0571239 secs using 806.2% CPU
Optimizing NNI: done in 0.0798408 secs using 795.4% CPU
Optimizing NNI: done in 0.0272833 secs using 813.6% CPU
Optimizing NNI: done in 0.0553277 secs using 787.6% CPU
Optimizing NNI: done in 0.0963778 secs using 791.6% CPU
Optimizing NNI: done in 0.0684425 secs using 784.9% CPU
Optimizing NNI: done in 0.0862504 secs using 793.3% CPU
Optimizing NNI: done in 0.0589437 secs using 796.2% CPU
Optimizing NNI: done in 0.0606884 secs using 795.7% CPU
Iteration 30 / LogL: -3986.756 / Time: 0h:0m:1s (0h:0m:4s left)
Optimizing NNI: done in 0.0557159 secs using 798.7% CPU
Optimizing NNI: done in 0.0879231 secs using 793.5% CPU
Optimizing NNI: done in 0.0653165 secs using 788.7% CPU
Optimizing NNI: done in 0.0817363 secs using 786.7% CPU
Optimizing NNI: done in 0.0652948 secs using 784.7% CPU
Optimizing NNI: done in 0.0211482 secs using 786.1% CPU
UPDATE BEST LOG-LIKELIHOOD: -3986.754
Optimizing NNI: done in 0.0395491 secs using 783.3% CPU
Optimizing NNI: done in 0.0347324 secs using 797.9% CPU
Optimizing NNI: done in 0.0621615 secs using 790.3% CPU
Optimizing NNI: done in 0.0526849 secs using 786.4% CPU
Iteration 40 / LogL: -3986.980 / Time: 0h:0m:2s (0h:0m:3s left)
Optimizing NNI: done in 0.050953 secs using 792.7% CPU
Optimizing NNI: done in 0.0681257 secs using 786.4% CPU
Optimizing NNI: done in 0.0550981 secs using 788.5% CPU
Optimizing NNI: done in 0.0504956 secs using 786.5% CPU
Optimizing NNI: done in 0.0550519 secs using 790.7% CPU
Optimizing NNI: done in 0.0697445 secs using 797.9% CPU
Optimizing NNI: done in 0.0527467 secs using 783.6% CPU
Optimizing NNI: done in 0.0759937 secs using 795.5% CPU
Optimizing NNI: done in 0.046097 secs using 791.6% CPU
Optimizing NNI: done in 0.0239012 secs using 797.9% CPU
Iteration 50 / LogL: -3986.756 / Time: 0h:0m:3s (0h:0m:3s left)
Log-likelihood cutoff on original alignment: -4005.347
Optimizing NNI: done in 0.10336 secs using 791.8% CPU
Optimizing NNI: done in 0.0564544 secs using 798.4% CPU
Optimizing NNI: done in 0.0414139 secs using 802.3% CPU
Optimizing NNI: done in 0.0700694 secs using 793.3% CPU
Optimizing NNI: done in 0.0755503 secs using 799.4% CPU
Optimizing NNI: done in 0.0644707 secs using 800.9% CPU
Optimizing NNI: done in 0.0702841 secs using 788.3% CPU
Optimizing NNI: done in 0.0678658 secs using 790.8% CPU
Optimizing NNI: done in 0.0485854 secs using 787% CPU
Optimizing NNI: done in 0.0789329 secs using 793.4% CPU
Iteration 60 / LogL: -3986.758 / Time: 0h:0m:3s (0h:0m:2s left)
Optimizing NNI: done in 0.0445256 secs using 803.2% CPU
Optimizing NNI: done in 0.0551294 secs using 792% CPU
Optimizing NNI: done in 0.0860418 secs using 792.8% CPU
Optimizing NNI: done in 0.0900999 secs using 801.1% CPU
Optimizing NNI: done in 0.0551742 secs using 793% CPU
Optimizing NNI: done in 0.0922751 secs using 791.8% CPU
Optimizing NNI: done in 0.0695421 secs using 785.6% CPU
Optimizing NNI: done in 0.0301894 secs using 787.8% CPU
Optimizing NNI: done in 0.0458413 secs using 795.9% CPU
Optimizing NNI: done in 0.0537119 secs using 797.5% CPU
Iteration 70 / LogL: -3986.755 / Time: 0h:0m:4s (0h:0m:2s left)
Optimizing NNI: done in 0.067865 secs using 795.8% CPU
Optimizing NNI: done in 0.0546082 secs using 785.9% CPU
Optimizing NNI: done in 0.0476291 secs using 784.2% CPU
Optimizing NNI: done in 0.0406491 secs using 799% CPU
Optimizing NNI: done in 0.0638013 secs using 793.4% CPU
Optimizing NNI: done in 0.0744471 secs using 786.5% CPU
Optimizing NNI: done in 0.0864453 secs using 788.3% CPU
Optimizing NNI: done in 0.0332283 secs using 790.6% CPU
Optimizing NNI: done in 0.0667943 secs using 796.1% CPU
Optimizing NNI: done in 0.0407251 secs using 780.8% CPU
Iteration 80 / LogL: -3986.755 / Time: 0h:0m:5s (0h:0m:1s left)
Optimizing NNI: done in 0.035905 secs using 797.1% CPU
Optimizing NNI: done in 0.0249416 secs using 793.5% CPU
UPDATE BEST LOG-LIKELIHOOD: -3986.754
Optimizing NNI: done in 0.0523467 secs using 791.3% CPU
Optimizing NNI: done in 0.0553864 secs using 801.8% CPU
Optimizing NNI: done in 0.0451523 secs using 802.4% CPU
Optimizing NNI: done in 0.0504478 secs using 801.6% CPU
Optimizing NNI: done in 0.0715755 secs using 798.6% CPU
Optimizing NNI: done in 0.040354 secs using 802.1% CPU
Optimizing NNI: done in 0.0605324 secs using 798% CPU
Optimizing NNI: done in 0.0509683 secs using 792.4% CPU
Iteration 90 / LogL: -3986.755 / Time: 0h:0m:5s (0h:0m:0s left)
Optimizing NNI: done in 0.0137409 secs using 751.2% CPU
UPDATE BEST LOG-LIKELIHOOD: -3986.754
Optimizing NNI: done in 0.0639936 secs using 794% CPU
Optimizing NNI: done in 0.0560016 secs using 792% CPU
Optimizing NNI: done in 0.0813513 secs using 786.5% CPU
Optimizing NNI: done in 0.0686941 secs using 798.8% CPU
Optimizing NNI: done in 0.0398838 secs using 797.4% CPU
Optimizing NNI: done in 0.0680302 secs using 792.5% CPU
Optimizing NNI: done in 0.0436367 secs using 801.2% CPU
Optimizing NNI: done in 0.0750362 secs using 791.5% CPU
Optimizing NNI: done in 0.0686201 secs using 786.1% CPU
Iteration 100 / LogL: -3986.978 / Time: 0h:0m:6s (0h:0m:0s left)
Log-likelihood cutoff on original alignment: -4005.931
NOTE: Bootstrap correlation coefficient of split occurrence frequencies: 0.999
Optimizing NNI: done in 0.066827 secs using 792.9% CPU
Optimizing NNI: done in 0.0827853 secs using 785.2% CPU
Optimizing NNI: done in 0.0389334 secs using 793.1% CPU
Optimizing NNI: done in 0.0762217 secs using 789.2% CPU
TREE SEARCH COMPLETED AFTER 104 ITERATIONS / Time: 0h:0m:6s

--------------------------------------------------------------------
|                    FINALIZING TREE SEARCH                        |
--------------------------------------------------------------------
Performs final model parameters optimization
Estimate model parameters (epsilon = 0.010)
1. Initial log-likelihood: -3986.754
Optimal log-likelihood: -3986.754
Gamma shape alpha: 1.323
Parameters optimization took 1 rounds (0.006 sec)
BEST SCORE FOUND : -3986.754
Creating bootstrap support values...
Split supports printed to NEXUS file results/per_year_clustered/H3N2/trees/H3N2_2020_with_designs.splits.nex
Total tree length: 1.396

Total number of iterations: 104
CPU time used for tree search: 49.499 sec (0h:0m:49s)
Wall-clock time used for tree search: 6.273 sec (0h:0m:6s)
Total CPU time used: 50.686 sec (0h:0m:50s)
Total wall-clock time used: 6.498 sec (0h:0m:6s)

Computing bootstrap consensus tree...
Reading input file results/per_year_clustered/H3N2/trees/H3N2_2020_with_designs.splits.nex...
15 taxa and 73 splits.
Consensus tree written to results/per_year_clustered/H3N2/trees/H3N2_2020_with_designs.contree
Reading input trees file results/per_year_clustered/H3N2/trees/H3N2_2020_with_designs.contree
Log-likelihood of consensus tree: -3986.760

Analysis results written to: 
  IQ-TREE report:                results/per_year_clustered/H3N2/trees/H3N2_2020_with_designs.iqtree
  Maximum-likelihood tree:       results/per_year_clustered/H3N2/trees/H3N2_2020_with_designs.treefile
  Likelihood distances:          results/per_year_clustered/H3N2/trees/H3N2_2020_with_designs.mldist

Ultrafast bootstrap approximation results written to:
  Split support values:          results/per_year_clustered/H3N2/trees/H3N2_2020_with_designs.splits.nex
  Consensus tree:                results/per_year_clustered/H3N2/trees/H3N2_2020_with_designs.contree
  Screen log file:               results/per_year_clustered/H3N2/trees/H3N2_2020_with_designs.log

Date and Time: Sat Nov 22 11:01:42 2025
