IQ-TREE version 3.0.1 for Linux x86 64-bit built Jul  9 2025
Developed by Bui Quang Minh, Thomas Wong, Nhan Ly-Trong, Huaiyan Ren
Contributed by Lam-Tung Nguyen, Dominik Schrempf, Chris Bielow,
Olga Chernomor, Michael Woodhams, Diep Thi Hoang, Heiko Schmidt

Host:    rtis-hpc-r09.uod.otago.ac.nz (AVX2, FMA3, 1006 GB RAM)
Command: iqtree -s results/per_year_clustered/H3N2/alignments/H3N2_2023_aligned.fasta -m LG+G4 -bb 1000 -nt 16 -pre results/per_year_clustered/H3N2/trees/H3N2_2023 -redo -quiet
Seed:    417301 (Using SPRNG - Scalable Parallel Random Number Generator)
Time:    Thu Nov 20 18:51:48 2025
Kernel:  AVX+FMA - 16 threads (16 CPU cores detected)

Reading alignment file results/per_year_clustered/H3N2/alignments/H3N2_2023_aligned.fasta ... Fasta format detected
Reading fasta file: done in 0.000625191 secs using 99.97% CPU
Alignment most likely contains protein sequences
Constructing alignment: done in 0.000535944 secs using 99.08% CPU
Alignment has 74 sequences with 580 columns, 342 distinct patterns
334 parsimony-informative, 36 singleton sites, 210 constant sites
                                                                               Gap/Ambiguity  Composition  p-value
Analyzing sequences: done in 0.0133737 secs using 1035% CPU
   1  EPI2903733|HA|A/Gyeongnam/2207/2023|EPI_ISL_18744126|A_/_H3N2                    2.41%    passed     99.35%
   2  EPI3786787|HA|A/ABUDHABI/UAE/0014000/2023|EPI_ISL_19661761|A_/_H3N2              2.41%    passed     99.04%
   3  EPI2821770|HA|A/Qatar/34-VI-23-0101724/2023|EPI_ISL_18613508|A_/_H3N2            2.41%    passed     98.29%
   4  EPI2821333|HA|A/Qatar/32-VI-23-0092359/2023|EPI_ISL_18613438|A_/_H3N2            2.41%    passed     99.73%
   5  EPI2821297|HA|A/Qatar/23-VI-23-0106322/2023|EPI_ISL_18613433|A_/_H3N2            2.41%    passed     98.52%
   6  EPI2510100|HA|A/Japan/14149/2023|EPI_ISL_17467393|A_/_H3N2                       2.41%    passed     99.54%
   7  EPI3006772|HA|A/Philippines/89/2023|EPI_ISL_18876522|A_/_H3N2                    2.41%    passed     98.61%
   8  EPI2665047|HA|A/NAGANO-C/14/2023|EPI_ISL_18058897|A_/_H3N2                       2.41%    passed     99.72%
   9  EPI2630354|HA|A/NAGANO-C/11/2023|EPI_ISL_17995538|A_/_H3N2                       2.41%    passed     99.81%
  10  EPI2681801|HA|A/Bangkok/P2255/2023|EPI_ISL_18093943|A_/_H3N2                     2.41%    passed     99.70%
  11  EPI2924520|HA|A/Turkey/GIHSN_Ankara/140111_950/2023|EPI_ISL_18784523|A_/_H3N2    2.41%    passed     99.43%
  12  EPI2647229|HA|A/NARA/11/2023|EPI_ISL_18030667|A_/_H3N2                           2.41%    passed     99.70%
  13  EPI2925824|HA|A/Bangkok/377/2023|EPI_ISL_18784778|A_/_H3N2                       2.41%    passed     99.61%
  14  EPI2926244|HA|A/Ajman/17380/2023|EPI_ISL_18785759|A_/_H3N2                       2.41%    passed     99.37%
  15  EPI4432142|HA|A/ABUDHABI/UAE/0015760/2023|EPI_ISL_19901806|A_/_H3N2              2.41%    passed     99.27%
  16  EPI2735160|HA|A/Seoul/917/2023|EPI_ISL_18231838|A_/_H3N2                         2.41%    passed     99.77%
  17  EPI2767405|HA|A/FUKUSHIMA/54/2023|EPI_ISL_18366335|A_/_H3N2                      2.41%    passed     99.44%
  18  EPI3456494|HA|A/Singapore/TT0344/2023|EPI_ISL_19283534|A_/_H3N2                  2.41%    passed     99.39%
  19  EPI3456557|HA|A/Singapore/TT0564/2023|EPI_ISL_19283542|A_/_H3N2                  2.41%    passed     99.53%
  20  EPI2874637|HA|A/Pakistan/AHF-NIH/ICT/010/2023|EPI_ISL_18699132|A_/_H3N2          2.41%    passed     99.31%
  21  EPI2963697|HA|A/Singapore/GP10675/2023|EPI_ISL_18831300|A_/_H3N2                 2.41%    passed     99.07%
  22  EPI2737526|HA|A/Sri_Lanka/31/2023|EPI_ISL_18242215|A_/_H3N2                      2.41%    passed     99.58%
  23  EPI4637291|HA|A/Bangkok/002/2023|EPI_ISL_20144611|A_/_H3N2                       2.41%    passed     99.61%
  24  EPI2800701|HA|A/Chiang_Rai/P4803/2023|EPI_ISL_18539977|A_/_H3N2                  2.41%    passed     98.77%
  25  EPI2691380|HA|A/Nepal/427/2023|EPI_ISL_18118613|A_/_H3N2                         2.41%    passed     99.67%
  26  EPI2691404|HA|A/Nepal/430/2023|EPI_ISL_18118618|A_/_H3N2                         2.41%    passed     99.70%
  27  EPI3112910|HA|A/Madrid/HRYC-72348174/2023|EPI_ISL_18980521|A_/_H3N2              2.24%    passed     99.90%
  28  EPI3665219|HA|A/Galicia/33341960/2023|EPI_ISL_19573237|A_/_H3N2                  2.41%    passed     99.97%
  29  EPI2541035|HA|A/Sweden/14/2023|EPI_ISL_17606898|A_/_H3N2                         2.41%    passed     99.22%
  30  EPI2541043|HA|A/Sweden/15/2023|EPI_ISL_17606899|A_/_H3N2                         2.41%    passed     99.61%
  31  EPI2616634|HA|A/Catalonia/NSVH171605044/2023|EPI_ISL_17974205|A_/_H3N2           2.41%    passed     99.73%
  32  EPI3669419|HA|A/Galicia/28220935/2023|EPI_ISL_19586445|A_/_H3N2                  2.41%    passed     99.95%
  33  EPI2538942|HA|A/England/230720061/2023|EPI_ISL_17592652|A_/_H3N2                 2.41%    passed     99.83%
  34  EPI2967120|HA|A/Spain/GA-HULA-615037/2023|EPI_ISL_18838698|A_/_H3N2              2.41%    passed     99.98%
  35  EPI2692749|HA|A/Canarias/1843/2023|EPI_ISL_18118770|A_/_H3N2                     2.41%    passed     99.48%
  36  EPI3007096|HA|A/Canberra/464/2023|EPI_ISL_18876646|A_/_H3N2                      2.41%    passed     98.52%
  37  EPI2790185|HA|A/Sydney/316/2023|EPI_ISL_18485010|A_/_H3N2                        2.41%    passed     99.92%
  38  EPI3158210|HA|A/Victoria/3058/2023|EPI_ISL_19012946|A_/_H3N2                     2.41%    passed     99.68%
  39  EPI2686146|HA|A/Brisbane/377/2023|EPI_ISL_18100549|A_/_H3N2                      2.41%    passed     99.50%
  40  EPI2642919|HA|A/Wellington/06/2023|EPI_ISL_18013032|A_/_H3N2                     2.41%    passed     99.60%
  41  EPI2898745|HA|A/Brisbane/502/2023|EPI_ISL_18740015|A_/_H3N2                      2.41%    passed     99.20%
  42  EPI2920320|HA|A/Galicia/21422332677/2023|EPI_ISL_18776469|A_/_H1N1               2.41%    passed     95.22%
  43  EPI2920493|HA|A/Galicia/21452225735/2023|EPI_ISL_18776508|A_/_H1N1               2.41%    passed     96.66%
  44  EPI2920509|HA|A/Galicia/21452225742/2023|EPI_ISL_18776514|A_/_H1N1               2.41%    passed     94.11%
  45  EPI2611687|HA|A/Murcia/1652/2023|EPI_ISL_17958353|A_/_H1N1                       2.41%    passed     95.75%
  46  EPI3080776|HA|A/ComunidadValenciana/240275/2023|EPI_ISL_18942880|A_/_H1N1        2.41%    passed     94.31%
  47  EPI2398662|HA|A/Baleares/74/2023|EPI_ISL_16913871|A_/_H1N1                       2.41%    passed     95.49%
  48  EPI3447272|HA|A/Galicia/SCQ/318602/2023|EPI_ISL_19273341|A_/_H1N1                2.41%    passed     93.46%
  49  EPI3447240|HA|A/Galicia/SCQ/306480/2023|EPI_ISL_19273337|A_/_H1N1                2.41%    passed     95.78%
  50  EPI2400971|HA|A/PaisVasco/162/2023|EPI_ISL_16914874|A_/_H1N1                     2.41%    passed     94.40%
  51  EPI3193658|HA|A/Galicia/SCQ/304024/2023|EPI_ISL_19044480|A_/_H1N1                2.41%    passed     96.99%
  52  EPI2842726|HA|A/Catalonia/NSVH199826468/2023|EPI_ISL_18652098|A_/_H1N1           2.41%    passed     94.58%
  53  EPI2519875|HA|A/Aragon/888/2023|EPI_ISL_17505762|A_/_H1N1                        2.41%    passed     96.97%
  54  EPI2519991|HA|A/CastillaLaMancha/793/2023|EPI_ISL_17505815|A_/_H1N1              2.41%    passed     90.19%
  55  EPI3112926|HA|A/Madrid/HRYC-12994000/2023|EPI_ISL_18980523|A_/_H1N1              2.24%    passed     97.44%
  56  EPI2923960|HA|A/Canarias/2407/2023|EPI_ISL_18784328|A_/_H1N1                     2.41%    passed     96.17%
  57  EPI2924196|HA|A/Navarra/2321/2023|EPI_ISL_18784477|A_/_H1N1                      2.41%    passed     98.33%
  58  EPI2701060|HA|A/England/233120111/2023|EPI_ISL_18130620|A_/_H1N1                 2.41%    passed     95.34%
  59  EPI3012555|HA|A/Baleares/2563/2023|EPI_ISL_18884818|A_/_H1N1                     2.41%    passed     91.76%
  60  EPI2975325|HA|A/England/235180269/2023|EPI_ISL_18852612|A_/_H1N1                 2.41%    passed     93.86%
  61  EPI2508336|HA|A/Catalonia/NSVH172307130/2023|EPI_ISL_17445897|A_/_H1N1           2.41%    passed     93.59%
  62  EPI2686425|HA|A/Switzerland/76467/2023|EPI_ISL_18101377|A_/_H1N1                 2.41%    passed     94.22%
  63  EPI3028603|HA|A/England/240200277/2023|EPI_ISL_18891570|A_/_H1N1                 2.41%    passed     93.08%
  64  EPI2960891|HA|A/England/235190173/2023|EPI_ISL_18828271|A_/_H1N1                 2.41%    passed     97.00%
  65  EPI2792157|HA|A/Asturias/2061/2023|EPI_ISL_18501244|A_/_H1N1                     2.41%    passed     95.10%
  66  EPI2361784|HA|A/Catalonia/NSVH198265699/2023|EPI_ISL_16830774|A_/_H1N1           2.41%    passed     96.67%
  67  EPI2471811|HA|A/Catalonia/NSAV198266241/2023|EPI_ISL_17256930|A_/_H1N1           2.41%    passed     90.81%
  68  EPI3325914|HA|A/Andalucia/241428/2023|EPI_ISL_19159170|A_/_H1N1                  2.41%    passed     94.61%
  69  EPI3104691|HA|A/Madrid/HRYC-72348131/2023|EPI_ISL_18963453|A_/_H1N1              2.24%    passed     98.04%
  70  EPI2441094|HA|A/Ceuta/350/2023|EPI_ISL_17095757|A_/_H1N1                         2.41%    passed     95.61%
  71  EPI2495773|HA|A/Sweden/10/2023|EPI_ISL_17360195|A_/_H1N1                         2.41%    passed     97.91%
  72  EPI3276801|HA|A/Madrid/92324193656/2023|EPI_ISL_19131155|A_/_H1N1                2.41%    passed     94.14%
  73  EPI3276651|HA|A/Madrid/1392324178654/2023|EPI_ISL_19131081|A_/_H1N1              2.41%    passed     97.13%
  74  EPI3184867|HA|A/Slovakia/uvzsr-56/2023|EPI_ISL_19033829|A_/_H1N1                 2.41%    passed     96.76%
****  TOTAL                                                                            2.41%  0 sequences failed composition chi2 test (p-value<5%; df=19)
Checking for duplicate sequences: done in 0.0130452 secs using 1058% CPU
Creating fast initial parsimony tree by random order stepwise addition...
1.493 seconds, parsimony score: 671 (based on 370 sites)
Generating 1000 samples for ultrafast bootstrap (seed: 417301)...

NOTE: 18 MB RAM (0 GB) is required!
Estimate model parameters (epsilon = 0.100)
1. Initial log-likelihood: -5686.210
2. Current log-likelihood: -5653.701
3. Current log-likelihood: -5652.828
4. Current log-likelihood: -5652.725
Optimal log-likelihood: -5652.706
Gamma shape alpha: 0.735
Parameters optimization took 4 rounds (0.170 sec)
Wrote distance file to... 
Computing ML distances based on estimated model parameters...
Calculating distance matrix: done in 0.0358285 secs using 1602% CPU
Computing ML distances took 0.035958 sec (of wall-clock time) 0.574122 sec (of CPU time)
Setting up auxiliary I and S matrices: done in 0.00131979 secs using 7.577% CPU
Constructing RapidNJ tree: done in 0.108404 secs using 43.63% CPU
Computing RapidNJ tree took 0.110033 sec (of wall-clock time) 0.047450 sec (of CPU time)
Log-likelihood of RapidNJ tree: -5741.839
--------------------------------------------------------------------
|             INITIALIZING CANDIDATE TREE SET                      |
--------------------------------------------------------------------
Generating 98 parsimony trees... 0.118 second
Computing log-likelihood of 98 initial trees ... 1.524 seconds
Current best score: -5615.275

Do NNI search on 20 best initial trees
Optimizing NNI: done in 0.414669 secs using 1585% CPU
Estimate model parameters (epsilon = 0.100)
BETTER TREE FOUND at iteration 1: -5607.467
Optimizing NNI: done in 0.31268 secs using 1584% CPU
Optimizing NNI: done in 0.407558 secs using 1586% CPU
Optimizing NNI: done in 0.432865 secs using 1586% CPU
Optimizing NNI: done in 0.346307 secs using 1588% CPU
Optimizing NNI: done in 0.51233 secs using 1586% CPU
Optimizing NNI: done in 0.438924 secs using 1589% CPU
Optimizing NNI: done in 0.448782 secs using 1589% CPU
Optimizing NNI: done in 0.43095 secs using 1589% CPU
Optimizing NNI: done in 0.329333 secs using 1582% CPU
Iteration 10 / LogL: -5616.978 / Time: 0h:0m:14s
Optimizing NNI: done in 0.528896 secs using 1589% CPU
Optimizing NNI: done in 0.245154 secs using 1585% CPU
Estimate model parameters (epsilon = 0.100)
BETTER TREE FOUND at iteration 12: -5603.125
Optimizing NNI: done in 0.244461 secs using 1586% CPU
Optimizing NNI: done in 0.522067 secs using 1587% CPU
Optimizing NNI: done in 0.459153 secs using 1588% CPU
Optimizing NNI: done in 0.437554 secs using 1586% CPU
Optimizing NNI: done in 0.557136 secs using 1586% CPU
Optimizing NNI: done in 0.426558 secs using 1590% CPU
Optimizing NNI: done in 0.359222 secs using 1589% CPU
Optimizing NNI: done in 0.470606 secs using 1590% CPU
Iteration 20 / LogL: -5621.458 / Time: 0h:0m:19s
Finish initializing candidate tree set (20)
Current best tree score: -5603.125 / CPU time: 10.111
Number of iterations: 20
--------------------------------------------------------------------
|               OPTIMIZING CANDIDATE TREE SET                      |
--------------------------------------------------------------------
Optimizing NNI: done in 0.405528 secs using 1592% CPU
Optimizing NNI: done in 0.638638 secs using 1587% CPU
Optimizing NNI: done in 0.970538 secs using 1588% CPU
Optimizing NNI: done in 0.696295 secs using 1591% CPU
Optimizing NNI: done in 0.492267 secs using 1586% CPU
Optimizing NNI: done in 0.418199 secs using 1586% CPU
Optimizing NNI: done in 0.732398 secs using 1586% CPU
Optimizing NNI: done in 0.34999 secs using 1589% CPU
Optimizing NNI: done in 0.762645 secs using 1586% CPU
Optimizing NNI: done in 0.687111 secs using 1588% CPU
Iteration 30 / LogL: -5605.349 / Time: 0h:0m:25s (0h:1m:7s left)
Optimizing NNI: done in 0.678004 secs using 1589% CPU
Optimizing NNI: done in 0.427889 secs using 1589% CPU
Optimizing NNI: done in 0.785599 secs using 1587% CPU
Optimizing NNI: done in 0.41535 secs using 1592% CPU
Optimizing NNI: done in 0.830482 secs using 1573% CPU
Optimizing NNI: done in 0.576935 secs using 1589% CPU
Estimate model parameters (epsilon = 0.100)
BETTER TREE FOUND at iteration 36: -5602.996
Optimizing NNI: done in 0.472054 secs using 1589% CPU
Optimizing NNI: done in 0.530311 secs using 1592% CPU
Optimizing NNI: done in 0.471289 secs using 1588% CPU
Optimizing NNI: done in 0.722144 secs using 1551% CPU
Iteration 40 / LogL: -5603.454 / Time: 0h:0m:31s (0h:1m:13s left)
Optimizing NNI: done in 0.439352 secs using 1588% CPU
Optimizing NNI: done in 0.835055 secs using 1588% CPU
Optimizing NNI: done in 0.379854 secs using 1585% CPU
BETTER TREE FOUND at iteration 43: -5602.995
Optimizing NNI: done in 0.730862 secs using 1585% CPU
Optimizing NNI: done in 0.388216 secs using 1585% CPU
Optimizing NNI: done in 0.508144 secs using 1589% CPU
Optimizing NNI: done in 0.73805 secs using 1589% CPU
Estimate model parameters (epsilon = 0.100)
BETTER TREE FOUND at iteration 47: -5602.424
Optimizing NNI: done in 0.698651 secs using 1588% CPU
Optimizing NNI: done in 0.493876 secs using 1589% CPU
Optimizing NNI: done in 0.478007 secs using 1589% CPU
BETTER TREE FOUND at iteration 50: -5602.424
Iteration 50 / LogL: -5602.424 / Time: 0h:0m:37s (0h:1m:12s left)
Log-likelihood cutoff on original alignment: -5665.829
Optimizing NNI: done in 0.610505 secs using 1590% CPU
Optimizing NNI: done in 0.673886 secs using 1586% CPU
Optimizing NNI: done in 0.693731 secs using 1589% CPU
Optimizing NNI: done in 0.397995 secs using 1588% CPU
Optimizing NNI: done in 0.872175 secs using 1589% CPU
Optimizing NNI: done in 0.240626 secs using 1591% CPU
Optimizing NNI: done in 0.657504 secs using 1589% CPU
Optimizing NNI: done in 0.740909 secs using 1588% CPU
Optimizing NNI: done in 0.667768 secs using 1588% CPU
Optimizing NNI: done in 0.634805 secs using 1589% CPU
Iteration 60 / LogL: -5602.751 / Time: 0h:0m:43s (0h:1m:4s left)
Optimizing NNI: done in 0.641952 secs using 1590% CPU
Optimizing NNI: done in 0.540965 secs using 1589% CPU
Optimizing NNI: done in 0.680015 secs using 1586% CPU
Optimizing NNI: done in 0.327621 secs using 1587% CPU
Optimizing NNI: done in 0.392686 secs using 1590% CPU
Optimizing NNI: done in 0.517856 secs using 1589% CPU
Optimizing NNI: done in 0.304519 secs using 1593% CPU
Optimizing NNI: done in 0.51028 secs using 1588% CPU
Optimizing NNI: done in 0.518141 secs using 1588% CPU
Optimizing NNI: done in 0.393672 secs using 1590% CPU
Iteration 70 / LogL: -5610.059 / Time: 0h:0m:48s (0h:0m:54s left)
Optimizing NNI: done in 0.929713 secs using 1556% CPU
Optimizing NNI: done in 0.970342 secs using 1569% CPU
Optimizing NNI: done in 0.804479 secs using 1589% CPU
Estimate model parameters (epsilon = 0.100)
BETTER TREE FOUND at iteration 73: -5601.814
Optimizing NNI: done in 0.482722 secs using 1589% CPU
Optimizing NNI: done in 0.393804 secs using 1591% CPU
Optimizing NNI: done in 0.568751 secs using 1589% CPU
Optimizing NNI: done in 0.421207 secs using 1587% CPU
Optimizing NNI: done in 0.652082 secs using 1589% CPU
Optimizing NNI: done in 0.412302 secs using 1590% CPU
Optimizing NNI: done in 0.535219 secs using 1588% CPU
Iteration 80 / LogL: -5602.430 / Time: 0h:0m:54s (0h:1m:2s left)
Optimizing NNI: done in 0.285212 secs using 1589% CPU
Optimizing NNI: done in 0.701226 secs using 1589% CPU
Optimizing NNI: done in 0.473978 secs using 1589% CPU
Optimizing NNI: done in 0.606342 secs using 1587% CPU
Optimizing NNI: done in 0.384352 secs using 1591% CPU
Optimizing NNI: done in 0.709086 secs using 1588% CPU
Optimizing NNI: done in 0.660001 secs using 1589% CPU
Optimizing NNI: done in 0.412414 secs using 1591% CPU
Optimizing NNI: done in 0.351029 secs using 1589% CPU
Optimizing NNI: done in 0.707827 secs using 1590% CPU
Iteration 90 / LogL: -5601.815 / Time: 0h:1m:0s (0h:0m:54s left)
Optimizing NNI: done in 0.285376 secs using 1587% CPU
Optimizing NNI: done in 0.540225 secs using 1588% CPU
Optimizing NNI: done in 0.763752 secs using 1588% CPU
Optimizing NNI: done in 0.546502 secs using 1587% CPU
Optimizing NNI: done in 0.136065 secs using 1589% CPU
Optimizing NNI: done in 0.115455 secs using 1581% CPU
Optimizing NNI: done in 0.445693 secs using 1586% CPU
Optimizing NNI: done in 0.413431 secs using 1589% CPU
Optimizing NNI: done in 0.45863 secs using 1590% CPU
Optimizing NNI: done in 0.716179 secs using 1590% CPU
Iteration 100 / LogL: -5601.816 / Time: 0h:1m:4s (0h:0m:46s left)
Log-likelihood cutoff on original alignment: -5665.829
NOTE: Bootstrap correlation coefficient of split occurrence frequencies: 0.983
NOTE: UFBoot does not converge, continue at least 100 more iterations
Optimizing NNI: done in 0.458944 secs using 1589% CPU
Optimizing NNI: done in 0.733527 secs using 1588% CPU
Optimizing NNI: done in 0.742746 secs using 1586% CPU
Optimizing NNI: done in 0.484773 secs using 1588% CPU
Optimizing NNI: done in 0.42861 secs using 1590% CPU
Optimizing NNI: done in 0.471851 secs using 1588% CPU
Optimizing NNI: done in 0.465147 secs using 1588% CPU
Optimizing NNI: done in 0.854596 secs using 1590% CPU
Optimizing NNI: done in 0.721141 secs using 1588% CPU
Optimizing NNI: done in 0.501387 secs using 1587% CPU
Iteration 110 / LogL: -5606.468 / Time: 0h:1m:10s (0h:0m:57s left)
Optimizing NNI: done in 0.392133 secs using 1586% CPU
Optimizing NNI: done in 0.25516 secs using 1586% CPU
Optimizing NNI: done in 0.670496 secs using 1589% CPU
Optimizing NNI: done in 0.49465 secs using 1584% CPU
Optimizing NNI: done in 0.659438 secs using 1587% CPU
Optimizing NNI: done in 0.283204 secs using 1587% CPU
Optimizing NNI: done in 0.847662 secs using 1587% CPU
Optimizing NNI: done in 0.746846 secs using 1590% CPU
Optimizing NNI: done in 0.118503 secs using 1595% CPU
Optimizing NNI: done in 0.543905 secs using 1589% CPU
Iteration 120 / LogL: -5601.817 / Time: 0h:1m:16s (0h:0m:50s left)
Optimizing NNI: done in 0.247026 secs using 1588% CPU
Optimizing NNI: done in 0.52229 secs using 1587% CPU
Optimizing NNI: done in 0.71261 secs using 1587% CPU
Optimizing NNI: done in 0.440405 secs using 1590% CPU
BETTER TREE FOUND at iteration 124: -5601.813
Optimizing NNI: done in 0.519166 secs using 1588% CPU
Optimizing NNI: done in 0.375125 secs using 1589% CPU
Optimizing NNI: done in 0.438821 secs using 1588% CPU
Optimizing NNI: done in 0.893846 secs using 1589% CPU
Optimizing NNI: done in 0.753973 secs using 1588% CPU
Optimizing NNI: done in 0.406149 secs using 1588% CPU
Iteration 130 / LogL: -5620.427 / Time: 0h:1m:21s (0h:0m:58s left)
Optimizing NNI: done in 0.606514 secs using 1585% CPU
Optimizing NNI: done in 0.527295 secs using 1589% CPU
Optimizing NNI: done in 0.8412 secs using 1588% CPU
Optimizing NNI: done in 0.340512 secs using 1590% CPU
Optimizing NNI: done in 0.449464 secs using 1589% CPU
Optimizing NNI: done in 0.67608 secs using 1588% CPU
Optimizing NNI: done in 0.629873 secs using 1585% CPU
Optimizing NNI: done in 0.483057 secs using 1587% CPU
Optimizing NNI: done in 0.390047 secs using 1588% CPU
Optimizing NNI: done in 0.676634 secs using 1587% CPU
Iteration 140 / LogL: -5601.817 / Time: 0h:1m:27s (0h:0m:51s left)
Optimizing NNI: done in 0.779071 secs using 1588% CPU
Optimizing NNI: done in 0.554917 secs using 1588% CPU
Optimizing NNI: done in 0.323815 secs using 1591% CPU
Optimizing NNI: done in 0.520998 secs using 1588% CPU
Optimizing NNI: done in 0.662746 secs using 1589% CPU
Optimizing NNI: done in 0.562285 secs using 1590% CPU
Optimizing NNI: done in 0.12048 secs using 1581% CPU
Optimizing NNI: done in 0.523256 secs using 1589% CPU
Optimizing NNI: done in 0.498665 secs using 1589% CPU
Optimizing NNI: done in 0.450807 secs using 1588% CPU
Iteration 150 / LogL: -5601.815 / Time: 0h:1m:32s (0h:0m:45s left)
Log-likelihood cutoff on original alignment: -5665.829
Optimizing NNI: done in 0.388762 secs using 1588% CPU
Optimizing NNI: done in 0.564279 secs using 1587% CPU
Optimizing NNI: done in 0.571619 secs using 1585% CPU
Optimizing NNI: done in 0.525537 secs using 1590% CPU
Optimizing NNI: done in 0.298731 secs using 1589% CPU
Optimizing NNI: done in 0.515094 secs using 1587% CPU
Optimizing NNI: done in 0.614852 secs using 1587% CPU
Optimizing NNI: done in 0.446189 secs using 1583% CPU
Optimizing NNI: done in 0.485176 secs using 1587% CPU
Optimizing NNI: done in 0.520654 secs using 1585% CPU
Iteration 160 / LogL: -5601.816 / Time: 0h:1m:37s (0h:0m:38s left)
Optimizing NNI: done in 1.6296 secs using 1522% CPU
Optimizing NNI: done in 0.457129 secs using 1589% CPU
Optimizing NNI: done in 0.377872 secs using 1590% CPU
Optimizing NNI: done in 0.701578 secs using 1587% CPU
Optimizing NNI: done in 0.438575 secs using 1589% CPU
BETTER TREE FOUND at iteration 165: -5601.813
Optimizing NNI: done in 0.539353 secs using 1583% CPU
Optimizing NNI: done in 0.384805 secs using 1583% CPU
Optimizing NNI: done in 0.893187 secs using 1586% CPU
Optimizing NNI: done in 0.44898 secs using 1588% CPU
Optimizing NNI: done in 0.695166 secs using 1585% CPU
Iteration 170 / LogL: -5601.814 / Time: 0h:1m:44s (0h:0m:57s left)
Optimizing NNI: done in 0.557015 secs using 1585% CPU
Optimizing NNI: done in 1.63752 secs using 1524% CPU
Optimizing NNI: done in 0.133536 secs using 1579% CPU
Optimizing NNI: done in 0.142475 secs using 1580% CPU
Optimizing NNI: done in 0.788271 secs using 1588% CPU
Optimizing NNI: done in 0.393632 secs using 1588% CPU
Optimizing NNI: done in 0.486864 secs using 1587% CPU
Optimizing NNI: done in 0.79263 secs using 1587% CPU
Optimizing NNI: done in 0.728151 secs using 1587% CPU
Optimizing NNI: done in 0.389629 secs using 1590% CPU
Iteration 180 / LogL: -5605.197 / Time: 0h:1m:50s (0h:0m:51s left)
Optimizing NNI: done in 0.382466 secs using 1587% CPU
Optimizing NNI: done in 0.392681 secs using 1587% CPU
BETTER TREE FOUND at iteration 182: -5601.813
Optimizing NNI: done in 0.308029 secs using 1589% CPU
Optimizing NNI: done in 0.508451 secs using 1589% CPU
Optimizing NNI: done in 0.63651 secs using 1588% CPU
Optimizing NNI: done in 0.478801 secs using 1587% CPU
Optimizing NNI: done in 0.52526 secs using 1588% CPU
Optimizing NNI: done in 0.432336 secs using 1589% CPU
Optimizing NNI: done in 0.682933 secs using 1580% CPU
Optimizing NNI: done in 0.648776 secs using 1588% CPU
Iteration 190 / LogL: -5601.814 / Time: 0h:1m:55s (0h:0m:55s left)
Optimizing NNI: done in 0.505605 secs using 1585% CPU
Optimizing NNI: done in 0.628696 secs using 1589% CPU
Optimizing NNI: done in 0.683674 secs using 1587% CPU
Optimizing NNI: done in 0.412249 secs using 1590% CPU
Optimizing NNI: done in 0.53201 secs using 1588% CPU
Optimizing NNI: done in 0.379319 secs using 1591% CPU
Optimizing NNI: done in 0.648878 secs using 1586% CPU
Optimizing NNI: done in 0.490527 secs using 1590% CPU
Optimizing NNI: done in 0.408314 secs using 1590% CPU
Optimizing NNI: done in 0.803055 secs using 1588% CPU
Iteration 200 / LogL: -5645.863 / Time: 0h:2m:1s (0h:0m:49s left)
Log-likelihood cutoff on original alignment: -5665.829
NOTE: Bootstrap correlation coefficient of split occurrence frequencies: 0.984
NOTE: UFBoot does not converge, continue at least 100 more iterations
Optimizing NNI: done in 0.533455 secs using 1586% CPU
Optimizing NNI: done in 0.498365 secs using 1587% CPU
Optimizing NNI: done in 0.715163 secs using 1587% CPU
Optimizing NNI: done in 0.661099 secs using 1587% CPU
Optimizing NNI: done in 0.114275 secs using 1585% CPU
Optimizing NNI: done in 0.457025 secs using 1588% CPU
Optimizing NNI: done in 0.362922 secs using 1590% CPU
Optimizing NNI: done in 0.660867 secs using 1588% CPU
Optimizing NNI: done in 0.385978 secs using 1588% CPU
Optimizing NNI: done in 0.569096 secs using 1591% CPU
Iteration 210 / LogL: -5604.647 / Time: 0h:2m:6s (0h:0m:53s left)
Optimizing NNI: done in 0.708473 secs using 1589% CPU
Optimizing NNI: done in 0.861454 secs using 1539% CPU
Optimizing NNI: done in 0.601476 secs using 1588% CPU
Optimizing NNI: done in 0.464744 secs using 1587% CPU
Optimizing NNI: done in 0.551481 secs using 1587% CPU
Optimizing NNI: done in 0.695322 secs using 1577% CPU
Optimizing NNI: done in 0.414988 secs using 1586% CPU
Optimizing NNI: done in 0.519629 secs using 1586% CPU
Optimizing NNI: done in 0.666611 secs using 1588% CPU
Optimizing NNI: done in 0.119306 secs using 1581% CPU
Iteration 220 / LogL: -5650.789 / Time: 0h:2m:12s (0h:0m:47s left)
Optimizing NNI: done in 0.449417 secs using 1585% CPU
BETTER TREE FOUND at iteration 221: -5601.813
Optimizing NNI: done in 0.310047 secs using 1583% CPU
Optimizing NNI: done in 0.653828 secs using 1587% CPU
Optimizing NNI: done in 0.474225 secs using 1584% CPU
Optimizing NNI: done in 0.916006 secs using 1572% CPU
Optimizing NNI: done in 0.350987 secs using 1587% CPU
Optimizing NNI: done in 0.323245 secs using 1591% CPU
Optimizing NNI: done in 0.567058 secs using 1588% CPU
Optimizing NNI: done in 0.653518 secs using 1589% CPU
Optimizing NNI: done in 0.321349 secs using 1588% CPU
Iteration 230 / LogL: -5601.814 / Time: 0h:2m:17s (0h:0m:54s left)
Optimizing NNI: done in 0.435999 secs using 1588% CPU
Optimizing NNI: done in 0.757224 secs using 1587% CPU
Optimizing NNI: done in 0.388042 secs using 1586% CPU
Optimizing NNI: done in 0.592308 secs using 1587% CPU
Optimizing NNI: done in 0.692928 secs using 1569% CPU
Optimizing NNI: done in 0.600031 secs using 1587% CPU
Optimizing NNI: done in 0.48634 secs using 1590% CPU
Optimizing NNI: done in 0.815556 secs using 1588% CPU
BETTER TREE FOUND at iteration 238: -5601.813
Optimizing NNI: done in 0.222107 secs using 1587% CPU
Optimizing NNI: done in 0.456779 secs using 1584% CPU
Iteration 240 / LogL: -5601.814 / Time: 0h:2m:23s (0h:0m:58s left)
Optimizing NNI: done in 0.475279 secs using 1586% CPU
Optimizing NNI: done in 0.171896 secs using 1588% CPU
Optimizing NNI: done in 0.243238 secs using 1587% CPU
Optimizing NNI: done in 0.477531 secs using 1586% CPU
Optimizing NNI: done in 0.587621 secs using 1587% CPU
Optimizing NNI: done in 0.73536 secs using 1587% CPU
Optimizing NNI: done in 0.567024 secs using 1588% CPU
Optimizing NNI: done in 0.463104 secs using 1588% CPU
Optimizing NNI: done in 0.403151 secs using 1587% CPU
Optimizing NNI: done in 0.423817 secs using 1589% CPU
Iteration 250 / LogL: -5601.814 / Time: 0h:2m:28s (0h:0m:51s left)
Log-likelihood cutoff on original alignment: -5665.829
Optimizing NNI: done in 0.376435 secs using 1590% CPU
Optimizing NNI: done in 0.447929 secs using 1585% CPU
Optimizing NNI: done in 0.502925 secs using 1589% CPU
Optimizing NNI: done in 0.591056 secs using 1589% CPU
Optimizing NNI: done in 0.646219 secs using 1590% CPU
Optimizing NNI: done in 0.378147 secs using 1587% CPU
Optimizing NNI: done in 0.590516 secs using 1586% CPU
Optimizing NNI: done in 0.718836 secs using 1587% CPU
Optimizing NNI: done in 0.774282 secs using 1587% CPU
Optimizing NNI: done in 0.52762 secs using 1588% CPU
Iteration 260 / LogL: -5601.815 / Time: 0h:2m:34s (0h:0m:46s left)
Optimizing NNI: done in 0.295318 secs using 1591% CPU
Optimizing NNI: done in 0.333848 secs using 1587% CPU
Optimizing NNI: done in 0.707253 secs using 1586% CPU
Optimizing NNI: done in 0.389515 secs using 1586% CPU
Optimizing NNI: done in 0.760861 secs using 1589% CPU
Optimizing NNI: done in 0.588707 secs using 1585% CPU
Optimizing NNI: done in 0.665063 secs using 1586% CPU
Optimizing NNI: done in 0.620933 secs using 1587% CPU
Optimizing NNI: done in 0.403354 secs using 1584% CPU
Optimizing NNI: done in 0.700199 secs using 1586% CPU
Iteration 270 / LogL: -5645.513 / Time: 0h:2m:40s (0h:0m:40s left)
Optimizing NNI: done in 0.725536 secs using 1586% CPU
Optimizing NNI: done in 0.461735 secs using 1587% CPU
Optimizing NNI: done in 0.298915 secs using 1589% CPU
Optimizing NNI: done in 0.706384 secs using 1589% CPU
Optimizing NNI: done in 0.391279 secs using 1587% CPU
Optimizing NNI: done in 0.625624 secs using 1588% CPU
Optimizing NNI: done in 0.535937 secs using 1588% CPU
Optimizing NNI: done in 0.787778 secs using 1588% CPU
Optimizing NNI: done in 0.59785 secs using 1587% CPU
Optimizing NNI: done in 0.716718 secs using 1586% CPU
Iteration 280 / LogL: -5601.814 / Time: 0h:2m:46s (0h:0m:34s left)
Optimizing NNI: done in 0.443381 secs using 1587% CPU
Optimizing NNI: done in 0.58765 secs using 1588% CPU
Optimizing NNI: done in 0.508991 secs using 1588% CPU
Optimizing NNI: done in 0.621415 secs using 1589% CPU
Optimizing NNI: done in 0.389303 secs using 1586% CPU
Optimizing NNI: done in 0.496159 secs using 1588% CPU
Optimizing NNI: done in 0.663519 secs using 1586% CPU
Optimizing NNI: done in 0.310384 secs using 1586% CPU
Optimizing NNI: done in 0.703446 secs using 1586% CPU
Optimizing NNI: done in 0.489999 secs using 1588% CPU
Iteration 290 / LogL: -5606.470 / Time: 0h:2m:51s (0h:0m:28s left)
Optimizing NNI: done in 0.456679 secs using 1588% CPU
Optimizing NNI: done in 0.343844 secs using 1586% CPU
Optimizing NNI: done in 0.675243 secs using 1587% CPU
Optimizing NNI: done in 0.759635 secs using 1589% CPU
Optimizing NNI: done in 0.61351 secs using 1589% CPU
Optimizing NNI: done in 0.668013 secs using 1587% CPU
Optimizing NNI: done in 0.661766 secs using 1584% CPU
Optimizing NNI: done in 0.414356 secs using 1588% CPU
Optimizing NNI: done in 0.557998 secs using 1587% CPU
Optimizing NNI: done in 0.629155 secs using 1587% CPU
Iteration 300 / LogL: -5602.695 / Time: 0h:2m:57s (0h:0m:22s left)
Log-likelihood cutoff on original alignment: -5665.829
NOTE: Bootstrap correlation coefficient of split occurrence frequencies: 0.991
Optimizing NNI: done in 1.01675 secs using 1515% CPU
Optimizing NNI: done in 0.568753 secs using 1589% CPU
Optimizing NNI: done in 0.774964 secs using 1588% CPU
Optimizing NNI: done in 0.87752 secs using 1587% CPU
Optimizing NNI: done in 0.527225 secs using 1587% CPU
Optimizing NNI: done in 0.586745 secs using 1585% CPU
Optimizing NNI: done in 0.43763 secs using 1588% CPU
Optimizing NNI: done in 0.39098 secs using 1588% CPU
Optimizing NNI: done in 0.401855 secs using 1587% CPU
Optimizing NNI: done in 0.741937 secs using 1588% CPU
Iteration 310 / LogL: -5601.815 / Time: 0h:3m:4s (0h:0m:53s left)
Optimizing NNI: done in 0.620752 secs using 1589% CPU
Optimizing NNI: done in 0.479672 secs using 1588% CPU
Optimizing NNI: done in 0.401569 secs using 1590% CPU
Optimizing NNI: done in 0.193079 secs using 1587% CPU
Optimizing NNI: done in 0.786409 secs using 1588% CPU
Optimizing NNI: done in 0.585428 secs using 1586% CPU
Optimizing NNI: done in 0.321973 secs using 1589% CPU
Optimizing NNI: done in 0.512591 secs using 1588% CPU
Optimizing NNI: done in 0.339518 secs using 1589% CPU
Optimizing NNI: done in 0.86407 secs using 1588% CPU
Iteration 320 / LogL: -5602.141 / Time: 0h:3m:9s (0h:0m:47s left)
Optimizing NNI: done in 0.588272 secs using 1587% CPU
Optimizing NNI: done in 0.468336 secs using 1588% CPU
Optimizing NNI: done in 0.747241 secs using 1587% CPU
Optimizing NNI: done in 0.50333 secs using 1586% CPU
Optimizing NNI: done in 0.515847 secs using 1585% CPU
Optimizing NNI: done in 0.658509 secs using 1585% CPU
Optimizing NNI: done in 0.798198 secs using 1587% CPU
Optimizing NNI: done in 0.462635 secs using 1590% CPU
Optimizing NNI: done in 0.805627 secs using 1589% CPU
Optimizing NNI: done in 0.54877 secs using 1588% CPU
Iteration 330 / LogL: -5601.813 / Time: 0h:3m:16s (0h:0m:41s left)
Optimizing NNI: done in 0.524012 secs using 1587% CPU
Optimizing NNI: done in 0.372348 secs using 1589% CPU
Optimizing NNI: done in 0.306344 secs using 1586% CPU
Optimizing NNI: done in 0.116735 secs using 1592% CPU
Optimizing NNI: done in 0.422896 secs using 1589% CPU
Optimizing NNI: done in 0.779794 secs using 1589% CPU
Optimizing NNI: done in 0.58482 secs using 1589% CPU
Optimizing NNI: done in 0.390448 secs using 1587% CPU
Optimizing NNI: done in 0.375589 secs using 1585% CPU
TREE SEARCH COMPLETED AFTER 339 ITERATIONS / Time: 0h:3m:20s

--------------------------------------------------------------------
|                    FINALIZING TREE SEARCH                        |
--------------------------------------------------------------------
Performs final model parameters optimization
Estimate model parameters (epsilon = 0.010)
1. Initial log-likelihood: -5601.813
Optimal log-likelihood: -5601.811
Gamma shape alpha: 0.807
Parameters optimization took 1 rounds (0.033 sec)
BEST SCORE FOUND : -5601.811
Creating bootstrap support values...
Split supports printed to NEXUS file results/per_year_clustered/H3N2/trees/H3N2_2023.splits.nex
Total tree length: 2.395

Total number of iterations: 339
CPU time used for tree search: 2970.613 sec (0h:49m:30s)
Wall-clock time used for tree search: 191.335 sec (0h:3m:11s)
Total CPU time used: 3096.546 sec (0h:51m:36s)
Total wall-clock time used: 200.702 sec (0h:3m:20s)

Computing bootstrap consensus tree...
Reading input file results/per_year_clustered/H3N2/trees/H3N2_2023.splits.nex...
74 taxa and 2393 splits.
Consensus tree written to results/per_year_clustered/H3N2/trees/H3N2_2023.contree
Reading input trees file results/per_year_clustered/H3N2/trees/H3N2_2023.contree
Log-likelihood of consensus tree: -5601.823

Analysis results written to: 
  IQ-TREE report:                results/per_year_clustered/H3N2/trees/H3N2_2023.iqtree
  Maximum-likelihood tree:       results/per_year_clustered/H3N2/trees/H3N2_2023.treefile
  Likelihood distances:          results/per_year_clustered/H3N2/trees/H3N2_2023.mldist

Ultrafast bootstrap approximation results written to:
  Split support values:          results/per_year_clustered/H3N2/trees/H3N2_2023.splits.nex
  Consensus tree:                results/per_year_clustered/H3N2/trees/H3N2_2023.contree
  Screen log file:               results/per_year_clustered/H3N2/trees/H3N2_2023.log

Date and Time: Thu Nov 20 18:55:09 2025
