IQ-TREE version 3.0.1 for Linux x86 64-bit built Jul  9 2025
Developed by Bui Quang Minh, Thomas Wong, Nhan Ly-Trong, Huaiyan Ren
Contributed by Lam-Tung Nguyen, Dominik Schrempf, Chris Bielow,
Olga Chernomor, Michael Woodhams, Diep Thi Hoang, Heiko Schmidt

Host:    rtis-hpc-r01.uod.otago.ac.nz (AVX2, FMA3, 1007 GB RAM)
Command: iqtree -s results/per_year_clustered/H3N2/alignments/H3N2_2014_aligned.fasta -m LG+G4 -te results/per_year_clustered/H3N2/trees/H3N2_2014.treefile -asr -pre results/per_year_clustered/H3N2/trees/H3N2_2014_asr -redo -quiet
Seed:    123594 (Using SPRNG - Scalable Parallel Random Number Generator)
Time:    Sat Nov 22 10:54:43 2025
Kernel:  AVX+FMA - 1 threads (8 CPU cores detected)

HINT: Use -nt option to specify number of threads because your CPU has 8 cores!
HINT: -nt AUTO will automatically determine the best number of threads to use.

Reading alignment file results/per_year_clustered/H3N2/alignments/H3N2_2014_aligned.fasta ... Fasta format detected
Reading fasta file: done in 0.000265187 secs using 66.37% CPU
Alignment most likely contains protein sequences
Constructing alignment: done in 0.000302697 secs using 19.82% CPU
Alignment has 29 sequences with 578 columns, 279 distinct patterns
319 parsimony-informative, 31 singleton sites, 228 constant sites
                                                                Gap/Ambiguity  Composition  p-value
Analyzing sequences: done in 2.4206e-05 secs
   1  EPI536470|HA|A/YAMAGATA/104/2014|EPI_ISL_164290|A_/_H3N2          2.08%    passed    100.00%
   2  EPI536482|HA|A/NARA/38/2014|EPI_ISL_164296|A_/_H3N2               2.08%    passed    100.00%
   3  EPI540125|HA|A/SAPPORO/117/2014|EPI_ISL_165765|A_/_H3N2           2.08%    passed    100.00%
   4  EPI541955|HA|A/Laos/O034/2014|EPI_ISL_166391|A_/_H3N2             2.08%    passed    100.00%
   5  EPI557631|HA|A/TOKYO/41724/2014|EPI_ISL_170446|A_/_H3N2           2.08%    passed    100.00%
   6  EPI564758|HA|A/Vietnam/630/2014|EPI_ISL_172604|A_/_H3N2           2.08%    passed    100.00%
   7  EPI684843|HA|A/Thailand/CU-B10345/2014|EPI_ISL_205386|A_/_H3N2    2.08%    passed    100.00%
   8  EPI684853|HA|A/Thailand/CU-B10828/2014|EPI_ISL_205389|A_/_H3N2    2.08%    passed    100.00%
   9  EPI684838|HA|A/Thailand/CU-CB166/2014|EPI_ISL_205392|A_/_H3N2     2.08%    passed    100.00%
  10  EPI684840|HA|A/Thailand/CU-B10283/2014|EPI_ISL_205447|A_/_H3N2    2.08%    passed    100.00%
  11  EPI684844|HA|A/Thailand/CU-B10421/2014|EPI_ISL_205448|A_/_H3N2    2.08%    passed    100.00%
  12  EPI689419|HA|A/Kumamoto/DS-182v/2014|EPI_ISL_206278|A_/_H3N2      2.08%    passed    100.00%
  13  EPI689442|HA|A/Fukuoka/DS-524/2014|EPI_ISL_206301|A_/_H3N2        2.08%    passed    100.00%
  14  EPI748168|HA|A/Singapore/GP1523/2014|EPI_ISL_219296|A_/_H3N2      2.08%    passed    100.00%
  15  EPI629996|HA|A/Vietnam/2/2014|EPI_ISL_192828|A_/_H3N2             2.08%    passed    100.00%
  16  EPI806276|HA|A/Kanagawa/JP-2/2014|EPI_ISL_229119|A_/_H3N2         2.08%    passed    100.00%
  17  EPI806284|HA|A/Hyogo/JP-115/2014|EPI_ISL_229127|A_/_H3N2          2.08%    passed    100.00%
  18  EPI806288|HA|A/Fukuoka/DS-47/2014|EPI_ISL_229131|A_/_H3N2         2.08%    passed    100.00%
  19  EPI806292|HA|A/Gunma/DS-126/2014|EPI_ISL_229135|A_/_H3N2          2.08%    passed    100.00%
  20  EPI806290|HA|A/Fukuoka/DS-84/2014|EPI_ISL_229133|A_/_H3N2         2.08%    passed    100.00%
  21  EPI536416|HA|A/Ukraine/86/2014|EPI_ISL_164264|A_/_H3N2            2.08%    passed    100.00%
  22  EPI537717|HA|A/Palau/6720/2014|EPI_ISL_164632|A_/_H3N2            2.08%    passed    100.00%
  23  EPI539691|HA|A/Tasmania/11/2014|EPI_ISL_165591|A_/_H3N2           2.08%    passed    100.00%
  24  EPI551752|HA|A/VICTORIA/1012/2014|EPI_ISL_168936|A_/_H3N2         2.08%    passed    100.00%
  25  EPI536847|HA|A/Ukraine/183/2014|EPI_ISL_164375|A_/_H1N1           2.08%    passed     34.98%
  26  EPI677813|HA|A/England/40800135/2014|EPI_ISL_202969|A_/_H1N1      2.08%    passed     39.38%
  27  EPI677893|HA|A/England/41420347/2014|EPI_ISL_202979|A_/_H1N1      2.08%    passed     51.14%
  28  EPI712166|HA|A/England/354/2014|EPI_ISL_212270|A_/_H1N1           2.08%    passed     46.50%
  29  EPI504743|HA|A/Stockholm/3/2014|EPI_ISL_155656|A_/_H1N1           2.08%    passed     50.24%
****  TOTAL                                                             2.08%  0 sequences failed composition chi2 test (p-value<5%; df=19)
Reading input tree file results/per_year_clustered/H3N2/trees/H3N2_2014.treefile ...

NOTE: 5 MB RAM (0 GB) is required!
Estimate model parameters (epsilon = 0.010)
1. Initial log-likelihood: -4155.284
2. Current log-likelihood: -4155.264
Optimal log-likelihood: -4155.258
Gamma shape alpha: 1.027
Parameters optimization took 2 rounds (0.116 sec)
Wrote distance file to... 
BEST SCORE FOUND : -4155.258
Ancestral state probabilities printed to results/per_year_clustered/H3N2/trees/H3N2_2014_asr.state
Total tree length: 1.843

Total number of iterations: 0
CPU time used for tree search: 0.000 sec (0h:0m:0s)
Wall-clock time used for tree search: 0.000 sec (0h:0m:0s)
Total CPU time used: 0.225 sec (0h:0m:0s)
Total wall-clock time used: 0.268 sec (0h:0m:0s)

Analysis results written to: 
  IQ-TREE report:                results/per_year_clustered/H3N2/trees/H3N2_2014_asr.iqtree
  Maximum-likelihood tree:       results/per_year_clustered/H3N2/trees/H3N2_2014_asr.treefile
  Ancestral state:               results/per_year_clustered/H3N2/trees/H3N2_2014_asr.state
  Screen log file:               results/per_year_clustered/H3N2/trees/H3N2_2014_asr.log

Date and Time: Sat Nov 22 10:54:43 2025
