IQ-TREE version 3.0.1 for Linux x86 64-bit built Jul  9 2025
Developed by Bui Quang Minh, Thomas Wong, Nhan Ly-Trong, Huaiyan Ren
Contributed by Lam-Tung Nguyen, Dominik Schrempf, Chris Bielow,
Olga Chernomor, Michael Woodhams, Diep Thi Hoang, Heiko Schmidt

Host:    rtis-hpc-r01.uod.otago.ac.nz (AVX2, FMA3, 1007 GB RAM)
Command: iqtree -s results/per_year_clustered/H3N2/alignments/H3N2_2009_with_designs.fasta -m LG+G4 -bb 1000 -nt 8 -pre results/per_year_clustered/H3N2/trees/H3N2_2009_with_designs -redo -quiet
Seed:    264031 (Using SPRNG - Scalable Parallel Random Number Generator)
Time:    Sat Nov 22 10:52:01 2025
Kernel:  AVX+FMA - 8 threads (8 CPU cores detected)

Reading alignment file results/per_year_clustered/H3N2/alignments/H3N2_2009_with_designs.fasta ... Fasta format detected
Reading fasta file: done in 0.000288811 secs using 49.86% CPU
Alignment most likely contains protein sequences
Constructing alignment: done in 0.000372879 secs using 1518% CPU
Alignment has 27 sequences with 578 columns, 262 distinct patterns
312 parsimony-informative, 23 singleton sites, 243 constant sites
                                                                                  Gap/Ambiguity  Composition  p-value
Analyzing sequences: done in 1.16825e-05 secs using 85.6% CPU
   1  EPI230829|HA|A/Thailand/CU-B110/2009|EPI_ISL_66165|A_/_H3N2                         2.08%    passed    100.00%
   2  EPI232585|HA|A/Nong_Khai/560/2009|EPI_ISL_66603|A_/_H3N2                            2.08%    passed    100.00%
   3  EPI232620|HA|A/Thailand/18/2009|EPI_ISL_66615|A_/_H3N2                              2.08%    passed    100.00%
   4  EPI193989|HA|A/Vietnam/N199/2009|EPI_ISL_34983|A_/_H3N2                             2.08%    passed    100.00%
   5  EPI241159|HA|A/Vietnam/312/2009|EPI_ISL_69329|A_/_H3N2                              2.08%    passed    100.00%
   6  EPI241162|HA|A/Vietnam/1769/2009|EPI_ISL_69330|A_/_H3N2                             2.08%    passed    100.00%
   7  EPI241174|HA|A/Vietnam/0941/2009|EPI_ISL_69334|A_/_H3N2                             2.08%    passed    100.00%
   8  EPI269940|HA|A/Singapore/534/2009|EPI_ISL_76622|A_/_H3N2                            2.08%    passed    100.00%
   9  EPI211737|HA|A/MALAYSIA/542/2009|EPI_ISL_60921|A_/_H3N2                             2.08%    passed    100.00%
  10  EPI211739|HA|A/MALAYSIA/720/2009|EPI_ISL_60922|A_/_H3N2                             2.08%    passed    100.00%
  11  EPI186304|HA|A/Malaysia/0032/2009|EPI_ISL_32481|A_/_H3N2                            2.08%    passed    100.00%
  12  EPI245658|HA|A/Stockholm/15/2009|EPI_ISL_70796|A_/_H3N2                             2.08%    passed    100.00%
  13  EPI269927|HA|A/Perth/673/2009|EPI_ISL_76619|A_/_H3N2                                2.08%    passed    100.00%
  14  EPI210283|HA|A/BRISBANE/54/2009|EPI_ISL_60149|A_/_H3N2                              2.08%    passed    100.00%
  15  EPI173254|HA|A/Victoria/500/2009|EPI_ISL_28580|A_/_H3N2                             2.08%    passed    100.00%
  16  EPI1444916|HA|A/Port_Moresby/2/2009|EPI_ISL_356787|A_/_H3N2                         2.08%    passed    100.00%
  17  EPI2079831|HA|A/Victoria/210/2009|EPI_ISL_13531325|A_/_H3N2                         2.08%    passed    100.00%
  18  EPI228244|HA|A/PERTH/160/2009|EPI_ISL_65123|A_/_H3N2                                2.08%    passed    100.00%
  19  EPI229812|HA|A/Sweden/19/2009|EPI_ISL_65724|A_/_H1N1                                2.08%    passed     54.66%
  20  EPI336215|HA|A/England/1051/2009|EPI_ISL_96239|A_/_H1N1                             2.08%    passed     46.16%
  21  EPI336291|HA|A/England/94720002/2009|EPI_ISL_96315|A_/_H1N1                         2.08%    passed     40.76%
  22  EPI336354|HA|A/England/94360008/2009|EPI_ISL_96378|A_/_H1N1                         2.08%    passed     37.97%
  23  EPI336412|HA|A/England/94200009/2009|EPI_ISL_96436|A_/_H1N1                         2.08%    passed     31.63%
  24  H3N2_2009_Consensus_Aligned                                                         0.00%    passed    100.00%
  25  H3N2_2009_Medoid_Aligned|EPI193989|HA|A/Vietnam/N199/2009|EPI_ISL_34983|A_/_H3N2    2.08%    passed    100.00%
  26  H3N2_2009_Ancestral_Aligned_Node6                                                   0.00%    passed    100.00%
  27  H3N2_2009_COBRA_Aligned                                                             0.52%    passed    100.00%
****  TOTAL                                                                               1.86%  0 sequences failed composition chi2 test (p-value<5%; df=19)
NOTE: H3N2_2009_Medoid_Aligned|EPI193989|HA|A/Vietnam/N199/2009|EPI_ISL_34983|A_/_H3N2 is identical to EPI193989|HA|A/Vietnam/N199/2009|EPI_ISL_34983|A_/_H3N2 but kept for subsequent analysis
Checking for duplicate sequences: done in 5.63245e-05 secs using 90.55% CPU
Creating fast initial parsimony tree by random order stepwise addition...
0.007 seconds, parsimony score: 404 (based on 335 sites)
Generating 1000 samples for ultrafast bootstrap (seed: 264031)...

NOTE: 5 MB RAM (0 GB) is required!
Estimate model parameters (epsilon = 0.100)
1. Initial log-likelihood: -3707.580
2. Current log-likelihood: -3702.479
3. Current log-likelihood: -3702.355
Optimal log-likelihood: -3702.317
Gamma shape alpha: 1.154
Parameters optimization took 3 rounds (0.054 sec)
Wrote distance file to... 
Computing ML distances based on estimated model parameters...
Calculating distance matrix: done in 0.0100265 secs using 811.7% CPU
Computing ML distances took 0.010069 sec (of wall-clock time) 0.081433 sec (of CPU time)
Setting up auxiliary I and S matrices: done in 0.000526519 secs using 167.1% CPU
Constructing RapidNJ tree: done in 0.0228926 secs using 91.01% CPU
Computing RapidNJ tree took 0.023467 sec (of wall-clock time) 0.021742 sec (of CPU time)
Log-likelihood of RapidNJ tree: -3697.216
--------------------------------------------------------------------
|             INITIALIZING CANDIDATE TREE SET                      |
--------------------------------------------------------------------
Generating 98 parsimony trees... 0.029 second
Computing log-likelihood of 98 initial trees ... 0.500 seconds
Current best score: -3686.888

Do NNI search on 20 best initial trees
Optimizing NNI: done in 0.0752723 secs using 789.7% CPU
Estimate model parameters (epsilon = 0.100)
BETTER TREE FOUND at iteration 1: -3686.789
Optimizing NNI: done in 0.107096 secs using 793.6% CPU
Optimizing NNI: done in 0.129694 secs using 795% CPU
Optimizing NNI: done in 0.146071 secs using 793% CPU
Estimate model parameters (epsilon = 0.100)
BETTER TREE FOUND at iteration 4: -3686.561
Optimizing NNI: done in 0.104871 secs using 795% CPU
Optimizing NNI: done in 0.134457 secs using 797.1% CPU
Optimizing NNI: done in 0.109702 secs using 797.2% CPU
Optimizing NNI: done in 0.153187 secs using 793% CPU
Optimizing NNI: done in 0.106675 secs using 795.4% CPU
Optimizing NNI: done in 0.119619 secs using 794.8% CPU
Iteration 10 / LogL: -3688.281 / Time: 0h:0m:1s
Optimizing NNI: done in 0.114561 secs using 789.1% CPU
Optimizing NNI: done in 0.207285 secs using 796.2% CPU
Estimate model parameters (epsilon = 0.100)
BETTER TREE FOUND at iteration 12: -3686.514
Optimizing NNI: done in 0.113765 secs using 795% CPU
Optimizing NNI: done in 0.111803 secs using 792.9% CPU
Optimizing NNI: done in 0.11672 secs using 797.1% CPU
Estimate model parameters (epsilon = 0.100)
BETTER TREE FOUND at iteration 15: -3686.294
Optimizing NNI: done in 0.100654 secs using 790.8% CPU
Optimizing NNI: done in 0.172043 secs using 793.7% CPU
Optimizing NNI: done in 0.0934644 secs using 790.9% CPU
Optimizing NNI: done in 0.091613 secs using 797.3% CPU
Optimizing NNI: done in 0.149517 secs using 796.1% CPU
Iteration 20 / LogL: -3687.342 / Time: 0h:0m:3s
Finish initializing candidate tree set (20)
Current best tree score: -3686.294 / CPU time: 3.076
Number of iterations: 20
--------------------------------------------------------------------
|               OPTIMIZING CANDIDATE TREE SET                      |
--------------------------------------------------------------------
Optimizing NNI: done in 0.143932 secs using 794.8% CPU
Optimizing NNI: done in 0.111924 secs using 793.1% CPU
Optimizing NNI: done in 0.191162 secs using 795.9% CPU
Optimizing NNI: done in 0.100864 secs using 792.3% CPU
Optimizing NNI: done in 0.17982 secs using 794.8% CPU
Optimizing NNI: done in 0.104768 secs using 790.2% CPU
Optimizing NNI: done in 0.105039 secs using 794.8% CPU
Optimizing NNI: done in 0.0843217 secs using 790.3% CPU
Optimizing NNI: done in 0.107784 secs using 795.9% CPU
Optimizing NNI: done in 0.0801168 secs using 792.8% CPU
Iteration 30 / LogL: -3697.260 / Time: 0h:0m:4s (0h:0m:13s left)
Optimizing NNI: done in 0.0581101 secs using 790.7% CPU
Optimizing NNI: done in 0.21207 secs using 794.5% CPU
Optimizing NNI: done in 0.134533 secs using 790.2% CPU
Optimizing NNI: done in 0.0998222 secs using 795.4% CPU
Optimizing NNI: done in 0.0801187 secs using 802.8% CPU
Optimizing NNI: done in 0.175992 secs using 795.5% CPU
Optimizing NNI: done in 0.186855 secs using 794.8% CPU
Optimizing NNI: done in 0.151451 secs using 791.1% CPU
Optimizing NNI: done in 0.109367 secs using 790.1% CPU
Optimizing NNI: done in 0.100904 secs using 794.6% CPU
Iteration 40 / LogL: -3686.298 / Time: 0h:0m:5s (0h:0m:11s left)
Optimizing NNI: done in 0.0804593 secs using 797.4% CPU
Optimizing NNI: done in 0.0493936 secs using 789.6% CPU
Optimizing NNI: done in 0.0802258 secs using 791.8% CPU
Optimizing NNI: done in 0.147982 secs using 794% CPU
Optimizing NNI: done in 0.134773 secs using 789.2% CPU
Optimizing NNI: done in 0.203534 secs using 796% CPU
Optimizing NNI: done in 0.176065 secs using 794.3% CPU
Optimizing NNI: done in 0.103594 secs using 797% CPU
Optimizing NNI: done in 0.143952 secs using 793.3% CPU
Optimizing NNI: done in 0.153302 secs using 795% CPU
Iteration 50 / LogL: -3686.584 / Time: 0h:0m:7s (0h:0m:9s left)
Log-likelihood cutoff on original alignment: -3706.132
Optimizing NNI: done in 0.116218 secs using 791.9% CPU
Optimizing NNI: done in 0.247797 secs using 791.7% CPU
Optimizing NNI: done in 0.18836 secs using 791.5% CPU
Optimizing NNI: done in 0.10704 secs using 794.8% CPU
Optimizing NNI: done in 0.0798513 secs using 786.3% CPU
Optimizing NNI: done in 0.146127 secs using 791.8% CPU
Optimizing NNI: done in 0.112694 secs using 797.2% CPU
Optimizing NNI: done in 0.174825 secs using 793.5% CPU
Optimizing NNI: done in 0.11582 secs using 795.5% CPU
Optimizing NNI: done in 0.147651 secs using 789.3% CPU
Iteration 60 / LogL: -3696.447 / Time: 0h:0m:8s (0h:0m:8s left)
Optimizing NNI: done in 0.106038 secs using 794.2% CPU
Optimizing NNI: done in 0.180001 secs using 791.8% CPU
Optimizing NNI: done in 0.169843 secs using 793.5% CPU
Optimizing NNI: done in 0.193512 secs using 794.3% CPU
Optimizing NNI: done in 0.0908253 secs using 796.7% CPU
Optimizing NNI: done in 0.11351 secs using 797.4% CPU
Optimizing NNI: done in 0.159056 secs using 798.6% CPU
Optimizing NNI: done in 0.132034 secs using 791.3% CPU
Optimizing NNI: done in 0.188728 secs using 794.6% CPU
Optimizing NNI: done in 0.154361 secs using 796.4% CPU
Iteration 70 / LogL: -3686.296 / Time: 0h:0m:10s (0h:0m:6s left)
Optimizing NNI: done in 0.137045 secs using 794.3% CPU
Optimizing NNI: done in 0.0461243 secs using 791.1% CPU
Optimizing NNI: done in 0.0968397 secs using 794.4% CPU
Optimizing NNI: done in 0.155958 secs using 794.7% CPU
Optimizing NNI: done in 0.118496 secs using 796.3% CPU
Optimizing NNI: done in 0.0969792 secs using 794.6% CPU
Optimizing NNI: done in 0.105655 secs using 796.5% CPU
Optimizing NNI: done in 0.0970305 secs using 793.7% CPU
Optimizing NNI: done in 0.0535012 secs using 801.6% CPU
Optimizing NNI: done in 0.198339 secs using 793.4% CPU
Iteration 80 / LogL: -3686.295 / Time: 0h:0m:11s (0h:0m:5s left)
Optimizing NNI: done in 0.0685912 secs using 788.9% CPU
UPDATE BEST LOG-LIKELIHOOD: -3686.293
Optimizing NNI: done in 0.0795622 secs using 784% CPU
Optimizing NNI: done in 0.14157 secs using 797.1% CPU
Optimizing NNI: done in 0.0977289 secs using 795% CPU
Optimizing NNI: done in 0.0907947 secs using 794.3% CPU
Optimizing NNI: done in 0.0881366 secs using 791.7% CPU
Optimizing NNI: done in 0.150663 secs using 791.5% CPU
Optimizing NNI: done in 0.127936 secs using 792.3% CPU
Optimizing NNI: done in 0.0771297 secs using 792.6% CPU
Optimizing NNI: done in 0.188143 secs using 796.8% CPU
Iteration 90 / LogL: -3686.297 / Time: 0h:0m:12s (0h:0m:3s left)
Optimizing NNI: done in 0.0661527 secs using 793.7% CPU
Optimizing NNI: done in 0.169693 secs using 793% CPU
Optimizing NNI: done in 0.160585 secs using 795% CPU
Optimizing NNI: done in 0.122915 secs using 794.2% CPU
Optimizing NNI: done in 0.150225 secs using 798.9% CPU
Optimizing NNI: done in 0.125224 secs using 799.6% CPU
Optimizing NNI: done in 0.211184 secs using 792.7% CPU
Optimizing NNI: done in 0.083864 secs using 795.1% CPU
Optimizing NNI: done in 0.128328 secs using 789.5% CPU
Optimizing NNI: done in 0.126087 secs using 791.6% CPU
Iteration 100 / LogL: -3686.295 / Time: 0h:0m:13s (0h:0m:2s left)
Log-likelihood cutoff on original alignment: -3706.132
NOTE: Bootstrap correlation coefficient of split occurrence frequencies: 0.997
Optimizing NNI: done in 0.20503 secs using 792.9% CPU
Optimizing NNI: done in 0.0775742 secs using 789.1% CPU
Optimizing NNI: done in 0.108989 secs using 795.2% CPU
Optimizing NNI: done in 0.0815711 secs using 797.6% CPU
BETTER TREE FOUND at iteration 104: -3686.293
Optimizing NNI: done in 0.197279 secs using 796.7% CPU
Optimizing NNI: done in 0.11478 secs using 795.5% CPU
Optimizing NNI: done in 0.178488 secs using 795.9% CPU
Optimizing NNI: done in 0.0965638 secs using 798.4% CPU
Optimizing NNI: done in 0.143333 secs using 790.7% CPU
Optimizing NNI: done in 0.187551 secs using 792.1% CPU
Iteration 110 / LogL: -3686.295 / Time: 0h:0m:15s (0h:0m:13s left)
Optimizing NNI: done in 0.121382 secs using 788.7% CPU
Optimizing NNI: done in 0.106819 secs using 796.3% CPU
Optimizing NNI: done in 0.148871 secs using 786.8% CPU
Optimizing NNI: done in 0.122405 secs using 791.1% CPU
Optimizing NNI: done in 0.117534 secs using 796% CPU
Optimizing NNI: done in 0.22105 secs using 794.1% CPU
Optimizing NNI: done in 0.131676 secs using 790.7% CPU
Optimizing NNI: done in 0.109727 secs using 788.5% CPU
Optimizing NNI: done in 0.0940877 secs using 794.3% CPU
Optimizing NNI: done in 0.212523 secs using 793.4% CPU
Iteration 120 / LogL: -3686.297 / Time: 0h:0m:16s (0h:0m:11s left)
Optimizing NNI: done in 0.110279 secs using 791.5% CPU
Optimizing NNI: done in 0.0595935 secs using 786.6% CPU
Optimizing NNI: done in 0.169771 secs using 790.1% CPU
Optimizing NNI: done in 0.178346 secs using 791.6% CPU
Optimizing NNI: done in 0.0691567 secs using 793.6% CPU
Optimizing NNI: done in 0.150971 secs using 795.2% CPU
Optimizing NNI: done in 0.115341 secs using 792.1% CPU
Optimizing NNI: done in 0.145332 secs using 792% CPU
Optimizing NNI: done in 0.108265 secs using 795.1% CPU
Optimizing NNI: done in 0.145546 secs using 789.7% CPU
Iteration 130 / LogL: -3686.297 / Time: 0h:0m:18s (0h:0m:10s left)
Optimizing NNI: done in 0.0925228 secs using 790.3% CPU
Optimizing NNI: done in 0.0751469 secs using 803.1% CPU
Optimizing NNI: done in 0.105368 secs using 790.9% CPU
Optimizing NNI: done in 0.122786 secs using 789.1% CPU
Optimizing NNI: done in 0.211758 secs using 790.6% CPU
Optimizing NNI: done in 0.0767639 secs using 786.1% CPU
Optimizing NNI: done in 0.0820855 secs using 791.8% CPU
Optimizing NNI: done in 0.14213 secs using 793.7% CPU
Optimizing NNI: done in 0.0888673 secs using 788.3% CPU
Optimizing NNI: done in 0.120118 secs using 794.5% CPU
Iteration 140 / LogL: -3686.295 / Time: 0h:0m:19s (0h:0m:8s left)
Optimizing NNI: done in 0.0840649 secs using 792.1% CPU
Optimizing NNI: done in 0.122706 secs using 793.9% CPU
Optimizing NNI: done in 0.15725 secs using 796.1% CPU
Optimizing NNI: done in 0.224528 secs using 794.6% CPU
Optimizing NNI: done in 0.151539 secs using 790.2% CPU
Optimizing NNI: done in 0.187564 secs using 790.3% CPU
Optimizing NNI: done in 0.0828836 secs using 793.4% CPU
Optimizing NNI: done in 0.0813351 secs using 790.9% CPU
Optimizing NNI: done in 0.192606 secs using 791.8% CPU
Optimizing NNI: done in 0.123629 secs using 785.9% CPU
Iteration 150 / LogL: -3686.298 / Time: 0h:0m:20s (0h:0m:7s left)
Log-likelihood cutoff on original alignment: -3706.880
Optimizing NNI: done in 0.0819977 secs using 794.7% CPU
Optimizing NNI: done in 0.204094 secs using 794.2% CPU
Optimizing NNI: done in 0.100341 secs using 790.9% CPU
Optimizing NNI: done in 0.109436 secs using 792.2% CPU
Optimizing NNI: done in 0.113958 secs using 793.6% CPU
Optimizing NNI: done in 0.171397 secs using 796.8% CPU
BETTER TREE FOUND at iteration 156: -3686.293
Optimizing NNI: done in 0.123143 secs using 799.7% CPU
Optimizing NNI: done in 0.0579117 secs using 784.2% CPU
Optimizing NNI: done in 0.0487613 secs using 798.5% CPU
Optimizing NNI: done in 0.105875 secs using 794% CPU
Iteration 160 / LogL: -3686.295 / Time: 0h:0m:21s (0h:0m:13s left)
Optimizing NNI: done in 0.182746 secs using 793.8% CPU
Optimizing NNI: done in 0.165267 secs using 790.7% CPU
Optimizing NNI: done in 0.11128 secs using 791.3% CPU
Optimizing NNI: done in 0.156754 secs using 792.7% CPU
Optimizing NNI: done in 0.103842 secs using 795% CPU
Optimizing NNI: done in 0.174915 secs using 792.4% CPU
Optimizing NNI: done in 0.156959 secs using 795.3% CPU
Optimizing NNI: done in 0.134913 secs using 794.7% CPU
Optimizing NNI: done in 0.0761043 secs using 791% CPU
Optimizing NNI: done in 0.144659 secs using 794.2% CPU
Iteration 170 / LogL: -3686.295 / Time: 0h:0m:23s (0h:0m:11s left)
Optimizing NNI: done in 0.104323 secs using 789.6% CPU
Optimizing NNI: done in 0.105086 secs using 793.3% CPU
Optimizing NNI: done in 0.0848114 secs using 794% CPU
Optimizing NNI: done in 0.167176 secs using 793.6% CPU
Optimizing NNI: done in 0.197867 secs using 793.1% CPU
Optimizing NNI: done in 0.20114 secs using 792.2% CPU
Optimizing NNI: done in 0.181863 secs using 793.3% CPU
Optimizing NNI: done in 0.155734 secs using 794.3% CPU
Optimizing NNI: done in 0.161915 secs using 793.7% CPU
Optimizing NNI: done in 0.10638 secs using 792.6% CPU
Iteration 180 / LogL: -3686.296 / Time: 0h:0m:24s (0h:0m:10s left)
Optimizing NNI: done in 0.221237 secs using 792.1% CPU
Optimizing NNI: done in 0.103285 secs using 791.2% CPU
Optimizing NNI: done in 0.194406 secs using 796.1% CPU
Optimizing NNI: done in 0.229427 secs using 792% CPU
Optimizing NNI: done in 0.153398 secs using 793.9% CPU
Optimizing NNI: done in 0.0617897 secs using 786.1% CPU
Optimizing NNI: done in 0.0532708 secs using 791.3% CPU
Optimizing NNI: done in 0.0944771 secs using 796.9% CPU
Optimizing NNI: done in 0.0986856 secs using 788.2% CPU
Optimizing NNI: done in 0.15057 secs using 796.7% CPU
Iteration 190 / LogL: -3686.294 / Time: 0h:0m:26s (0h:0m:9s left)
Optimizing NNI: done in 0.141322 secs using 792.6% CPU
Optimizing NNI: done in 0.105239 secs using 790.2% CPU
Optimizing NNI: done in 0.195194 secs using 791% CPU
Optimizing NNI: done in 0.108086 secs using 793.4% CPU
Optimizing NNI: done in 0.163549 secs using 794.3% CPU
Optimizing NNI: done in 0.0630491 secs using 794.2% CPU
Optimizing NNI: done in 0.0782241 secs using 792.8% CPU
Optimizing NNI: done in 0.100445 secs using 796.7% CPU
Optimizing NNI: done in 0.0736174 secs using 789.1% CPU
Optimizing NNI: done in 0.137587 secs using 794.8% CPU
Iteration 200 / LogL: -4736.356 / Time: 0h:0m:27s (0h:0m:7s left)
Log-likelihood cutoff on original alignment: -3707.196
NOTE: Bootstrap correlation coefficient of split occurrence frequencies: 0.986
NOTE: UFBoot does not converge, continue at least 100 more iterations
Optimizing NNI: done in 0.0974738 secs using 791.4% CPU
Optimizing NNI: done in 0.124873 secs using 793.1% CPU
Optimizing NNI: done in 0.0866618 secs using 787.4% CPU
Optimizing NNI: done in 0.113264 secs using 793.3% CPU
Optimizing NNI: done in 0.125832 secs using 794.4% CPU
Optimizing NNI: done in 0.174363 secs using 796.5% CPU
BETTER TREE FOUND at iteration 206: -3686.293
Optimizing NNI: done in 0.096809 secs using 795.5% CPU
Optimizing NNI: done in 0.0980583 secs using 793.7% CPU
Optimizing NNI: done in 0.053567 secs using 800.7% CPU
Optimizing NNI: done in 0.146794 secs using 794.7% CPU
Iteration 210 / LogL: -3686.296 / Time: 0h:0m:28s (0h:0m:13s left)
Optimizing NNI: done in 0.195755 secs using 794.6% CPU
Optimizing NNI: done in 0.0890664 secs using 794.6% CPU
Optimizing NNI: done in 0.11858 secs using 795.7% CPU
Optimizing NNI: done in 0.103309 secs using 792.8% CPU
Optimizing NNI: done in 0.158236 secs using 793.2% CPU
Optimizing NNI: done in 0.102948 secs using 794.5% CPU
Optimizing NNI: done in 0.162117 secs using 793.9% CPU
Optimizing NNI: done in 0.143987 secs using 794.7% CPU
Optimizing NNI: done in 0.0783433 secs using 789.5% CPU
Optimizing NNI: done in 0.116506 secs using 792% CPU
Iteration 220 / LogL: -3686.293 / Time: 0h:0m:30s (0h:0m:11s left)
Optimizing NNI: done in 0.132417 secs using 792.2% CPU
Optimizing NNI: done in 0.106032 secs using 794% CPU
Optimizing NNI: done in 0.0821723 secs using 792% CPU
Optimizing NNI: done in 0.107828 secs using 793.4% CPU
Optimizing NNI: done in 0.0579198 secs using 794.4% CPU
Optimizing NNI: done in 0.0920521 secs using 791.3% CPU
Optimizing NNI: done in 0.154476 secs using 796% CPU
Optimizing NNI: done in 0.151685 secs using 793.1% CPU
Optimizing NNI: done in 0.0732738 secs using 789.8% CPU
Optimizing NNI: done in 0.134947 secs using 790.2% CPU
Iteration 230 / LogL: -3686.295 / Time: 0h:0m:31s (0h:0m:10s left)
Optimizing NNI: done in 0.106137 secs using 792.2% CPU
Optimizing NNI: done in 0.106718 secs using 788.6% CPU
Optimizing NNI: done in 0.197585 secs using 795.2% CPU
Optimizing NNI: done in 0.215136 secs using 792.9% CPU
Optimizing NNI: done in 0.163406 secs using 792% CPU
Optimizing NNI: done in 0.129101 secs using 793.8% CPU
Optimizing NNI: done in 0.13301 secs using 794.1% CPU
Optimizing NNI: done in 0.104732 secs using 795.7% CPU
Optimizing NNI: done in 0.0823182 secs using 789.5% CPU
Optimizing NNI: done in 0.139143 secs using 790.6% CPU
Iteration 240 / LogL: -3686.296 / Time: 0h:0m:32s (0h:0m:8s left)
Optimizing NNI: done in 0.0511328 secs using 804.7% CPU
Optimizing NNI: done in 0.154273 secs using 791.2% CPU
Optimizing NNI: done in 0.206967 secs using 793.7% CPU
Optimizing NNI: done in 0.146085 secs using 793.2% CPU
Optimizing NNI: done in 0.0503589 secs using 804% CPU
Optimizing NNI: done in 0.192672 secs using 794.2% CPU
Optimizing NNI: done in 0.0765263 secs using 787.6% CPU
Optimizing NNI: done in 0.140549 secs using 791.5% CPU
Optimizing NNI: done in 0.268155 secs using 791.1% CPU
Optimizing NNI: done in 0.14687 secs using 794.6% CPU
Iteration 250 / LogL: -3686.293 / Time: 0h:0m:34s (0h:0m:7s left)
Log-likelihood cutoff on original alignment: -3707.196
Optimizing NNI: done in 0.127974 secs using 792.1% CPU
Optimizing NNI: done in 0.10305 secs using 793.7% CPU
Optimizing NNI: done in 0.0917717 secs using 796.6% CPU
Optimizing NNI: done in 0.100439 secs using 797.9% CPU
Optimizing NNI: done in 0.141747 secs using 795.6% CPU
Optimizing NNI: done in 0.10087 secs using 794.9% CPU
Optimizing NNI: done in 0.212983 secs using 793.3% CPU
Optimizing NNI: done in 0.115245 secs using 792.8% CPU
Optimizing NNI: done in 0.13546 secs using 795.8% CPU
Optimizing NNI: done in 0.219907 secs using 794.4% CPU
Iteration 260 / LogL: -3686.581 / Time: 0h:0m:35s (0h:0m:6s left)
Optimizing NNI: done in 0.101771 secs using 793.8% CPU
Optimizing NNI: done in 0.0726065 secs using 797.6% CPU
Optimizing NNI: done in 0.126497 secs using 790.7% CPU
Optimizing NNI: done in 0.117623 secs using 789.6% CPU
Optimizing NNI: done in 0.128747 secs using 792.3% CPU
Optimizing NNI: done in 0.108213 secs using 791.6% CPU
Optimizing NNI: done in 0.172148 secs using 794.3% CPU
Optimizing NNI: done in 0.122058 secs using 791.4% CPU
Optimizing NNI: done in 0.1544 secs using 790.6% CPU
Optimizing NNI: done in 0.10934 secs using 789.8% CPU
Iteration 270 / LogL: -3686.296 / Time: 0h:0m:36s (0h:0m:4s left)
Optimizing NNI: done in 0.0856136 secs using 794.6% CPU
Optimizing NNI: done in 0.176792 secs using 793.5% CPU
Optimizing NNI: done in 0.0752929 secs using 792.2% CPU
Optimizing NNI: done in 0.181588 secs using 792.1% CPU
Optimizing NNI: done in 0.0918617 secs using 787.5% CPU
Optimizing NNI: done in 0.0975655 secs using 790.1% CPU
Optimizing NNI: done in 0.214558 secs using 791.9% CPU
Optimizing NNI: done in 0.147683 secs using 796.6% CPU
Optimizing NNI: done in 0.116103 secs using 792.7% CPU
Optimizing NNI: done in 0.182841 secs using 794.2% CPU
Iteration 280 / LogL: -4736.601 / Time: 0h:0m:38s (0h:0m:3s left)
Optimizing NNI: done in 0.100239 secs using 792.4% CPU
Optimizing NNI: done in 0.0780744 secs using 793% CPU
Optimizing NNI: done in 0.141644 secs using 795.4% CPU
Optimizing NNI: done in 0.0774086 secs using 790% CPU
Optimizing NNI: done in 0.109049 secs using 792.9% CPU
BETTER TREE FOUND at iteration 285: -3686.293
Optimizing NNI: done in 0.0700047 secs using 791.8% CPU
Optimizing NNI: done in 0.106529 secs using 793.5% CPU
Optimizing NNI: done in 0.183275 secs using 793.5% CPU
Optimizing NNI: done in 0.105537 secs using 797.2% CPU
Optimizing NNI: done in 0.161074 secs using 791.7% CPU
Iteration 290 / LogL: -3686.296 / Time: 0h:0m:39s (0h:0m:12s left)
Optimizing NNI: done in 0.109607 secs using 787.6% CPU
Optimizing NNI: done in 0.21942 secs using 792% CPU
Optimizing NNI: done in 0.0729087 secs using 794.3% CPU
Optimizing NNI: done in 0.0949157 secs using 792.4% CPU
Optimizing NNI: done in 0.0453385 secs using 789.7% CPU
Optimizing NNI: done in 0.0699697 secs using 793.8% CPU
Optimizing NNI: done in 0.0463248 secs using 788.2% CPU
Optimizing NNI: done in 0.191041 secs using 791.3% CPU
Optimizing NNI: done in 0.100563 secs using 797.2% CPU
Optimizing NNI: done in 0.166149 secs using 793.4% CPU
Iteration 300 / LogL: -3686.295 / Time: 0h:0m:40s (0h:0m:11s left)
Log-likelihood cutoff on original alignment: -3707.196
NOTE: Bootstrap correlation coefficient of split occurrence frequencies: 0.994
Optimizing NNI: done in 0.109065 secs using 793.6% CPU
Optimizing NNI: done in 0.124018 secs using 794.9% CPU
Optimizing NNI: done in 0.181593 secs using 792.6% CPU
Optimizing NNI: done in 0.139625 secs using 794.1% CPU
Optimizing NNI: done in 0.193941 secs using 794% CPU
Optimizing NNI: done in 0.161863 secs using 795.3% CPU
Optimizing NNI: done in 0.0783011 secs using 788.7% CPU
Optimizing NNI: done in 0.102938 secs using 794% CPU
Optimizing NNI: done in 0.0762462 secs using 790.9% CPU
Optimizing NNI: done in 0.197629 secs using 794.6% CPU
Iteration 310 / LogL: -3686.296 / Time: 0h:0m:42s (0h:0m:12s left)
Optimizing NNI: done in 0.0778438 secs using 796.7% CPU
Optimizing NNI: done in 0.16438 secs using 791.2% CPU
Optimizing NNI: done in 0.141375 secs using 797.4% CPU
Optimizing NNI: done in 0.1387 secs using 788.7% CPU
Optimizing NNI: done in 0.0648521 secs using 796.6% CPU
Optimizing NNI: done in 0.172335 secs using 797.3% CPU
Optimizing NNI: done in 0.0776552 secs using 788.9% CPU
Optimizing NNI: done in 0.0974877 secs using 797.4% CPU
Optimizing NNI: done in 0.0541372 secs using 791.2% CPU
Optimizing NNI: done in 0.121057 secs using 792.1% CPU
Iteration 320 / LogL: -3686.585 / Time: 0h:0m:43s (0h:0m:10s left)
Optimizing NNI: done in 0.0516436 secs using 786.3% CPU
Optimizing NNI: done in 0.0527079 secs using 795.4% CPU
Optimizing NNI: done in 0.0829918 secs using 795.2% CPU
Optimizing NNI: done in 0.182441 secs using 791.9% CPU
Optimizing NNI: done in 0.0972796 secs using 791.9% CPU
Optimizing NNI: done in 0.177093 secs using 793.1% CPU
Optimizing NNI: done in 0.094205 secs using 792.6% CPU
Optimizing NNI: done in 0.130687 secs using 796% CPU
Optimizing NNI: done in 0.114873 secs using 795.1% CPU
Optimizing NNI: done in 0.190797 secs using 794.4% CPU
BETTER TREE FOUND at iteration 330: -3686.293
Iteration 330 / LogL: -3686.293 / Time: 0h:0m:44s (0h:0m:13s left)
Optimizing NNI: done in 0.201246 secs using 797.4% CPU
Optimizing NNI: done in 0.164739 secs using 790.3% CPU
Optimizing NNI: done in 0.0758821 secs using 793.5% CPU
Optimizing NNI: done in 0.175415 secs using 796.9% CPU
Optimizing NNI: done in 0.193256 secs using 796.8% CPU
Optimizing NNI: done in 0.179719 secs using 790.8% CPU
Optimizing NNI: done in 0.13918 secs using 797.9% CPU
Optimizing NNI: done in 0.110077 secs using 792.1% CPU
Optimizing NNI: done in 0.191238 secs using 792.3% CPU
Optimizing NNI: done in 0.156224 secs using 792.8% CPU
Iteration 340 / LogL: -3686.584 / Time: 0h:0m:46s (0h:0m:12s left)
Optimizing NNI: done in 0.0816013 secs using 797.4% CPU
Optimizing NNI: done in 0.150972 secs using 793.8% CPU
Optimizing NNI: done in 0.115725 secs using 789.9% CPU
Optimizing NNI: done in 0.130868 secs using 794.2% CPU
Optimizing NNI: done in 0.100709 secs using 795% CPU
Optimizing NNI: done in 0.0899907 secs using 794.1% CPU
Optimizing NNI: done in 0.0828954 secs using 795% CPU
Optimizing NNI: done in 0.0792118 secs using 793.5% CPU
Optimizing NNI: done in 0.152824 secs using 793.5% CPU
Optimizing NNI: done in 0.227257 secs using 793.8% CPU
Iteration 350 / LogL: -3686.294 / Time: 0h:0m:47s (0h:0m:10s left)
Log-likelihood cutoff on original alignment: -3707.339
Optimizing NNI: done in 0.174284 secs using 792.5% CPU
Optimizing NNI: done in 0.190246 secs using 795.5% CPU
Optimizing NNI: done in 0.0852436 secs using 792.1% CPU
Optimizing NNI: done in 0.133977 secs using 795.1% CPU
Optimizing NNI: done in 0.103843 secs using 788.6% CPU
Optimizing NNI: done in 0.146515 secs using 795.5% CPU
Optimizing NNI: done in 0.131725 secs using 795.8% CPU
Optimizing NNI: done in 0.16839 secs using 796.6% CPU
Optimizing NNI: done in 0.103828 secs using 786.4% CPU
Optimizing NNI: done in 0.0760364 secs using 794.5% CPU
Iteration 360 / LogL: -3686.293 / Time: 0h:0m:48s (0h:0m:9s left)
Optimizing NNI: done in 0.0999014 secs using 794.9% CPU
Optimizing NNI: done in 0.211247 secs using 795.3% CPU
Optimizing NNI: done in 0.222899 secs using 793.1% CPU
Optimizing NNI: done in 0.17444 secs using 791.1% CPU
Optimizing NNI: done in 0.171701 secs using 794.8% CPU
Optimizing NNI: done in 0.116185 secs using 794.1% CPU
Optimizing NNI: done in 0.166743 secs using 795.4% CPU
Optimizing NNI: done in 0.195945 secs using 793.9% CPU
Optimizing NNI: done in 0.120919 secs using 792.5% CPU
Optimizing NNI: done in 0.0928518 secs using 786.7% CPU
Iteration 370 / LogL: -3704.520 / Time: 0h:0m:50s (0h:0m:8s left)
Optimizing NNI: done in 0.0860857 secs using 790.6% CPU
Optimizing NNI: done in 0.12866 secs using 788.4% CPU
Optimizing NNI: done in 0.0917822 secs using 794.7% CPU
Optimizing NNI: done in 0.0894763 secs using 797.2% CPU
Optimizing NNI: done in 0.0946585 secs using 795.6% CPU
Optimizing NNI: done in 0.159221 secs using 793.2% CPU
Optimizing NNI: done in 0.223877 secs using 791.3% CPU
Optimizing NNI: done in 0.0953368 secs using 797.1% CPU
Optimizing NNI: done in 0.0985597 secs using 795.2% CPU
Optimizing NNI: done in 0.103923 secs using 796% CPU
Iteration 380 / LogL: -3686.295 / Time: 0h:0m:51s (0h:0m:6s left)
Optimizing NNI: done in 0.12024 secs using 790.7% CPU
Optimizing NNI: done in 0.0760412 secs using 793.4% CPU
Optimizing NNI: done in 0.104395 secs using 795.4% CPU
Optimizing NNI: done in 0.152793 secs using 792.4% CPU
Optimizing NNI: done in 0.144912 secs using 794.9% CPU
Optimizing NNI: done in 0.132998 secs using 793.4% CPU
Optimizing NNI: done in 0.102213 secs using 791% CPU
Optimizing NNI: done in 0.0997623 secs using 786% CPU
Optimizing NNI: done in 0.0665305 secs using 798.8% CPU
Optimizing NNI: done in 0.0562603 secs using 792% CPU
Iteration 390 / LogL: -3708.383 / Time: 0h:0m:52s (0h:0m:5s left)
Optimizing NNI: done in 0.113928 secs using 794.8% CPU
Optimizing NNI: done in 0.077925 secs using 794.5% CPU
Optimizing NNI: done in 0.147657 secs using 796.1% CPU
Optimizing NNI: done in 0.094551 secs using 797.4% CPU
Optimizing NNI: done in 0.0759963 secs using 792.8% CPU
Optimizing NNI: done in 0.120881 secs using 794.4% CPU
Optimizing NNI: done in 0.100054 secs using 794.8% CPU
Optimizing NNI: done in 0.126768 secs using 793.4% CPU
Optimizing NNI: done in 0.0894098 secs using 796.5% CPU
Optimizing NNI: done in 0.119608 secs using 795.5% CPU
Iteration 400 / LogL: -3686.296 / Time: 0h:0m:54s (0h:0m:4s left)
Log-likelihood cutoff on original alignment: -3707.339
NOTE: Bootstrap correlation coefficient of split occurrence frequencies: 0.994
Optimizing NNI: done in 0.113518 secs using 790.8% CPU
Optimizing NNI: done in 0.124725 secs using 795.7% CPU
Optimizing NNI: done in 0.163454 secs using 792.1% CPU
Optimizing NNI: done in 0.104718 secs using 789.4% CPU
Optimizing NNI: done in 0.165409 secs using 791.6% CPU
Optimizing NNI: done in 0.176455 secs using 789.4% CPU
Optimizing NNI: done in 0.152757 secs using 794.9% CPU
Optimizing NNI: done in 0.0546088 secs using 795.7% CPU
Optimizing NNI: done in 0.150384 secs using 797.3% CPU
Optimizing NNI: done in 0.179427 secs using 795.3% CPU
Iteration 410 / LogL: -3692.616 / Time: 0h:0m:55s (0h:0m:12s left)
Optimizing NNI: done in 0.191478 secs using 792.8% CPU
Optimizing NNI: done in 0.0490207 secs using 794.8% CPU
Optimizing NNI: done in 0.176275 secs using 792.4% CPU
Optimizing NNI: done in 0.0745146 secs using 797% CPU
Optimizing NNI: done in 0.159438 secs using 797.5% CPU
Optimizing NNI: done in 0.105881 secs using 793.9% CPU
Optimizing NNI: done in 0.227265 secs using 796.7% CPU
Optimizing NNI: done in 0.0934685 secs using 788.4% CPU
Optimizing NNI: done in 0.179383 secs using 791.9% CPU
Optimizing NNI: done in 0.0772182 secs using 792% CPU
Iteration 420 / LogL: -3686.295 / Time: 0h:0m:56s (0h:0m:10s left)
Optimizing NNI: done in 0.169532 secs using 794.7% CPU
Optimizing NNI: done in 0.110791 secs using 795.4% CPU
Optimizing NNI: done in 0.0502438 secs using 799.3% CPU
Optimizing NNI: done in 0.17767 secs using 794.6% CPU
Optimizing NNI: done in 0.0786016 secs using 797.2% CPU
Optimizing NNI: done in 0.0515908 secs using 785.2% CPU
Optimizing NNI: done in 0.108085 secs using 793.4% CPU
Optimizing NNI: done in 0.080786 secs using 797% CPU
Optimizing NNI: done in 0.188736 secs using 791.4% CPU
Optimizing NNI: done in 0.211569 secs using 791.4% CPU
Iteration 430 / LogL: -3686.295 / Time: 0h:0m:58s (0h:0m:9s left)
Optimizing NNI: done in 0.0691982 secs using 793.2% CPU
TREE SEARCH COMPLETED AFTER 431 ITERATIONS / Time: 0h:0m:58s

--------------------------------------------------------------------
|                    FINALIZING TREE SEARCH                        |
--------------------------------------------------------------------
Performs final model parameters optimization
Estimate model parameters (epsilon = 0.010)
1. Initial log-likelihood: -3686.293
Optimal log-likelihood: -3686.292
Gamma shape alpha: 1.175
Parameters optimization took 1 rounds (0.013 sec)
BEST SCORE FOUND : -3686.292
Creating bootstrap support values...
Split supports printed to NEXUS file results/per_year_clustered/H3N2/trees/H3N2_2009_with_designs.splits.nex
Total tree length: 1.546

Total number of iterations: 431
CPU time used for tree search: 459.313 sec (0h:7m:39s)
Wall-clock time used for tree search: 58.190 sec (0h:0m:58s)
Total CPU time used: 460.552 sec (0h:7m:40s)
Total wall-clock time used: 58.421 sec (0h:0m:58s)

Computing bootstrap consensus tree...
Reading input file results/per_year_clustered/H3N2/trees/H3N2_2009_with_designs.splits.nex...
27 taxa and 468 splits.
Consensus tree written to results/per_year_clustered/H3N2/trees/H3N2_2009_with_designs.contree
Reading input trees file results/per_year_clustered/H3N2/trees/H3N2_2009_with_designs.contree
Log-likelihood of consensus tree: -3686.303

Analysis results written to: 
  IQ-TREE report:                results/per_year_clustered/H3N2/trees/H3N2_2009_with_designs.iqtree
  Maximum-likelihood tree:       results/per_year_clustered/H3N2/trees/H3N2_2009_with_designs.treefile
  Likelihood distances:          results/per_year_clustered/H3N2/trees/H3N2_2009_with_designs.mldist

Ultrafast bootstrap approximation results written to:
  Split support values:          results/per_year_clustered/H3N2/trees/H3N2_2009_with_designs.splits.nex
  Consensus tree:                results/per_year_clustered/H3N2/trees/H3N2_2009_with_designs.contree
  Screen log file:               results/per_year_clustered/H3N2/trees/H3N2_2009_with_designs.log

Date and Time: Sat Nov 22 10:52:59 2025
