IQ-TREE version 3.0.1 for Linux x86 64-bit built Jul  9 2025
Developed by Bui Quang Minh, Thomas Wong, Nhan Ly-Trong, Huaiyan Ren
Contributed by Lam-Tung Nguyen, Dominik Schrempf, Chris Bielow,
Olga Chernomor, Michael Woodhams, Diep Thi Hoang, Heiko Schmidt

Host:    rtis-hpc-r01.uod.otago.ac.nz (AVX2, FMA3, 1007 GB RAM)
Command: iqtree -s results/per_year_clustered/H3N2/alignments/H3N2_2024_with_designs.fasta -m LG+G4 -bb 1000 -nt 8 -pre results/per_year_clustered/H3N2/trees/H3N2_2024_with_designs -redo -quiet
Seed:    969036 (Using SPRNG - Scalable Parallel Random Number Generator)
Time:    Sat Nov 22 11:07:33 2025
Kernel:  AVX+FMA - 8 threads (8 CPU cores detected)

Reading alignment file results/per_year_clustered/H3N2/alignments/H3N2_2024_with_designs.fasta ... Fasta format detected
Reading fasta file: done in 0.000912651 secs using 41.31% CPU
Alignment most likely contains protein sequences
Constructing alignment: done in 0.000604734 secs using 99.88% CPU
Alignment has 109 sequences with 580 columns, 393 distinct patterns
340 parsimony-informative, 57 singleton sites, 183 constant sites
                                                                                      Gap/Ambiguity  Composition  p-value
Analyzing sequences: done in 0.0123059 secs using 695.9% CPU
   1  EPI3476662|HA|A/Philippines/ILI24-1272/2024|EPI_ISL_19300813|A_/_H3N2                   2.41%    passed     99.88%
   2  EPI3954964|HA|A/Laos/2825/2024|EPI_ISL_19727510|A_/_H3N2                                2.41%    passed     99.99%
   3  EPI3007297|HA|A/Sri_Lanka/38/2024|EPI_ISL_18876716|A_/_H3N2                             2.41%    passed     99.95%
   4  EPI3957290|HA|A/KOBE/24328/2024|EPI_ISL_19729250|A_/_H3N2                               2.41%    passed     99.96%
   5  EPI3611454|HA|A/Phra_Nakhon_Si_Ayutthaya/B409/2024|EPI_ISL_19500366|A_/_H3N2            2.41%    passed     99.99%
   6  EPI4409312|HA|A/Malaysia/MKAI_CL43218/2024|EPI_ISL_19893417|A_/_H3N2                    2.41%    passed     99.98%
   7  EPI3736128|HA|A/Oman/CPHL_7248732/2024|EPI_ISL_19631336|A_/_H3N2                        2.41%    passed     99.97%
   8  EPI3739244|HA|A/Daejeon/3779/2024|EPI_ISL_19632813|A_/_H3N2                             2.41%    passed     99.98%
   9  EPI3662892|HA|A/Philippines/OBI24-0018/2024|EPI_ISL_19567669|A_/_H3N2                   2.41%    passed     99.98%
  10  EPI3389082|HA|A/Abu_Dhabi/8914/2024|EPI_ISL_19208703|A_/_H3N2                           2.41%    passed     99.96%
  11  EPI3794940|HA|A/Philippines/1597/2024|EPI_ISL_19668077|A_/_H3N2                         2.41%    passed     99.98%
  12  EPI3616358|HA|A/YOKOHAMA/31/2024|EPI_ISL_19504976|A_/_H3N2                              2.41%    passed     99.97%
  13  EPI3637488|HA|A/Malaysia/MKAI/CL37898/2024|EPI_ISL_19539819|A_/_H3N2                    2.41%    passed     99.99%
  14  EPI2958566|HA|A/Bangkok/P212/2024|EPI_ISL_18819751|A_/_H3N2                             2.41%    passed     99.98%
  15  EPI3249927|HA|A/Malaysia/IMR-SARI0356/2024|EPI_ISL_19084229|A_/_H3N2                    4.14%    passed     99.96%
  16  EPI3750151|HA|A/Seoul/4069/2024|EPI_ISL_19642622|A_/_H3N2                               2.41%    passed    100.00%
  17  EPI3456835|HA|A/Singapore/KK0210/2024|EPI_ISL_19283579|A_/_H3N2                         2.41%    passed     99.95%
  18  EPI3456819|HA|A/Singapore/KK0151/2024|EPI_ISL_19283577|A_/_H3N2                         2.41%    passed     99.98%
  19  EPI3899532|HA|A/ABUDHABI/UAE/0012976/2024|EPI_ISL_19709691|A_/_H3N2                     2.41%    passed     99.99%
  20  EPI4372560|HA|A/Myanmar/I264/2024|EPI_ISL_19874533|A_/_H3N2                             2.24%    passed     99.98%
  21  EPI3904018|HA|A/ABUDHABI/UAE/0017838/2024|EPI_ISL_19711823|A_/_H3N2                     2.41%    passed     99.88%
  22  EPI3904417|HA|A/ABUDHABI/UAE/0020453/2024|EPI_ISL_19711873|A_/_H3N2                     2.41%    passed     99.91%
  23  EPI3558087|HA|A/TOKYO/EIS10-294/2024|EPI_ISL_19417565|A_/_H3N2                          2.41%    passed     99.96%
  24  EPI3558031|HA|A/TOKYO/EIS10-210/2024|EPI_ISL_19417558|A_/_H3N2                          2.41%    passed     99.92%
  25  EPI4379883|HA|A/Malaysia/MKAI_CL47914/2024|EPI_ISL_19878697|A_/_H3N2                    2.41%    passed     99.99%
  26  EPI3913255|HA|A/Singapore/GP14277/2024|EPI_ISL_19715098|A_/_H3N2                        2.41%    passed     99.95%
  27  EPI4387603|HA|A/Riyadh/45/2024|EPI_ISL_19881899|A_/_H3N2                                2.41%    passed     99.91%
  28  EPI3844439|HA|A/Malaysia/TIDREC_KLA-AUFI286/2024|EPI_ISL_19689145|A_/_H3N2              2.41%    passed     99.93%
  29  EPI3475352|HA|A/Singapore/TT0237/2024|EPI_ISL_19299278|A_/_H3N2                         2.41%    passed     99.92%
  30  EPI3476488|HA|A/Singapore/KK1119/2024|EPI_ISL_19300350|A_/_H3N2                         2.41%    passed     99.95%
  31  EPI3866763|HA|A/Switzerland/UN-SNRCI-HUG-46747581/2024|EPI_ISL_19698113|A_/_H3N2        2.41%    passed     99.97%
  32  EPI3790919|HA|A/England/0100130/2024|EPI_ISL_19667487|A_/_H3N2                          2.41%    passed     99.88%
  33  EPI3751097|HA|A/Switzerland/59652/2024|EPI_ISL_19643984|A_/_H3N2                        2.41%    passed     99.93%
  34  EPI3726461|HA|A/Galicia/33348842/2024|EPI_ISL_19615419|A_/_H3N2                         2.41%    passed    100.00%
  35  EPI3726478|HA|A/Galicia/22347908/2024|EPI_ISL_19615421|A_/_H3N2                         2.41%    passed    100.00%
  36  EPI3726506|HA|A/Galicia/33156584/2024|EPI_ISL_19615425|A_/_H3N2                         2.41%    passed    100.00%
  37  EPI3726498|HA|A/Galicia/44143091/2024|EPI_ISL_19615424|A_/_H3N2                         2.41%    passed    100.00%
  38  EPI3258732|HA|A/England/241560836/2024|EPI_ISL_19093779|A_/_H3N2                        2.41%    passed     99.98%
  39  EPI4304684|HA|A/Asturias/232461330/2024|EPI_ISL_19855166|A_/_H3N2                       2.41%    passed    100.00%
  40  EPI4038595|HA|A/Madrid/342425187428/2024|EPI_ISL_19756825|A_/_H3N2                      2.41%    passed     99.56%
  41  EPI3786347|HA|A/Perth/1144/2024|EPI_ISL_19661484|A_/_H3N2                               2.41%    passed     99.98%
  42  EPI3786403|HA|A/Sydney/1321/2024|EPI_ISL_19661498|A_/_H3N2                              2.41%    passed     99.99%
  43  EPI3786387|HA|A/Victoria/3131/2024|EPI_ISL_19661494|A_/_H3N2                            2.41%    passed     99.97%
  44  EPI3786375|HA|A/Victoria/3124/2024|EPI_ISL_19661491|A_/_H3N2                            2.41%    passed     99.98%
  45  EPI4244815|HA|A/Perth/1111/2024|EPI_ISL_19825838|A_/_H3N2                               2.41%    passed     99.99%
  46  EPI3480055|HA|A/Sydney/289/2024|EPI_ISL_19301908|A_/_H3N2                               2.41%    passed     99.99%
  47  EPI3480424|HA|A/Darwin/916/2024|EPI_ISL_19301978|A_/_H3N2                               2.41%    passed     99.98%
  48  EPI3480627|HA|A/Victoria/968/2024|EPI_ISL_19302029|A_/_H3N2                             2.41%    passed     99.96%
  49  EPI3612870|HA|A/Queensland/IN000279/2024|EPI_ISL_19500707|A_/_H3N2                      2.41%    passed     99.98%
  50  EPI3633261|HA|A/Auckland/257/2024|EPI_ISL_19534695|A_/_H3N2                             2.41%    passed     99.96%
  51  EPI3633314|HA|A/Auckland/276/2024|EPI_ISL_19534716|A_/_H3N2                             2.41%    passed     99.93%
  52  EPI3633230|HA|A/Auckland/242/2024|EPI_ISL_19534685|A_/_H3N2                             2.41%    passed     99.97%
  53  EPI3508411|HA|A/South_Australia/136/2024|EPI_ISL_19338369|A_/_H3N2                      2.41%    passed    100.00%
  54  EPI3509982|HA|A/Victoria/1304/2024|EPI_ISL_19341743|A_/_H3N2                            2.41%    passed     99.97%
  55  EPI3509909|HA|A/Victoria/1534/2024|EPI_ISL_19341705|A_/_H3N2                            2.41%    passed     99.98%
  56  EPI3634645|HA|A/Wellington/80/2024|EPI_ISL_19539110|A_/_H3N2                            2.41%    passed     99.99%
  57  EPI3666891|HA|A/South_Australia/274/2024|EPI_ISL_19574581|A_/_H3N2                      2.41%    passed    100.00%
  58  EPI3640371|HA|A/Queensland/IN000647/2024|EPI_ISL_19543614|A_/_H3N2                      2.41%    passed     99.89%
  59  EPI3640446|HA|A/Queensland/IN000659/2024|EPI_ISL_19543624|A_/_H3N2                      2.41%    passed     99.99%
  60  EPI3817714|HA|A/Victoria/3318/2024|EPI_ISL_19676540|A_/_H3N2                            2.41%    passed     99.98%
  61  EPI3817956|HA|A/Tasmania/874/2024|EPI_ISL_19676611|A_/_H3N2                             2.41%    passed     99.94%
  62  EPI3399783|HA|A/Timor-Leste/223/2024|EPI_ISL_19218236|A_/_H3N2                          2.41%    passed     99.96%
  63  EPI3539116|HA|A/Victoria/1588/2024|EPI_ISL_19383456|A_/_H3N2                            2.41%    passed     99.98%
  64  EPI3585522|HA|A/South_Australia/168/2024|EPI_ISL_19458277|A_/_H3N2                      2.41%    passed     99.86%
  65  EPI3606682|HA|A/Brisbane/409/2024|EPI_ISL_19493393|A_/_H3N2                             2.41%    passed     99.97%
  66  EPI3658048|HA|A/Victoria/3265/2024|EPI_ISL_19561258|A_/_H3N2                            2.41%    passed     99.99%
  67  EPI3680409|HA|A/England/4700123/2024|EPI_ISL_19596134|A_/_H1N1                          2.41%    passed     84.72%
  68  EPI3680344|HA|A/England/4620270/2024|EPI_ISL_19596124|A_/_H1N1                          2.41%    passed     67.50%
  69  EPI3787123|HA|A/Catalonia/NSJO560000050/2024|EPI_ISL_19661810|A_/_H1N1                  2.41%    passed     83.73%
  70  EPI3441791|HA|A/Swansea/5888/2024|EPI_ISL_19269744|A_/_H1N1                             2.41%    passed     72.66%
  71  EPI3080459|HA|A/Aragon/558/2024|EPI_ISL_18942787|A_/_H1N1                               2.41%    passed     85.25%
  72  EPI3080466|HA|A/Aragon/560/2024|EPI_ISL_18942788|A_/_H1N1                               2.41%    passed     85.40%
  73  EPI3082085|HA|A/Madrid/150/2024|EPI_ISL_18943819|A_/_H1N1                               2.41%    passed     85.19%
  74  EPI4318253|HA|A/Melilla/01677727/2024|EPI_ISL_19861764|A_/_H1N1                         2.41%    passed     87.65%
  75  EPI3050064|HA|A/Badajoz/18615142/2024|EPI_ISL_18912986|A_/_H1N1                         2.41%    passed     91.03%
  76  EPI3791769|HA|A/England/0120311/2024|EPI_ISL_19667609|A_/_H1N1                          2.41%    passed     84.34%
  77  EPI3419895|HA|A/Cardiff/4190/2024|EPI_ISL_19243251|A_/_H1N1                             2.41%    passed     84.88%
  78  EPI3687261|HA|A/Murcia/2159/2024|EPI_ISL_19603666|A_/_H1N1                              2.41%    passed     87.10%
  79  EPI3300584|HA|A/Madrid/HULP-072638331/2024|EPI_ISL_19147390|A_/_H1N1                    2.24%    passed     89.57%
  80  EPI3054103|HA|A/Badajoz/18619790/2024|EPI_ISL_18918494|A_/_H1N1                         2.41%    passed     78.10%
  81  EPI3884129|HA|A/Catalonia/NSVH170145573/2024|EPI_ISL_19705055|A_/_H1N1                  2.41%    passed     85.39%
  82  EPI3512991|HA|A/England/242960235/2024|EPI_ISL_19345292|A_/_H1N1                        2.41%    passed     92.99%
  83  EPI2978047|HA|A/Badajoz/18616368/2024|EPI_ISL_18854264|A_/_H1N1                         2.41%    passed     74.25%
  84  EPI3197133|HA|A/Serbia/328/2024|EPI_ISL_19050842|A_/_H1N1                               2.41%    passed     81.32%
  85  EPI3197155|HA|A/Serbia/196/2024|EPI_ISL_19050845|A_/_H1N1                               2.41%    passed     85.94%
  86  EPI3268826|HA|A/Trollhattan/SE24-04471/2024|EPI_ISL_19116439|A_/_H1N1                   2.41%    passed     74.00%
  87  EPI3889484|HA|A/Andalucia/PMC-00587/2024|EPI_ISL_19707937|A_/_H1N1                      2.41%    passed     85.76%
  88  EPI3898109|HA|A/Baleares/250061/2024|EPI_ISL_19709436|A_/_H1N1                          2.41%    passed     61.64%
  89  EPI3513291|HA|A/England/243060223/2024|EPI_ISL_19348510|A_/_H1N1                        2.41%    passed     72.88%
  90  EPI3828065|HA|A/England/5160975/2024|EPI_ISL_19680996|A_/_H1N1                          2.41%    passed     69.23%
  91  EPI3100469|HA|A/England/240561251/2024|EPI_ISL_18961932|A_/_H1N1                        2.41%    passed     81.13%
  92  EPI3258270|HA|A/Serbia/113/2024|EPI_ISL_19093576|A_/_H1N1                               2.41%    passed     78.48%
  93  EPI3326190|HA|A/Madrid/1058/2024|EPI_ISL_19159205|A_/_H1N1                              2.41%    passed     81.89%
  94  EPI3493268|HA|A/Galicia/SCQ/140189/2024|EPI_ISL_19323908|A_/_H1N1                       2.41%    passed     92.28%
  95  EPI3769322|HA|A/Catalonia/NSVH102488391/2024|EPI_ISL_19652392|A_/_H1N1                  2.41%    passed     77.78%
  96  EPI3582939|HA|A/England/1940422/2024|EPI_ISL_19455545|A_/_H1N1                          2.41%    passed     82.77%
  97  EPI3330761|HA|A/Alicante/VAHNSI-GIHSN-16_3554/2024|EPI_ISL_19160593|A_/_H1N1            2.41%    passed     77.93%
  98  EPI3179398|HA|A/Madrid/HRYC-13069536/2024|EPI_ISL_19030052|A_/_H1N1                     2.24%    passed     81.68%
  99  EPI3179470|HA|A/Madrid/HRYC-13089164/2024|EPI_ISL_19030061|A_/_H1N1                     2.24%    passed     89.78%
 100  EPI3834736|HA|A/Segovia/167/2024|EPI_ISL_19685460|A_/_H1N1                              2.41%    passed     76.15%
 101  EPI3522000|HA|A/Switzerland/46021/2024|EPI_ISL_19359901|A_/_H1N1                        2.41%    passed     76.07%
 102  EPI3183899|HA|A/Slovakia/uvzsr-457/2024|EPI_ISL_19033650|A_/_H1N1                       2.41%    passed     84.55%
 103  EPI3184267|HA|A/Slovakia/uvzsr-331/2024|EPI_ISL_19033719|A_/_H1N1                       2.41%    passed     75.33%
 104  EPI4038587|HA|A/Madrid/302425181704/2024|EPI_ISL_19756821|A_/_H1N1                      2.41%    passed     81.94%
 105  EPI3229553|HA|A/Galicia/GA-CHUAC-90/2024|EPI_ISL_19069709|A_/_H1N1                      2.41%    passed     85.60%
 106  H3N2_2024_Consensus_Aligned                                                             0.00%    passed     99.96%
 107  H3N2_2024_Medoid_Aligned|EPI3633261|HA|A/Auckland/257/2024|EPI_ISL_19534695|A_/_H3N2    2.41%    passed     99.96%
 108  H3N2_2024_Ancestral_Aligned_Node12                                                      0.00%    passed     99.97%
 109  H3N2_2024_COBRA_Aligned                                                                 0.17%    passed     99.98%
****  TOTAL                                                                                   2.36%  0 sequences failed composition chi2 test (p-value<5%; df=19)
NOTE: H3N2_2024_Medoid_Aligned|EPI3633261|HA|A/Auckland/257/2024|EPI_ISL_19534695|A_/_H3N2 is identical to EPI3633261|HA|A/Auckland/257/2024|EPI_ISL_19534695|A_/_H3N2 but kept for subsequent analysis
Checking for duplicate sequences: done in 0.00622575 secs using 688.6% CPU
Creating fast initial parsimony tree by random order stepwise addition...
0.302 seconds, parsimony score: 798 (based on 397 sites)
Generating 1000 samples for ultrafast bootstrap (seed: 969036)...

NOTE: 29 MB RAM (0 GB) is required!
Estimate model parameters (epsilon = 0.100)
1. Initial log-likelihood: -6710.642
2. Current log-likelihood: -6701.279
3. Current log-likelihood: -6700.748
Optimal log-likelihood: -6700.723
Gamma shape alpha: 1.128
Parameters optimization took 3 rounds (0.339 sec)
Wrote distance file to... 
Computing ML distances based on estimated model parameters...
Calculating distance matrix: done in 0.128954 secs using 797.2% CPU
Computing ML distances took 0.129080 sec (of wall-clock time) 1.035101 sec (of CPU time)
Setting up auxiliary I and S matrices: done in 0.000534722 secs using 193.6% CPU
Constructing RapidNJ tree: done in 0.0613903 secs using 56.8% CPU
Computing RapidNJ tree took 0.061984 sec (of wall-clock time) 0.035966 sec (of CPU time)
Log-likelihood of RapidNJ tree: -6835.890
--------------------------------------------------------------------
|             INITIALIZING CANDIDATE TREE SET                      |
--------------------------------------------------------------------
Generating 98 parsimony trees... 0.335 second
Computing log-likelihood of 98 initial trees ... 2.713 seconds
Current best score: -6677.741

Do NNI search on 20 best initial trees
Optimizing NNI: done in 0.713106 secs using 794.1% CPU
Estimate model parameters (epsilon = 0.100)
BETTER TREE FOUND at iteration 1: -6667.108
Optimizing NNI: done in 0.842711 secs using 794.6% CPU
Optimizing NNI: done in 0.732713 secs using 794.6% CPU
Estimate model parameters (epsilon = 0.100)
BETTER TREE FOUND at iteration 3: -6663.602
Optimizing NNI: done in 0.550018 secs using 793.8% CPU
Optimizing NNI: done in 0.692053 secs using 793.5% CPU
Optimizing NNI: done in 0.742169 secs using 793.5% CPU
Optimizing NNI: done in 0.79164 secs using 794.2% CPU
Optimizing NNI: done in 0.872262 secs using 794.8% CPU
Optimizing NNI: done in 0.664587 secs using 793.6% CPU
Optimizing NNI: done in 0.636801 secs using 792.8% CPU
Iteration 10 / LogL: -6681.480 / Time: 0h:0m:11s
Optimizing NNI: done in 0.67216 secs using 794.6% CPU
Optimizing NNI: done in 0.954847 secs using 795.3% CPU
Optimizing NNI: done in 0.75919 secs using 794.1% CPU
Optimizing NNI: done in 1.07506 secs using 793.7% CPU
Optimizing NNI: done in 0.695821 secs using 794.1% CPU
Optimizing NNI: done in 0.934891 secs using 794.9% CPU
Optimizing NNI: done in 0.650358 secs using 794.1% CPU
Optimizing NNI: done in 1.05308 secs using 794.9% CPU
Optimizing NNI: done in 1.05123 secs using 794.8% CPU
Optimizing NNI: done in 0.972813 secs using 794.8% CPU
Iteration 20 / LogL: -6685.661 / Time: 0h:0m:20s
Finish initializing candidate tree set (20)
Current best tree score: -6663.602 / CPU time: 19.355
Number of iterations: 20
--------------------------------------------------------------------
|               OPTIMIZING CANDIDATE TREE SET                      |
--------------------------------------------------------------------
Optimizing NNI: done in 1.06688 secs using 794.6% CPU
Optimizing NNI: done in 1.26338 secs using 794.2% CPU
Optimizing NNI: done in 0.80594 secs using 794.9% CPU
Optimizing NNI: done in 0.894379 secs using 794.5% CPU
Optimizing NNI: done in 0.734662 secs using 794.4% CPU
Optimizing NNI: done in 0.894129 secs using 794.2% CPU
Estimate model parameters (epsilon = 0.100)
BETTER TREE FOUND at iteration 26: -6657.371
Optimizing NNI: done in 0.912421 secs using 793.7% CPU
Optimizing NNI: done in 1.3212 secs using 794.9% CPU
Optimizing NNI: done in 0.910871 secs using 795% CPU
Optimizing NNI: done in 1.47406 secs using 794% CPU
Iteration 30 / LogL: -6661.454 / Time: 0h:0m:30s (0h:1m:41s left)
Optimizing NNI: done in 1.0834 secs using 795.1% CPU
Estimate model parameters (epsilon = 0.100)
BETTER TREE FOUND at iteration 31: -6656.926
Optimizing NNI: done in 1.02759 secs using 794.3% CPU
Optimizing NNI: done in 0.955871 secs using 794.6% CPU
Estimate model parameters (epsilon = 0.100)
BETTER TREE FOUND at iteration 33: -6655.491
Optimizing NNI: done in 1.0448 secs using 793.6% CPU
Optimizing NNI: done in 1.15233 secs using 794.5% CPU
Estimate model parameters (epsilon = 0.100)
BETTER TREE FOUND at iteration 35: -6652.883
Optimizing NNI: done in 0.944972 secs using 793.9% CPU
Optimizing NNI: done in 1.19242 secs using 794.9% CPU
Optimizing NNI: done in 0.847052 secs using 795% CPU
Optimizing NNI: done in 0.546849 secs using 793.4% CPU
Optimizing NNI: done in 0.903952 secs using 795% CPU
Iteration 40 / LogL: -6655.338 / Time: 0h:0m:40s (0h:1m:38s left)
Optimizing NNI: done in 1.33363 secs using 795.1% CPU
Optimizing NNI: done in 1.10087 secs using 795% CPU
Optimizing NNI: done in 0.659533 secs using 794.9% CPU
Optimizing NNI: done in 1.04902 secs using 794.3% CPU
Estimate model parameters (epsilon = 0.100)
BETTER TREE FOUND at iteration 44: -6652.728
Optimizing NNI: done in 1.48633 secs using 794.5% CPU
Optimizing NNI: done in 0.876552 secs using 794.3% CPU
Optimizing NNI: done in 0.644816 secs using 794.6% CPU
Optimizing NNI: done in 1.0521 secs using 794.5% CPU
Optimizing NNI: done in 0.88201 secs using 793.9% CPU
Optimizing NNI: done in 1.49462 secs using 794.3% CPU
Iteration 50 / LogL: -6653.900 / Time: 0h:0m:51s (0h:1m:38s left)
Log-likelihood cutoff on original alignment: -6708.815
Optimizing NNI: done in 0.783413 secs using 794.9% CPU
Optimizing NNI: done in 1.26894 secs using 794.6% CPU
Optimizing NNI: done in 0.902375 secs using 794.3% CPU
Optimizing NNI: done in 1.16346 secs using 793.3% CPU
Estimate model parameters (epsilon = 0.100)
BETTER TREE FOUND at iteration 54: -6652.641
Optimizing NNI: done in 0.864891 secs using 794.1% CPU
Optimizing NNI: done in 0.886589 secs using 794.4% CPU
Optimizing NNI: done in 1.24326 secs using 794.7% CPU
Optimizing NNI: done in 0.892605 secs using 793.8% CPU
Optimizing NNI: done in 1.16205 secs using 794.2% CPU
Optimizing NNI: done in 0.808763 secs using 794.3% CPU
Iteration 60 / LogL: -6653.039 / Time: 0h:1m:2s (0h:1m:38s left)
Optimizing NNI: done in 0.655553 secs using 794.4% CPU
Optimizing NNI: done in 1.07447 secs using 795.3% CPU
Optimizing NNI: done in 1.02858 secs using 794.1% CPU
Optimizing NNI: done in 0.841279 secs using 794% CPU
Optimizing NNI: done in 0.836013 secs using 793.8% CPU
Optimizing NNI: done in 0.732851 secs using 794.4% CPU
Optimizing NNI: done in 0.97327 secs using 795% CPU
Optimizing NNI: done in 0.744504 secs using 795.1% CPU
Optimizing NNI: done in 0.431241 secs using 794.5% CPU
Optimizing NNI: done in 0.862672 secs using 794.2% CPU
Iteration 70 / LogL: -6656.637 / Time: 0h:1m:10s (0h:1m:25s left)
Optimizing NNI: done in 1.10577 secs using 795.2% CPU
Optimizing NNI: done in 0.790701 secs using 796% CPU
Optimizing NNI: done in 1.05498 secs using 794.4% CPU
Optimizing NNI: done in 1.10164 secs using 794.5% CPU
Optimizing NNI: done in 0.734515 secs using 794.6% CPU
Optimizing NNI: done in 0.892107 secs using 794.2% CPU
Optimizing NNI: done in 0.968099 secs using 795.1% CPU
Optimizing NNI: done in 1.26684 secs using 794.5% CPU
Optimizing NNI: done in 0.656604 secs using 795% CPU
Optimizing NNI: done in 0.511796 secs using 795.2% CPU
Iteration 80 / LogL: -6665.059 / Time: 0h:1m:19s (0h:1m:14s left)
Optimizing NNI: done in 1.16427 secs using 793.8% CPU
Optimizing NNI: done in 1.06429 secs using 794.2% CPU
Optimizing NNI: done in 1.18125 secs using 795.2% CPU
Optimizing NNI: done in 1.19671 secs using 794.2% CPU
Optimizing NNI: done in 1.09861 secs using 795.3% CPU
Optimizing NNI: done in 0.959132 secs using 795.9% CPU
Optimizing NNI: done in 1.00095 secs using 794.5% CPU
Optimizing NNI: done in 0.831265 secs using 795.8% CPU
Optimizing NNI: done in 0.674789 secs using 795.1% CPU
Optimizing NNI: done in 0.751708 secs using 794.5% CPU
Iteration 90 / LogL: -6663.146 / Time: 0h:1m:29s (0h:1m:4s left)
Optimizing NNI: done in 1.45512 secs using 794.4% CPU
Optimizing NNI: done in 0.875427 secs using 793.8% CPU
Optimizing NNI: done in 0.935972 secs using 795% CPU
Optimizing NNI: done in 1.1502 secs using 795.2% CPU
Optimizing NNI: done in 1.02663 secs using 794.2% CPU
Optimizing NNI: done in 0.884595 secs using 794.9% CPU
Optimizing NNI: done in 1.15616 secs using 793.4% CPU
Optimizing NNI: done in 0.847254 secs using 794.7% CPU
Optimizing NNI: done in 0.978709 secs using 794.8% CPU
Optimizing NNI: done in 0.770431 secs using 794.4% CPU
Iteration 100 / LogL: -6663.620 / Time: 0h:1m:39s (0h:0m:54s left)
Log-likelihood cutoff on original alignment: -6708.815
NOTE: Bootstrap correlation coefficient of split occurrence frequencies: 0.994
Optimizing NNI: done in 0.697704 secs using 794.2% CPU
Optimizing NNI: done in 0.822278 secs using 796% CPU
Optimizing NNI: done in 0.881231 secs using 793.5% CPU
Optimizing NNI: done in 1.04161 secs using 794.3% CPU
Optimizing NNI: done in 1.06623 secs using 794.3% CPU
Optimizing NNI: done in 0.841131 secs using 795% CPU
Optimizing NNI: done in 1.00073 secs using 794.8% CPU
Optimizing NNI: done in 1.05095 secs using 795.2% CPU
Optimizing NNI: done in 1.4629 secs using 794.6% CPU
Optimizing NNI: done in 1.28608 secs using 794.9% CPU
Iteration 110 / LogL: -6654.297 / Time: 0h:1m:50s (0h:1m:30s left)
Optimizing NNI: done in 0.782416 secs using 794.6% CPU
Optimizing NNI: done in 1.15356 secs using 794.8% CPU
Optimizing NNI: done in 1.28223 secs using 795% CPU
Optimizing NNI: done in 1.28364 secs using 795.5% CPU
Optimizing NNI: done in 0.734896 secs using 794.9% CPU
Optimizing NNI: done in 0.736567 secs using 792.1% CPU
Optimizing NNI: done in 0.83563 secs using 794.5% CPU
Optimizing NNI: done in 0.853758 secs using 794.5% CPU
Optimizing NNI: done in 0.92429 secs using 795.9% CPU
Optimizing NNI: done in 0.915373 secs using 794% CPU
Iteration 120 / LogL: -6652.642 / Time: 0h:2m:0s (0h:1m:20s left)
Optimizing NNI: done in 0.776399 secs using 794.7% CPU
Optimizing NNI: done in 0.895445 secs using 795.4% CPU
Optimizing NNI: done in 0.960305 secs using 794.6% CPU
Optimizing NNI: done in 0.974662 secs using 794.8% CPU
Optimizing NNI: done in 0.70587 secs using 794.8% CPU
Optimizing NNI: done in 0.669888 secs using 794.2% CPU
Optimizing NNI: done in 1.07603 secs using 794.5% CPU
Optimizing NNI: done in 0.907 secs using 795.2% CPU
Optimizing NNI: done in 0.948185 secs using 794% CPU
Optimizing NNI: done in 0.934582 secs using 794.2% CPU
Iteration 130 / LogL: -6661.777 / Time: 0h:2m:9s (0h:1m:9s left)
Optimizing NNI: done in 1.15085 secs using 794.5% CPU
Optimizing NNI: done in 1.45363 secs using 793.9% CPU
Estimate model parameters (epsilon = 0.100)
BETTER TREE FOUND at iteration 132: -6652.241
Optimizing NNI: done in 0.944721 secs using 794.3% CPU
Optimizing NNI: done in 0.964348 secs using 794.9% CPU
Optimizing NNI: done in 1.31875 secs using 795.2% CPU
Optimizing NNI: done in 0.718441 secs using 795.2% CPU
Optimizing NNI: done in 0.843834 secs using 794.3% CPU
Optimizing NNI: done in 0.932227 secs using 794.7% CPU
Optimizing NNI: done in 1.14832 secs using 795.3% CPU
Optimizing NNI: done in 1.26888 secs using 794.2% CPU
Iteration 140 / LogL: -6652.642 / Time: 0h:2m:20s (0h:1m:32s left)
Optimizing NNI: done in 0.808181 secs using 794.9% CPU
Optimizing NNI: done in 1.02412 secs using 794.8% CPU
Optimizing NNI: done in 0.838113 secs using 794.8% CPU
Optimizing NNI: done in 1.22669 secs using 794.5% CPU
Optimizing NNI: done in 0.914214 secs using 794.8% CPU
Optimizing NNI: done in 0.745677 secs using 795.7% CPU
Optimizing NNI: done in 0.701508 secs using 794.8% CPU
Optimizing NNI: done in 1.15979 secs using 795% CPU
Optimizing NNI: done in 0.647437 secs using 795% CPU
Optimizing NNI: done in 0.626536 secs using 794.9% CPU
Iteration 150 / LogL: -6666.438 / Time: 0h:2m:29s (0h:1m:21s left)
Log-likelihood cutoff on original alignment: -6708.815
Optimizing NNI: done in 1.02154 secs using 794.7% CPU
Optimizing NNI: done in 0.955905 secs using 793.4% CPU
Optimizing NNI: done in 1.49249 secs using 794.2% CPU
Optimizing NNI: done in 1.13012 secs using 794.9% CPU
Optimizing NNI: done in 0.971401 secs using 795.8% CPU
Optimizing NNI: done in 0.787074 secs using 794.6% CPU
Optimizing NNI: done in 0.859576 secs using 795.3% CPU
Optimizing NNI: done in 0.835267 secs using 793.4% CPU
Optimizing NNI: done in 0.805276 secs using 794.4% CPU
Optimizing NNI: done in 0.757739 secs using 795.1% CPU
Iteration 160 / LogL: -6652.756 / Time: 0h:2m:39s (0h:1m:11s left)
Optimizing NNI: done in 1.18471 secs using 793.7% CPU
Optimizing NNI: done in 0.914064 secs using 794.5% CPU
Optimizing NNI: done in 0.747154 secs using 795.1% CPU
Optimizing NNI: done in 0.90392 secs using 794.3% CPU
Optimizing NNI: done in 0.865087 secs using 794.9% CPU
Optimizing NNI: done in 0.716722 secs using 793.5% CPU
Optimizing NNI: done in 0.736348 secs using 794.2% CPU
Optimizing NNI: done in 1.23672 secs using 794.9% CPU
Optimizing NNI: done in 0.796379 secs using 794.3% CPU
Optimizing NNI: done in 0.848547 secs using 795.6% CPU
Iteration 170 / LogL: -6657.829 / Time: 0h:2m:48s (0h:1m:1s left)
Optimizing NNI: done in 1.22887 secs using 795% CPU
Optimizing NNI: done in 0.732663 secs using 794.9% CPU
Optimizing NNI: done in 0.793917 secs using 795.7% CPU
Optimizing NNI: done in 0.903055 secs using 795.8% CPU
Optimizing NNI: done in 0.972847 secs using 793.5% CPU
Optimizing NNI: done in 1.07914 secs using 795% CPU
Optimizing NNI: done in 0.936103 secs using 795.2% CPU
Optimizing NNI: done in 0.644966 secs using 794.3% CPU
Optimizing NNI: done in 1.13366 secs using 793.6% CPU
Optimizing NNI: done in 1.10069 secs using 793.8% CPU
Iteration 180 / LogL: -6652.243 / Time: 0h:2m:58s (0h:0m:51s left)
Optimizing NNI: done in 1.05263 secs using 795.5% CPU
Optimizing NNI: done in 1.148 secs using 794.2% CPU
Optimizing NNI: done in 0.906429 secs using 794.6% CPU
Optimizing NNI: done in 1.01188 secs using 793.8% CPU
Optimizing NNI: done in 0.951748 secs using 794.7% CPU
Optimizing NNI: done in 1.12508 secs using 794.7% CPU
Optimizing NNI: done in 0.700223 secs using 794.3% CPU
Optimizing NNI: done in 1.28855 secs using 795% CPU
Optimizing NNI: done in 1.11321 secs using 793.9% CPU
Optimizing NNI: done in 1.54481 secs using 795.2% CPU
BETTER TREE FOUND at iteration 190: -6652.241
Iteration 190 / LogL: -6652.241 / Time: 0h:3m:9s (0h:1m:39s left)
Optimizing NNI: done in 0.760639 secs using 793.8% CPU
Optimizing NNI: done in 0.873978 secs using 795% CPU
Optimizing NNI: done in 0.978594 secs using 795.2% CPU
Optimizing NNI: done in 0.80603 secs using 795.3% CPU
Optimizing NNI: done in 1.16348 secs using 794.1% CPU
Optimizing NNI: done in 0.905849 secs using 793.9% CPU
Optimizing NNI: done in 1.60555 secs using 794.4% CPU
Optimizing NNI: done in 0.911485 secs using 794.5% CPU
Optimizing NNI: done in 0.897952 secs using 794.5% CPU
Optimizing NNI: done in 0.790191 secs using 793.2% CPU
Iteration 200 / LogL: -6652.375 / Time: 0h:3m:19s (0h:1m:29s left)
Log-likelihood cutoff on original alignment: -6708.815
NOTE: Bootstrap correlation coefficient of split occurrence frequencies: 0.996
Optimizing NNI: done in 0.605352 secs using 796% CPU
Optimizing NNI: done in 0.880488 secs using 793.9% CPU
Optimizing NNI: done in 0.763877 secs using 794.4% CPU
Optimizing NNI: done in 1.21281 secs using 795.4% CPU
Optimizing NNI: done in 0.968955 secs using 794.6% CPU
Optimizing NNI: done in 1.57438 secs using 795.2% CPU
Optimizing NNI: done in 0.970932 secs using 795.2% CPU
Optimizing NNI: done in 0.61943 secs using 795.8% CPU
Optimizing NNI: done in 0.719665 secs using 795.1% CPU
Optimizing NNI: done in 0.979982 secs using 794.3% CPU
Iteration 210 / LogL: -6658.009 / Time: 0h:3m:29s (0h:1m:29s left)
Optimizing NNI: done in 0.976867 secs using 794.1% CPU
Optimizing NNI: done in 0.971028 secs using 795.1% CPU
Optimizing NNI: done in 1.24724 secs using 795% CPU
Optimizing NNI: done in 0.706884 secs using 793% CPU
Optimizing NNI: done in 0.81485 secs using 794.6% CPU
Optimizing NNI: done in 0.936704 secs using 793.4% CPU
Optimizing NNI: done in 1.04244 secs using 794.8% CPU
Optimizing NNI: done in 0.780983 secs using 794.7% CPU
Optimizing NNI: done in 0.96817 secs using 794.1% CPU
Optimizing NNI: done in 0.928013 secs using 795.2% CPU
Iteration 220 / LogL: -6803.398 / Time: 0h:3m:38s (0h:1m:19s left)
Optimizing NNI: done in 0.885448 secs using 794.2% CPU
Optimizing NNI: done in 0.979678 secs using 795.1% CPU
Optimizing NNI: done in 0.686252 secs using 793.3% CPU
Optimizing NNI: done in 0.891175 secs using 793.3% CPU
Optimizing NNI: done in 1.047 secs using 794.4% CPU
Optimizing NNI: done in 0.956531 secs using 795.2% CPU
Optimizing NNI: done in 0.868194 secs using 794.1% CPU
Optimizing NNI: done in 0.761195 secs using 794.9% CPU
Optimizing NNI: done in 0.700599 secs using 793.9% CPU
Optimizing NNI: done in 0.904934 secs using 794.2% CPU
Iteration 230 / LogL: -6652.243 / Time: 0h:3m:47s (0h:1m:9s left)
Optimizing NNI: done in 1.01461 secs using 795.4% CPU
Optimizing NNI: done in 1.18301 secs using 793.7% CPU
Optimizing NNI: done in 1.15986 secs using 794.9% CPU
Optimizing NNI: done in 0.962809 secs using 795% CPU
Optimizing NNI: done in 1.17843 secs using 795.5% CPU
Optimizing NNI: done in 0.765228 secs using 793.8% CPU
Optimizing NNI: done in 0.959692 secs using 794.8% CPU
Optimizing NNI: done in 1.21055 secs using 795.2% CPU
Optimizing NNI: done in 0.887819 secs using 795.4% CPU
Optimizing NNI: done in 1.03311 secs using 794.8% CPU
Iteration 240 / LogL: -6688.144 / Time: 0h:3m:58s (0h:0m:59s left)
Optimizing NNI: done in 1.1463 secs using 794.5% CPU
Optimizing NNI: done in 1.18252 secs using 793.6% CPU
BETTER TREE FOUND at iteration 242: -6652.239
Optimizing NNI: done in 0.881618 secs using 795.1% CPU
Optimizing NNI: done in 1.39476 secs using 794.4% CPU
Optimizing NNI: done in 0.976578 secs using 794.2% CPU
Optimizing NNI: done in 0.966326 secs using 794.4% CPU
Optimizing NNI: done in 1.26658 secs using 794.7% CPU
Optimizing NNI: done in 0.925044 secs using 795.2% CPU
Optimizing NNI: done in 1.06578 secs using 794.7% CPU
Optimizing NNI: done in 0.761805 secs using 794.5% CPU
Iteration 250 / LogL: -6653.393 / Time: 0h:4m:9s (0h:1m:32s left)
Log-likelihood cutoff on original alignment: -6708.815
Optimizing NNI: done in 0.858532 secs using 795.7% CPU
Optimizing NNI: done in 0.589363 secs using 793.3% CPU
Optimizing NNI: done in 0.710307 secs using 795% CPU
Optimizing NNI: done in 0.418102 secs using 793.8% CPU
Optimizing NNI: done in 1.08527 secs using 795% CPU
Optimizing NNI: done in 0.862124 secs using 795.1% CPU
Optimizing NNI: done in 1.00696 secs using 794.8% CPU
Optimizing NNI: done in 0.975966 secs using 794.6% CPU
Optimizing NNI: done in 0.982222 secs using 795.4% CPU
Optimizing NNI: done in 0.879476 secs using 794.8% CPU
Iteration 260 / LogL: -6653.063 / Time: 0h:4m:18s (0h:1m:21s left)
Optimizing NNI: done in 0.830093 secs using 795% CPU
Optimizing NNI: done in 0.736158 secs using 794.3% CPU
Optimizing NNI: done in 0.789673 secs using 794.8% CPU
Optimizing NNI: done in 0.942736 secs using 794.8% CPU
Optimizing NNI: done in 1.07473 secs using 795.2% CPU
Optimizing NNI: done in 0.849857 secs using 795.4% CPU
Optimizing NNI: done in 1.08806 secs using 794.3% CPU
Optimizing NNI: done in 0.901939 secs using 795.3% CPU
Optimizing NNI: done in 0.907501 secs using 793.3% CPU
Optimizing NNI: done in 1.19622 secs using 794.7% CPU
Iteration 270 / LogL: -6659.241 / Time: 0h:4m:27s (0h:1m:11s left)
Optimizing NNI: done in 1.01138 secs using 794.8% CPU
Optimizing NNI: done in 0.896808 secs using 795.3% CPU
Optimizing NNI: done in 1.18976 secs using 794.5% CPU
Optimizing NNI: done in 1.20288 secs using 794.6% CPU
Optimizing NNI: done in 1.26505 secs using 794.1% CPU
Optimizing NNI: done in 0.746183 secs using 793.3% CPU
Optimizing NNI: done in 1.03325 secs using 795.1% CPU
Optimizing NNI: done in 1.06865 secs using 794% CPU
Optimizing NNI: done in 0.704025 secs using 793.7% CPU
Optimizing NNI: done in 0.50597 secs using 795.4% CPU
Iteration 280 / LogL: -6652.565 / Time: 0h:4m:37s (0h:1m:1s left)
Optimizing NNI: done in 1.11588 secs using 795.2% CPU
Optimizing NNI: done in 1.4721 secs using 794.6% CPU
Optimizing NNI: done in 0.857611 secs using 795.3% CPU
Optimizing NNI: done in 0.803887 secs using 794.9% CPU
Optimizing NNI: done in 1.08024 secs using 794.7% CPU
Optimizing NNI: done in 0.78526 secs using 795.1% CPU
Optimizing NNI: done in 0.720458 secs using 794.9% CPU
Optimizing NNI: done in 1.22227 secs using 794.2% CPU
Optimizing NNI: done in 0.658961 secs using 794.5% CPU
Optimizing NNI: done in 0.82808 secs using 794.3% CPU
Iteration 290 / LogL: -6664.038 / Time: 0h:4m:47s (0h:0m:51s left)
Optimizing NNI: done in 1.39366 secs using 794.2% CPU
Optimizing NNI: done in 0.719357 secs using 794.4% CPU
Optimizing NNI: done in 1.04878 secs using 794.7% CPU
Optimizing NNI: done in 1.28813 secs using 794.6% CPU
Optimizing NNI: done in 0.88005 secs using 794.7% CPU
Optimizing NNI: done in 1.03266 secs using 794.8% CPU
Optimizing NNI: done in 0.88464 secs using 794.8% CPU
Optimizing NNI: done in 0.801579 secs using 795.5% CPU
Optimizing NNI: done in 0.92396 secs using 794.9% CPU
Optimizing NNI: done in 0.776899 secs using 794.2% CPU
Iteration 300 / LogL: -6661.778 / Time: 0h:4m:58s (0h:0m:41s left)
Log-likelihood cutoff on original alignment: -6708.815
NOTE: Bootstrap correlation coefficient of split occurrence frequencies: 0.994
Optimizing NNI: done in 0.754093 secs using 794.7% CPU
Optimizing NNI: done in 1.12391 secs using 795.2% CPU
Optimizing NNI: done in 0.98701 secs using 794.8% CPU
Optimizing NNI: done in 1.13952 secs using 795.5% CPU
Optimizing NNI: done in 0.808035 secs using 793.9% CPU
Optimizing NNI: done in 0.854291 secs using 795.5% CPU
Optimizing NNI: done in 1.17196 secs using 794.7% CPU
Optimizing NNI: done in 0.656722 secs using 794.5% CPU
Optimizing NNI: done in 0.757445 secs using 794.7% CPU
Optimizing NNI: done in 1.24137 secs using 794.2% CPU
Iteration 310 / LogL: -6655.582 / Time: 0h:5m:8s (0h:1m:29s left)
Optimizing NNI: done in 0.748782 secs using 794.2% CPU
Optimizing NNI: done in 1.08875 secs using 795.2% CPU
Optimizing NNI: done in 1.27208 secs using 794% CPU
Optimizing NNI: done in 0.833378 secs using 795.2% CPU
Optimizing NNI: done in 0.723489 secs using 795.3% CPU
Optimizing NNI: done in 0.965031 secs using 795.6% CPU
Optimizing NNI: done in 0.735862 secs using 794.7% CPU
Optimizing NNI: done in 0.825703 secs using 795.2% CPU
Optimizing NNI: done in 1.0142 secs using 793.9% CPU
Optimizing NNI: done in 0.759321 secs using 796.3% CPU
Iteration 320 / LogL: -6660.371 / Time: 0h:5m:17s (0h:1m:19s left)
Optimizing NNI: done in 1.08719 secs using 794.6% CPU
Optimizing NNI: done in 0.925591 secs using 794.6% CPU
Optimizing NNI: done in 1.00353 secs using 794.9% CPU
Optimizing NNI: done in 1.25759 secs using 794.3% CPU
Optimizing NNI: done in 0.661307 secs using 794.7% CPU
Optimizing NNI: done in 1.01408 secs using 795.2% CPU
Optimizing NNI: done in 1.19087 secs using 794.2% CPU
Optimizing NNI: done in 0.835267 secs using 794.5% CPU
Optimizing NNI: done in 0.671302 secs using 794.8% CPU
Optimizing NNI: done in 0.727724 secs using 793.6% CPU
Iteration 330 / LogL: -6665.798 / Time: 0h:5m:27s (0h:1m:9s left)
Optimizing NNI: done in 0.802177 secs using 794.8% CPU
Optimizing NNI: done in 1.08395 secs using 794% CPU
Optimizing NNI: done in 1.28146 secs using 794.4% CPU
Optimizing NNI: done in 1.26406 secs using 794.2% CPU
Optimizing NNI: done in 0.597655 secs using 794.7% CPU
Optimizing NNI: done in 1.10683 secs using 794.8% CPU
Optimizing NNI: done in 1.1653 secs using 794.5% CPU
Optimizing NNI: done in 1.0921 secs using 794.4% CPU
Optimizing NNI: done in 0.851261 secs using 794.5% CPU
Optimizing NNI: done in 0.928792 secs using 794.6% CPU
Iteration 340 / LogL: -6653.759 / Time: 0h:5m:38s (0h:0m:59s left)
Optimizing NNI: done in 1.31311 secs using 794.1% CPU
Optimizing NNI: done in 0.979399 secs using 794.7% CPU
Optimizing NNI: done in 0.682624 secs using 794.8% CPU
TREE SEARCH COMPLETED AFTER 343 ITERATIONS / Time: 0h:5m:41s

--------------------------------------------------------------------
|                    FINALIZING TREE SEARCH                        |
--------------------------------------------------------------------
Performs final model parameters optimization
Estimate model parameters (epsilon = 0.010)
1. Initial log-likelihood: -6652.239
Optimal log-likelihood: -6652.239
Gamma shape alpha: 1.162
Parameters optimization took 1 rounds (0.069 sec)
BEST SCORE FOUND : -6652.239
Creating bootstrap support values...
Split supports printed to NEXUS file results/per_year_clustered/H3N2/trees/H3N2_2024_with_designs.splits.nex
Total tree length: 2.268

Total number of iterations: 343
CPU time used for tree search: 2656.251 sec (0h:44m:16s)
Wall-clock time used for tree search: 340.116 sec (0h:5m:40s)
Total CPU time used: 2664.527 sec (0h:44m:24s)
Total wall-clock time used: 341.473 sec (0h:5m:41s)

Computing bootstrap consensus tree...
Reading input file results/per_year_clustered/H3N2/trees/H3N2_2024_with_designs.splits.nex...
109 taxa and 2890 splits.
Consensus tree written to results/per_year_clustered/H3N2/trees/H3N2_2024_with_designs.contree
Reading input trees file results/per_year_clustered/H3N2/trees/H3N2_2024_with_designs.contree
Log-likelihood of consensus tree: -6652.933

Analysis results written to: 
  IQ-TREE report:                results/per_year_clustered/H3N2/trees/H3N2_2024_with_designs.iqtree
  Maximum-likelihood tree:       results/per_year_clustered/H3N2/trees/H3N2_2024_with_designs.treefile
  Likelihood distances:          results/per_year_clustered/H3N2/trees/H3N2_2024_with_designs.mldist

Ultrafast bootstrap approximation results written to:
  Split support values:          results/per_year_clustered/H3N2/trees/H3N2_2024_with_designs.splits.nex
  Consensus tree:                results/per_year_clustered/H3N2/trees/H3N2_2024_with_designs.contree
  Screen log file:               results/per_year_clustered/H3N2/trees/H3N2_2024_with_designs.log

Date and Time: Sat Nov 22 11:13:15 2025
