IQ-TREE version 3.0.1 for Linux x86 64-bit built Jul  9 2025
Developed by Bui Quang Minh, Thomas Wong, Nhan Ly-Trong, Huaiyan Ren
Contributed by Lam-Tung Nguyen, Dominik Schrempf, Chris Bielow,
Olga Chernomor, Michael Woodhams, Diep Thi Hoang, Heiko Schmidt

Host:    rtis-hpc-r01.uod.otago.ac.nz (AVX2, FMA3, 1007 GB RAM)
Command: iqtree -s results/per_year_clustered/H3N2/alignments/H3N2_2012_aligned.fasta -m LG+G4 -te results/per_year_clustered/H3N2/trees/H3N2_2012.treefile -asr -pre results/per_year_clustered/H3N2/trees/H3N2_2012_asr -redo -quiet
Seed:    839114 (Using SPRNG - Scalable Parallel Random Number Generator)
Time:    Sat Nov 22 10:54:06 2025
Kernel:  AVX+FMA - 1 threads (8 CPU cores detected)

HINT: Use -nt option to specify number of threads because your CPU has 8 cores!
HINT: -nt AUTO will automatically determine the best number of threads to use.

Reading alignment file results/per_year_clustered/H3N2/alignments/H3N2_2012_aligned.fasta ... Fasta format detected
Reading fasta file: done in 0.000222096 secs
Alignment most likely contains protein sequences
Constructing alignment: done in 0.000281869 secs
Alignment has 22 sequences with 578 columns, 268 distinct patterns
317 parsimony-informative, 21 singleton sites, 240 constant sites
                                                                   Gap/Ambiguity  Composition  p-value
Analyzing sequences: done in 2.12593e-05 secs
   1  EPI842634|HA|A/Thailand/FLU_PMKA1835/2012|EPI_ISL_235288|A_/_H3N2    2.08%    passed     99.98%
   2  EPI684777|HA|A/Thailand/CU-H3368/2012|EPI_ISL_205362|A_/_H3N2        2.08%    passed     99.97%
   3  EPI530828|HA|A/Lebanon/11L018/2012|EPI_ISL_140703|A_/_H3N2           2.08%    passed     99.99%
   4  EPI691463|HA|A/Kanagawa/09-209v/2012|EPI_ISL_206637|A_/_H3N2         2.08%    passed     99.96%
   5  EPI691475|HA|A/Chiba/33-178v/2012|EPI_ISL_206649|A_/_H3N2            2.08%    passed    100.00%
   6  EPI2380580|HA|A/Manila/AFPA-00202/2012|EPI_ISL_16854189|A_/_H3N2     2.08%    passed     99.95%
   7  EPI2120416|HA|A/Philippines/22/2012|EPI_ISL_14284851|A_/_H3N2        2.08%    passed     99.99%
   8  EPI426125|HA|A/Galicia/RR9911/2012|EPI_ISL_136408|A_/_H3N2           2.08%    passed    100.00%
   9  EPI407616|HA|A/Guam/3057/2012|EPI_ISL_132805|A_/_H3N2                2.08%    passed     99.97%
  10  EPI434580|HA|A/VICTORIA/87/2012|EPI_ISL_137756|A_/_H3N2              2.08%    passed     99.98%
  11  EPI447135|HA|A/Micronesia/6689/2012|EPI_ISL_140984|A_/_H3N2          2.08%    passed     99.98%
  12  EPI1125623|HA|A/Victoria/3/2012|EPI_ISL_288811|A_/_H3N2              2.08%    passed     99.99%
  13  EPI629923|HA|A/Victoria/187/2012|EPI_ISL_192794|A_/_H3N2             2.08%    passed    100.00%
  14  EPI394188|HA|A/WELLINGTON/5/2012|EPI_ISL_128656|A_/_H3N2             2.08%    passed     99.99%
  15  EPI404895|HA|A/Stockholm/34/2012|EPI_ISL_131802|A_/_H1N1             2.08%    passed     88.59%
  16  EPI405082|HA|A/Stockholm/42/2012|EPI_ISL_131859|A_/_H1N1             2.08%    passed     93.73%
  17  EPI407293|HA|A/Scotland/124640797/2012|EPI_ISL_132666|A_/_H1N1       2.08%    passed     89.21%
  18  EPI418377|HA|A/Stockholm/44/2012|EPI_ISL_134872|A_/_H1N1             2.08%    passed     90.25%
  19  EPI418830|HA|A/Stockholm/50/2012|EPI_ISL_134938|A_/_H1N1             2.08%    passed     91.89%
  20  EPI379995|HA|A/Stockholm/25/2012|EPI_ISL_122761|A_/_H1N1             2.08%    passed     94.70%
  21  EPI383002|HA|A/Boras/1/2012|EPI_ISL_123787|A_/_H1N1                  2.08%    passed     81.36%
  22  EPI397599|HA|A/Stockholm/16/2012|EPI_ISL_129669|A_/_H1N1             2.08%    passed     96.91%
****  TOTAL                                                                2.08%  0 sequences failed composition chi2 test (p-value<5%; df=19)
Reading input tree file results/per_year_clustered/H3N2/trees/H3N2_2012.treefile ...

NOTE: 3 MB RAM (0 GB) is required!
Estimate model parameters (epsilon = 0.010)
1. Initial log-likelihood: -3805.985
2. Current log-likelihood: -3805.372
3. Current log-likelihood: -3805.200
4. Current log-likelihood: -3805.167
Optimal log-likelihood: -3805.160
Gamma shape alpha: 1.235
Parameters optimization took 4 rounds (0.243 sec)
Wrote distance file to... 
BEST SCORE FOUND : -3805.160
Ancestral state probabilities printed to results/per_year_clustered/H3N2/trees/H3N2_2012_asr.state
Total tree length: 1.606

Total number of iterations: 0
CPU time used for tree search: 0.000 sec (0h:0m:0s)
Wall-clock time used for tree search: 0.000 sec (0h:0m:0s)
Total CPU time used: 0.326 sec (0h:0m:0s)
Total wall-clock time used: 0.360 sec (0h:0m:0s)

Analysis results written to: 
  IQ-TREE report:                results/per_year_clustered/H3N2/trees/H3N2_2012_asr.iqtree
  Maximum-likelihood tree:       results/per_year_clustered/H3N2/trees/H3N2_2012_asr.treefile
  Ancestral state:               results/per_year_clustered/H3N2/trees/H3N2_2012_asr.state
  Screen log file:               results/per_year_clustered/H3N2/trees/H3N2_2012_asr.log

Date and Time: Sat Nov 22 10:54:07 2025
