IQ-TREE version 3.0.1 for Linux x86 64-bit built Jul  9 2025
Developed by Bui Quang Minh, Thomas Wong, Nhan Ly-Trong, Huaiyan Ren
Contributed by Lam-Tung Nguyen, Dominik Schrempf, Chris Bielow,
Olga Chernomor, Michael Woodhams, Diep Thi Hoang, Heiko Schmidt

Host:    rtis-hpc-r01.uod.otago.ac.nz (AVX2, FMA3, 1007 GB RAM)
Command: iqtree -s results/per_year_clustered/H3N2/alignments/H3N2_2022_aligned.fasta -m LG+G4 -te results/per_year_clustered/H3N2/trees/H3N2_2022.treefile -asr -pre results/per_year_clustered/H3N2/trees/H3N2_2022_asr -redo -quiet
Seed:    878854 (Using SPRNG - Scalable Parallel Random Number Generator)
Time:    Sat Nov 22 11:02:12 2025
Kernel:  AVX+FMA - 1 threads (8 CPU cores detected)

HINT: Use -nt option to specify number of threads because your CPU has 8 cores!
HINT: -nt AUTO will automatically determine the best number of threads to use.

Reading alignment file results/per_year_clustered/H3N2/alignments/H3N2_2022_aligned.fasta ... Fasta format detected
Reading fasta file: done in 0.000514976 secs using 51.65% CPU
Alignment most likely contains protein sequences
Constructing alignment: done in 0.000389921 secs using 90.02% CPU
Alignment has 61 sequences with 578 columns, 337 distinct patterns
332 parsimony-informative, 25 singleton sites, 220 constant sites
                                                                                 Gap/Ambiguity  Composition  p-value
Analyzing sequences: done in 5.14574e-05 secs using 99.11% CPU
   1  EPI2304929|HA|A/Khon_Kaen/FS006/2022|EPI_ISL_16613615|A_/_H3N2                     2.08%    passed    100.00%
   2  EPI2304817|HA|A/Nakhon_Phanom/P4042/2022|EPI_ISL_16613601|A_/_H3N2                 2.08%    passed    100.00%
   3  EPI2968092|HA|A/Malaysia/IMR-RP1891/2022|EPI_ISL_18841630|A_/_H3N2                 2.08%    passed    100.00%
   4  EPI2292507|HA|A/Singapore/KK0221/2022|EPI_ISL_16520290|A_/_H3N2                    2.08%    passed    100.00%
   5  EPI2292195|HA|A/Singapore/NUH0048/2022|EPI_ISL_16520250|A_/_H3N2                   2.08%    passed    100.00%
   6  EPI2291971|HA|A/Singapore/KK719/2022|EPI_ISL_16520222|A_/_H3N2                     2.08%    passed    100.00%
   7  EPI2196839|HA|A/Nakhon_Phanom/NIC-P2268/2022|EPI_ISL_15504808|A_/_H3N2             2.08%    passed    100.00%
   8  EPI2681917|HA|A/ABUDHABI/UAE/0007455/2022|EPI_ISL_18094062|A_/_H3N2                2.08%    passed    100.00%
   9  EPI2922626|HA|A/ABUDHABI/UAE/0009087/2022|EPI_ISL_18781851|A_/_H3N2                2.08%    passed    100.00%
  10  EPI2002112|HA|A/GIHSN/Turkey/Ankara/14015_877/2022|EPI_ISL_11442783|A_/_H3N2       2.08%    passed    100.00%
  11  EPI2162456|HA|A/OKINAWA/185/2022|EPI_ISL_14883652|A_/_H3N2                         2.08%    passed    100.00%
  12  EPI2092205|HA|A/Qatar/16-VI-22-1446249/2022|EPI_ISL_13837766|A_/_H3N2              2.08%    passed    100.00%
  13  EPI2228996|HA|A/Ayutthaya/NIC-P3046/2022|EPI_ISL_15937214|A_/_H3N2                 2.08%    passed    100.00%
  14  EPI2200296|HA|A/Ayutthaya/NIC-P3601/2022|EPI_ISL_15610787|A_/_H3N2                 2.08%    passed    100.00%
  15  EPI2128567|HA|A/Malaysia/RP0683/2022|EPI_ISL_14467541|A_/_H3N2                     2.08%    passed    100.00%
  16  EPI2640203|HA|A/ABUDHABI/UAE/0007086/2022|EPI_ISL_18010543|A_/_H3N2                2.08%    passed    100.00%
  17  EPI2384251|HA|A/Philippines/39/2022|EPI_ISL_16864433|A_/_H3N2                      2.08%    passed    100.00%
  18  EPI2964194|HA|A/Malaysia/IMR-RP1882/2022|EPI_ISL_18831422|A_/_H3N2                 2.08%    passed    100.00%
  19  EPI2084976|HA|A/Singapore/NUH0004/2022|EPI_ISL_13655509|A_/_H3N2                   2.08%    passed    100.00%
  20  EPI2626431|HA|A/ABUDHABI/UAE/0005063/2022|EPI_ISL_17987890|A_/_H3N2                2.08%    passed    100.00%
  21  EPI2920036|HA|A/United_Kingdom/UO-4ecc6d354/2022|EPI_ISL_18776066|A_/_H3N2         3.98%    passed    100.00%
  22  EPI1986542|HA|A/Catalonia/NSVH198232316/2022|EPI_ISL_9995004|A_/_H3N2              2.08%    passed    100.00%
  23  EPI2086584|HA|A/England/221240312/2022|EPI_ISL_13699538|A_/_H3N2                   2.08%    passed    100.00%
  24  EPI2010496|HA|A/Catalonia/NSVH198237908/2022|EPI_ISL_11767037|A_/_H3N2             2.08%    passed    100.00%
  25  EPI1995519|HA|A/England/220500244/2022|EPI_ISL_11112324|A_/_H3N2                   2.08%    passed    100.00%
  26  EPI2209206|HA|A/Catalonia/NSVH198258104/2022|EPI_ISL_15701461|A_/_H3N2             2.08%    passed    100.00%
  27  EPI2187745|HA|A/Catalonia/NSVH151194567/2022|EPI_ISL_15210604|A_/_H3N2             2.08%    passed    100.00%
  28  EPI2087715|HA|A/Switzerland/18559/2022|EPI_ISL_13704425|A_/_H3N2                   2.08%    passed    100.00%
  29  EPI2121721|HA|A/Switzerland/59176/2022|EPI_ISL_14328729|A_/_H3N2                   2.08%    passed    100.00%
  30  EPI2468800|HA|A/England/225141157/2022|EPI_ISL_17246631|A_/_H3N2                   2.08%    passed    100.00%
  31  EPI2394021|HA|A/England/225180496/2022|EPI_ISL_16886749|A_/_H3N2                   2.08%    passed    100.00%
  32  EPI2100608|HA|A/Kyiv/58/2022|EPI_ISL_13970481|A_/_H3N2                             2.08%    passed    100.00%
  33  EPI2195789|HA|A/CastillaLaMancha/3200/2022|EPI_ISL_15446987|A_/_H3N2               2.08%    passed    100.00%
  34  EPI2195741|HA|A/CastillaLaMancha/2835/2022|EPI_ISL_15446917|A_/_H3N2               2.08%    passed    100.00%
  35  EPI2932434|HA|A/Soria/209/2022|EPI_ISL_18789413|A_/_H3N2                           2.08%    passed    100.00%
  36  EPI2264370|HA|A/Cardiff/0953/2022|EPI_ISL_16299956|A_/_H3N2                        2.08%    passed    100.00%
  37  EPI2091761|HA|A/United_Kingdom/13214/2022|EPI_ISL_13812822|A_/_H3N2                2.08%    passed    100.00%
  38  EPI2011903|HA|A/CastillaLaMancha/1245/2022|EPI_ISL_11814252|A_/_H3N2               2.08%    passed    100.00%
  39  EPI2240843|HA|A/Catalonia/NSVH170116930/2022|EPI_ISL_16075749|A_/_H3N2             2.08%    passed    100.00%
  40  EPI2640557|HA|A/England/231280380/2022|EPI_ISL_18010627|A_/_H3N2                   2.08%    passed    100.00%
  41  EPI2132126|HA|A/England/221900400/2022|EPI_ISL_14572229|A_/_H3N2                   2.08%    passed    100.00%
  42  EPI1987684|HA|A/Canarias/782/2022|EPI_ISL_10347222|A_/_H3N2                        2.08%    passed    100.00%
  43  EPI2323342|HA|A/Alicante/VAHNSI-GIHSN-16_2104/2022|EPI_ISL_16740083|A_/_H3N2       2.08%    passed    100.00%
  44  EPI2694337|HA|A/Santiago_de_Compostela/22-191107/2022|EPI_ISL_18119173|A_/_H3N2    2.08%    passed    100.00%
  45  EPI2919854|HA|A/United_Kingdom/UO-494cba150/2022|EPI_ISL_18775912|A_/_H3N2         2.08%    passed    100.00%
  46  EPI2059295|HA|A/Timor-Leste/155/2022|EPI_ISL_13175631|A_/_H3N2                     2.08%    passed    100.00%
  47  EPI2285058|HA|A/Brisbane/849/2022|EPI_ISL_16454707|A_/_H3N2                        2.08%    passed    100.00%
  48  EPI2285043|HA|A/Perth/443/2022|EPI_ISL_16454702|A_/_H3N2                           2.08%    passed    100.00%
  49  EPI2152074|HA|A/Canberra/462/2022|EPI_ISL_14819806|A_/_H3N2                        2.08%    passed    100.00%
  50  EPI2235788|HA|A/Sydney/732/2022|EPI_ISL_16003445|A_/_H3N2                          2.08%    passed    100.00%
  51  EPI2078898|HA|A/Victoria/6/2022|EPI_ISL_13531019|A_/_H3N2                          2.08%    passed    100.00%
  52  EPI2351287|HA|A/England/225120831/2022|EPI_ISL_16810061|A_/_H1N1                   2.08%    passed     14.88%
  53  EPI2328661|HA|A/England/225040226/2022|EPI_ISL_16745114|A_/_H1N1                   2.08%    passed     27.03%
  54  EPI2328600|HA|A/England/224960873/2022|EPI_ISL_16745076|A_/_H1N1                   2.08%    passed     18.70%
  55  EPI2306365|HA|A/England/224900420/2022|EPI_ISL_16616184|A_/_H1N1                   2.08%    passed     38.58%
  56  EPI2305565|HA|A/England/224820361/2022|EPI_ISL_16616066|A_/_H1N1                   2.08%    passed     22.05%
  57  EPI2337072|HA|A/England/225121089/2022|EPI_ISL_16749514|A_/_H1N1                   2.08%    passed     28.03%
  58  EPI2260226|HA|A/Catalonia/NSVH101974424/2022|EPI_ISL_16258264|A_/_H1N1             2.08%    passed     34.04%
  59  EPI2313184|HA|A/England/224840611/2022|EPI_ISL_16653507|A_/_H1N1                   2.08%    passed     16.58%
  60  EPI2207119|HA|A/Deeside/1535/2022|EPI_ISL_15677016|A_/_H1N1                        2.08%    passed     14.88%
  61  EPI2112607|HA|A/England/221460864/2022|EPI_ISL_14145012|A_/_H1N1                   2.08%    passed     27.36%
****  TOTAL                                                                              2.11%  0 sequences failed composition chi2 test (p-value<5%; df=19)
Reading input tree file results/per_year_clustered/H3N2/trees/H3N2_2022.treefile ...

NOTE: 13 MB RAM (0 GB) is required!
Estimate model parameters (epsilon = 0.010)
1. Initial log-likelihood: -5172.021
2. Current log-likelihood: -5170.943
3. Current log-likelihood: -5170.695
4. Current log-likelihood: -5170.672
Optimal log-likelihood: -5170.670
Gamma shape alpha: 0.822
Parameters optimization took 4 rounds (0.966 sec)
Wrote distance file to... 
BEST SCORE FOUND : -5170.670
Ancestral state probabilities printed to results/per_year_clustered/H3N2/trees/H3N2_2022_asr.state
Total tree length: 2.246

Total number of iterations: 0
CPU time used for tree search: 0.000 sec (0h:0m:0s)
Wall-clock time used for tree search: 0.000 sec (0h:0m:0s)
Total CPU time used: 1.192 sec (0h:0m:1s)
Total wall-clock time used: 1.276 sec (0h:0m:1s)

Analysis results written to: 
  IQ-TREE report:                results/per_year_clustered/H3N2/trees/H3N2_2022_asr.iqtree
  Maximum-likelihood tree:       results/per_year_clustered/H3N2/trees/H3N2_2022_asr.treefile
  Ancestral state:               results/per_year_clustered/H3N2/trees/H3N2_2022_asr.state
  Screen log file:               results/per_year_clustered/H3N2/trees/H3N2_2022_asr.log

Date and Time: Sat Nov 22 11:02:14 2025
