IQ-TREE version 3.0.1 for Linux x86 64-bit built Jul  9 2025
Developed by Bui Quang Minh, Thomas Wong, Nhan Ly-Trong, Huaiyan Ren
Contributed by Lam-Tung Nguyen, Dominik Schrempf, Chris Bielow,
Olga Chernomor, Michael Woodhams, Diep Thi Hoang, Heiko Schmidt

Host:    rtis-hpc-r09.uod.otago.ac.nz (AVX2, FMA3, 1006 GB RAM)
Command: iqtree -s results/per_year_clustered/H3N2/alignments/H3N2_2025_aligned.fasta -m LG+G4 -bb 1000 -nt 16 -pre results/per_year_clustered/H3N2/trees/H3N2_2025 -redo -quiet
Seed:    579896 (Using SPRNG - Scalable Parallel Random Number Generator)
Time:    Thu Nov 20 19:00:11 2025
Kernel:  AVX+FMA - 16 threads (16 CPU cores detected)

Reading alignment file results/per_year_clustered/H3N2/alignments/H3N2_2025_aligned.fasta ... Fasta format detected
Reading fasta file: done in 0.000869479 secs using 89.59% CPU
Alignment most likely contains protein sequences
Constructing alignment: done in 0.00074191 secs using 402.5% CPU
Alignment has 103 sequences with 580 columns, 364 distinct patterns
343 parsimony-informative, 38 singleton sites, 199 constant sites
                                                                                  Gap/Ambiguity  Composition  p-value
Analyzing sequences: done in 0.0123963 secs using 1180% CPU
   1  EPI4569411|HA|A/Nakhon_Phanom/P1846/2025|EPI_ISL_20087282|A_/_H3N2                  2.41%    passed    100.00%
   2  EPI4569451|HA|A/Bangkok/P1892/2025|EPI_ISL_20087287|A_/_H3N2                        2.41%    passed    100.00%
   3  EPI4569339|HA|A/Nakhon_Phanom/P1767/2025|EPI_ISL_20087273|A_/_H3N2                  2.41%    passed    100.00%
   4  EPI4467231|HA|A/YAMAGATA/98/2025|EPI_ISL_20054881|A_/_H3N2                          2.41%    passed    100.00%
   5  EPI4467199|HA|A/GUNMA/397/2025|EPI_ISL_20054877|A_/_H3N2                            2.41%    passed    100.00%
   6  EPI4570392|HA|A/Laos/00819-3122/2025|EPI_ISL_20087471|A_/_H3N2                      2.41%    passed    100.00%
   7  EPI4245779|HA|A/Vietnam/FP425102/2025|EPI_ISL_19826074|A_/_H3N2                     2.41%    passed    100.00%
   8  EPI4156919|HA|A/Nakhon_Phanom/F659/2025|EPI_ISL_19794733|A_/_H3N2                   2.41%    passed    100.00%
   9  EPI4155435|HA|A/Busan/461/2025|EPI_ISL_19794442|A_/_H3N2                            2.41%    passed    100.00%
  10  EPI4156688|HA|A/Ulsan/334/2025|EPI_ISL_19794599|A_/_H3N2                            2.41%    passed    100.00%
  11  EPI4156520|HA|A/Jeju/419/2025|EPI_ISL_19794578|A_/_H3N2                             2.41%    passed    100.00%
  12  EPI4579624|HA|A/Nakhon_Phanom/P2091/2025|EPI_ISL_20090640|A_/_H3N2                  2.41%    passed    100.00%
  13  EPI4470709|HA|A/Oman/CPHL_7252121/2025|EPI_ISL_20058106|A_/_H3N2                    2.41%    passed    100.00%
  14  EPI4470393|HA|A/Oman/CPHL_7251116/2025|EPI_ISL_20058064|A_/_H3N2                    2.41%    passed    100.00%
  15  EPI4582653|HA|A/Singapore/MAH0260/2025|EPI_ISL_20091123|A_/_H3N2                    2.41%    passed    100.00%
  16  EPI4667606|HA|A/Maldives/1301/2025|EPI_ISL_20159078|A_/_H3N2                        2.41%    passed    100.00%
  17  EPI4423073|HA|A/ABUDHABI/UAE/0004145/2025|EPI_ISL_19899658|A_/_H3N2                 2.41%    passed    100.00%
  18  EPI4423026|HA|A/ABUDHABI/UAE/0003943/2025|EPI_ISL_19899652|A_/_H3N2                 2.41%    passed    100.00%
  19  EPI4422745|HA|A/ABUDHABI/UAE/0004811/2025|EPI_ISL_19899616|A_/_H3N2                 2.41%    passed    100.00%
  20  EPI4422563|HA|A/ABUDHABI/UAE/0004807/2025|EPI_ISL_19899593|A_/_H3N2                 2.41%    passed    100.00%
  21  EPI4422533|HA|A/ABUDHABI/UAE/0004161/2025|EPI_ISL_19899589|A_/_H3N2                 2.41%    passed    100.00%
  22  EPI4592181|HA|A/NIIGATA-C/25144/2025|EPI_ISL_20097267|A_/_H3N2                      2.41%    passed    100.00%
  23  EPI4594611|HA|A/ABUDHABI/UAE/0013784/2025|EPI_ISL_20098101|A_/_H3N2                 2.41%    passed    100.00%
  24  EPI4672093|HA|A/Nepal/S2163/2025|EPI_ISL_20164546|A_/_H3N2                          2.41%    passed    100.00%
  25  EPI4191363|HA|A/Bangkok/F1046/2025|EPI_ISL_19806054|A_/_H3N2                        2.41%    passed    100.00%
  26  EPI4434984|HA|A/ABUDHABI/UAE/0001511/2025|EPI_ISL_19904892|A_/_H3N2                 2.41%    passed    100.00%
  27  EPI4435269|HA|A/ABUDHABI/UAE/0003162/2025|EPI_ISL_19904945|A_/_H3N2                 2.41%    passed    100.00%
  28  EPI4435431|HA|A/ABUDHABI/UAE/0005127/2025|EPI_ISL_19904968|A_/_H3N2                 2.41%    passed    100.00%
  29  EPI4358173|HA|A/Laos/00819-3001/2025|EPI_ISL_19871777|A_/_H3N2                      4.31%    passed    100.00%
  30  EPI4358117|HA|A/Laos/00819-2987/2025|EPI_ISL_19871770|A_/_H3N2                      4.31%    passed    100.00%
  31  EPI4435979|HA|A/ABUDHABI/UAE/0021340/2025|EPI_ISL_19905112|A_/_H3N2                 2.41%    passed    100.00%
  32  EPI4436424|HA|A/ABUDHABI/UAE/0022701/2025|EPI_ISL_19905170|A_/_H3N2                 2.41%    passed    100.00%
  33  EPI4600644|HA|A/Vietnam/5012/2025|EPI_ISL_20103021|A_/_H3N2                         2.41%    passed    100.00%
  34  EPI4440167|HA|A/TOKYO/EIS11-849/2025|EPI_ISL_19907040|A_/_H3N2                      2.41%    passed    100.00%
  35  EPI4111474|HA|A/Nepal/S178/2025|EPI_ISL_19780855|A_/_H3N2                           2.41%    passed    100.00%
  36  EPI4212716|HA|A/Oman/CPHL_725676/2025|EPI_ISL_19814750|A_/_H3N2                     2.41%    passed    100.00%
  37  EPI4212620|HA|A/Oman/CPHL_725560/2025|EPI_ISL_19814738|A_/_H3N2                     2.41%    passed    100.00%
  38  EPI4387605|HA|A/Riyadh/329/2025|EPI_ISL_19881900|A_/_H3N2                           2.41%    passed    100.00%
  39  EPI4387597|HA|A/Riyadh/221/2025|EPI_ISL_19881896|A_/_H3N2                           2.41%    passed    100.00%
  40  EPI4114463|HA|A/Vietnam/PF424427/2025|EPI_ISL_19783198|A_/_H3N2                     2.41%    passed    100.00%
  41  EPI4390916|HA|A/Malaysia/IMR-RM1203/2025|EPI_ISL_19883062|A_/_H3N2                  2.41%    passed    100.00%
  42  EPI4547606|HA|A/Singapore/KK0398/2025|EPI_ISL_20079646|A_/_H3N2                     2.41%    passed    100.00%
  43  EPI4559445|HA|A/Lebanon/AU-9301/2025|EPI_ISL_20084471|A_/_H3N2                      4.14%    passed    100.00%
  44  EPI4722194|HA|A/Phra_Nakhon_Si_Ayutthaya/P3281/2025|EPI_ISL_20184477|A_/_H3N2       2.41%    passed    100.00%
  45  EPI4649753|HA|A/England/3140745/2025|EPI_ISL_20152710|A_/_H3N2                      2.41%    passed    100.00%
  46  EPI4148141|HA|A/Galicia/GA-CHUAC-323/2025|EPI_ISL_19792114|A_/_H3N2                 2.41%    passed    100.00%
  47  EPI3957631|HA|A/Galicia/SCQ/123708/2025|EPI_ISL_19729391|A_/_H3N2                   2.41%    passed    100.00%
  48  EPI4053421|HA|A/Catalonia/NSVH171625451/2025|EPI_ISL_19762458|A_/_H3N2              2.41%    passed    100.00%
  49  EPI3867210|HA|A/Switzerland/UN-SNRCI-HUG-46890800/2025|EPI_ISL_19698200|A_/_H3N2    2.41%    passed    100.00%
  50  EPI4411050|HA|A/Netherlands/00520/2025|EPI_ISL_19895646|A_/_H3N2                    2.41%    passed    100.00%
  51  EPI4323571|HA|A/Galicia/GA-CHUAC-395/2025|EPI_ISL_19863520|A_/_H3N2                 2.41%    passed    100.00%
  52  EPI4169874|HA|A/Canarias/715/2025|EPI_ISL_19798318|A_/_H3N2                         2.41%    passed    100.00%
  53  EPI4324677|HA|A/Galicia/SCQ/164741/2025|EPI_ISL_19863712|A_/_H3N2                   2.41%    passed    100.00%
  54  EPI4667852|HA|A/Kyiv/1735/2025|EPI_ISL_20159109|A_/_H3N2                            2.41%    passed    100.00%
  55  EPI4417107|HA|A/PaisVasco/96047909/2025|EPI_ISL_19897769|A_/_H3N2                   2.41%    passed    100.00%
  56  EPI4255709|HA|A/Badajoz/18682741/2025|EPI_ISL_19832057|A_/_H3N2                     2.24%    passed    100.00%
  57  EPI4488726|HA|A/Galicia/22716870/2025|EPI_ISL_20063874|A_/_H3N2                     2.41%    passed    100.00%
  58  EPI4427844|HA|A/Spain/VC-GRAL-002675/2025|EPI_ISL_19900569|A_/_H3N2                 2.41%    passed    100.00%
  59  EPI4267031|HA|A/Asturias/1217/2025|EPI_ISL_19837366|A_/_H3N2                        2.41%    passed    100.00%
  60  EPI3885934|HA|A/Ukraine/GIHSN-HCL025014452702/2025|EPI_ISL_19705870|A_/_H3N2        2.41%    passed    100.00%
  61  EPI3885958|HA|A/Ukraine/GIHSN-HCL025014454802/2025|EPI_ISL_19705873|A_/_H3N2        2.41%    passed    100.00%
  62  EPI4101046|HA|A/England/0780838/2025|EPI_ISL_19777674|A_/_H3N2                      2.41%    passed    100.00%
  63  EPI3827479|HA|A/Galicia/GA-CHUAC-192/2025|EPI_ISL_19680892|A_/_H3N2                 2.41%    passed    100.00%
  64  EPI4017249|HA|A/Murcia/364/2025|EPI_ISL_19747908|A_/_H3N2                           2.41%    passed    100.00%
  65  EPI4298547|HA|A/England/1400693/2025|EPI_ISL_19853084|A_/_H3N2                      2.41%    passed    100.00%
  66  EPI4560416|HA|A/Padeswood/4401/2025|EPI_ISL_20084767|A_/_H3N2                       2.41%    passed    100.00%
  67  EPI4309762|HA|A/Sweden/SE25-50811/2025|EPI_ISL_19857207|A_/_H3N2                    2.41%    passed    100.00%
  68  EPI4147226|HA|A/Catalonia/NSVH151063084/2025|EPI_ISL_19791509|A_/_H3N2              2.41%    passed     99.98%
  69  EPI4569854|HA|A/Solomon_Islands/30/2025|EPI_ISL_20087352|A_/_H3N2                   2.41%    passed    100.00%
  70  EPI4575178|HA|A/South_Australia/2510501305/2025|EPI_ISL_20089688|A_/_H3N2           2.41%    passed    100.00%
  71  EPI4724371|HA|A/South_Australia/2525911555/2025|EPI_ISL_20188069|A_/_H3N2           2.41%    passed    100.00%
  72  EPI4724347|HA|A/New_South_Wales/2525817216/2025|EPI_ISL_20188066|A_/_H3N2           2.41%    passed    100.00%
  73  EPI4664988|HA|A/Tasmania/729/2025|EPI_ISL_20157940|A_/_H3N2                         2.41%    passed    100.00%
  74  EPI4411302|HA|A/Tasmania/175/2025|EPI_ISL_19895764|A_/_H3N2                         2.41%    passed    100.00%
  75  EPI4672004|HA|A/Darwin/1065/2025|EPI_ISL_20164520|A_/_H3N2                          2.41%    passed    100.00%
  76  EPI4514373|HA|A/Victoria/397/2025|EPI_ISL_20070574|A_/_H3N2                         2.41%    passed    100.00%
  77  EPI4627386|HA|A/New_Caledonia/67/2025|EPI_ISL_20138725|A_/_H3N2                     2.41%    passed    100.00%
  78  EPI4308974|HA|A/Sydney/75/2025|EPI_ISL_19856609|A_/_H3N2                            2.41%    passed    100.00%
  79  EPI4649713|HA|A/England/2820681/2025|EPI_ISL_20152705|A_/_H1N1                      2.41%    passed     36.13%
  80  EPI4649552|HA|A/Catalonia/NSAV198332619/2025|EPI_ISL_20152344|A_/_H1N1              2.41%    passed     35.95%
  81  EPI4467988|HA|A/Galicia/44224586/2025|EPI_ISL_20055313|A_/_H1N1                     2.41%    passed     31.99%
  82  EPI4408183|HA|A/Madrid/HULP-200724254/2025|EPI_ISL_19893100|A_/_H1N1                2.41%    passed     45.52%
  83  EPI4408167|HA|A/Madrid/HULP-200683958/2025|EPI_ISL_19893098|A_/_H1N1                2.41%    passed     21.51%
  84  EPI3957602|HA|A/Galicia/SCQ/122721/2025|EPI_ISL_19729387|A_/_H1N1                   2.41%    passed     41.45%
  85  EPI3957551|HA|A/Galicia/SCQ/118726/2025|EPI_ISL_19729380|A_/_H1N1                   2.41%    passed     45.35%
  86  EPI4318575|HA|A/Galicia/GA-CHUAC-376/2025|EPI_ISL_19861830|A_/_H1N1                 2.41%    passed     48.29%
  87  EPI4161523|HA|A/Aragon/598/2025|EPI_ISL_19796571|A_/_H1N1                           2.41%    passed     28.03%
  88  EPI4322518|HA|A/Galicia/52502966/2025|EPI_ISL_19863007|A_/_H1N1                     2.41%    passed     38.97%
  89  EPI4414758|HA|A/Spain/VC-HADV-002442/2025|EPI_ISL_19897333|A_/_H1N1                 2.41%    passed     43.65%
  90  EPI4415749|HA|A/Spain/VC-GRAL-002617/2025|EPI_ISL_19897460|A_/_H1N1                 2.41%    passed     27.79%
  91  EPI4064473|HA|A/Avila/1833/2025|EPI_ISL_19767618|A_/_H1N1                           2.41%    passed     24.35%
  92  EPI4589108|HA|A/Alicante/VAHNSI-GIHSN-16_0431/2025|EPI_ISL_20095985|A_/_H1N1        2.41%    passed     32.13%
  93  EPI4589578|HA|A/Valencia/VAHNSI-GIHSN-11_0539/2025|EPI_ISL_20096044|A_/_H1N1        2.41%    passed     48.60%
  94  EPI4589474|HA|A/Valencia/VAHNSI-GIHSN-11_0289/2025|EPI_ISL_20096031|A_/_H1N1        2.41%    passed     31.60%
  95  EPI4073754|HA|A/Galicia/SCQ/132102/2025|EPI_ISL_19770700|A_/_H1N1                   2.41%    passed     25.90%
  96  EPI4265256|HA|A/ComunidadValenciana/990/2025|EPI_ISL_19836366|A_/_H1N1              2.41%    passed     34.01%
  97  EPI4192158|HA|A/Andalucia/PMC-00768/2025|EPI_ISL_19806287|A_/_H1N1                  2.24%    passed     26.09%
  98  EPI4503965|HA|A/Slovakia/uvzsr-40431/2025|EPI_ISL_20069003|A_/_H1N1                 2.41%    passed     37.85%
  99  EPI4113781|HA|A/Sweden/SE25-50565/2025|EPI_ISL_19782067|A_/_H1N1                    2.41%    passed     49.15%
 100  EPI4116076|HA|A/England/0880117/2025|EPI_ISL_19783846|A_/_H1N1                      2.41%    passed     31.57%
 101  EPI4116152|HA|A/England/0920404/2025|EPI_ISL_19783857|A_/_H1N1                      2.41%    passed     40.88%
 102  EPI4116576|HA|A/Cwmifor/4078/2025|EPI_ISL_19784917|A_/_H1N1                         2.41%    passed     30.69%
 103  EPI4401545|HA|A/Catalonia/NSBE251037350/2025|EPI_ISL_19889540|A_/_H1N1              2.41%    passed     61.16%
****  TOTAL                                                                               2.46%  0 sequences failed composition chi2 test (p-value<5%; df=19)
Checking for duplicate sequences: done in 0.00629455 secs using 1180% CPU
Creating fast initial parsimony tree by random order stepwise addition...
0.416 seconds, parsimony score: 778 (based on 381 sites)
Generating 1000 samples for ultrafast bootstrap (seed: 579896)...

NOTE: 25 MB RAM (0 GB) is required!
Estimate model parameters (epsilon = 0.100)
1. Initial log-likelihood: -6560.623
2. Current log-likelihood: -6547.526
3. Current log-likelihood: -6546.056
4. Current log-likelihood: -6545.880
Optimal log-likelihood: -6545.851
Gamma shape alpha: 0.695
Parameters optimization took 4 rounds (0.291 sec)
Wrote distance file to... 
Computing ML distances based on estimated model parameters...
Calculating distance matrix: done in 0.0623689 secs using 1582% CPU
Computing ML distances took 0.062565 sec (of wall-clock time) 0.988786 sec (of CPU time)
Setting up auxiliary I and S matrices: done in 0.00135533 secs using 144.7% CPU
Constructing RapidNJ tree: done in 0.155355 secs using 51.74% CPU
Computing RapidNJ tree took 0.156795 sec (of wall-clock time) 0.082434 sec (of CPU time)
Log-likelihood of RapidNJ tree: -6622.565
--------------------------------------------------------------------
|             INITIALIZING CANDIDATE TREE SET                      |
--------------------------------------------------------------------
Generating 98 parsimony trees... 0.209 second
Computing log-likelihood of 98 initial trees ... 2.148 seconds
Current best score: -6522.729

Do NNI search on 20 best initial trees
Optimizing NNI: done in 0.817221 secs using 1585% CPU
Estimate model parameters (epsilon = 0.100)
BETTER TREE FOUND at iteration 1: -6509.847
Optimizing NNI: done in 0.587296 secs using 1590% CPU
Estimate model parameters (epsilon = 0.100)
BETTER TREE FOUND at iteration 2: -6502.763
Optimizing NNI: done in 1.00863 secs using 1589% CPU
Estimate model parameters (epsilon = 0.100)
BETTER TREE FOUND at iteration 3: -6497.675
Optimizing NNI: done in 0.970072 secs using 1588% CPU
Estimate model parameters (epsilon = 0.100)
BETTER TREE FOUND at iteration 4: -6490.555
Optimizing NNI: done in 0.703927 secs using 1589% CPU
Optimizing NNI: done in 0.809215 secs using 1588% CPU
Optimizing NNI: done in 0.703045 secs using 1588% CPU
Optimizing NNI: done in 0.743229 secs using 1588% CPU
Optimizing NNI: done in 0.746339 secs using 1588% CPU
Optimizing NNI: done in 0.885229 secs using 1587% CPU
Iteration 10 / LogL: -6509.623 / Time: 0h:0m:13s
Optimizing NNI: done in 0.596986 secs using 1587% CPU
Optimizing NNI: done in 0.809148 secs using 1588% CPU
Optimizing NNI: done in 0.944405 secs using 1588% CPU
Optimizing NNI: done in 0.765636 secs using 1589% CPU
Optimizing NNI: done in 0.726464 secs using 1588% CPU
Optimizing NNI: done in 0.912811 secs using 1560% CPU
Optimizing NNI: done in 0.951382 secs using 1589% CPU
Optimizing NNI: done in 0.614851 secs using 1587% CPU
Optimizing NNI: done in 0.942633 secs using 1585% CPU
Optimizing NNI: done in 4.09664 secs using 1499% CPU
Iteration 20 / LogL: -6512.509 / Time: 0h:0m:24s
Finish initializing candidate tree set (20)
Current best tree score: -6490.555 / CPU time: 21.940
Number of iterations: 20
--------------------------------------------------------------------
|               OPTIMIZING CANDIDATE TREE SET                      |
--------------------------------------------------------------------
Optimizing NNI: done in 0.960013 secs using 1588% CPU
Optimizing NNI: done in 0.812374 secs using 1589% CPU
Optimizing NNI: done in 1.00107 secs using 1588% CPU
Optimizing NNI: done in 0.760465 secs using 1585% CPU
Optimizing NNI: done in 0.656894 secs using 1589% CPU
Optimizing NNI: done in 1.23418 secs using 1584% CPU
Optimizing NNI: done in 1.10338 secs using 1588% CPU
Optimizing NNI: done in 0.755705 secs using 1589% CPU
Optimizing NNI: done in 0.547648 secs using 1590% CPU
Optimizing NNI: done in 1.03213 secs using 1587% CPU
Iteration 30 / LogL: -6499.876 / Time: 0h:0m:33s (0h:1m:24s left)
Optimizing NNI: done in 0.676689 secs using 1584% CPU
Optimizing NNI: done in 1.01865 secs using 1585% CPU
Optimizing NNI: done in 0.948857 secs using 1588% CPU
Optimizing NNI: done in 1.2495 secs using 1588% CPU
Optimizing NNI: done in 0.838721 secs using 1588% CPU
Optimizing NNI: done in 0.585698 secs using 1585% CPU
Optimizing NNI: done in 0.518072 secs using 1587% CPU
Optimizing NNI: done in 1.15923 secs using 1561% CPU
Optimizing NNI: done in 0.977323 secs using 1589% CPU
Optimizing NNI: done in 0.791858 secs using 1588% CPU
Iteration 40 / LogL: -6490.559 / Time: 0h:0m:42s (0h:1m:8s left)
Optimizing NNI: done in 0.743419 secs using 1586% CPU
Optimizing NNI: done in 0.715981 secs using 1588% CPU
Optimizing NNI: done in 0.654505 secs using 1585% CPU
Optimizing NNI: done in 0.716402 secs using 1589% CPU
Optimizing NNI: done in 1.02303 secs using 1588% CPU
Optimizing NNI: done in 0.783438 secs using 1589% CPU
Optimizing NNI: done in 1.12497 secs using 1588% CPU
Estimate model parameters (epsilon = 0.100)
BETTER TREE FOUND at iteration 47: -6489.181
Optimizing NNI: done in 0.722405 secs using 1586% CPU
Estimate model parameters (epsilon = 0.100)
BETTER TREE FOUND at iteration 48: -6489.126
Optimizing NNI: done in 1.00744 secs using 1587% CPU
Optimizing NNI: done in 0.723118 secs using 1587% CPU
Estimate model parameters (epsilon = 0.100)
BETTER TREE FOUND at iteration 50: -6488.905
Iteration 50 / LogL: -6488.905 / Time: 0h:0m:50s (0h:1m:42s left)
Log-likelihood cutoff on original alignment: -6570.252
Optimizing NNI: done in 0.60109 secs using 1588% CPU
Optimizing NNI: done in 0.72087 secs using 1589% CPU
Optimizing NNI: done in 1.08001 secs using 1588% CPU
Optimizing NNI: done in 0.706017 secs using 1588% CPU
Optimizing NNI: done in 0.983517 secs using 1587% CPU
Optimizing NNI: done in 0.707651 secs using 1587% CPU
Optimizing NNI: done in 0.796321 secs using 1587% CPU
Optimizing NNI: done in 0.817783 secs using 1588% CPU
Optimizing NNI: done in 1.11245 secs using 1589% CPU
Estimate model parameters (epsilon = 0.100)
BETTER TREE FOUND at iteration 59: -6485.839
Optimizing NNI: done in 0.966504 secs using 1585% CPU
Iteration 60 / LogL: -6493.226 / Time: 0h:0m:59s (0h:1m:39s left)
Optimizing NNI: done in 1.07346 secs using 1586% CPU
Optimizing NNI: done in 1.11514 secs using 1589% CPU
Optimizing NNI: done in 1.3631 secs using 1588% CPU
Optimizing NNI: done in 0.752324 secs using 1589% CPU
Optimizing NNI: done in 0.634772 secs using 1588% CPU
Optimizing NNI: done in 0.714157 secs using 1586% CPU
Optimizing NNI: done in 1.02124 secs using 1587% CPU
Optimizing NNI: done in 0.84473 secs using 1589% CPU
Optimizing NNI: done in 0.797899 secs using 1588% CPU
Optimizing NNI: done in 0.855041 secs using 1588% CPU
Iteration 70 / LogL: -6488.976 / Time: 0h:1m:8s (0h:1m:28s left)
Optimizing NNI: done in 1.09286 secs using 1587% CPU
Optimizing NNI: done in 0.744218 secs using 1587% CPU
Optimizing NNI: done in 1.09248 secs using 1582% CPU
Optimizing NNI: done in 0.713173 secs using 1587% CPU
Optimizing NNI: done in 0.600921 secs using 1587% CPU
Optimizing NNI: done in 1.0935 secs using 1587% CPU
Optimizing NNI: done in 0.622308 secs using 1584% CPU
Optimizing NNI: done in 0.778596 secs using 1585% CPU
Optimizing NNI: done in 1.01352 secs using 1587% CPU
Optimizing NNI: done in 0.786963 secs using 1587% CPU
Iteration 80 / LogL: -6505.789 / Time: 0h:1m:17s (0h:1m:17s left)
Optimizing NNI: done in 0.854111 secs using 1588% CPU
Optimizing NNI: done in 1.14486 secs using 1586% CPU
Optimizing NNI: done in 1.02464 secs using 1587% CPU
Optimizing NNI: done in 0.670295 secs using 1587% CPU
Optimizing NNI: done in 0.874492 secs using 1589% CPU
Optimizing NNI: done in 1.17538 secs using 1576% CPU
Optimizing NNI: done in 0.910408 secs using 1587% CPU
Optimizing NNI: done in 1.10865 secs using 1576% CPU
Optimizing NNI: done in 0.584965 secs using 1588% CPU
Optimizing NNI: done in 0.7642 secs using 1586% CPU
Iteration 90 / LogL: -6486.201 / Time: 0h:1m:26s (0h:1m:6s left)
Optimizing NNI: done in 0.914614 secs using 1590% CPU
Optimizing NNI: done in 0.636117 secs using 1588% CPU
Optimizing NNI: done in 0.710402 secs using 1587% CPU
Optimizing NNI: done in 0.705365 secs using 1586% CPU
Optimizing NNI: done in 0.704589 secs using 1588% CPU
Optimizing NNI: done in 0.467489 secs using 1586% CPU
Optimizing NNI: done in 1.19865 secs using 1587% CPU
Optimizing NNI: done in 1.04693 secs using 1587% CPU
Optimizing NNI: done in 1.08488 secs using 1588% CPU
Optimizing NNI: done in 0.705428 secs using 1589% CPU
Iteration 100 / LogL: -6486.442 / Time: 0h:1m:35s (0h:0m:56s left)
Log-likelihood cutoff on original alignment: -6570.252
NOTE: Bootstrap correlation coefficient of split occurrence frequencies: 0.981
NOTE: UFBoot does not converge, continue at least 100 more iterations
Optimizing NNI: done in 0.57471 secs using 1586% CPU
Optimizing NNI: done in 0.700811 secs using 1587% CPU
Optimizing NNI: done in 0.749799 secs using 1586% CPU
Optimizing NNI: done in 0.656234 secs using 1587% CPU
Optimizing NNI: done in 0.592601 secs using 1582% CPU
Optimizing NNI: done in 0.775983 secs using 1588% CPU
Optimizing NNI: done in 0.556903 secs using 1589% CPU
Estimate model parameters (epsilon = 0.100)
BETTER TREE FOUND at iteration 107: -6485.798
Optimizing NNI: done in 0.755001 secs using 1587% CPU
Optimizing NNI: done in 5.07406 secs using 1473% CPU
Optimizing NNI: done in 1.15638 secs using 1588% CPU
Iteration 110 / LogL: -6501.155 / Time: 0h:1m:47s (0h:1m:34s left)
Optimizing NNI: done in 0.69703 secs using 1586% CPU
Optimizing NNI: done in 0.908605 secs using 1589% CPU
Optimizing NNI: done in 0.858068 secs using 1587% CPU
Optimizing NNI: done in 0.843963 secs using 1587% CPU
Optimizing NNI: done in 0.66965 secs using 1588% CPU
Optimizing NNI: done in 0.63252 secs using 1588% CPU
Optimizing NNI: done in 0.977463 secs using 1587% CPU
Optimizing NNI: done in 0.634739 secs using 1586% CPU
Optimizing NNI: done in 0.678849 secs using 1589% CPU
Optimizing NNI: done in 0.79345 secs using 1587% CPU
Iteration 120 / LogL: -6485.800 / Time: 0h:1m:55s (0h:1m:23s left)
Optimizing NNI: done in 0.92923 secs using 1588% CPU
Optimizing NNI: done in 0.729851 secs using 1588% CPU
Optimizing NNI: done in 0.675033 secs using 1586% CPU
Optimizing NNI: done in 0.773167 secs using 1587% CPU
Optimizing NNI: done in 0.462861 secs using 1589% CPU
Optimizing NNI: done in 1.19373 secs using 1543% CPU
Optimizing NNI: done in 0.713661 secs using 1587% CPU
Optimizing NNI: done in 0.744738 secs using 1587% CPU
Optimizing NNI: done in 0.670918 secs using 1588% CPU
Optimizing NNI: done in 1.1115 secs using 1587% CPU
Iteration 130 / LogL: -6485.863 / Time: 0h:2m:3s (0h:1m:13s left)
Optimizing NNI: done in 0.925651 secs using 1587% CPU
Optimizing NNI: done in 0.871886 secs using 1589% CPU
Optimizing NNI: done in 0.930039 secs using 1587% CPU
Optimizing NNI: done in 0.803916 secs using 1586% CPU
Optimizing NNI: done in 0.856496 secs using 1588% CPU
Optimizing NNI: done in 0.610844 secs using 1589% CPU
Optimizing NNI: done in 0.826243 secs using 1588% CPU
Estimate model parameters (epsilon = 0.100)
BETTER TREE FOUND at iteration 137: -6485.517
Optimizing NNI: done in 0.833569 secs using 1589% CPU
Optimizing NNI: done in 0.578269 secs using 1588% CPU
Optimizing NNI: done in 0.79257 secs using 1588% CPU
Iteration 140 / LogL: -6486.737 / Time: 0h:2m:11s (0h:1m:31s left)
Optimizing NNI: done in 0.999048 secs using 1588% CPU
Optimizing NNI: done in 0.984044 secs using 1588% CPU
Optimizing NNI: done in 0.935651 secs using 1589% CPU
Optimizing NNI: done in 0.978481 secs using 1561% CPU
Optimizing NNI: done in 1.15446 secs using 1565% CPU
Optimizing NNI: done in 0.721752 secs using 1590% CPU
Estimate model parameters (epsilon = 0.100)
BETTER TREE FOUND at iteration 146: -6485.096
Optimizing NNI: done in 1.03251 secs using 1587% CPU
Optimizing NNI: done in 0.790035 secs using 1587% CPU
Optimizing NNI: done in 1.13864 secs using 1588% CPU
Optimizing NNI: done in 0.782685 secs using 1587% CPU
Iteration 150 / LogL: -6490.079 / Time: 0h:2m:21s (0h:1m:30s left)
Log-likelihood cutoff on original alignment: -6570.252
Optimizing NNI: done in 0.608086 secs using 1588% CPU
Optimizing NNI: done in 1.11242 secs using 1588% CPU
Optimizing NNI: done in 0.700343 secs using 1586% CPU
Optimizing NNI: done in 1.03576 secs using 1589% CPU
Optimizing NNI: done in 0.731586 secs using 1587% CPU
Optimizing NNI: done in 0.680813 secs using 1590% CPU
Optimizing NNI: done in 0.701289 secs using 1588% CPU
Optimizing NNI: done in 1.11041 secs using 1590% CPU
Optimizing NNI: done in 0.709887 secs using 1588% CPU
Optimizing NNI: done in 1.06343 secs using 1589% CPU
Estimate model parameters (epsilon = 0.100)
BETTER TREE FOUND at iteration 160: -6484.787
Iteration 160 / LogL: -6484.787 / Time: 0h:2m:30s (0h:1m:34s left)
Optimizing NNI: done in 0.996078 secs using 1588% CPU
Optimizing NNI: done in 0.792049 secs using 1588% CPU
Optimizing NNI: done in 0.856653 secs using 1589% CPU
Optimizing NNI: done in 1.15983 secs using 1588% CPU
Optimizing NNI: done in 0.740057 secs using 1588% CPU
Optimizing NNI: done in 0.811597 secs using 1587% CPU
Optimizing NNI: done in 0.602787 secs using 1588% CPU
Optimizing NNI: done in 0.645816 secs using 1589% CPU
Optimizing NNI: done in 0.597974 secs using 1588% CPU
Estimate model parameters (epsilon = 0.100)
BETTER TREE FOUND at iteration 169: -6484.750
Optimizing NNI: done in 0.783056 secs using 1588% CPU
Iteration 170 / LogL: -6485.521 / Time: 0h:2m:38s (0h:1m:32s left)
Optimizing NNI: done in 0.606344 secs using 1585% CPU
Optimizing NNI: done in 1.31325 secs using 1586% CPU
Optimizing NNI: done in 0.690937 secs using 1585% CPU
Optimizing NNI: done in 0.92857 secs using 1587% CPU
Optimizing NNI: done in 0.708029 secs using 1588% CPU
Optimizing NNI: done in 0.736238 secs using 1588% CPU
Optimizing NNI: done in 1.11228 secs using 1588% CPU
Optimizing NNI: done in 1.16098 secs using 1587% CPU
Optimizing NNI: done in 0.796442 secs using 1588% CPU
BETTER TREE FOUND at iteration 179: -6484.746
Optimizing NNI: done in 0.621534 secs using 1587% CPU
Iteration 180 / LogL: -6485.048 / Time: 0h:2m:47s (0h:1m:32s left)
Optimizing NNI: done in 0.677734 secs using 1589% CPU
Optimizing NNI: done in 0.662037 secs using 1588% CPU
Optimizing NNI: done in 1.05368 secs using 1586% CPU
Optimizing NNI: done in 0.745176 secs using 1559% CPU
Optimizing NNI: done in 0.869831 secs using 1588% CPU
Optimizing NNI: done in 0.711315 secs using 1588% CPU
Optimizing NNI: done in 0.55698 secs using 1586% CPU
Optimizing NNI: done in 1.08142 secs using 1588% CPU
BETTER TREE FOUND at iteration 188: -6484.746
Optimizing NNI: done in 1.00363 secs using 1586% CPU
Optimizing NNI: done in 0.842578 secs using 1588% CPU
Iteration 190 / LogL: -6484.854 / Time: 0h:2m:55s (0h:1m:30s left)
Optimizing NNI: done in 0.807146 secs using 1587% CPU
Optimizing NNI: done in 0.783008 secs using 1588% CPU
Optimizing NNI: done in 0.563237 secs using 1587% CPU
Optimizing NNI: done in 0.616139 secs using 1588% CPU
Optimizing NNI: done in 0.988905 secs using 1587% CPU
Optimizing NNI: done in 0.654602 secs using 1584% CPU
Optimizing NNI: done in 0.940645 secs using 1588% CPU
Optimizing NNI: done in 0.473263 secs using 1588% CPU
Optimizing NNI: done in 0.700801 secs using 1588% CPU
Optimizing NNI: done in 0.696971 secs using 1587% CPU
Iteration 200 / LogL: -6484.875 / Time: 0h:3m:3s (0h:1m:20s left)
Log-likelihood cutoff on original alignment: -6570.252
NOTE: Bootstrap correlation coefficient of split occurrence frequencies: 0.987
NOTE: UFBoot does not converge, continue at least 100 more iterations
Optimizing NNI: done in 0.729584 secs using 1589% CPU
Optimizing NNI: done in 0.959314 secs using 1588% CPU
Optimizing NNI: done in 0.481982 secs using 1588% CPU
Optimizing NNI: done in 0.535053 secs using 1587% CPU
Optimizing NNI: done in 0.777511 secs using 1587% CPU
Optimizing NNI: done in 0.98566 secs using 1589% CPU
Optimizing NNI: done in 0.794728 secs using 1590% CPU
Optimizing NNI: done in 0.653239 secs using 1586% CPU
Optimizing NNI: done in 0.769942 secs using 1589% CPU
Optimizing NNI: done in 0.628247 secs using 1587% CPU
Iteration 210 / LogL: -6518.643 / Time: 0h:3m:11s (0h:1m:22s left)
Optimizing NNI: done in 0.773423 secs using 1587% CPU
Optimizing NNI: done in 0.893022 secs using 1588% CPU
Optimizing NNI: done in 0.799807 secs using 1587% CPU
Estimate model parameters (epsilon = 0.100)
BETTER TREE FOUND at iteration 213: -6484.369
Optimizing NNI: done in 0.461833 secs using 1589% CPU
Optimizing NNI: done in 0.596737 secs using 1585% CPU
Optimizing NNI: done in 0.703905 secs using 1589% CPU
Optimizing NNI: done in 0.679759 secs using 1589% CPU
Optimizing NNI: done in 0.749593 secs using 1587% CPU
Optimizing NNI: done in 0.712983 secs using 1589% CPU
Optimizing NNI: done in 0.653924 secs using 1589% CPU
Iteration 220 / LogL: -6484.748 / Time: 0h:3m:18s (0h:1m:24s left)
Optimizing NNI: done in 0.710113 secs using 1585% CPU
Optimizing NNI: done in 0.676108 secs using 1587% CPU
Optimizing NNI: done in 0.782871 secs using 1588% CPU
Optimizing NNI: done in 0.477025 secs using 1588% CPU
Optimizing NNI: done in 1.32233 secs using 1589% CPU
Optimizing NNI: done in 0.585642 secs using 1586% CPU
Optimizing NNI: done in 1.04176 secs using 1588% CPU
Optimizing NNI: done in 0.72472 secs using 1587% CPU
Optimizing NNI: done in 0.479878 secs using 1589% CPU
Optimizing NNI: done in 0.861081 secs using 1589% CPU
BETTER TREE FOUND at iteration 230: -6484.369
Iteration 230 / LogL: -6484.369 / Time: 0h:3m:26s (0h:1m:29s left)
Optimizing NNI: done in 0.492085 secs using 1587% CPU
BETTER TREE FOUND at iteration 231: -6484.367
Optimizing NNI: done in 0.996054 secs using 1588% CPU
Optimizing NNI: done in 0.913197 secs using 1587% CPU
Optimizing NNI: done in 0.499419 secs using 1585% CPU
Optimizing NNI: done in 0.847491 secs using 1586% CPU
Optimizing NNI: done in 0.478702 secs using 1588% CPU
Optimizing NNI: done in 0.700696 secs using 1589% CPU
Optimizing NNI: done in 0.620994 secs using 1588% CPU
Optimizing NNI: done in 0.710467 secs using 1587% CPU
Optimizing NNI: done in 0.69264 secs using 1587% CPU
Iteration 240 / LogL: -6495.814 / Time: 0h:3m:33s (0h:1m:21s left)
Optimizing NNI: done in 0.582387 secs using 1586% CPU
Optimizing NNI: done in 0.95013 secs using 1575% CPU
Optimizing NNI: done in 0.972658 secs using 1589% CPU
Optimizing NNI: done in 0.604167 secs using 1588% CPU
Optimizing NNI: done in 0.677558 secs using 1589% CPU
Optimizing NNI: done in 0.884354 secs using 1589% CPU
Optimizing NNI: done in 0.877169 secs using 1549% CPU
Optimizing NNI: done in 1.29368 secs using 1588% CPU
Optimizing NNI: done in 1.19364 secs using 1588% CPU
Optimizing NNI: done in 0.696331 secs using 1587% CPU
Iteration 250 / LogL: -6484.476 / Time: 0h:3m:42s (0h:1m:12s left)
Log-likelihood cutoff on original alignment: -6570.252
Optimizing NNI: done in 0.597683 secs using 1585% CPU
Optimizing NNI: done in 1.08393 secs using 1586% CPU
Optimizing NNI: done in 0.573604 secs using 1584% CPU
Optimizing NNI: done in 0.612549 secs using 1588% CPU
Optimizing NNI: done in 0.721378 secs using 1586% CPU
Optimizing NNI: done in 0.789086 secs using 1563% CPU
Optimizing NNI: done in 0.583828 secs using 1587% CPU
Optimizing NNI: done in 0.842705 secs using 1586% CPU
Optimizing NNI: done in 0.98629 secs using 1583% CPU
Optimizing NNI: done in 2.27088 secs using 1478% CPU
Iteration 260 / LogL: -6503.287 / Time: 0h:3m:52s (0h:1m:3s left)
Optimizing NNI: done in 0.831098 secs using 1586% CPU
Optimizing NNI: done in 1.16562 secs using 1587% CPU
BETTER TREE FOUND at iteration 262: -6484.367
Optimizing NNI: done in 0.785407 secs using 1585% CPU
Optimizing NNI: done in 1.06063 secs using 1586% CPU
Optimizing NNI: done in 0.820627 secs using 1588% CPU
Optimizing NNI: done in 0.610812 secs using 1586% CPU
Optimizing NNI: done in 0.99834 secs using 1588% CPU
Optimizing NNI: done in 0.866568 secs using 1585% CPU
Optimizing NNI: done in 0.713307 secs using 1584% CPU
Optimizing NNI: done in 1.00114 secs using 1588% CPU
Iteration 270 / LogL: -6484.451 / Time: 0h:4m:1s (0h:1m:22s left)
Optimizing NNI: done in 0.636471 secs using 1587% CPU
Optimizing NNI: done in 1.02536 secs using 1588% CPU
Optimizing NNI: done in 0.429098 secs using 1589% CPU
Optimizing NNI: done in 0.650137 secs using 1587% CPU
Optimizing NNI: done in 0.651366 secs using 1587% CPU
Optimizing NNI: done in 0.602841 secs using 1588% CPU
Optimizing NNI: done in 0.909035 secs using 1586% CPU
Estimate model parameters (epsilon = 0.100)
BETTER TREE FOUND at iteration 277: -6483.754
Optimizing NNI: done in 0.617809 secs using 1587% CPU
Optimizing NNI: done in 1.11013 secs using 1588% CPU
Optimizing NNI: done in 1.02532 secs using 1588% CPU
Iteration 280 / LogL: -6487.100 / Time: 0h:4m:9s (0h:1m:26s left)
Optimizing NNI: done in 0.987076 secs using 1588% CPU
Optimizing NNI: done in 0.77809 secs using 1586% CPU
Optimizing NNI: done in 1.1072 secs using 1587% CPU
Optimizing NNI: done in 0.569854 secs using 1588% CPU
Optimizing NNI: done in 1.05794 secs using 1588% CPU
Optimizing NNI: done in 0.799962 secs using 1580% CPU
Optimizing NNI: done in 0.960285 secs using 1588% CPU
Optimizing NNI: done in 0.927665 secs using 1586% CPU
Optimizing NNI: done in 1.082 secs using 1588% CPU
Optimizing NNI: done in 0.605247 secs using 1586% CPU
Iteration 290 / LogL: -6522.823 / Time: 0h:4m:18s (0h:1m:17s left)
Optimizing NNI: done in 0.880949 secs using 1587% CPU
Optimizing NNI: done in 0.949618 secs using 1587% CPU
Optimizing NNI: done in 1.15114 secs using 1587% CPU
Optimizing NNI: done in 0.713625 secs using 1588% CPU
Optimizing NNI: done in 1.41626 secs using 1588% CPU
Optimizing NNI: done in 0.606963 secs using 1588% CPU
Optimizing NNI: done in 0.880853 secs using 1588% CPU
Optimizing NNI: done in 1.12095 secs using 1588% CPU
Optimizing NNI: done in 1.17773 secs using 1587% CPU
Optimizing NNI: done in 0.491708 secs using 1589% CPU
Iteration 300 / LogL: -6488.653 / Time: 0h:4m:28s (0h:1m:9s left)
Log-likelihood cutoff on original alignment: -6570.252
NOTE: Bootstrap correlation coefficient of split occurrence frequencies: 0.992
Optimizing NNI: done in 1.07814 secs using 1586% CPU
Optimizing NNI: done in 0.869484 secs using 1588% CPU
Optimizing NNI: done in 0.660113 secs using 1587% CPU
Optimizing NNI: done in 0.494146 secs using 1587% CPU
Optimizing NNI: done in 1.19853 secs using 1576% CPU
Optimizing NNI: done in 0.710202 secs using 1588% CPU
Optimizing NNI: done in 1.10009 secs using 1589% CPU
Optimizing NNI: done in 0.937887 secs using 1588% CPU
Optimizing NNI: done in 1.71924 secs using 1565% CPU
Optimizing NNI: done in 1.05765 secs using 1588% CPU
Iteration 310 / LogL: -6484.047 / Time: 0h:4m:38s (0h:1m:21s left)
Optimizing NNI: done in 1.05227 secs using 1587% CPU
Optimizing NNI: done in 0.849089 secs using 1587% CPU
Optimizing NNI: done in 1.19617 secs using 1588% CPU
Optimizing NNI: done in 0.753713 secs using 1585% CPU
Optimizing NNI: done in 0.610593 secs using 1588% CPU
Optimizing NNI: done in 0.62968 secs using 1588% CPU
Estimate model parameters (epsilon = 0.100)
BETTER TREE FOUND at iteration 316: -6483.639
Optimizing NNI: done in 0.608615 secs using 1585% CPU
Optimizing NNI: done in 0.888164 secs using 1587% CPU
Optimizing NNI: done in 0.977751 secs using 1560% CPU
Optimizing NNI: done in 0.713829 secs using 1587% CPU
Iteration 320 / LogL: -6498.944 / Time: 0h:4m:47s (0h:1m:26s left)
Optimizing NNI: done in 0.819943 secs using 1587% CPU
Optimizing NNI: done in 0.609511 secs using 1587% CPU
Optimizing NNI: done in 1.28424 secs using 1585% CPU
Optimizing NNI: done in 0.776131 secs using 1587% CPU
Optimizing NNI: done in 0.876944 secs using 1587% CPU
Optimizing NNI: done in 0.675649 secs using 1589% CPU
Optimizing NNI: done in 0.995186 secs using 1586% CPU
Optimizing NNI: done in 0.618086 secs using 1587% CPU
Optimizing NNI: done in 0.817244 secs using 1588% CPU
Optimizing NNI: done in 0.717413 secs using 1587% CPU
Iteration 330 / LogL: -6488.517 / Time: 0h:4m:56s (0h:1m:17s left)
Optimizing NNI: done in 1.03386 secs using 1589% CPU
Optimizing NNI: done in 1.01818 secs using 1575% CPU
Optimizing NNI: done in 0.844904 secs using 1588% CPU
Optimizing NNI: done in 0.57425 secs using 1587% CPU
Optimizing NNI: done in 0.488555 secs using 1586% CPU
Estimate model parameters (epsilon = 0.100)
BETTER TREE FOUND at iteration 335: -6483.531
Optimizing NNI: done in 0.60902 secs using 1587% CPU
Optimizing NNI: done in 1.01467 secs using 1588% CPU
Optimizing NNI: done in 0.581437 secs using 1586% CPU
Optimizing NNI: done in 0.695464 secs using 1589% CPU
Optimizing NNI: done in 0.66712 secs using 1587% CPU
Iteration 340 / LogL: -6483.998 / Time: 0h:5m:4s (0h:1m:25s left)
Optimizing NNI: done in 0.692361 secs using 1589% CPU
Optimizing NNI: done in 0.710902 secs using 1586% CPU
Optimizing NNI: done in 1.02943 secs using 1589% CPU
Optimizing NNI: done in 0.797352 secs using 1587% CPU
Optimizing NNI: done in 0.849724 secs using 1586% CPU
BETTER TREE FOUND at iteration 345: -6483.530
Optimizing NNI: done in 0.724376 secs using 1585% CPU
Optimizing NNI: done in 0.6616 secs using 1587% CPU
Optimizing NNI: done in 1.22203 secs using 1585% CPU
Optimizing NNI: done in 0.746811 secs using 1584% CPU
Optimizing NNI: done in 0.687503 secs using 1584% CPU
Iteration 350 / LogL: -6484.048 / Time: 0h:5m:12s (0h:1m:24s left)
Log-likelihood cutoff on original alignment: -6570.252
Optimizing NNI: done in 1.20424 secs using 1588% CPU
Optimizing NNI: done in 0.871467 secs using 1587% CPU
Optimizing NNI: done in 0.872701 secs using 1587% CPU
Optimizing NNI: done in 0.687575 secs using 1588% CPU
Optimizing NNI: done in 0.596797 secs using 1586% CPU
Optimizing NNI: done in 0.918504 secs using 1586% CPU
Optimizing NNI: done in 1.08838 secs using 1585% CPU
Optimizing NNI: done in 0.669633 secs using 1588% CPU
Optimizing NNI: done in 1.14139 secs using 1588% CPU
Optimizing NNI: done in 1.06249 secs using 1587% CPU
Iteration 360 / LogL: -6524.026 / Time: 0h:5m:22s (0h:1m:16s left)
Optimizing NNI: done in 0.72474 secs using 1589% CPU
Optimizing NNI: done in 1.03556 secs using 1586% CPU
Optimizing NNI: done in 1.3058 secs using 1588% CPU
Optimizing NNI: done in 0.607593 secs using 1587% CPU
Optimizing NNI: done in 1.15806 secs using 1589% CPU
Optimizing NNI: done in 0.58031 secs using 1590% CPU
Optimizing NNI: done in 0.616688 secs using 1587% CPU
Optimizing NNI: done in 0.910165 secs using 1586% CPU
Optimizing NNI: done in 0.94086 secs using 1587% CPU
Optimizing NNI: done in 1.00196 secs using 1588% CPU
Iteration 370 / LogL: -6483.617 / Time: 0h:5m:31s (0h:1m:7s left)
Optimizing NNI: done in 0.626614 secs using 1585% CPU
Optimizing NNI: done in 1.30334 secs using 1589% CPU
Optimizing NNI: done in 0.781375 secs using 1588% CPU
Optimizing NNI: done in 1.29279 secs using 1588% CPU
Optimizing NNI: done in 0.672058 secs using 1588% CPU
Optimizing NNI: done in 0.832873 secs using 1588% CPU
Optimizing NNI: done in 0.704438 secs using 1587% CPU
Optimizing NNI: done in 0.888211 secs using 1587% CPU
Optimizing NNI: done in 0.509591 secs using 1589% CPU
Optimizing NNI: done in 0.625651 secs using 1588% CPU
Iteration 380 / LogL: -6492.279 / Time: 0h:5m:40s (0h:0m:58s left)
Optimizing NNI: done in 0.80185 secs using 1572% CPU
Optimizing NNI: done in 0.735143 secs using 1588% CPU
Optimizing NNI: done in 0.620299 secs using 1589% CPU
Optimizing NNI: done in 0.607572 secs using 1588% CPU
Optimizing NNI: done in 1.12337 secs using 1587% CPU
Optimizing NNI: done in 1.27106 secs using 1578% CPU
Optimizing NNI: done in 0.674175 secs using 1590% CPU
Optimizing NNI: done in 0.854576 secs using 1587% CPU
Optimizing NNI: done in 1.10744 secs using 1583% CPU
Optimizing NNI: done in 0.90208 secs using 1582% CPU
Iteration 390 / LogL: -6483.556 / Time: 0h:5m:49s (0h:0m:49s left)
Optimizing NNI: done in 0.892716 secs using 1585% CPU
Optimizing NNI: done in 0.599489 secs using 1586% CPU
Optimizing NNI: done in 0.923254 secs using 1588% CPU
Optimizing NNI: done in 0.687851 secs using 1587% CPU
Optimizing NNI: done in 1.61002 secs using 1555% CPU
Optimizing NNI: done in 0.57434 secs using 1591% CPU
Optimizing NNI: done in 0.925775 secs using 1586% CPU
Optimizing NNI: done in 0.964013 secs using 1588% CPU
Optimizing NNI: done in 0.600284 secs using 1586% CPU
Optimizing NNI: done in 0.724971 secs using 1588% CPU
BETTER TREE FOUND at iteration 400: -6483.530
Iteration 400 / LogL: -6483.530 / Time: 0h:5m:58s (0h:1m:29s left)
Log-likelihood cutoff on original alignment: -6570.252
NOTE: Bootstrap correlation coefficient of split occurrence frequencies: 0.991
Optimizing NNI: done in 0.979103 secs using 1587% CPU
Optimizing NNI: done in 1.06611 secs using 1586% CPU
Optimizing NNI: done in 2.16353 secs using 1526% CPU
Optimizing NNI: done in 0.6059 secs using 1587% CPU
Optimizing NNI: done in 1.45652 secs using 1587% CPU
Optimizing NNI: done in 0.72285 secs using 1588% CPU
Optimizing NNI: done in 0.887721 secs using 1588% CPU
Optimizing NNI: done in 0.827041 secs using 1588% CPU
Optimizing NNI: done in 0.740873 secs using 1587% CPU
Optimizing NNI: done in 0.893663 secs using 1586% CPU
Iteration 410 / LogL: -6483.883 / Time: 0h:6m:9s (0h:1m:21s left)
Optimizing NNI: done in 1.07865 secs using 1586% CPU
Optimizing NNI: done in 1.52783 secs using 1534% CPU
Optimizing NNI: done in 1.0996 secs using 1587% CPU
Optimizing NNI: done in 0.476833 secs using 1588% CPU
Optimizing NNI: done in 0.975829 secs using 1588% CPU
Optimizing NNI: done in 0.729064 secs using 1587% CPU
Optimizing NNI: done in 0.647484 secs using 1589% CPU
Optimizing NNI: done in 1.07121 secs using 1564% CPU
Optimizing NNI: done in 0.764986 secs using 1588% CPU
Optimizing NNI: done in 0.981273 secs using 1588% CPU
Iteration 420 / LogL: -6483.776 / Time: 0h:6m:19s (0h:1m:12s left)
Optimizing NNI: done in 0.573623 secs using 1588% CPU
BETTER TREE FOUND at iteration 421: -6483.530
Optimizing NNI: done in 1.27925 secs using 1546% CPU
Optimizing NNI: done in 0.819665 secs using 1588% CPU
Optimizing NNI: done in 0.88301 secs using 1589% CPU
Optimizing NNI: done in 0.798029 secs using 1588% CPU
Optimizing NNI: done in 1.03031 secs using 1588% CPU
Optimizing NNI: done in 0.790499 secs using 1587% CPU
Optimizing NNI: done in 0.722742 secs using 1586% CPU
Optimizing NNI: done in 0.603279 secs using 1586% CPU
BETTER TREE FOUND at iteration 429: -6483.530
Optimizing NNI: done in 0.821511 secs using 1589% CPU
Iteration 430 / LogL: -6486.721 / Time: 0h:6m:28s (0h:1m:29s left)
Optimizing NNI: done in 1.11981 secs using 1551% CPU
Optimizing NNI: done in 1.07629 secs using 1589% CPU
Optimizing NNI: done in 0.665176 secs using 1588% CPU
Optimizing NNI: done in 0.871506 secs using 1580% CPU
Optimizing NNI: done in 1.07825 secs using 1588% CPU
Optimizing NNI: done in 0.651642 secs using 1586% CPU
Optimizing NNI: done in 1.04129 secs using 1588% CPU
Optimizing NNI: done in 0.985253 secs using 1589% CPU
Optimizing NNI: done in 0.679743 secs using 1589% CPU
Optimizing NNI: done in 0.719233 secs using 1587% CPU
Iteration 440 / LogL: -6483.532 / Time: 0h:6m:37s (0h:1m:20s left)
Optimizing NNI: done in 0.941199 secs using 1588% CPU
Optimizing NNI: done in 0.606981 secs using 1587% CPU
Optimizing NNI: done in 0.61458 secs using 1587% CPU
Optimizing NNI: done in 0.549603 secs using 1590% CPU
Optimizing NNI: done in 0.957214 secs using 1588% CPU
Optimizing NNI: done in 0.916152 secs using 1588% CPU
Optimizing NNI: done in 0.769094 secs using 1588% CPU
Optimizing NNI: done in 0.843459 secs using 1589% CPU
Optimizing NNI: done in 0.597157 secs using 1587% CPU
Optimizing NNI: done in 0.684253 secs using 1588% CPU
Iteration 450 / LogL: -6484.690 / Time: 0h:6m:45s (0h:1m:11s left)
Log-likelihood cutoff on original alignment: -6570.252
Optimizing NNI: done in 0.705203 secs using 1588% CPU
Optimizing NNI: done in 0.844078 secs using 1588% CPU
Optimizing NNI: done in 0.88254 secs using 1586% CPU
Optimizing NNI: done in 0.690725 secs using 1589% CPU
Optimizing NNI: done in 0.817001 secs using 1551% CPU
Optimizing NNI: done in 0.460004 secs using 1589% CPU
Optimizing NNI: done in 0.703266 secs using 1585% CPU
Optimizing NNI: done in 0.583717 secs using 1585% CPU
Optimizing NNI: done in 0.712707 secs using 1580% CPU
Optimizing NNI: done in 0.602655 secs using 1588% CPU
Iteration 460 / LogL: -6501.783 / Time: 0h:6m:53s (0h:1m:2s left)
Optimizing NNI: done in 0.611265 secs using 1590% CPU
Optimizing NNI: done in 0.802489 secs using 1587% CPU
Optimizing NNI: done in 0.890637 secs using 1589% CPU
Optimizing NNI: done in 0.730655 secs using 1589% CPU
Optimizing NNI: done in 0.634117 secs using 1587% CPU
Optimizing NNI: done in 0.728193 secs using 1588% CPU
Optimizing NNI: done in 0.821778 secs using 1587% CPU
Optimizing NNI: done in 0.657252 secs using 1587% CPU
Optimizing NNI: done in 0.743797 secs using 1586% CPU
Optimizing NNI: done in 0.760595 secs using 1587% CPU
Iteration 470 / LogL: -6486.695 / Time: 0h:7m:1s (0h:0m:53s left)
Optimizing NNI: done in 0.583281 secs using 1589% CPU
Optimizing NNI: done in 1.22224 secs using 1536% CPU
BETTER TREE FOUND at iteration 472: -6483.530
Optimizing NNI: done in 0.872352 secs using 1537% CPU
Optimizing NNI: done in 2.18672 secs using 1548% CPU
Optimizing NNI: done in 1.27472 secs using 1578% CPU
Optimizing NNI: done in 0.719755 secs using 1588% CPU
Optimizing NNI: done in 0.846295 secs using 1586% CPU
Optimizing NNI: done in 0.906839 secs using 1589% CPU
Optimizing NNI: done in 0.771131 secs using 1588% CPU
Optimizing NNI: done in 0.65934 secs using 1590% CPU
Iteration 480 / LogL: -7539.384 / Time: 0h:7m:12s (0h:1m:22s left)
Optimizing NNI: done in 1.22144 secs using 1587% CPU
Optimizing NNI: done in 0.881518 secs using 1588% CPU
Optimizing NNI: done in 0.664713 secs using 1589% CPU
Optimizing NNI: done in 0.730078 secs using 1588% CPU
BETTER TREE FOUND at iteration 484: -6483.530
Optimizing NNI: done in 1.04125 secs using 1588% CPU
Optimizing NNI: done in 2.68741 secs using 1473% CPU
Optimizing NNI: done in 0.676193 secs using 1588% CPU
Optimizing NNI: done in 0.882143 secs using 1589% CPU
Optimizing NNI: done in 0.886447 secs using 1589% CPU
Optimizing NNI: done in 0.82 secs using 1589% CPU
Iteration 490 / LogL: -6483.532 / Time: 0h:7m:23s (0h:1m:25s left)
Optimizing NNI: done in 0.852936 secs using 1585% CPU
Optimizing NNI: done in 0.892315 secs using 1587% CPU
Optimizing NNI: done in 1.23548 secs using 1590% CPU
Optimizing NNI: done in 1.1809 secs using 1588% CPU
Optimizing NNI: done in 0.947149 secs using 1588% CPU
Optimizing NNI: done in 1.05888 secs using 1588% CPU
Optimizing NNI: done in 1.00083 secs using 1588% CPU
Optimizing NNI: done in 0.603961 secs using 1587% CPU
Optimizing NNI: done in 0.949275 secs using 1590% CPU
Optimizing NNI: done in 1.01576 secs using 1548% CPU
Iteration 500 / LogL: -6498.603 / Time: 0h:7m:33s (0h:1m:16s left)
Log-likelihood cutoff on original alignment: -6570.252
NOTE: Bootstrap correlation coefficient of split occurrence frequencies: 0.990
NOTE: UFBoot does not converge, continue at least 100 more iterations
Optimizing NNI: done in 0.786843 secs using 1588% CPU
Optimizing NNI: done in 1.00414 secs using 1588% CPU
Optimizing NNI: done in 0.575123 secs using 1588% CPU
Optimizing NNI: done in 0.826754 secs using 1588% CPU
Optimizing NNI: done in 0.656214 secs using 1587% CPU
Optimizing NNI: done in 1.08686 secs using 1586% CPU
Optimizing NNI: done in 1.0776 secs using 1588% CPU
Optimizing NNI: done in 0.670676 secs using 1588% CPU
Optimizing NNI: done in 1.03776 secs using 1589% CPU
Optimizing NNI: done in 1.14846 secs using 1588% CPU
Iteration 510 / LogL: -6498.030 / Time: 0h:7m:43s (0h:1m:21s left)
Optimizing NNI: done in 1.11311 secs using 1587% CPU
Optimizing NNI: done in 0.717445 secs using 1590% CPU
Optimizing NNI: done in 0.98053 secs using 1589% CPU
Optimizing NNI: done in 0.703166 secs using 1590% CPU
Optimizing NNI: done in 0.622362 secs using 1587% CPU
Optimizing NNI: done in 1.23135 secs using 1587% CPU
Optimizing NNI: done in 1.56125 secs using 1499% CPU
Optimizing NNI: done in 0.706757 secs using 1586% CPU
Optimizing NNI: done in 0.574426 secs using 1590% CPU
Optimizing NNI: done in 1.04859 secs using 1588% CPU
Iteration 520 / LogL: -6498.666 / Time: 0h:7m:53s (0h:1m:12s left)
Optimizing NNI: done in 0.933815 secs using 1585% CPU
Optimizing NNI: done in 1.07006 secs using 1587% CPU
Optimizing NNI: done in 0.698191 secs using 1588% CPU
Optimizing NNI: done in 0.719023 secs using 1588% CPU
Optimizing NNI: done in 0.583553 secs using 1587% CPU
Optimizing NNI: done in 1.15802 secs using 1588% CPU
Optimizing NNI: done in 1.03778 secs using 1588% CPU
Optimizing NNI: done in 1.36156 secs using 1511% CPU
Optimizing NNI: done in 0.844007 secs using 1588% CPU
Optimizing NNI: done in 1.24998 secs using 1589% CPU
Iteration 530 / LogL: -6518.111 / Time: 0h:8m:3s (0h:1m:3s left)
Optimizing NNI: done in 0.610548 secs using 1585% CPU
Optimizing NNI: done in 1.00216 secs using 1588% CPU
Optimizing NNI: done in 0.980861 secs using 1588% CPU
Optimizing NNI: done in 0.594742 secs using 1585% CPU
Optimizing NNI: done in 1.31728 secs using 1589% CPU
Optimizing NNI: done in 0.608871 secs using 1588% CPU
Optimizing NNI: done in 0.964521 secs using 1587% CPU
Optimizing NNI: done in 0.575552 secs using 1589% CPU
Optimizing NNI: done in 1.11659 secs using 1588% CPU
Optimizing NNI: done in 0.779417 secs using 1587% CPU
Iteration 540 / LogL: -6507.601 / Time: 0h:8m:13s (0h:0m:54s left)
Optimizing NNI: done in 0.49511 secs using 1587% CPU
Optimizing NNI: done in 1.1822 secs using 1586% CPU
Optimizing NNI: done in 1.03447 secs using 1588% CPU
Optimizing NNI: done in 0.584572 secs using 1585% CPU
BETTER TREE FOUND at iteration 544: -6483.530
Optimizing NNI: done in 1.33031 secs using 1585% CPU
Optimizing NNI: done in 0.566777 secs using 1583% CPU
Optimizing NNI: done in 1.6803 secs using 1555% CPU
Optimizing NNI: done in 0.961778 secs using 1586% CPU
Optimizing NNI: done in 1.32578 secs using 1583% CPU
BETTER TREE FOUND at iteration 549: -6483.528
Optimizing NNI: done in 0.644057 secs using 1585% CPU
Iteration 550 / LogL: -6483.754 / Time: 0h:8m:23s (0h:1m:30s left)
Log-likelihood cutoff on original alignment: -6570.252
Optimizing NNI: done in 0.707439 secs using 1583% CPU
Optimizing NNI: done in 1.05771 secs using 1584% CPU
Optimizing NNI: done in 0.599174 secs using 1585% CPU
Optimizing NNI: done in 0.737352 secs using 1583% CPU
Optimizing NNI: done in 1.83982 secs using 1544% CPU
Optimizing NNI: done in 0.808241 secs using 1583% CPU
Optimizing NNI: done in 0.809584 secs using 1586% CPU
Optimizing NNI: done in 1.21153 secs using 1584% CPU
Optimizing NNI: done in 0.805009 secs using 1585% CPU
Optimizing NNI: done in 0.605702 secs using 1581% CPU
Iteration 560 / LogL: -6505.285 / Time: 0h:8m:33s (0h:1m:21s left)
Optimizing NNI: done in 0.724334 secs using 1585% CPU
Optimizing NNI: done in 0.806057 secs using 1584% CPU
Optimizing NNI: done in 0.466945 secs using 1582% CPU
Optimizing NNI: done in 0.471482 secs using 1587% CPU
Optimizing NNI: done in 0.977076 secs using 1584% CPU
Optimizing NNI: done in 0.632556 secs using 1586% CPU
Optimizing NNI: done in 0.753575 secs using 1586% CPU
Optimizing NNI: done in 0.612893 secs using 1585% CPU
Optimizing NNI: done in 1.21984 secs using 1585% CPU
Optimizing NNI: done in 0.729001 secs using 1585% CPU
Iteration 570 / LogL: -6486.461 / Time: 0h:8m:41s (0h:1m:12s left)
Optimizing NNI: done in 0.58701 secs using 1584% CPU
Optimizing NNI: done in 1.09201 secs using 1585% CPU
Optimizing NNI: done in 1.10942 secs using 1583% CPU
Optimizing NNI: done in 0.758124 secs using 1587% CPU
Optimizing NNI: done in 1.47133 secs using 1536% CPU
Optimizing NNI: done in 0.963369 secs using 1585% CPU
Optimizing NNI: done in 0.8344 secs using 1582% CPU
Optimizing NNI: done in 1.2725 secs using 1582% CPU
Optimizing NNI: done in 4.09986 secs using 1503% CPU
Optimizing NNI: done in 0.605599 secs using 1585% CPU
Iteration 580 / LogL: -6483.869 / Time: 0h:8m:55s (0h:1m:3s left)
Optimizing NNI: done in 0.563242 secs using 1585% CPU
Optimizing NNI: done in 1.1289 secs using 1585% CPU
Optimizing NNI: done in 0.753234 secs using 1581% CPU
Optimizing NNI: done in 1.03942 secs using 1586% CPU
Optimizing NNI: done in 0.535801 secs using 1581% CPU
Optimizing NNI: done in 0.742669 secs using 1583% CPU
Optimizing NNI: done in 0.801798 secs using 1584% CPU
Optimizing NNI: done in 0.486624 secs using 1587% CPU
BETTER TREE FOUND at iteration 588: -6483.528
Optimizing NNI: done in 0.492843 secs using 1585% CPU
Optimizing NNI: done in 1.01035 secs using 1583% CPU
Iteration 590 / LogL: -6483.680 / Time: 0h:9m:3s (0h:1m:30s left)
Optimizing NNI: done in 1.14619 secs using 1584% CPU
Optimizing NNI: done in 0.712648 secs using 1586% CPU
Optimizing NNI: done in 1.04589 secs using 1585% CPU
Optimizing NNI: done in 0.957395 secs using 1585% CPU
Optimizing NNI: done in 0.586679 secs using 1586% CPU
Optimizing NNI: done in 0.919078 secs using 1584% CPU
Optimizing NNI: done in 0.629178 secs using 1585% CPU
Optimizing NNI: done in 0.987625 secs using 1584% CPU
Optimizing NNI: done in 1.01921 secs using 1586% CPU
Optimizing NNI: done in 0.973943 secs using 1582% CPU
Iteration 600 / LogL: -6484.153 / Time: 0h:9m:13s (0h:1m:21s left)
Log-likelihood cutoff on original alignment: -6570.252
NOTE: Bootstrap correlation coefficient of split occurrence frequencies: 0.991
Optimizing NNI: done in 0.769074 secs using 1584% CPU
Optimizing NNI: done in 0.723825 secs using 1583% CPU
Optimizing NNI: done in 0.637322 secs using 1584% CPU
Optimizing NNI: done in 0.891343 secs using 1584% CPU
Optimizing NNI: done in 1.13867 secs using 1584% CPU
Optimizing NNI: done in 0.591422 secs using 1580% CPU
Optimizing NNI: done in 0.819935 secs using 1583% CPU
Optimizing NNI: done in 0.839583 secs using 1581% CPU
Optimizing NNI: done in 0.591945 secs using 1583% CPU
Optimizing NNI: done in 1.02798 secs using 1583% CPU
Iteration 610 / LogL: -6483.623 / Time: 0h:9m:22s (0h:1m:23s left)
Optimizing NNI: done in 1.19725 secs using 1583% CPU
Optimizing NNI: done in 0.812974 secs using 1583% CPU
Optimizing NNI: done in 0.693964 secs using 1584% CPU
Optimizing NNI: done in 0.753371 secs using 1583% CPU
Optimizing NNI: done in 0.606518 secs using 1586% CPU
Optimizing NNI: done in 0.919746 secs using 1585% CPU
Optimizing NNI: done in 0.838996 secs using 1583% CPU
Optimizing NNI: done in 0.734845 secs using 1584% CPU
Optimizing NNI: done in 0.515334 secs using 1584% CPU
Optimizing NNI: done in 1.05383 secs using 1584% CPU
Iteration 620 / LogL: -6508.578 / Time: 0h:9m:31s (0h:1m:13s left)
Optimizing NNI: done in 0.854231 secs using 1584% CPU
Optimizing NNI: done in 1.03025 secs using 1586% CPU
Optimizing NNI: done in 0.976192 secs using 1584% CPU
Optimizing NNI: done in 0.630046 secs using 1584% CPU
Optimizing NNI: done in 0.986886 secs using 1583% CPU
Optimizing NNI: done in 0.485246 secs using 1585% CPU
Optimizing NNI: done in 1.10684 secs using 1585% CPU
Optimizing NNI: done in 0.664268 secs using 1583% CPU
Optimizing NNI: done in 1.35586 secs using 1584% CPU
Optimizing NNI: done in 0.592036 secs using 1585% CPU
Iteration 630 / LogL: -6494.198 / Time: 0h:9m:40s (0h:1m:4s left)
Optimizing NNI: done in 0.625946 secs using 1582% CPU
Optimizing NNI: done in 0.540226 secs using 1588% CPU
Optimizing NNI: done in 0.671715 secs using 1585% CPU
Optimizing NNI: done in 1.19548 secs using 1585% CPU
Optimizing NNI: done in 1.01328 secs using 1585% CPU
Optimizing NNI: done in 1.01351 secs using 1585% CPU
Optimizing NNI: done in 0.968088 secs using 1584% CPU
Optimizing NNI: done in 0.615342 secs using 1586% CPU
Optimizing NNI: done in 1.0445 secs using 1584% CPU
Optimizing NNI: done in 0.669153 secs using 1582% CPU
Iteration 640 / LogL: -6484.814 / Time: 0h:9m:49s (0h:0m:55s left)
Optimizing NNI: done in 0.490627 secs using 1584% CPU
Optimizing NNI: done in 1.00901 secs using 1585% CPU
Optimizing NNI: done in 0.77638 secs using 1583% CPU
Optimizing NNI: done in 0.710021 secs using 1584% CPU
Optimizing NNI: done in 1.1491 secs using 1583% CPU
Optimizing NNI: done in 0.866224 secs using 1585% CPU
Optimizing NNI: done in 0.902092 secs using 1583% CPU
Optimizing NNI: done in 1.07711 secs using 1584% CPU
Optimizing NNI: done in 1.03266 secs using 1584% CPU
Optimizing NNI: done in 1.12613 secs using 1584% CPU
Iteration 650 / LogL: -6483.615 / Time: 0h:9m:59s (0h:0m:46s left)
Log-likelihood cutoff on original alignment: -6570.252
Optimizing NNI: done in 0.875717 secs using 1567% CPU
Optimizing NNI: done in 0.584443 secs using 1586% CPU
Optimizing NNI: done in 0.610473 secs using 1585% CPU
Optimizing NNI: done in 1.12496 secs using 1585% CPU
Optimizing NNI: done in 2.22967 secs using 1513% CPU
Optimizing NNI: done in 0.517204 secs using 1585% CPU
Optimizing NNI: done in 0.561723 secs using 1583% CPU
Optimizing NNI: done in 1.27678 secs using 1585% CPU
Optimizing NNI: done in 0.648341 secs using 1587% CPU
Optimizing NNI: done in 1.04829 secs using 1585% CPU
Iteration 660 / LogL: -6483.553 / Time: 0h:10m:10s (0h:0m:37s left)
Optimizing NNI: done in 0.9019 secs using 1586% CPU
Optimizing NNI: done in 0.691421 secs using 1582% CPU
Optimizing NNI: done in 1.18776 secs using 1584% CPU
Optimizing NNI: done in 0.914954 secs using 1585% CPU
Optimizing NNI: done in 0.794427 secs using 1584% CPU
Optimizing NNI: done in 0.630612 secs using 1585% CPU
Optimizing NNI: done in 0.895314 secs using 1585% CPU
Optimizing NNI: done in 0.807739 secs using 1585% CPU
Optimizing NNI: done in 0.715865 secs using 1584% CPU
Optimizing NNI: done in 0.72046 secs using 1584% CPU
Iteration 670 / LogL: -6483.753 / Time: 0h:10m:19s (0h:0m:27s left)
Optimizing NNI: done in 0.841476 secs using 1583% CPU
Optimizing NNI: done in 0.985255 secs using 1584% CPU
Optimizing NNI: done in 0.625896 secs using 1585% CPU
Optimizing NNI: done in 2.31339 secs using 1529% CPU
Optimizing NNI: done in 0.724775 secs using 1582% CPU
Optimizing NNI: done in 0.629561 secs using 1586% CPU
Optimizing NNI: done in 0.821392 secs using 1587% CPU
Optimizing NNI: done in 0.764832 secs using 1583% CPU
Optimizing NNI: done in 0.766195 secs using 1586% CPU
Optimizing NNI: done in 1.05241 secs using 1585% CPU
Iteration 680 / LogL: -6483.900 / Time: 0h:10m:29s (0h:0m:18s left)
Optimizing NNI: done in 1.03947 secs using 1584% CPU
Optimizing NNI: done in 0.52394 secs using 1585% CPU
Optimizing NNI: done in 0.646807 secs using 1584% CPU
Optimizing NNI: done in 0.666688 secs using 1583% CPU
Optimizing NNI: done in 0.899084 secs using 1551% CPU
Optimizing NNI: done in 0.883529 secs using 1584% CPU
Optimizing NNI: done in 1.13483 secs using 1585% CPU
Optimizing NNI: done in 0.689735 secs using 1584% CPU
Optimizing NNI: done in 2.48165 secs using 1525% CPU
TREE SEARCH COMPLETED AFTER 689 ITERATIONS / Time: 0h:10m:39s

--------------------------------------------------------------------
|                    FINALIZING TREE SEARCH                        |
--------------------------------------------------------------------
Performs final model parameters optimization
Estimate model parameters (epsilon = 0.010)
1. Initial log-likelihood: -6483.528
Optimal log-likelihood: -6483.528
Gamma shape alpha: 0.699
Parameters optimization took 1 rounds (0.044 sec)
BEST SCORE FOUND : -6483.528
Creating bootstrap support values...
Split supports printed to NEXUS file results/per_year_clustered/H3N2/trees/H3N2_2025.splits.nex
Total tree length: 2.927

Total number of iterations: 689
CPU time used for tree search: 9671.029 sec (2h:41m:11s)
Wall-clock time used for tree search: 637.139 sec (0h:10m:37s)
Total CPU time used: 9705.736 sec (2h:41m:45s)
Total wall-clock time used: 640.091 sec (0h:10m:40s)

Computing bootstrap consensus tree...
Reading input file results/per_year_clustered/H3N2/trees/H3N2_2025.splits.nex...
103 taxa and 2810 splits.
Consensus tree written to results/per_year_clustered/H3N2/trees/H3N2_2025.contree
Reading input trees file results/per_year_clustered/H3N2/trees/H3N2_2025.contree
Log-likelihood of consensus tree: -6484.400

Analysis results written to: 
  IQ-TREE report:                results/per_year_clustered/H3N2/trees/H3N2_2025.iqtree
  Maximum-likelihood tree:       results/per_year_clustered/H3N2/trees/H3N2_2025.treefile
  Likelihood distances:          results/per_year_clustered/H3N2/trees/H3N2_2025.mldist

Ultrafast bootstrap approximation results written to:
  Split support values:          results/per_year_clustered/H3N2/trees/H3N2_2025.splits.nex
  Consensus tree:                results/per_year_clustered/H3N2/trees/H3N2_2025.contree
  Screen log file:               results/per_year_clustered/H3N2/trees/H3N2_2025.log

Date and Time: Thu Nov 20 19:10:52 2025
