IQ-TREE version 3.0.1 for Linux x86 64-bit built Jul  9 2025
Developed by Bui Quang Minh, Thomas Wong, Nhan Ly-Trong, Huaiyan Ren
Contributed by Lam-Tung Nguyen, Dominik Schrempf, Chris Bielow,
Olga Chernomor, Michael Woodhams, Diep Thi Hoang, Heiko Schmidt

Host:    aoraki-login.otago.ac.nz (AVX2, FMA3, 1007 GB RAM)
Command: iqtree -s results/per_year_clustered/H3N2/alignments/H3N2_2010_aligned.fasta -m LG+G4 -bb 1000 -nt 16 -pre results/per_year_clustered/H3N2/trees/H3N2_2010 -redo -quiet
Seed:    146182 (Using SPRNG - Scalable Parallel Random Number Generator)
Time:    Thu Nov 20 18:20:52 2025
Kernel:  AVX+FMA - 16 threads (128 CPU cores detected)

Reading alignment file results/per_year_clustered/H3N2/alignments/H3N2_2010_aligned.fasta ... Fasta format detected
Reading fasta file: done in 0.000245872 secs using 99.65% CPU
Alignment most likely contains protein sequences
Constructing alignment: done in 0.000375845 secs using 1556% CPU
Alignment has 27 sequences with 579 columns, 304 distinct patterns
331 parsimony-informative, 31 singleton sites, 217 constant sites
                                                                  Gap/Ambiguity  Composition  p-value
Analyzing sequences: done in 4.4723e-05 secs using 93.91% CPU
   1  EPI534966|HA|A/Ho_Chi_Minh/459.6/2010|EPI_ISL_163974|A_/_H3N2       2.25%    passed    100.00%
   2  EPI534967|HA|A/Ho_Chi_Minh/518.6/2010|EPI_ISL_163975|A_/_H3N2       2.25%    passed    100.00%
   3  EPI534969|HA|A/Ho_Chi_Minh/552.7/2010|EPI_ISL_163977|A_/_H3N2       2.25%    passed    100.00%
   4  EPI534975|HA|A/Ho_Chi_Minh/612.7/2010|EPI_ISL_163983|A_/_H3N2       2.25%    passed    100.00%
   5  EPI534973|HA|A/Ho_Chi_Minh/607.7/2010|EPI_ISL_163981|A_/_H3N2       2.25%    passed    100.00%
   6  EPI534978|HA|A/Ho_Chi_Minh/632.8/2010|EPI_ISL_163986|A_/_H3N2       2.25%    passed    100.00%
   7  EPI534979|HA|A/Ho_Chi_Minh/638.8/2010|EPI_ISL_163987|A_/_H3N2       2.25%    passed    100.00%
   8  EPI534976|HA|A/Ho_Chi_Minh/626.8/2010|EPI_ISL_163984|A_/_H3N2       2.25%    passed    100.00%
   9  EPI534982|HA|A/Ho_Chi_Minh/660.8/2010|EPI_ISL_163990|A_/_H3N2       2.25%    passed    100.00%
  10  EPI534983|HA|A/Ho_Chi_Minh/718.8/2010|EPI_ISL_163991|A_/_H3N2       2.25%    passed    100.00%
  11  EPI534986|HA|A/Ho_Chi_Minh/854.10/2010|EPI_ISL_163994|A_/_H3N2      2.25%    passed    100.00%
  12  EPI534984|HA|A/Ho_Chi_Minh/721.8/2010|EPI_ISL_163992|A_/_H3N2       2.25%    passed    100.00%
  13  EPI534985|HA|A/Ho_Chi_Minh/722.8/2010|EPI_ISL_163993|A_/_H3N2       2.25%    passed    100.00%
  14  EPI439795|HA|A/Riyadh/01/2010|EPI_ISL_138843|A_/_H3N2               2.25%    passed    100.00%
  15  EPI270353|HA|A/Taiwan/42/2010|EPI_ISL_76702|A_/_H3N2                2.25%    passed    100.00%
  16  EPI457975|HA|A/Singapore/H2010.471C/2010|EPI_ISL_142982|A_/_H3N2    2.25%    passed    100.00%
  17  EPI309622|HA|A/Osaka/72/2010|EPI_ISL_87966|A_/_H3N2                 2.25%    passed    100.00%
  18  EPI301362|HA|A/England/4820166/2010|EPI_ISL_85727|A_/_H3N2          2.25%    passed    100.00%
  19  EPI309725|HA|A/England/270/2010|EPI_ISL_88034|A_/_H3N2              2.25%    passed    100.00%
  20  EPI316874|HA|A/Malmoe/5/2010|EPI_ISL_90053|A_/_H3N2                 2.25%    passed    100.00%
  21  EPI294342|HA|A/SOUTH_AUSTRALIA/414/2010|EPI_ISL_83868|A_/_H3N2      2.25%    passed    100.00%
  22  EPI331336|HA|A/TOWNSVILLE/122/2010|EPI_ISL_94798|A_/_H3N2           2.07%    passed    100.00%
  23  EPI331440|HA|A/VICTORIA/1034/2010|EPI_ISL_94833|A_/_H3N2            2.25%    passed    100.00%
  24  EPI273891|HA|A/Dnipropetrovsk/445/2010|EPI_ISL_77716|A_/_H1N1       2.25%    passed     32.63%
  25  EPI295631|HA|A/Switzerland/3628824/2010|EPI_ISL_84242|A_/_H1N1      2.25%    passed     44.99%
  26  EPI369825|HA|A/England/193/2010|EPI_ISL_118458|A_/_H1N1             2.25%    passed     43.21%
  27  EPI369829|HA|A/England/67/2010|EPI_ISL_118462|A_/_H1N1              2.25%    passed     43.40%
****  TOTAL                                                               2.24%  0 sequences failed composition chi2 test (p-value<5%; df=19)
Checking for duplicate sequences: done in 5.62165e-05 secs
Creating fast initial parsimony tree by random order stepwise addition...
0.021 seconds, parsimony score: 510 (based on 362 sites)
Generating 1000 samples for ultrafast bootstrap (seed: 146182)...

NOTE: 6 MB RAM (0 GB) is required!
WARNING: Number of threads seems too high for short alignments. Use -T AUTO to determine best number of threads.
Estimate model parameters (epsilon = 0.100)
1. Initial log-likelihood: -4491.878
2. Current log-likelihood: -4481.268
3. Current log-likelihood: -4480.512
Optimal log-likelihood: -4480.400
Gamma shape alpha: 1.468
Parameters optimization took 3 rounds (0.094 sec)
Wrote distance file to... 
Computing ML distances based on estimated model parameters...
Calculating distance matrix: done in 0.00512616 secs using 1583% CPU
Computing ML distances took 0.005184 sec (of wall-clock time) 0.081205 sec (of CPU time)
Setting up auxiliary I and S matrices: done in 0.00112263 secs using 980.3% CPU
Constructing RapidNJ tree: done in 0.0268527 secs using 664% CPU
Computing RapidNJ tree took 0.028065 sec (of wall-clock time) 0.189772 sec (of CPU time)
Log-likelihood of RapidNJ tree: -4469.827
--------------------------------------------------------------------
|             INITIALIZING CANDIDATE TREE SET                      |
--------------------------------------------------------------------
Generating 98 parsimony trees... 0.046 second
Computing log-likelihood of 98 initial trees ... 1.972 seconds
Current best score: -4444.645

Do NNI search on 20 best initial trees
Optimizing NNI: done in 0.285284 secs using 1589% CPU
Estimate model parameters (epsilon = 0.100)
BETTER TREE FOUND at iteration 1: -4442.856
Optimizing NNI: done in 0.341654 secs using 1587% CPU
Optimizing NNI: done in 0.348034 secs using 1582% CPU
Optimizing NNI: done in 0.349252 secs using 1588% CPU
Optimizing NNI: done in 0.258595 secs using 1586% CPU
Optimizing NNI: done in 0.280978 secs using 1591% CPU
Optimizing NNI: done in 0.20448 secs using 1595% CPU
Optimizing NNI: done in 0.240672 secs using 1594% CPU
Optimizing NNI: done in 0.242438 secs using 1588% CPU
Optimizing NNI: done in 0.373152 secs using 1589% CPU
Iteration 10 / LogL: -4446.128 / Time: 0h:0m:5s
Optimizing NNI: done in 0.333013 secs using 1590% CPU
Optimizing NNI: done in 0.376181 secs using 1593% CPU
Optimizing NNI: done in 0.311214 secs using 1590% CPU
Optimizing NNI: done in 0.198809 secs using 1591% CPU
Optimizing NNI: done in 0.325086 secs using 1589% CPU
Optimizing NNI: done in 0.396807 secs using 1587% CPU
Optimizing NNI: done in 0.418241 secs using 1593% CPU
Optimizing NNI: done in 0.424951 secs using 1590% CPU
Optimizing NNI: done in 0.342512 secs using 1587% CPU
Optimizing NNI: done in 0.326364 secs using 1586% CPU
Iteration 20 / LogL: -4444.625 / Time: 0h:0m:8s
Finish initializing candidate tree set (19)
Current best tree score: -4442.856 / CPU time: 8.503
Number of iterations: 20
--------------------------------------------------------------------
|               OPTIMIZING CANDIDATE TREE SET                      |
--------------------------------------------------------------------
Optimizing NNI: done in 0.416151 secs using 1587% CPU
Optimizing NNI: done in 0.580938 secs using 1590% CPU
Optimizing NNI: done in 0.806569 secs using 1590% CPU
Optimizing NNI: done in 0.427833 secs using 1592% CPU
Optimizing NNI: done in 0.524759 secs using 1590% CPU
Estimate model parameters (epsilon = 0.100)
BETTER TREE FOUND at iteration 25: -4440.894
Optimizing NNI: done in 0.368411 secs using 1587% CPU
Optimizing NNI: done in 0.451859 secs using 1591% CPU
Optimizing NNI: done in 0.491476 secs using 1590% CPU
Optimizing NNI: done in 0.519682 secs using 1591% CPU
Optimizing NNI: done in 0.408787 secs using 1591% CPU
Iteration 30 / LogL: -4442.605 / Time: 0h:0m:13s (0h:0m:45s left)
Optimizing NNI: done in 0.522429 secs using 1592% CPU
Optimizing NNI: done in 0.418865 secs using 1591% CPU
Optimizing NNI: done in 0.435949 secs using 1588% CPU
Optimizing NNI: done in 0.390346 secs using 1590% CPU
Optimizing NNI: done in 0.406349 secs using 1590% CPU
BETTER TREE FOUND at iteration 35: -4440.894
Optimizing NNI: done in 0.625356 secs using 1589% CPU
Optimizing NNI: done in 0.600377 secs using 1590% CPU
Optimizing NNI: done in 0.527234 secs using 1590% CPU
Optimizing NNI: done in 0.461155 secs using 1588% CPU
Optimizing NNI: done in 0.379199 secs using 1589% CPU
Iteration 40 / LogL: -4442.609 / Time: 0h:0m:18s (0h:0m:45s left)
Optimizing NNI: done in 0.322004 secs using 1591% CPU
Optimizing NNI: done in 0.552947 secs using 1590% CPU
Optimizing NNI: done in 0.410338 secs using 1593% CPU
Optimizing NNI: done in 0.573197 secs using 1589% CPU
Optimizing NNI: done in 0.335602 secs using 1593% CPU
Optimizing NNI: done in 0.486899 secs using 1588% CPU
Optimizing NNI: done in 0.62754 secs using 1589% CPU
Optimizing NNI: done in 0.633834 secs using 1591% CPU
Optimizing NNI: done in 0.384008 secs using 1591% CPU
Optimizing NNI: done in 0.237633 secs using 1593% CPU
Iteration 50 / LogL: -4488.580 / Time: 0h:0m:23s (0h:0m:40s left)
Log-likelihood cutoff on original alignment: -4470.713
Optimizing NNI: done in 0.43085 secs using 1586% CPU
Optimizing NNI: done in 0.448627 secs using 1589% CPU
Optimizing NNI: done in 0.362616 secs using 1592% CPU
Optimizing NNI: done in 0.626775 secs using 1584% CPU
Optimizing NNI: done in 0.224923 secs using 1591% CPU
Optimizing NNI: done in 0.296407 secs using 1589% CPU
Optimizing NNI: done in 0.324393 secs using 1588% CPU
Optimizing NNI: done in 0.430013 secs using 1588% CPU
UPDATE BEST LOG-LIKELIHOOD: -4440.894
Optimizing NNI: done in 0.426176 secs using 1590% CPU
Optimizing NNI: done in 0.352899 secs using 1590% CPU
Iteration 60 / LogL: -4444.097 / Time: 0h:0m:27s (0h:0m:34s left)
Optimizing NNI: done in 0.349494 secs using 1588% CPU
Optimizing NNI: done in 0.589162 secs using 1589% CPU
Optimizing NNI: done in 0.452198 secs using 1590% CPU
Optimizing NNI: done in 0.353114 secs using 1590% CPU
Optimizing NNI: done in 0.343421 secs using 1588% CPU
Optimizing NNI: done in 0.180868 secs using 1584% CPU
Optimizing NNI: done in 0.506119 secs using 1589% CPU
Optimizing NNI: done in 0.391224 secs using 1590% CPU
Optimizing NNI: done in 0.262066 secs using 1589% CPU
Optimizing NNI: done in 0.611192 secs using 1589% CPU
Iteration 70 / LogL: -4441.129 / Time: 0h:0m:31s (0h:0m:29s left)
Optimizing NNI: done in 0.423153 secs using 1590% CPU
UPDATE BEST LOG-LIKELIHOOD: -4440.894
Optimizing NNI: done in 0.342328 secs using 1586% CPU
Optimizing NNI: done in 0.391663 secs using 1588% CPU
Optimizing NNI: done in 0.283306 secs using 1588% CPU
Optimizing NNI: done in 0.628268 secs using 1589% CPU
Optimizing NNI: done in 0.506863 secs using 1591% CPU
Optimizing NNI: done in 0.310608 secs using 1587% CPU
Optimizing NNI: done in 0.403232 secs using 1589% CPU
Optimizing NNI: done in 0.14822 secs using 1595% CPU
Optimizing NNI: done in 0.252474 secs using 1593% CPU
Iteration 80 / LogL: -4440.894 / Time: 0h:0m:35s (0h:0m:24s left)
Optimizing NNI: done in 0.460737 secs using 1592% CPU
Optimizing NNI: done in 0.467195 secs using 1591% CPU
Optimizing NNI: done in 0.327414 secs using 1588% CPU
Optimizing NNI: done in 0.462478 secs using 1586% CPU
Optimizing NNI: done in 0.453323 secs using 1592% CPU
Optimizing NNI: done in 0.478263 secs using 1591% CPU
Optimizing NNI: done in 0.35326 secs using 1590% CPU
Optimizing NNI: done in 0.496825 secs using 1591% CPU
Optimizing NNI: done in 0.370779 secs using 1591% CPU
Optimizing NNI: done in 0.469923 secs using 1592% CPU
Iteration 90 / LogL: -4443.812 / Time: 0h:0m:39s (0h:0m:19s left)
Optimizing NNI: done in 0.373675 secs using 1592% CPU
Optimizing NNI: done in 0.435618 secs using 1591% CPU
Optimizing NNI: done in 0.534225 secs using 1589% CPU
Optimizing NNI: done in 0.561089 secs using 1593% CPU
Optimizing NNI: done in 0.286613 secs using 1587% CPU
Optimizing NNI: done in 0.135844 secs using 1594% CPU
Optimizing NNI: done in 0.170344 secs using 1588% CPU
Optimizing NNI: done in 0.259856 secs using 1591% CPU
Optimizing NNI: done in 0.869983 secs using 1591% CPU
Optimizing NNI: done in 0.536554 secs using 1591% CPU
Iteration 100 / LogL: -4453.478 / Time: 0h:0m:43s (0h:0m:15s left)
Log-likelihood cutoff on original alignment: -4471.370
NOTE: Bootstrap correlation coefficient of split occurrence frequencies: 0.992
Optimizing NNI: done in 0.441204 secs using 1587% CPU
Optimizing NNI: done in 0.427279 secs using 1590% CPU
Optimizing NNI: done in 0.71363 secs using 1589% CPU
Optimizing NNI: done in 0.277767 secs using 1587% CPU
Optimizing NNI: done in 0.359199 secs using 1594% CPU
Optimizing NNI: done in 0.295656 secs using 1587% CPU
Optimizing NNI: done in 0.387194 secs using 1590% CPU
Optimizing NNI: done in 0.383703 secs using 1588% CPU
Optimizing NNI: done in 0.612754 secs using 1592% CPU
Optimizing NNI: done in 0.61328 secs using 1590% CPU
Iteration 110 / LogL: -4440.895 / Time: 0h:0m:48s (0h:0m:39s left)
Optimizing NNI: done in 0.369339 secs using 1589% CPU
Optimizing NNI: done in 0.244335 secs using 1588% CPU
Optimizing NNI: done in 0.569003 secs using 1590% CPU
Optimizing NNI: done in 0.269841 secs using 1592% CPU
Optimizing NNI: done in 0.492619 secs using 1588% CPU
Optimizing NNI: done in 0.341913 secs using 1591% CPU
Optimizing NNI: done in 0.534453 secs using 1589% CPU
Optimizing NNI: done in 0.313224 secs using 1595% CPU
Optimizing NNI: done in 0.496351 secs using 1593% CPU
Optimizing NNI: done in 0.474 secs using 1590% CPU
Iteration 120 / LogL: -4448.419 / Time: 0h:0m:52s (0h:0m:35s left)
Optimizing NNI: done in 0.447252 secs using 1589% CPU
Optimizing NNI: done in 0.573384 secs using 1593% CPU
Optimizing NNI: done in 0.367042 secs using 1589% CPU
Optimizing NNI: done in 0.360359 secs using 1590% CPU
Optimizing NNI: done in 0.458514 secs using 1589% CPU
Optimizing NNI: done in 0.347403 secs using 1588% CPU
Optimizing NNI: done in 0.472996 secs using 1591% CPU
Optimizing NNI: done in 0.392395 secs using 1589% CPU
Optimizing NNI: done in 0.655371 secs using 1589% CPU
Optimizing NNI: done in 0.436429 secs using 1587% CPU
Iteration 130 / LogL: -4440.894 / Time: 0h:0m:57s (0h:0m:30s left)
Optimizing NNI: done in 0.408291 secs using 1593% CPU
Optimizing NNI: done in 0.498085 secs using 1591% CPU
Optimizing NNI: done in 0.284354 secs using 1594% CPU
Optimizing NNI: done in 0.342666 secs using 1587% CPU
Optimizing NNI: done in 0.268443 secs using 1589% CPU
Optimizing NNI: done in 0.253579 secs using 1588% CPU
TREE SEARCH COMPLETED AFTER 136 ITERATIONS / Time: 0h:0m:59s

--------------------------------------------------------------------
|                    FINALIZING TREE SEARCH                        |
--------------------------------------------------------------------
Performs final model parameters optimization
Estimate model parameters (epsilon = 0.010)
1. Initial log-likelihood: -4440.894
Optimal log-likelihood: -4440.892
Gamma shape alpha: 1.483
Parameters optimization took 1 rounds (0.043 sec)
BEST SCORE FOUND : -4440.892
Creating bootstrap support values...
Split supports printed to NEXUS file results/per_year_clustered/H3N2/trees/H3N2_2010.splits.nex
Total tree length: 1.693

Total number of iterations: 136
CPU time used for tree search: 936.024 sec (0h:15m:36s)
Wall-clock time used for tree search: 58.948 sec (0h:0m:58s)
Total CPU time used: 940.326 sec (0h:15m:40s)
Total wall-clock time used: 59.286 sec (0h:0m:59s)

Computing bootstrap consensus tree...
Reading input file results/per_year_clustered/H3N2/trees/H3N2_2010.splits.nex...
27 taxa and 282 splits.
Consensus tree written to results/per_year_clustered/H3N2/trees/H3N2_2010.contree
Reading input trees file results/per_year_clustered/H3N2/trees/H3N2_2010.contree
Log-likelihood of consensus tree: -4441.681

Analysis results written to: 
  IQ-TREE report:                results/per_year_clustered/H3N2/trees/H3N2_2010.iqtree
  Maximum-likelihood tree:       results/per_year_clustered/H3N2/trees/H3N2_2010.treefile
  Likelihood distances:          results/per_year_clustered/H3N2/trees/H3N2_2010.mldist

Ultrafast bootstrap approximation results written to:
  Split support values:          results/per_year_clustered/H3N2/trees/H3N2_2010.splits.nex
  Consensus tree:                results/per_year_clustered/H3N2/trees/H3N2_2010.contree
  Screen log file:               results/per_year_clustered/H3N2/trees/H3N2_2010.log

Date and Time: Thu Nov 20 18:21:51 2025
