IQ-TREE version 3.0.1 for Linux x86 64-bit built Jul  9 2025
Developed by Bui Quang Minh, Thomas Wong, Nhan Ly-Trong, Huaiyan Ren
Contributed by Lam-Tung Nguyen, Dominik Schrempf, Chris Bielow,
Olga Chernomor, Michael Woodhams, Diep Thi Hoang, Heiko Schmidt

Host:    rtis-hpc-r01.uod.otago.ac.nz (AVX2, FMA3, 1007 GB RAM)
Command: iqtree -s results/per_year_clustered/H3N2/alignments/H3N2_2016_aligned.fasta -m LG+G4 -te results/per_year_clustered/H3N2/trees/H3N2_2016.treefile -asr -pre results/per_year_clustered/H3N2/trees/H3N2_2016_asr -redo -quiet
Seed:    36146 (Using SPRNG - Scalable Parallel Random Number Generator)
Time:    Sat Nov 22 10:55:37 2025
Kernel:  AVX+FMA - 1 threads (8 CPU cores detected)

HINT: Use -nt option to specify number of threads because your CPU has 8 cores!
HINT: -nt AUTO will automatically determine the best number of threads to use.

Reading alignment file results/per_year_clustered/H3N2/alignments/H3N2_2016_aligned.fasta ... Fasta format detected
Reading fasta file: done in 0.000359875 secs
Alignment most likely contains protein sequences
Constructing alignment: done in 0.00032495 secs
Alignment has 41 sequences with 578 columns, 292 distinct patterns
318 parsimony-informative, 28 singleton sites, 232 constant sites
                                                                            Gap/Ambiguity  Composition  p-value
Analyzing sequences: done in 4.3842e-05 secs
   1  EPI991565|HA|A/Kazakhstan/4928/2016|EPI_ISL_262205|A_/_H3N2                   2.08%    passed    100.00%
   2  EPI991591|HA|A/Kazakhstan/4962/2016|EPI_ISL_262214|A_/_H3N2                   2.08%    passed    100.00%
   3  EPI809637|HA|A/TOYAMA/72/2016|EPI_ISL_229785|A_/_H3N2                         2.08%    passed    100.00%
   4  EPI993991|HA|A/Vietnam/6032/2016|EPI_ISL_262625|A_/_H3N2                      2.08%    passed    100.00%
   5  EPI998291|HA|A/Linkou/0166/2016|EPI_ISL_263397|A_/_H3N2                       2.08%    passed    100.00%
   6  EPI1609046|HA|A/Lebanon/1326/2016|EPI_ISL_395357|A_/_H3N2                     2.08%    passed    100.00%
   7  EPI1003527|HA|A/Laos/F2884/2016|EPI_ISL_264438|A_/_H3N2                       2.08%    passed    100.00%
   8  EPI832493|HA|A/Oman/5191/2016|EPI_ISL_233476|A_/_H3N2                         2.08%    passed    100.00%
   9  EPI1014968|HA|A/Japan/5603/2016|EPI_ISL_267802|A_/_H3N2                       2.08%    passed    100.00%
  10  EPI1030493|HA|A/Japan/5685/2016|EPI_ISL_270833|A_/_H3N2                       2.08%    passed    100.00%
  11  EPI867258|HA|A/Saudi_Arabia/193229/2016|EPI_ISL_239506|A_/_H3N2               2.08%    passed    100.00%
  12  EPI2380605|HA|A/Manila/AFPA-02075/2016|EPI_ISL_16854265|A_/_H3N2              2.08%    passed    100.00%
  13  EPI1055957|HA|A/Singapore/GP2646/2016|EPI_ISL_277145|A_/_H3N2                 2.08%    passed    100.00%
  14  EPI1536821|HA|A/Cheongju/G03554/2016|EPI_ISL_376102|A_/_H3N2                  2.08%    passed    100.00%
  15  EPI1536832|HA|A/Cheongju/G03596/2016|EPI_ISL_376113|A_/_H3N2                  2.08%    passed    100.00%
  16  EPI901648|HA|A/Taiwan/889/2016|EPI_ISL_245987|A_/_H3N2                        2.08%    passed    100.00%
  17  EPI943152|HA|A/YOKOHAMA/158/2016|EPI_ISL_253067|A_/_H3N2                      2.08%    passed    100.00%
  18  EPI943336|HA|A/FUKUSHIMA/131/2016|EPI_ISL_253164|A_/_H3N2                     2.08%    passed    100.00%
  19  EPI2153896|HA|A/Saudi_Arabia/VRG-01/2016|EPI_ISL_14835608|A_/_H3N2            2.08%    passed    100.00%
  20  EPI952531|HA|A/MIE/29/2016|EPI_ISL_254696|A_/_H3N2                            2.08%    passed    100.00%
  21  EPI1133557|HA|A/Thailand/CU-B20369/2016|EPI_ISL_290129|A_/_H3N2               2.08%    passed    100.00%
  22  EPI780936|HA|A/Singapore/INFGP-16-1223/2016|EPI_ISL_225952|A_/_H3N2           2.08%    passed    100.00%
  23  EPI978716|HA|A/Oman/7571/2016|EPI_ISL_259580|A_/_H3N2                         2.08%    passed    100.00%
  24  EPI831429|HA|A/Scotland/63440574/2016|EPI_ISL_233207|A_/_H3N2                 2.08%    passed    100.00%
  25  EPI1040800|HA|A/Ukraine/7733/2016|EPI_ISL_274144|A_/_H3N2                     2.08%    passed    100.00%
  26  EPI881857|HA|A/Sweden/76/2016|EPI_ISL_241921|A_/_H3N2                         2.08%    passed    100.00%
  27  EPI974290|HA|A/Asturias/26760/2016|EPI_ISL_258585|A_/_H3N2                    2.08%    passed    100.00%
  28  EPI831645|HA|A/Sydney/171/2016|EPI_ISL_233283|A_/_H3N2                        2.08%    passed    100.00%
  29  EPI2053148|HA|A/Newcastle/60/2016|EPI_ISL_13046471|A_/_H3N2                   2.08%    passed    100.00%
  30  EPI1021989|HA|A/Tasmania/219/2016|EPI_ISL_269291|A_/_H3N2                     2.08%    passed    100.00%
  31  EPI869222|HA|A/Brisbane/224/2016|EPI_ISL_239901|A_/_H3N2                      2.08%    passed    100.00%
  32  EPI919378|HA|A/South_Australia/149/2016|EPI_ISL_249233|A_/_H3N2               2.08%    passed    100.00%
  33  EPI1127244|HA|A/Brisbane/66/2016|EPI_ISL_289133|A_/_H3N2                      2.08%    passed    100.00%
  34  EPI814985|HA|A/Kyiv/317/2016|EPI_ISL_230435|A_/_H1N1                          2.08%    passed     54.17%
  35  EPI815140|HA|A/Odessa/688/2016|EPI_ISL_230454|A_/_H1N1                        2.08%    passed     66.38%
  36  EPI815205|HA|A/Odessa/697/2016|EPI_ISL_230462|A_/_H1N1                        2.08%    passed     57.32%
  37  EPI2183058|HA|A/Catalonia/NSVH100373132/2016|EPI_ISL_15082352|A_/_H1N1        2.08%    passed     73.03%
  38  EPI876536|HA|A/England/60260150/2016|EPI_ISL_241122|A_/_H1N1                  2.08%    passed     52.89%
  39  EPI878577|HA|A/England/571/2016|EPI_ISL_241405|A_/_H1N1                       2.08%    passed     65.97%
  40  EPI1041347|HA|A/_London/16U426028-92_S44_L001/2016|EPI_ISL_274267|A_/_H1N1    2.08%    passed     67.24%
  41  EPI729914|HA|A/Sweden/18/2016|EPI_ISL_215612|A_/_H1N1                         2.08%    passed     54.61%
****  TOTAL                                                                         2.08%  0 sequences failed composition chi2 test (p-value<5%; df=19)
Reading input tree file results/per_year_clustered/H3N2/trees/H3N2_2016.treefile ...

NOTE: 7 MB RAM (0 GB) is required!
Estimate model parameters (epsilon = 0.010)
1. Initial log-likelihood: -4318.863
2. Current log-likelihood: -4318.820
3. Current log-likelihood: -4318.809
Optimal log-likelihood: -4318.807
Gamma shape alpha: 0.956
Parameters optimization took 3 rounds (0.346 sec)
Wrote distance file to... 
BEST SCORE FOUND : -4318.807
Ancestral state probabilities printed to results/per_year_clustered/H3N2/trees/H3N2_2016_asr.state
Total tree length: 1.894

Total number of iterations: 0
CPU time used for tree search: 0.000 sec (0h:0m:0s)
Wall-clock time used for tree search: 0.000 sec (0h:0m:0s)
Total CPU time used: 0.502 sec (0h:0m:0s)
Total wall-clock time used: 0.551 sec (0h:0m:0s)

Analysis results written to: 
  IQ-TREE report:                results/per_year_clustered/H3N2/trees/H3N2_2016_asr.iqtree
  Maximum-likelihood tree:       results/per_year_clustered/H3N2/trees/H3N2_2016_asr.treefile
  Ancestral state:               results/per_year_clustered/H3N2/trees/H3N2_2016_asr.state
  Screen log file:               results/per_year_clustered/H3N2/trees/H3N2_2016_asr.log

Date and Time: Sat Nov 22 10:55:37 2025
