IQ-TREE version 3.0.1 for Linux x86 64-bit built Jul  9 2025
Developed by Bui Quang Minh, Thomas Wong, Nhan Ly-Trong, Huaiyan Ren
Contributed by Lam-Tung Nguyen, Dominik Schrempf, Chris Bielow,
Olga Chernomor, Michael Woodhams, Diep Thi Hoang, Heiko Schmidt

Host:    rtis-hpc-r01.uod.otago.ac.nz (AVX2, FMA3, 1007 GB RAM)
Command: iqtree -s results/per_year_clustered/H3N2/alignments/H3N2_2023_aligned.fasta -m LG+G4 -te results/per_year_clustered/H3N2/trees/H3N2_2023.treefile -asr -pre results/per_year_clustered/H3N2/trees/H3N2_2023_asr -redo -quiet
Seed:    388576 (Using SPRNG - Scalable Parallel Random Number Generator)
Time:    Sat Nov 22 11:05:49 2025
Kernel:  AVX+FMA - 1 threads (8 CPU cores detected)

HINT: Use -nt option to specify number of threads because your CPU has 8 cores!
HINT: -nt AUTO will automatically determine the best number of threads to use.

Reading alignment file results/per_year_clustered/H3N2/alignments/H3N2_2023_aligned.fasta ... Fasta format detected
Reading fasta file: done in 0.000631254 secs using 98.85% CPU
Alignment most likely contains protein sequences
Constructing alignment: done in 0.000446587 secs using 28.66% CPU
Alignment has 74 sequences with 580 columns, 342 distinct patterns
334 parsimony-informative, 36 singleton sites, 210 constant sites
                                                                               Gap/Ambiguity  Composition  p-value
Analyzing sequences: done in 5.31692e-05 secs
   1  EPI2903733|HA|A/Gyeongnam/2207/2023|EPI_ISL_18744126|A_/_H3N2                    2.41%    passed     99.35%
   2  EPI3786787|HA|A/ABUDHABI/UAE/0014000/2023|EPI_ISL_19661761|A_/_H3N2              2.41%    passed     99.04%
   3  EPI2821770|HA|A/Qatar/34-VI-23-0101724/2023|EPI_ISL_18613508|A_/_H3N2            2.41%    passed     98.29%
   4  EPI2821333|HA|A/Qatar/32-VI-23-0092359/2023|EPI_ISL_18613438|A_/_H3N2            2.41%    passed     99.73%
   5  EPI2821297|HA|A/Qatar/23-VI-23-0106322/2023|EPI_ISL_18613433|A_/_H3N2            2.41%    passed     98.52%
   6  EPI2510100|HA|A/Japan/14149/2023|EPI_ISL_17467393|A_/_H3N2                       2.41%    passed     99.54%
   7  EPI3006772|HA|A/Philippines/89/2023|EPI_ISL_18876522|A_/_H3N2                    2.41%    passed     98.61%
   8  EPI2665047|HA|A/NAGANO-C/14/2023|EPI_ISL_18058897|A_/_H3N2                       2.41%    passed     99.72%
   9  EPI2630354|HA|A/NAGANO-C/11/2023|EPI_ISL_17995538|A_/_H3N2                       2.41%    passed     99.81%
  10  EPI2681801|HA|A/Bangkok/P2255/2023|EPI_ISL_18093943|A_/_H3N2                     2.41%    passed     99.70%
  11  EPI2924520|HA|A/Turkey/GIHSN_Ankara/140111_950/2023|EPI_ISL_18784523|A_/_H3N2    2.41%    passed     99.43%
  12  EPI2647229|HA|A/NARA/11/2023|EPI_ISL_18030667|A_/_H3N2                           2.41%    passed     99.70%
  13  EPI2925824|HA|A/Bangkok/377/2023|EPI_ISL_18784778|A_/_H3N2                       2.41%    passed     99.61%
  14  EPI2926244|HA|A/Ajman/17380/2023|EPI_ISL_18785759|A_/_H3N2                       2.41%    passed     99.37%
  15  EPI4432142|HA|A/ABUDHABI/UAE/0015760/2023|EPI_ISL_19901806|A_/_H3N2              2.41%    passed     99.27%
  16  EPI2735160|HA|A/Seoul/917/2023|EPI_ISL_18231838|A_/_H3N2                         2.41%    passed     99.77%
  17  EPI2767405|HA|A/FUKUSHIMA/54/2023|EPI_ISL_18366335|A_/_H3N2                      2.41%    passed     99.44%
  18  EPI3456494|HA|A/Singapore/TT0344/2023|EPI_ISL_19283534|A_/_H3N2                  2.41%    passed     99.39%
  19  EPI3456557|HA|A/Singapore/TT0564/2023|EPI_ISL_19283542|A_/_H3N2                  2.41%    passed     99.53%
  20  EPI2874637|HA|A/Pakistan/AHF-NIH/ICT/010/2023|EPI_ISL_18699132|A_/_H3N2          2.41%    passed     99.31%
  21  EPI2963697|HA|A/Singapore/GP10675/2023|EPI_ISL_18831300|A_/_H3N2                 2.41%    passed     99.07%
  22  EPI2737526|HA|A/Sri_Lanka/31/2023|EPI_ISL_18242215|A_/_H3N2                      2.41%    passed     99.58%
  23  EPI4637291|HA|A/Bangkok/002/2023|EPI_ISL_20144611|A_/_H3N2                       2.41%    passed     99.61%
  24  EPI2800701|HA|A/Chiang_Rai/P4803/2023|EPI_ISL_18539977|A_/_H3N2                  2.41%    passed     98.77%
  25  EPI2691380|HA|A/Nepal/427/2023|EPI_ISL_18118613|A_/_H3N2                         2.41%    passed     99.67%
  26  EPI2691404|HA|A/Nepal/430/2023|EPI_ISL_18118618|A_/_H3N2                         2.41%    passed     99.70%
  27  EPI3112910|HA|A/Madrid/HRYC-72348174/2023|EPI_ISL_18980521|A_/_H3N2              2.24%    passed     99.90%
  28  EPI3665219|HA|A/Galicia/33341960/2023|EPI_ISL_19573237|A_/_H3N2                  2.41%    passed     99.97%
  29  EPI2541035|HA|A/Sweden/14/2023|EPI_ISL_17606898|A_/_H3N2                         2.41%    passed     99.22%
  30  EPI2541043|HA|A/Sweden/15/2023|EPI_ISL_17606899|A_/_H3N2                         2.41%    passed     99.61%
  31  EPI2616634|HA|A/Catalonia/NSVH171605044/2023|EPI_ISL_17974205|A_/_H3N2           2.41%    passed     99.73%
  32  EPI3669419|HA|A/Galicia/28220935/2023|EPI_ISL_19586445|A_/_H3N2                  2.41%    passed     99.95%
  33  EPI2538942|HA|A/England/230720061/2023|EPI_ISL_17592652|A_/_H3N2                 2.41%    passed     99.83%
  34  EPI2967120|HA|A/Spain/GA-HULA-615037/2023|EPI_ISL_18838698|A_/_H3N2              2.41%    passed     99.98%
  35  EPI2692749|HA|A/Canarias/1843/2023|EPI_ISL_18118770|A_/_H3N2                     2.41%    passed     99.48%
  36  EPI3007096|HA|A/Canberra/464/2023|EPI_ISL_18876646|A_/_H3N2                      2.41%    passed     98.52%
  37  EPI2790185|HA|A/Sydney/316/2023|EPI_ISL_18485010|A_/_H3N2                        2.41%    passed     99.92%
  38  EPI3158210|HA|A/Victoria/3058/2023|EPI_ISL_19012946|A_/_H3N2                     2.41%    passed     99.68%
  39  EPI2686146|HA|A/Brisbane/377/2023|EPI_ISL_18100549|A_/_H3N2                      2.41%    passed     99.50%
  40  EPI2642919|HA|A/Wellington/06/2023|EPI_ISL_18013032|A_/_H3N2                     2.41%    passed     99.60%
  41  EPI2898745|HA|A/Brisbane/502/2023|EPI_ISL_18740015|A_/_H3N2                      2.41%    passed     99.20%
  42  EPI2920320|HA|A/Galicia/21422332677/2023|EPI_ISL_18776469|A_/_H1N1               2.41%    passed     95.22%
  43  EPI2920493|HA|A/Galicia/21452225735/2023|EPI_ISL_18776508|A_/_H1N1               2.41%    passed     96.66%
  44  EPI2920509|HA|A/Galicia/21452225742/2023|EPI_ISL_18776514|A_/_H1N1               2.41%    passed     94.11%
  45  EPI2611687|HA|A/Murcia/1652/2023|EPI_ISL_17958353|A_/_H1N1                       2.41%    passed     95.75%
  46  EPI3080776|HA|A/ComunidadValenciana/240275/2023|EPI_ISL_18942880|A_/_H1N1        2.41%    passed     94.31%
  47  EPI2398662|HA|A/Baleares/74/2023|EPI_ISL_16913871|A_/_H1N1                       2.41%    passed     95.49%
  48  EPI3447272|HA|A/Galicia/SCQ/318602/2023|EPI_ISL_19273341|A_/_H1N1                2.41%    passed     93.46%
  49  EPI3447240|HA|A/Galicia/SCQ/306480/2023|EPI_ISL_19273337|A_/_H1N1                2.41%    passed     95.78%
  50  EPI2400971|HA|A/PaisVasco/162/2023|EPI_ISL_16914874|A_/_H1N1                     2.41%    passed     94.40%
  51  EPI3193658|HA|A/Galicia/SCQ/304024/2023|EPI_ISL_19044480|A_/_H1N1                2.41%    passed     96.99%
  52  EPI2842726|HA|A/Catalonia/NSVH199826468/2023|EPI_ISL_18652098|A_/_H1N1           2.41%    passed     94.58%
  53  EPI2519875|HA|A/Aragon/888/2023|EPI_ISL_17505762|A_/_H1N1                        2.41%    passed     96.97%
  54  EPI2519991|HA|A/CastillaLaMancha/793/2023|EPI_ISL_17505815|A_/_H1N1              2.41%    passed     90.19%
  55  EPI3112926|HA|A/Madrid/HRYC-12994000/2023|EPI_ISL_18980523|A_/_H1N1              2.24%    passed     97.44%
  56  EPI2923960|HA|A/Canarias/2407/2023|EPI_ISL_18784328|A_/_H1N1                     2.41%    passed     96.17%
  57  EPI2924196|HA|A/Navarra/2321/2023|EPI_ISL_18784477|A_/_H1N1                      2.41%    passed     98.33%
  58  EPI2701060|HA|A/England/233120111/2023|EPI_ISL_18130620|A_/_H1N1                 2.41%    passed     95.34%
  59  EPI3012555|HA|A/Baleares/2563/2023|EPI_ISL_18884818|A_/_H1N1                     2.41%    passed     91.76%
  60  EPI2975325|HA|A/England/235180269/2023|EPI_ISL_18852612|A_/_H1N1                 2.41%    passed     93.86%
  61  EPI2508336|HA|A/Catalonia/NSVH172307130/2023|EPI_ISL_17445897|A_/_H1N1           2.41%    passed     93.59%
  62  EPI2686425|HA|A/Switzerland/76467/2023|EPI_ISL_18101377|A_/_H1N1                 2.41%    passed     94.22%
  63  EPI3028603|HA|A/England/240200277/2023|EPI_ISL_18891570|A_/_H1N1                 2.41%    passed     93.08%
  64  EPI2960891|HA|A/England/235190173/2023|EPI_ISL_18828271|A_/_H1N1                 2.41%    passed     97.00%
  65  EPI2792157|HA|A/Asturias/2061/2023|EPI_ISL_18501244|A_/_H1N1                     2.41%    passed     95.10%
  66  EPI2361784|HA|A/Catalonia/NSVH198265699/2023|EPI_ISL_16830774|A_/_H1N1           2.41%    passed     96.67%
  67  EPI2471811|HA|A/Catalonia/NSAV198266241/2023|EPI_ISL_17256930|A_/_H1N1           2.41%    passed     90.81%
  68  EPI3325914|HA|A/Andalucia/241428/2023|EPI_ISL_19159170|A_/_H1N1                  2.41%    passed     94.61%
  69  EPI3104691|HA|A/Madrid/HRYC-72348131/2023|EPI_ISL_18963453|A_/_H1N1              2.24%    passed     98.04%
  70  EPI2441094|HA|A/Ceuta/350/2023|EPI_ISL_17095757|A_/_H1N1                         2.41%    passed     95.61%
  71  EPI2495773|HA|A/Sweden/10/2023|EPI_ISL_17360195|A_/_H1N1                         2.41%    passed     97.91%
  72  EPI3276801|HA|A/Madrid/92324193656/2023|EPI_ISL_19131155|A_/_H1N1                2.41%    passed     94.14%
  73  EPI3276651|HA|A/Madrid/1392324178654/2023|EPI_ISL_19131081|A_/_H1N1              2.41%    passed     97.13%
  74  EPI3184867|HA|A/Slovakia/uvzsr-56/2023|EPI_ISL_19033829|A_/_H1N1                 2.41%    passed     96.76%
****  TOTAL                                                                            2.41%  0 sequences failed composition chi2 test (p-value<5%; df=19)
Reading input tree file results/per_year_clustered/H3N2/trees/H3N2_2023.treefile ...

NOTE: 16 MB RAM (0 GB) is required!
Estimate model parameters (epsilon = 0.010)
1. Initial log-likelihood: -5603.567
2. Current log-likelihood: -5602.164
3. Current log-likelihood: -5601.847
4. Current log-likelihood: -5601.814
Optimal log-likelihood: -5601.811
Gamma shape alpha: 0.812
Parameters optimization took 4 rounds (1.204 sec)
Wrote distance file to... 
BEST SCORE FOUND : -5601.811
Ancestral state probabilities printed to results/per_year_clustered/H3N2/trees/H3N2_2023_asr.state
Total tree length: 2.389

Total number of iterations: 0
CPU time used for tree search: 0.000 sec (0h:0m:0s)
Wall-clock time used for tree search: 0.000 sec (0h:0m:0s)
Total CPU time used: 1.484 sec (0h:0m:1s)
Total wall-clock time used: 1.583 sec (0h:0m:1s)

Analysis results written to: 
  IQ-TREE report:                results/per_year_clustered/H3N2/trees/H3N2_2023_asr.iqtree
  Maximum-likelihood tree:       results/per_year_clustered/H3N2/trees/H3N2_2023_asr.treefile
  Ancestral state:               results/per_year_clustered/H3N2/trees/H3N2_2023_asr.state
  Screen log file:               results/per_year_clustered/H3N2/trees/H3N2_2023_asr.log

Date and Time: Sat Nov 22 11:05:50 2025
