IQ-TREE version 3.0.1 for Linux x86 64-bit built Jul  9 2025
Developed by Bui Quang Minh, Thomas Wong, Nhan Ly-Trong, Huaiyan Ren
Contributed by Lam-Tung Nguyen, Dominik Schrempf, Chris Bielow,
Olga Chernomor, Michael Woodhams, Diep Thi Hoang, Heiko Schmidt

Host:    rtis-hpc-r01.uod.otago.ac.nz (AVX2, FMA3, 1007 GB RAM)
Command: iqtree -s results/per_year_clustered/H3N2/alignments/H3N2_2013_aligned.fasta -m LG+G4 -te results/per_year_clustered/H3N2/trees/H3N2_2013.treefile -asr -pre results/per_year_clustered/H3N2/trees/H3N2_2013_asr -redo -quiet
Seed:    145448 (Using SPRNG - Scalable Parallel Random Number Generator)
Time:    Sat Nov 22 10:54:22 2025
Kernel:  AVX+FMA - 1 threads (8 CPU cores detected)

HINT: Use -nt option to specify number of threads because your CPU has 8 cores!
HINT: -nt AUTO will automatically determine the best number of threads to use.

Reading alignment file results/per_year_clustered/H3N2/alignments/H3N2_2013_aligned.fasta ... Fasta format detected
Reading fasta file: done in 0.000254176 secs using 79.87% CPU
Alignment most likely contains protein sequences
Constructing alignment: done in 0.000291135 secs using 99.95% CPU
Alignment has 25 sequences with 578 columns, 286 distinct patterns
310 parsimony-informative, 39 singleton sites, 229 constant sites
                                                                     Gap/Ambiguity  Composition  p-value
Analyzing sequences: done in 2.54372e-05 secs using 98.28% CPU
   1  EPI536466|HA|A/OKAYAMA/26/2013|EPI_ISL_164288|A_/_H3N2                 2.08%    passed    100.00%
   2  EPI2579590|HA|A/Kamigoto/1247/2013|EPI_ISL_17730095|A_/_H3N2           2.08%    passed    100.00%
   3  EPI1633401|HA|A/Singapore/G2-10.1/2013|EPI_ISL_399300|A_/_H3N2         2.08%    passed    100.00%
   4  EPI684821|HA|A/Thailand/CU-A459/2013|EPI_ISL_205372|A_/_H3N2           2.08%    passed    100.00%
   5  EPI684816|HA|A/Thailand/CU-B8518/2013|EPI_ISL_205378|A_/_H3N2          2.08%    passed    100.00%
   6  EPI684799|HA|A/Thailand/CU-A24/2013|EPI_ISL_205427|A_/_H3N2            2.08%    passed    100.00%
   7  EPI684801|HA|A/Thailand/CU-B7992/2013|EPI_ISL_205428|A_/_H3N2          2.08%    passed    100.00%
   8  EPI684817|HA|A/Thailand/CU-B8525/2013|EPI_ISL_205435|A_/_H3N2          2.08%    passed    100.00%
   9  EPI684814|HA|A/Thailand/CU-B8236/2013|EPI_ISL_205434|A_/_H3N2          2.08%    passed    100.00%
  10  EPI684820|HA|A/Thailand/CU-H3574/2013|EPI_ISL_205437|A_/_H3N2          2.08%    passed    100.00%
  11  EPI684819|HA|A/Thailand/CU-A411/2013|EPI_ISL_205436|A_/_H3N2           2.08%    passed    100.00%
  12  EPI689433|HA|A/Fukuoka/DS-9/2013|EPI_ISL_206292|A_/_H3N2               2.08%    passed    100.00%
  13  EPI691404|HA|A/Tokyo/56-228/2013|EPI_ISL_206578|A_/_H3N2               2.08%    passed    100.00%
  14  EPI691439|HA|A/Tokyo/66-471v/2013|EPI_ISL_206613|A_/_H3N2              2.08%    passed    100.00%
  15  EPI466076|HA|A/MALAYSIA/4/2013|EPI_ISL_145309|A_/_H3N2                 2.08%    passed    100.00%
  16  EPI500186|HA|A/Bursa/247/2013|EPI_ISL_153943|A_/_H3N2                  2.08%    passed    100.00%
  17  EPI505142|HA|A/SAITAMA/138/2013|EPI_ISL_155834|A_/_H3N2                2.08%    passed    100.00%
  18  EPI499618|HA|A/Stockholm/29/2013|EPI_ISL_153718|A_/_H3N2               2.08%    passed    100.00%
  19  EPI503286|HA|A/England/651/2013|EPI_ISL_154749|A_/_H3N2                2.08%    passed    100.00%
  20  EPI566512|HA|A/Victoria/700/2013|EPI_ISL_172979|A_/_H3N2               2.08%    passed    100.00%
  21  EPI489302|HA|A/Brisbane/01/2013|EPI_ISL_151023|A_/_H3N2                2.08%    passed    100.00%
  22  EPI748130|HA|A/Auckland/21/2013|EPI_ISL_219277|A_/_H3N2                2.08%    passed    100.00%
  23  EPI748184|HA|A/South_Australia/2/2013|EPI_ISL_219304|A_/_H3N2          2.08%    passed    100.00%
  24  EPI419975|HA|A/Malmoe/1/2013|EPI_ISL_135096|A_/_H1N1                   2.08%    passed     31.93%
  25  EPI2184453|HA|A/Catalonia/NSVH206354/2013|EPI_ISL_15083856|A_/_H1N1    2.08%    passed     25.63%
****  TOTAL                                                                  2.08%  0 sequences failed composition chi2 test (p-value<5%; df=19)
Reading input tree file results/per_year_clustered/H3N2/trees/H3N2_2013.treefile ...

NOTE: 4 MB RAM (0 GB) is required!
Estimate model parameters (epsilon = 0.010)
1. Initial log-likelihood: -4090.611
2. Current log-likelihood: -4089.990
3. Current log-likelihood: -4089.795
4. Current log-likelihood: -4089.764
Optimal log-likelihood: -4089.759
Gamma shape alpha: 1.235
Parameters optimization took 4 rounds (0.303 sec)
Wrote distance file to... 
BEST SCORE FOUND : -4089.759
Ancestral state probabilities printed to results/per_year_clustered/H3N2/trees/H3N2_2013_asr.state
Total tree length: 1.697

Total number of iterations: 0
CPU time used for tree search: 0.000 sec (0h:0m:0s)
Wall-clock time used for tree search: 0.000 sec (0h:0m:0s)
Total CPU time used: 0.395 sec (0h:0m:0s)
Total wall-clock time used: 0.435 sec (0h:0m:0s)

Analysis results written to: 
  IQ-TREE report:                results/per_year_clustered/H3N2/trees/H3N2_2013_asr.iqtree
  Maximum-likelihood tree:       results/per_year_clustered/H3N2/trees/H3N2_2013_asr.treefile
  Ancestral state:               results/per_year_clustered/H3N2/trees/H3N2_2013_asr.state
  Screen log file:               results/per_year_clustered/H3N2/trees/H3N2_2013_asr.log

Date and Time: Sat Nov 22 10:54:22 2025
