IQ-TREE version 3.0.1 for Linux x86 64-bit built Jul  9 2025
Developed by Bui Quang Minh, Thomas Wong, Nhan Ly-Trong, Huaiyan Ren
Contributed by Lam-Tung Nguyen, Dominik Schrempf, Chris Bielow,
Olga Chernomor, Michael Woodhams, Diep Thi Hoang, Heiko Schmidt

Host:    rtis-hpc-r01.uod.otago.ac.nz (AVX2, FMA3, 1007 GB RAM)
Command: iqtree -s results/per_year_clustered/H3N2/alignments/H3N2_2025_with_designs.fasta -m LG+G4 -bb 1000 -nt 8 -pre results/per_year_clustered/H3N2/trees/H3N2_2025_with_designs -redo -quiet
Seed:    658616 (Using SPRNG - Scalable Parallel Random Number Generator)
Time:    Sat Nov 22 11:13:21 2025
Kernel:  AVX+FMA - 8 threads (8 CPU cores detected)

Reading alignment file results/per_year_clustered/H3N2/alignments/H3N2_2025_with_designs.fasta ... Fasta format detected
Reading fasta file: done in 0.000886112 secs using 99.08% CPU
Alignment most likely contains protein sequences
Constructing alignment: done in 0.000614072 secs using 294.3% CPU
Alignment has 107 sequences with 580 columns, 364 distinct patterns
346 parsimony-informative, 35 singleton sites, 199 constant sites
                                                                                  Gap/Ambiguity  Composition  p-value
Analyzing sequences: done in 2.96561e-05 secs using 950.9% CPU
   1  EPI4569411|HA|A/Nakhon_Phanom/P1846/2025|EPI_ISL_20087282|A_/_H3N2                  2.41%    passed    100.00%
   2  EPI4569451|HA|A/Bangkok/P1892/2025|EPI_ISL_20087287|A_/_H3N2                        2.41%    passed    100.00%
   3  EPI4569339|HA|A/Nakhon_Phanom/P1767/2025|EPI_ISL_20087273|A_/_H3N2                  2.41%    passed    100.00%
   4  EPI4467231|HA|A/YAMAGATA/98/2025|EPI_ISL_20054881|A_/_H3N2                          2.41%    passed    100.00%
   5  EPI4467199|HA|A/GUNMA/397/2025|EPI_ISL_20054877|A_/_H3N2                            2.41%    passed    100.00%
   6  EPI4570392|HA|A/Laos/00819-3122/2025|EPI_ISL_20087471|A_/_H3N2                      2.41%    passed    100.00%
   7  EPI4245779|HA|A/Vietnam/FP425102/2025|EPI_ISL_19826074|A_/_H3N2                     2.41%    passed    100.00%
   8  EPI4156919|HA|A/Nakhon_Phanom/F659/2025|EPI_ISL_19794733|A_/_H3N2                   2.41%    passed    100.00%
   9  EPI4155435|HA|A/Busan/461/2025|EPI_ISL_19794442|A_/_H3N2                            2.41%    passed    100.00%
  10  EPI4156688|HA|A/Ulsan/334/2025|EPI_ISL_19794599|A_/_H3N2                            2.41%    passed    100.00%
  11  EPI4156520|HA|A/Jeju/419/2025|EPI_ISL_19794578|A_/_H3N2                             2.41%    passed    100.00%
  12  EPI4579624|HA|A/Nakhon_Phanom/P2091/2025|EPI_ISL_20090640|A_/_H3N2                  2.41%    passed    100.00%
  13  EPI4470709|HA|A/Oman/CPHL_7252121/2025|EPI_ISL_20058106|A_/_H3N2                    2.41%    passed    100.00%
  14  EPI4470393|HA|A/Oman/CPHL_7251116/2025|EPI_ISL_20058064|A_/_H3N2                    2.41%    passed    100.00%
  15  EPI4582653|HA|A/Singapore/MAH0260/2025|EPI_ISL_20091123|A_/_H3N2                    2.41%    passed    100.00%
  16  EPI4667606|HA|A/Maldives/1301/2025|EPI_ISL_20159078|A_/_H3N2                        2.41%    passed    100.00%
  17  EPI4423073|HA|A/ABUDHABI/UAE/0004145/2025|EPI_ISL_19899658|A_/_H3N2                 2.41%    passed    100.00%
  18  EPI4423026|HA|A/ABUDHABI/UAE/0003943/2025|EPI_ISL_19899652|A_/_H3N2                 2.41%    passed    100.00%
  19  EPI4422745|HA|A/ABUDHABI/UAE/0004811/2025|EPI_ISL_19899616|A_/_H3N2                 2.41%    passed    100.00%
  20  EPI4422563|HA|A/ABUDHABI/UAE/0004807/2025|EPI_ISL_19899593|A_/_H3N2                 2.41%    passed    100.00%
  21  EPI4422533|HA|A/ABUDHABI/UAE/0004161/2025|EPI_ISL_19899589|A_/_H3N2                 2.41%    passed    100.00%
  22  EPI4592181|HA|A/NIIGATA-C/25144/2025|EPI_ISL_20097267|A_/_H3N2                      2.41%    passed    100.00%
  23  EPI4594611|HA|A/ABUDHABI/UAE/0013784/2025|EPI_ISL_20098101|A_/_H3N2                 2.41%    passed    100.00%
  24  EPI4672093|HA|A/Nepal/S2163/2025|EPI_ISL_20164546|A_/_H3N2                          2.41%    passed    100.00%
  25  EPI4191363|HA|A/Bangkok/F1046/2025|EPI_ISL_19806054|A_/_H3N2                        2.41%    passed    100.00%
  26  EPI4434984|HA|A/ABUDHABI/UAE/0001511/2025|EPI_ISL_19904892|A_/_H3N2                 2.41%    passed    100.00%
  27  EPI4435269|HA|A/ABUDHABI/UAE/0003162/2025|EPI_ISL_19904945|A_/_H3N2                 2.41%    passed    100.00%
  28  EPI4435431|HA|A/ABUDHABI/UAE/0005127/2025|EPI_ISL_19904968|A_/_H3N2                 2.41%    passed    100.00%
  29  EPI4358173|HA|A/Laos/00819-3001/2025|EPI_ISL_19871777|A_/_H3N2                      4.31%    passed    100.00%
  30  EPI4358117|HA|A/Laos/00819-2987/2025|EPI_ISL_19871770|A_/_H3N2                      4.31%    passed    100.00%
  31  EPI4435979|HA|A/ABUDHABI/UAE/0021340/2025|EPI_ISL_19905112|A_/_H3N2                 2.41%    passed    100.00%
  32  EPI4436424|HA|A/ABUDHABI/UAE/0022701/2025|EPI_ISL_19905170|A_/_H3N2                 2.41%    passed    100.00%
  33  EPI4600644|HA|A/Vietnam/5012/2025|EPI_ISL_20103021|A_/_H3N2                         2.41%    passed    100.00%
  34  EPI4440167|HA|A/TOKYO/EIS11-849/2025|EPI_ISL_19907040|A_/_H3N2                      2.41%    passed    100.00%
  35  EPI4111474|HA|A/Nepal/S178/2025|EPI_ISL_19780855|A_/_H3N2                           2.41%    passed    100.00%
  36  EPI4212716|HA|A/Oman/CPHL_725676/2025|EPI_ISL_19814750|A_/_H3N2                     2.41%    passed    100.00%
  37  EPI4212620|HA|A/Oman/CPHL_725560/2025|EPI_ISL_19814738|A_/_H3N2                     2.41%    passed    100.00%
  38  EPI4387605|HA|A/Riyadh/329/2025|EPI_ISL_19881900|A_/_H3N2                           2.41%    passed    100.00%
  39  EPI4387597|HA|A/Riyadh/221/2025|EPI_ISL_19881896|A_/_H3N2                           2.41%    passed    100.00%
  40  EPI4114463|HA|A/Vietnam/PF424427/2025|EPI_ISL_19783198|A_/_H3N2                     2.41%    passed    100.00%
  41  EPI4390916|HA|A/Malaysia/IMR-RM1203/2025|EPI_ISL_19883062|A_/_H3N2                  2.41%    passed    100.00%
  42  EPI4547606|HA|A/Singapore/KK0398/2025|EPI_ISL_20079646|A_/_H3N2                     2.41%    passed    100.00%
  43  EPI4559445|HA|A/Lebanon/AU-9301/2025|EPI_ISL_20084471|A_/_H3N2                      4.14%    passed    100.00%
  44  EPI4722194|HA|A/Phra_Nakhon_Si_Ayutthaya/P3281/2025|EPI_ISL_20184477|A_/_H3N2       2.41%    passed    100.00%
  45  EPI4649753|HA|A/England/3140745/2025|EPI_ISL_20152710|A_/_H3N2                      2.41%    passed    100.00%
  46  EPI4148141|HA|A/Galicia/GA-CHUAC-323/2025|EPI_ISL_19792114|A_/_H3N2                 2.41%    passed    100.00%
  47  EPI3957631|HA|A/Galicia/SCQ/123708/2025|EPI_ISL_19729391|A_/_H3N2                   2.41%    passed    100.00%
  48  EPI4053421|HA|A/Catalonia/NSVH171625451/2025|EPI_ISL_19762458|A_/_H3N2              2.41%    passed    100.00%
  49  EPI3867210|HA|A/Switzerland/UN-SNRCI-HUG-46890800/2025|EPI_ISL_19698200|A_/_H3N2    2.41%    passed    100.00%
  50  EPI4411050|HA|A/Netherlands/00520/2025|EPI_ISL_19895646|A_/_H3N2                    2.41%    passed    100.00%
  51  EPI4323571|HA|A/Galicia/GA-CHUAC-395/2025|EPI_ISL_19863520|A_/_H3N2                 2.41%    passed    100.00%
  52  EPI4169874|HA|A/Canarias/715/2025|EPI_ISL_19798318|A_/_H3N2                         2.41%    passed    100.00%
  53  EPI4324677|HA|A/Galicia/SCQ/164741/2025|EPI_ISL_19863712|A_/_H3N2                   2.41%    passed    100.00%
  54  EPI4667852|HA|A/Kyiv/1735/2025|EPI_ISL_20159109|A_/_H3N2                            2.41%    passed    100.00%
  55  EPI4417107|HA|A/PaisVasco/96047909/2025|EPI_ISL_19897769|A_/_H3N2                   2.41%    passed    100.00%
  56  EPI4255709|HA|A/Badajoz/18682741/2025|EPI_ISL_19832057|A_/_H3N2                     2.24%    passed    100.00%
  57  EPI4488726|HA|A/Galicia/22716870/2025|EPI_ISL_20063874|A_/_H3N2                     2.41%    passed    100.00%
  58  EPI4427844|HA|A/Spain/VC-GRAL-002675/2025|EPI_ISL_19900569|A_/_H3N2                 2.41%    passed    100.00%
  59  EPI4267031|HA|A/Asturias/1217/2025|EPI_ISL_19837366|A_/_H3N2                        2.41%    passed    100.00%
  60  EPI3885934|HA|A/Ukraine/GIHSN-HCL025014452702/2025|EPI_ISL_19705870|A_/_H3N2        2.41%    passed    100.00%
  61  EPI3885958|HA|A/Ukraine/GIHSN-HCL025014454802/2025|EPI_ISL_19705873|A_/_H3N2        2.41%    passed    100.00%
  62  EPI4101046|HA|A/England/0780838/2025|EPI_ISL_19777674|A_/_H3N2                      2.41%    passed    100.00%
  63  EPI3827479|HA|A/Galicia/GA-CHUAC-192/2025|EPI_ISL_19680892|A_/_H3N2                 2.41%    passed    100.00%
  64  EPI4017249|HA|A/Murcia/364/2025|EPI_ISL_19747908|A_/_H3N2                           2.41%    passed    100.00%
  65  EPI4298547|HA|A/England/1400693/2025|EPI_ISL_19853084|A_/_H3N2                      2.41%    passed    100.00%
  66  EPI4560416|HA|A/Padeswood/4401/2025|EPI_ISL_20084767|A_/_H3N2                       2.41%    passed    100.00%
  67  EPI4309762|HA|A/Sweden/SE25-50811/2025|EPI_ISL_19857207|A_/_H3N2                    2.41%    passed    100.00%
  68  EPI4147226|HA|A/Catalonia/NSVH151063084/2025|EPI_ISL_19791509|A_/_H3N2              2.41%    passed     99.99%
  69  EPI4569854|HA|A/Solomon_Islands/30/2025|EPI_ISL_20087352|A_/_H3N2                   2.41%    passed    100.00%
  70  EPI4575178|HA|A/South_Australia/2510501305/2025|EPI_ISL_20089688|A_/_H3N2           2.41%    passed    100.00%
  71  EPI4724371|HA|A/South_Australia/2525911555/2025|EPI_ISL_20188069|A_/_H3N2           2.41%    passed    100.00%
  72  EPI4724347|HA|A/New_South_Wales/2525817216/2025|EPI_ISL_20188066|A_/_H3N2           2.41%    passed    100.00%
  73  EPI4664988|HA|A/Tasmania/729/2025|EPI_ISL_20157940|A_/_H3N2                         2.41%    passed    100.00%
  74  EPI4411302|HA|A/Tasmania/175/2025|EPI_ISL_19895764|A_/_H3N2                         2.41%    passed    100.00%
  75  EPI4672004|HA|A/Darwin/1065/2025|EPI_ISL_20164520|A_/_H3N2                          2.41%    passed    100.00%
  76  EPI4514373|HA|A/Victoria/397/2025|EPI_ISL_20070574|A_/_H3N2                         2.41%    passed    100.00%
  77  EPI4627386|HA|A/New_Caledonia/67/2025|EPI_ISL_20138725|A_/_H3N2                     2.41%    passed    100.00%
  78  EPI4308974|HA|A/Sydney/75/2025|EPI_ISL_19856609|A_/_H3N2                            2.41%    passed    100.00%
  79  EPI4649713|HA|A/England/2820681/2025|EPI_ISL_20152705|A_/_H1N1                      2.41%    passed     33.52%
  80  EPI4649552|HA|A/Catalonia/NSAV198332619/2025|EPI_ISL_20152344|A_/_H1N1              2.41%    passed     33.33%
  81  EPI4467988|HA|A/Galicia/44224586/2025|EPI_ISL_20055313|A_/_H1N1                     2.41%    passed     29.42%
  82  EPI4408183|HA|A/Madrid/HULP-200724254/2025|EPI_ISL_19893100|A_/_H1N1                2.41%    passed     42.60%
  83  EPI4408167|HA|A/Madrid/HULP-200683958/2025|EPI_ISL_19893098|A_/_H1N1                2.41%    passed     19.45%
  84  EPI3957602|HA|A/Galicia/SCQ/122721/2025|EPI_ISL_19729387|A_/_H1N1                   2.41%    passed     38.64%
  85  EPI3957551|HA|A/Galicia/SCQ/118726/2025|EPI_ISL_19729380|A_/_H1N1                   2.41%    passed     42.51%
  86  EPI4318575|HA|A/Galicia/GA-CHUAC-376/2025|EPI_ISL_19861830|A_/_H1N1                 2.41%    passed     45.33%
  87  EPI4161523|HA|A/Aragon/598/2025|EPI_ISL_19796571|A_/_H1N1                           2.41%    passed     25.60%
  88  EPI4322518|HA|A/Galicia/52502966/2025|EPI_ISL_19863007|A_/_H1N1                     2.41%    passed     36.25%
  89  EPI4414758|HA|A/Spain/VC-HADV-002442/2025|EPI_ISL_19897333|A_/_H1N1                 2.41%    passed     40.74%
  90  EPI4415749|HA|A/Spain/VC-GRAL-002617/2025|EPI_ISL_19897460|A_/_H1N1                 2.41%    passed     25.38%
  91  EPI4064473|HA|A/Avila/1833/2025|EPI_ISL_19767618|A_/_H1N1                           2.41%    passed     22.15%
  92  EPI4589108|HA|A/Alicante/VAHNSI-GIHSN-16_0431/2025|EPI_ISL_20095985|A_/_H1N1        2.41%    passed     29.55%
  93  EPI4589578|HA|A/Valencia/VAHNSI-GIHSN-11_0539/2025|EPI_ISL_20096044|A_/_H1N1        2.41%    passed     45.63%
  94  EPI4589474|HA|A/Valencia/VAHNSI-GIHSN-11_0289/2025|EPI_ISL_20096031|A_/_H1N1        2.41%    passed     29.07%
  95  EPI4073754|HA|A/Galicia/SCQ/132102/2025|EPI_ISL_19770700|A_/_H1N1                   2.41%    passed     23.57%
  96  EPI4265256|HA|A/ComunidadValenciana/990/2025|EPI_ISL_19836366|A_/_H1N1              2.41%    passed     31.40%
  97  EPI4192158|HA|A/Andalucia/PMC-00768/2025|EPI_ISL_19806287|A_/_H1N1                  2.24%    passed     23.76%
  98  EPI4503965|HA|A/Slovakia/uvzsr-40431/2025|EPI_ISL_20069003|A_/_H1N1                 2.41%    passed     35.05%
  99  EPI4113781|HA|A/Sweden/SE25-50565/2025|EPI_ISL_19782067|A_/_H1N1                    2.41%    passed     46.14%
 100  EPI4116076|HA|A/England/0880117/2025|EPI_ISL_19783846|A_/_H1N1                      2.41%    passed     28.97%
 101  EPI4116152|HA|A/England/0920404/2025|EPI_ISL_19783857|A_/_H1N1                      2.41%    passed     38.02%
 102  EPI4116576|HA|A/Cwmifor/4078/2025|EPI_ISL_19784917|A_/_H1N1                         2.41%    passed     28.18%
 103  EPI4401545|HA|A/Catalonia/NSBE251037350/2025|EPI_ISL_19889540|A_/_H1N1              2.41%    passed     58.40%
 104  H3N2_2025_Consensus_Aligned                                                         0.00%    passed    100.00%
 105  H3N2_2025_Medoid_Aligned|EPI4156520|HA|A/Jeju/419/2025|EPI_ISL_19794578|A_/_H3N2    2.41%    passed    100.00%
 106  H3N2_2025_Ancestral_Aligned_Node12                                                  0.00%    passed    100.00%
 107  H3N2_2025_COBRA_Aligned                                                             0.34%    passed    100.00%
****  TOTAL                                                                               2.40%  0 sequences failed composition chi2 test (p-value<5%; df=19)
NOTE: H3N2_2025_Medoid_Aligned|EPI4156520|HA|A/Jeju/419/2025|EPI_ISL_19794578|A_/_H3N2 is identical to EPI4156520|HA|A/Jeju/419/2025|EPI_ISL_19794578|A_/_H3N2 but kept for subsequent analysis
Checking for duplicate sequences: done in 0.000178284 secs using 241.7% CPU
Creating fast initial parsimony tree by random order stepwise addition...
0.082 seconds, parsimony score: 780 (based on 381 sites)
Generating 1000 samples for ultrafast bootstrap (seed: 658616)...

NOTE: 26 MB RAM (0 GB) is required!
Estimate model parameters (epsilon = 0.100)
1. Initial log-likelihood: -6582.424
2. Current log-likelihood: -6560.441
3. Current log-likelihood: -6558.890
4. Current log-likelihood: -6558.715
Optimal log-likelihood: -6558.655
Gamma shape alpha: 0.721
Parameters optimization took 4 rounds (0.382 sec)
Wrote distance file to... 
Computing ML distances based on estimated model parameters...
Calculating distance matrix: done in 0.133735 secs using 796.7% CPU
Computing ML distances took 0.133852 sec (of wall-clock time) 1.065601 sec (of CPU time)
Setting up auxiliary I and S matrices: done in 0.000500399 secs using 266.4% CPU
Constructing RapidNJ tree: done in 0.136631 secs using 101.9% CPU
Computing RapidNJ tree took 0.137185 sec (of wall-clock time) 0.140730 sec (of CPU time)
Log-likelihood of RapidNJ tree: -6644.766
--------------------------------------------------------------------
|             INITIALIZING CANDIDATE TREE SET                      |
--------------------------------------------------------------------
Generating 98 parsimony trees... 0.321 second
Computing log-likelihood of 98 initial trees ... 2.557 seconds
Current best score: -6544.867

Do NNI search on 20 best initial trees
Optimizing NNI: done in 0.855747 secs using 794.3% CPU
Estimate model parameters (epsilon = 0.100)
BETTER TREE FOUND at iteration 1: -6528.693
Optimizing NNI: done in 0.902163 secs using 794.8% CPU
Optimizing NNI: done in 0.713438 secs using 793.6% CPU
Optimizing NNI: done in 0.854837 secs using 794.1% CPU
Optimizing NNI: done in 0.966891 secs using 793.4% CPU
Optimizing NNI: done in 0.864399 secs using 794.2% CPU
Optimizing NNI: done in 1.22378 secs using 794.2% CPU
Optimizing NNI: done in 0.801837 secs using 795.9% CPU
Optimizing NNI: done in 1.18221 secs using 794.9% CPU
Estimate model parameters (epsilon = 0.100)
BETTER TREE FOUND at iteration 9: -6525.827
Optimizing NNI: done in 0.910842 secs using 794.5% CPU
Iteration 10 / LogL: -6543.730 / Time: 0h:0m:13s
Optimizing NNI: done in 0.646936 secs using 795.2% CPU
Optimizing NNI: done in 0.944798 secs using 793.6% CPU
Optimizing NNI: done in 0.997816 secs using 795.1% CPU
Optimizing NNI: done in 1.02734 secs using 794.1% CPU
Optimizing NNI: done in 0.898472 secs using 794.6% CPU
Optimizing NNI: done in 1.12037 secs using 795.4% CPU
Optimizing NNI: done in 0.738728 secs using 793.4% CPU
Optimizing NNI: done in 0.955346 secs using 794% CPU
Optimizing NNI: done in 0.764968 secs using 795% CPU
Optimizing NNI: done in 0.841067 secs using 794.1% CPU
Iteration 20 / LogL: -6534.054 / Time: 0h:0m:22s
Finish initializing candidate tree set (20)
Current best tree score: -6525.827 / CPU time: 21.313
Number of iterations: 20
--------------------------------------------------------------------
|               OPTIMIZING CANDIDATE TREE SET                      |
--------------------------------------------------------------------
Optimizing NNI: done in 1.01074 secs using 795% CPU
Optimizing NNI: done in 0.947945 secs using 794.9% CPU
Estimate model parameters (epsilon = 0.100)
BETTER TREE FOUND at iteration 22: -6525.032
Optimizing NNI: done in 0.955334 secs using 793.7% CPU
Estimate model parameters (epsilon = 0.100)
BETTER TREE FOUND at iteration 23: -6512.851
Optimizing NNI: done in 1.02836 secs using 795.2% CPU
Optimizing NNI: done in 0.876384 secs using 793.3% CPU
Optimizing NNI: done in 0.973487 secs using 794.9% CPU
Optimizing NNI: done in 0.766096 secs using 794.1% CPU
Optimizing NNI: done in 0.936186 secs using 795% CPU
Optimizing NNI: done in 1.23818 secs using 795% CPU
Optimizing NNI: done in 1.28876 secs using 793.1% CPU
Iteration 30 / LogL: -6525.871 / Time: 0h:0m:33s (0h:1m:46s left)
Optimizing NNI: done in 0.747309 secs using 793.5% CPU
Optimizing NNI: done in 0.733935 secs using 795.2% CPU
Optimizing NNI: done in 0.861172 secs using 794.9% CPU
Optimizing NNI: done in 0.750876 secs using 794.7% CPU
Optimizing NNI: done in 1.10685 secs using 794.9% CPU
Optimizing NNI: done in 0.684606 secs using 793.3% CPU
Optimizing NNI: done in 0.704685 secs using 794.5% CPU
Optimizing NNI: done in 1.04741 secs using 794.7% CPU
Optimizing NNI: done in 0.804015 secs using 795.2% CPU
Optimizing NNI: done in 1.14661 secs using 793.6% CPU
Estimate model parameters (epsilon = 0.100)
BETTER TREE FOUND at iteration 40: -6512.075
Iteration 40 / LogL: -6512.075 / Time: 0h:0m:41s (0h:1m:47s left)
Optimizing NNI: done in 0.886586 secs using 794.5% CPU
Optimizing NNI: done in 0.845045 secs using 794.5% CPU
Optimizing NNI: done in 1.18674 secs using 794.5% CPU
Optimizing NNI: done in 0.744835 secs using 795% CPU
Optimizing NNI: done in 1.22991 secs using 794.4% CPU
Optimizing NNI: done in 1.13679 secs using 794.1% CPU
Optimizing NNI: done in 0.99607 secs using 795.1% CPU
Optimizing NNI: done in 0.673117 secs using 794.3% CPU
Optimizing NNI: done in 1.07689 secs using 795.2% CPU
Estimate model parameters (epsilon = 0.100)
BETTER TREE FOUND at iteration 49: -6511.888
Optimizing NNI: done in 1.42646 secs using 793.8% CPU
Iteration 50 / LogL: -6518.724 / Time: 0h:0m:52s (0h:1m:45s left)
Log-likelihood cutoff on original alignment: -6585.706
Optimizing NNI: done in 0.669267 secs using 792.5% CPU
Optimizing NNI: done in 0.732995 secs using 795.1% CPU
Optimizing NNI: done in 1.16459 secs using 794.5% CPU
Optimizing NNI: done in 1.07142 secs using 794.9% CPU
Optimizing NNI: done in 0.637936 secs using 795.1% CPU
Optimizing NNI: done in 1.23923 secs using 794.3% CPU
Optimizing NNI: done in 0.639241 secs using 796.2% CPU
Optimizing NNI: done in 0.886614 secs using 794.8% CPU
Optimizing NNI: done in 0.657099 secs using 794.4% CPU
BETTER TREE FOUND at iteration 59: -6511.884
Optimizing NNI: done in 0.864798 secs using 794.2% CPU
Iteration 60 / LogL: -6513.866 / Time: 0h:1m:1s (0h:1m:42s left)
Optimizing NNI: done in 1.04204 secs using 795% CPU
Optimizing NNI: done in 1.12976 secs using 794.8% CPU
Optimizing NNI: done in 1.01425 secs using 794.3% CPU
Estimate model parameters (epsilon = 0.100)
BETTER TREE FOUND at iteration 63: -6511.305
Optimizing NNI: done in 1.31106 secs using 794.2% CPU
Optimizing NNI: done in 0.748122 secs using 793.6% CPU
Optimizing NNI: done in 0.859316 secs using 795.7% CPU
Optimizing NNI: done in 0.807165 secs using 796.1% CPU
Optimizing NNI: done in 0.419306 secs using 794.1% CPU
Optimizing NNI: done in 0.695065 secs using 794.3% CPU
Optimizing NNI: done in 1.57071 secs using 794.5% CPU
Iteration 70 / LogL: -6519.156 / Time: 0h:1m:10s (0h:1m:35s left)
Optimizing NNI: done in 0.98184 secs using 794.2% CPU
Optimizing NNI: done in 0.830385 secs using 795.8% CPU
Optimizing NNI: done in 0.748006 secs using 795.5% CPU
Optimizing NNI: done in 1.04205 secs using 794.2% CPU
Optimizing NNI: done in 0.883432 secs using 793.9% CPU
Optimizing NNI: done in 0.715626 secs using 795.2% CPU
Optimizing NNI: done in 0.971576 secs using 793.2% CPU
Optimizing NNI: done in 0.735546 secs using 794.4% CPU
Optimizing NNI: done in 0.83038 secs using 794.4% CPU
Optimizing NNI: done in 0.959918 secs using 793.9% CPU
Iteration 80 / LogL: -6526.725 / Time: 0h:1m:19s (0h:1m:23s left)
Optimizing NNI: done in 1.06771 secs using 794.7% CPU
Optimizing NNI: done in 1.097 secs using 794.8% CPU
Optimizing NNI: done in 1.23846 secs using 794.9% CPU
Optimizing NNI: done in 1.07984 secs using 795.2% CPU
Optimizing NNI: done in 1.00158 secs using 793.6% CPU
Optimizing NNI: done in 0.67418 secs using 795.4% CPU
Optimizing NNI: done in 0.734282 secs using 794.8% CPU
Optimizing NNI: done in 0.904815 secs using 794.7% CPU
Optimizing NNI: done in 1.12506 secs using 794.1% CPU
Estimate model parameters (epsilon = 0.100)
BETTER TREE FOUND at iteration 89: -6510.818
Optimizing NNI: done in 0.693382 secs using 794.3% CPU
Iteration 90 / LogL: -6528.505 / Time: 0h:1m:29s (0h:1m:39s left)
Optimizing NNI: done in 1.31652 secs using 794.4% CPU
Optimizing NNI: done in 1.18683 secs using 793.8% CPU
Optimizing NNI: done in 1.20656 secs using 794.5% CPU
Optimizing NNI: done in 0.963413 secs using 794% CPU
Optimizing NNI: done in 0.881963 secs using 794.6% CPU
Optimizing NNI: done in 1.02756 secs using 794.1% CPU
Optimizing NNI: done in 0.942144 secs using 794.9% CPU
Optimizing NNI: done in 0.933934 secs using 795% CPU
Optimizing NNI: done in 0.861447 secs using 794.8% CPU
Optimizing NNI: done in 0.758582 secs using 795% CPU
Iteration 100 / LogL: -6520.442 / Time: 0h:1m:39s (0h:1m:29s left)
Log-likelihood cutoff on original alignment: -6585.706
NOTE: Bootstrap correlation coefficient of split occurrence frequencies: 0.995
Optimizing NNI: done in 0.771732 secs using 794.5% CPU
Optimizing NNI: done in 0.817365 secs using 794.5% CPU
Optimizing NNI: done in 0.68312 secs using 795.5% CPU
Optimizing NNI: done in 0.773662 secs using 794.7% CPU
Optimizing NNI: done in 0.937332 secs using 794.2% CPU
Optimizing NNI: done in 1.12463 secs using 795.3% CPU
Optimizing NNI: done in 1.03504 secs using 794.4% CPU
Optimizing NNI: done in 1.09504 secs using 795% CPU
Optimizing NNI: done in 0.548724 secs using 795.7% CPU
Optimizing NNI: done in 0.928611 secs using 794.3% CPU
Iteration 110 / LogL: -6515.254 / Time: 0h:1m:48s (0h:1m:29s left)
Optimizing NNI: done in 0.685406 secs using 795.2% CPU
Optimizing NNI: done in 1.08628 secs using 795.2% CPU
Optimizing NNI: done in 0.786147 secs using 795.4% CPU
Optimizing NNI: done in 0.678349 secs using 796.1% CPU
Optimizing NNI: done in 0.824631 secs using 795.2% CPU
Optimizing NNI: done in 0.802767 secs using 794.5% CPU
Optimizing NNI: done in 0.910127 secs using 795.1% CPU
Optimizing NNI: done in 0.989796 secs using 794% CPU
Optimizing NNI: done in 0.646902 secs using 794.6% CPU
Optimizing NNI: done in 0.798688 secs using 794.9% CPU
Iteration 120 / LogL: -6510.818 / Time: 0h:1m:57s (0h:1m:18s left)
Optimizing NNI: done in 1.21606 secs using 795% CPU
Optimizing NNI: done in 0.995438 secs using 795.4% CPU
Optimizing NNI: done in 0.786412 secs using 795% CPU
Optimizing NNI: done in 0.823605 secs using 795.2% CPU
Optimizing NNI: done in 1.23562 secs using 794.2% CPU
BETTER TREE FOUND at iteration 125: -6510.817
Optimizing NNI: done in 0.963756 secs using 794% CPU
Optimizing NNI: done in 1.23556 secs using 795.3% CPU
Optimizing NNI: done in 0.648208 secs using 793.9% CPU
Optimizing NNI: done in 0.926442 secs using 793.5% CPU
Optimizing NNI: done in 0.777355 secs using 796.2% CPU
Iteration 130 / LogL: -6511.395 / Time: 0h:2m:7s (0h:1m:33s left)
Optimizing NNI: done in 1.14445 secs using 794% CPU
Optimizing NNI: done in 1.13863 secs using 794.9% CPU
Optimizing NNI: done in 0.896363 secs using 794.4% CPU
Optimizing NNI: done in 0.996413 secs using 795.4% CPU
Optimizing NNI: done in 1.61654 secs using 795% CPU
Optimizing NNI: done in 1.06964 secs using 795.6% CPU
Optimizing NNI: done in 1.0876 secs using 794.6% CPU
Optimizing NNI: done in 0.694739 secs using 794.4% CPU
Optimizing NNI: done in 0.893546 secs using 795.3% CPU
Optimizing NNI: done in 0.794873 secs using 794.6% CPU
Iteration 140 / LogL: -7553.909 / Time: 0h:2m:17s (0h:1m:24s left)
Optimizing NNI: done in 0.888464 secs using 794.3% CPU
Optimizing NNI: done in 0.913014 secs using 795.2% CPU
Optimizing NNI: done in 0.898694 secs using 793.9% CPU
Optimizing NNI: done in 0.685792 secs using 793.4% CPU
BETTER TREE FOUND at iteration 144: -6510.817
Optimizing NNI: done in 0.683372 secs using 796.1% CPU
Optimizing NNI: done in 0.70487 secs using 794.8% CPU
Optimizing NNI: done in 0.710606 secs using 795% CPU
Optimizing NNI: done in 1.3507 secs using 795% CPU
Optimizing NNI: done in 0.798347 secs using 795.9% CPU
Optimizing NNI: done in 0.661414 secs using 795.5% CPU
Iteration 150 / LogL: -6543.897 / Time: 0h:2m:26s (0h:1m:32s left)
Log-likelihood cutoff on original alignment: -6585.706
Optimizing NNI: done in 0.792306 secs using 795.1% CPU
Optimizing NNI: done in 0.794737 secs using 795.6% CPU
Optimizing NNI: done in 0.793834 secs using 794.9% CPU
Optimizing NNI: done in 0.778555 secs using 795.2% CPU
Optimizing NNI: done in 0.800162 secs using 795.3% CPU
Optimizing NNI: done in 0.772455 secs using 795.1% CPU
Optimizing NNI: done in 0.650268 secs using 795.2% CPU
Optimizing NNI: done in 1.19776 secs using 794.3% CPU
Optimizing NNI: done in 1.06636 secs using 795.3% CPU
Optimizing NNI: done in 0.843831 secs using 795.3% CPU
Iteration 160 / LogL: -6511.278 / Time: 0h:2m:35s (0h:1m:21s left)
Optimizing NNI: done in 0.823363 secs using 794.8% CPU
Optimizing NNI: done in 1.27757 secs using 795.2% CPU
Optimizing NNI: done in 1.10204 secs using 794.4% CPU
Optimizing NNI: done in 1.1256 secs using 795.3% CPU
Optimizing NNI: done in 0.72099 secs using 793.7% CPU
Optimizing NNI: done in 0.948914 secs using 794.9% CPU
Optimizing NNI: done in 1.07497 secs using 794.6% CPU
Optimizing NNI: done in 0.999923 secs using 795% CPU
Optimizing NNI: done in 1.15026 secs using 794.2% CPU
Optimizing NNI: done in 0.671819 secs using 794.4% CPU
Iteration 170 / LogL: -6510.818 / Time: 0h:2m:45s (0h:1m:12s left)
Optimizing NNI: done in 0.616076 secs using 796% CPU
Optimizing NNI: done in 0.722885 secs using 794.3% CPU
Optimizing NNI: done in 0.839867 secs using 794.9% CPU
Optimizing NNI: done in 0.97345 secs using 795.4% CPU
Optimizing NNI: done in 0.626185 secs using 794.3% CPU
Optimizing NNI: done in 1.11087 secs using 794.7% CPU
Optimizing NNI: done in 1.06194 secs using 794.2% CPU
Optimizing NNI: done in 1.06817 secs using 795.3% CPU
Optimizing NNI: done in 0.870758 secs using 795.1% CPU
Optimizing NNI: done in 0.8126 secs using 795% CPU
Iteration 180 / LogL: -6511.895 / Time: 0h:2m:54s (0h:1m:2s left)
Optimizing NNI: done in 0.97923 secs using 795.6% CPU
Optimizing NNI: done in 0.906612 secs using 794.4% CPU
Optimizing NNI: done in 0.773932 secs using 794.6% CPU
Optimizing NNI: done in 1.05596 secs using 794.5% CPU
Optimizing NNI: done in 1.14637 secs using 794.5% CPU
Optimizing NNI: done in 0.737569 secs using 794.7% CPU
Optimizing NNI: done in 1.15159 secs using 793.7% CPU
Optimizing NNI: done in 0.864461 secs using 795.6% CPU
Optimizing NNI: done in 0.857047 secs using 794.8% CPU
Optimizing NNI: done in 0.852894 secs using 795.5% CPU
Iteration 190 / LogL: -6510.818 / Time: 0h:3m:3s (0h:0m:52s left)
Optimizing NNI: done in 1.19467 secs using 794.6% CPU
Optimizing NNI: done in 0.920911 secs using 793.9% CPU
Optimizing NNI: done in 0.663538 secs using 795.8% CPU
Optimizing NNI: done in 0.832914 secs using 794.2% CPU
Optimizing NNI: done in 1.13612 secs using 794.8% CPU
Optimizing NNI: done in 1.04737 secs using 795.2% CPU
Optimizing NNI: done in 1.16086 secs using 794.4% CPU
Optimizing NNI: done in 0.900585 secs using 794% CPU
Optimizing NNI: done in 0.938855 secs using 794.9% CPU
Optimizing NNI: done in 1.03608 secs using 794.4% CPU
Iteration 200 / LogL: -6510.818 / Time: 0h:3m:13s (0h:0m:42s left)
Log-likelihood cutoff on original alignment: -6585.706
NOTE: Bootstrap correlation coefficient of split occurrence frequencies: 0.995
Optimizing NNI: done in 1.11645 secs using 795.1% CPU
Optimizing NNI: done in 1.17724 secs using 795% CPU
Optimizing NNI: done in 0.820527 secs using 795.6% CPU
Optimizing NNI: done in 0.679791 secs using 795.5% CPU
Optimizing NNI: done in 0.868343 secs using 794.3% CPU
Optimizing NNI: done in 0.814542 secs using 794.1% CPU
Optimizing NNI: done in 0.849538 secs using 793.9% CPU
Optimizing NNI: done in 0.83596 secs using 794% CPU
Optimizing NNI: done in 1.08944 secs using 794.3% CPU
Optimizing NNI: done in 0.85522 secs using 794.8% CPU
Iteration 210 / LogL: -6510.819 / Time: 0h:3m:23s (0h:1m:27s left)
Optimizing NNI: done in 1.28401 secs using 795.4% CPU
Optimizing NNI: done in 0.7118 secs using 793.4% CPU
Optimizing NNI: done in 1.21228 secs using 794.7% CPU
Optimizing NNI: done in 1.20779 secs using 794.8% CPU
Optimizing NNI: done in 1.26506 secs using 795% CPU
Optimizing NNI: done in 1.13043 secs using 796% CPU
Optimizing NNI: done in 0.828934 secs using 794.5% CPU
Optimizing NNI: done in 0.552093 secs using 795.4% CPU
Optimizing NNI: done in 1.12027 secs using 794.6% CPU
Optimizing NNI: done in 0.935283 secs using 795.2% CPU
Iteration 220 / LogL: -6513.493 / Time: 0h:3m:33s (0h:1m:18s left)
Optimizing NNI: done in 1.0983 secs using 796.1% CPU
Optimizing NNI: done in 1.0273 secs using 794.9% CPU
BETTER TREE FOUND at iteration 222: -6510.816
Optimizing NNI: done in 1.08428 secs using 794.8% CPU
Optimizing NNI: done in 0.845038 secs using 795% CPU
Optimizing NNI: done in 0.756453 secs using 793.7% CPU
Optimizing NNI: done in 1.27109 secs using 795.1% CPU
Optimizing NNI: done in 0.560834 secs using 795.6% CPU
Optimizing NNI: done in 0.951457 secs using 795.4% CPU
Optimizing NNI: done in 1.06903 secs using 794.4% CPU
Optimizing NNI: done in 0.657311 secs using 795% CPU
Iteration 230 / LogL: -6525.512 / Time: 0h:3m:43s (0h:1m:29s left)
Optimizing NNI: done in 0.866598 secs using 794% CPU
Optimizing NNI: done in 1.19219 secs using 794.8% CPU
Optimizing NNI: done in 0.844552 secs using 793.6% CPU
Optimizing NNI: done in 0.959961 secs using 795.3% CPU
Optimizing NNI: done in 0.876594 secs using 794.5% CPU
Optimizing NNI: done in 0.569672 secs using 795% CPU
Optimizing NNI: done in 0.562684 secs using 793% CPU
Optimizing NNI: done in 1.16835 secs using 795% CPU
Optimizing NNI: done in 0.686735 secs using 795.3% CPU
Optimizing NNI: done in 1.15531 secs using 795.1% CPU
Iteration 240 / LogL: -6554.862 / Time: 0h:3m:52s (0h:1m:19s left)
Optimizing NNI: done in 1.37083 secs using 794.5% CPU
Optimizing NNI: done in 1.16724 secs using 794.8% CPU
Optimizing NNI: done in 1.04462 secs using 794.3% CPU
Optimizing NNI: done in 0.804191 secs using 794.4% CPU
Optimizing NNI: done in 0.820894 secs using 795.4% CPU
Optimizing NNI: done in 0.69583 secs using 794.7% CPU
Optimizing NNI: done in 0.688099 secs using 795% CPU
Optimizing NNI: done in 0.920809 secs using 795.6% CPU
Optimizing NNI: done in 1.3543 secs using 794% CPU
Optimizing NNI: done in 0.65436 secs using 793.7% CPU
Iteration 250 / LogL: -6515.330 / Time: 0h:4m:2s (0h:1m:10s left)
Log-likelihood cutoff on original alignment: -6585.706
Optimizing NNI: done in 0.687692 secs using 795% CPU
Optimizing NNI: done in 0.809585 secs using 793.8% CPU
Optimizing NNI: done in 0.921003 secs using 795% CPU
Optimizing NNI: done in 1.12596 secs using 794.7% CPU
Optimizing NNI: done in 0.820701 secs using 794.8% CPU
Optimizing NNI: done in 1.23098 secs using 794.5% CPU
Optimizing NNI: done in 1.05818 secs using 794.2% CPU
Optimizing NNI: done in 0.853267 secs using 796.1% CPU
Optimizing NNI: done in 0.54502 secs using 794.8% CPU
Optimizing NNI: done in 1.09342 secs using 794.2% CPU
Iteration 260 / LogL: -6511.895 / Time: 0h:4m:12s (0h:1m:0s left)
Optimizing NNI: done in 0.652856 secs using 794.4% CPU
Optimizing NNI: done in 1.1417 secs using 795.2% CPU
Optimizing NNI: done in 1.21598 secs using 794.5% CPU
Optimizing NNI: done in 0.882219 secs using 794.2% CPU
Optimizing NNI: done in 0.762645 secs using 795.6% CPU
Optimizing NNI: done in 0.879293 secs using 794.2% CPU
Optimizing NNI: done in 0.999526 secs using 795.2% CPU
Optimizing NNI: done in 0.80188 secs using 794.9% CPU
Optimizing NNI: done in 0.718024 secs using 794.2% CPU
Optimizing NNI: done in 1.24809 secs using 795.4% CPU
Iteration 270 / LogL: -6550.221 / Time: 0h:4m:21s (0h:0m:50s left)
Optimizing NNI: done in 1.53682 secs using 794.8% CPU
Optimizing NNI: done in 1.12476 secs using 793.8% CPU
Optimizing NNI: done in 1.1147 secs using 794.8% CPU
Optimizing NNI: done in 0.768702 secs using 794.9% CPU
Optimizing NNI: done in 0.870962 secs using 794.7% CPU
Optimizing NNI: done in 0.663009 secs using 793.5% CPU
Optimizing NNI: done in 0.685176 secs using 795.4% CPU
Optimizing NNI: done in 0.775304 secs using 794.7% CPU
Optimizing NNI: done in 0.69279 secs using 795.1% CPU
Optimizing NNI: done in 0.820814 secs using 795% CPU
Iteration 280 / LogL: -6516.198 / Time: 0h:4m:31s (0h:0m:40s left)
Optimizing NNI: done in 0.924647 secs using 795.6% CPU
Optimizing NNI: done in 0.781237 secs using 794.6% CPU
Optimizing NNI: done in 0.934492 secs using 795.9% CPU
BETTER TREE FOUND at iteration 283: -6510.816
Optimizing NNI: done in 1.16261 secs using 794.3% CPU
Optimizing NNI: done in 0.958001 secs using 794.6% CPU
Optimizing NNI: done in 0.764966 secs using 794.1% CPU
Optimizing NNI: done in 1.11313 secs using 794.6% CPU
Optimizing NNI: done in 0.757395 secs using 794.6% CPU
Optimizing NNI: done in 1.37264 secs using 795.3% CPU
Optimizing NNI: done in 1.13482 secs using 794.1% CPU
Iteration 290 / LogL: -6549.168 / Time: 0h:4m:41s (0h:1m:30s left)
Optimizing NNI: done in 1.20797 secs using 795.1% CPU
Optimizing NNI: done in 1.16635 secs using 794.4% CPU
Optimizing NNI: done in 0.887256 secs using 796% CPU
Optimizing NNI: done in 0.712289 secs using 794.9% CPU
Optimizing NNI: done in 0.857089 secs using 794.7% CPU
Optimizing NNI: done in 1.08218 secs using 794.9% CPU
Optimizing NNI: done in 0.543861 secs using 795.2% CPU
Optimizing NNI: done in 0.786955 secs using 794.6% CPU
Optimizing NNI: done in 0.9553 secs using 794.9% CPU
Optimizing NNI: done in 0.581596 secs using 795.8% CPU
Iteration 300 / LogL: -6510.818 / Time: 0h:4m:50s (0h:1m:20s left)
Log-likelihood cutoff on original alignment: -6585.706
NOTE: Bootstrap correlation coefficient of split occurrence frequencies: 0.995
Optimizing NNI: done in 0.689847 secs using 794.3% CPU
Optimizing NNI: done in 0.828891 secs using 795.6% CPU
Optimizing NNI: done in 0.848765 secs using 794.8% CPU
Optimizing NNI: done in 0.683981 secs using 795.2% CPU
Optimizing NNI: done in 0.709256 secs using 796.2% CPU
Optimizing NNI: done in 1.04458 secs using 794.9% CPU
BETTER TREE FOUND at iteration 306: -6510.815
Optimizing NNI: done in 0.663476 secs using 795.3% CPU
Optimizing NNI: done in 1.21563 secs using 794.8% CPU
Optimizing NNI: done in 0.924369 secs using 795.1% CPU
Optimizing NNI: done in 0.916115 secs using 794.5% CPU
Iteration 310 / LogL: -6516.421 / Time: 0h:4m:59s (0h:1m:33s left)
Optimizing NNI: done in 0.865621 secs using 794.6% CPU
Optimizing NNI: done in 0.917351 secs using 794.5% CPU
Optimizing NNI: done in 0.932716 secs using 794.3% CPU
Optimizing NNI: done in 1.14337 secs using 794.6% CPU
Optimizing NNI: done in 1.0984 secs using 793.7% CPU
Optimizing NNI: done in 0.706525 secs using 796% CPU
Estimate model parameters (epsilon = 0.100)
BETTER TREE FOUND at iteration 316: -6510.767
Optimizing NNI: done in 0.972503 secs using 795.2% CPU
Optimizing NNI: done in 0.782798 secs using 794.6% CPU
Optimizing NNI: done in 0.774741 secs using 794.2% CPU
Optimizing NNI: done in 0.749804 secs using 794.8% CPU
Iteration 320 / LogL: -6511.895 / Time: 0h:5m:9s (0h:1m:33s left)
Optimizing NNI: done in 0.786496 secs using 794.7% CPU
Optimizing NNI: done in 0.681813 secs using 794.3% CPU
Optimizing NNI: done in 0.546771 secs using 795.2% CPU
Optimizing NNI: done in 0.666121 secs using 794.8% CPU
Optimizing NNI: done in 0.708766 secs using 795% CPU
Optimizing NNI: done in 1.10727 secs using 794.6% CPU
Optimizing NNI: done in 0.851357 secs using 795.5% CPU
Optimizing NNI: done in 0.692735 secs using 794.6% CPU
Optimizing NNI: done in 0.799738 secs using 793.9% CPU
Optimizing NNI: done in 0.809754 secs using 794.8% CPU
Iteration 330 / LogL: -6549.106 / Time: 0h:5m:17s (0h:1m:22s left)
Optimizing NNI: done in 0.835763 secs using 794.7% CPU
Optimizing NNI: done in 1.12238 secs using 794.3% CPU
Optimizing NNI: done in 0.685468 secs using 794.2% CPU
Optimizing NNI: done in 0.853545 secs using 795.2% CPU
Optimizing NNI: done in 1.01316 secs using 794.7% CPU
Optimizing NNI: done in 1.3341 secs using 794.3% CPU
Optimizing NNI: done in 0.771575 secs using 795% CPU
Optimizing NNI: done in 0.933135 secs using 794.2% CPU
Optimizing NNI: done in 0.676139 secs using 794.3% CPU
Optimizing NNI: done in 0.785678 secs using 795.1% CPU
Iteration 340 / LogL: -6516.944 / Time: 0h:5m:26s (0h:1m:13s left)
Optimizing NNI: done in 0.406111 secs using 793.8% CPU
Optimizing NNI: done in 0.793463 secs using 794.7% CPU
Optimizing NNI: done in 0.799443 secs using 794.9% CPU
Optimizing NNI: done in 0.829085 secs using 794.1% CPU
Optimizing NNI: done in 1.22593 secs using 794.7% CPU
Optimizing NNI: done in 0.769113 secs using 794.1% CPU
Optimizing NNI: done in 0.970254 secs using 794.2% CPU
Optimizing NNI: done in 1.17309 secs using 793.8% CPU
Optimizing NNI: done in 1.28416 secs using 794.1% CPU
Optimizing NNI: done in 0.56026 secs using 795.9% CPU
Iteration 350 / LogL: -6510.771 / Time: 0h:5m:35s (0h:1m:3s left)
Log-likelihood cutoff on original alignment: -6585.706
Optimizing NNI: done in 0.897678 secs using 795.5% CPU
Optimizing NNI: done in 0.904174 secs using 794.7% CPU
Optimizing NNI: done in 0.844494 secs using 794.6% CPU
Optimizing NNI: done in 0.671252 secs using 795.6% CPU
Optimizing NNI: done in 0.663109 secs using 795% CPU
Optimizing NNI: done in 0.669966 secs using 795.8% CPU
Optimizing NNI: done in 0.67673 secs using 794.7% CPU
Optimizing NNI: done in 0.851975 secs using 795.1% CPU
Optimizing NNI: done in 0.982084 secs using 795.8% CPU
Estimate model parameters (epsilon = 0.100)
BETTER TREE FOUND at iteration 359: -6508.998
Optimizing NNI: done in 0.868532 secs using 795.2% CPU
Iteration 360 / LogL: -6510.770 / Time: 0h:5m:44s (0h:1m:34s left)
Optimizing NNI: done in 0.800808 secs using 794.4% CPU
Optimizing NNI: done in 0.680466 secs using 794.6% CPU
Optimizing NNI: done in 1.44445 secs using 794.9% CPU
Optimizing NNI: done in 0.794142 secs using 794.6% CPU
Optimizing NNI: done in 0.868944 secs using 795.2% CPU
Optimizing NNI: done in 0.98594 secs using 795.1% CPU
Optimizing NNI: done in 0.667872 secs using 794.6% CPU
Optimizing NNI: done in 0.976905 secs using 794.4% CPU
Optimizing NNI: done in 1.05931 secs using 794.4% CPU
Optimizing NNI: done in 0.883128 secs using 794.2% CPU
Iteration 370 / LogL: -6510.768 / Time: 0h:5m:54s (0h:1m:25s left)
Optimizing NNI: done in 1.03316 secs using 794.5% CPU
Optimizing NNI: done in 1.46498 secs using 794.7% CPU
Optimizing NNI: done in 0.691027 secs using 795.1% CPU
Optimizing NNI: done in 0.816778 secs using 793.4% CPU
Optimizing NNI: done in 1.05083 secs using 794.1% CPU
Optimizing NNI: done in 0.778394 secs using 793.8% CPU
Optimizing NNI: done in 0.781656 secs using 795.4% CPU
Optimizing NNI: done in 0.788757 secs using 795.3% CPU
Optimizing NNI: done in 1.07834 secs using 795.2% CPU
Optimizing NNI: done in 0.895474 secs using 795.3% CPU
Iteration 380 / LogL: -6518.939 / Time: 0h:6m:4s (0h:1m:15s left)
Optimizing NNI: done in 0.825463 secs using 795.8% CPU
Optimizing NNI: done in 1.10746 secs using 794% CPU
Optimizing NNI: done in 0.580875 secs using 794.8% CPU
Optimizing NNI: done in 0.679576 secs using 795.3% CPU
Optimizing NNI: done in 0.76012 secs using 794.6% CPU
Optimizing NNI: done in 0.769696 secs using 795% CPU
Optimizing NNI: done in 1.21449 secs using 794.2% CPU
Optimizing NNI: done in 0.848427 secs using 794.4% CPU
Optimizing NNI: done in 0.698308 secs using 795.2% CPU
Optimizing NNI: done in 0.823961 secs using 794.1% CPU
BETTER TREE FOUND at iteration 390: -6508.998
Iteration 390 / LogL: -6508.998 / Time: 0h:6m:12s (0h:1m:35s left)
Optimizing NNI: done in 0.989026 secs using 793.9% CPU
Optimizing NNI: done in 0.675033 secs using 794.7% CPU
Optimizing NNI: done in 0.734149 secs using 793.2% CPU
Optimizing NNI: done in 1.09694 secs using 794% CPU
Optimizing NNI: done in 0.899793 secs using 793.6% CPU
Optimizing NNI: done in 0.978455 secs using 794.7% CPU
Optimizing NNI: done in 1.04678 secs using 793.7% CPU
Optimizing NNI: done in 0.617581 secs using 795.1% CPU
Optimizing NNI: done in 0.878878 secs using 794.6% CPU
Optimizing NNI: done in 0.677506 secs using 794.7% CPU
Iteration 400 / LogL: -6514.855 / Time: 0h:6m:21s (0h:1m:26s left)
Log-likelihood cutoff on original alignment: -6585.706
NOTE: Bootstrap correlation coefficient of split occurrence frequencies: 0.993
Optimizing NNI: done in 1.26764 secs using 795.4% CPU
Optimizing NNI: done in 0.651727 secs using 794.1% CPU
Optimizing NNI: done in 0.691994 secs using 794.3% CPU
Optimizing NNI: done in 0.67972 secs using 793.6% CPU
Optimizing NNI: done in 0.647491 secs using 792.9% CPU
Optimizing NNI: done in 0.814512 secs using 795% CPU
Optimizing NNI: done in 0.980508 secs using 794.3% CPU
Optimizing NNI: done in 0.758637 secs using 796% CPU
Optimizing NNI: done in 0.945568 secs using 795.1% CPU
Optimizing NNI: done in 0.949275 secs using 795.1% CPU
Iteration 410 / LogL: -6511.898 / Time: 0h:6m:30s (0h:1m:26s left)
Optimizing NNI: done in 1.05026 secs using 794.6% CPU
Optimizing NNI: done in 0.909624 secs using 794.5% CPU
Optimizing NNI: done in 1.01427 secs using 795.4% CPU
Optimizing NNI: done in 1.02177 secs using 795.4% CPU
Optimizing NNI: done in 0.985654 secs using 794.1% CPU
Optimizing NNI: done in 0.994698 secs using 794.8% CPU
Optimizing NNI: done in 1.02048 secs using 794.3% CPU
Optimizing NNI: done in 0.945783 secs using 795.5% CPU
Optimizing NNI: done in 0.779012 secs using 795.2% CPU
Optimizing NNI: done in 0.695369 secs using 795.7% CPU
Iteration 420 / LogL: -6513.460 / Time: 0h:6m:40s (0h:1m:16s left)
Optimizing NNI: done in 0.73518 secs using 793.9% CPU
Optimizing NNI: done in 1.08487 secs using 793.4% CPU
Optimizing NNI: done in 0.928952 secs using 794.8% CPU
Optimizing NNI: done in 0.676892 secs using 793.9% CPU
Optimizing NNI: done in 1.06995 secs using 794.3% CPU
Optimizing NNI: done in 1.08292 secs using 794.5% CPU
Optimizing NNI: done in 0.765065 secs using 794.8% CPU
Optimizing NNI: done in 1.28705 secs using 794.4% CPU
BETTER TREE FOUND at iteration 428: -6508.997
Optimizing NNI: done in 0.693004 secs using 795.2% CPU
Optimizing NNI: done in 1.23366 secs using 795.6% CPU
Iteration 430 / LogL: -6509.650 / Time: 0h:6m:50s (0h:1m:33s left)
Optimizing NNI: done in 0.76129 secs using 794.7% CPU
Optimizing NNI: done in 0.966728 secs using 795.8% CPU
BETTER TREE FOUND at iteration 432: -6508.996
Optimizing NNI: done in 0.793542 secs using 794.7% CPU
Optimizing NNI: done in 0.84093 secs using 795.3% CPU
Optimizing NNI: done in 1.10255 secs using 793.2% CPU
Optimizing NNI: done in 0.94044 secs using 793.7% CPU
Optimizing NNI: done in 0.772055 secs using 794.9% CPU
Optimizing NNI: done in 0.77927 secs using 794.5% CPU
Optimizing NNI: done in 1.15427 secs using 794.6% CPU
Optimizing NNI: done in 1.34669 secs using 794.4% CPU
Iteration 440 / LogL: -6510.433 / Time: 0h:7m:0s (0h:1m:28s left)
Optimizing NNI: done in 0.820902 secs using 794.8% CPU
Optimizing NNI: done in 0.736944 secs using 794.3% CPU
Optimizing NNI: done in 0.925332 secs using 794.8% CPU
Optimizing NNI: done in 0.97319 secs using 794.2% CPU
Optimizing NNI: done in 0.910227 secs using 794% CPU
Optimizing NNI: done in 0.906682 secs using 791.8% CPU
Optimizing NNI: done in 1.20388 secs using 793.2% CPU
Optimizing NNI: done in 0.795917 secs using 793.6% CPU
Optimizing NNI: done in 0.975962 secs using 793.2% CPU
Optimizing NNI: done in 1.35379 secs using 793.5% CPU
Iteration 450 / LogL: -6510.026 / Time: 0h:7m:11s (0h:1m:18s left)
Log-likelihood cutoff on original alignment: -6585.706
Optimizing NNI: done in 0.563673 secs using 792.4% CPU
Optimizing NNI: done in 1.18925 secs using 792.7% CPU
Optimizing NNI: done in 0.989203 secs using 792.9% CPU
Optimizing NNI: done in 0.793945 secs using 793% CPU
Optimizing NNI: done in 0.828176 secs using 793.4% CPU
Optimizing NNI: done in 0.902791 secs using 793% CPU
Optimizing NNI: done in 0.834976 secs using 793.4% CPU
Optimizing NNI: done in 0.693749 secs using 793.3% CPU
Optimizing NNI: done in 0.789367 secs using 793.5% CPU
Optimizing NNI: done in 1.14878 secs using 793% CPU
Iteration 460 / LogL: -6543.925 / Time: 0h:7m:20s (0h:1m:9s left)
Optimizing NNI: done in 0.976844 secs using 792.7% CPU
Optimizing NNI: done in 0.716686 secs using 791.8% CPU
Optimizing NNI: done in 0.811796 secs using 793.2% CPU
Optimizing NNI: done in 1.12375 secs using 792.8% CPU
Optimizing NNI: done in 0.804914 secs using 792.8% CPU
Optimizing NNI: done in 0.904774 secs using 791.8% CPU
Optimizing NNI: done in 0.832672 secs using 792.6% CPU
Optimizing NNI: done in 0.847751 secs using 792.6% CPU
Optimizing NNI: done in 0.91542 secs using 792.5% CPU
Optimizing NNI: done in 1.16676 secs using 792.7% CPU
Iteration 470 / LogL: -6510.081 / Time: 0h:7m:30s (0h:0m:59s left)
Optimizing NNI: done in 0.667728 secs using 793.5% CPU
Optimizing NNI: done in 1.26229 secs using 792.6% CPU
Optimizing NNI: done in 1.06587 secs using 792.1% CPU
Optimizing NNI: done in 1.28796 secs using 792.6% CPU
Optimizing NNI: done in 0.870274 secs using 792.8% CPU
Optimizing NNI: done in 0.707384 secs using 793.9% CPU
Optimizing NNI: done in 1.09903 secs using 792.3% CPU
Optimizing NNI: done in 0.787463 secs using 793.1% CPU
Optimizing NNI: done in 0.660409 secs using 793% CPU
Optimizing NNI: done in 1.14925 secs using 792.8% CPU
Iteration 480 / LogL: -6510.586 / Time: 0h:7m:40s (0h:0m:49s left)
Optimizing NNI: done in 0.897718 secs using 793.4% CPU
Optimizing NNI: done in 0.825611 secs using 792.8% CPU
Optimizing NNI: done in 0.711321 secs using 793% CPU
Optimizing NNI: done in 1.02333 secs using 793.1% CPU
Optimizing NNI: done in 1.0625 secs using 793.8% CPU
Optimizing NNI: done in 0.722665 secs using 793.3% CPU
Optimizing NNI: done in 1.10445 secs using 793.2% CPU
Optimizing NNI: done in 1.02926 secs using 793.2% CPU
Optimizing NNI: done in 0.731727 secs using 793.7% CPU
Optimizing NNI: done in 1.23069 secs using 792.6% CPU
Iteration 490 / LogL: -6550.244 / Time: 0h:7m:50s (0h:0m:40s left)
Optimizing NNI: done in 0.80466 secs using 793.3% CPU
Optimizing NNI: done in 1.01262 secs using 792.9% CPU
Optimizing NNI: done in 0.938912 secs using 793.3% CPU
Optimizing NNI: done in 0.899908 secs using 792.8% CPU
Optimizing NNI: done in 1.13672 secs using 792.8% CPU
Optimizing NNI: done in 0.837394 secs using 792.6% CPU
Optimizing NNI: done in 1.25924 secs using 793% CPU
Optimizing NNI: done in 0.6711 secs using 792.4% CPU
Optimizing NNI: done in 1.34703 secs using 793.1% CPU
Optimizing NNI: done in 1.12474 secs using 792.3% CPU
Iteration 500 / LogL: -6517.804 / Time: 0h:8m:0s (0h:0m:30s left)
Log-likelihood cutoff on original alignment: -6585.706
NOTE: Bootstrap correlation coefficient of split occurrence frequencies: 0.984
NOTE: UFBoot does not converge, continue at least 100 more iterations
Optimizing NNI: done in 1.09351 secs using 793% CPU
Optimizing NNI: done in 1.10212 secs using 792.9% CPU
Optimizing NNI: done in 0.738919 secs using 791.7% CPU
Optimizing NNI: done in 0.731127 secs using 793.1% CPU
Optimizing NNI: done in 1.20018 secs using 793.1% CPU
Optimizing NNI: done in 0.613943 secs using 792.3% CPU
Optimizing NNI: done in 1.19693 secs using 793.3% CPU
Optimizing NNI: done in 0.927549 secs using 791.9% CPU
Optimizing NNI: done in 0.706378 secs using 793.1% CPU
Optimizing NNI: done in 0.782338 secs using 793.4% CPU
Iteration 510 / LogL: -6508.997 / Time: 0h:8m:10s (0h:1m:26s left)
Optimizing NNI: done in 0.956512 secs using 793% CPU
Optimizing NNI: done in 0.903449 secs using 794% CPU
Optimizing NNI: done in 0.867886 secs using 793% CPU
Optimizing NNI: done in 0.797748 secs using 792.7% CPU
Optimizing NNI: done in 0.857891 secs using 792.9% CPU
Optimizing NNI: done in 1.2407 secs using 792.5% CPU
Optimizing NNI: done in 0.724789 secs using 793% CPU
Optimizing NNI: done in 1.0401 secs using 793.1% CPU
Optimizing NNI: done in 1.68809 secs using 793.1% CPU
Optimizing NNI: done in 1.55562 secs using 793.1% CPU
Iteration 520 / LogL: -6509.478 / Time: 0h:8m:22s (0h:1m:17s left)
Optimizing NNI: done in 0.739291 secs using 792.7% CPU
Optimizing NNI: done in 0.768566 secs using 792.8% CPU
Optimizing NNI: done in 0.760505 secs using 792.9% CPU
Optimizing NNI: done in 0.887102 secs using 793.1% CPU
Optimizing NNI: done in 0.709548 secs using 793.7% CPU
Optimizing NNI: done in 0.819407 secs using 792.1% CPU
Optimizing NNI: done in 0.824588 secs using 793.3% CPU
Optimizing NNI: done in 0.961068 secs using 793.7% CPU
Optimizing NNI: done in 0.843075 secs using 792.3% CPU
Optimizing NNI: done in 0.579231 secs using 792.4% CPU
Iteration 530 / LogL: -6518.295 / Time: 0h:8m:30s (0h:1m:7s left)
Optimizing NNI: done in 1.37286 secs using 792.8% CPU
Optimizing NNI: done in 0.871193 secs using 793% CPU
Optimizing NNI: done in 0.972594 secs using 792.3% CPU
Optimizing NNI: done in 0.920623 secs using 793.2% CPU
Optimizing NNI: done in 1.45111 secs using 792.9% CPU
Optimizing NNI: done in 1.10043 secs using 792.9% CPU
Optimizing NNI: done in 1.07814 secs using 792.5% CPU
Optimizing NNI: done in 0.832881 secs using 793.5% CPU
Optimizing NNI: done in 0.759052 secs using 792.7% CPU
Optimizing NNI: done in 0.870179 secs using 793.7% CPU
Iteration 540 / LogL: -6508.997 / Time: 0h:8m:41s (0h:0m:58s left)
Optimizing NNI: done in 0.862476 secs using 793.5% CPU
Optimizing NNI: done in 0.823839 secs using 793.7% CPU
Optimizing NNI: done in 0.966753 secs using 793.1% CPU
Optimizing NNI: done in 0.753117 secs using 793.5% CPU
Optimizing NNI: done in 0.986398 secs using 793% CPU
Optimizing NNI: done in 0.781134 secs using 793.4% CPU
Optimizing NNI: done in 0.934408 secs using 794% CPU
Optimizing NNI: done in 0.737702 secs using 792.3% CPU
Optimizing NNI: done in 0.767898 secs using 792.7% CPU
Optimizing NNI: done in 0.979845 secs using 792.7% CPU
Iteration 550 / LogL: -6509.265 / Time: 0h:8m:50s (0h:0m:48s left)
Log-likelihood cutoff on original alignment: -6585.706
Optimizing NNI: done in 0.789961 secs using 793.1% CPU
Optimizing NNI: done in 0.976231 secs using 793.5% CPU
Optimizing NNI: done in 0.694765 secs using 793.5% CPU
Optimizing NNI: done in 0.913283 secs using 792.5% CPU
Optimizing NNI: done in 1.23168 secs using 793.3% CPU
Optimizing NNI: done in 0.813062 secs using 793.6% CPU
Optimizing NNI: done in 0.71448 secs using 793.3% CPU
Optimizing NNI: done in 0.748135 secs using 793.1% CPU
Optimizing NNI: done in 0.704692 secs using 792.9% CPU
Optimizing NNI: done in 1.16498 secs using 793.4% CPU
Iteration 560 / LogL: -6509.577 / Time: 0h:9m:0s (0h:0m:38s left)
Optimizing NNI: done in 1.09107 secs using 793% CPU
Optimizing NNI: done in 0.828189 secs using 793.3% CPU
Optimizing NNI: done in 0.999863 secs using 792.8% CPU
Optimizing NNI: done in 1.02128 secs using 793.1% CPU
Optimizing NNI: done in 1.19625 secs using 793.3% CPU
Optimizing NNI: done in 0.646022 secs using 793.6% CPU
Optimizing NNI: done in 0.83126 secs using 793.2% CPU
Optimizing NNI: done in 1.02856 secs using 793% CPU
Optimizing NNI: done in 0.94274 secs using 794% CPU
Optimizing NNI: done in 0.772818 secs using 792.4% CPU
Iteration 570 / LogL: -6511.755 / Time: 0h:9m:10s (0h:0m:29s left)
Optimizing NNI: done in 1.13245 secs using 793.4% CPU
Optimizing NNI: done in 0.822245 secs using 793.8% CPU
Optimizing NNI: done in 0.789451 secs using 793.6% CPU
Optimizing NNI: done in 1.25629 secs using 793.6% CPU
Optimizing NNI: done in 0.566288 secs using 792.3% CPU
Optimizing NNI: done in 0.65858 secs using 793.3% CPU
Optimizing NNI: done in 1.24357 secs using 792.3% CPU
Optimizing NNI: done in 0.751494 secs using 794.6% CPU
Optimizing NNI: done in 0.986131 secs using 793% CPU
Optimizing NNI: done in 1.02144 secs using 793.4% CPU
Iteration 580 / LogL: -6510.019 / Time: 0h:9m:20s (0h:0m:19s left)
Optimizing NNI: done in 0.877494 secs using 792.4% CPU
Optimizing NNI: done in 0.67403 secs using 794.1% CPU
Optimizing NNI: done in 1.17199 secs using 793% CPU
Optimizing NNI: done in 0.886618 secs using 793.7% CPU
Optimizing NNI: done in 0.855972 secs using 793.7% CPU
Optimizing NNI: done in 1.3044 secs using 792.7% CPU
Optimizing NNI: done in 0.920858 secs using 793.9% CPU
Optimizing NNI: done in 1.04565 secs using 793.5% CPU
Optimizing NNI: done in 0.633492 secs using 793.6% CPU
Optimizing NNI: done in 0.682061 secs using 793.6% CPU
Iteration 590 / LogL: -6524.097 / Time: 0h:9m:29s (0h:0m:9s left)
Optimizing NNI: done in 1.01615 secs using 792.8% CPU
Optimizing NNI: done in 1.21459 secs using 794.1% CPU
Optimizing NNI: done in 0.886297 secs using 791.6% CPU
Estimate model parameters (epsilon = 0.100)
BETTER TREE FOUND at iteration 593: -6508.468
Optimizing NNI: done in 1.09746 secs using 793.1% CPU
Optimizing NNI: done in 0.835923 secs using 793.7% CPU
Optimizing NNI: done in 0.946992 secs using 793.2% CPU
Optimizing NNI: done in 0.670695 secs using 792.3% CPU
Optimizing NNI: done in 1.08135 secs using 793.5% CPU
Optimizing NNI: done in 0.980267 secs using 793.6% CPU
Optimizing NNI: done in 0.696285 secs using 793.4% CPU
Iteration 600 / LogL: -6515.513 / Time: 0h:9m:40s (0h:1m:30s left)
Log-likelihood cutoff on original alignment: -6585.706
NOTE: Bootstrap correlation coefficient of split occurrence frequencies: 0.981
NOTE: UFBoot does not converge, continue at least 100 more iterations
Optimizing NNI: done in 0.674763 secs using 792.5% CPU
Optimizing NNI: done in 0.935207 secs using 793.5% CPU
Optimizing NNI: done in 1.19075 secs using 793.3% CPU
Optimizing NNI: done in 0.91496 secs using 793% CPU
Optimizing NNI: done in 0.756695 secs using 793.7% CPU
Optimizing NNI: done in 0.542785 secs using 794.3% CPU
Optimizing NNI: done in 0.816725 secs using 794.1% CPU
Optimizing NNI: done in 0.803801 secs using 794.3% CPU
Optimizing NNI: done in 0.848178 secs using 794.4% CPU
Optimizing NNI: done in 0.676549 secs using 792.9% CPU
Iteration 610 / LogL: -6520.033 / Time: 0h:9m:49s (0h:1m:27s left)
Optimizing NNI: done in 1.20531 secs using 793.9% CPU
Optimizing NNI: done in 0.95776 secs using 792.6% CPU
Optimizing NNI: done in 1.07896 secs using 793.1% CPU
Optimizing NNI: done in 0.967531 secs using 792.6% CPU
Optimizing NNI: done in 0.850367 secs using 793.3% CPU
Optimizing NNI: done in 0.777942 secs using 793.9% CPU
Optimizing NNI: done in 1.25829 secs using 793.1% CPU
Optimizing NNI: done in 1.23344 secs using 793.2% CPU
Optimizing NNI: done in 0.80465 secs using 793.5% CPU
Optimizing NNI: done in 0.943262 secs using 793.6% CPU
Iteration 620 / LogL: -7554.303 / Time: 0h:10m:0s (0h:1m:17s left)
Optimizing NNI: done in 0.543783 secs using 793.7% CPU
Optimizing NNI: done in 0.905258 secs using 793.5% CPU
Optimizing NNI: done in 0.54648 secs using 792.6% CPU
Optimizing NNI: done in 0.983913 secs using 794.5% CPU
Optimizing NNI: done in 1.04921 secs using 793% CPU
Optimizing NNI: done in 0.670518 secs using 793.8% CPU
Optimizing NNI: done in 0.752055 secs using 793.8% CPU
Optimizing NNI: done in 0.672994 secs using 793.7% CPU
Optimizing NNI: done in 1.28692 secs using 793.4% CPU
Optimizing NNI: done in 0.840069 secs using 792.6% CPU
BETTER TREE FOUND at iteration 630: -6508.467
Iteration 630 / LogL: -6508.467 / Time: 0h:10m:9s (0h:1m:36s left)
Optimizing NNI: done in 0.670069 secs using 793.1% CPU
Optimizing NNI: done in 1.06853 secs using 793.5% CPU
Optimizing NNI: done in 1.44984 secs using 793.7% CPU
Optimizing NNI: done in 0.793834 secs using 794.2% CPU
Optimizing NNI: done in 0.986131 secs using 793.4% CPU
Optimizing NNI: done in 1.27321 secs using 793.7% CPU
Optimizing NNI: done in 0.421355 secs using 791.9% CPU
Optimizing NNI: done in 0.933742 secs using 793.4% CPU
Optimizing NNI: done in 0.820934 secs using 793% CPU
Optimizing NNI: done in 0.980479 secs using 792.7% CPU
Iteration 640 / LogL: -7555.019 / Time: 0h:10m:19s (0h:1m:27s left)
Optimizing NNI: done in 0.897204 secs using 793.3% CPU
Optimizing NNI: done in 0.639247 secs using 793.6% CPU
Optimizing NNI: done in 1.09053 secs using 793% CPU
Optimizing NNI: done in 1.18973 secs using 794% CPU
Optimizing NNI: done in 0.860788 secs using 794.1% CPU
Optimizing NNI: done in 0.867302 secs using 793.7% CPU
BETTER TREE FOUND at iteration 646: -6508.467
Optimizing NNI: done in 0.665951 secs using 793.2% CPU
Optimizing NNI: done in 0.558339 secs using 793.5% CPU
Optimizing NNI: done in 0.798606 secs using 794% CPU
Optimizing NNI: done in 1.01385 secs using 794% CPU
Iteration 650 / LogL: -6513.449 / Time: 0h:10m:28s (0h:1m:32s left)
Log-likelihood cutoff on original alignment: -6585.706
Optimizing NNI: done in 0.64683 secs using 794.2% CPU
Optimizing NNI: done in 0.789218 secs using 793.5% CPU
Optimizing NNI: done in 0.865977 secs using 793.5% CPU
Optimizing NNI: done in 0.995658 secs using 793% CPU
Optimizing NNI: done in 1.05324 secs using 793.7% CPU
Optimizing NNI: done in 1.34028 secs using 793.5% CPU
Optimizing NNI: done in 1.02182 secs using 794% CPU
Optimizing NNI: done in 1.1937 secs using 793.1% CPU
Optimizing NNI: done in 1.00009 secs using 793.2% CPU
Optimizing NNI: done in 0.691772 secs using 794.1% CPU
Iteration 660 / LogL: -6508.468 / Time: 0h:10m:39s (0h:1m:23s left)
Optimizing NNI: done in 0.650302 secs using 794.5% CPU
Optimizing NNI: done in 1.09045 secs using 793.6% CPU
Optimizing NNI: done in 1.06947 secs using 794.2% CPU
Optimizing NNI: done in 0.76809 secs using 793% CPU
Optimizing NNI: done in 0.924815 secs using 793.5% CPU
Optimizing NNI: done in 1.41124 secs using 793.5% CPU
Optimizing NNI: done in 1.05131 secs using 793.8% CPU
Optimizing NNI: done in 1.05772 secs using 794% CPU
Optimizing NNI: done in 0.819941 secs using 793.3% CPU
Optimizing NNI: done in 1.12648 secs using 793.8% CPU
Iteration 670 / LogL: -6509.048 / Time: 0h:10m:49s (0h:1m:13s left)
Optimizing NNI: done in 0.79107 secs using 793% CPU
Optimizing NNI: done in 0.646685 secs using 794% CPU
Optimizing NNI: done in 0.722124 secs using 794.2% CPU
Optimizing NNI: done in 0.695177 secs using 794% CPU
Optimizing NNI: done in 0.976502 secs using 794.6% CPU
Optimizing NNI: done in 0.929999 secs using 793.6% CPU
Optimizing NNI: done in 0.551976 secs using 793.7% CPU
Optimizing NNI: done in 0.527504 secs using 794.9% CPU
Optimizing NNI: done in 1.0524 secs using 793.8% CPU
Optimizing NNI: done in 0.863964 secs using 792.9% CPU
Iteration 680 / LogL: -6508.760 / Time: 0h:10m:58s (0h:1m:3s left)
Optimizing NNI: done in 0.942628 secs using 793.8% CPU
Optimizing NNI: done in 0.657501 secs using 794% CPU
Optimizing NNI: done in 0.977859 secs using 792.9% CPU
Optimizing NNI: done in 1.32309 secs using 793.4% CPU
Optimizing NNI: done in 0.668581 secs using 793.9% CPU
Optimizing NNI: done in 1.12447 secs using 793.6% CPU
Optimizing NNI: done in 1.05268 secs using 794.4% CPU
Optimizing NNI: done in 0.807467 secs using 794.4% CPU
Optimizing NNI: done in 0.689756 secs using 793.8% CPU
Optimizing NNI: done in 0.831864 secs using 794.3% CPU
Iteration 690 / LogL: -6527.145 / Time: 0h:11m:8s (0h:0m:54s left)
Optimizing NNI: done in 0.858074 secs using 793.3% CPU
Optimizing NNI: done in 0.75912 secs using 793.9% CPU
Optimizing NNI: done in 0.911191 secs using 794.2% CPU
Optimizing NNI: done in 1.01656 secs using 794.4% CPU
Optimizing NNI: done in 0.965384 secs using 793.6% CPU
Optimizing NNI: done in 0.991268 secs using 793% CPU
Optimizing NNI: done in 0.806774 secs using 793.6% CPU
Optimizing NNI: done in 0.702499 secs using 794.4% CPU
Optimizing NNI: done in 1.07065 secs using 793.2% CPU
Optimizing NNI: done in 0.973791 secs using 793.9% CPU
Iteration 700 / LogL: -6516.225 / Time: 0h:11m:18s (0h:0m:44s left)
Log-likelihood cutoff on original alignment: -6585.706
NOTE: Bootstrap correlation coefficient of split occurrence frequencies: 0.975
NOTE: UFBoot does not converge, continue at least 100 more iterations
Optimizing NNI: done in 0.908353 secs using 793.8% CPU
Optimizing NNI: done in 1.10399 secs using 793.9% CPU
Optimizing NNI: done in 0.863418 secs using 793.8% CPU
Optimizing NNI: done in 0.569104 secs using 792.8% CPU
Optimizing NNI: done in 0.8356 secs using 794.1% CPU
Optimizing NNI: done in 0.693099 secs using 794.4% CPU
Optimizing NNI: done in 0.841685 secs using 793.3% CPU
Optimizing NNI: done in 0.812378 secs using 792.9% CPU
Optimizing NNI: done in 1.15517 secs using 793.5% CPU
Optimizing NNI: done in 0.826122 secs using 794.7% CPU
Iteration 710 / LogL: -6508.527 / Time: 0h:11m:27s (0h:1m:27s left)
Optimizing NNI: done in 1.04856 secs using 793.8% CPU
Optimizing NNI: done in 0.679949 secs using 793.6% CPU
Optimizing NNI: done in 0.772296 secs using 792.5% CPU
Optimizing NNI: done in 1.22795 secs using 794.2% CPU
Optimizing NNI: done in 0.951651 secs using 794.1% CPU
Optimizing NNI: done in 0.785259 secs using 794.8% CPU
Optimizing NNI: done in 1.12114 secs using 793.8% CPU
Optimizing NNI: done in 0.848217 secs using 794.4% CPU
Optimizing NNI: done in 0.955129 secs using 793.4% CPU
Optimizing NNI: done in 0.889565 secs using 793.3% CPU
Iteration 720 / LogL: -6510.913 / Time: 0h:11m:37s (0h:1m:17s left)
Optimizing NNI: done in 0.787672 secs using 792.4% CPU
Optimizing NNI: done in 0.683302 secs using 794.1% CPU
Optimizing NNI: done in 1.13213 secs using 792.9% CPU
Optimizing NNI: done in 1.02849 secs using 793.6% CPU
Optimizing NNI: done in 0.787751 secs using 793.6% CPU
Optimizing NNI: done in 1.36991 secs using 793.6% CPU
Optimizing NNI: done in 0.779686 secs using 792.9% CPU
Optimizing NNI: done in 0.700799 secs using 793.5% CPU
Optimizing NNI: done in 0.830693 secs using 794% CPU
Optimizing NNI: done in 1.00894 secs using 793.6% CPU
Iteration 730 / LogL: -6509.048 / Time: 0h:11m:47s (0h:1m:7s left)
Optimizing NNI: done in 0.664976 secs using 794.5% CPU
Optimizing NNI: done in 0.934277 secs using 793.8% CPU
Optimizing NNI: done in 1.29858 secs using 794.1% CPU
Optimizing NNI: done in 0.988321 secs using 792.8% CPU
Optimizing NNI: done in 0.868207 secs using 793.8% CPU
Optimizing NNI: done in 0.779825 secs using 793.4% CPU
Optimizing NNI: done in 0.792739 secs using 793.8% CPU
Optimizing NNI: done in 0.837489 secs using 792.9% CPU
Optimizing NNI: done in 1.13637 secs using 793.6% CPU
Optimizing NNI: done in 0.990118 secs using 793% CPU
Iteration 740 / LogL: -6528.679 / Time: 0h:11m:57s (0h:0m:58s left)
Optimizing NNI: done in 0.81478 secs using 793.9% CPU
Optimizing NNI: done in 1.23705 secs using 793.5% CPU
Optimizing NNI: done in 1.00519 secs using 793.8% CPU
Optimizing NNI: done in 0.888193 secs using 794.2% CPU
Optimizing NNI: done in 0.983325 secs using 793.4% CPU
Optimizing NNI: done in 0.69049 secs using 793.2% CPU
Optimizing NNI: done in 0.668228 secs using 794.2% CPU
Optimizing NNI: done in 0.966757 secs using 793.4% CPU
Estimate model parameters (epsilon = 0.100)
BETTER TREE FOUND at iteration 748: -6508.179
Optimizing NNI: done in 1.09641 secs using 793.2% CPU
Optimizing NNI: done in 1.23291 secs using 793.8% CPU
Iteration 750 / LogL: -7577.337 / Time: 0h:12m:8s (0h:1m:35s left)
Log-likelihood cutoff on original alignment: -6585.706
Optimizing NNI: done in 0.988531 secs using 792.6% CPU
Optimizing NNI: done in 0.744 secs using 793.3% CPU
Optimizing NNI: done in 0.784652 secs using 793.3% CPU
Optimizing NNI: done in 0.793876 secs using 794.2% CPU
BETTER TREE FOUND at iteration 754: -6508.179
Optimizing NNI: done in 0.772832 secs using 794.3% CPU
Optimizing NNI: done in 0.788537 secs using 793.9% CPU
Optimizing NNI: done in 1.07273 secs using 793.6% CPU
Optimizing NNI: done in 1.10498 secs using 793.9% CPU
Optimizing NNI: done in 1.07922 secs using 793.7% CPU
Optimizing NNI: done in 0.683786 secs using 793.1% CPU
Iteration 760 / LogL: -6518.009 / Time: 0h:12m:18s (0h:1m:31s left)
Optimizing NNI: done in 1.17886 secs using 793.5% CPU
Optimizing NNI: done in 0.951345 secs using 794% CPU
Optimizing NNI: done in 0.687877 secs using 793.8% CPU
Optimizing NNI: done in 1.01175 secs using 792.6% CPU
Optimizing NNI: done in 0.962 secs using 793.8% CPU
Optimizing NNI: done in 1.24052 secs using 792.9% CPU
Optimizing NNI: done in 0.710485 secs using 793.2% CPU
Optimizing NNI: done in 0.724639 secs using 794.4% CPU
Optimizing NNI: done in 0.986379 secs using 794% CPU
Optimizing NNI: done in 0.921111 secs using 792.6% CPU
Iteration 770 / LogL: -6508.183 / Time: 0h:12m:28s (0h:1m:21s left)
Optimizing NNI: done in 0.700507 secs using 793.2% CPU
Optimizing NNI: done in 0.689828 secs using 794.2% CPU
Optimizing NNI: done in 1.17593 secs using 793.8% CPU
Optimizing NNI: done in 0.646729 secs using 794.1% CPU
Optimizing NNI: done in 0.824367 secs using 793.9% CPU
Optimizing NNI: done in 0.729549 secs using 793.7% CPU
Optimizing NNI: done in 0.967017 secs using 793.8% CPU
Optimizing NNI: done in 0.959674 secs using 793.1% CPU
Optimizing NNI: done in 1.00779 secs using 793.7% CPU
Optimizing NNI: done in 1.22333 secs using 793.5% CPU
Iteration 780 / LogL: -6508.180 / Time: 0h:12m:38s (0h:1m:12s left)
Optimizing NNI: done in 0.998903 secs using 793.1% CPU
Optimizing NNI: done in 0.670402 secs using 794.3% CPU
Optimizing NNI: done in 0.828806 secs using 793.4% CPU
Optimizing NNI: done in 0.932475 secs using 793.6% CPU
Optimizing NNI: done in 0.910613 secs using 793.9% CPU
Optimizing NNI: done in 1.20578 secs using 793.8% CPU
Optimizing NNI: done in 1.04962 secs using 793.2% CPU
Optimizing NNI: done in 1.11546 secs using 793.8% CPU
Optimizing NNI: done in 1.28292 secs using 793.6% CPU
Optimizing NNI: done in 0.79314 secs using 793.5% CPU
Iteration 790 / LogL: -6508.181 / Time: 0h:12m:49s (0h:1m:2s left)
Optimizing NNI: done in 0.99955 secs using 792.8% CPU
Optimizing NNI: done in 0.51074 secs using 793.9% CPU
Optimizing NNI: done in 0.712055 secs using 792.7% CPU
Optimizing NNI: done in 0.721389 secs using 793.5% CPU
Optimizing NNI: done in 0.681114 secs using 793% CPU
Optimizing NNI: done in 1.07993 secs using 793.5% CPU
Optimizing NNI: done in 1.13475 secs using 793.8% CPU
BETTER TREE FOUND at iteration 797: -6508.179
Optimizing NNI: done in 0.686089 secs using 793.7% CPU
Optimizing NNI: done in 0.786309 secs using 793% CPU
Optimizing NNI: done in 0.692924 secs using 793.2% CPU
Iteration 800 / LogL: -6508.179 / Time: 0h:12m:58s (0h:1m:34s left)
Log-likelihood cutoff on original alignment: -6585.706
NOTE: Bootstrap correlation coefficient of split occurrence frequencies: 0.984
NOTE: UFBoot does not converge, continue at least 100 more iterations
Optimizing NNI: done in 0.801154 secs using 792.9% CPU
Optimizing NNI: done in 0.719456 secs using 793.4% CPU
Optimizing NNI: done in 1.05437 secs using 792.9% CPU
Estimate model parameters (epsilon = 0.100)
BETTER TREE FOUND at iteration 803: -6507.601
Optimizing NNI: done in 0.657827 secs using 794.1% CPU
Optimizing NNI: done in 0.839225 secs using 792.2% CPU
Optimizing NNI: done in 1.11988 secs using 792.9% CPU
Optimizing NNI: done in 1.12635 secs using 793.1% CPU
Optimizing NNI: done in 0.817857 secs using 792.6% CPU
Optimizing NNI: done in 1.0295 secs using 794% CPU
Optimizing NNI: done in 0.723056 secs using 794.4% CPU
Iteration 810 / LogL: -6508.181 / Time: 0h:13m:8s (0h:1m:30s left)
Optimizing NNI: done in 0.662315 secs using 794.3% CPU
Optimizing NNI: done in 1.01827 secs using 792.5% CPU
Optimizing NNI: done in 0.672703 secs using 792.6% CPU
Optimizing NNI: done in 0.956437 secs using 793.8% CPU
Optimizing NNI: done in 0.817136 secs using 793.6% CPU
Optimizing NNI: done in 1.00879 secs using 794.2% CPU
Optimizing NNI: done in 0.867618 secs using 793.8% CPU
Optimizing NNI: done in 0.833903 secs using 793.2% CPU
Optimizing NNI: done in 0.758572 secs using 792.9% CPU
BETTER TREE FOUND at iteration 819: -6507.601
Optimizing NNI: done in 0.976347 secs using 791.9% CPU
Iteration 820 / LogL: -6507.601 / Time: 0h:13m:17s (0h:1m:36s left)
Optimizing NNI: done in 0.98874 secs using 793.9% CPU
Optimizing NNI: done in 0.952147 secs using 793.2% CPU
Optimizing NNI: done in 1.05026 secs using 793.5% CPU
Optimizing NNI: done in 0.675641 secs using 792.7% CPU
Optimizing NNI: done in 0.988283 secs using 793.8% CPU
Optimizing NNI: done in 0.714724 secs using 792.8% CPU
Optimizing NNI: done in 0.990151 secs using 793.4% CPU
Optimizing NNI: done in 1.21485 secs using 793.2% CPU
Optimizing NNI: done in 1.06663 secs using 793.2% CPU
Optimizing NNI: done in 0.664035 secs using 793.2% CPU
Iteration 830 / LogL: -6507.602 / Time: 0h:13m:28s (0h:1m:26s left)
Optimizing NNI: done in 1.18495 secs using 793.6% CPU
Optimizing NNI: done in 0.673834 secs using 792.9% CPU
Optimizing NNI: done in 0.959202 secs using 793.5% CPU
Optimizing NNI: done in 1.11857 secs using 793.2% CPU
BETTER TREE FOUND at iteration 834: -6507.599
Optimizing NNI: done in 1.03671 secs using 793.6% CPU
Optimizing NNI: done in 1.32039 secs using 792.9% CPU
Optimizing NNI: done in 0.664626 secs using 793.6% CPU
Optimizing NNI: done in 1.18526 secs using 793.3% CPU
Optimizing NNI: done in 0.779882 secs using 794.2% CPU
Optimizing NNI: done in 0.89934 secs using 793.8% CPU
Iteration 840 / LogL: -6525.376 / Time: 0h:13m:38s (0h:1m:31s left)
Optimizing NNI: done in 0.905465 secs using 794.6% CPU
Optimizing NNI: done in 0.814396 secs using 792.8% CPU
Optimizing NNI: done in 1.0149 secs using 793.7% CPU
Optimizing NNI: done in 0.669149 secs using 793.7% CPU
Optimizing NNI: done in 1.00034 secs using 793.1% CPU
Optimizing NNI: done in 0.925352 secs using 793.4% CPU
Optimizing NNI: done in 0.906554 secs using 793.4% CPU
Optimizing NNI: done in 0.747781 secs using 794% CPU
Optimizing NNI: done in 0.854761 secs using 794.4% CPU
Optimizing NNI: done in 0.800935 secs using 794.2% CPU
Iteration 850 / LogL: -6511.109 / Time: 0h:13m:48s (0h:1m:21s left)
Log-likelihood cutoff on original alignment: -6585.706
Optimizing NNI: done in 0.952953 secs using 793.9% CPU
Optimizing NNI: done in 1.08849 secs using 793.9% CPU
Optimizing NNI: done in 0.643478 secs using 792.7% CPU
Optimizing NNI: done in 1.17413 secs using 793.3% CPU
Optimizing NNI: done in 1.06731 secs using 793.8% CPU
Optimizing NNI: done in 1.00018 secs using 793.1% CPU
Optimizing NNI: done in 0.799328 secs using 793.1% CPU
Optimizing NNI: done in 0.965608 secs using 794.8% CPU
Optimizing NNI: done in 0.665716 secs using 794.5% CPU
Optimizing NNI: done in 0.801863 secs using 793.3% CPU
Iteration 860 / LogL: -6508.181 / Time: 0h:13m:58s (0h:1m:12s left)
Optimizing NNI: done in 0.627174 secs using 793.9% CPU
Optimizing NNI: done in 0.548369 secs using 793.2% CPU
Optimizing NNI: done in 0.986066 secs using 793.6% CPU
Optimizing NNI: done in 0.827167 secs using 793.5% CPU
Optimizing NNI: done in 0.686748 secs using 794.4% CPU
Optimizing NNI: done in 0.830379 secs using 794.3% CPU
Optimizing NNI: done in 0.744024 secs using 794.6% CPU
Optimizing NNI: done in 0.904 secs using 794.3% CPU
Optimizing NNI: done in 0.668992 secs using 793.4% CPU
Optimizing NNI: done in 0.911137 secs using 793.4% CPU
Iteration 870 / LogL: -6514.203 / Time: 0h:14m:7s (0h:1m:2s left)
Optimizing NNI: done in 0.77252 secs using 793.5% CPU
Optimizing NNI: done in 1.18201 secs using 794.4% CPU
Optimizing NNI: done in 0.722042 secs using 793.3% CPU
Optimizing NNI: done in 0.689983 secs using 793.4% CPU
Optimizing NNI: done in 1.0965 secs using 793.5% CPU
Optimizing NNI: done in 1.61902 secs using 793.3% CPU
Optimizing NNI: done in 0.72468 secs using 793.2% CPU
Optimizing NNI: done in 0.855943 secs using 793.8% CPU
Optimizing NNI: done in 0.775965 secs using 792.8% CPU
Optimizing NNI: done in 0.902926 secs using 793.8% CPU
Iteration 880 / LogL: -6509.604 / Time: 0h:14m:17s (0h:0m:52s left)
Optimizing NNI: done in 0.763742 secs using 793.9% CPU
Optimizing NNI: done in 0.688873 secs using 793.7% CPU
Optimizing NNI: done in 0.787021 secs using 793% CPU
Optimizing NNI: done in 0.760207 secs using 793.6% CPU
Optimizing NNI: done in 0.648677 secs using 793.9% CPU
Optimizing NNI: done in 0.815394 secs using 794% CPU
Optimizing NNI: done in 0.810172 secs using 794.6% CPU
Optimizing NNI: done in 1.20815 secs using 794% CPU
Optimizing NNI: done in 0.971048 secs using 793.2% CPU
Optimizing NNI: done in 0.531875 secs using 793.2% CPU
Iteration 890 / LogL: -6507.790 / Time: 0h:14m:26s (0h:0m:42s left)
Optimizing NNI: done in 1.04441 secs using 792.9% CPU
Optimizing NNI: done in 0.560483 secs using 793.4% CPU
Optimizing NNI: done in 0.736459 secs using 793.1% CPU
Optimizing NNI: done in 0.978435 secs using 793.7% CPU
Optimizing NNI: done in 0.992484 secs using 793.4% CPU
Optimizing NNI: done in 0.703867 secs using 794.5% CPU
Optimizing NNI: done in 0.870684 secs using 792.7% CPU
Optimizing NNI: done in 1.20424 secs using 793.9% CPU
Optimizing NNI: done in 1.06652 secs using 793.9% CPU
Optimizing NNI: done in 1.04461 secs using 794.1% CPU
BETTER TREE FOUND at iteration 900: -6507.599
Iteration 900 / LogL: -6507.599 / Time: 0h:14m:37s (0h:1m:37s left)
Log-likelihood cutoff on original alignment: -6585.706
NOTE: Bootstrap correlation coefficient of split occurrence frequencies: 0.983
NOTE: UFBoot does not converge, continue at least 100 more iterations
Optimizing NNI: done in 0.968247 secs using 793.4% CPU
Optimizing NNI: done in 0.76556 secs using 793.6% CPU
Optimizing NNI: done in 0.966213 secs using 793.9% CPU
Optimizing NNI: done in 0.864427 secs using 792.8% CPU
Optimizing NNI: done in 0.990533 secs using 793.5% CPU
Optimizing NNI: done in 0.836135 secs using 793.8% CPU
Optimizing NNI: done in 0.944019 secs using 793.5% CPU
Optimizing NNI: done in 0.792073 secs using 793.9% CPU
Optimizing NNI: done in 0.839657 secs using 792.6% CPU
Optimizing NNI: done in 0.835838 secs using 793.9% CPU
Iteration 910 / LogL: -6509.192 / Time: 0h:14m:47s (0h:1m:27s left)
Optimizing NNI: done in 0.963475 secs using 793.7% CPU
Optimizing NNI: done in 1.07261 secs using 793.1% CPU
Optimizing NNI: done in 0.781683 secs using 794% CPU
Optimizing NNI: done in 0.960759 secs using 793.5% CPU
Optimizing NNI: done in 0.9028 secs using 792.1% CPU
Optimizing NNI: done in 0.862129 secs using 793.7% CPU
Optimizing NNI: done in 1.4576 secs using 793.7% CPU
Optimizing NNI: done in 0.972041 secs using 794.2% CPU
Optimizing NNI: done in 0.650622 secs using 791.8% CPU
Optimizing NNI: done in 0.736577 secs using 792.6% CPU
Iteration 920 / LogL: -6525.477 / Time: 0h:14m:57s (0h:1m:18s left)
Optimizing NNI: done in 0.547526 secs using 792.8% CPU
Optimizing NNI: done in 1.36783 secs using 793.6% CPU
Optimizing NNI: done in 1.12506 secs using 792.9% CPU
Optimizing NNI: done in 0.538164 secs using 793.5% CPU
Optimizing NNI: done in 1.24697 secs using 793.5% CPU
Optimizing NNI: done in 0.929763 secs using 793% CPU
Optimizing NNI: done in 1.0541 secs using 792.9% CPU
Optimizing NNI: done in 0.683189 secs using 793.9% CPU
Optimizing NNI: done in 0.68394 secs using 793.8% CPU
Optimizing NNI: done in 0.87585 secs using 794% CPU
Iteration 930 / LogL: -6510.502 / Time: 0h:15m:7s (0h:1m:8s left)
Optimizing NNI: done in 1.10116 secs using 793.5% CPU
Optimizing NNI: done in 1.25539 secs using 792.2% CPU
Optimizing NNI: done in 0.973942 secs using 792.9% CPU
Optimizing NNI: done in 0.772134 secs using 793.6% CPU
Optimizing NNI: done in 0.804928 secs using 793.3% CPU
Optimizing NNI: done in 0.857672 secs using 793.7% CPU
Optimizing NNI: done in 0.816015 secs using 794% CPU
Optimizing NNI: done in 0.852754 secs using 793.3% CPU
Optimizing NNI: done in 1.12284 secs using 793.5% CPU
Optimizing NNI: done in 0.897229 secs using 794.2% CPU
Iteration 940 / LogL: -6551.749 / Time: 0h:15m:18s (0h:0m:58s left)
Optimizing NNI: done in 0.946647 secs using 794% CPU
Optimizing NNI: done in 1.11031 secs using 793.1% CPU
Optimizing NNI: done in 1.02727 secs using 792.6% CPU
Optimizing NNI: done in 0.751019 secs using 793.6% CPU
Optimizing NNI: done in 1.12661 secs using 793.2% CPU
Optimizing NNI: done in 0.970542 secs using 793.5% CPU
Optimizing NNI: done in 0.917799 secs using 793.2% CPU
Optimizing NNI: done in 1.00334 secs using 794.3% CPU
Optimizing NNI: done in 0.811825 secs using 793.1% CPU
Optimizing NNI: done in 0.781602 secs using 793% CPU
Iteration 950 / LogL: -6507.601 / Time: 0h:15m:28s (0h:0m:48s left)
Log-likelihood cutoff on original alignment: -6585.706
Optimizing NNI: done in 0.949799 secs using 793.6% CPU
Optimizing NNI: done in 0.742425 secs using 793.9% CPU
Optimizing NNI: done in 1.18618 secs using 793.7% CPU
Optimizing NNI: done in 0.853243 secs using 793.3% CPU
Optimizing NNI: done in 0.984571 secs using 793.6% CPU
Optimizing NNI: done in 0.681416 secs using 791.9% CPU
Optimizing NNI: done in 1.21542 secs using 793.6% CPU
Optimizing NNI: done in 0.645173 secs using 793.4% CPU
Optimizing NNI: done in 0.961592 secs using 792.5% CPU
Optimizing NNI: done in 1.06882 secs using 794.2% CPU
Iteration 960 / LogL: -6511.031 / Time: 0h:15m:39s (0h:0m:39s left)
Optimizing NNI: done in 0.971433 secs using 792.8% CPU
Optimizing NNI: done in 0.946657 secs using 794.4% CPU
Optimizing NNI: done in 0.706592 secs using 794.3% CPU
Optimizing NNI: done in 1.06955 secs using 792.6% CPU
Optimizing NNI: done in 1.20604 secs using 793.1% CPU
Optimizing NNI: done in 0.730766 secs using 793.5% CPU
Optimizing NNI: done in 1.36758 secs using 792.4% CPU
Optimizing NNI: done in 0.676094 secs using 793% CPU
Optimizing NNI: done in 0.961401 secs using 793.9% CPU
Optimizing NNI: done in 0.689887 secs using 793.5% CPU
Iteration 970 / LogL: -6514.706 / Time: 0h:15m:49s (0h:0m:29s left)
Optimizing NNI: done in 1.06327 secs using 793.4% CPU
Optimizing NNI: done in 1.07024 secs using 794.1% CPU
Optimizing NNI: done in 0.930226 secs using 793.2% CPU
Optimizing NNI: done in 0.894071 secs using 793.5% CPU
Optimizing NNI: done in 0.778906 secs using 793.6% CPU
Optimizing NNI: done in 0.923332 secs using 793.6% CPU
Optimizing NNI: done in 1.03199 secs using 792.9% CPU
Optimizing NNI: done in 0.812913 secs using 793.1% CPU
Optimizing NNI: done in 0.925515 secs using 793.4% CPU
Optimizing NNI: done in 0.691561 secs using 792.7% CPU
Iteration 980 / LogL: -6508.180 / Time: 0h:16m:0s (0h:0m:19s left)
Optimizing NNI: done in 0.944614 secs using 793.2% CPU
Optimizing NNI: done in 0.787591 secs using 793.6% CPU
Optimizing NNI: done in 0.783576 secs using 794.2% CPU
Optimizing NNI: done in 1.10367 secs using 793.1% CPU
Optimizing NNI: done in 0.707304 secs using 794.3% CPU
Optimizing NNI: done in 0.779689 secs using 793.8% CPU
Optimizing NNI: done in 0.689315 secs using 793.8% CPU
Optimizing NNI: done in 1.10311 secs using 793.7% CPU
Optimizing NNI: done in 0.65956 secs using 793.9% CPU
Optimizing NNI: done in 0.640823 secs using 794.4% CPU
Iteration 990 / LogL: -6513.736 / Time: 0h:16m:9s (0h:0m:9s left)
Optimizing NNI: done in 0.785262 secs using 794% CPU
Optimizing NNI: done in 0.809479 secs using 794% CPU
Optimizing NNI: done in 0.930939 secs using 793.5% CPU
Optimizing NNI: done in 0.942859 secs using 794.1% CPU
Optimizing NNI: done in 0.859548 secs using 793.2% CPU
Optimizing NNI: done in 0.64505 secs using 791.9% CPU
Optimizing NNI: done in 1.07092 secs using 793.2% CPU
Optimizing NNI: done in 0.776341 secs using 793.3% CPU
Optimizing NNI: done in 1.15101 secs using 793.7% CPU
Optimizing NNI: done in 1.21171 secs using 793.9% CPU
Iteration 1000 / LogL: -6514.001 / Time: 0h:16m:19s (0h:0m:0s left)
Log-likelihood cutoff on original alignment: -6585.706
NOTE: Bootstrap correlation coefficient of split occurrence frequencies: 0.980
NOTE: UFBoot does not converge, continue at least 100 more iterations
Optimizing NNI: done in 1.28246 secs using 793.7% CPU
WARNING: bootstrap analysis did not converge. You should rerun with higher number of iterations (-nm option)
TREE SEARCH COMPLETED AFTER 1001 ITERATIONS / Time: 0h:16m:21s

--------------------------------------------------------------------
|                    FINALIZING TREE SEARCH                        |
--------------------------------------------------------------------
Performs final model parameters optimization
Estimate model parameters (epsilon = 0.010)
1. Initial log-likelihood: -6507.599
Optimal log-likelihood: -6507.599
Gamma shape alpha: 0.744
Parameters optimization took 1 rounds (0.063 sec)
BEST SCORE FOUND : -6507.599
Creating bootstrap support values...
Split supports printed to NEXUS file results/per_year_clustered/H3N2/trees/H3N2_2025_with_designs.splits.nex
Total tree length: 2.695

Total number of iterations: 1001
CPU time used for tree search: 7405.145 sec (2h:3m:25s)
Wall-clock time used for tree search: 979.997 sec (0h:16m:19s)
Total CPU time used: 7417.677 sec (2h:3m:37s)
Total wall-clock time used: 981.967 sec (0h:16m:21s)

Computing bootstrap consensus tree...
Reading input file results/per_year_clustered/H3N2/trees/H3N2_2025_with_designs.splits.nex...
107 taxa and 2624 splits.
Consensus tree written to results/per_year_clustered/H3N2/trees/H3N2_2025_with_designs.contree
Reading input trees file results/per_year_clustered/H3N2/trees/H3N2_2025_with_designs.contree
Log-likelihood of consensus tree: -6509.138

Analysis results written to: 
  IQ-TREE report:                results/per_year_clustered/H3N2/trees/H3N2_2025_with_designs.iqtree
  Maximum-likelihood tree:       results/per_year_clustered/H3N2/trees/H3N2_2025_with_designs.treefile
  Likelihood distances:          results/per_year_clustered/H3N2/trees/H3N2_2025_with_designs.mldist

Ultrafast bootstrap approximation results written to:
  Split support values:          results/per_year_clustered/H3N2/trees/H3N2_2025_with_designs.splits.nex
  Consensus tree:                results/per_year_clustered/H3N2/trees/H3N2_2025_with_designs.contree
  Screen log file:               results/per_year_clustered/H3N2/trees/H3N2_2025_with_designs.log

Date and Time: Sat Nov 22 11:29:43 2025
