IQ-TREE version 3.0.1 for Linux x86 64-bit built Jul  9 2025
Developed by Bui Quang Minh, Thomas Wong, Nhan Ly-Trong, Huaiyan Ren
Contributed by Lam-Tung Nguyen, Dominik Schrempf, Chris Bielow,
Olga Chernomor, Michael Woodhams, Diep Thi Hoang, Heiko Schmidt

Host:    rtis-hpc-r09.uod.otago.ac.nz (AVX2, FMA3, 1006 GB RAM)
Command: iqtree -s results/per_year_clustered/VicB/alignments/VicB_2025_aligned.fasta -m LG+G4 -bb 1000 -nt 16 -pre results/per_year_clustered/VicB/trees/VicB_2025 -redo -quiet
Seed:    963441 (Using SPRNG - Scalable Parallel Random Number Generator)
Time:    Thu Nov 20 20:13:05 2025
Kernel:  AVX+FMA - 16 threads (16 CPU cores detected)

Reading alignment file results/per_year_clustered/VicB/alignments/VicB_2025_aligned.fasta ... Fasta format detected
Reading fasta file: done in 0.000119353 secs using 25.14% CPU
Alignment most likely contains protein sequences
Constructing alignment: done in 0.000291436 secs using 96.76% CPU
Alignment has 11 sequences with 582 columns, 63 distinct patterns
7 parsimony-informative, 36 singleton sites, 539 constant sites
                                                                       Gap/Ambiguity  Composition  p-value
Analyzing sequences: done in 0.0123739 secs using 1481% CPU
   1  EPI4318329|HA|B/Ulaanbaatar/1708/2025|EPI_ISL_19861772|B                 0.00%    passed    100.00%
   2  EPI4596072|HA|B/Fujian-Siming/1235/2025|EPI_ISL_20099448|B               0.00%    passed    100.00%
   3  EPI4627777|HA|B/Bangkok/P2354/2025|EPI_ISL_20138771|B                    0.00%    passed    100.00%
   4  EPI4026808|HA|B/Phra_Nakhon_Si_Ayutthaya/F322/2025|EPI_ISL_19753676|B    0.00%    passed    100.00%
   5  EPI4563632|HA|B/EHIME/26/2025|EPI_ISL_20085701|B                         0.00%    passed    100.00%
   6  EPI4472467|HA|B/California/IVY-G25Z01W9/2025|EPI_ISL_20058768|B          0.00%    passed    100.00%
   7  EPI4474456|HA|B/Massachusetts/ISC-1120/2025|EPI_ISL_20059345|B           0.00%    passed    100.00%
   8  EPI4329454|HA|B/Massachusetts/ISC-1065/2025|EPI_ISL_19864948|B           0.00%    passed    100.00%
   9  EPI4074303|HA|B/Massachusetts/ISC-1029/2025|EPI_ISL_19771201|B           0.00%    passed    100.00%
  10  EPI4552932|HA|B/Colorado/47/2025|EPI_ISL_20080846|B                      0.00%    passed    100.00%
  11  EPI4626761|HA|B/Perth/22/2025|EPI_ISL_20138587|B                         0.00%    passed    100.00%
****  TOTAL                                                                    0.00%  0 sequences failed composition chi2 test (p-value<5%; df=19)
Checking for duplicate sequences: done in 0.00248991 secs using 1508% CPU
Creating fast initial parsimony tree by random order stepwise addition...
0.005 seconds, parsimony score: 54 (based on 43 sites)
Generating 1000 samples for ultrafast bootstrap (seed: 963441)...
WARNING: 16 threads for alignment length 63 will slow down analysis

NOTE: 0 MB RAM (0 GB) is required!
WARNING: Number of threads seems too high for short alignments. Use -T AUTO to determine best number of threads.
Estimate model parameters (epsilon = 0.100)
1. Initial log-likelihood: -2119.593
2. Current log-likelihood: -2114.519
Optimal log-likelihood: -2114.510
Gamma shape alpha: 0.020
Parameters optimization took 2 rounds (0.025 sec)
Wrote distance file to... 
Computing ML distances based on estimated model parameters...
Calculating distance matrix: done in 0.0124392 secs using 1356% CPU
Computing ML distances took 0.056157 sec (of wall-clock time) 0.616262 sec (of CPU time)
Setting up auxiliary I and S matrices: done in 0.00127471 secs using 156.1% CPU
Constructing RapidNJ tree: done in 0.013979 secs using 38.95% CPU
Computing RapidNJ tree took 0.015321 sec (of wall-clock time) 0.007543 sec (of CPU time)
Log-likelihood of RapidNJ tree: -2120.533
--------------------------------------------------------------------
|             INITIALIZING CANDIDATE TREE SET                      |
--------------------------------------------------------------------
Generating 98 parsimony trees... 0.044 second
Computing log-likelihood of 98 initial trees ... 0.235 seconds
Current best score: -2114.510

Do NNI search on 20 best initial trees
Optimizing NNI: done in 0.459113 secs using 1134% CPU
Estimate model parameters (epsilon = 0.100)
BETTER TREE FOUND at iteration 1: -2114.509
Optimizing NNI: done in 0.433021 secs using 1271% CPU
BETTER TREE FOUND at iteration 2: -2114.509
Optimizing NNI: done in 0.479989 secs using 1004% CPU
Optimizing NNI: done in 0.423084 secs using 1259% CPU
Optimizing NNI: done in 0.801428 secs using 1216% CPU
Optimizing NNI: done in 0.937763 secs using 1107% CPU
Optimizing NNI: done in 1.08684 secs using 1006% CPU
Optimizing NNI: done in 1.2 secs using 901.8% CPU
UPDATE BEST LOG-LIKELIHOOD: -2114.509
Optimizing NNI: done in 1.34495 secs using 827.3% CPU
Optimizing NNI: done in 1.01928 secs using 1073% CPU
Iteration 10 / LogL: -2114.510 / Time: 0h:0m:8s
Optimizing NNI: done in 0.915635 secs using 1131% CPU
Optimizing NNI: done in 0.961777 secs using 1124% CPU
Optimizing NNI: done in 0.857002 secs using 1247% CPU
Optimizing NNI: done in 0.854587 secs using 1237% CPU
Optimizing NNI: done in 0.958554 secs using 1094% CPU
Optimizing NNI: done in 0.890399 secs using 1182% CPU
Optimizing NNI: done in 1.01685 secs using 1042% CPU
Optimizing NNI: done in 0.935333 secs using 1092% CPU
Optimizing NNI: done in 1.06876 secs using 981.3% CPU
Optimizing NNI: done in 0.442951 secs using 1122% CPU
Iteration 20 / LogL: -2116.907 / Time: 0h:0m:18s
Finish initializing candidate tree set (16)
Current best tree score: -2114.509 / CPU time: 17.994
Number of iterations: 20
--------------------------------------------------------------------
|               OPTIMIZING CANDIDATE TREE SET                      |
--------------------------------------------------------------------
Optimizing NNI: done in 1.82268 secs using 955.7% CPU
Optimizing NNI: done in 1.12439 secs using 883.2% CPU
Optimizing NNI: done in 1.52528 secs using 904.1% CPU
Optimizing NNI: done in 1.47963 secs using 1012% CPU
Optimizing NNI: done in 0.993619 secs using 913.8% CPU
Optimizing NNI: done in 1.28879 secs using 992.4% CPU
Optimizing NNI: done in 0.454624 secs using 1072% CPU
Optimizing NNI: done in 0.951667 secs using 1002% CPU
Optimizing NNI: done in 1.06555 secs using 986.8% CPU
Optimizing NNI: done in 0.650557 secs using 855.3% CPU
Iteration 30 / LogL: -2114.509 / Time: 0h:0m:29s (0h:1m:14s left)
Optimizing NNI: done in 1.08265 secs using 1004% CPU
Optimizing NNI: done in 0.93451 secs using 920.7% CPU
Optimizing NNI: done in 0.828046 secs using 1136% CPU
Optimizing NNI: done in 0.82834 secs using 1157% CPU
Optimizing NNI: done in 0.908509 secs using 1092% CPU
Optimizing NNI: done in 0.854713 secs using 1031% CPU
Optimizing NNI: done in 1.02292 secs using 963% CPU
Optimizing NNI: done in 1.51336 secs using 868.5% CPU
Optimizing NNI: done in 1.02979 secs using 903.1% CPU
Optimizing NNI: done in 1.64927 secs using 876.3% CPU
Iteration 40 / LogL: -2114.509 / Time: 0h:0m:40s (0h:1m:4s left)
Optimizing NNI: done in 0.538858 secs using 1008% CPU
Optimizing NNI: done in 1.3893 secs using 973.4% CPU
Optimizing NNI: done in 0.444187 secs using 1163% CPU
Optimizing NNI: done in 1.48464 secs using 1043% CPU
Optimizing NNI: done in 1.2465 secs using 1089% CPU
Optimizing NNI: done in 0.947429 secs using 1097% CPU
Optimizing NNI: done in 1.05093 secs using 969% CPU
Optimizing NNI: done in 1.11429 secs using 980.3% CPU
Optimizing NNI: done in 1.59537 secs using 1050% CPU
UPDATE BEST LOG-LIKELIHOOD: -2114.509
Optimizing NNI: done in 1.34949 secs using 1112% CPU
Iteration 50 / LogL: -2114.511 / Time: 0h:0m:52s (0h:0m:55s left)
Log-likelihood cutoff on original alignment: -2126.997
Optimizing NNI: done in 1.14776 secs using 882.7% CPU
Optimizing NNI: done in 1.11809 secs using 926.6% CPU
Optimizing NNI: done in 0.862131 secs using 1087% CPU
Optimizing NNI: done in 3.23638 secs using 900.5% CPU
Optimizing NNI: done in 1.58957 secs using 867.5% CPU
Optimizing NNI: done in 1.10526 secs using 884.5% CPU
Optimizing NNI: done in 0.916922 secs using 1094% CPU
Optimizing NNI: done in 1.41982 secs using 1014% CPU
Optimizing NNI: done in 1.00827 secs using 893.1% CPU
Optimizing NNI: done in 2.73228 secs using 870.7% CPU
Iteration 60 / LogL: -2114.510 / Time: 0h:1m:7s (0h:0m:48s left)
Optimizing NNI: done in 1.33407 secs using 990.3% CPU
Optimizing NNI: done in 1.17479 secs using 886.4% CPU
Optimizing NNI: done in 1.00918 secs using 973.4% CPU
Optimizing NNI: done in 1.2172 secs using 812.1% CPU
Optimizing NNI: done in 1.4814 secs using 972.9% CPU
Optimizing NNI: done in 0.499283 secs using 1046% CPU
Optimizing NNI: done in 1.00372 secs using 881.1% CPU
Optimizing NNI: done in 1.28188 secs using 848% CPU
Optimizing NNI: done in 1.63064 secs using 912.1% CPU
Optimizing NNI: done in 0.909606 secs using 989.2% CPU
Iteration 70 / LogL: -2114.510 / Time: 0h:1m:19s (0h:0m:37s left)
Optimizing NNI: done in 0.898495 secs using 1127% CPU
Optimizing NNI: done in 1.38797 secs using 963.2% CPU
Optimizing NNI: done in 1.48924 secs using 1067% CPU
Optimizing NNI: done in 2.4162 secs using 981% CPU
Optimizing NNI: done in 1.74725 secs using 901.2% CPU
Optimizing NNI: done in 1.27602 secs using 958.5% CPU
Optimizing NNI: done in 0.937897 secs using 902.4% CPU
Optimizing NNI: done in 0.604792 secs using 933.9% CPU
Optimizing NNI: done in 1.64777 secs using 990.3% CPU
UPDATE BEST LOG-LIKELIHOOD: -2114.509
Optimizing NNI: done in 1.06879 secs using 944.5% CPU
Iteration 80 / LogL: -2114.510 / Time: 0h:1m:33s (0h:0m:26s left)
Optimizing NNI: done in 1.15794 secs using 866.3% CPU
Optimizing NNI: done in 0.635973 secs using 862.4% CPU
Optimizing NNI: done in 1.3415 secs using 819.5% CPU
Optimizing NNI: done in 1.58205 secs using 874.5% CPU
Optimizing NNI: done in 1.02724 secs using 1017% CPU
Optimizing NNI: done in 0.532905 secs using 1017% CPU
Optimizing NNI: done in 1.27781 secs using 930.6% CPU
Optimizing NNI: done in 1.04218 secs using 940% CPU
Optimizing NNI: done in 1.21718 secs using 851.4% CPU
Optimizing NNI: done in 1.37777 secs using 785.5% CPU
UPDATE BEST LOG-LIKELIHOOD: -2114.509
Iteration 90 / LogL: -2114.509 / Time: 0h:1m:45s (0h:0m:14s left)
Optimizing NNI: done in 0.667638 secs using 830.1% CPU
Optimizing NNI: done in 1.23155 secs using 805% CPU
Optimizing NNI: done in 1.45512 secs using 949.2% CPU
Optimizing NNI: done in 1.25872 secs using 823.9% CPU
Optimizing NNI: done in 0.524973 secs using 977.2% CPU
Optimizing NNI: done in 1.09255 secs using 828.5% CPU
Optimizing NNI: done in 1.60381 secs using 786.7% CPU
Optimizing NNI: done in 1.58885 secs using 827.9% CPU
Optimizing NNI: done in 0.50348 secs using 1036% CPU
Optimizing NNI: done in 0.98975 secs using 1027% CPU
Iteration 100 / LogL: -2114.509 / Time: 0h:1m:56s (0h:0m:2s left)
Log-likelihood cutoff on original alignment: -2128.305
NOTE: Bootstrap correlation coefficient of split occurrence frequencies: 0.968
NOTE: UFBoot does not converge, continue at least 100 more iterations
Optimizing NNI: done in 0.90045 secs using 1018% CPU
Optimizing NNI: done in 1.26135 secs using 964.5% CPU
Optimizing NNI: done in 0.800796 secs using 1075% CPU
Optimizing NNI: done in 1.56137 secs using 961% CPU
Optimizing NNI: done in 1.06976 secs using 801.4% CPU
Optimizing NNI: done in 0.48243 secs using 1095% CPU
Optimizing NNI: done in 1.06043 secs using 951.8% CPU
Optimizing NNI: done in 0.363419 secs using 1080% CPU
Optimizing NNI: done in 1.32691 secs using 1075% CPU
Optimizing NNI: done in 1.21741 secs using 876.5% CPU
Iteration 110 / LogL: -2114.509 / Time: 0h:2m:6s (0h:1m:44s left)
Optimizing NNI: done in 1.4519 secs using 836.8% CPU
Optimizing NNI: done in 1.21245 secs using 826.8% CPU
Optimizing NNI: done in 1.71462 secs using 899.1% CPU
Optimizing NNI: done in 0.945491 secs using 991.4% CPU
Optimizing NNI: done in 1.86335 secs using 856% CPU
Optimizing NNI: done in 1.50861 secs using 753.7% CPU
Optimizing NNI: done in 0.960904 secs using 1008% CPU
Optimizing NNI: done in 0.575445 secs using 915.7% CPU
Optimizing NNI: done in 1.03262 secs using 983.4% CPU
Optimizing NNI: done in 0.995641 secs using 1018% CPU
Iteration 120 / LogL: -2114.509 / Time: 0h:2m:19s (0h:1m:33s left)
Optimizing NNI: done in 1.31745 secs using 818.2% CPU
Optimizing NNI: done in 1.00694 secs using 947.6% CPU
Optimizing NNI: done in 1.02639 secs using 928.5% CPU
Optimizing NNI: done in 0.880079 secs using 1085% CPU
Optimizing NNI: done in 1.16625 secs using 1047% CPU
Optimizing NNI: done in 1.47952 secs using 853.7% CPU
Optimizing NNI: done in 0.710013 secs using 802.5% CPU
Optimizing NNI: done in 1.47878 secs using 925.1% CPU
Optimizing NNI: done in 0.496865 secs using 1075% CPU
Optimizing NNI: done in 1.04871 secs using 965% CPU
Iteration 130 / LogL: -2114.512 / Time: 0h:2m:30s (0h:1m:21s left)
Optimizing NNI: done in 1.61715 secs using 962.7% CPU
Optimizing NNI: done in 1.03452 secs using 989.3% CPU
Optimizing NNI: done in 1.26136 secs using 1016% CPU
Optimizing NNI: done in 1.30729 secs using 972.9% CPU
Optimizing NNI: done in 1.58019 secs using 900% CPU
Optimizing NNI: done in 2.41001 secs using 928.8% CPU
Optimizing NNI: done in 1.31637 secs using 1084% CPU
Optimizing NNI: done in 1.71069 secs using 1072% CPU
Optimizing NNI: done in 1.41199 secs using 1057% CPU
Optimizing NNI: done in 1.05236 secs using 951.1% CPU
Iteration 140 / LogL: -2114.509 / Time: 0h:2m:45s (0h:1m:11s left)
Optimizing NNI: done in 0.910027 secs using 1128% CPU
Optimizing NNI: done in 0.701012 secs using 1038% CPU
Optimizing NNI: done in 2.10296 secs using 1124% CPU
Optimizing NNI: done in 0.751519 secs using 1146% CPU
Optimizing NNI: done in 1.11555 secs using 1181% CPU
Optimizing NNI: done in 1.53136 secs using 962.2% CPU
Optimizing NNI: done in 1.05256 secs using 926.7% CPU
Optimizing NNI: done in 1.05759 secs using 979.4% CPU
Optimizing NNI: done in 1.3347 secs using 1016% CPU
Optimizing NNI: done in 1.40425 secs using 957.1% CPU
Iteration 150 / LogL: -2114.509 / Time: 0h:2m:57s (0h:0m:59s left)
Log-likelihood cutoff on original alignment: -2128.060
Optimizing NNI: done in 1.14473 secs using 894.4% CPU
Optimizing NNI: done in 0.520996 secs using 1087% CPU
Optimizing NNI: done in 1.07865 secs using 1002% CPU
Optimizing NNI: done in 1.31628 secs using 908.5% CPU
Optimizing NNI: done in 1.3582 secs using 1020% CPU
Optimizing NNI: done in 1.33893 secs using 1076% CPU
Optimizing NNI: done in 0.793895 secs using 1162% CPU
Optimizing NNI: done in 0.760981 secs using 1159% CPU
Optimizing NNI: done in 0.827949 secs using 1140% CPU
Optimizing NNI: done in 0.982621 secs using 1047% CPU
Iteration 160 / LogL: -2114.509 / Time: 0h:3m:8s (0h:0m:47s left)
Optimizing NNI: done in 0.890092 secs using 1122% CPU
Optimizing NNI: done in 1.04524 secs using 1022% CPU
Optimizing NNI: done in 0.607796 secs using 912.7% CPU
Optimizing NNI: done in 0.635414 secs using 862.7% CPU
Optimizing NNI: done in 0.941611 secs using 911.1% CPU
Optimizing NNI: done in 0.374316 secs using 904.6% CPU
Optimizing NNI: done in 1.05885 secs using 960.7% CPU
Optimizing NNI: done in 1.13418 secs using 983.8% CPU
Optimizing NNI: done in 0.760701 secs using 1093% CPU
Optimizing NNI: done in 0.491718 secs using 1076% CPU
Iteration 170 / LogL: -2114.509 / Time: 0h:3m:16s (0h:0m:34s left)
Optimizing NNI: done in 1.02301 secs using 1071% CPU
Optimizing NNI: done in 2.11248 secs using 865.4% CPU
Optimizing NNI: done in 1.87137 secs using 752.2% CPU
Optimizing NNI: done in 0.755256 secs using 765.9% CPU
Optimizing NNI: done in 1.03854 secs using 903% CPU
Optimizing NNI: done in 1.04143 secs using 1001% CPU
Optimizing NNI: done in 1.13516 secs using 1022% CPU
Optimizing NNI: done in 1.20099 secs using 837.5% CPU
Optimizing NNI: done in 1.05086 secs using 859.5% CPU
Optimizing NNI: done in 1.22589 secs using 847.5% CPU
Iteration 180 / LogL: -2114.509 / Time: 0h:3m:29s (0h:0m:23s left)
Optimizing NNI: done in 1.56433 secs using 938.4% CPU
Optimizing NNI: done in 1.18208 secs using 796.7% CPU
Optimizing NNI: done in 2.49641 secs using 979.6% CPU
Optimizing NNI: done in 1.00541 secs using 981.5% CPU
Optimizing NNI: done in 0.860568 secs using 938.6% CPU
Optimizing NNI: done in 1.5681 secs using 944.8% CPU
Optimizing NNI: done in 0.929476 secs using 995.4% CPU
Optimizing NNI: done in 1.70969 secs using 857% CPU
Optimizing NNI: done in 0.91584 secs using 1035% CPU
Optimizing NNI: done in 1.43341 secs using 1013% CPU
Iteration 190 / LogL: -2114.510 / Time: 0h:3m:43s (0h:0m:11s left)
Optimizing NNI: done in 1.42113 secs using 1088% CPU
Optimizing NNI: done in 1.14521 secs using 1061% CPU
Optimizing NNI: done in 0.557947 secs using 1038% CPU
Optimizing NNI: done in 0.755191 secs using 1104% CPU
Optimizing NNI: done in 0.983599 secs using 1082% CPU
Optimizing NNI: done in 0.63954 secs using 1246% CPU
Optimizing NNI: done in 0.817023 secs using 1263% CPU
Optimizing NNI: done in 0.884009 secs using 1071% CPU
Optimizing NNI: done in 1.09573 secs using 823.4% CPU
Optimizing NNI: done in 1.12046 secs using 896.5% CPU
Iteration 200 / LogL: -2114.509 / Time: 0h:3m:53s (0h:0m:0s left)
Log-likelihood cutoff on original alignment: -2128.726
NOTE: Bootstrap correlation coefficient of split occurrence frequencies: 0.953
NOTE: UFBoot does not converge, continue at least 100 more iterations
Optimizing NNI: done in 1.01848 secs using 885.8% CPU
Optimizing NNI: done in 0.926956 secs using 961.7% CPU
Optimizing NNI: done in 1.41777 secs using 960.2% CPU
Optimizing NNI: done in 1.31894 secs using 985.5% CPU
Optimizing NNI: done in 0.933801 secs using 1059% CPU
Optimizing NNI: done in 1.07522 secs using 987.7% CPU
Optimizing NNI: done in 1.21809 secs using 905.4% CPU
Optimizing NNI: done in 2.50806 secs using 980.3% CPU
Optimizing NNI: done in 1.00429 secs using 931.2% CPU
Optimizing NNI: done in 0.595107 secs using 898.6% CPU
Iteration 210 / LogL: -2114.509 / Time: 0h:4m:5s (0h:1m:45s left)
Optimizing NNI: done in 0.916182 secs using 1033% CPU
Optimizing NNI: done in 0.876058 secs using 1002% CPU
Optimizing NNI: done in 2.39807 secs using 912.8% CPU
Optimizing NNI: done in 0.918215 secs using 965.3% CPU
UPDATE BEST LOG-LIKELIHOOD: -2114.509
Optimizing NNI: done in 0.905392 secs using 1024% CPU
Optimizing NNI: done in 0.468595 secs using 1170% CPU
Optimizing NNI: done in 1.02906 secs using 902.7% CPU
Optimizing NNI: done in 1.33409 secs using 992.8% CPU
Optimizing NNI: done in 0.97512 secs using 957.3% CPU
Optimizing NNI: done in 0.873016 secs using 1109% CPU
Iteration 220 / LogL: -2114.511 / Time: 0h:4m:16s (0h:1m:33s left)
Optimizing NNI: done in 1.05782 secs using 879.1% CPU
Optimizing NNI: done in 1.16686 secs using 954.8% CPU
Optimizing NNI: done in 1.23692 secs using 1120% CPU
Optimizing NNI: done in 0.55191 secs using 952.1% CPU
Optimizing NNI: done in 1.52658 secs using 941.4% CPU
Optimizing NNI: done in 1.50952 secs using 1021% CPU
Optimizing NNI: done in 1.31828 secs using 1016% CPU
Optimizing NNI: done in 1.00065 secs using 1034% CPU
Optimizing NNI: done in 0.923747 secs using 1028% CPU
Optimizing NNI: done in 0.899326 secs using 1108% CPU
Iteration 230 / LogL: -2114.510 / Time: 0h:4m:28s (0h:1m:22s left)
Optimizing NNI: done in 0.452803 secs using 1161% CPU
Optimizing NNI: done in 1.66019 secs using 996.9% CPU
Optimizing NNI: done in 1.56718 secs using 909.1% CPU
Optimizing NNI: done in 0.887851 secs using 1151% CPU
Optimizing NNI: done in 1.05127 secs using 816.2% CPU
Optimizing NNI: done in 1.35611 secs using 861.1% CPU
Optimizing NNI: done in 1.66726 secs using 869.7% CPU
Optimizing NNI: done in 1.94184 secs using 792.4% CPU
Optimizing NNI: done in 1.16267 secs using 1061% CPU
Optimizing NNI: done in 1.12538 secs using 982.5% CPU
Iteration 240 / LogL: -2114.510 / Time: 0h:4m:41s (0h:1m:10s left)
Optimizing NNI: done in 2.46334 secs using 982.7% CPU
Optimizing NNI: done in 1.10849 secs using 778.9% CPU
Optimizing NNI: done in 1.19701 secs using 712.8% CPU
Optimizing NNI: done in 1.51423 secs using 740.3% CPU
Optimizing NNI: done in 1.54856 secs using 968.7% CPU
Optimizing NNI: done in 0.996365 secs using 1012% CPU
Optimizing NNI: done in 0.528061 secs using 1064% CPU
Optimizing NNI: done in 0.836569 secs using 1136% CPU
Optimizing NNI: done in 1.2417 secs using 1138% CPU
Optimizing NNI: done in 1.62645 secs using 1020% CPU
Iteration 250 / LogL: -2114.511 / Time: 0h:4m:55s (0h:0m:59s left)
Log-likelihood cutoff on original alignment: -2129.589
Optimizing NNI: done in 1.03068 secs using 1021% CPU
Optimizing NNI: done in 1.02809 secs using 959.9% CPU
Optimizing NNI: done in 1.63432 secs using 896.4% CPU
Optimizing NNI: done in 0.497995 secs using 1045% CPU
Optimizing NNI: done in 0.887042 secs using 1148% CPU
Optimizing NNI: done in 1.12783 secs using 928.8% CPU
Optimizing NNI: done in 1.53124 secs using 799.7% CPU
Optimizing NNI: done in 1.83484 secs using 824.7% CPU
Optimizing NNI: done in 2.49055 secs using 932.7% CPU
Optimizing NNI: done in 1.20946 secs using 895% CPU
Iteration 260 / LogL: -2114.509 / Time: 0h:5m:8s (0h:0m:47s left)
Optimizing NNI: done in 2.00166 secs using 800.8% CPU
Optimizing NNI: done in 1.63251 secs using 902.1% CPU
Optimizing NNI: done in 1.47148 secs using 852.9% CPU
Optimizing NNI: done in 1.704 secs using 947.6% CPU
Optimizing NNI: done in 1.10943 secs using 854.5% CPU
Optimizing NNI: done in 1.40764 secs using 799% CPU
Optimizing NNI: done in 1.10993 secs using 873.7% CPU
Optimizing NNI: done in 1.30388 secs using 827.5% CPU
Optimizing NNI: done in 1.27065 secs using 864.6% CPU
Optimizing NNI: done in 1.23668 secs using 1003% CPU
Iteration 270 / LogL: -2114.509 / Time: 0h:5m:23s (0h:0m:36s left)
Optimizing NNI: done in 1.01574 secs using 929% CPU
Optimizing NNI: done in 1.04715 secs using 944.9% CPU
UPDATE BEST LOG-LIKELIHOOD: -2114.509
Optimizing NNI: done in 1.50837 secs using 1024% CPU
Optimizing NNI: done in 0.989684 secs using 983% CPU
Optimizing NNI: done in 1.48551 secs using 911.1% CPU
Optimizing NNI: done in 1.17206 secs using 980% CPU
Optimizing NNI: done in 1.06082 secs using 1030% CPU
Optimizing NNI: done in 0.968401 secs using 1019% CPU
Optimizing NNI: done in 1.22316 secs using 887.2% CPU
Optimizing NNI: done in 1.64269 secs using 947.7% CPU
Iteration 280 / LogL: -2114.510 / Time: 0h:5m:36s (0h:0m:24s left)
Optimizing NNI: done in 1.72066 secs using 905.1% CPU
Optimizing NNI: done in 1.05463 secs using 968.6% CPU
Optimizing NNI: done in 1.84625 secs using 876.1% CPU
Optimizing NNI: done in 1.60463 secs using 952.8% CPU
Optimizing NNI: done in 1.09878 secs using 989.4% CPU
Optimizing NNI: done in 0.756139 secs using 1053% CPU
Optimizing NNI: done in 1.0365 secs using 955% CPU
Optimizing NNI: done in 1.41545 secs using 957% CPU
Optimizing NNI: done in 1.04049 secs using 844.8% CPU
Optimizing NNI: done in 1.03461 secs using 950.7% CPU
Iteration 290 / LogL: -2114.509 / Time: 0h:5m:49s (0h:0m:12s left)
Optimizing NNI: done in 0.572648 secs using 953.4% CPU
Optimizing NNI: done in 1.41412 secs using 1010% CPU
Optimizing NNI: done in 1.75175 secs using 851.9% CPU
Optimizing NNI: done in 1.19807 secs using 1026% CPU
Optimizing NNI: done in 1.35366 secs using 1026% CPU
Optimizing NNI: done in 1.03779 secs using 1018% CPU
Optimizing NNI: done in 1.37907 secs using 1116% CPU
Optimizing NNI: done in 1.21268 secs using 1150% CPU
Optimizing NNI: done in 0.907438 secs using 1123% CPU
Optimizing NNI: done in 1.27351 secs using 1168% CPU
Iteration 300 / LogL: -2114.510 / Time: 0h:6m:1s (0h:0m:0s left)
Log-likelihood cutoff on original alignment: -2129.939
NOTE: Bootstrap correlation coefficient of split occurrence frequencies: 0.989
NOTE: UFBoot does not converge, continue at least 100 more iterations
Optimizing NNI: done in 1.71641 secs using 883% CPU
Optimizing NNI: done in 1.29129 secs using 802.1% CPU
Optimizing NNI: done in 1.13369 secs using 878.9% CPU
Optimizing NNI: done in 1.22148 secs using 827.2% CPU
Optimizing NNI: done in 1.24974 secs using 846.5% CPU
Optimizing NNI: done in 0.831663 secs using 1108% CPU
Optimizing NNI: done in 1.60465 secs using 931.4% CPU
Optimizing NNI: done in 1.19253 secs using 1166% CPU
Optimizing NNI: done in 1.49791 secs using 897.2% CPU
Optimizing NNI: done in 0.911066 secs using 996.3% CPU
Iteration 310 / LogL: -2120.620 / Time: 0h:6m:14s (0h:1m:49s left)
Optimizing NNI: done in 1.45232 secs using 973.2% CPU
Optimizing NNI: done in 0.529148 secs using 1009% CPU
Optimizing NNI: done in 1.04721 secs using 963.1% CPU
Optimizing NNI: done in 1.60774 secs using 936.3% CPU
Optimizing NNI: done in 1.28144 secs using 845% CPU
Optimizing NNI: done in 1.74271 secs using 878.9% CPU
Optimizing NNI: done in 1.14956 secs using 915.1% CPU
Optimizing NNI: done in 0.987783 secs using 966% CPU
Optimizing NNI: done in 0.542365 secs using 1014% CPU
Optimizing NNI: done in 1.00566 secs using 966.9% CPU
Iteration 320 / LogL: -2117.714 / Time: 0h:6m:26s (0h:1m:36s left)
Optimizing NNI: done in 0.967318 secs using 1058% CPU
Optimizing NNI: done in 1.04982 secs using 958.6% CPU
Optimizing NNI: done in 0.861203 secs using 1190% CPU
Optimizing NNI: done in 1.45595 secs using 1005% CPU
Optimizing NNI: done in 1.01254 secs using 1076% CPU
Optimizing NNI: done in 1.70742 secs using 899.8% CPU
Optimizing NNI: done in 0.871599 secs using 1042% CPU
Optimizing NNI: done in 0.805916 secs using 1076% CPU
Optimizing NNI: done in 1.13463 secs using 892% CPU
Optimizing NNI: done in 1.57716 secs using 933.4% CPU
Iteration 330 / LogL: -2114.510 / Time: 0h:6m:38s (0h:1m:24s left)
Optimizing NNI: done in 1.38641 secs using 1020% CPU
Optimizing NNI: done in 1.40163 secs using 974.1% CPU
Optimizing NNI: done in 0.623031 secs using 891.9% CPU
Optimizing NNI: done in 1.0293 secs using 977.2% CPU
Optimizing NNI: done in 1.37829 secs using 866.9% CPU
Optimizing NNI: done in 0.579959 secs using 955.9% CPU
Optimizing NNI: done in 1.57343 secs using 799.8% CPU
Optimizing NNI: done in 1.2833 secs using 796.8% CPU
Optimizing NNI: done in 1.65947 secs using 879.9% CPU
Optimizing NNI: done in 0.870372 secs using 1176% CPU
Iteration 340 / LogL: -2114.509 / Time: 0h:6m:50s (0h:1m:12s left)
Optimizing NNI: done in 1.2027 secs using 1137% CPU
Optimizing NNI: done in 1.64134 secs using 883.1% CPU
Optimizing NNI: done in 1.76578 secs using 746.1% CPU
Optimizing NNI: done in 0.958499 secs using 1027% CPU
Optimizing NNI: done in 1.0847 secs using 975% CPU
Optimizing NNI: done in 0.552472 secs using 979.8% CPU
Optimizing NNI: done in 1.105 secs using 869.8% CPU
Optimizing NNI: done in 0.786615 secs using 1089% CPU
Optimizing NNI: done in 0.587251 secs using 948.2% CPU
Optimizing NNI: done in 1.05285 secs using 959.8% CPU
Iteration 350 / LogL: -2114.510 / Time: 0h:7m:1s (0h:1m:0s left)
Log-likelihood cutoff on original alignment: -2131.307
Optimizing NNI: done in 0.971159 secs using 981.8% CPU
Optimizing NNI: done in 1.5805 secs using 894.4% CPU
Optimizing NNI: done in 1.0799 secs using 1003% CPU
Optimizing NNI: done in 1.41784 secs using 1027% CPU
Optimizing NNI: done in 1.62646 secs using 780.4% CPU
Optimizing NNI: done in 0.908039 secs using 1051% CPU
Optimizing NNI: done in 1.13659 secs using 885.7% CPU
Optimizing NNI: done in 1.76776 secs using 860.4% CPU
Optimizing NNI: done in 1.2635 secs using 876.8% CPU
Optimizing NNI: done in 1.01421 secs using 909.2% CPU
Iteration 360 / LogL: -2114.511 / Time: 0h:7m:14s (0h:0m:48s left)
Optimizing NNI: done in 1.96141 secs using 1092% CPU
Optimizing NNI: done in 0.957405 secs using 1140% CPU
Optimizing NNI: done in 0.940578 secs using 1022% CPU
Optimizing NNI: done in 0.86089 secs using 1207% CPU
Optimizing NNI: done in 1.73072 secs using 1040% CPU
Optimizing NNI: done in 1.24476 secs using 822.6% CPU
Optimizing NNI: done in 1.4331 secs using 720% CPU
Optimizing NNI: done in 1.90589 secs using 708.6% CPU
Optimizing NNI: done in 1.32567 secs using 721.5% CPU
Optimizing NNI: done in 2.05876 secs using 716% CPU
Iteration 370 / LogL: -2114.511 / Time: 0h:7m:29s (0h:0m:36s left)
Optimizing NNI: done in 2.07265 secs using 953.6% CPU
Optimizing NNI: done in 1.53747 secs using 923.6% CPU
Optimizing NNI: done in 1.75915 secs using 905% CPU
Optimizing NNI: done in 2.10997 secs using 852.5% CPU
Optimizing NNI: done in 2.38824 secs using 1025% CPU
Optimizing NNI: done in 2.77554 secs using 724.5% CPU
Optimizing NNI: done in 1.98291 secs using 779% CPU
Optimizing NNI: done in 2.00465 secs using 761.7% CPU
Optimizing NNI: done in 0.849749 secs using 696% CPU
Optimizing NNI: done in 1.6365 secs using 895.4% CPU
Iteration 380 / LogL: -2114.509 / Time: 0h:7m:48s (0h:0m:24s left)
Optimizing NNI: done in 1.11474 secs using 858.3% CPU
Optimizing NNI: done in 1.23235 secs using 789.2% CPU
Optimizing NNI: done in 0.550706 secs using 974.1% CPU
Optimizing NNI: done in 1.0164 secs using 881.9% CPU
Optimizing NNI: done in 0.78439 secs using 959.6% CPU
Optimizing NNI: done in 1.16872 secs using 1113% CPU
Optimizing NNI: done in 0.946988 secs using 1116% CPU
Optimizing NNI: done in 0.744961 secs using 1121% CPU
Optimizing NNI: done in 0.965233 secs using 1008% CPU
Optimizing NNI: done in 1.03104 secs using 982.4% CPU
Iteration 390 / LogL: -2114.510 / Time: 0h:7m:58s (0h:0m:12s left)
Optimizing NNI: done in 0.424774 secs using 1105% CPU
Optimizing NNI: done in 1.22745 secs using 888.8% CPU
Optimizing NNI: done in 1.24762 secs using 851.4% CPU
Optimizing NNI: done in 1.14464 secs using 779.6% CPU
Optimizing NNI: done in 2.02612 secs using 722.6% CPU
Optimizing NNI: done in 0.998513 secs using 956.9% CPU
Optimizing NNI: done in 1.79892 secs using 822.6% CPU
Optimizing NNI: done in 1.73469 secs using 1044% CPU
Optimizing NNI: done in 0.927715 secs using 1040% CPU
Optimizing NNI: done in 1.3764 secs using 766.2% CPU
Iteration 400 / LogL: -2114.509 / Time: 0h:8m:12s (0h:0m:0s left)
Log-likelihood cutoff on original alignment: -2131.307
NOTE: Bootstrap correlation coefficient of split occurrence frequencies: 0.997
TREE SEARCH COMPLETED AFTER 400 ITERATIONS / Time: 0h:8m:12s

--------------------------------------------------------------------
|                    FINALIZING TREE SEARCH                        |
--------------------------------------------------------------------
Performs final model parameters optimization
Estimate model parameters (epsilon = 0.010)
1. Initial log-likelihood: -2114.509
Optimal log-likelihood: -2114.509
Gamma shape alpha: 0.020
Parameters optimization took 1 rounds (0.011 sec)
BEST SCORE FOUND : -2114.509
Creating bootstrap support values...
Split supports printed to NEXUS file results/per_year_clustered/VicB/trees/VicB_2025.splits.nex
Total tree length: 0.096

Total number of iterations: 400
CPU time used for tree search: 4672.443 sec (1h:17m:52s)
Wall-clock time used for tree search: 491.898 sec (0h:8m:11s)
Total CPU time used: 4674.117 sec (1h:17m:54s)
Total wall-clock time used: 492.105 sec (0h:8m:12s)

Computing bootstrap consensus tree...
Reading input file results/per_year_clustered/VicB/trees/VicB_2025.splits.nex...
11 taxa and 137 splits.
Consensus tree written to results/per_year_clustered/VicB/trees/VicB_2025.contree
Reading input trees file results/per_year_clustered/VicB/trees/VicB_2025.contree
Log-likelihood of consensus tree: -2114.513

Analysis results written to: 
  IQ-TREE report:                results/per_year_clustered/VicB/trees/VicB_2025.iqtree
  Maximum-likelihood tree:       results/per_year_clustered/VicB/trees/VicB_2025.treefile
  Likelihood distances:          results/per_year_clustered/VicB/trees/VicB_2025.mldist

Ultrafast bootstrap approximation results written to:
  Split support values:          results/per_year_clustered/VicB/trees/VicB_2025.splits.nex
  Consensus tree:                results/per_year_clustered/VicB/trees/VicB_2025.contree
  Screen log file:               results/per_year_clustered/VicB/trees/VicB_2025.log

Date and Time: Thu Nov 20 20:21:18 2025
