IQ-TREE version 3.0.1 for Linux x86 64-bit built Jul  9 2025
Developed by Bui Quang Minh, Thomas Wong, Nhan Ly-Trong, Huaiyan Ren
Contributed by Lam-Tung Nguyen, Dominik Schrempf, Chris Bielow,
Olga Chernomor, Michael Woodhams, Diep Thi Hoang, Heiko Schmidt

Host:    rtis-hpc-r09.uod.otago.ac.nz (AVX2, FMA3, 1006 GB RAM)
Command: iqtree -s results/per_year_clustered/H1N1/alignments/H1N1_2017_with_designs.fasta -m LG+G4 -bb 1000 -nt 8 -pre results/per_year_clustered/H1N1/trees/H1N1_2017_with_designs -redo -quiet
Seed:    224045 (Using SPRNG - Scalable Parallel Random Number Generator)
Time:    Sat Nov 22 10:56:43 2025
Kernel:  AVX+FMA - 8 threads (8 CPU cores detected)

Reading alignment file results/per_year_clustered/H1N1/alignments/H1N1_2017_with_designs.fasta ... Fasta format detected
Reading fasta file: done in 0.000297267 secs
Alignment most likely contains protein sequences
Constructing alignment: done in 0.000296124 secs using 94.56% CPU
Alignment has 34 sequences with 566 columns, 112 distinct patterns
23 parsimony-informative, 70 singleton sites, 473 constant sites
                                                                                  Gap/Ambiguity  Composition  p-value
Analyzing sequences: done in 0.0235946 secs using 323.9% CPU
   1  EPI994076|HA|A/Maldives/01/2017|EPI_ISL_262692|A_/_H1N1                             0.00%    passed    100.00%
   2  EPI1160053|HA|A/Amasya/576/2017|EPI_ISL_295534|A_/_H1N1                             0.00%    passed    100.00%
   3  EPI1160074|HA|A/Amasya/622/2017|EPI_ISL_295542|A_/_H1N1                             0.00%    passed    100.00%
   4  EPI1160065|HA|A/Giresun/612/2017|EPI_ISL_295539|A_/_H1N1                            0.00%    passed    100.00%
   5  EPI1319384|HA|A/Malaysia/RP0351/2017|EPI_ISL_331302|A_/_H1N1                        0.00%    passed    100.00%
   6  EPI1175790|HA|A/Maldives/1499/2017|EPI_ISL_298530|A_/_H1N1                          0.00%    passed    100.00%
   7  EPI1179980|HA|A/Abu_Dhabi/031/2017|EPI_ISL_299792|A_/_H1N1                          0.00%    passed    100.00%
   8  EPI1188319|HA|A/Jordan/1975/2017|EPI_ISL_301339|A_/_H1N1                            0.00%    passed    100.00%
   9  EPI1640769|HA|A/Vietnam/BM7/2017|EPI_ISL_400700|A_/_H1N1                            0.00%    passed    100.00%
  10  EPI1024961|HA|A/Laos/0157/2017|EPI_ISL_269928|A_/_H1N1                              0.00%    passed    100.00%
  11  EPI1195616|HA|A/Taiwan/1407/2017|EPI_ISL_302868|A_/_H1N1                            0.00%    passed    100.00%
  12  EPI1039873|HA|A/Philippines/0287/2017|EPI_ISL_273799|A_/_H1N1                       0.00%    passed    100.00%
  13  EPI1044642|HA|A/Philippines/5/2017|EPI_ISL_274907|A_/_H1N1                          0.00%    passed    100.00%
  14  EPI2650507|HA|A/Saudi_Arabia/55/2017|EPI_ISL_18038001|A_/_H1N1                      0.00%    passed    100.00%
  15  EPI1244278|HA|A/Malaysia/RP2210/2017|EPI_ISL_312599|A_/_H1N1                        0.00%    passed    100.00%
  16  EPI1082188|HA|A/Oman/3205/2017|EPI_ISL_282192|A_/_H1N1                              0.00%    passed    100.00%
  17  EPI1093966|HA|A/Laos/1448/2017|EPI_ISL_284086|A_/_H1N1                              0.00%    passed    100.00%
  18  EPI1094014|HA|A/Laos/2197/2017|EPI_ISL_284092|A_/_H1N1                              0.00%    passed    100.00%
  19  EPI1276369|HA|A/Singapore/KK1410/2017|EPI_ISL_321680|A_/_H1N1                       0.00%    passed    100.00%
  20  EPI1282973|HA|A/Malaysia/RP2707/2017|EPI_ISL_322990|A_/_H1N1                        0.00%    passed    100.00%
  21  EPI1145405|HA|A/Singapore/KK1341/2017|EPI_ISL_292426|A_/_H1N1                       0.00%    passed    100.00%
  22  EPI1147215|HA|A/Vietnam/GHS969/2017|EPI_ISL_292684|A_/_H1N1                         0.00%    passed    100.00%
  23  EPI982567|HA|A/Qatar/10-VI-17-0000393/2017|EPI_ISL_260165|A_/_H1N1                  0.00%    passed    100.00%
  24  EPI1152187|HA|A/England/75180460/2017|EPI_ISL_293646|A_/_H1N1                       0.00%    passed    100.00%
  25  EPI1082687|HA|A/Victoria/570/2017|EPI_ISL_282308|A_/_H1N1                           0.00%    passed    100.00%
  26  EPI2044033|HA|A/Brisbane/194/2017|EPI_ISL_12850483|A_/_H1N1                         0.00%    passed    100.00%
  27  EPI1162964|HA|A/Iowa/49/2017|EPI_ISL_296019|A_/_H1N1                                0.00%    passed    100.00%
  28  EPI1017431|HA|A/California/54/2017|EPI_ISL_268415|A_/_H1N1                          0.00%    passed    100.00%
  29  EPI1118235|HA|A/California/121/2017|EPI_ISL_287697|A_/_H1N1                         0.00%    passed    100.00%
  30  EPI989314|HA|A/Iowa/18/2017|EPI_ISL_261833|A_/_H1N1                                 0.00%    passed    100.00%
  31  H1N1_2017_Consensus_Aligned                                                         0.00%    passed    100.00%
  32  H1N1_2017_Medoid_Aligned|EPI1160053|HA|A/Amasya/576/2017|EPI_ISL_295534|A_/_H1N1    0.00%    passed    100.00%
  33  H1N1_2017_Ancestral_Aligned_Node10                                                  0.00%    passed    100.00%
  34  H1N1_2017_COBRA_Aligned                                                             0.00%    passed    100.00%
****  TOTAL                                                                               0.00%  0 sequences failed composition chi2 test (p-value<5%; df=19)
NOTE: H1N1_2017_COBRA_Aligned is identical to EPI994076|HA|A/Maldives/01/2017|EPI_ISL_262692|A_/_H1N1 but kept for subsequent analysis
NOTE: H1N1_2017_Medoid_Aligned|EPI1160053|HA|A/Amasya/576/2017|EPI_ISL_295534|A_/_H1N1 is identical to EPI1160053|HA|A/Amasya/576/2017|EPI_ISL_295534|A_/_H1N1 but kept for subsequent analysis
Checking for duplicate sequences: done in 0.00596882 secs using 703.9% CPU
Creating fast initial parsimony tree by random order stepwise addition...
0.010 seconds, parsimony score: 133 (based on 93 sites)
Generating 1000 samples for ultrafast bootstrap (seed: 224045)...

NOTE: 3 MB RAM (0 GB) is required!
WARNING: Number of threads seems too high for short alignments. Use -T AUTO to determine best number of threads.
Estimate model parameters (epsilon = 0.100)
1. Initial log-likelihood: -2690.858
2. Current log-likelihood: -2683.946
Optimal log-likelihood: -2683.939
Gamma shape alpha: 0.237
Parameters optimization took 2 rounds (0.025 sec)
Wrote distance file to... 
Computing ML distances based on estimated model parameters...
Calculating distance matrix: done in 0.0180648 secs using 809.9% CPU
Computing ML distances took 0.018104 sec (of wall-clock time) 0.146350 sec (of CPU time)
Setting up auxiliary I and S matrices: done in 0.000503743 secs
Constructing RapidNJ tree: done in 0.0174276 secs using 27.69% CPU
Computing RapidNJ tree took 0.017957 sec (of wall-clock time) 0.004831 sec (of CPU time)
Log-likelihood of RapidNJ tree: -2691.061
--------------------------------------------------------------------
|             INITIALIZING CANDIDATE TREE SET                      |
--------------------------------------------------------------------
Generating 98 parsimony trees... 0.040 second
Computing log-likelihood of 98 initial trees ... 0.350 seconds
Current best score: -2677.200

Do NNI search on 20 best initial trees
Optimizing NNI: done in 0.0209021 secs using 798.3% CPU
Estimate model parameters (epsilon = 0.100)
BETTER TREE FOUND at iteration 1: -2677.199
Optimizing NNI: done in 0.0211405 secs using 790.9% CPU
Optimizing NNI: done in 0.0206215 secs using 774.7% CPU
Optimizing NNI: done in 0.021176 secs using 782.9% CPU
Optimizing NNI: done in 0.0205856 secs using 800.4% CPU
Optimizing NNI: done in 0.0206514 secs using 773.9% CPU
Optimizing NNI: done in 0.0207636 secs using 794.2% CPU
Optimizing NNI: done in 0.0409196 secs using 772.8% CPU
Optimizing NNI: done in 0.0406101 secs using 802.2% CPU
Optimizing NNI: done in 0.020535 secs using 767.8% CPU
Iteration 10 / LogL: -2679.600 / Time: 0h:0m:0s
Optimizing NNI: done in 0.0421013 secs using 791.2% CPU
Optimizing NNI: done in 0.0205836 secs using 775.3% CPU
Optimizing NNI: done in 0.0423657 secs using 791.5% CPU
Optimizing NNI: done in 0.0428173 secs using 780.5% CPU
Optimizing NNI: done in 0.0574541 secs using 799.5% CPU
Optimizing NNI: done in 0.0209922 secs using 783% CPU
Optimizing NNI: done in 0.0206006 secs using 806.1% CPU
Optimizing NNI: done in 0.0208013 secs using 766.8% CPU
Optimizing NNI: done in 0.0201375 secs using 783.5% CPU
Optimizing NNI: done in 0.0403569 secs using 787.3% CPU
Iteration 20 / LogL: -2678.831 / Time: 0h:0m:1s
Finish initializing candidate tree set (20)
Current best tree score: -2677.199 / CPU time: 0.998
Number of iterations: 20
--------------------------------------------------------------------
|               OPTIMIZING CANDIDATE TREE SET                      |
--------------------------------------------------------------------
Optimizing NNI: done in 0.0326127 secs using 794% CPU
Optimizing NNI: done in 0.061565 secs using 796% CPU
Optimizing NNI: done in 0.0403127 secs using 807.7% CPU
Optimizing NNI: done in 0.0770717 secs using 791.1% CPU
Optimizing NNI: done in 0.0832636 secs using 798.3% CPU
Optimizing NNI: done in 0.0962863 secs using 789.1% CPU
Optimizing NNI: done in 0.0990646 secs using 794.2% CPU
Optimizing NNI: done in 0.0603881 secs using 786.5% CPU
Optimizing NNI: done in 0.0945691 secs using 788.4% CPU
Optimizing NNI: done in 0.0762045 secs using 789.6% CPU
Iteration 30 / LogL: -2677.204 / Time: 0h:0m:1s (0h:0m:4s left)
Optimizing NNI: done in 0.0836225 secs using 794.9% CPU
Optimizing NNI: done in 0.116348 secs using 791.3% CPU
Optimizing NNI: done in 0.0949942 secs using 794% CPU
Optimizing NNI: done in 0.0796485 secs using 788% CPU
Optimizing NNI: done in 0.0661466 secs using 793% CPU
Optimizing NNI: done in 0.0628458 secs using 797.7% CPU
Optimizing NNI: done in 0.0991338 secs using 791.8% CPU
Optimizing NNI: done in 0.0618998 secs using 793.9% CPU
Optimizing NNI: done in 0.120378 secs using 791.7% CPU
Optimizing NNI: done in 0.0987442 secs using 782.3% CPU
Iteration 40 / LogL: -2677.205 / Time: 0h:0m:2s (0h:0m:4s left)
Optimizing NNI: done in 0.0800543 secs using 797.7% CPU
Optimizing NNI: done in 0.102855 secs using 792.4% CPU
Optimizing NNI: done in 0.0635082 secs using 799.7% CPU
Optimizing NNI: done in 0.0861455 secs using 790.2% CPU
Optimizing NNI: done in 0.0822586 secs using 791.4% CPU
Optimizing NNI: done in 0.118174 secs using 792.1% CPU
Optimizing NNI: done in 0.0376119 secs using 784.5% CPU
Optimizing NNI: done in 0.104397 secs using 798.7% CPU
Optimizing NNI: done in 0.0831386 secs using 800.1% CPU
Optimizing NNI: done in 0.0633231 secs using 800.1% CPU
Iteration 50 / LogL: -2677.203 / Time: 0h:0m:3s (0h:0m:3s left)
Log-likelihood cutoff on original alignment: -2696.414
Optimizing NNI: done in 0.0617833 secs using 791.1% CPU
Optimizing NNI: done in 0.13454 secs using 787.4% CPU
Optimizing NNI: done in 0.0824096 secs using 798.6% CPU
Optimizing NNI: done in 0.104708 secs using 793.6% CPU
Optimizing NNI: done in 0.0411759 secs using 789.6% CPU
Optimizing NNI: done in 0.0629189 secs using 793.3% CPU
Optimizing NNI: done in 0.100047 secs using 792.1% CPU
Optimizing NNI: done in 0.0630629 secs using 790.5% CPU
Optimizing NNI: done in 0.059769 secs using 780.4% CPU
Optimizing NNI: done in 0.0612515 secs using 789.2% CPU
Iteration 60 / LogL: -2680.718 / Time: 0h:0m:4s (0h:0m:3s left)
Optimizing NNI: done in 0.0795653 secs using 797.4% CPU
Optimizing NNI: done in 0.0612884 secs using 785.7% CPU
Optimizing NNI: done in 0.0841852 secs using 790.9% CPU
Optimizing NNI: done in 0.0754841 secs using 784.9% CPU
Optimizing NNI: done in 0.0832972 secs using 792.4% CPU
Optimizing NNI: done in 0.0824373 secs using 794.7% CPU
Optimizing NNI: done in 0.080945 secs using 793.9% CPU
Optimizing NNI: done in 0.0828092 secs using 793.6% CPU
Optimizing NNI: done in 0.0812862 secs using 782% CPU
Optimizing NNI: done in 0.0420725 secs using 791.9% CPU
Iteration 70 / LogL: -2677.200 / Time: 0h:0m:5s (0h:0m:2s left)
Optimizing NNI: done in 0.062751 secs using 789.8% CPU
Optimizing NNI: done in 0.0578084 secs using 781.9% CPU
BETTER TREE FOUND at iteration 72: -2677.198
Optimizing NNI: done in 0.0620613 secs using 789.6% CPU
Optimizing NNI: done in 0.0636445 secs using 786.6% CPU
Optimizing NNI: done in 0.0790216 secs using 795.1% CPU
Optimizing NNI: done in 0.0281267 secs using 782.4% CPU
Optimizing NNI: done in 0.0424092 secs using 787% CPU
Optimizing NNI: done in 0.135259 secs using 793.2% CPU
Optimizing NNI: done in 0.0636942 secs using 782.9% CPU
Optimizing NNI: done in 0.0768988 secs using 791.6% CPU
Iteration 80 / LogL: -2677.202 / Time: 0h:0m:6s (0h:0m:7s left)
Optimizing NNI: done in 0.0820069 secs using 790.3% CPU
Optimizing NNI: done in 0.104541 secs using 794.3% CPU
Optimizing NNI: done in 0.103648 secs using 793.1% CPU
Optimizing NNI: done in 0.0619242 secs using 791.5% CPU
Optimizing NNI: done in 0.110573 secs using 797.4% CPU
Optimizing NNI: done in 0.063293 secs using 791.3% CPU
Optimizing NNI: done in 0.0843327 secs using 790.9% CPU
Optimizing NNI: done in 0.0545211 secs using 795.3% CPU
Optimizing NNI: done in 0.0611251 secs using 791.8% CPU
Optimizing NNI: done in 0.0823644 secs using 790.4% CPU
Iteration 90 / LogL: -2680.719 / Time: 0h:0m:6s (0h:0m:6s left)
Optimizing NNI: done in 0.0609535 secs using 789.3% CPU
Optimizing NNI: done in 0.0821846 secs using 791.1% CPU
Optimizing NNI: done in 0.081092 secs using 785.9% CPU
Optimizing NNI: done in 0.102856 secs using 786.9% CPU
Optimizing NNI: done in 0.0819981 secs using 792.3% CPU
Optimizing NNI: done in 0.0644325 secs using 791.4% CPU
Optimizing NNI: done in 0.0626962 secs using 792.8% CPU
Optimizing NNI: done in 0.0420368 secs using 792.3% CPU
Optimizing NNI: done in 0.0641682 secs using 789.3% CPU
Optimizing NNI: done in 0.0599745 secs using 793.4% CPU
Iteration 100 / LogL: -2693.730 / Time: 0h:0m:7s (0h:0m:5s left)
Log-likelihood cutoff on original alignment: -2697.014
NOTE: Bootstrap correlation coefficient of split occurrence frequencies: 0.978
NOTE: UFBoot does not converge, continue at least 100 more iterations
Optimizing NNI: done in 0.0611413 secs using 792% CPU
Optimizing NNI: done in 0.0602359 secs using 784.1% CPU
Optimizing NNI: done in 0.0612137 secs using 786.6% CPU
Optimizing NNI: done in 0.0299938 secs using 794.3% CPU
Optimizing NNI: done in 0.0597242 secs using 793.3% CPU
Optimizing NNI: done in 0.0618585 secs using 793.4% CPU
Optimizing NNI: done in 0.0836974 secs using 784.4% CPU
Optimizing NNI: done in 0.083087 secs using 792.5% CPU
Optimizing NNI: done in 0.0906862 secs using 786% CPU
Optimizing NNI: done in 0.103009 secs using 793.9% CPU
Iteration 110 / LogL: -2677.210 / Time: 0h:0m:8s (0h:0m:7s left)
Optimizing NNI: done in 0.0849197 secs using 792.9% CPU
Optimizing NNI: done in 0.0415444 secs using 799.2% CPU
Optimizing NNI: done in 0.104074 secs using 790.3% CPU
Optimizing NNI: done in 0.0984413 secs using 790.7% CPU
Optimizing NNI: done in 0.0831344 secs using 792.4% CPU
Optimizing NNI: done in 0.0793245 secs using 786.9% CPU
Optimizing NNI: done in 0.101719 secs using 795.3% CPU
Optimizing NNI: done in 0.0787094 secs using 796.1% CPU
Optimizing NNI: done in 0.0983713 secs using 792.2% CPU
Optimizing NNI: done in 0.0620069 secs using 792.5% CPU
Iteration 120 / LogL: -2691.562 / Time: 0h:0m:9s (0h:0m:6s left)
Optimizing NNI: done in 0.0418817 secs using 797.8% CPU
Optimizing NNI: done in 0.0416066 secs using 797.6% CPU
Optimizing NNI: done in 0.0997376 secs using 788.6% CPU
Optimizing NNI: done in 0.103741 secs using 793.3% CPU
Optimizing NNI: done in 0.059766 secs using 793.3% CPU
Optimizing NNI: done in 0.0629023 secs using 779.8% CPU
Optimizing NNI: done in 0.0843926 secs using 798.6% CPU
Optimizing NNI: done in 0.0611538 secs using 792.1% CPU
Optimizing NNI: done in 0.0618159 secs using 792.2% CPU
Optimizing NNI: done in 0.0415281 secs using 786.5% CPU
Iteration 130 / LogL: -2677.200 / Time: 0h:0m:10s (0h:0m:5s left)
Optimizing NNI: done in 0.0582484 secs using 801.1% CPU
Optimizing NNI: done in 0.0971605 secs using 797.5% CPU
Optimizing NNI: done in 0.0844744 secs using 789.4% CPU
Optimizing NNI: done in 0.101427 secs using 790% CPU
Optimizing NNI: done in 0.079808 secs using 795.2% CPU
Optimizing NNI: done in 0.0865314 secs using 785.2% CPU
Optimizing NNI: done in 0.122803 secs using 789% CPU
Optimizing NNI: done in 0.0292774 secs using 783.8% CPU
Optimizing NNI: done in 0.0918286 secs using 793.8% CPU
Optimizing NNI: done in 0.0629253 secs using 791.6% CPU
Iteration 140 / LogL: -2680.997 / Time: 0h:0m:10s (0h:0m:4s left)
Optimizing NNI: done in 0.0811963 secs using 788.2% CPU
Optimizing NNI: done in 0.0569072 secs using 792.7% CPU
Optimizing NNI: done in 0.0201627 secs using 787.9% CPU
Optimizing NNI: done in 0.0392213 secs using 786.8% CPU
Optimizing NNI: done in 0.0850919 secs using 790.5% CPU
Optimizing NNI: done in 0.103563 secs using 784.9% CPU
Optimizing NNI: done in 0.063724 secs using 791.4% CPU
Optimizing NNI: done in 0.0788677 secs using 791.1% CPU
Optimizing NNI: done in 0.0938513 secs using 785.2% CPU
Optimizing NNI: done in 0.107063 secs using 792.4% CPU
Iteration 150 / LogL: -2677.201 / Time: 0h:0m:11s (0h:0m:3s left)
Log-likelihood cutoff on original alignment: -2697.014
Optimizing NNI: done in 0.0394015 secs using 782.8% CPU
Optimizing NNI: done in 0.0798325 secs using 791.2% CPU
Optimizing NNI: done in 0.0926821 secs using 784.3% CPU
Optimizing NNI: done in 0.0927527 secs using 791.3% CPU
Optimizing NNI: done in 0.0822761 secs using 789.9% CPU
Optimizing NNI: done in 0.105135 secs using 787.6% CPU
Optimizing NNI: done in 0.051517 secs using 798% CPU
Optimizing NNI: done in 0.0791387 secs using 789.7% CPU
Optimizing NNI: done in 0.101139 secs using 788.3% CPU
Optimizing NNI: done in 0.0603828 secs using 788.7% CPU
Iteration 160 / LogL: -2684.552 / Time: 0h:0m:12s (0h:0m:3s left)
Optimizing NNI: done in 0.126931 secs using 788.8% CPU
Optimizing NNI: done in 0.07519 secs using 791.4% CPU
Optimizing NNI: done in 0.0406572 secs using 781.3% CPU
Optimizing NNI: done in 0.0852032 secs using 784.3% CPU
Optimizing NNI: done in 0.0201587 secs using 786.9% CPU
Optimizing NNI: done in 0.0617878 secs using 791.3% CPU
Optimizing NNI: done in 0.0386145 secs using 796.6% CPU
Optimizing NNI: done in 0.0959922 secs using 789.7% CPU
Optimizing NNI: done in 0.0617056 secs using 794.7% CPU
Optimizing NNI: done in 0.0836903 secs using 791.1% CPU
Iteration 170 / LogL: -2677.205 / Time: 0h:0m:13s (0h:0m:2s left)
Optimizing NNI: done in 0.0835954 secs using 782.6% CPU
Optimizing NNI: done in 0.113582 secs using 786% CPU
Optimizing NNI: done in 0.0644502 secs using 795.6% CPU
Optimizing NNI: done in 0.0841442 secs using 784.7% CPU
Optimizing NNI: done in 0.0841153 secs using 788.1% CPU
Optimizing NNI: done in 0.112241 secs using 789.9% CPU
Optimizing NNI: done in 0.0634598 secs using 797.8% CPU
Optimizing NNI: done in 0.111729 secs using 792.4% CPU
Optimizing NNI: done in 0.134113 secs using 790.8% CPU
Optimizing NNI: done in 0.0408799 secs using 797.6% CPU
Iteration 180 / LogL: -2677.199 / Time: 0h:0m:14s (0h:0m:1s left)
Optimizing NNI: done in 0.0779046 secs using 795.4% CPU
Optimizing NNI: done in 0.10086 secs using 794.8% CPU
Optimizing NNI: done in 0.104766 secs using 793% CPU
Optimizing NNI: done in 0.061656 secs using 795.8% CPU
Optimizing NNI: done in 0.0614198 secs using 785.7% CPU
Optimizing NNI: done in 0.106835 secs using 786.4% CPU
Optimizing NNI: done in 0.0972353 secs using 787.7% CPU
Optimizing NNI: done in 0.0853474 secs using 787% CPU
Optimizing NNI: done in 0.0385193 secs using 778.4% CPU
Optimizing NNI: done in 0.0624755 secs using 798% CPU
Iteration 190 / LogL: -2677.201 / Time: 0h:0m:15s (0h:0m:0s left)
Optimizing NNI: done in 0.0939768 secs using 794.4% CPU
Optimizing NNI: done in 0.0773926 secs using 789.1% CPU
Optimizing NNI: done in 0.100926 secs using 791.6% CPU
Optimizing NNI: done in 0.0856052 secs using 778.4% CPU
Optimizing NNI: done in 0.0923708 secs using 797.3% CPU
Optimizing NNI: done in 0.0800022 secs using 792.3% CPU
Optimizing NNI: done in 0.0750166 secs using 791.8% CPU
Optimizing NNI: done in 0.0405603 secs using 785.8% CPU
Optimizing NNI: done in 0.062507 secs using 800% CPU
Optimizing NNI: done in 0.102254 secs using 792.3% CPU
Iteration 200 / LogL: -2681.042 / Time: 0h:0m:16s (0h:0m:0s left)
Log-likelihood cutoff on original alignment: -2697.807
NOTE: Bootstrap correlation coefficient of split occurrence frequencies: 0.974
NOTE: UFBoot does not converge, continue at least 100 more iterations
Optimizing NNI: done in 0.122372 secs using 786.3% CPU
Optimizing NNI: done in 0.0844515 secs using 788.8% CPU
Optimizing NNI: done in 0.0802207 secs using 789.7% CPU
Optimizing NNI: done in 0.0797307 secs using 790.9% CPU
Optimizing NNI: done in 0.0809298 secs using 787.2% CPU
Optimizing NNI: done in 0.0622268 secs using 786.2% CPU
Optimizing NNI: done in 0.100068 secs using 792.3% CPU
Optimizing NNI: done in 0.0788104 secs using 786.2% CPU
Optimizing NNI: done in 0.124359 secs using 790.6% CPU
Optimizing NNI: done in 0.0838994 secs using 788.2% CPU
Iteration 210 / LogL: -2677.205 / Time: 0h:0m:17s (0h:0m:7s left)
Optimizing NNI: done in 0.0827219 secs using 784% CPU
Optimizing NNI: done in 0.0625822 secs using 785.1% CPU
Optimizing NNI: done in 0.0630972 secs using 790.8% CPU
Optimizing NNI: done in 0.141633 secs using 790.4% CPU
Optimizing NNI: done in 0.0617891 secs using 797.5% CPU
Optimizing NNI: done in 0.0829633 secs using 788.7% CPU
Optimizing NNI: done in 0.120221 secs using 792.1% CPU
Optimizing NNI: done in 0.0807097 secs using 792.4% CPU
Optimizing NNI: done in 0.0565723 secs using 795% CPU
Optimizing NNI: done in 0.10605 secs using 791.2% CPU
Iteration 220 / LogL: -2677.202 / Time: 0h:0m:18s (0h:0m:6s left)
Optimizing NNI: done in 0.102667 secs using 785% CPU
Optimizing NNI: done in 0.0619508 secs using 787.1% CPU
Optimizing NNI: done in 0.0413541 secs using 783.3% CPU
Optimizing NNI: done in 0.0809977 secs using 792.8% CPU
Optimizing NNI: done in 0.0797758 secs using 792.3% CPU
Optimizing NNI: done in 0.101628 secs using 794.2% CPU
Optimizing NNI: done in 0.0414726 secs using 798.5% CPU
Optimizing NNI: done in 0.114815 secs using 796.7% CPU
Optimizing NNI: done in 0.103384 secs using 793.2% CPU
Optimizing NNI: done in 0.0828952 secs using 791.4% CPU
Iteration 230 / LogL: -2677.204 / Time: 0h:0m:18s (0h:0m:5s left)
Optimizing NNI: done in 0.102279 secs using 791.9% CPU
Optimizing NNI: done in 0.108458 secs using 792.1% CPU
Optimizing NNI: done in 0.113697 secs using 796.1% CPU
Optimizing NNI: done in 0.0618483 secs using 792.1% CPU
Optimizing NNI: done in 0.0626857 secs using 794.5% CPU
Optimizing NNI: done in 0.09945 secs using 793.9% CPU
Optimizing NNI: done in 0.0401186 secs using 786.2% CPU
Optimizing NNI: done in 0.0605042 secs using 788.2% CPU
Optimizing NNI: done in 0.122617 secs using 787.6% CPU
Optimizing NNI: done in 0.0749649 secs using 794.1% CPU
Iteration 240 / LogL: -2677.201 / Time: 0h:0m:19s (0h:0m:4s left)
Optimizing NNI: done in 0.116743 secs using 795.9% CPU
Optimizing NNI: done in 0.0648163 secs using 788.6% CPU
Optimizing NNI: done in 0.0857627 secs using 790.2% CPU
Optimizing NNI: done in 0.0419397 secs using 786.4% CPU
Optimizing NNI: done in 0.105597 secs using 787.8% CPU
Optimizing NNI: done in 0.0418518 secs using 796% CPU
Optimizing NNI: done in 0.0763615 secs using 788.7% CPU
Optimizing NNI: done in 0.0784555 secs using 785.3% CPU
Optimizing NNI: done in 0.0633544 secs using 787.3% CPU
Optimizing NNI: done in 0.0780433 secs using 789.9% CPU
Iteration 250 / LogL: -2681.508 / Time: 0h:0m:20s (0h:0m:4s left)
Log-likelihood cutoff on original alignment: -2698.135
Optimizing NNI: done in 0.141576 secs using 789.3% CPU
Optimizing NNI: done in 0.0629564 secs using 789.1% CPU
Optimizing NNI: done in 0.0622531 secs using 786.9% CPU
Optimizing NNI: done in 0.040671 secs using 798% CPU
Optimizing NNI: done in 0.106299 secs using 789.6% CPU
Optimizing NNI: done in 0.0827096 secs using 782.2% CPU
Optimizing NNI: done in 0.040954 secs using 793.6% CPU
Optimizing NNI: done in 0.0845266 secs using 787.8% CPU
Optimizing NNI: done in 0.102455 secs using 795.3% CPU
Optimizing NNI: done in 0.0619892 secs using 790.2% CPU
Iteration 260 / LogL: -2677.202 / Time: 0h:0m:21s (0h:0m:3s left)
Optimizing NNI: done in 0.0374981 secs using 778.9% CPU
Optimizing NNI: done in 0.0614758 secs using 797.1% CPU
Optimizing NNI: done in 0.118371 secs using 795% CPU
Optimizing NNI: done in 0.123523 secs using 789.4% CPU
Optimizing NNI: done in 0.100452 secs using 787.8% CPU
Optimizing NNI: done in 0.0810931 secs using 788.8% CPU
Optimizing NNI: done in 0.0611061 secs using 789.2% CPU
Optimizing NNI: done in 0.0568138 secs using 794.2% CPU
Optimizing NNI: done in 0.0833314 secs using 792.7% CPU
Optimizing NNI: done in 0.0642967 secs using 788.6% CPU
Iteration 270 / LogL: -2677.206 / Time: 0h:0m:22s (0h:0m:2s left)
Optimizing NNI: done in 0.0517854 secs using 785.1% CPU
Optimizing NNI: done in 0.0976295 secs using 785% CPU
Optimizing NNI: done in 0.0841094 secs using 790.1% CPU
Optimizing NNI: done in 0.0789185 secs using 790% CPU
Optimizing NNI: done in 0.083181 secs using 787.6% CPU
Optimizing NNI: done in 0.0561411 secs using 789.6% CPU
Optimizing NNI: done in 0.0414777 secs using 796% CPU
Optimizing NNI: done in 0.062184 secs using 789.6% CPU
Optimizing NNI: done in 0.0786208 secs using 786.3% CPU
Optimizing NNI: done in 0.0421871 secs using 787.6% CPU
Iteration 280 / LogL: -2680.993 / Time: 0h:0m:23s (0h:0m:1s left)
Optimizing NNI: done in 0.0777739 secs using 793.1% CPU
Optimizing NNI: done in 0.0831278 secs using 791.1% CPU
Optimizing NNI: done in 0.0836728 secs using 786.4% CPU
Optimizing NNI: done in 0.0852021 secs using 789.4% CPU
Optimizing NNI: done in 0.061331 secs using 784.3% CPU
Optimizing NNI: done in 0.0794955 secs using 795.4% CPU
Optimizing NNI: done in 0.0621329 secs using 794% CPU
Optimizing NNI: done in 0.0620284 secs using 789.3% CPU
Optimizing NNI: done in 0.0849538 secs using 788.2% CPU
Optimizing NNI: done in 0.0857762 secs using 791.7% CPU
Iteration 290 / LogL: -2682.896 / Time: 0h:0m:24s (0h:0m:0s left)
Optimizing NNI: done in 0.0824067 secs using 788.6% CPU
Optimizing NNI: done in 0.0952315 secs using 789.2% CPU
Optimizing NNI: done in 0.1237 secs using 793.3% CPU
Optimizing NNI: done in 0.102471 secs using 785% CPU
Optimizing NNI: done in 0.101428 secs using 791.5% CPU
Optimizing NNI: done in 0.0857287 secs using 790.3% CPU
Optimizing NNI: done in 0.0416894 secs using 798.7% CPU
Optimizing NNI: done in 0.0620317 secs using 792.8% CPU
Optimizing NNI: done in 0.0631773 secs using 792.5% CPU
Optimizing NNI: done in 0.0423834 secs using 795.6% CPU
Iteration 300 / LogL: -2677.202 / Time: 0h:0m:24s (0h:0m:0s left)
Log-likelihood cutoff on original alignment: -2698.135
NOTE: Bootstrap correlation coefficient of split occurrence frequencies: 0.987
NOTE: UFBoot does not converge, continue at least 100 more iterations
Optimizing NNI: done in 0.0638163 secs using 790.9% CPU
Optimizing NNI: done in 0.0617335 secs using 795.4% CPU
Optimizing NNI: done in 0.104855 secs using 791% CPU
Optimizing NNI: done in 0.043857 secs using 779.7% CPU
Optimizing NNI: done in 0.0644061 secs using 795.2% CPU
Optimizing NNI: done in 0.0813751 secs using 789.6% CPU
Optimizing NNI: done in 0.117673 secs using 792.1% CPU
Optimizing NNI: done in 0.0821278 secs using 791.1% CPU
Optimizing NNI: done in 0.105692 secs using 791.4% CPU
Optimizing NNI: done in 0.0825987 secs using 785.3% CPU
Iteration 310 / LogL: -2677.201 / Time: 0h:0m:25s (0h:0m:7s left)
Optimizing NNI: done in 0.113174 secs using 794.7% CPU
Optimizing NNI: done in 0.0416894 secs using 777% CPU
BETTER TREE FOUND at iteration 312: -2677.198
Optimizing NNI: done in 0.0608481 secs using 783.7% CPU
Optimizing NNI: done in 0.0621955 secs using 788% CPU
Optimizing NNI: done in 0.0624744 secs using 784.5% CPU
Optimizing NNI: done in 0.0605338 secs using 795.4% CPU
Optimizing NNI: done in 0.0836124 secs using 786.5% CPU
Optimizing NNI: done in 0.0842914 secs using 796.5% CPU
Optimizing NNI: done in 0.0617311 secs using 780% CPU
Optimizing NNI: done in 0.0850481 secs using 789.6% CPU
Iteration 320 / LogL: -2677.200 / Time: 0h:0m:26s (0h:0m:7s left)
Optimizing NNI: done in 0.0831172 secs using 788.7% CPU
Optimizing NNI: done in 0.063621 secs using 788.2% CPU
Optimizing NNI: done in 0.0410724 secs using 786.6% CPU
Optimizing NNI: done in 0.0993682 secs using 785.4% CPU
Optimizing NNI: done in 0.121554 secs using 796% CPU
Optimizing NNI: done in 0.0859768 secs using 791.5% CPU
Optimizing NNI: done in 0.0658482 secs using 788.2% CPU
Optimizing NNI: done in 0.0411505 secs using 790.6% CPU
Optimizing NNI: done in 0.0628097 secs using 783% CPU
Optimizing NNI: done in 0.0779491 secs using 787.4% CPU
Iteration 330 / LogL: -2680.997 / Time: 0h:0m:27s (0h:0m:6s left)
Optimizing NNI: done in 0.0605154 secs using 794.5% CPU
Optimizing NNI: done in 0.0862996 secs using 785.7% CPU
Optimizing NNI: done in 0.0412812 secs using 783.3% CPU
Optimizing NNI: done in 0.103937 secs using 791.6% CPU
Optimizing NNI: done in 0.0616386 secs using 797% CPU
Optimizing NNI: done in 0.0411703 secs using 791.4% CPU
Optimizing NNI: done in 0.0843872 secs using 788.7% CPU
Optimizing NNI: done in 0.0634718 secs using 789.2% CPU
Optimizing NNI: done in 0.0846035 secs using 794.2% CPU
Optimizing NNI: done in 0.125473 secs using 788.6% CPU
Iteration 340 / LogL: -2677.202 / Time: 0h:0m:28s (0h:0m:6s left)
Optimizing NNI: done in 0.0792037 secs using 795.2% CPU
Optimizing NNI: done in 0.106255 secs using 788.9% CPU
Optimizing NNI: done in 0.107984 secs using 793.7% CPU
Optimizing NNI: done in 0.0603567 secs using 795.5% CPU
Optimizing NNI: done in 0.098716 secs using 793.5% CPU
Optimizing NNI: done in 0.0978492 secs using 793.7% CPU
Optimizing NNI: done in 0.0815708 secs using 787.6% CPU
Optimizing NNI: done in 0.0860022 secs using 789.1% CPU
Optimizing NNI: done in 0.0995958 secs using 787.2% CPU
Optimizing NNI: done in 0.0852351 secs using 790.5% CPU
Iteration 350 / LogL: -2681.044 / Time: 0h:0m:29s (0h:0m:5s left)
Log-likelihood cutoff on original alignment: -2698.135
Optimizing NNI: done in 0.0846309 secs using 783.5% CPU
Optimizing NNI: done in 0.092732 secs using 785.9% CPU
Optimizing NNI: done in 0.0911613 secs using 788.7% CPU
Optimizing NNI: done in 0.0832499 secs using 795.8% CPU
Optimizing NNI: done in 0.0618334 secs using 793.3% CPU
Optimizing NNI: done in 0.082242 secs using 788.6% CPU
Optimizing NNI: done in 0.102857 secs using 792.4% CPU
Optimizing NNI: done in 0.0625704 secs using 794.1% CPU
Optimizing NNI: done in 0.0805361 secs using 785.1% CPU
Optimizing NNI: done in 0.120896 secs using 791.6% CPU
Iteration 360 / LogL: -2679.849 / Time: 0h:0m:30s (0h:0m:4s left)
Optimizing NNI: done in 0.0846907 secs using 789.9% CPU
Optimizing NNI: done in 0.101296 secs using 789.3% CPU
Optimizing NNI: done in 0.0849258 secs using 784.3% CPU
Optimizing NNI: done in 0.0831052 secs using 787.5% CPU
Optimizing NNI: done in 0.064319 secs using 798.6% CPU
Optimizing NNI: done in 0.0650714 secs using 792.1% CPU
Optimizing NNI: done in 0.103749 secs using 791.1% CPU
Optimizing NNI: done in 0.0837367 secs using 792.3% CPU
Optimizing NNI: done in 0.0852063 secs using 791.7% CPU
Optimizing NNI: done in 0.0837744 secs using 794.2% CPU
Iteration 370 / LogL: -2677.204 / Time: 0h:0m:31s (0h:0m:3s left)
Optimizing NNI: done in 0.072024 secs using 793.1% CPU
Optimizing NNI: done in 0.0615996 secs using 794.9% CPU
Optimizing NNI: done in 0.0974921 secs using 795.5% CPU
Optimizing NNI: done in 0.0628485 secs using 796% CPU
Optimizing NNI: done in 0.079132 secs using 792.2% CPU
Optimizing NNI: done in 0.0855709 secs using 781.8% CPU
Optimizing NNI: done in 0.102843 secs using 791.9% CPU
Optimizing NNI: done in 0.102085 secs using 790% CPU
Optimizing NNI: done in 0.086471 secs using 791% CPU
Optimizing NNI: done in 0.0630177 secs using 792.1% CPU
Iteration 380 / LogL: -2687.257 / Time: 0h:0m:32s (0h:0m:2s left)
Optimizing NNI: done in 0.0616379 secs using 786.6% CPU
Optimizing NNI: done in 0.0779675 secs using 794.8% CPU
Optimizing NNI: done in 0.0416973 secs using 798.6% CPU
Optimizing NNI: done in 0.084882 secs using 796.7% CPU
Optimizing NNI: done in 0.101432 secs using 793.4% CPU
Optimizing NNI: done in 0.137933 secs using 791.8% CPU
Optimizing NNI: done in 0.0420909 secs using 791.2% CPU
Optimizing NNI: done in 0.106631 secs using 785.1% CPU
Optimizing NNI: done in 0.0804228 secs using 785.3% CPU
Optimizing NNI: done in 0.0844837 secs using 789.2% CPU
Iteration 390 / LogL: -2677.203 / Time: 0h:0m:33s (0h:0m:1s left)
Optimizing NNI: done in 0.104856 secs using 787% CPU
Optimizing NNI: done in 0.06114 secs using 789% CPU
Optimizing NNI: done in 0.060865 secs using 791.8% CPU
Optimizing NNI: done in 0.102125 secs using 793.7% CPU
Optimizing NNI: done in 0.0854776 secs using 795% CPU
Optimizing NNI: done in 0.145665 secs using 788.8% CPU
Optimizing NNI: done in 0.064515 secs using 795.2% CPU
Optimizing NNI: done in 0.0795327 secs using 795.7% CPU
Optimizing NNI: done in 0.0814671 secs using 779.6% CPU
Optimizing NNI: done in 0.0846825 secs using 788.7% CPU
Iteration 400 / LogL: -2677.203 / Time: 0h:0m:34s (0h:0m:1s left)
Log-likelihood cutoff on original alignment: -2698.135
NOTE: Bootstrap correlation coefficient of split occurrence frequencies: 0.981
NOTE: UFBoot does not converge, continue at least 100 more iterations
Optimizing NNI: done in 0.0425656 secs using 781% CPU
Optimizing NNI: done in 0.0811958 secs using 789.5% CPU
Optimizing NNI: done in 0.0844069 secs using 789.7% CPU
Optimizing NNI: done in 0.0781948 secs using 788.8% CPU
Optimizing NNI: done in 0.0827074 secs using 793.6% CPU
Optimizing NNI: done in 0.0664691 secs using 792% CPU
Optimizing NNI: done in 0.0950306 secs using 793.9% CPU
Optimizing NNI: done in 0.0659284 secs using 794.3% CPU
Optimizing NNI: done in 0.0608929 secs using 795.1% CPU
Optimizing NNI: done in 0.0596903 secs using 797.3% CPU
Iteration 410 / LogL: -2677.200 / Time: 0h:0m:35s (0h:0m:7s left)
Optimizing NNI: done in 0.0857325 secs using 792.2% CPU
Optimizing NNI: done in 0.0831536 secs using 792% CPU
Optimizing NNI: done in 0.10285 secs using 791.6% CPU
Optimizing NNI: done in 0.0798933 secs using 783.4% CPU
Optimizing NNI: done in 0.0643831 secs using 792.8% CPU
Optimizing NNI: done in 0.105254 secs using 785.2% CPU
Optimizing NNI: done in 0.0636018 secs using 794.3% CPU
Optimizing NNI: done in 0.0818041 secs using 785.5% CPU
Optimizing NNI: done in 0.0400058 secs using 790.5% CPU
Optimizing NNI: done in 0.0403678 secs using 784.4% CPU
Iteration 420 / LogL: -2682.324 / Time: 0h:0m:36s (0h:0m:6s left)
Optimizing NNI: done in 0.0842527 secs using 791.3% CPU
Optimizing NNI: done in 0.0833593 secs using 799.1% CPU
Optimizing NNI: done in 0.0394375 secs using 797.3% CPU
Optimizing NNI: done in 0.0977358 secs using 793.5% CPU
Optimizing NNI: done in 0.059502 secs using 786.9% CPU
Optimizing NNI: done in 0.0631348 secs using 789.8% CPU
Optimizing NNI: done in 0.0419033 secs using 770.3% CPU
Optimizing NNI: done in 0.0421826 secs using 787.9% CPU
Optimizing NNI: done in 0.0818216 secs using 782.5% CPU
Optimizing NNI: done in 0.0832209 secs using 786.6% CPU
Iteration 430 / LogL: -2688.280 / Time: 0h:0m:36s (0h:0m:6s left)
Optimizing NNI: done in 0.0837738 secs using 793.8% CPU
Optimizing NNI: done in 0.0822799 secs using 785.9% CPU
Optimizing NNI: done in 0.0822798 secs using 791.3% CPU
Optimizing NNI: done in 0.105791 secs using 793.6% CPU
Optimizing NNI: done in 0.0565928 secs using 793.3% CPU
Optimizing NNI: done in 0.0809238 secs using 779.5% CPU
Optimizing NNI: done in 0.0982683 secs using 789.7% CPU
Optimizing NNI: done in 0.103724 secs using 791.1% CPU
Optimizing NNI: done in 0.110601 secs using 793.5% CPU
Optimizing NNI: done in 0.0635949 secs using 781.8% CPU
Iteration 440 / LogL: -2679.025 / Time: 0h:0m:37s (0h:0m:5s left)
Optimizing NNI: done in 0.101596 secs using 785% CPU
Optimizing NNI: done in 0.0604633 secs using 797.4% CPU
Optimizing NNI: done in 0.076111 secs using 788.7% CPU
Optimizing NNI: done in 0.0813856 secs using 798.1% CPU
Optimizing NNI: done in 0.0830032 secs using 788.3% CPU
Optimizing NNI: done in 0.1067 secs using 790% CPU
Optimizing NNI: done in 0.0636643 secs using 793.8% CPU
Optimizing NNI: done in 0.0613861 secs using 794.6% CPU
Optimizing NNI: done in 0.123908 secs using 790.3% CPU
Optimizing NNI: done in 0.105474 secs using 785.9% CPU
Iteration 450 / LogL: -2677.203 / Time: 0h:0m:38s (0h:0m:4s left)
Log-likelihood cutoff on original alignment: -2698.087
Optimizing NNI: done in 0.120068 secs using 787.5% CPU
Optimizing NNI: done in 0.0825297 secs using 794.9% CPU
Optimizing NNI: done in 0.0602429 secs using 785.3% CPU
Optimizing NNI: done in 0.12285 secs using 790.8% CPU
Optimizing NNI: done in 0.0792842 secs using 784.2% CPU
Optimizing NNI: done in 0.0628433 secs using 792.8% CPU
Optimizing NNI: done in 0.0784608 secs using 783.2% CPU
Optimizing NNI: done in 0.0426651 secs using 795.8% CPU
Optimizing NNI: done in 0.117462 secs using 789.9% CPU
Optimizing NNI: done in 0.0816213 secs using 790% CPU
Iteration 460 / LogL: -2677.203 / Time: 0h:0m:39s (0h:0m:3s left)
Optimizing NNI: done in 0.0412554 secs using 787.9% CPU
Optimizing NNI: done in 0.0827141 secs using 794.6% CPU
Optimizing NNI: done in 0.060864 secs using 791.3% CPU
Optimizing NNI: done in 0.0619384 secs using 794.3% CPU
Optimizing NNI: done in 0.0645644 secs using 783% CPU
Optimizing NNI: done in 0.0862599 secs using 785.4% CPU
Optimizing NNI: done in 0.10051 secs using 790.8% CPU
Optimizing NNI: done in 0.0592269 secs using 787.5% CPU
Optimizing NNI: done in 0.0935557 secs using 795.1% CPU
Optimizing NNI: done in 0.0988071 secs using 793.4% CPU
Iteration 470 / LogL: -2677.205 / Time: 0h:0m:40s (0h:0m:2s left)
Optimizing NNI: done in 0.100649 secs using 782.8% CPU
Optimizing NNI: done in 0.0410697 secs using 781.8% CPU
Optimizing NNI: done in 0.0771829 secs using 788.7% CPU
Optimizing NNI: done in 0.0741711 secs using 795.3% CPU
Optimizing NNI: done in 0.0429692 secs using 789.2% CPU
Optimizing NNI: done in 0.0962635 secs using 788.3% CPU
Optimizing NNI: done in 0.102225 secs using 790.9% CPU
Optimizing NNI: done in 0.12758 secs using 794.4% CPU
Optimizing NNI: done in 0.103197 secs using 791.3% CPU
Optimizing NNI: done in 0.103997 secs using 791.8% CPU
Iteration 480 / LogL: -2680.718 / Time: 0h:0m:41s (0h:0m:1s left)
Optimizing NNI: done in 0.0755901 secs using 796% CPU
Optimizing NNI: done in 0.0844004 secs using 786.6% CPU
Optimizing NNI: done in 0.0850384 secs using 788.2% CPU
Optimizing NNI: done in 0.0985312 secs using 792.5% CPU
Optimizing NNI: done in 0.0418596 secs using 790% CPU
Optimizing NNI: done in 0.101421 secs using 786.3% CPU
Optimizing NNI: done in 0.083442 secs using 791.5% CPU
Optimizing NNI: done in 0.103738 secs using 793.6% CPU
Optimizing NNI: done in 0.0634573 secs using 784.5% CPU
Optimizing NNI: done in 0.0628409 secs using 790.1% CPU
Iteration 490 / LogL: -2686.968 / Time: 0h:0m:42s (0h:0m:0s left)
Optimizing NNI: done in 0.0856989 secs using 782.5% CPU
Optimizing NNI: done in 0.0813596 secs using 793.8% CPU
Optimizing NNI: done in 0.0826136 secs using 783.5% CPU
Optimizing NNI: done in 0.0620316 secs using 792.1% CPU
Optimizing NNI: done in 0.0613046 secs using 796.4% CPU
Optimizing NNI: done in 0.0845136 secs using 788.6% CPU
Optimizing NNI: done in 0.102931 secs using 785.4% CPU
Optimizing NNI: done in 0.0809653 secs using 790% CPU
Optimizing NNI: done in 0.062426 secs using 788.5% CPU
Optimizing NNI: done in 0.117046 secs using 793.9% CPU
Iteration 500 / LogL: -2677.204 / Time: 0h:0m:43s (0h:0m:0s left)
Log-likelihood cutoff on original alignment: -2698.782
NOTE: Bootstrap correlation coefficient of split occurrence frequencies: 0.975
NOTE: UFBoot does not converge, continue at least 100 more iterations
Optimizing NNI: done in 0.113225 secs using 788.8% CPU
Optimizing NNI: done in 0.106705 secs using 790.3% CPU
Optimizing NNI: done in 0.0400976 secs using 790.7% CPU
Optimizing NNI: done in 0.119201 secs using 789.4% CPU
Optimizing NNI: done in 0.0575568 secs using 794.9% CPU
Optimizing NNI: done in 0.0644 secs using 796.6% CPU
Optimizing NNI: done in 0.0401836 secs using 789.2% CPU
Optimizing NNI: done in 0.0957969 secs using 794.6% CPU
Optimizing NNI: done in 0.0650666 secs using 787.8% CPU
Optimizing NNI: done in 0.0414646 secs using 782.8% CPU
Iteration 510 / LogL: -2677.199 / Time: 0h:0m:44s (0h:0m:7s left)
Optimizing NNI: done in 0.0947797 secs using 792.2% CPU
Optimizing NNI: done in 0.105287 secs using 793.5% CPU
Optimizing NNI: done in 0.0626388 secs using 797% CPU
Optimizing NNI: done in 0.0843223 secs using 786.6% CPU
Optimizing NNI: done in 0.0629945 secs using 787.3% CPU
Optimizing NNI: done in 0.0749358 secs using 792.1% CPU
Optimizing NNI: done in 0.106688 secs using 785.7% CPU
Optimizing NNI: done in 0.0819488 secs using 792% CPU
Optimizing NNI: done in 0.103831 secs using 790.6% CPU
Optimizing NNI: done in 0.0985609 secs using 793.4% CPU
Iteration 520 / LogL: -2679.021 / Time: 0h:0m:45s (0h:0m:7s left)
Optimizing NNI: done in 0.0809104 secs using 794.4% CPU
Optimizing NNI: done in 0.0411037 secs using 789.3% CPU
Optimizing NNI: done in 0.137018 secs using 789% CPU
Optimizing NNI: done in 0.105034 secs using 799.5% CPU
Optimizing NNI: done in 0.0852165 secs using 790.5% CPU
Optimizing NNI: done in 0.0644557 secs using 796.3% CPU
Optimizing NNI: done in 0.079979 secs using 795.7% CPU
Optimizing NNI: done in 0.0604466 secs using 788.5% CPU
Optimizing NNI: done in 0.096907 secs using 793% CPU
Optimizing NNI: done in 0.0642087 secs using 789.1% CPU
Iteration 530 / LogL: -2677.202 / Time: 0h:0m:46s (0h:0m:6s left)
Optimizing NNI: done in 0.063345 secs using 789.7% CPU
Optimizing NNI: done in 0.103669 secs using 786.1% CPU
Optimizing NNI: done in 0.0865711 secs using 790% CPU
Optimizing NNI: done in 0.0628446 secs using 795.4% CPU
Optimizing NNI: done in 0.0778874 secs using 782.8% CPU
Optimizing NNI: done in 0.0876572 secs using 795.3% CPU
Optimizing NNI: done in 0.0576256 secs using 794% CPU
Optimizing NNI: done in 0.086847 secs using 794.1% CPU
Optimizing NNI: done in 0.0386816 secs using 795.5% CPU
Optimizing NNI: done in 0.11344 secs using 786.9% CPU
Iteration 540 / LogL: -2677.204 / Time: 0h:0m:47s (0h:0m:5s left)
Optimizing NNI: done in 0.0423695 secs using 787.5% CPU
Optimizing NNI: done in 0.0622472 secs using 789.3% CPU
Optimizing NNI: done in 0.100941 secs using 794.4% CPU
Optimizing NNI: done in 0.0866384 secs using 788.2% CPU
Optimizing NNI: done in 0.0618435 secs using 790.8% CPU
Optimizing NNI: done in 0.0835222 secs using 796.3% CPU
Optimizing NNI: done in 0.0432561 secs using 788.9% CPU
Optimizing NNI: done in 0.102226 secs using 788.9% CPU
Optimizing NNI: done in 0.0975497 secs using 794.5% CPU
Optimizing NNI: done in 0.0834589 secs using 794.1% CPU
Iteration 550 / LogL: -2694.265 / Time: 0h:0m:48s (0h:0m:4s left)
Log-likelihood cutoff on original alignment: -2698.782
Optimizing NNI: done in 0.0603418 secs using 782.1% CPU
Optimizing NNI: done in 0.0606512 secs using 798% CPU
Optimizing NNI: done in 0.0588087 secs using 796.1% CPU
Optimizing NNI: done in 0.0923431 secs using 791.1% CPU
Optimizing NNI: done in 0.0829696 secs using 790% CPU
Optimizing NNI: done in 0.0601291 secs using 789.9% CPU
Optimizing NNI: done in 0.0434921 secs using 786.2% CPU
Optimizing NNI: done in 0.103573 secs using 793.6% CPU
Optimizing NNI: done in 0.103288 secs using 796.5% CPU
Optimizing NNI: done in 0.0987974 secs using 791.5% CPU
Iteration 560 / LogL: -2679.023 / Time: 0h:0m:49s (0h:0m:3s left)
Optimizing NNI: done in 0.0840876 secs using 790.2% CPU
Optimizing NNI: done in 0.0750314 secs using 794.4% CPU
Optimizing NNI: done in 0.0420276 secs using 788.1% CPU
Optimizing NNI: done in 0.0416148 secs using 797.2% CPU
BETTER TREE FOUND at iteration 564: -2677.198
Optimizing NNI: done in 0.0621205 secs using 792.7% CPU
Optimizing NNI: done in 0.0841475 secs using 791.8% CPU
Optimizing NNI: done in 0.0611397 secs using 786.2% CPU
Optimizing NNI: done in 0.042621 secs using 780.6% CPU
Optimizing NNI: done in 0.104024 secs using 790.4% CPU
Optimizing NNI: done in 0.0833501 secs using 795.6% CPU
Iteration 570 / LogL: -2677.208 / Time: 0h:0m:50s (0h:0m:8s left)
Optimizing NNI: done in 0.0410039 secs using 793.2% CPU
Optimizing NNI: done in 0.0848804 secs using 793.9% CPU
Optimizing NNI: done in 0.0985943 secs using 793.3% CPU
Optimizing NNI: done in 0.0385175 secs using 801.9% CPU
Optimizing NNI: done in 0.104507 secs using 788.4% CPU
Optimizing NNI: done in 0.0627319 secs using 796.6% CPU
Optimizing NNI: done in 0.0405543 secs using 785.1% CPU
Optimizing NNI: done in 0.0907171 secs using 792.3% CPU
Optimizing NNI: done in 0.0631564 secs using 791.2% CPU
Optimizing NNI: done in 0.0840961 secs using 791.7% CPU
Iteration 580 / LogL: -2677.206 / Time: 0h:0m:51s (0h:0m:7s left)
Optimizing NNI: done in 0.0814819 secs using 793.7% CPU
Optimizing NNI: done in 0.0624828 secs using 790.5% CPU
Optimizing NNI: done in 0.0795716 secs using 788.6% CPU
Optimizing NNI: done in 0.104098 secs using 795.1% CPU
Optimizing NNI: done in 0.101186 secs using 789.3% CPU
Optimizing NNI: done in 0.0887271 secs using 786.2% CPU
Optimizing NNI: done in 0.0603029 secs using 790.2% CPU
Optimizing NNI: done in 0.0776362 secs using 791.5% CPU
Optimizing NNI: done in 0.10852 secs using 788.2% CPU
Optimizing NNI: done in 0.105847 secs using 791.8% CPU
Iteration 590 / LogL: -2677.202 / Time: 0h:0m:52s (0h:0m:6s left)
Optimizing NNI: done in 0.0976487 secs using 791.9% CPU
Optimizing NNI: done in 0.0654282 secs using 796.1% CPU
Optimizing NNI: done in 0.0837328 secs using 792.5% CPU
Optimizing NNI: done in 0.0830169 secs using 791% CPU
Optimizing NNI: done in 0.121581 secs using 791.4% CPU
Optimizing NNI: done in 0.103895 secs using 785.2% CPU
Optimizing NNI: done in 0.0617719 secs using 790.1% CPU
Optimizing NNI: done in 0.0407918 secs using 795.3% CPU
Optimizing NNI: done in 0.105082 secs using 792.1% CPU
Optimizing NNI: done in 0.101214 secs using 788.3% CPU
Iteration 600 / LogL: -2677.202 / Time: 0h:0m:53s (0h:0m:5s left)
Log-likelihood cutoff on original alignment: -2698.782
NOTE: Bootstrap correlation coefficient of split occurrence frequencies: 0.969
NOTE: UFBoot does not converge, continue at least 100 more iterations
Optimizing NNI: done in 0.0428192 secs using 795.6% CPU
Optimizing NNI: done in 0.0791434 secs using 787.1% CPU
Optimizing NNI: done in 0.087561 secs using 785.8% CPU
Optimizing NNI: done in 0.0621715 secs using 798.8% CPU
Optimizing NNI: done in 0.0636639 secs using 794.1% CPU
Optimizing NNI: done in 0.0874936 secs using 788.9% CPU
Optimizing NNI: done in 0.0820955 secs using 788.9% CPU
Optimizing NNI: done in 0.084147 secs using 789.8% CPU
Optimizing NNI: done in 0.0621067 secs using 788.1% CPU
Optimizing NNI: done in 0.0814848 secs using 796.4% CPU
Iteration 610 / LogL: -2681.043 / Time: 0h:0m:54s (0h:0m:8s left)
Optimizing NNI: done in 0.0627737 secs using 780% CPU
Optimizing NNI: done in 0.0617353 secs using 790.5% CPU
Optimizing NNI: done in 0.0848461 secs using 789% CPU
Optimizing NNI: done in 0.0615711 secs using 791.4% CPU
Optimizing NNI: done in 0.103335 secs using 789.1% CPU
Optimizing NNI: done in 0.100966 secs using 791.3% CPU
Optimizing NNI: done in 0.0645004 secs using 795.1% CPU
Optimizing NNI: done in 0.115751 secs using 785.7% CPU
Optimizing NNI: done in 0.0633097 secs using 785.5% CPU
Optimizing NNI: done in 0.10569 secs using 790.8% CPU
Iteration 620 / LogL: -2680.488 / Time: 0h:0m:55s (0h:0m:7s left)
Optimizing NNI: done in 0.0423894 secs using 780.1% CPU
Optimizing NNI: done in 0.0758133 secs using 788% CPU
Optimizing NNI: done in 0.0578839 secs using 782.7% CPU
BETTER TREE FOUND at iteration 623: -2677.198
Optimizing NNI: done in 0.098766 secs using 793.4% CPU
Optimizing NNI: done in 0.0938257 secs using 784.8% CPU
Optimizing NNI: done in 0.0977963 secs using 793% CPU
Optimizing NNI: done in 0.0719758 secs using 789.6% CPU
Optimizing NNI: done in 0.0946939 secs using 790.3% CPU
Optimizing NNI: done in 0.0824375 secs using 795.8% CPU
Optimizing NNI: done in 0.0787093 secs using 793.6% CPU
Iteration 630 / LogL: -2682.914 / Time: 0h:0m:56s (0h:0m:8s left)
Optimizing NNI: done in 0.0389336 secs using 791.2% CPU
Optimizing NNI: done in 0.100531 secs using 784.9% CPU
Optimizing NNI: done in 0.0419185 secs using 790.1% CPU
Optimizing NNI: done in 0.0930098 secs using 788.9% CPU
Optimizing NNI: done in 0.0813379 secs using 785.4% CPU
Optimizing NNI: done in 0.0603613 secs using 784.4% CPU
Optimizing NNI: done in 0.0414705 secs using 785.6% CPU
Optimizing NNI: done in 0.0628491 secs using 790% CPU
Optimizing NNI: done in 0.102405 secs using 787.8% CPU
Optimizing NNI: done in 0.0788286 secs using 783.2% CPU
Iteration 640 / LogL: -2681.199 / Time: 0h:0m:57s (0h:0m:7s left)
Optimizing NNI: done in 0.0816252 secs using 786.8% CPU
Optimizing NNI: done in 0.0843878 secs using 794% CPU
Optimizing NNI: done in 0.100259 secs using 785.8% CPU
Optimizing NNI: done in 0.104045 secs using 791.4% CPU
Optimizing NNI: done in 0.0826814 secs using 792.4% CPU
Optimizing NNI: done in 0.054695 secs using 799.1% CPU
Optimizing NNI: done in 0.0784139 secs using 786.7% CPU
BETTER TREE FOUND at iteration 647: -2677.198
Optimizing NNI: done in 0.120922 secs using 791.8% CPU
Optimizing NNI: done in 0.0813199 secs using 787.2% CPU
Optimizing NNI: done in 0.0794217 secs using 797.8% CPU
Iteration 650 / LogL: -2677.202 / Time: 0h:0m:58s (0h:0m:8s left)
Log-likelihood cutoff on original alignment: -2698.782
Optimizing NNI: done in 0.0823917 secs using 782.2% CPU
Optimizing NNI: done in 0.0611008 secs using 792.7% CPU
Optimizing NNI: done in 0.0400689 secs using 794.2% CPU
Optimizing NNI: done in 0.0416535 secs using 797.8% CPU
Optimizing NNI: done in 0.125137 secs using 794.2% CPU
Optimizing NNI: done in 0.0529577 secs using 787.4% CPU
Optimizing NNI: done in 0.0809668 secs using 788.9% CPU
Optimizing NNI: done in 0.0992915 secs using 790.8% CPU
Optimizing NNI: done in 0.103538 secs using 788.2% CPU
Optimizing NNI: done in 0.0818907 secs using 791.5% CPU
Iteration 660 / LogL: -2679.025 / Time: 0h:0m:59s (0h:0m:7s left)
Optimizing NNI: done in 0.101852 secs using 789.7% CPU
Optimizing NNI: done in 0.0792114 secs using 789.6% CPU
BETTER TREE FOUND at iteration 662: -2677.198
Optimizing NNI: done in 0.081777 secs using 789.7% CPU
Optimizing NNI: done in 0.0840742 secs using 789.9% CPU
Optimizing NNI: done in 0.118588 secs using 782.6% CPU
Optimizing NNI: done in 0.0848852 secs using 789.3% CPU
Optimizing NNI: done in 0.103726 secs using 793.5% CPU
Optimizing NNI: done in 0.0843913 secs using 790% CPU
Optimizing NNI: done in 0.100613 secs using 788.2% CPU
Optimizing NNI: done in 0.0641854 secs using 786.7% CPU
Iteration 670 / LogL: -2680.999 / Time: 0h:1m:0s (0h:0m:8s left)
Optimizing NNI: done in 0.0845874 secs using 788.6% CPU
Optimizing NNI: done in 0.0411827 secs using 784.8% CPU
Optimizing NNI: done in 0.104042 secs using 788.4% CPU
Optimizing NNI: done in 0.0608675 secs using 790.9% CPU
Optimizing NNI: done in 0.0837798 secs using 793.9% CPU
Optimizing NNI: done in 0.062638 secs using 784% CPU
Optimizing NNI: done in 0.0806418 secs using 792.5% CPU
Optimizing NNI: done in 0.12485 secs using 792.3% CPU
Optimizing NNI: done in 0.0431715 secs using 787.8% CPU
Optimizing NNI: done in 0.119391 secs using 789% CPU
Iteration 680 / LogL: -2677.208 / Time: 0h:1m:1s (0h:0m:7s left)
Optimizing NNI: done in 0.0631766 secs using 786.4% CPU
Optimizing NNI: done in 0.077999 secs using 792.3% CPU
Optimizing NNI: done in 0.104383 secs using 789.7% CPU
Optimizing NNI: done in 0.0987013 secs using 792.6% CPU
Optimizing NNI: done in 0.0627707 secs using 796.5% CPU
Optimizing NNI: done in 0.0635276 secs using 793.5% CPU
Optimizing NNI: done in 0.0592274 secs using 793.3% CPU
BETTER TREE FOUND at iteration 687: -2677.198
Optimizing NNI: done in 0.0844289 secs using 794.8% CPU
Optimizing NNI: done in 0.0658785 secs using 786.7% CPU
Optimizing NNI: done in 0.104451 secs using 793.2% CPU
Iteration 690 / LogL: -2677.205 / Time: 0h:1m:2s (0h:0m:8s left)
Optimizing NNI: done in 0.102968 secs using 792.5% CPU
Optimizing NNI: done in 0.115573 secs using 794.7% CPU
Optimizing NNI: done in 0.061265 secs using 800.8% CPU
Optimizing NNI: done in 0.0640619 secs using 795% CPU
Optimizing NNI: done in 0.0835457 secs using 795.7% CPU
Optimizing NNI: done in 0.104205 secs using 793.1% CPU
Optimizing NNI: done in 0.0647991 secs using 797.6% CPU
Optimizing NNI: done in 0.0811393 secs using 791.6% CPU
Optimizing NNI: done in 0.106317 secs using 786.9% CPU
Optimizing NNI: done in 0.0992924 secs using 788.5% CPU
Iteration 700 / LogL: -2677.203 / Time: 0h:1m:3s (0h:0m:7s left)
Log-likelihood cutoff on original alignment: -2699.211
NOTE: Bootstrap correlation coefficient of split occurrence frequencies: 0.983
NOTE: UFBoot does not converge, continue at least 100 more iterations
Optimizing NNI: done in 0.0826725 secs using 796.8% CPU
Optimizing NNI: done in 0.0994011 secs using 789% CPU
Optimizing NNI: done in 0.083127 secs using 791.2% CPU
Optimizing NNI: done in 0.104354 secs using 787.7% CPU
Optimizing NNI: done in 0.0406866 secs using 783.8% CPU
Optimizing NNI: done in 0.101291 secs using 789.8% CPU
Optimizing NNI: done in 0.0917706 secs using 789.3% CPU
Optimizing NNI: done in 0.0852826 secs using 786.3% CPU
Optimizing NNI: done in 0.0997934 secs using 792.9% CPU
Optimizing NNI: done in 0.0815508 secs using 792.5% CPU
Iteration 710 / LogL: -2682.910 / Time: 0h:1m:4s (0h:0m:8s left)
Optimizing NNI: done in 0.0827231 secs using 785.6% CPU
Optimizing NNI: done in 0.0791636 secs using 792.9% CPU
Optimizing NNI: done in 0.0418746 secs using 795.2% CPU
Optimizing NNI: done in 0.0789014 secs using 790.2% CPU
Optimizing NNI: done in 0.107271 secs using 792.1% CPU
Optimizing NNI: done in 0.0659899 secs using 790% CPU
Optimizing NNI: done in 0.116551 secs using 788.7% CPU
Optimizing NNI: done in 0.0831111 secs using 793.7% CPU
Optimizing NNI: done in 0.0843965 secs using 788.9% CPU
Optimizing NNI: done in 0.0628481 secs using 792.1% CPU
Iteration 720 / LogL: -2681.041 / Time: 0h:1m:5s (0h:0m:7s left)
Optimizing NNI: done in 0.103995 secs using 789.3% CPU
Optimizing NNI: done in 0.0629635 secs using 793% CPU
Optimizing NNI: done in 0.105488 secs using 786.1% CPU
Optimizing NNI: done in 0.084241 secs using 790.4% CPU
Optimizing NNI: done in 0.0822359 secs using 787.1% CPU
Optimizing NNI: done in 0.104123 secs using 793.9% CPU
Optimizing NNI: done in 0.13952 secs using 791.1% CPU
Optimizing NNI: done in 0.124512 secs using 792.9% CPU
Optimizing NNI: done in 0.100822 secs using 788.3% CPU
Optimizing NNI: done in 0.0633891 secs using 799.5% CPU
Iteration 730 / LogL: -2680.487 / Time: 0h:1m:6s (0h:0m:6s left)
Optimizing NNI: done in 0.0845494 secs using 790.2% CPU
Optimizing NNI: done in 0.097498 secs using 786.8% CPU
Optimizing NNI: done in 0.0903028 secs using 788.8% CPU
Optimizing NNI: done in 0.0782364 secs using 793.5% CPU
Optimizing NNI: done in 0.111523 secs using 794.2% CPU
Optimizing NNI: done in 0.131411 secs using 788.1% CPU
Optimizing NNI: done in 0.0796062 secs using 797.8% CPU
Optimizing NNI: done in 0.10299 secs using 788.7% CPU
Optimizing NNI: done in 0.0630637 secs using 787.7% CPU
Optimizing NNI: done in 0.0635414 secs using 788.4% CPU
Iteration 740 / LogL: -2677.200 / Time: 0h:1m:7s (0h:0m:5s left)
Optimizing NNI: done in 0.102876 secs using 791.4% CPU
Optimizing NNI: done in 0.0984401 secs using 792.1% CPU
Optimizing NNI: done in 0.0632291 secs using 790.8% CPU
Optimizing NNI: done in 0.104889 secs using 791.8% CPU
Optimizing NNI: done in 0.0418465 secs using 795.8% CPU
Optimizing NNI: done in 0.107401 secs using 785.6% CPU
Optimizing NNI: done in 0.097525 secs using 786.7% CPU
Optimizing NNI: done in 0.0987163 secs using 794.5% CPU
Optimizing NNI: done in 0.103274 secs using 797.3% CPU
Optimizing NNI: done in 0.0818185 secs using 793.4% CPU
Iteration 750 / LogL: -2677.203 / Time: 0h:1m:8s (0h:0m:4s left)
Log-likelihood cutoff on original alignment: -2699.211
Optimizing NNI: done in 0.0818591 secs using 787.8% CPU
Optimizing NNI: done in 0.0869346 secs using 790.3% CPU
Optimizing NNI: done in 0.114436 secs using 787.8% CPU
Optimizing NNI: done in 0.0901417 secs using 791.4% CPU
Optimizing NNI: done in 0.0620755 secs using 790.8% CPU
Optimizing NNI: done in 0.125808 secs using 791.5% CPU
Optimizing NNI: done in 0.099173 secs using 789.5% CPU
Optimizing NNI: done in 0.136511 secs using 794.2% CPU
Optimizing NNI: done in 0.0629479 secs using 793.1% CPU
Optimizing NNI: done in 0.0622421 secs using 798.2% CPU
Iteration 760 / LogL: -2677.200 / Time: 0h:1m:10s (0h:0m:3s left)
Optimizing NNI: done in 0.0882765 secs using 787.2% CPU
Optimizing NNI: done in 0.095837 secs using 794.7% CPU
Optimizing NNI: done in 0.105862 secs using 789.6% CPU
Optimizing NNI: done in 0.0414914 secs using 799.8% CPU
Optimizing NNI: done in 0.0605578 secs using 795.1% CPU
Optimizing NNI: done in 0.0802312 secs using 792.5% CPU
Optimizing NNI: done in 0.0852247 secs using 793.1% CPU
Optimizing NNI: done in 0.0619969 secs using 793.8% CPU
Optimizing NNI: done in 0.102078 secs using 791.6% CPU
Optimizing NNI: done in 0.0840492 secs using 791.5% CPU
Iteration 770 / LogL: -2677.200 / Time: 0h:1m:11s (0h:0m:2s left)
Optimizing NNI: done in 0.0786156 secs using 795.7% CPU
Optimizing NNI: done in 0.0756384 secs using 786.2% CPU
Optimizing NNI: done in 0.105108 secs using 795.6% CPU
Optimizing NNI: done in 0.104255 secs using 790.8% CPU
Optimizing NNI: done in 0.0641616 secs using 789.7% CPU
Optimizing NNI: done in 0.10424 secs using 796.2% CPU
Optimizing NNI: done in 0.137366 secs using 788.9% CPU
Optimizing NNI: done in 0.122573 secs using 791.3% CPU
Optimizing NNI: done in 0.10534 secs using 787.6% CPU
Optimizing NNI: done in 0.0742772 secs using 786.3% CPU
Iteration 780 / LogL: -2677.203 / Time: 0h:1m:12s (0h:0m:1s left)
Optimizing NNI: done in 0.130663 secs using 796.7% CPU
Optimizing NNI: done in 0.0778036 secs using 795.4% CPU
Optimizing NNI: done in 0.0638946 secs using 794.1% CPU
Optimizing NNI: done in 0.126382 secs using 793.2% CPU
Optimizing NNI: done in 0.0602304 secs using 784.2% CPU
Optimizing NNI: done in 0.0834833 secs using 797.2% CPU
Optimizing NNI: done in 0.0843818 secs using 785.4% CPU
Optimizing NNI: done in 0.0856318 secs using 793.8% CPU
Optimizing NNI: done in 0.0415618 secs using 796.4% CPU
Optimizing NNI: done in 0.12352 secs using 790.5% CPU
Iteration 790 / LogL: -2677.206 / Time: 0h:1m:13s (0h:0m:0s left)
Optimizing NNI: done in 0.102374 secs using 796.5% CPU
Optimizing NNI: done in 0.133007 secs using 790.5% CPU
Optimizing NNI: done in 0.0827097 secs using 781.1% CPU
Optimizing NNI: done in 0.08683 secs using 790% CPU
Optimizing NNI: done in 0.0412533 secs using 786.5% CPU
Optimizing NNI: done in 0.106109 secs using 795.8% CPU
Optimizing NNI: done in 0.0618317 secs using 783.2% CPU
Optimizing NNI: done in 0.0604821 secs using 786.7% CPU
Optimizing NNI: done in 0.0647425 secs using 793.6% CPU
Optimizing NNI: done in 0.0830201 secs using 793.1% CPU
Iteration 800 / LogL: -2687.615 / Time: 0h:1m:14s (0h:0m:0s left)
Log-likelihood cutoff on original alignment: -2699.211
NOTE: Bootstrap correlation coefficient of split occurrence frequencies: 0.985
NOTE: UFBoot does not converge, continue at least 100 more iterations
Optimizing NNI: done in 0.0916376 secs using 789.5% CPU
Optimizing NNI: done in 0.0418353 secs using 791.6% CPU
Optimizing NNI: done in 0.111541 secs using 791.1% CPU
Optimizing NNI: done in 0.0937781 secs using 795.5% CPU
Optimizing NNI: done in 0.0609585 secs using 784.8% CPU
Optimizing NNI: done in 0.1064 secs using 793.1% CPU
Optimizing NNI: done in 0.0394666 secs using 805% CPU
Optimizing NNI: done in 0.0796537 secs using 796.2% CPU
Optimizing NNI: done in 0.101836 secs using 793.9% CPU
Optimizing NNI: done in 0.0744958 secs using 783.6% CPU
Iteration 810 / LogL: -2677.201 / Time: 0h:1m:15s (0h:0m:8s left)
Optimizing NNI: done in 0.0811058 secs using 790.6% CPU
Optimizing NNI: done in 0.0815815 secs using 794.3% CPU
Optimizing NNI: done in 0.0831892 secs using 788.4% CPU
Optimizing NNI: done in 0.0627394 secs using 795.1% CPU
Optimizing NNI: done in 0.104926 secs using 791.7% CPU
Optimizing NNI: done in 0.0851218 secs using 790.7% CPU
Optimizing NNI: done in 0.0624394 secs using 790.8% CPU
Optimizing NNI: done in 0.0998963 secs using 794.6% CPU
Optimizing NNI: done in 0.083066 secs using 793% CPU
Optimizing NNI: done in 0.0830839 secs using 792.2% CPU
Iteration 820 / LogL: -2677.201 / Time: 0h:1m:16s (0h:0m:7s left)
Optimizing NNI: done in 0.0645617 secs using 796% CPU
Optimizing NNI: done in 0.101161 secs using 796.6% CPU
Optimizing NNI: done in 0.0638304 secs using 796.2% CPU
Optimizing NNI: done in 0.119337 secs using 790.9% CPU
Optimizing NNI: done in 0.119386 secs using 792.1% CPU
Optimizing NNI: done in 0.0820287 secs using 794.2% CPU
Optimizing NNI: done in 0.0694719 secs using 789.5% CPU
Optimizing NNI: done in 0.124334 secs using 791.4% CPU
Optimizing NNI: done in 0.0416027 secs using 786.9% CPU
Optimizing NNI: done in 0.0564436 secs using 793.1% CPU
Iteration 830 / LogL: -2677.204 / Time: 0h:1m:17s (0h:0m:6s left)
Optimizing NNI: done in 0.0833844 secs using 789.6% CPU
Optimizing NNI: done in 0.0828437 secs using 793.7% CPU
Optimizing NNI: done in 0.104768 secs using 794.3% CPU
Optimizing NNI: done in 0.0852879 secs using 789.5% CPU
Optimizing NNI: done in 0.080553 secs using 788.5% CPU
Optimizing NNI: done in 0.0802817 secs using 793.2% CPU
Optimizing NNI: done in 0.077595 secs using 791.3% CPU
Optimizing NNI: done in 0.080249 secs using 782.2% CPU
Optimizing NNI: done in 0.061529 secs using 796.1% CPU
Optimizing NNI: done in 0.0208957 secs using 798.6% CPU
Iteration 840 / LogL: -2677.198 / Time: 0h:1m:18s (0h:0m:5s left)
Optimizing NNI: done in 0.084053 secs using 792.8% CPU
Optimizing NNI: done in 0.0782165 secs using 794.1% CPU
Optimizing NNI: done in 0.0839693 secs using 793.2% CPU
Optimizing NNI: done in 0.0620667 secs using 793.8% CPU
Optimizing NNI: done in 0.0854806 secs using 788.6% CPU
Optimizing NNI: done in 0.0865326 secs using 794.6% CPU
Optimizing NNI: done in 0.0430881 secs using 790.8% CPU
Optimizing NNI: done in 0.0414812 secs using 782.4% CPU
Optimizing NNI: done in 0.0419363 secs using 794.2% CPU
Optimizing NNI: done in 0.0812467 secs using 791.5% CPU
Iteration 850 / LogL: -2677.200 / Time: 0h:1m:19s (0h:0m:4s left)
Log-likelihood cutoff on original alignment: -2699.443
Optimizing NNI: done in 0.0403616 secs using 774.5% CPU
Optimizing NNI: done in 0.0863685 secs using 789.1% CPU
Optimizing NNI: done in 0.0950851 secs using 794.2% CPU
Optimizing NNI: done in 0.103715 secs using 794.9% CPU
Optimizing NNI: done in 0.0604702 secs using 799.9% CPU
Optimizing NNI: done in 0.0830567 secs using 787.7% CPU
Optimizing NNI: done in 0.0785665 secs using 793.1% CPU
Optimizing NNI: done in 0.0627613 secs using 782.6% CPU
Optimizing NNI: done in 0.111299 secs using 793.5% CPU
Optimizing NNI: done in 0.0610516 secs using 791.8% CPU
Iteration 860 / LogL: -2680.996 / Time: 0h:1m:20s (0h:0m:3s left)
Optimizing NNI: done in 0.112768 secs using 793.7% CPU
Optimizing NNI: done in 0.077907 secs using 787.8% CPU
Optimizing NNI: done in 0.0828552 secs using 788.5% CPU
Optimizing NNI: done in 0.124006 secs using 790.6% CPU
Optimizing NNI: done in 0.0619236 secs using 788.9% CPU
Optimizing NNI: done in 0.0632568 secs using 790.6% CPU
Optimizing NNI: done in 0.0601167 secs using 788.8% CPU
Optimizing NNI: done in 0.0824909 secs using 785.3% CPU
Optimizing NNI: done in 0.0856849 secs using 798.4% CPU
Optimizing NNI: done in 0.0366507 secs using 798.3% CPU
Iteration 870 / LogL: -2680.992 / Time: 0h:1m:21s (0h:0m:2s left)
Optimizing NNI: done in 0.0778784 secs using 793.7% CPU
Optimizing NNI: done in 0.0973089 secs using 791.3% CPU
Optimizing NNI: done in 0.0741286 secs using 793.7% CPU
Optimizing NNI: done in 0.0725664 secs using 796.4% CPU
Optimizing NNI: done in 0.0932481 secs using 797.9% CPU
Optimizing NNI: done in 0.0646023 secs using 792.5% CPU
Optimizing NNI: done in 0.061278 secs using 790% CPU
Optimizing NNI: done in 0.101634 secs using 786.6% CPU
Optimizing NNI: done in 0.0620234 secs using 787.8% CPU
Optimizing NNI: done in 0.0841878 secs using 794.5% CPU
Iteration 880 / LogL: -2677.201 / Time: 0h:1m:22s (0h:0m:1s left)
Optimizing NNI: done in 0.0821157 secs using 793.6% CPU
Optimizing NNI: done in 0.0823075 secs using 798.5% CPU
Optimizing NNI: done in 0.062216 secs using 792.7% CPU
Optimizing NNI: done in 0.0628338 secs using 790.9% CPU
Optimizing NNI: done in 0.100901 secs using 790.9% CPU
Optimizing NNI: done in 0.0637482 secs using 780.7% CPU
Optimizing NNI: done in 0.0830841 secs using 791.6% CPU
Optimizing NNI: done in 0.0640061 secs using 791.6% CPU
Optimizing NNI: done in 0.0817333 secs using 794.2% CPU
Optimizing NNI: done in 0.1065 secs using 795% CPU
Iteration 890 / LogL: -2677.208 / Time: 0h:1m:23s (0h:0m:0s left)
Optimizing NNI: done in 0.0612785 secs using 788.1% CPU
Optimizing NNI: done in 0.102418 secs using 795.4% CPU
Optimizing NNI: done in 0.0827178 secs using 794.8% CPU
Optimizing NNI: done in 0.0595734 secs using 797% CPU
Optimizing NNI: done in 0.0410567 secs using 790.5% CPU
Optimizing NNI: done in 0.0423409 secs using 782.4% CPU
Optimizing NNI: done in 0.101475 secs using 792.6% CPU
Optimizing NNI: done in 0.138822 secs using 794.2% CPU
Optimizing NNI: done in 0.0831778 secs using 789.1% CPU
Optimizing NNI: done in 0.0654095 secs using 783.9% CPU
Iteration 900 / LogL: -2680.998 / Time: 0h:1m:24s (0h:0m:0s left)
Log-likelihood cutoff on original alignment: -2699.271
NOTE: Bootstrap correlation coefficient of split occurrence frequencies: 0.989
NOTE: UFBoot does not converge, continue at least 100 more iterations
Optimizing NNI: done in 0.0853492 secs using 796.2% CPU
Optimizing NNI: done in 0.0854784 secs using 794.3% CPU
Optimizing NNI: done in 0.103983 secs using 793% CPU
Optimizing NNI: done in 0.0615895 secs using 798.3% CPU
Optimizing NNI: done in 0.0625487 secs using 796.2% CPU
Optimizing NNI: done in 0.0585089 secs using 786.4% CPU
Optimizing NNI: done in 0.0410528 secs using 791.4% CPU
Optimizing NNI: done in 0.06498 secs using 786.8% CPU
Optimizing NNI: done in 0.0614153 secs using 800.2% CPU
Optimizing NNI: done in 0.120092 secs using 786.8% CPU
Iteration 910 / LogL: -2679.025 / Time: 0h:1m:25s (0h:0m:8s left)
Optimizing NNI: done in 0.0430416 secs using 793% CPU
Optimizing NNI: done in 0.0423268 secs using 788.1% CPU
Optimizing NNI: done in 0.0845947 secs using 791.1% CPU
Optimizing NNI: done in 0.0696215 secs using 794.8% CPU
Optimizing NNI: done in 0.0587155 secs using 790.9% CPU
Optimizing NNI: done in 0.119735 secs using 791.1% CPU
Optimizing NNI: done in 0.0828088 secs using 790.8% CPU
Optimizing NNI: done in 0.0608079 secs using 790.3% CPU
Optimizing NNI: done in 0.076295 secs using 796.7% CPU
Optimizing NNI: done in 0.0881809 secs using 788.6% CPU
Iteration 920 / LogL: -2682.909 / Time: 0h:1m:26s (0h:0m:7s left)
Optimizing NNI: done in 0.0825014 secs using 790.4% CPU
Optimizing NNI: done in 0.0834376 secs using 788.2% CPU
Optimizing NNI: done in 0.132277 secs using 796.7% CPU
Optimizing NNI: done in 0.0434515 secs using 801.6% CPU
Optimizing NNI: done in 0.0416297 secs using 798.3% CPU
Optimizing NNI: done in 0.0852883 secs using 793.8% CPU
Optimizing NNI: done in 0.118946 secs using 793.1% CPU
Optimizing NNI: done in 0.0622245 secs using 790.3% CPU
Optimizing NNI: done in 0.124913 secs using 789.4% CPU
Optimizing NNI: done in 0.0635733 secs using 788.1% CPU
Iteration 930 / LogL: -2677.200 / Time: 0h:1m:27s (0h:0m:6s left)
Optimizing NNI: done in 0.0826975 secs using 795.8% CPU
Optimizing NNI: done in 0.0432188 secs using 787.2% CPU
Optimizing NNI: done in 0.0338725 secs using 792.8% CPU
Optimizing NNI: done in 0.066551 secs using 792.6% CPU
Optimizing NNI: done in 0.0804931 secs using 785.7% CPU
Optimizing NNI: done in 0.0632756 secs using 788.1% CPU
Optimizing NNI: done in 0.107302 secs using 792.4% CPU
Optimizing NNI: done in 0.0836919 secs using 793.8% CPU
Optimizing NNI: done in 0.0570739 secs using 792.7% CPU
Optimizing NNI: done in 0.0621002 secs using 792.8% CPU
Iteration 940 / LogL: -2685.295 / Time: 0h:1m:28s (0h:0m:5s left)
Optimizing NNI: done in 0.0625735 secs using 792.9% CPU
Optimizing NNI: done in 0.0838592 secs using 785% CPU
Optimizing NNI: done in 0.109217 secs using 786.2% CPU
Optimizing NNI: done in 0.0701869 secs using 796.9% CPU
Optimizing NNI: done in 0.0424356 secs using 792% CPU
Optimizing NNI: done in 0.0754598 secs using 790.1% CPU
Optimizing NNI: done in 0.128484 secs using 796% CPU
Optimizing NNI: done in 0.091853 secs using 792.4% CPU
Optimizing NNI: done in 0.0808947 secs using 793.4% CPU
Optimizing NNI: done in 0.0606825 secs using 795.2% CPU
Iteration 950 / LogL: -2677.199 / Time: 0h:1m:29s (0h:0m:4s left)
Log-likelihood cutoff on original alignment: -2699.271
Optimizing NNI: done in 0.0866538 secs using 790.7% CPU
Optimizing NNI: done in 0.0620717 secs using 790.9% CPU
Optimizing NNI: done in 0.103088 secs using 792.9% CPU
Optimizing NNI: done in 0.0351499 secs using 801% CPU
Optimizing NNI: done in 0.0852955 secs using 788.4% CPU
Optimizing NNI: done in 0.0632829 secs using 792.3% CPU
Optimizing NNI: done in 0.0642014 secs using 793.5% CPU
Optimizing NNI: done in 0.0812903 secs using 793% CPU
Optimizing NNI: done in 0.0832674 secs using 789% CPU
Optimizing NNI: done in 0.107453 secs using 784.6% CPU
Iteration 960 / LogL: -2677.204 / Time: 0h:1m:31s (0h:0m:3s left)
Optimizing NNI: done in 0.0619181 secs using 794.6% CPU
Optimizing NNI: done in 0.0624814 secs using 786.9% CPU
Optimizing NNI: done in 0.107109 secs using 797.8% CPU
Optimizing NNI: done in 0.0992604 secs using 793.3% CPU
Optimizing NNI: done in 0.0617526 secs using 793.9% CPU
Optimizing NNI: done in 0.0838359 secs using 789.1% CPU
Optimizing NNI: done in 0.0813239 secs using 794.7% CPU
Optimizing NNI: done in 0.100129 secs using 790.6% CPU
Optimizing NNI: done in 0.0801801 secs using 791.8% CPU
Optimizing NNI: done in 0.0795531 secs using 795.9% CPU
Iteration 970 / LogL: -2677.201 / Time: 0h:1m:32s (0h:0m:2s left)
Optimizing NNI: done in 0.105998 secs using 791.2% CPU
Optimizing NNI: done in 0.102214 secs using 794.2% CPU
Optimizing NNI: done in 0.0795373 secs using 783.6% CPU
Optimizing NNI: done in 0.105579 secs using 793% CPU
Optimizing NNI: done in 0.103226 secs using 786.1% CPU
Optimizing NNI: done in 0.10614 secs using 790.3% CPU
Optimizing NNI: done in 0.104632 secs using 795.3% CPU
Optimizing NNI: done in 0.103831 secs using 787.1% CPU
Optimizing NNI: done in 0.0636651 secs using 785.2% CPU
Optimizing NNI: done in 0.0394584 secs using 782.3% CPU
Iteration 980 / LogL: -2680.996 / Time: 0h:1m:33s (0h:0m:1s left)
Optimizing NNI: done in 0.0794823 secs using 786.5% CPU
Optimizing NNI: done in 0.102984 secs using 790.3% CPU
Optimizing NNI: done in 0.0814026 secs using 787.2% CPU
Optimizing NNI: done in 0.0635863 secs using 787.6% CPU
Optimizing NNI: done in 0.0829099 secs using 795.2% CPU
Optimizing NNI: done in 0.0609618 secs using 789.8% CPU
Optimizing NNI: done in 0.101595 secs using 785% CPU
Optimizing NNI: done in 0.100344 secs using 791.2% CPU
Optimizing NNI: done in 0.0825121 secs using 794.1% CPU
Optimizing NNI: done in 0.0395252 secs using 779.1% CPU
Iteration 990 / LogL: -2686.102 / Time: 0h:1m:34s (0h:0m:0s left)
Optimizing NNI: done in 0.114813 secs using 786.9% CPU
Optimizing NNI: done in 0.102616 secs using 788.8% CPU
Optimizing NNI: done in 0.0828516 secs using 790.2% CPU
Optimizing NNI: done in 0.0642675 secs using 785% CPU
Optimizing NNI: done in 0.0593355 secs using 785.8% CPU
Optimizing NNI: done in 0.0634316 secs using 796% CPU
Optimizing NNI: done in 0.0816332 secs using 790.5% CPU
Optimizing NNI: done in 0.0626016 secs using 787.1% CPU
Optimizing NNI: done in 0.0634241 secs using 796.8% CPU
Optimizing NNI: done in 0.0842135 secs using 788.7% CPU
Iteration 1000 / LogL: -2677.203 / Time: 0h:1m:35s (0h:0m:0s left)
Log-likelihood cutoff on original alignment: -2699.271
NOTE: Bootstrap correlation coefficient of split occurrence frequencies: 0.991
TREE SEARCH COMPLETED AFTER 1000 ITERATIONS / Time: 0h:1m:35s

--------------------------------------------------------------------
|                    FINALIZING TREE SEARCH                        |
--------------------------------------------------------------------
Performs final model parameters optimization
Estimate model parameters (epsilon = 0.010)
1. Initial log-likelihood: -2677.198
Optimal log-likelihood: -2677.198
Gamma shape alpha: 0.241
Parameters optimization took 1 rounds (0.009 sec)
BEST SCORE FOUND : -2677.198
Creating bootstrap support values...
Split supports printed to NEXUS file results/per_year_clustered/H1N1/trees/H1N1_2017_with_designs.splits.nex
Total tree length: 0.233

Total number of iterations: 1000
CPU time used for tree search: 688.180 sec (0h:11m:28s)
Wall-clock time used for tree search: 95.357 sec (0h:1m:35s)
Total CPU time used: 689.863 sec (0h:11m:29s)
Total wall-clock time used: 95.694 sec (0h:1m:35s)

Computing bootstrap consensus tree...
Reading input file results/per_year_clustered/H1N1/trees/H1N1_2017_with_designs.splits.nex...
34 taxa and 843 splits.
Consensus tree written to results/per_year_clustered/H1N1/trees/H1N1_2017_with_designs.contree
Reading input trees file results/per_year_clustered/H1N1/trees/H1N1_2017_with_designs.contree
Log-likelihood of consensus tree: -2677.220

Analysis results written to: 
  IQ-TREE report:                results/per_year_clustered/H1N1/trees/H1N1_2017_with_designs.iqtree
  Maximum-likelihood tree:       results/per_year_clustered/H1N1/trees/H1N1_2017_with_designs.treefile
  Likelihood distances:          results/per_year_clustered/H1N1/trees/H1N1_2017_with_designs.mldist

Ultrafast bootstrap approximation results written to:
  Split support values:          results/per_year_clustered/H1N1/trees/H1N1_2017_with_designs.splits.nex
  Consensus tree:                results/per_year_clustered/H1N1/trees/H1N1_2017_with_designs.contree
  Screen log file:               results/per_year_clustered/H1N1/trees/H1N1_2017_with_designs.log

Date and Time: Sat Nov 22 10:58:19 2025
