IQ-TREE version 3.0.1 for Linux x86 64-bit built Jul  9 2025
Developed by Bui Quang Minh, Thomas Wong, Nhan Ly-Trong, Huaiyan Ren
Contributed by Lam-Tung Nguyen, Dominik Schrempf, Chris Bielow,
Olga Chernomor, Michael Woodhams, Diep Thi Hoang, Heiko Schmidt

Host:    aoraki-login.otago.ac.nz (AVX2, FMA3, 1007 GB RAM)
Command: iqtree -s results/per_year_clustered/H1N1/alignments/H1N1_2009_aligned.fasta -m LG+G4 -bb 1000 -nt 16 -pre results/per_year_clustered/H1N1/trees/H1N1_2009 -redo -quiet
Seed:    299991 (Using SPRNG - Scalable Parallel Random Number Generator)
Time:    Thu Nov 20 16:40:18 2025
Kernel:  AVX+FMA - 16 threads (128 CPU cores detected)

Reading alignment file results/per_year_clustered/H1N1/alignments/H1N1_2009_aligned.fasta ... Fasta format detected
Reading fasta file: done in 0.000855054 secs
Alignment most likely contains protein sequences
Constructing alignment: done in 0.000459862 secs using 1864% CPU
Alignment has 57 sequences with 567 columns, 222 distinct patterns
135 parsimony-informative, 80 singleton sites, 352 constant sites
                                                                          Gap/Ambiguity  Composition  p-value
Analyzing sequences: done in 5.10057e-05 secs using 96.07% CPU
   1  EPI230121|HA|A/NIIGATA/1459/2009|EPI_ISL_65887|A_/_H1N1                     0.18%    passed    100.00%
   2  EPI190831|HA|A/Taiwan/T1773/2009|EPI_ISL_33944|A_/_H1N1                     0.00%    passed    100.00%
   3  EPI232996|HA|A/SAPPORO/464/2009|EPI_ISL_66729|A_/_H1N1                      0.18%    passed    100.00%
   4  EPI233003|HA|A/YAMAGUCHI/184/2009|EPI_ISL_66736|A_/_H1N1                    0.18%    passed    100.00%
   5  EPI240592|HA|A/HIROSHIMA-C/395/2009|EPI_ISL_69056|A_/_H1N1                  0.18%    passed    100.00%
   6  EPI349527|HA|A/Taiwan/1017/2009|EPI_ISL_101897|A_/_H1N1                     0.18%    passed    100.00%
   7  EPI349526|HA|A/Taiwan/11706/2009|EPI_ISL_101896|A_/_H1N1                    0.18%    passed    100.00%
   8  EPI241772|HA|A/TOCHIGI/356/2009|EPI_ISL_69740|A_/_H1N1                      0.18%    passed    100.00%
   9  EPI248540|HA|A/SHIZUOKA-C/172/2009|EPI_ISL_71613|A_/_H1N1                   0.18%    passed    100.00%
  10  EPI254654|HA|A/Daejeon/1871/2009|EPI_ISL_74102|A_/_H1N1                     0.18%    passed    100.00%
  11  EPI255807|HA|A/Thailand/THB0405/2009|EPI_ISL_74415|A_/_H1N1                 0.18%    passed    100.00%
  12  EPI263419|HA|A/Singapore/GP3441/2009|EPI_ISL_75728|A_/_H1N1                 0.18%    passed    100.00%
  13  EPI263429|HA|A/Singapore/GP4381/2009|EPI_ISL_75733|A_/_H1N1                 0.18%    passed    100.00%
  14  EPI263435|HA|A/Singapore/GP4697/2009|EPI_ISL_75736|A_/_H1N1                 0.18%    passed    100.00%
  15  EPI277593|HA|A/Amman/WR0060N/2009|EPI_ISL_78800|A_/_H1N1                    0.53%    passed    100.00%
  16  EPI277609|HA|A/Taipei/WR0193T/2009|EPI_ISL_78802|A_/_H1N1                   0.53%    passed    100.00%
  17  EPI277641|HA|A/Bishkek/WR0881T/2009|EPI_ISL_78806|A_/_H1N1                  0.53%    passed    100.00%
  18  EPI277801|HA|A/Ankara/WR1429T/2009|EPI_ISL_78826|A_/_H1N1                   0.53%    passed    100.00%
  19  EPI277833|HA|A/Taipei/WR1472T/2009|EPI_ISL_78830|A_/_H1N1                   0.53%    passed    100.00%
  20  EPI297094|HA|A/Sendai/TU385/2009|EPI_ISL_84677|A_/_H1N1                     0.18%    passed    100.00%
  21  EPI297101|HA|A/Sendai/TU396/2009|EPI_ISL_84684|A_/_H1N1                     0.18%    passed    100.00%
  22  EPI297106|HA|A/Sendai/TU402/2009|EPI_ISL_84689|A_/_H1N1                     0.18%    passed    100.00%
  23  EPI297133|HA|A/Sendai/TU447/2009|EPI_ISL_84716|A_/_H1N1                     0.18%    passed    100.00%
  24  EPI297181|HA|A/Sendai/TU589/2009|EPI_ISL_84764|A_/_H1N1                     0.18%    passed    100.00%
  25  EPI297185|HA|A/Sendai/TU587/2009|EPI_ISL_84768|A_/_H1N1                     0.18%    passed    100.00%
  26  EPI297194|HA|A/Sendai/TU620/2009|EPI_ISL_84777|A_/_H1N1                     0.18%    passed    100.00%
  27  EPI307264|HA|A/Taiwan/7949/2009|EPI_ISL_87441|A_/_H1N1                      0.18%    passed    100.00%
  28  EPI210034|HA|A/FUKUOKA-C/2/2009|EPI_ISL_60011|A_/_H1N1                      0.18%    passed    100.00%
  29  EPI212534|HA|A/Nagasaki/HA-14/2009|EPI_ISL_61244|A_/_H1N1                   0.18%    passed    100.00%
  30  EPI213909|HA|A/Singapore/TLL52/2009|EPI_ISL_61491|A_/_H1N1                  0.18%    passed    100.00%
  31  EPI213910|HA|A/Singapore/TLL53/2009|EPI_ISL_61492|A_/_H1N1                  0.18%    passed    100.00%
  32  EPI230191|HA|A/Stockholm/107/2009|EPI_ISL_65945|A_/_H1N1                    0.18%    passed    100.00%
  33  EPI244706|HA|A/Sweden/1/2009|EPI_ISL_70643|A_/_H1N1                         0.35%    passed     99.68%
  34  EPI245697|HA|A/Stockholm/1/2009|EPI_ISL_70809|A_/_H1N1                      0.35%    passed     98.67%
  35  EPI386893|HA|A/Scotland/Aberdeen_2/2009|EPI_ISL_125732|A_/_H1N1             0.18%    passed    100.00%
  36  EPI386933|HA|A/Scotland/Aberdeen_8/2009|EPI_ISL_125760|A_/_H1N1             0.18%    passed    100.00%
  37  EPI387030|HA|A/Scotland/Perth_09V501016/2009|EPI_ISL_125774|A_/_H1N1        0.18%    passed    100.00%
  38  EPI323711|HA|A/England/H093780041/2009|EPI_ISL_93111|A_/_H1N1               0.18%    passed    100.00%
  39  EPI392060|HA|A/Scotland/Glasgow_412286/2009|EPI_ISL_127992|A_/_H1N1         0.18%    passed    100.00%
  40  EPI392087|HA|A/Scotland/EastKilbride_412770/2009|EPI_ISL_127996|A_/_H1N1    0.18%    passed    100.00%
  41  EPI392129|HA|A/Scotland/Glasgow_413886/2009|EPI_ISL_128004|A_/_H1N1         0.18%    passed    100.00%
  42  EPI336133|HA|A/England/909/2009|EPI_ISL_96157|A_/_H1N1                      0.18%    passed    100.00%
  43  EPI336231|HA|A/England/918/2009|EPI_ISL_96255|A_/_H1N1                      0.18%    passed    100.00%
  44  EPI233074|HA|A/VICTORIA/2081/2009|EPI_ISL_66775|A_/_H1N1                    0.18%    passed    100.00%
  45  EPI245079|HA|A/Australia/58/2009|EPI_ISL_70708|A_/_H1N1                     0.18%    passed    100.00%
  46  EPI274977|HA|A/Guam/NHRC0027/2009|EPI_ISL_77875|A_/_H1N1                    0.18%    passed    100.00%
  47  EPI2474217|HA|A/Tahiti/2032/2009|EPI_ISL_17264983|A_/_H1N1                  0.18%    passed    100.00%
  48  EPI231372|HA|A/Idaho/13/2009|EPI_ISL_66276|A_/_H1N1                         0.18%    passed    100.00%
  49  EPI239613|HA|A/Minnesota/18/2009|EPI_ISL_68751|A_/_H1N1                     0.18%    passed    100.00%
  50  EPI243726|HA|A/Iowa/14/2009|EPI_ISL_70261|A_/_H1N1                          0.18%    passed    100.00%
  51  EPI243737|HA|A/Montana/23/2009|EPI_ISL_70263|A_/_H1N1                       0.18%    passed    100.00%
  52  EPI258550|HA|A/California/VRDL89/2009|EPI_ISL_75124|A_/_H1N1                0.18%    passed    100.00%
  53  EPI277697|HA|A/California/WR1315P/2009|EPI_ISL_78813|A_/_H1N1               0.53%    passed    100.00%
  54  EPI211398|HA|A/Alaska/30/2009|EPI_ISL_60785|A_/_H1N1                        0.18%    passed    100.00%
  55  EPI211577|HA|A/California/33/2009|EPI_ISL_60852|A_/_H1N1                    0.18%    passed    100.00%
  56  EPI216866|HA|A/Idaho/08/2009|EPI_ISL_62246|A_/_H1N1                         0.18%    passed    100.00%
  57  EPI217020|HA|A/Nevada/15/2009|EPI_ISL_62284|A_/_H1N1                        0.18%    passed    100.00%
****  TOTAL                                                                       0.22%  0 sequences failed composition chi2 test (p-value<5%; df=19)
Checking for duplicate sequences: done in 0.000106581 secs using 1.403e+04% CPU
Creating fast initial parsimony tree by random order stepwise addition...
0.094 seconds, parsimony score: 348 (based on 215 sites)
Generating 1000 samples for ultrafast bootstrap (seed: 299991)...

NOTE: 9 MB RAM (0 GB) is required!
WARNING: Number of threads seems too high for short alignments. Use -T AUTO to determine best number of threads.
Estimate model parameters (epsilon = 0.100)
1. Initial log-likelihood: -4094.989
2. Current log-likelihood: -4091.156
Optimal log-likelihood: -4091.086
Gamma shape alpha: 0.677
Parameters optimization took 2 rounds (0.107 sec)
Wrote distance file to... 
Computing ML distances based on estimated model parameters...
Calculating distance matrix: done in 0.0212323 secs using 1574% CPU
Computing ML distances took 0.021306 sec (of wall-clock time) 0.334241 sec (of CPU time)
Setting up auxiliary I and S matrices: done in 0.0012237 secs using 1224% CPU
Constructing RapidNJ tree: done in 0.0853487 secs using 504.8% CPU
Computing RapidNJ tree took 0.086649 sec (of wall-clock time) 0.446152 sec (of CPU time)
Log-likelihood of RapidNJ tree: -4077.118
--------------------------------------------------------------------
|             INITIALIZING CANDIDATE TREE SET                      |
--------------------------------------------------------------------
Generating 98 parsimony trees... 0.197 second
Computing log-likelihood of 98 initial trees ... 1.255 seconds
Current best score: -4058.779

Do NNI search on 20 best initial trees
Optimizing NNI: done in 0.144782 secs using 1584% CPU
Estimate model parameters (epsilon = 0.100)
BETTER TREE FOUND at iteration 1: -4058.757
Optimizing NNI: done in 0.145377 secs using 1589% CPU
Optimizing NNI: done in 0.363253 secs using 1595% CPU
Optimizing NNI: done in 0.141496 secs using 1599% CPU
Optimizing NNI: done in 0.277098 secs using 1593% CPU
Optimizing NNI: done in 0.145256 secs using 1543% CPU
Optimizing NNI: done in 0.141182 secs using 1602% CPU
Optimizing NNI: done in 0.14908 secs using 1602% CPU
Optimizing NNI: done in 0.141785 secs using 1596% CPU
Optimizing NNI: done in 0.14097 secs using 1592% CPU
Iteration 10 / LogL: -4069.546 / Time: 0h:0m:3s
Optimizing NNI: done in 0.148508 secs using 1597% CPU
Optimizing NNI: done in 0.147803 secs using 1596% CPU
Optimizing NNI: done in 0.359672 secs using 1595% CPU
Optimizing NNI: done in 0.140262 secs using 1591% CPU
Optimizing NNI: done in 0.146207 secs using 1602% CPU
Optimizing NNI: done in 0.143678 secs using 1596% CPU
Optimizing NNI: done in 0.138012 secs using 1594% CPU
Optimizing NNI: done in 0.138165 secs using 1593% CPU
Optimizing NNI: done in 0.146808 secs using 1594% CPU
Optimizing NNI: done in 0.203791 secs using 1594% CPU
Iteration 20 / LogL: -4071.635 / Time: 0h:0m:5s
Finish initializing candidate tree set (20)
Current best tree score: -4058.757 / CPU time: 5.028
Number of iterations: 20
--------------------------------------------------------------------
|               OPTIMIZING CANDIDATE TREE SET                      |
--------------------------------------------------------------------
Optimizing NNI: done in 0.417003 secs using 1586% CPU
Optimizing NNI: done in 0.223446 secs using 1591% CPU
Optimizing NNI: done in 0.470053 secs using 1593% CPU
Optimizing NNI: done in 0.60011 secs using 1592% CPU
Optimizing NNI: done in 0.147469 secs using 1588% CPU
Optimizing NNI: done in 0.362014 secs using 1592% CPU
Optimizing NNI: done in 0.295627 secs using 1594% CPU
Optimizing NNI: done in 0.479026 secs using 1592% CPU
Optimizing NNI: done in 0.275528 secs using 1589% CPU
Optimizing NNI: done in 0.448387 secs using 1591% CPU
Iteration 30 / LogL: -4061.680 / Time: 0h:0m:9s (0h:0m:22s left)
Optimizing NNI: done in 0.285013 secs using 1594% CPU
Optimizing NNI: done in 0.264091 secs using 1592% CPU
Optimizing NNI: done in 0.342237 secs using 1592% CPU
Optimizing NNI: done in 0.372296 secs using 1596% CPU
Optimizing NNI: done in 0.207756 secs using 1593% CPU
Optimizing NNI: done in 0.124802 secs using 1595% CPU
Optimizing NNI: done in 0.284165 secs using 1592% CPU
Optimizing NNI: done in 0.428973 secs using 1592% CPU
Optimizing NNI: done in 0.27912 secs using 1592% CPU
Optimizing NNI: done in 0.305259 secs using 1591% CPU
Iteration 40 / LogL: -4061.689 / Time: 0h:0m:12s (0h:0m:18s left)
Optimizing NNI: done in 0.217746 secs using 1587% CPU
Optimizing NNI: done in 0.218463 secs using 1589% CPU
Optimizing NNI: done in 0.314268 secs using 1591% CPU
Optimizing NNI: done in 0.216778 secs using 1590% CPU
Estimate model parameters (epsilon = 0.100)
BETTER TREE FOUND at iteration 44: -4058.537
Optimizing NNI: done in 0.509004 secs using 1591% CPU
Optimizing NNI: done in 0.335536 secs using 1589% CPU
Optimizing NNI: done in 0.275643 secs using 1593% CPU
Optimizing NNI: done in 0.286585 secs using 1594% CPU
Optimizing NNI: done in 0.147488 secs using 1587% CPU
Optimizing NNI: done in 0.278564 secs using 1595% CPU
Iteration 50 / LogL: -4058.767 / Time: 0h:0m:15s (0h:0m:28s left)
Log-likelihood cutoff on original alignment: -4098.214
Optimizing NNI: done in 0.367746 secs using 1590% CPU
Optimizing NNI: done in 0.360107 secs using 1587% CPU
Optimizing NNI: done in 0.322712 secs using 1593% CPU
Optimizing NNI: done in 0.278287 secs using 1590% CPU
Optimizing NNI: done in 0.993423 secs using 1591% CPU
Optimizing NNI: done in 0.945737 secs using 1591% CPU
Optimizing NNI: done in 0.930888 secs using 1590% CPU
Optimizing NNI: done in 1.2747 secs using 1590% CPU
Optimizing NNI: done in 0.473851 secs using 1593% CPU
Optimizing NNI: done in 0.695278 secs using 1591% CPU
Iteration 60 / LogL: -4064.585 / Time: 0h:0m:21s (0h:0m:30s left)
Optimizing NNI: done in 1.12179 secs using 1591% CPU
Optimizing NNI: done in 0.563944 secs using 1591% CPU
Optimizing NNI: done in 0.482188 secs using 1591% CPU
Optimizing NNI: done in 0.62168 secs using 1592% CPU
Optimizing NNI: done in 1.36524 secs using 1591% CPU
Optimizing NNI: done in 0.629246 secs using 1592% CPU
Optimizing NNI: done in 0.992266 secs using 1591% CPU
Optimizing NNI: done in 0.755186 secs using 1591% CPU
Optimizing NNI: done in 0.571086 secs using 1592% CPU
Optimizing NNI: done in 0.938661 secs using 1592% CPU
Iteration 70 / LogL: -4063.467 / Time: 0h:0m:30s (0h:0m:32s left)
Optimizing NNI: done in 0.883367 secs using 1593% CPU
Optimizing NNI: done in 0.62286 secs using 1589% CPU
Optimizing NNI: done in 1.01266 secs using 1592% CPU
Optimizing NNI: done in 1.00515 secs using 1591% CPU
Optimizing NNI: done in 0.752589 secs using 1590% CPU
Optimizing NNI: done in 0.569902 secs using 1591% CPU
Optimizing NNI: done in 0.971894 secs using 1588% CPU
Optimizing NNI: done in 0.635767 secs using 1587% CPU
Optimizing NNI: done in 0.73988 secs using 1591% CPU
Optimizing NNI: done in 1.58844 secs using 1592% CPU
Iteration 80 / LogL: -4058.538 / Time: 0h:0m:38s (0h:0m:31s left)
Optimizing NNI: done in 0.672508 secs using 1592% CPU
Optimizing NNI: done in 0.736594 secs using 1592% CPU
Optimizing NNI: done in 0.368072 secs using 1590% CPU
Optimizing NNI: done in 0.562173 secs using 1592% CPU
Optimizing NNI: done in 0.327111 secs using 1590% CPU
Optimizing NNI: done in 0.575015 secs using 1591% CPU
Optimizing NNI: done in 0.76068 secs using 1590% CPU
Optimizing NNI: done in 0.763125 secs using 1590% CPU
Optimizing NNI: done in 1.2426 secs using 1590% CPU
Optimizing NNI: done in 0.992004 secs using 1589% CPU
Iteration 90 / LogL: -4058.541 / Time: 0h:0m:45s (0h:0m:27s left)
Optimizing NNI: done in 0.770302 secs using 1592% CPU
Optimizing NNI: done in 0.378533 secs using 1593% CPU
Optimizing NNI: done in 0.589888 secs using 1591% CPU
Optimizing NNI: done in 0.92608 secs using 1591% CPU
Optimizing NNI: done in 0.580932 secs using 1588% CPU
Optimizing NNI: done in 0.506035 secs using 1591% CPU
Optimizing NNI: done in 0.422721 secs using 1594% CPU
Optimizing NNI: done in 0.79853 secs using 1593% CPU
Optimizing NNI: done in 0.671386 secs using 1593% CPU
Optimizing NNI: done in 0.492736 secs using 1593% CPU
Iteration 100 / LogL: -4064.592 / Time: 0h:0m:52s (0h:0m:23s left)
Log-likelihood cutoff on original alignment: -4098.214
NOTE: Bootstrap correlation coefficient of split occurrence frequencies: 0.989
NOTE: UFBoot does not converge, continue at least 100 more iterations
Optimizing NNI: done in 0.86238 secs using 1590% CPU
Optimizing NNI: done in 1.01084 secs using 1589% CPU
Optimizing NNI: done in 0.787993 secs using 1589% CPU
Optimizing NNI: done in 0.703146 secs using 1588% CPU
Optimizing NNI: done in 0.613139 secs using 1591% CPU
Optimizing NNI: done in 0.319044 secs using 1588% CPU
Optimizing NNI: done in 0.768183 secs using 1590% CPU
Optimizing NNI: done in 0.848156 secs using 1591% CPU
Optimizing NNI: done in 0.818922 secs using 1590% CPU
Optimizing NNI: done in 0.866896 secs using 1590% CPU
Iteration 110 / LogL: -4069.183 / Time: 0h:1m:0s (0h:0m:49s left)
Optimizing NNI: done in 1.32103 secs using 1590% CPU
Optimizing NNI: done in 0.506051 secs using 1590% CPU
Optimizing NNI: done in 0.652596 secs using 1589% CPU
Optimizing NNI: done in 0.619241 secs using 1586% CPU
Optimizing NNI: done in 0.500267 secs using 1590% CPU
Optimizing NNI: done in 0.54762 secs using 1591% CPU
Optimizing NNI: done in 0.898953 secs using 1589% CPU
Optimizing NNI: done in 0.847811 secs using 1590% CPU
Optimizing NNI: done in 0.322205 secs using 1592% CPU
Optimizing NNI: done in 0.498713 secs using 1587% CPU
Iteration 120 / LogL: -4058.539 / Time: 0h:1m:6s (0h:0m:44s left)
Optimizing NNI: done in 0.535023 secs using 1589% CPU
Optimizing NNI: done in 0.989932 secs using 1590% CPU
Optimizing NNI: done in 0.906039 secs using 1590% CPU
Optimizing NNI: done in 0.745956 secs using 1590% CPU
Optimizing NNI: done in 0.7064 secs using 1589% CPU
Optimizing NNI: done in 0.507331 secs using 1585% CPU
Optimizing NNI: done in 0.694659 secs using 1590% CPU
Optimizing NNI: done in 0.924866 secs using 1590% CPU
Optimizing NNI: done in 1.32229 secs using 1590% CPU
Optimizing NNI: done in 0.591319 secs using 1590% CPU
Iteration 130 / LogL: -4058.538 / Time: 0h:1m:15s (0h:0m:40s left)
Optimizing NNI: done in 0.687944 secs using 1587% CPU
Optimizing NNI: done in 0.729113 secs using 1588% CPU
Optimizing NNI: done in 0.895334 secs using 1589% CPU
Optimizing NNI: done in 0.627604 secs using 1590% CPU
Optimizing NNI: done in 0.93585 secs using 1590% CPU
Optimizing NNI: done in 0.730912 secs using 1588% CPU
Optimizing NNI: done in 0.894951 secs using 1590% CPU
Optimizing NNI: done in 0.259128 secs using 1585% CPU
Optimizing NNI: done in 0.868897 secs using 1591% CPU
Optimizing NNI: done in 0.90462 secs using 1590% CPU
Iteration 140 / LogL: -4058.540 / Time: 0h:1m:22s (0h:0m:35s left)
Optimizing NNI: done in 0.880818 secs using 1590% CPU
Optimizing NNI: done in 0.680034 secs using 1588% CPU
Optimizing NNI: done in 0.736269 secs using 1589% CPU
Optimizing NNI: done in 0.781481 secs using 1589% CPU
Optimizing NNI: done in 0.727696 secs using 1589% CPU
Optimizing NNI: done in 0.845214 secs using 1589% CPU
Optimizing NNI: done in 0.713221 secs using 1587% CPU
Optimizing NNI: done in 0.805132 secs using 1590% CPU
Optimizing NNI: done in 0.898064 secs using 1588% CPU
Optimizing NNI: done in 1.5635 secs using 1591% CPU
Iteration 150 / LogL: -4058.773 / Time: 0h:1m:31s (0h:0m:30s left)
Log-likelihood cutoff on original alignment: -4098.214
Optimizing NNI: done in 0.991748 secs using 1589% CPU
Optimizing NNI: done in 0.604489 secs using 1587% CPU
Optimizing NNI: done in 0.963231 secs using 1591% CPU
Optimizing NNI: done in 0.96191 secs using 1589% CPU
Optimizing NNI: done in 0.742949 secs using 1590% CPU
Optimizing NNI: done in 0.781826 secs using 1589% CPU
Optimizing NNI: done in 0.574546 secs using 1590% CPU
Optimizing NNI: done in 0.581225 secs using 1588% CPU
Optimizing NNI: done in 0.579036 secs using 1587% CPU
Optimizing NNI: done in 0.769494 secs using 1590% CPU
Iteration 160 / LogL: -4058.540 / Time: 0h:1m:39s (0h:0m:24s left)
Optimizing NNI: done in 0.844924 secs using 1590% CPU
Optimizing NNI: done in 0.768569 secs using 1589% CPU
Optimizing NNI: done in 0.599526 secs using 1588% CPU
Optimizing NNI: done in 0.965309 secs using 1589% CPU
Optimizing NNI: done in 1.18165 secs using 1587% CPU
Optimizing NNI: done in 1.00572 secs using 1591% CPU
Optimizing NNI: done in 0.905525 secs using 1588% CPU
Optimizing NNI: done in 1.12755 secs using 1590% CPU
Optimizing NNI: done in 1.00673 secs using 1589% CPU
Optimizing NNI: done in 0.596783 secs using 1585% CPU
Iteration 170 / LogL: -4069.915 / Time: 0h:1m:48s (0h:0m:19s left)
Optimizing NNI: done in 1.10909 secs using 1590% CPU
Optimizing NNI: done in 0.997162 secs using 1590% CPU
Optimizing NNI: done in 0.751838 secs using 1589% CPU
Optimizing NNI: done in 0.399484 secs using 1587% CPU
Optimizing NNI: done in 0.339482 secs using 1589% CPU
Optimizing NNI: done in 0.837648 secs using 1590% CPU
Optimizing NNI: done in 0.379844 secs using 1585% CPU
Optimizing NNI: done in 0.443655 secs using 1590% CPU
Optimizing NNI: done in 0.722433 secs using 1588% CPU
Optimizing NNI: done in 0.532479 secs using 1591% CPU
Iteration 180 / LogL: -4058.540 / Time: 0h:1m:55s (0h:0m:12s left)
Optimizing NNI: done in 0.710616 secs using 1589% CPU
Optimizing NNI: done in 0.485493 secs using 1586% CPU
Optimizing NNI: done in 0.498279 secs using 1591% CPU
Optimizing NNI: done in 0.348428 secs using 1585% CPU
Optimizing NNI: done in 0.94804 secs using 1590% CPU
Optimizing NNI: done in 1.04806 secs using 1591% CPU
Optimizing NNI: done in 0.867 secs using 1590% CPU
Optimizing NNI: done in 1.03335 secs using 1589% CPU
Optimizing NNI: done in 0.707213 secs using 1593% CPU
Optimizing NNI: done in 1.02798 secs using 1589% CPU
Iteration 190 / LogL: -4058.539 / Time: 0h:2m:3s (0h:0m:6s left)
Optimizing NNI: done in 0.979157 secs using 1590% CPU
Optimizing NNI: done in 1.18898 secs using 1590% CPU
Optimizing NNI: done in 0.681378 secs using 1587% CPU
Optimizing NNI: done in 0.56665 secs using 1589% CPU
Optimizing NNI: done in 0.834729 secs using 1590% CPU
Optimizing NNI: done in 0.370733 secs using 1584% CPU
Optimizing NNI: done in 0.546359 secs using 1587% CPU
Optimizing NNI: done in 0.570993 secs using 1590% CPU
Optimizing NNI: done in 0.532731 secs using 1591% CPU
Optimizing NNI: done in 0.776792 secs using 1589% CPU
Iteration 200 / LogL: -4061.622 / Time: 0h:2m:10s (0h:0m:0s left)
Log-likelihood cutoff on original alignment: -4098.214
NOTE: Bootstrap correlation coefficient of split occurrence frequencies: 0.994
TREE SEARCH COMPLETED AFTER 200 ITERATIONS / Time: 0h:2m:10s

--------------------------------------------------------------------
|                    FINALIZING TREE SEARCH                        |
--------------------------------------------------------------------
Performs final model parameters optimization
Estimate model parameters (epsilon = 0.010)
1. Initial log-likelihood: -4058.537
Optimal log-likelihood: -4058.537
Gamma shape alpha: 0.694
Parameters optimization took 1 rounds (0.054 sec)
BEST SCORE FOUND : -4058.537
Creating bootstrap support values...
Split supports printed to NEXUS file results/per_year_clustered/H1N1/trees/H1N1_2009.splits.nex
Total tree length: 0.687

Total number of iterations: 200
CPU time used for tree search: 2051.278 sec (0h:34m:11s)
Wall-clock time used for tree search: 129.926 sec (0h:2m:9s)
Total CPU time used: 2057.754 sec (0h:34m:17s)
Total wall-clock time used: 130.506 sec (0h:2m:10s)

Computing bootstrap consensus tree...
Reading input file results/per_year_clustered/H1N1/trees/H1N1_2009.splits.nex...
57 taxa and 2095 splits.
Consensus tree written to results/per_year_clustered/H1N1/trees/H1N1_2009.contree
Reading input trees file results/per_year_clustered/H1N1/trees/H1N1_2009.contree
Log-likelihood of consensus tree: -4060.486

Analysis results written to: 
  IQ-TREE report:                results/per_year_clustered/H1N1/trees/H1N1_2009.iqtree
  Maximum-likelihood tree:       results/per_year_clustered/H1N1/trees/H1N1_2009.treefile
  Likelihood distances:          results/per_year_clustered/H1N1/trees/H1N1_2009.mldist

Ultrafast bootstrap approximation results written to:
  Split support values:          results/per_year_clustered/H1N1/trees/H1N1_2009.splits.nex
  Consensus tree:                results/per_year_clustered/H1N1/trees/H1N1_2009.contree
  Screen log file:               results/per_year_clustered/H1N1/trees/H1N1_2009.log

Date and Time: Thu Nov 20 16:42:29 2025
