IQ-TREE version 3.0.1 for Linux x86 64-bit built Jul  9 2025
Developed by Bui Quang Minh, Thomas Wong, Nhan Ly-Trong, Huaiyan Ren
Contributed by Lam-Tung Nguyen, Dominik Schrempf, Chris Bielow,
Olga Chernomor, Michael Woodhams, Diep Thi Hoang, Heiko Schmidt

Host:    rtis-hpc-r09.uod.otago.ac.nz (AVX2, FMA3, 1006 GB RAM)
Command: iqtree -s results/per_year_clustered/H1N1/alignments/H1N1_2025_aligned.fasta -m LG+G4 -te results/per_year_clustered/H1N1/trees/H1N1_2025.treefile -asr -pre results/per_year_clustered/H1N1/trees/H1N1_2025_asr -redo -quiet
Seed:    640084 (Using SPRNG - Scalable Parallel Random Number Generator)
Time:    Sat Nov 22 11:09:17 2025
Kernel:  AVX+FMA - 1 threads (8 CPU cores detected)

HINT: Use -nt option to specify number of threads because your CPU has 8 cores!
HINT: -nt AUTO will automatically determine the best number of threads to use.

Reading alignment file results/per_year_clustered/H1N1/alignments/H1N1_2025_aligned.fasta ... Fasta format detected
Reading fasta file: done in 0.000430216 secs
Alignment most likely contains protein sequences
Constructing alignment: done in 0.000299892 secs
Alignment has 52 sequences with 567 columns, 157 distinct patterns
39 parsimony-informative, 94 singleton sites, 434 constant sites
                                                                              Gap/Ambiguity  Composition  p-value
Analyzing sequences: done in 1.59899e-05 secs
   1  EPI4466040|HA|A/Bangkok/P1226/2025|EPI_ISL_20054439|A_/_H1N1                    0.18%    passed    100.00%
   2  EPI4569164|HA|A/Singapore/TT0288/2025|EPI_ISL_20087251|A_/_H1N1                 0.18%    passed    100.00%
   3  EPI4569149|HA|A/Singapore/EN0019/2025|EPI_ISL_20087249|A_/_H1N1                 0.18%    passed    100.00%
   4  EPI4569235|HA|A/Singapore/KK0385/2025|EPI_ISL_20087260|A_/_H1N1                 0.18%    passed    100.00%
   5  EPI4569014|HA|A/Singapore/GP1040/2025|EPI_ISL_20087232|A_/_H1N1                 0.18%    passed    100.00%
   6  EPI4466834|HA|A/Philippines/SARI25-0988/2025|EPI_ISL_20054796|A_/_H1N1          0.18%    passed    100.00%
   7  EPI4570542|HA|A/Laos/00819-3151/2025|EPI_ISL_20087504|A_/_H1N1                  0.00%    passed    100.00%
   8  EPI4409343|HA|A/Malaysia/MKAI_CL29911/2025|EPI_ISL_19893420|A_/_H1N1            0.18%    passed    100.00%
   9  EPI4585242|HA|A/Vietnam/5123/2025|EPI_ISL_20092435|A_/_H1N1                     0.18%    passed    100.00%
  10  EPI4585319|HA|A/Philippines/ILI25-0566/2025|EPI_ISL_20092445|A_/_H1N1           0.18%    passed    100.00%
  11  EPI4327500|HA|A/IBARAKI/9/2025|EPI_ISL_19864098|A_/_H1N1                        0.18%    passed    100.00%
  12  EPI4668311|HA|A/Tak/1054/2025|EPI_ISL_20159167|A_/_H1N1                         0.18%    passed    100.00%
  13  EPI4335825|HA|A/YAMAGATA/72/2025|EPI_ISL_19867627|A_/_H1N1                      0.18%    passed    100.00%
  14  EPI4592117|HA|A/YOKOHAMA/50/2025|EPI_ISL_20097259|A_/_H1N1                      0.18%    passed    100.00%
  15  EPI4596675|HA|A/Singapore/KK0285/2025|EPI_ISL_20099737|A_/_H1N1                 0.18%    passed    100.00%
  16  EPI4439938|HA|A/TOKYO/EIS11-811/2025|EPI_ISL_19907006|A_/_H1N1                  0.18%    passed    100.00%
  17  EPI4624337|HA|A/Taiwan/S26887/2025|EPI_ISL_20136655|A_/_H1N1                    0.18%    passed    100.00%
  18  EPI4442386|HA|A/Lebanon/AU-9152/2025|EPI_ISL_19908717|A_/_H1N1                  0.18%    passed    100.00%
  19  EPI4103389|HA|A/KANAGAWA/AC2408/2025|EPI_ISL_19778353|A_/_H1N1                  0.18%    passed    100.00%
  20  EPI4444085|HA|A/Lebanon/AU-8907/2025|EPI_ISL_19909660|A_/_H1N1                  2.47%    passed    100.00%
  21  EPI4111374|HA|A/Vietnam/PF124503/2025|EPI_ISL_19780795|A_/_H1N1                 0.18%    passed    100.00%
  22  EPI4111432|HA|A/Vietnam/PF324366/2025|EPI_ISL_19780804|A_/_H1N1                 0.18%    passed    100.00%
  23  EPI4634392|HA|A/Taiwan/S26883/2025|EPI_ISL_20142084|A_/_H1N1                    0.18%    passed    100.00%
  24  EPI4025735|HA|A/Chiang_Rai/F561/2025|EPI_ISL_19753506|A_/_H1N1                  0.18%    passed    100.00%
  25  EPI4235418|HA|A/Seoul/649/2025|EPI_ISL_19822408|A_/_H1N1                        0.18%    passed    100.00%
  26  EPI4467988|HA|A/Galicia/44224586/2025|EPI_ISL_20055313|A_/_H1N1                 0.18%    passed    100.00%
  27  EPI4408183|HA|A/Madrid/HULP-200724254/2025|EPI_ISL_19893100|A_/_H1N1            0.18%    passed    100.00%
  28  EPI4408167|HA|A/Madrid/HULP-200683958/2025|EPI_ISL_19893098|A_/_H1N1            0.18%    passed    100.00%
  29  EPI4318575|HA|A/Galicia/GA-CHUAC-376/2025|EPI_ISL_19861830|A_/_H1N1             0.18%    passed    100.00%
  30  EPI4161523|HA|A/Aragon/598/2025|EPI_ISL_19796571|A_/_H1N1                       0.18%    passed    100.00%
  31  EPI4322518|HA|A/Galicia/52502966/2025|EPI_ISL_19863007|A_/_H1N1                 0.18%    passed    100.00%
  32  EPI4414758|HA|A/Spain/VC-HADV-002442/2025|EPI_ISL_19897333|A_/_H1N1             0.18%    passed    100.00%
  33  EPI4064473|HA|A/Avila/1833/2025|EPI_ISL_19767618|A_/_H1N1                       0.18%    passed    100.00%
  34  EPI4589108|HA|A/Alicante/VAHNSI-GIHSN-16_0431/2025|EPI_ISL_20095985|A_/_H1N1    0.18%    passed    100.00%
  35  EPI4073754|HA|A/Galicia/SCQ/132102/2025|EPI_ISL_19770700|A_/_H1N1               0.18%    passed    100.00%
  36  EPI4265256|HA|A/ComunidadValenciana/990/2025|EPI_ISL_19836366|A_/_H1N1          0.18%    passed    100.00%
  37  EPI3883721|HA|A/Catalonia/NSBE252734763/2025|EPI_ISL_19705001|A_/_H1N1          0.18%    passed    100.00%
  38  EPI4192158|HA|A/Andalucia/PMC-00768/2025|EPI_ISL_19806287|A_/_H1N1              0.00%    passed    100.00%
  39  EPI4503965|HA|A/Slovakia/uvzsr-40431/2025|EPI_ISL_20069003|A_/_H1N1             0.18%    passed    100.00%
  40  EPI4113781|HA|A/Sweden/SE25-50565/2025|EPI_ISL_19782067|A_/_H1N1                0.18%    passed    100.00%
  41  EPI4116576|HA|A/Cwmifor/4078/2025|EPI_ISL_19784917|A_/_H1N1                     0.18%    passed    100.00%
  42  EPI4514388|HA|A/Victoria/42/2025|EPI_ISL_20070576|A_/_H1N1                      0.18%    passed    100.00%
  43  EPI4514610|HA|A/Victoria/628/2025|EPI_ISL_20070633|A_/_H1N1                     0.18%    passed    100.00%
  44  EPI4466278|HA|A/Queensland/IN001565/2025|EPI_ISL_20054702|A_/_H1N1              0.18%    passed    100.00%
  45  EPI4277588|HA|A/Canberra/153/2025|EPI_ISL_19843969|A_/_H1N1                     0.18%    passed    100.00%
  46  EPI4644732|HA|A/Tasmania/723/2025|EPI_ISL_20149200|A_/_H1N1                     0.18%    passed    100.00%
  47  EPI4308767|HA|A/Tasmania/133/2025|EPI_ISL_19856557|A_/_H1N1                     0.18%    passed    100.00%
  48  EPI3950584|HA|A/Michigan/02/2025|EPI_ISL_19726690|A_/_H1N1                      0.18%    passed    100.00%
  49  EPI4650987|HA|A/Michigan/MIS-L386411975/2025|EPI_ISL_20153313|A_/_H1N1          0.18%    passed    100.00%
  50  EPI4264577|HA|A/Illinois/15768/2025|EPI_ISL_19834964|A_/_H1N1                   0.18%    passed    100.00%
  51  EPI4011328|HA|A/Florida/ISC-1095/2025|EPI_ISL_19746130|A_/_H1N1                 0.18%    passed    100.00%
  52  EPI3940039|HA|A/Massachusetts/ISC-1012/2025|EPI_ISL_19724294|A_/_H1N1           0.18%    passed    100.00%
****  TOTAL                                                                           0.21%  0 sequences failed composition chi2 test (p-value<5%; df=19)
Reading input tree file results/per_year_clustered/H1N1/trees/H1N1_2025.treefile ...

NOTE: 5 MB RAM (0 GB) is required!
Estimate model parameters (epsilon = 0.010)
1. Initial log-likelihood: -3245.535
2. Current log-likelihood: -3240.930
Optimal log-likelihood: -3240.927
Gamma shape alpha: 0.432
Parameters optimization took 2 rounds (0.190 sec)
Wrote distance file to... 
BEST SCORE FOUND : -3240.927
Ancestral state probabilities printed to results/per_year_clustered/H1N1/trees/H1N1_2025_asr.state
Total tree length: 0.360

Total number of iterations: 0
CPU time used for tree search: 0.000 sec (0h:0m:0s)
Wall-clock time used for tree search: 0.000 sec (0h:0m:0s)
Total CPU time used: 0.370 sec (0h:0m:0s)
Total wall-clock time used: 0.439 sec (0h:0m:0s)

Analysis results written to: 
  IQ-TREE report:                results/per_year_clustered/H1N1/trees/H1N1_2025_asr.iqtree
  Maximum-likelihood tree:       results/per_year_clustered/H1N1/trees/H1N1_2025_asr.treefile
  Ancestral state:               results/per_year_clustered/H1N1/trees/H1N1_2025_asr.state
  Screen log file:               results/per_year_clustered/H1N1/trees/H1N1_2025_asr.log

Date and Time: Sat Nov 22 11:09:18 2025
