IQ-TREE version 3.0.1 for Linux x86 64-bit built Jul  9 2025
Developed by Bui Quang Minh, Thomas Wong, Nhan Ly-Trong, Huaiyan Ren
Contributed by Lam-Tung Nguyen, Dominik Schrempf, Chris Bielow,
Olga Chernomor, Michael Woodhams, Diep Thi Hoang, Heiko Schmidt

Host:    rtis-hpc-r09.uod.otago.ac.nz (AVX2, FMA3, 1006 GB RAM)
Command: iqtree -s results/per_year_clustered/H1N1/alignments/H1N1_2018_with_designs.fasta -m LG+G4 -bb 1000 -nt 8 -pre results/per_year_clustered/H1N1/trees/H1N1_2018_with_designs -redo -quiet
Seed:    989207 (Using SPRNG - Scalable Parallel Random Number Generator)
Time:    Sat Nov 22 10:58:22 2025
Kernel:  AVX+FMA - 8 threads (8 CPU cores detected)

Reading alignment file results/per_year_clustered/H1N1/alignments/H1N1_2018_with_designs.fasta ... Fasta format detected
Reading fasta file: done in 0.000376755 secs using 61.31% CPU
Alignment most likely contains protein sequences
Constructing alignment: done in 0.000310682 secs using 99.78% CPU
Alignment has 42 sequences with 566 columns, 129 distinct patterns
39 parsimony-informative, 72 singleton sites, 455 constant sites
                                                                                  Gap/Ambiguity  Composition  p-value
Analyzing sequences: done in 9.19797e-06 secs using 21.74% CPU
   1  EPI1310932|HA|A/Nakhonratchasima/84/2018|EPI_ISL_329891|A_/_H1N1                    0.00%    passed    100.00%
   2  EPI1310924|HA|A/Bangkok/77/2018|EPI_ISL_329890|A_/_H1N1                             0.00%    passed    100.00%
   3  EPI1610325|HA|A/IBARAKI/38/2018|EPI_ISL_395548|A_/_H1N1                             0.00%    passed    100.00%
   4  EPI1610338|HA|A/YOKOHAMA/155/2018|EPI_ISL_395558|A_/_H1N1                           0.00%    passed    100.00%
   5  EPI1610341|HA|A/YOKOHAMA/137/2018|EPI_ISL_395561|A_/_H1N1                           0.00%    passed    100.00%
   6  EPI1485000|HA|A/Laos/F3512/2018|EPI_ISL_363494|A_/_H1N1                             0.00%    passed    100.00%
   7  EPI1315937|HA|A/Qatar/10-vi-18-0040450/2018|EPI_ISL_330795|A_/_H1N1                 0.00%    passed    100.00%
   8  EPI1319054|HA|A/TOCHIGI/18139/2018|EPI_ISL_331254|A_/_H1N1                          0.00%    passed    100.00%
   9  EPI1488183|HA|A/Laos/2581/2018|EPI_ISL_364102|A_/_H1N1                              0.00%    passed    100.00%
  10  EPI1328963|HA|A/Oman/6053/2018|EPI_ISL_332857|A_/_H1N1                              0.00%    passed    100.00%
  11  EPI1329687|HA|A/Abu_Dhabi/105/2018|EPI_ISL_333020|A_/_H1N1                          0.00%    passed    100.00%
  12  EPI1334069|HA|A/Oman/4852/2018|EPI_ISL_333658|A_/_H1N1                              0.00%    passed    100.00%
  13  EPI1190108|HA|A/KANAGAWA/AC1718/2018|EPI_ISL_301756|A_/_H1N1                        0.00%    passed    100.00%
  14  EPI1370197|HA|A/Bursa/1874/2018|EPI_ISL_341340|A_/_H1N1                             0.00%    passed    100.00%
  15  EPI1370195|HA|A/Istanbul/1683/2018|EPI_ISL_341339|A_/_H1N1                          0.00%    passed    100.00%
  16  EPI1420279|HA|A/Philippines/71/2018|EPI_ISL_351747|A_/_H1N1                         0.00%    passed    100.00%
  17  EPI1433940|HA|A/Laos/2649/2018|EPI_ISL_354342|A_/_H1N1                              0.00%    passed    100.00%
  18  EPI1281616|HA|A/Chiang_Rai/11/2018|EPI_ISL_322757|A_/_H1N1                          0.00%    passed    100.00%
  19  EPI1297216|HA|A/Philippines/21/2018|EPI_ISL_326761|A_/_H1N1                         0.00%    passed    100.00%
  20  EPI1319848|HA|A/Cardiff/6185/2018|EPI_ISL_331387|A_/_H1N1                           0.00%    passed    100.00%
  21  EPI1355904|HA|A/England/593/2018|EPI_ISL_338409|A_/_H1N1                            0.00%    passed    100.00%
  22  EPI1215686|HA|A/Sweden/15/2018|EPI_ISL_307076|A_/_H1N1                              0.00%    passed    100.00%
  23  EPI1538381|HA|A/England/7518/2018|EPI_ISL_376401|A_/_H1N1                           0.00%    passed    100.00%
  24  EPI1259039|HA|A/Switzerland/6244/2018|EPI_ISL_315739|A_/_H1N1                       0.00%    passed    100.00%
  25  EPI1242922|HA|A/Perth/14/2018|EPI_ISL_312217|A_/_H1N1                               0.00%    passed    100.00%
  26  EPI1319381|HA|A/Victoria/22/2018|EPI_ISL_331301|A_/_H1N1                            0.00%    passed    100.00%
  27  EPI1279569|HA|A/Townsville/11/2018|EPI_ISL_322323|A_/_H1N1                          0.00%    passed    100.00%
  28  EPI1358907|HA|A/Newcastle/85/2018|EPI_ISL_339051|A_/_H1N1                           0.00%    passed    100.00%
  29  EPI1359575|HA|A/Victoria/2162/2018|EPI_ISL_339231|A_/_H1N1                          0.00%    passed    100.00%
  30  EPI1359563|HA|A/Victoria/2128/2018|EPI_ISL_339227|A_/_H1N1                          0.00%    passed    100.00%
  31  EPI1359668|HA|A/South_Australia/221/2018|EPI_ISL_339263|A_/_H1N1                    0.00%    passed    100.00%
  32  EPI1283244|HA|A/Brisbane/121/2018|EPI_ISL_323091|A_/_H1N1                           0.00%    passed    100.00%
  33  EPI1297237|HA|A/Sydney/131/2018|EPI_ISL_326768|A_/_H1N1                             0.00%    passed    100.00%
  34  EPI1324183|HA|A/Florida/103/2018|EPI_ISL_332014|A_/_H1N1                            0.00%    passed    100.00%
  35  EPI1343776|HA|A/Iowa/73/2018|EPI_ISL_335744|A_/_H1N1                                0.00%    passed    100.00%
  36  EPI1349486|HA|A/Florida/126/2018|EPI_ISL_336628|A_/_H1N1                            0.00%    passed    100.00%
  37  EPI1357354|HA|A/Michigan/419/2018|EPI_ISL_338675|A_/_H1N1                           0.00%    passed    100.00%
  38  EPI1214251|HA|A/Alaska/19/2018|EPI_ISL_306776|A_/_H1N1                              0.00%    passed    100.00%
  39  H1N1_2018_Consensus_Aligned                                                         0.00%    passed    100.00%
  40  H1N1_2018_Medoid_Aligned|EPI1485000|HA|A/Laos/F3512/2018|EPI_ISL_363494|A_/_H1N1    0.00%    passed    100.00%
  41  H1N1_2018_Ancestral_Aligned_Node9                                                   0.00%    passed    100.00%
  42  H1N1_2018_COBRA_Aligned                                                             0.00%    passed    100.00%
****  TOTAL                                                                               0.00%  0 sequences failed composition chi2 test (p-value<5%; df=19)
NOTE: H1N1_2018_COBRA_Aligned is identical to EPI1310932|HA|A/Nakhonratchasima/84/2018|EPI_ISL_329891|A_/_H1N1 but kept for subsequent analysis
NOTE: H1N1_2018_Medoid_Aligned|EPI1485000|HA|A/Laos/F3512/2018|EPI_ISL_363494|A_/_H1N1 is identical to EPI1485000|HA|A/Laos/F3512/2018|EPI_ISL_363494|A_/_H1N1 but kept for subsequent analysis
Checking for duplicate sequences: done in 5.30099e-05 secs using 18.86% CPU
Creating fast initial parsimony tree by random order stepwise addition...
0.015 seconds, parsimony score: 168 (based on 111 sites)
Generating 1000 samples for ultrafast bootstrap (seed: 989207)...

NOTE: 4 MB RAM (0 GB) is required!
WARNING: Number of threads seems too high for short alignments. Use -T AUTO to determine best number of threads.
Estimate model parameters (epsilon = 0.100)
1. Initial log-likelihood: -2974.252
2. Current log-likelihood: -2965.166
Optimal log-likelihood: -2965.150
Gamma shape alpha: 0.281
Parameters optimization took 2 rounds (0.036 sec)
Wrote distance file to... 
Computing ML distances based on estimated model parameters...
Calculating distance matrix: done in 0.0243983 secs using 789.8% CPU
Computing ML distances took 0.024447 sec (of wall-clock time) 0.192745 sec (of CPU time)
Setting up auxiliary I and S matrices: done in 0.000675083 secs using 254.6% CPU
Constructing RapidNJ tree: done in 0.0207065 secs using 59.48% CPU
Computing RapidNJ tree took 0.021456 sec (of wall-clock time) 0.014058 sec (of CPU time)
Log-likelihood of RapidNJ tree: -2967.831
--------------------------------------------------------------------
|             INITIALIZING CANDIDATE TREE SET                      |
--------------------------------------------------------------------
Generating 98 parsimony trees... 0.058 second
Computing log-likelihood of 98 initial trees ... 0.485 seconds
Current best score: -2951.505

Do NNI search on 20 best initial trees
Optimizing NNI: done in 0.0565921 secs using 787.1% CPU
Estimate model parameters (epsilon = 0.100)
BETTER TREE FOUND at iteration 1: -2951.500
Optimizing NNI: done in 0.0290745 secs using 790.9% CPU
Optimizing NNI: done in 0.0289779 secs using 797% CPU
Optimizing NNI: done in 0.0284274 secs using 782.1% CPU
Optimizing NNI: done in 0.0572059 secs using 803.3% CPU
Estimate model parameters (epsilon = 0.100)
BETTER TREE FOUND at iteration 5: -2951.410
Optimizing NNI: done in 0.0813683 secs using 789.7% CPU
Estimate model parameters (epsilon = 0.100)
BETTER TREE FOUND at iteration 6: -2950.744
Optimizing NNI: done in 0.0289694 secs using 783.2% CPU
Optimizing NNI: done in 0.0797965 secs using 790.6% CPU
Optimizing NNI: done in 0.0825479 secs using 787.8% CPU
Optimizing NNI: done in 0.0886243 secs using 788.6% CPU
Iteration 10 / LogL: -2951.295 / Time: 0h:0m:1s
Optimizing NNI: done in 0.028274 secs using 807.2% CPU
Optimizing NNI: done in 0.0535819 secs using 788.5% CPU
Optimizing NNI: done in 0.0286949 secs using 803.2% CPU
Optimizing NNI: done in 0.0764361 secs using 801.1% CPU
Optimizing NNI: done in 0.0545984 secs using 788.3% CPU
Optimizing NNI: done in 0.0766844 secs using 797.8% CPU
Optimizing NNI: done in 0.0285578 secs using 806.9% CPU
Optimizing NNI: done in 0.105545 secs using 791% CPU
Estimate model parameters (epsilon = 0.100)
BETTER TREE FOUND at iteration 18: -2950.376
Optimizing NNI: done in 0.104507 secs using 789% CPU
Optimizing NNI: done in 0.0281963 secs using 800.4% CPU
Iteration 20 / LogL: -2957.083 / Time: 0h:0m:1s
Finish initializing candidate tree set (20)
Current best tree score: -2950.376 / CPU time: 1.767
Number of iterations: 20
--------------------------------------------------------------------
|               OPTIMIZING CANDIDATE TREE SET                      |
--------------------------------------------------------------------
Optimizing NNI: done in 0.0988098 secs using 791.7% CPU
Optimizing NNI: done in 0.136459 secs using 792.2% CPU
Optimizing NNI: done in 0.133925 secs using 794.8% CPU
Optimizing NNI: done in 0.0843435 secs using 790.6% CPU
Optimizing NNI: done in 0.133709 secs using 795.9% CPU
Optimizing NNI: done in 0.131095 secs using 793.1% CPU
Optimizing NNI: done in 0.160659 secs using 793.9% CPU
Optimizing NNI: done in 0.139597 secs using 788.5% CPU
Optimizing NNI: done in 0.145512 secs using 793.5% CPU
Optimizing NNI: done in 0.1556 secs using 791% CPU
Iteration 30 / LogL: -2951.302 / Time: 0h:0m:3s (0h:0m:9s left)
Optimizing NNI: done in 0.150613 secs using 792.7% CPU
Optimizing NNI: done in 0.129491 secs using 794.8% CPU
Optimizing NNI: done in 0.114778 secs using 792.3% CPU
Optimizing NNI: done in 0.113258 secs using 790.5% CPU
Optimizing NNI: done in 0.106943 secs using 788.3% CPU
Optimizing NNI: done in 0.129586 secs using 788.7% CPU
Optimizing NNI: done in 0.164777 secs using 789.6% CPU
Optimizing NNI: done in 0.136279 secs using 794.1% CPU
Optimizing NNI: done in 0.0817203 secs using 793.2% CPU
Optimizing NNI: done in 0.164372 secs using 791.2% CPU
Iteration 40 / LogL: -2950.376 / Time: 0h:0m:4s (0h:0m:9s left)
Optimizing NNI: done in 0.133338 secs using 787.2% CPU
Optimizing NNI: done in 0.172 secs using 791.5% CPU
Optimizing NNI: done in 0.136971 secs using 788.6% CPU
Optimizing NNI: done in 0.0834952 secs using 790.6% CPU
Optimizing NNI: done in 0.160429 secs using 792.2% CPU
Optimizing NNI: done in 0.126453 secs using 789.4% CPU
Optimizing NNI: done in 0.112791 secs using 793.5% CPU
Optimizing NNI: done in 0.158746 secs using 793.6% CPU
Optimizing NNI: done in 0.129403 secs using 788.6% CPU
Optimizing NNI: done in 0.0856031 secs using 788.7% CPU
Iteration 50 / LogL: -2950.380 / Time: 0h:0m:5s (0h:0m:8s left)
Log-likelihood cutoff on original alignment: -2974.546
Optimizing NNI: done in 0.109474 secs using 795.6% CPU
Optimizing NNI: done in 0.116076 secs using 788.8% CPU
Optimizing NNI: done in 0.205862 secs using 790.1% CPU
Optimizing NNI: done in 0.153115 secs using 788.3% CPU
Optimizing NNI: done in 0.122067 secs using 794.8% CPU
Optimizing NNI: done in 0.109434 secs using 791.3% CPU
Optimizing NNI: done in 0.138004 secs using 793.8% CPU
Optimizing NNI: done in 0.106265 secs using 787.7% CPU
Optimizing NNI: done in 0.138963 secs using 792.8% CPU
Optimizing NNI: done in 0.111863 secs using 786.8% CPU
Iteration 60 / LogL: -2950.380 / Time: 0h:0m:7s (0h:0m:7s left)
Optimizing NNI: done in 0.112677 secs using 787.7% CPU
Optimizing NNI: done in 0.10895 secs using 794.2% CPU
Optimizing NNI: done in 0.108845 secs using 793.7% CPU
Optimizing NNI: done in 0.153546 secs using 793.9% CPU
Optimizing NNI: done in 0.143278 secs using 792% CPU
Optimizing NNI: done in 0.0873359 secs using 786% CPU
Optimizing NNI: done in 0.193284 secs using 789.6% CPU
Optimizing NNI: done in 0.165378 secs using 792.3% CPU
Optimizing NNI: done in 0.101271 secs using 786.9% CPU
Optimizing NNI: done in 0.158983 secs using 792.8% CPU
Iteration 70 / LogL: -2950.380 / Time: 0h:0m:8s (0h:0m:6s left)
Optimizing NNI: done in 0.108581 secs using 791.8% CPU
Optimizing NNI: done in 0.139077 secs using 786.8% CPU
Optimizing NNI: done in 0.139866 secs using 793.9% CPU
Optimizing NNI: done in 0.134612 secs using 792.4% CPU
Optimizing NNI: done in 0.109831 secs using 793.1% CPU
Optimizing NNI: done in 0.108211 secs using 790.9% CPU
Optimizing NNI: done in 0.157657 secs using 794% CPU
Optimizing NNI: done in 0.110995 secs using 792.8% CPU
Optimizing NNI: done in 0.131946 secs using 791.5% CPU
Optimizing NNI: done in 0.106893 secs using 790.3% CPU
Iteration 80 / LogL: -2956.809 / Time: 0h:0m:10s (0h:0m:4s left)
Optimizing NNI: done in 0.128878 secs using 794.7% CPU
Optimizing NNI: done in 0.0921484 secs using 785.8% CPU
Optimizing NNI: done in 0.112756 secs using 792.6% CPU
Optimizing NNI: done in 0.137297 secs using 793.1% CPU
Optimizing NNI: done in 0.107862 secs using 795.2% CPU
Optimizing NNI: done in 0.106141 secs using 799.7% CPU
Optimizing NNI: done in 0.139396 secs using 792.9% CPU
Optimizing NNI: done in 0.132018 secs using 793.3% CPU
Optimizing NNI: done in 0.0839505 secs using 792.3% CPU
Optimizing NNI: done in 0.135264 secs using 788.3% CPU
Iteration 90 / LogL: -2950.378 / Time: 0h:0m:11s (0h:0m:3s left)
Optimizing NNI: done in 0.165008 secs using 791% CPU
Optimizing NNI: done in 0.139813 secs using 794.1% CPU
Optimizing NNI: done in 0.107902 secs using 794.9% CPU
Optimizing NNI: done in 0.138581 secs using 795.9% CPU
Optimizing NNI: done in 0.138953 secs using 790.8% CPU
Optimizing NNI: done in 0.1582 secs using 790.7% CPU
Optimizing NNI: done in 0.137888 secs using 790.9% CPU
Optimizing NNI: done in 0.136062 secs using 792.9% CPU
Optimizing NNI: done in 0.111 secs using 790.7% CPU
Optimizing NNI: done in 0.101061 secs using 794.6% CPU
Iteration 100 / LogL: -2950.378 / Time: 0h:0m:12s (0h:0m:2s left)
Log-likelihood cutoff on original alignment: -2976.163
NOTE: Bootstrap correlation coefficient of split occurrence frequencies: 0.997
Optimizing NNI: done in 0.140964 secs using 792.4% CPU
Optimizing NNI: done in 0.133965 secs using 791.2% CPU
Optimizing NNI: done in 0.108429 secs using 786.8% CPU
Optimizing NNI: done in 0.185773 secs using 791.3% CPU
Optimizing NNI: done in 0.114537 secs using 790.4% CPU
Optimizing NNI: done in 0.115398 secs using 794.8% CPU
Optimizing NNI: done in 0.173656 secs using 794.1% CPU
Optimizing NNI: done in 0.115644 secs using 796.7% CPU
Optimizing NNI: done in 0.214618 secs using 792.6% CPU
Optimizing NNI: done in 0.135249 secs using 789.3% CPU
Iteration 110 / LogL: -2950.380 / Time: 0h:0m:14s (0h:0m:11s left)
Optimizing NNI: done in 0.138624 secs using 791.5% CPU
Optimizing NNI: done in 0.0837265 secs using 795.1% CPU
Optimizing NNI: done in 0.104338 secs using 794.9% CPU
Optimizing NNI: done in 0.107238 secs using 792.8% CPU
Optimizing NNI: done in 0.139773 secs using 795.4% CPU
Optimizing NNI: done in 0.133153 secs using 792.5% CPU
Optimizing NNI: done in 0.113608 secs using 786.7% CPU
Optimizing NNI: done in 0.0785376 secs using 788% CPU
Optimizing NNI: done in 0.140094 secs using 789.9% CPU
TREE SEARCH COMPLETED AFTER 119 ITERATIONS / Time: 0h:0m:15s

--------------------------------------------------------------------
|                    FINALIZING TREE SEARCH                        |
--------------------------------------------------------------------
Performs final model parameters optimization
Estimate model parameters (epsilon = 0.010)
1. Initial log-likelihood: -2950.376
Optimal log-likelihood: -2950.376
Gamma shape alpha: 0.280
Parameters optimization took 1 rounds (0.012 sec)
BEST SCORE FOUND : -2950.376
Creating bootstrap support values...
Split supports printed to NEXUS file results/per_year_clustered/H1N1/trees/H1N1_2018_with_designs.splits.nex
Total tree length: 0.293

Total number of iterations: 119
CPU time used for tree search: 118.562 sec (0h:1m:58s)
Wall-clock time used for tree search: 15.109 sec (0h:0m:15s)
Total CPU time used: 119.755 sec (0h:1m:59s)
Total wall-clock time used: 15.355 sec (0h:0m:15s)

Computing bootstrap consensus tree...
Reading input file results/per_year_clustered/H1N1/trees/H1N1_2018_with_designs.splits.nex...
42 taxa and 685 splits.
Consensus tree written to results/per_year_clustered/H1N1/trees/H1N1_2018_with_designs.contree
Reading input trees file results/per_year_clustered/H1N1/trees/H1N1_2018_with_designs.contree
Log-likelihood of consensus tree: -2951.254

Analysis results written to: 
  IQ-TREE report:                results/per_year_clustered/H1N1/trees/H1N1_2018_with_designs.iqtree
  Maximum-likelihood tree:       results/per_year_clustered/H1N1/trees/H1N1_2018_with_designs.treefile
  Likelihood distances:          results/per_year_clustered/H1N1/trees/H1N1_2018_with_designs.mldist

Ultrafast bootstrap approximation results written to:
  Split support values:          results/per_year_clustered/H1N1/trees/H1N1_2018_with_designs.splits.nex
  Consensus tree:                results/per_year_clustered/H1N1/trees/H1N1_2018_with_designs.contree
  Screen log file:               results/per_year_clustered/H1N1/trees/H1N1_2018_with_designs.log

Date and Time: Sat Nov 22 10:58:38 2025
