IQ-TREE version 3.0.1 for Linux x86 64-bit built Jul  9 2025
Developed by Bui Quang Minh, Thomas Wong, Nhan Ly-Trong, Huaiyan Ren
Contributed by Lam-Tung Nguyen, Dominik Schrempf, Chris Bielow,
Olga Chernomor, Michael Woodhams, Diep Thi Hoang, Heiko Schmidt

Host:    aoraki-login.otago.ac.nz (AVX2, FMA3, 1007 GB RAM)
Command: iqtree -s results/per_year_clustered/H1N1/alignments/H1N1_2011_aligned.fasta -m LG+G4 -bb 1000 -nt 16 -pre results/per_year_clustered/H1N1/trees/H1N1_2011 -redo -quiet
Seed:    787816 (Using SPRNG - Scalable Parallel Random Number Generator)
Time:    Thu Nov 20 16:51:23 2025
Kernel:  AVX+FMA - 16 threads (128 CPU cores detected)

Reading alignment file results/per_year_clustered/H1N1/alignments/H1N1_2011_aligned.fasta ... Fasta format detected
Reading fasta file: done in 0.00018084 secs using 19.91% CPU
Alignment most likely contains protein sequences
Constructing alignment: done in 0.000296166 secs
Alignment has 19 sequences with 566 columns, 88 distinct patterns
20 parsimony-informative, 50 singleton sites, 496 constant sites
                                                            Gap/Ambiguity  Composition  p-value
Analyzing sequences: done in 2.89241e-05 secs using 44.95% CPU
   1  EPI342543|HA|A/Oman/1102/2011|EPI_ISL_99154|A_/_H1N1          0.00%    passed    100.00%
   2  EPI346713|HA|A/Kazakhstan/2081/2011|EPI_ISL_99932|A_/_H1N1    0.00%    passed    100.00%
   3  EPI348493|HA|A/SAITAMA/319/2011|EPI_ISL_101369|A_/_H1N1       0.00%    passed    100.00%
   4  EPI349533|HA|A/Taiwan/1018/2011|EPI_ISL_101903|A_/_H1N1       0.00%    passed    100.00%
   5  EPI349537|HA|A/Taiwan/552/2011|EPI_ISL_101907|A_/_H1N1        0.00%    passed    100.00%
   6  EPI349536|HA|A/Taiwan/67/2011|EPI_ISL_101906|A_/_H1N1         0.00%    passed    100.00%
   7  EPI349539|HA|A/Taiwan/1150/2011|EPI_ISL_101909|A_/_H1N1       0.00%    passed    100.00%
   8  EPI355206|HA|A/Sapporo/163/2011|EPI_ISL_104868|A_/_H1N1       0.00%    passed    100.00%
   9  EPI366346|HA|A/Vietnam/108/2011|EPI_ISL_115090|A_/_H1N1       0.00%    passed    100.00%
  10  EPI612851|HA|A/Yamagata/203/2011|EPI_ISL_188961|A_/_H1N1      0.00%    passed    100.00%
  11  EPI346387|HA|A/Stockholm/27/2011|EPI_ISL_99779|A_/_H1N1       0.00%    passed    100.00%
  12  EPI358504|HA|A/ENG/114940161/2011|EPI_ISL_107428|A_/_H1N1     0.00%    passed    100.00%
  13  EPI319615|HA|A/Ukraine/3/2011|EPI_ISL_90800|A_/_H1N1          0.00%    passed    100.00%
  14  EPI334702|HA|A/Slovenia/861/2011|EPI_ISL_95550|A_/_H1N1       0.00%    passed    100.00%
  15  EPI566454|HA|A/Perth/33/2011|EPI_ISL_172959|A_/_H1N1          0.00%    passed    100.00%
  16  EPI349365|HA|A/Florida/36/2011|EPI_ISL_101593|A_/_H1N1        0.00%    passed    100.00%
  17  EPI309803|HA|A/Arizona/01/2011|EPI_ISL_88059|A_/_H1N1         0.00%    passed    100.00%
  18  EPI316342|HA|A/Delaware/06/2011|EPI_ISL_88073|A_/_H1N1        0.00%    passed    100.00%
  19  EPI309946|HA|A/Maine/03/2011|EPI_ISL_88098|A_/_H1N1           0.00%    passed    100.00%
****  TOTAL                                                         0.00%  0 sequences failed composition chi2 test (p-value<5%; df=19)
Checking for duplicate sequences: done in 3.25609e-05 secs using 46.07% CPU
Creating fast initial parsimony tree by random order stepwise addition...
0.012 seconds, parsimony score: 87 (based on 70 sites)
Generating 1000 samples for ultrafast bootstrap (seed: 787816)...
WARNING: 16 threads for alignment length 88 will slow down analysis

NOTE: 1 MB RAM (0 GB) is required!
WARNING: Number of threads seems too high for short alignments. Use -T AUTO to determine best number of threads.
Estimate model parameters (epsilon = 0.100)
1. Initial log-likelihood: -2340.296
2. Current log-likelihood: -2337.060
Optimal log-likelihood: -2337.059
Gamma shape alpha: 0.302
Parameters optimization took 2 rounds (0.027 sec)
Wrote distance file to... 
Computing ML distances based on estimated model parameters...
Calculating distance matrix: done in 0.00420443 secs using 1481% CPU
Computing ML distances took 0.004431 sec (of wall-clock time) 0.062503 sec (of CPU time)
Setting up auxiliary I and S matrices: done in 0.00140209 secs using 1079% CPU
Constructing RapidNJ tree: done in 0.0237708 secs using 440.6% CPU
Computing RapidNJ tree took 0.025258 sec (of wall-clock time) 0.120070 sec (of CPU time)
Log-likelihood of RapidNJ tree: -2333.767
--------------------------------------------------------------------
|             INITIALIZING CANDIDATE TREE SET                      |
--------------------------------------------------------------------
Generating 98 parsimony trees... 0.027 second
Computing log-likelihood of 98 initial trees ... 0.614 seconds
Current best score: -2332.165

Do NNI search on 20 best initial trees
Optimizing NNI: done in 0.0369468 secs using 1116% CPU
Estimate model parameters (epsilon = 0.100)
BETTER TREE FOUND at iteration 1: -2332.157
Optimizing NNI: done in 0.0218224 secs using 1131% CPU
BETTER TREE FOUND at iteration 2: -2332.157
Optimizing NNI: done in 0.0204403 secs using 1107% CPU
Optimizing NNI: done in 0.0203096 secs using 1129% CPU
Optimizing NNI: done in 0.0200308 secs using 1126% CPU
Optimizing NNI: done in 0.019864 secs using 1158% CPU
BETTER TREE FOUND at iteration 6: -2332.156
Optimizing NNI: done in 0.0205439 secs using 1192% CPU
Optimizing NNI: done in 0.0199236 secs using 1052% CPU
BETTER TREE FOUND at iteration 8: -2332.156
Optimizing NNI: done in 0.020173 secs using 1142% CPU
Optimizing NNI: done in 0.01982 secs using 1139% CPU
Iteration 10 / LogL: -2332.157 / Time: 0h:0m:1s
Optimizing NNI: done in 0.0215179 secs using 1085% CPU
Optimizing NNI: done in 0.0204726 secs using 1082% CPU
Optimizing NNI: done in 0.0202196 secs using 1120% CPU
Optimizing NNI: done in 0.0204394 secs using 1066% CPU
Optimizing NNI: done in 0.0199578 secs using 1091% CPU
Optimizing NNI: done in 0.020027 secs using 1151% CPU
Optimizing NNI: done in 0.0207402 secs using 1153% CPU
Optimizing NNI: done in 0.0209774 secs using 1111% CPU
Optimizing NNI: done in 0.0216605 secs using 1121% CPU
Optimizing NNI: done in 0.021689 secs using 1167% CPU
Iteration 20 / LogL: -2332.156 / Time: 0h:0m:1s
Finish initializing candidate tree set (19)
Current best tree score: -2332.156 / CPU time: 1.113
Number of iterations: 20
--------------------------------------------------------------------
|               OPTIMIZING CANDIDATE TREE SET                      |
--------------------------------------------------------------------
Optimizing NNI: done in 0.155686 secs using 1105% CPU
Optimizing NNI: done in 0.088733 secs using 1118% CPU
Optimizing NNI: done in 0.203891 secs using 1104% CPU
Optimizing NNI: done in 0.0956338 secs using 1109% CPU
Optimizing NNI: done in 0.0688824 secs using 1089% CPU
Optimizing NNI: done in 0.102107 secs using 1107% CPU
Optimizing NNI: done in 0.155326 secs using 1115% CPU
Optimizing NNI: done in 0.0978756 secs using 1102% CPU
Optimizing NNI: done in 0.14626 secs using 1117% CPU
Optimizing NNI: done in 0.223867 secs using 1108% CPU
Iteration 30 / LogL: -2332.158 / Time: 0h:0m:2s (0h:0m:6s left)
Optimizing NNI: done in 0.197152 secs using 1104% CPU
Optimizing NNI: done in 0.0980999 secs using 1091% CPU
Optimizing NNI: done in 0.247055 secs using 1100% CPU
Optimizing NNI: done in 0.0977203 secs using 1095% CPU
Optimizing NNI: done in 0.187608 secs using 1109% CPU
Optimizing NNI: done in 0.0879509 secs using 1091% CPU
Optimizing NNI: done in 0.18227 secs using 1103% CPU
Optimizing NNI: done in 0.180305 secs using 1096% CPU
Optimizing NNI: done in 0.203829 secs using 1099% CPU
Optimizing NNI: done in 0.181209 secs using 1119% CPU
Iteration 40 / LogL: -2332.157 / Time: 0h:0m:4s (0h:0m:7s left)
Optimizing NNI: done in 0.0975178 secs using 1115% CPU
Optimizing NNI: done in 0.145429 secs using 1103% CPU
Optimizing NNI: done in 0.0966527 secs using 1099% CPU
Optimizing NNI: done in 0.142691 secs using 1107% CPU
Optimizing NNI: done in 0.140571 secs using 1105% CPU
Optimizing NNI: done in 0.173279 secs using 1098% CPU
Optimizing NNI: done in 0.148902 secs using 1104% CPU
Optimizing NNI: done in 0.150338 secs using 1104% CPU
Optimizing NNI: done in 0.190053 secs using 1115% CPU
Optimizing NNI: done in 0.139692 secs using 1106% CPU
Iteration 50 / LogL: -2335.170 / Time: 0h:0m:5s (0h:0m:6s left)
Log-likelihood cutoff on original alignment: -2351.073
Optimizing NNI: done in 0.0855912 secs using 1111% CPU
Optimizing NNI: done in 0.0875089 secs using 1101% CPU
Optimizing NNI: done in 0.17884 secs using 1097% CPU
Optimizing NNI: done in 0.143141 secs using 1106% CPU
Optimizing NNI: done in 0.137062 secs using 1100% CPU
Optimizing NNI: done in 0.173022 secs using 1105% CPU
Optimizing NNI: done in 0.0704451 secs using 1108% CPU
Optimizing NNI: done in 0.141102 secs using 1100% CPU
Optimizing NNI: done in 0.184235 secs using 1114% CPU
Optimizing NNI: done in 0.150961 secs using 1110% CPU
Iteration 60 / LogL: -2332.159 / Time: 0h:0m:7s (0h:0m:5s left)
Optimizing NNI: done in 0.188084 secs using 1108% CPU
Optimizing NNI: done in 0.189798 secs using 1103% CPU
Optimizing NNI: done in 0.0841143 secs using 1109% CPU
Optimizing NNI: done in 0.0673031 secs using 1126% CPU
Optimizing NNI: done in 0.0543084 secs using 1124% CPU
Optimizing NNI: done in 0.125838 secs using 1104% CPU
Optimizing NNI: done in 0.0855928 secs using 1120% CPU
Optimizing NNI: done in 0.147973 secs using 1108% CPU
Optimizing NNI: done in 0.241761 secs using 1111% CPU
Optimizing NNI: done in 0.200206 secs using 1112% CPU
Iteration 70 / LogL: -2332.160 / Time: 0h:0m:8s (0h:0m:4s left)
Optimizing NNI: done in 0.199217 secs using 1098% CPU
Optimizing NNI: done in 0.132055 secs using 1094% CPU
Optimizing NNI: done in 0.149622 secs using 1095% CPU
Optimizing NNI: done in 0.121288 secs using 1105% CPU
Optimizing NNI: done in 0.0507951 secs using 1119% CPU
Optimizing NNI: done in 0.113672 secs using 1100% CPU
Optimizing NNI: done in 0.0730018 secs using 1108% CPU
Optimizing NNI: done in 0.082113 secs using 1112% CPU
Optimizing NNI: done in 0.0579633 secs using 1133% CPU
Optimizing NNI: done in 0.102352 secs using 1119% CPU
Iteration 80 / LogL: -2332.160 / Time: 0h:0m:9s (0h:0m:3s left)
Optimizing NNI: done in 0.0830659 secs using 1108% CPU
Optimizing NNI: done in 0.112178 secs using 1119% CPU
Optimizing NNI: done in 0.130174 secs using 1100% CPU
Optimizing NNI: done in 0.122217 secs using 1112% CPU
Optimizing NNI: done in 0.0973044 secs using 1122% CPU
Optimizing NNI: done in 0.128467 secs using 1115% CPU
Optimizing NNI: done in 0.0826534 secs using 1097% CPU
Optimizing NNI: done in 0.124272 secs using 1102% CPU
Optimizing NNI: done in 0.0823008 secs using 1109% CPU
Optimizing NNI: done in 0.0540523 secs using 1107% CPU
Iteration 90 / LogL: -2332.158 / Time: 0h:0m:10s (0h:0m:2s left)
Optimizing NNI: done in 0.053708 secs using 1104% CPU
Optimizing NNI: done in 0.130567 secs using 1116% CPU
Optimizing NNI: done in 0.103687 secs using 1100% CPU
Optimizing NNI: done in 0.0790977 secs using 1108% CPU
Optimizing NNI: done in 0.0517089 secs using 1119% CPU
Optimizing NNI: done in 0.0389631 secs using 1094% CPU
Optimizing NNI: done in 0.0980633 secs using 1099% CPU
Optimizing NNI: done in 0.0521639 secs using 1111% CPU
BETTER TREE FOUND at iteration 98: -2332.156
Optimizing NNI: done in 0.105605 secs using 1129% CPU
Optimizing NNI: done in 0.0780751 secs using 1103% CPU
Iteration 100 / LogL: -2332.158 / Time: 0h:0m:11s (0h:0m:11s left)
Log-likelihood cutoff on original alignment: -2351.946
NOTE: Bootstrap correlation coefficient of split occurrence frequencies: 0.959
NOTE: UFBoot does not converge, continue at least 100 more iterations
Optimizing NNI: done in 0.160197 secs using 1109% CPU
Optimizing NNI: done in 0.084945 secs using 1122% CPU
Optimizing NNI: done in 0.0876385 secs using 1094% CPU
Optimizing NNI: done in 0.0845099 secs using 1101% CPU
Optimizing NNI: done in 0.10576 secs using 1101% CPU
Optimizing NNI: done in 0.0595036 secs using 1106% CPU
Optimizing NNI: done in 0.138711 secs using 1108% CPU
Optimizing NNI: done in 0.0889361 secs using 1110% CPU
Optimizing NNI: done in 0.0568338 secs using 1124% CPU
Optimizing NNI: done in 0.110125 secs using 1110% CPU
Iteration 110 / LogL: -2332.159 / Time: 0h:0m:12s (0h:0m:10s left)
Optimizing NNI: done in 0.13524 secs using 1116% CPU
Optimizing NNI: done in 0.0745796 secs using 1115% CPU
Optimizing NNI: done in 0.0747337 secs using 1117% CPU
Optimizing NNI: done in 0.148197 secs using 1108% CPU
Optimizing NNI: done in 0.086885 secs using 1108% CPU
Optimizing NNI: done in 0.11381 secs using 1110% CPU
Optimizing NNI: done in 0.0872797 secs using 1124% CPU
Optimizing NNI: done in 0.0322754 secs using 1111% CPU
Optimizing NNI: done in 0.0477119 secs using 1095% CPU
Optimizing NNI: done in 0.0928248 secs using 1108% CPU
Iteration 120 / LogL: -2332.159 / Time: 0h:0m:13s (0h:0m:9s left)
Optimizing NNI: done in 0.0975089 secs using 1105% CPU
Optimizing NNI: done in 0.115316 secs using 1092% CPU
Optimizing NNI: done in 0.0492959 secs using 1138% CPU
Optimizing NNI: done in 0.0669805 secs using 1105% CPU
Optimizing NNI: done in 0.0655499 secs using 1124% CPU
Optimizing NNI: done in 0.0636393 secs using 1115% CPU
Optimizing NNI: done in 0.146003 secs using 1106% CPU
Optimizing NNI: done in 0.0696835 secs using 1114% CPU
Optimizing NNI: done in 0.120484 secs using 1107% CPU
Optimizing NNI: done in 0.0747435 secs using 1107% CPU
Iteration 130 / LogL: -2332.159 / Time: 0h:0m:14s (0h:0m:7s left)
Optimizing NNI: done in 0.0506404 secs using 1110% CPU
Optimizing NNI: done in 0.072301 secs using 1114% CPU
Optimizing NNI: done in 0.142316 secs using 1117% CPU
Optimizing NNI: done in 0.0852614 secs using 1121% CPU
Optimizing NNI: done in 0.0944392 secs using 1108% CPU
Optimizing NNI: done in 0.0530014 secs using 1117% CPU
Optimizing NNI: done in 0.147388 secs using 1110% CPU
Optimizing NNI: done in 0.0671435 secs using 1102% CPU
Optimizing NNI: done in 0.0975916 secs using 1125% CPU
Optimizing NNI: done in 0.147257 secs using 1110% CPU
Iteration 140 / LogL: -2332.159 / Time: 0h:0m:15s (0h:0m:6s left)
Optimizing NNI: done in 0.111733 secs using 1110% CPU
Optimizing NNI: done in 0.0865266 secs using 1106% CPU
Optimizing NNI: done in 0.0807556 secs using 1108% CPU
Optimizing NNI: done in 0.159602 secs using 1105% CPU
Optimizing NNI: done in 0.0850916 secs using 1119% CPU
Optimizing NNI: done in 0.0661332 secs using 1091% CPU
Optimizing NNI: done in 0.0736677 secs using 1122% CPU
Optimizing NNI: done in 0.0919163 secs using 1115% CPU
Optimizing NNI: done in 0.0512268 secs using 1135% CPU
Optimizing NNI: done in 0.154362 secs using 1113% CPU
Iteration 150 / LogL: -2332.161 / Time: 0h:0m:16s (0h:0m:5s left)
Log-likelihood cutoff on original alignment: -2353.626
Optimizing NNI: done in 0.0780934 secs using 1119% CPU
Optimizing NNI: done in 0.115924 secs using 1096% CPU
Optimizing NNI: done in 0.0548646 secs using 1120% CPU
Optimizing NNI: done in 0.0769695 secs using 1100% CPU
Optimizing NNI: done in 0.102677 secs using 1120% CPU
Optimizing NNI: done in 0.108638 secs using 1118% CPU
Optimizing NNI: done in 0.0962596 secs using 1111% CPU
Optimizing NNI: done in 0.0851489 secs using 1118% CPU
Optimizing NNI: done in 0.0830101 secs using 1103% CPU
Optimizing NNI: done in 0.122218 secs using 1103% CPU
Iteration 160 / LogL: -2332.162 / Time: 0h:0m:17s (0h:0m:4s left)
Optimizing NNI: done in 0.0866139 secs using 1096% CPU
Optimizing NNI: done in 0.14165 secs using 1104% CPU
Optimizing NNI: done in 0.117882 secs using 1116% CPU
Optimizing NNI: done in 0.080229 secs using 1132% CPU
Optimizing NNI: done in 0.15128 secs using 1092% CPU
Optimizing NNI: done in 0.0880339 secs using 1132% CPU
Optimizing NNI: done in 0.0516274 secs using 1096% CPU
Optimizing NNI: done in 0.0627165 secs using 1109% CPU
Optimizing NNI: done in 0.177502 secs using 1098% CPU
Optimizing NNI: done in 0.064059 secs using 1114% CPU
Iteration 170 / LogL: -2332.157 / Time: 0h:0m:18s (0h:0m:3s left)
Optimizing NNI: done in 0.0771104 secs using 1107% CPU
Optimizing NNI: done in 0.0886348 secs using 1098% CPU
Optimizing NNI: done in 0.117487 secs using 1105% CPU
Optimizing NNI: done in 0.0878586 secs using 1122% CPU
Optimizing NNI: done in 0.086183 secs using 1114% CPU
Optimizing NNI: done in 0.0582648 secs using 1123% CPU
Optimizing NNI: done in 0.145193 secs using 1108% CPU
Optimizing NNI: done in 0.11962 secs using 1117% CPU
Optimizing NNI: done in 0.0824336 secs using 1104% CPU
Optimizing NNI: done in 0.0834328 secs using 1111% CPU
Iteration 180 / LogL: -2332.158 / Time: 0h:0m:19s (0h:0m:2s left)
Optimizing NNI: done in 0.037246 secs using 1105% CPU
Optimizing NNI: done in 0.108873 secs using 1108% CPU
Optimizing NNI: done in 0.143415 secs using 1110% CPU
Optimizing NNI: done in 0.092804 secs using 1123% CPU
Optimizing NNI: done in 0.116581 secs using 1120% CPU
Optimizing NNI: done in 0.107724 secs using 1114% CPU
Optimizing NNI: done in 0.0916323 secs using 1111% CPU
Optimizing NNI: done in 0.0560947 secs using 1122% CPU
Optimizing NNI: done in 0.0864471 secs using 1102% CPU
Optimizing NNI: done in 0.0894155 secs using 1096% CPU
Iteration 190 / LogL: -2342.728 / Time: 0h:0m:20s (0h:0m:1s left)
Optimizing NNI: done in 0.11669 secs using 1104% CPU
Optimizing NNI: done in 0.0585306 secs using 1104% CPU
Optimizing NNI: done in 0.0963754 secs using 1114% CPU
Optimizing NNI: done in 0.0920272 secs using 1110% CPU
Optimizing NNI: done in 0.120249 secs using 1122% CPU
Optimizing NNI: done in 0.120855 secs using 1121% CPU
Optimizing NNI: done in 0.0919461 secs using 1126% CPU
Optimizing NNI: done in 0.0592729 secs using 1132% CPU
Optimizing NNI: done in 0.120455 secs using 1118% CPU
Optimizing NNI: done in 0.0894123 secs using 1137% CPU
Iteration 200 / LogL: -2332.157 / Time: 0h:0m:21s (0h:0m:0s left)
Log-likelihood cutoff on original alignment: -2354.380
NOTE: Bootstrap correlation coefficient of split occurrence frequencies: 0.970
NOTE: UFBoot does not converge, continue at least 100 more iterations
Optimizing NNI: done in 0.0868874 secs using 1130% CPU
Optimizing NNI: done in 0.0894721 secs using 1121% CPU
Optimizing NNI: done in 0.154343 secs using 1115% CPU
Optimizing NNI: done in 0.153193 secs using 1113% CPU
Optimizing NNI: done in 0.0880644 secs using 1107% CPU
Optimizing NNI: done in 0.148448 secs using 1098% CPU
Optimizing NNI: done in 0.158856 secs using 1113% CPU
Optimizing NNI: done in 0.0572582 secs using 1104% CPU
Optimizing NNI: done in 0.102381 secs using 1117% CPU
Optimizing NNI: done in 0.108316 secs using 1109% CPU
Iteration 210 / LogL: -2345.569 / Time: 0h:0m:22s (0h:0m:9s left)
Optimizing NNI: done in 0.130337 secs using 1115% CPU
Optimizing NNI: done in 0.0622883 secs using 1099% CPU
Optimizing NNI: done in 0.120891 secs using 1117% CPU
Optimizing NNI: done in 0.128619 secs using 1113% CPU
Optimizing NNI: done in 0.0893937 secs using 1097% CPU
Optimizing NNI: done in 0.139896 secs using 1108% CPU
Optimizing NNI: done in 0.0588262 secs using 1095% CPU
Optimizing NNI: done in 0.0881604 secs using 1121% CPU
Optimizing NNI: done in 0.0911636 secs using 1115% CPU
Optimizing NNI: done in 0.145642 secs using 1104% CPU
Iteration 220 / LogL: -2332.158 / Time: 0h:0m:23s (0h:0m:8s left)
Optimizing NNI: done in 0.0611711 secs using 1094% CPU
Optimizing NNI: done in 0.153476 secs using 1103% CPU
Optimizing NNI: done in 0.0511304 secs using 1099% CPU
Optimizing NNI: done in 0.114927 secs using 1108% CPU
Optimizing NNI: done in 0.0872478 secs using 1127% CPU
Optimizing NNI: done in 0.150194 secs using 1105% CPU
Optimizing NNI: done in 0.0849572 secs using 1114% CPU
Optimizing NNI: done in 0.059239 secs using 1124% CPU
Optimizing NNI: done in 0.112225 secs using 1108% CPU
Optimizing NNI: done in 0.0967723 secs using 1088% CPU
Iteration 230 / LogL: -2332.158 / Time: 0h:0m:24s (0h:0m:7s left)
Optimizing NNI: done in 0.0913529 secs using 1111% CPU
Optimizing NNI: done in 0.0615061 secs using 1105% CPU
Optimizing NNI: done in 0.0899423 secs using 1110% CPU
Optimizing NNI: done in 0.0957576 secs using 1121% CPU
Optimizing NNI: done in 0.122423 secs using 1110% CPU
Optimizing NNI: done in 0.0508014 secs using 1109% CPU
Optimizing NNI: done in 0.057786 secs using 1089% CPU
Optimizing NNI: done in 0.123319 secs using 1115% CPU
Optimizing NNI: done in 0.0630874 secs using 1122% CPU
Optimizing NNI: done in 0.171813 secs using 1103% CPU
Iteration 240 / LogL: -2332.161 / Time: 0h:0m:25s (0h:0m:6s left)
Optimizing NNI: done in 0.111343 secs using 1111% CPU
Optimizing NNI: done in 0.133919 secs using 1101% CPU
Optimizing NNI: done in 0.106804 secs using 1108% CPU
Optimizing NNI: done in 0.11248 secs using 1103% CPU
Optimizing NNI: done in 0.0562137 secs using 1109% CPU
Optimizing NNI: done in 0.116371 secs using 1120% CPU
Optimizing NNI: done in 0.11791 secs using 1113% CPU
Optimizing NNI: done in 0.0901578 secs using 1091% CPU
Optimizing NNI: done in 0.114775 secs using 1094% CPU
Optimizing NNI: done in 0.0854339 secs using 1111% CPU
Iteration 250 / LogL: -2332.159 / Time: 0h:0m:26s (0h:0m:5s left)
Log-likelihood cutoff on original alignment: -2354.042
Optimizing NNI: done in 0.0876925 secs using 1103% CPU
Optimizing NNI: done in 0.11821 secs using 1124% CPU
Optimizing NNI: done in 0.0749033 secs using 1093% CPU
Optimizing NNI: done in 0.0605103 secs using 1119% CPU
Optimizing NNI: done in 0.109713 secs using 1121% CPU
Optimizing NNI: done in 0.119566 secs using 1102% CPU
Optimizing NNI: done in 0.115815 secs using 1101% CPU
Optimizing NNI: done in 0.0837785 secs using 1108% CPU
Optimizing NNI: done in 0.151781 secs using 1096% CPU
Optimizing NNI: done in 0.197141 secs using 1106% CPU
Iteration 260 / LogL: -2332.161 / Time: 0h:0m:28s (0h:0m:4s left)
Optimizing NNI: done in 0.0652153 secs using 1122% CPU
Optimizing NNI: done in 0.142586 secs using 1104% CPU
Optimizing NNI: done in 0.100261 secs using 1107% CPU
Optimizing NNI: done in 0.104213 secs using 1120% CPU
Optimizing NNI: done in 0.104949 secs using 1113% CPU
Optimizing NNI: done in 0.124635 secs using 1111% CPU
Optimizing NNI: done in 0.142394 secs using 1106% CPU
Optimizing NNI: done in 0.140117 secs using 1099% CPU
Optimizing NNI: done in 0.154337 secs using 1104% CPU
Optimizing NNI: done in 0.133818 secs using 1115% CPU
Iteration 270 / LogL: -2332.158 / Time: 0h:0m:29s (0h:0m:3s left)
Optimizing NNI: done in 0.146726 secs using 1112% CPU
Optimizing NNI: done in 0.109712 secs using 1103% CPU
Optimizing NNI: done in 0.113432 secs using 1109% CPU
Optimizing NNI: done in 0.109856 secs using 1104% CPU
Optimizing NNI: done in 0.139678 secs using 1107% CPU
Optimizing NNI: done in 0.177731 secs using 1118% CPU
Optimizing NNI: done in 0.108588 secs using 1117% CPU
Optimizing NNI: done in 0.152634 secs using 1104% CPU
Optimizing NNI: done in 0.122555 secs using 1107% CPU
Optimizing NNI: done in 0.202516 secs using 1104% CPU
Iteration 280 / LogL: -2332.160 / Time: 0h:0m:30s (0h:0m:2s left)
Optimizing NNI: done in 0.12868 secs using 1116% CPU
Optimizing NNI: done in 0.126906 secs using 1107% CPU
Optimizing NNI: done in 0.168534 secs using 1103% CPU
Optimizing NNI: done in 0.0671097 secs using 1101% CPU
Optimizing NNI: done in 0.0908932 secs using 1107% CPU
Optimizing NNI: done in 0.121472 secs using 1111% CPU
Optimizing NNI: done in 0.0366362 secs using 1096% CPU
Optimizing NNI: done in 0.114197 secs using 1104% CPU
Optimizing NNI: done in 0.155045 secs using 1103% CPU
Optimizing NNI: done in 0.106223 secs using 1109% CPU
Iteration 290 / LogL: -2332.158 / Time: 0h:0m:31s (0h:0m:1s left)
Optimizing NNI: done in 0.136602 secs using 1106% CPU
Optimizing NNI: done in 0.156351 secs using 1116% CPU
Optimizing NNI: done in 0.175186 secs using 1115% CPU
Optimizing NNI: done in 0.0372945 secs using 1099% CPU
Optimizing NNI: done in 0.112294 secs using 1101% CPU
Optimizing NNI: done in 0.151305 secs using 1097% CPU
Optimizing NNI: done in 0.119119 secs using 1104% CPU
Optimizing NNI: done in 0.126401 secs using 1107% CPU
Optimizing NNI: done in 0.159292 secs using 1108% CPU
Optimizing NNI: done in 0.0372957 secs using 1144% CPU
Iteration 300 / LogL: -2332.156 / Time: 0h:0m:33s (0h:0m:0s left)
Log-likelihood cutoff on original alignment: -2354.047
NOTE: Bootstrap correlation coefficient of split occurrence frequencies: 0.988
NOTE: UFBoot does not converge, continue at least 100 more iterations
Optimizing NNI: done in 0.117262 secs using 1113% CPU
Optimizing NNI: done in 0.134718 secs using 1087% CPU
Optimizing NNI: done in 0.133338 secs using 1122% CPU
Optimizing NNI: done in 0.137923 secs using 1104% CPU
Optimizing NNI: done in 0.0403953 secs using 1118% CPU
Optimizing NNI: done in 0.133705 secs using 1111% CPU
Optimizing NNI: done in 0.12825 secs using 1102% CPU
Optimizing NNI: done in 0.222599 secs using 1092% CPU
Optimizing NNI: done in 0.16389 secs using 1107% CPU
Optimizing NNI: done in 0.0877739 secs using 1082% CPU
Iteration 310 / LogL: -2332.157 / Time: 0h:0m:34s (0h:0m:10s left)
Optimizing NNI: done in 0.158922 secs using 1106% CPU
Optimizing NNI: done in 0.200605 secs using 1113% CPU
Optimizing NNI: done in 0.217966 secs using 1093% CPU
Optimizing NNI: done in 0.207338 secs using 1095% CPU
Optimizing NNI: done in 0.168496 secs using 1102% CPU
Optimizing NNI: done in 0.21069 secs using 1112% CPU
Optimizing NNI: done in 0.0875388 secs using 1108% CPU
Optimizing NNI: done in 0.123331 secs using 1102% CPU
Optimizing NNI: done in 0.121653 secs using 1109% CPU
Optimizing NNI: done in 0.206363 secs using 1097% CPU
Iteration 320 / LogL: -2332.162 / Time: 0h:0m:36s (0h:0m:9s left)
Optimizing NNI: done in 0.123359 secs using 1097% CPU
Optimizing NNI: done in 0.105552 secs using 1096% CPU
Optimizing NNI: done in 0.123524 secs using 1101% CPU
Optimizing NNI: done in 0.0860684 secs using 1106% CPU
Optimizing NNI: done in 0.0904343 secs using 1125% CPU
Optimizing NNI: done in 0.166218 secs using 1099% CPU
Optimizing NNI: done in 0.0759177 secs using 1108% CPU
Optimizing NNI: done in 0.129602 secs using 1090% CPU
Optimizing NNI: done in 0.135225 secs using 1114% CPU
Optimizing NNI: done in 0.0692322 secs using 1100% CPU
Iteration 330 / LogL: -2335.166 / Time: 0h:0m:37s (0h:0m:7s left)
Optimizing NNI: done in 0.137219 secs using 1110% CPU
Optimizing NNI: done in 0.125298 secs using 1103% CPU
Optimizing NNI: done in 0.0875671 secs using 1124% CPU
Optimizing NNI: done in 0.0612468 secs using 1139% CPU
Optimizing NNI: done in 0.187414 secs using 1108% CPU
Optimizing NNI: done in 0.11565 secs using 1107% CPU
Optimizing NNI: done in 0.112432 secs using 1113% CPU
Optimizing NNI: done in 0.153766 secs using 1111% CPU
Optimizing NNI: done in 0.150192 secs using 1111% CPU
Optimizing NNI: done in 0.119967 secs using 1119% CPU
Iteration 340 / LogL: -2332.159 / Time: 0h:0m:38s (0h:0m:6s left)
Optimizing NNI: done in 0.182911 secs using 1105% CPU
Optimizing NNI: done in 0.12331 secs using 1096% CPU
Optimizing NNI: done in 0.150926 secs using 1104% CPU
Optimizing NNI: done in 0.141301 secs using 1110% CPU
Optimizing NNI: done in 0.179224 secs using 1110% CPU
Optimizing NNI: done in 0.206791 secs using 1107% CPU
Optimizing NNI: done in 0.0813356 secs using 1092% CPU
Optimizing NNI: done in 0.147763 secs using 1111% CPU
Optimizing NNI: done in 0.12871 secs using 1103% CPU
Optimizing NNI: done in 0.196047 secs using 1109% CPU
Iteration 350 / LogL: -2332.160 / Time: 0h:0m:40s (0h:0m:5s left)
Log-likelihood cutoff on original alignment: -2354.042
Optimizing NNI: done in 0.221988 secs using 1105% CPU
Optimizing NNI: done in 0.145165 secs using 1108% CPU
Optimizing NNI: done in 0.137341 secs using 1108% CPU
Optimizing NNI: done in 0.179425 secs using 1110% CPU
Optimizing NNI: done in 0.139874 secs using 1107% CPU
Optimizing NNI: done in 0.0742393 secs using 1110% CPU
Optimizing NNI: done in 0.154905 secs using 1096% CPU
Optimizing NNI: done in 0.128642 secs using 1100% CPU
Optimizing NNI: done in 0.105934 secs using 1114% CPU
Optimizing NNI: done in 0.0664913 secs using 1106% CPU
Iteration 360 / LogL: -2351.046 / Time: 0h:0m:41s (0h:0m:4s left)
Optimizing NNI: done in 0.106528 secs using 1104% CPU
Optimizing NNI: done in 0.175227 secs using 1108% CPU
Optimizing NNI: done in 0.140726 secs using 1089% CPU
Optimizing NNI: done in 0.0738438 secs using 1121% CPU
Optimizing NNI: done in 0.195784 secs using 1097% CPU
Optimizing NNI: done in 0.108041 secs using 1098% CPU
Optimizing NNI: done in 0.182718 secs using 1102% CPU
Optimizing NNI: done in 0.085226 secs using 1096% CPU
Optimizing NNI: done in 0.0747919 secs using 1125% CPU
Optimizing NNI: done in 0.159487 secs using 1106% CPU
Iteration 370 / LogL: -2332.159 / Time: 0h:0m:43s (0h:0m:3s left)
Optimizing NNI: done in 0.119315 secs using 1116% CPU
Optimizing NNI: done in 0.122337 secs using 1101% CPU
Optimizing NNI: done in 0.122108 secs using 1109% CPU
Optimizing NNI: done in 0.179314 secs using 1115% CPU
Optimizing NNI: done in 0.0634591 secs using 1118% CPU
Optimizing NNI: done in 0.126484 secs using 1097% CPU
Optimizing NNI: done in 0.161005 secs using 1096% CPU
Optimizing NNI: done in 0.112479 secs using 1112% CPU
Optimizing NNI: done in 0.140354 secs using 1103% CPU
Optimizing NNI: done in 0.194108 secs using 1118% CPU
Iteration 380 / LogL: -2332.161 / Time: 0h:0m:44s (0h:0m:2s left)
Optimizing NNI: done in 0.144111 secs using 1110% CPU
Optimizing NNI: done in 0.186391 secs using 1110% CPU
Optimizing NNI: done in 0.12338 secs using 1099% CPU
Optimizing NNI: done in 0.162144 secs using 1107% CPU
Optimizing NNI: done in 0.187278 secs using 1103% CPU
Optimizing NNI: done in 0.1777 secs using 1106% CPU
Optimizing NNI: done in 0.0802041 secs using 1102% CPU
Optimizing NNI: done in 0.138034 secs using 1106% CPU
Optimizing NNI: done in 0.0830409 secs using 1123% CPU
Optimizing NNI: done in 0.164205 secs using 1110% CPU
Iteration 390 / LogL: -2332.161 / Time: 0h:0m:45s (0h:0m:1s left)
Optimizing NNI: done in 0.202467 secs using 1106% CPU
Optimizing NNI: done in 0.159123 secs using 1115% CPU
Optimizing NNI: done in 0.120133 secs using 1110% CPU
Optimizing NNI: done in 0.106018 secs using 1099% CPU
Optimizing NNI: done in 0.194251 secs using 1104% CPU
Optimizing NNI: done in 0.0846237 secs using 1080% CPU
Optimizing NNI: done in 0.0823102 secs using 1099% CPU
Optimizing NNI: done in 0.118719 secs using 1095% CPU
Optimizing NNI: done in 0.104558 secs using 1096% CPU
Optimizing NNI: done in 0.149048 secs using 1107% CPU
Iteration 400 / LogL: -2332.158 / Time: 0h:0m:47s (0h:0m:0s left)
Log-likelihood cutoff on original alignment: -2356.618
NOTE: Bootstrap correlation coefficient of split occurrence frequencies: 0.987
NOTE: UFBoot does not converge, continue at least 100 more iterations
Optimizing NNI: done in 0.102975 secs using 1115% CPU
Optimizing NNI: done in 0.0617959 secs using 1094% CPU
Optimizing NNI: done in 0.138811 secs using 1104% CPU
Optimizing NNI: done in 0.111457 secs using 1108% CPU
Optimizing NNI: done in 0.174034 secs using 1100% CPU
Optimizing NNI: done in 0.170061 secs using 1098% CPU
Optimizing NNI: done in 0.115558 secs using 1101% CPU
Optimizing NNI: done in 0.057406 secs using 1111% CPU
Optimizing NNI: done in 0.0695687 secs using 1104% CPU
Optimizing NNI: done in 0.143232 secs using 1111% CPU
Iteration 410 / LogL: -2342.728 / Time: 0h:0m:48s (0h:0m:10s left)
Optimizing NNI: done in 0.114781 secs using 1088% CPU
Optimizing NNI: done in 0.0617808 secs using 1099% CPU
Optimizing NNI: done in 0.0970794 secs using 1097% CPU
Optimizing NNI: done in 0.109302 secs using 1116% CPU
Optimizing NNI: done in 0.0678647 secs using 1097% CPU
Optimizing NNI: done in 0.102632 secs using 1099% CPU
Optimizing NNI: done in 0.111041 secs using 1108% CPU
Optimizing NNI: done in 0.159085 secs using 1103% CPU
Optimizing NNI: done in 0.122035 secs using 1102% CPU
Optimizing NNI: done in 0.133776 secs using 1101% CPU
Iteration 420 / LogL: -2332.161 / Time: 0h:0m:49s (0h:0m:9s left)
Optimizing NNI: done in 0.053846 secs using 1085% CPU
Optimizing NNI: done in 0.13913 secs using 1115% CPU
Optimizing NNI: done in 0.135564 secs using 1122% CPU
Optimizing NNI: done in 0.206239 secs using 1116% CPU
Optimizing NNI: done in 0.125517 secs using 1100% CPU
Optimizing NNI: done in 0.135714 secs using 1104% CPU
Optimizing NNI: done in 0.0975498 secs using 1108% CPU
Optimizing NNI: done in 0.0613354 secs using 1100% CPU
Optimizing NNI: done in 0.149032 secs using 1115% CPU
Optimizing NNI: done in 0.128181 secs using 1105% CPU
Iteration 430 / LogL: -2335.352 / Time: 0h:0m:50s (0h:0m:8s left)
Optimizing NNI: done in 0.0585557 secs using 1104% CPU
Optimizing NNI: done in 0.103628 secs using 1116% CPU
Optimizing NNI: done in 0.132274 secs using 1106% CPU
Optimizing NNI: done in 0.165902 secs using 1115% CPU
Optimizing NNI: done in 0.12642 secs using 1106% CPU
Optimizing NNI: done in 0.183117 secs using 1113% CPU
Optimizing NNI: done in 0.138737 secs using 1104% CPU
Optimizing NNI: done in 0.0655284 secs using 1121% CPU
Optimizing NNI: done in 0.135543 secs using 1104% CPU
Optimizing NNI: done in 0.102776 secs using 1091% CPU
Iteration 440 / LogL: -2332.160 / Time: 0h:0m:52s (0h:0m:7s left)
Optimizing NNI: done in 0.0664799 secs using 1080% CPU
Optimizing NNI: done in 0.0705981 secs using 1111% CPU
Optimizing NNI: done in 0.106515 secs using 1099% CPU
Optimizing NNI: done in 0.067929 secs using 1091% CPU
Optimizing NNI: done in 0.137006 secs using 1102% CPU
Optimizing NNI: done in 0.105259 secs using 1098% CPU
Optimizing NNI: done in 0.0444169 secs using 1123% CPU
Optimizing NNI: done in 0.129461 secs using 1099% CPU
Optimizing NNI: done in 0.0947716 secs using 1113% CPU
Optimizing NNI: done in 0.173224 secs using 1101% CPU
Iteration 450 / LogL: -2332.163 / Time: 0h:0m:53s (0h:0m:5s left)
Log-likelihood cutoff on original alignment: -2357.223
Optimizing NNI: done in 0.126984 secs using 1102% CPU
Optimizing NNI: done in 0.162105 secs using 1121% CPU
Optimizing NNI: done in 0.141059 secs using 1115% CPU
Optimizing NNI: done in 0.102313 secs using 1128% CPU
Optimizing NNI: done in 0.132334 secs using 1106% CPU
Optimizing NNI: done in 0.0603861 secs using 1103% CPU
Optimizing NNI: done in 0.164605 secs using 1105% CPU
Optimizing NNI: done in 0.0997328 secs using 1119% CPU
Optimizing NNI: done in 0.138155 secs using 1096% CPU
Optimizing NNI: done in 0.0618045 secs using 1111% CPU
Iteration 460 / LogL: -2347.855 / Time: 0h:0m:54s (0h:0m:4s left)
Optimizing NNI: done in 0.0603113 secs using 1091% CPU
Optimizing NNI: done in 0.134033 secs using 1111% CPU
Optimizing NNI: done in 0.133106 secs using 1104% CPU
Optimizing NNI: done in 0.0650018 secs using 1094% CPU
Optimizing NNI: done in 0.133417 secs using 1103% CPU
Optimizing NNI: done in 0.0710864 secs using 1095% CPU
Optimizing NNI: done in 0.161966 secs using 1090% CPU
Optimizing NNI: done in 0.222423 secs using 1097% CPU
Optimizing NNI: done in 0.113445 secs using 1110% CPU
Optimizing NNI: done in 0.144482 secs using 1110% CPU
Iteration 470 / LogL: -2332.158 / Time: 0h:0m:55s (0h:0m:3s left)
Optimizing NNI: done in 0.0727474 secs using 1097% CPU
Optimizing NNI: done in 0.111909 secs using 1110% CPU
Optimizing NNI: done in 0.14062 secs using 1102% CPU
Optimizing NNI: done in 0.149501 secs using 1098% CPU
Optimizing NNI: done in 0.134479 secs using 1108% CPU
Optimizing NNI: done in 0.143066 secs using 1105% CPU
Optimizing NNI: done in 0.0717748 secs using 1116% CPU
Optimizing NNI: done in 0.112927 secs using 1105% CPU
Optimizing NNI: done in 0.163961 secs using 1102% CPU
Optimizing NNI: done in 0.126212 secs using 1090% CPU
Iteration 480 / LogL: -2332.159 / Time: 0h:0m:57s (0h:0m:2s left)
Optimizing NNI: done in 0.113459 secs using 1089% CPU
Optimizing NNI: done in 0.176753 secs using 1114% CPU
Optimizing NNI: done in 0.177205 secs using 1111% CPU
Optimizing NNI: done in 0.107803 secs using 1119% CPU
Optimizing NNI: done in 0.0650183 secs using 1092% CPU
Optimizing NNI: done in 0.182174 secs using 1117% CPU
Optimizing NNI: done in 0.145789 secs using 1105% CPU
Optimizing NNI: done in 0.154107 secs using 1105% CPU
Optimizing NNI: done in 0.157332 secs using 1101% CPU
Optimizing NNI: done in 0.0747408 secs using 1120% CPU
Iteration 490 / LogL: -2335.352 / Time: 0h:0m:58s (0h:0m:1s left)
Optimizing NNI: done in 0.170128 secs using 1092% CPU
Optimizing NNI: done in 0.173754 secs using 1114% CPU
Optimizing NNI: done in 0.102869 secs using 1094% CPU
Optimizing NNI: done in 0.196658 secs using 1106% CPU
Optimizing NNI: done in 0.112285 secs using 1106% CPU
Optimizing NNI: done in 0.0708183 secs using 1125% CPU
Optimizing NNI: done in 0.216153 secs using 1112% CPU
Optimizing NNI: done in 0.104226 secs using 1117% CPU
Optimizing NNI: done in 0.103231 secs using 1105% CPU
Optimizing NNI: done in 0.0682623 secs using 1103% CPU
UPDATE BEST LOG-LIKELIHOOD: -2332.156
Iteration 500 / LogL: -2332.156 / Time: 0h:0m:59s (0h:0m:0s left)
Log-likelihood cutoff on original alignment: -2357.223
NOTE: Bootstrap correlation coefficient of split occurrence frequencies: 0.975
NOTE: UFBoot does not converge, continue at least 100 more iterations
Optimizing NNI: done in 0.127303 secs using 1103% CPU
Optimizing NNI: done in 0.121622 secs using 1113% CPU
Optimizing NNI: done in 0.106917 secs using 1107% CPU
Optimizing NNI: done in 0.15668 secs using 1108% CPU
Optimizing NNI: done in 0.0741058 secs using 1126% CPU
Optimizing NNI: done in 0.0684485 secs using 1127% CPU
Optimizing NNI: done in 0.174179 secs using 1106% CPU
Optimizing NNI: done in 0.142182 secs using 1099% CPU
Optimizing NNI: done in 0.166087 secs using 1102% CPU
Optimizing NNI: done in 0.102809 secs using 1113% CPU
Iteration 510 / LogL: -2332.161 / Time: 0h:1m:1s (0h:0m:10s left)
Optimizing NNI: done in 0.134121 secs using 1099% CPU
Optimizing NNI: done in 0.163984 secs using 1108% CPU
Optimizing NNI: done in 0.140033 secs using 1121% CPU
Optimizing NNI: done in 0.134978 secs using 1115% CPU
Optimizing NNI: done in 0.0354649 secs using 1153% CPU
Optimizing NNI: done in 0.0729916 secs using 1114% CPU
Optimizing NNI: done in 0.235916 secs using 1109% CPU
Optimizing NNI: done in 0.215765 secs using 1117% CPU
Optimizing NNI: done in 0.109498 secs using 1107% CPU
Optimizing NNI: done in 0.0634604 secs using 1095% CPU
Iteration 520 / LogL: -2347.568 / Time: 0h:1m:2s (0h:0m:9s left)
Optimizing NNI: done in 0.0690884 secs using 1113% CPU
Optimizing NNI: done in 0.110961 secs using 1119% CPU
Optimizing NNI: done in 0.144977 secs using 1105% CPU
Optimizing NNI: done in 0.148798 secs using 1112% CPU
Optimizing NNI: done in 0.105105 secs using 1098% CPU
Optimizing NNI: done in 0.101025 secs using 1099% CPU
Optimizing NNI: done in 0.0999656 secs using 1117% CPU
Optimizing NNI: done in 0.0662642 secs using 1127% CPU
Optimizing NNI: done in 0.144635 secs using 1110% CPU
Optimizing NNI: done in 0.175614 secs using 1107% CPU
Iteration 530 / LogL: -2332.160 / Time: 0h:1m:3s (0h:0m:8s left)
Optimizing NNI: done in 0.155405 secs using 1102% CPU
Optimizing NNI: done in 0.111009 secs using 1110% CPU
Optimizing NNI: done in 0.16048 secs using 1101% CPU
Optimizing NNI: done in 0.127474 secs using 1096% CPU
Optimizing NNI: done in 0.148397 secs using 1110% CPU
Optimizing NNI: done in 0.0743751 secs using 1114% CPU
Optimizing NNI: done in 0.122636 secs using 1112% CPU
Optimizing NNI: done in 0.196173 secs using 1103% CPU
Optimizing NNI: done in 0.138035 secs using 1111% CPU
Optimizing NNI: done in 0.119005 secs using 1108% CPU
Iteration 540 / LogL: -2332.159 / Time: 0h:1m:5s (0h:0m:7s left)
Optimizing NNI: done in 0.0687733 secs using 1115% CPU
Optimizing NNI: done in 0.0685113 secs using 1093% CPU
Optimizing NNI: done in 0.158941 secs using 1102% CPU
Optimizing NNI: done in 0.0606944 secs using 1095% CPU
Optimizing NNI: done in 0.19784 secs using 1110% CPU
Optimizing NNI: done in 0.189415 secs using 1114% CPU
Optimizing NNI: done in 0.14147 secs using 1111% CPU
Optimizing NNI: done in 0.0803906 secs using 1108% CPU
Optimizing NNI: done in 0.154142 secs using 1093% CPU
Optimizing NNI: done in 0.151873 secs using 1100% CPU
Iteration 550 / LogL: -2332.161 / Time: 0h:1m:6s (0h:0m:6s left)
Log-likelihood cutoff on original alignment: -2358.534
Optimizing NNI: done in 0.0796539 secs using 1115% CPU
Optimizing NNI: done in 0.146246 secs using 1105% CPU
Optimizing NNI: done in 0.105157 secs using 1092% CPU
Optimizing NNI: done in 0.098036 secs using 1104% CPU
Optimizing NNI: done in 0.105289 secs using 1111% CPU
Optimizing NNI: done in 0.073206 secs using 1106% CPU
Optimizing NNI: done in 0.120283 secs using 1099% CPU
Optimizing NNI: done in 0.0634417 secs using 1118% CPU
Optimizing NNI: done in 0.144604 secs using 1107% CPU
Optimizing NNI: done in 0.120152 secs using 1114% CPU
Iteration 560 / LogL: -2332.159 / Time: 0h:1m:7s (0h:0m:4s left)
Optimizing NNI: done in 0.101991 secs using 1131% CPU
Optimizing NNI: done in 0.0398825 secs using 1110% CPU
Optimizing NNI: done in 0.123922 secs using 1114% CPU
Optimizing NNI: done in 0.114906 secs using 1107% CPU
Optimizing NNI: done in 0.116493 secs using 1125% CPU
Optimizing NNI: done in 0.138522 secs using 1115% CPU
Optimizing NNI: done in 0.148079 secs using 1116% CPU
Optimizing NNI: done in 0.0733306 secs using 1111% CPU
Optimizing NNI: done in 0.131715 secs using 1117% CPU
Optimizing NNI: done in 0.0681459 secs using 1118% CPU
Iteration 570 / LogL: -2332.156 / Time: 0h:1m:8s (0h:0m:3s left)
Optimizing NNI: done in 0.0719865 secs using 1094% CPU
Optimizing NNI: done in 0.107926 secs using 1092% CPU
Optimizing NNI: done in 0.104687 secs using 1114% CPU
Optimizing NNI: done in 0.113141 secs using 1116% CPU
Optimizing NNI: done in 0.0707594 secs using 1129% CPU
Optimizing NNI: done in 0.109387 secs using 1102% CPU
Optimizing NNI: done in 0.117152 secs using 1099% CPU
Optimizing NNI: done in 0.114172 secs using 1127% CPU
Optimizing NNI: done in 0.158922 secs using 1109% CPU
Optimizing NNI: done in 0.104835 secs using 1109% CPU
Iteration 580 / LogL: -2332.158 / Time: 0h:1m:9s (0h:0m:2s left)
Optimizing NNI: done in 0.153449 secs using 1118% CPU
Optimizing NNI: done in 0.0508615 secs using 1116% CPU
Optimizing NNI: done in 0.197682 secs using 1108% CPU
Optimizing NNI: done in 0.153024 secs using 1115% CPU
Optimizing NNI: done in 0.375206 secs using 1099% CPU
Optimizing NNI: done in 0.234047 secs using 1100% CPU
Optimizing NNI: done in 0.0631397 secs using 1087% CPU
Optimizing NNI: done in 0.0762517 secs using 1107% CPU
Optimizing NNI: done in 0.149859 secs using 1111% CPU
Optimizing NNI: done in 0.231144 secs using 1102% CPU
Iteration 590 / LogL: -2332.163 / Time: 0h:1m:11s (0h:0m:1s left)
Optimizing NNI: done in 0.110623 secs using 1091% CPU
Optimizing NNI: done in 0.092955 secs using 1095% CPU
Optimizing NNI: done in 0.237485 secs using 1109% CPU
Optimizing NNI: done in 0.196324 secs using 1110% CPU
Optimizing NNI: done in 0.147472 secs using 1092% CPU
Optimizing NNI: done in 0.0841835 secs using 1093% CPU
Optimizing NNI: done in 0.0737576 secs using 1095% CPU
Optimizing NNI: done in 0.111517 secs using 1103% CPU
Optimizing NNI: done in 0.153044 secs using 1104% CPU
Optimizing NNI: done in 0.11079 secs using 1100% CPU
Iteration 600 / LogL: -2332.158 / Time: 0h:1m:13s (0h:0m:0s left)
Log-likelihood cutoff on original alignment: -2359.241
NOTE: Bootstrap correlation coefficient of split occurrence frequencies: 0.972
NOTE: UFBoot does not converge, continue at least 100 more iterations
Optimizing NNI: done in 0.113718 secs using 1117% CPU
Optimizing NNI: done in 0.148219 secs using 1106% CPU
Optimizing NNI: done in 0.121018 secs using 1099% CPU
Optimizing NNI: done in 0.109703 secs using 1106% CPU
Optimizing NNI: done in 0.147039 secs using 1112% CPU
Optimizing NNI: done in 0.11787 secs using 1113% CPU
Optimizing NNI: done in 0.187322 secs using 1104% CPU
Optimizing NNI: done in 0.0612565 secs using 1113% CPU
Optimizing NNI: done in 0.118534 secs using 1110% CPU
Optimizing NNI: done in 0.153411 secs using 1116% CPU
Iteration 610 / LogL: -2332.159 / Time: 0h:1m:14s (0h:0m:11s left)
Optimizing NNI: done in 0.0733092 secs using 1108% CPU
Optimizing NNI: done in 0.0702297 secs using 1120% CPU
Optimizing NNI: done in 0.186236 secs using 1116% CPU
Optimizing NNI: done in 0.174455 secs using 1117% CPU
Optimizing NNI: done in 0.0961599 secs using 1123% CPU
Optimizing NNI: done in 0.0639405 secs using 1108% CPU
Optimizing NNI: done in 0.130292 secs using 1112% CPU
Optimizing NNI: done in 0.136846 secs using 1089% CPU
Optimizing NNI: done in 0.0592603 secs using 1098% CPU
Optimizing NNI: done in 0.116053 secs using 1102% CPU
Iteration 620 / LogL: -2332.157 / Time: 0h:1m:15s (0h:0m:9s left)
Optimizing NNI: done in 0.214541 secs using 1107% CPU
Optimizing NNI: done in 0.0964428 secs using 1110% CPU
Optimizing NNI: done in 0.190031 secs using 1110% CPU
Optimizing NNI: done in 0.104375 secs using 1095% CPU
Optimizing NNI: done in 0.200159 secs using 1108% CPU
Optimizing NNI: done in 0.101129 secs using 1115% CPU
Optimizing NNI: done in 0.08156 secs using 1117% CPU
Optimizing NNI: done in 0.169772 secs using 1106% CPU
Optimizing NNI: done in 0.0318082 secs using 1103% CPU
Optimizing NNI: done in 0.105235 secs using 1126% CPU
Iteration 630 / LogL: -2332.159 / Time: 0h:1m:17s (0h:0m:8s left)
Optimizing NNI: done in 0.134283 secs using 1110% CPU
Optimizing NNI: done in 0.138942 secs using 1100% CPU
Optimizing NNI: done in 0.126778 secs using 1097% CPU
Optimizing NNI: done in 0.119924 secs using 1097% CPU
Optimizing NNI: done in 0.154613 secs using 1103% CPU
Optimizing NNI: done in 0.0596342 secs using 1121% CPU
Optimizing NNI: done in 0.0746075 secs using 1117% CPU
Optimizing NNI: done in 0.0980077 secs using 1090% CPU
Optimizing NNI: done in 0.20622 secs using 1106% CPU
Optimizing NNI: done in 0.175242 secs using 1103% CPU
Iteration 640 / LogL: -2332.157 / Time: 0h:1m:18s (0h:0m:7s left)
Optimizing NNI: done in 0.14948 secs using 1114% CPU
Optimizing NNI: done in 0.147344 secs using 1114% CPU
Optimizing NNI: done in 0.0819172 secs using 1101% CPU
Optimizing NNI: done in 0.205103 secs using 1114% CPU
Optimizing NNI: done in 0.126343 secs using 1107% CPU
Optimizing NNI: done in 0.201399 secs using 1118% CPU
Optimizing NNI: done in 0.127378 secs using 1116% CPU
Optimizing NNI: done in 0.119591 secs using 1095% CPU
Optimizing NNI: done in 0.176197 secs using 1108% CPU
Optimizing NNI: done in 0.136854 secs using 1106% CPU
Iteration 650 / LogL: -2332.160 / Time: 0h:1m:19s (0h:0m:6s left)
Log-likelihood cutoff on original alignment: -2359.914
Optimizing NNI: done in 0.137586 secs using 1100% CPU
Optimizing NNI: done in 0.107421 secs using 1096% CPU
Optimizing NNI: done in 0.130128 secs using 1099% CPU
Optimizing NNI: done in 0.153711 secs using 1098% CPU
Optimizing NNI: done in 0.0665656 secs using 1099% CPU
Optimizing NNI: done in 0.215701 secs using 1093% CPU
Optimizing NNI: done in 0.242584 secs using 1106% CPU
Optimizing NNI: done in 0.167168 secs using 1107% CPU
Optimizing NNI: done in 0.19134 secs using 1104% CPU
Optimizing NNI: done in 0.240546 secs using 1106% CPU
Iteration 660 / LogL: -2332.158 / Time: 0h:1m:21s (0h:0m:4s left)
Optimizing NNI: done in 0.214211 secs using 1112% CPU
Optimizing NNI: done in 0.14108 secs using 1116% CPU
Optimizing NNI: done in 0.102556 secs using 1112% CPU
Optimizing NNI: done in 0.121784 secs using 1103% CPU
Optimizing NNI: done in 0.14682 secs using 1114% CPU
Optimizing NNI: done in 0.121138 secs using 1122% CPU
Optimizing NNI: done in 0.126941 secs using 1111% CPU
Optimizing NNI: done in 0.0762213 secs using 1069% CPU
Optimizing NNI: done in 0.120566 secs using 1097% CPU
Optimizing NNI: done in 0.0575991 secs using 1099% CPU
Iteration 670 / LogL: -2335.166 / Time: 0h:1m:22s (0h:0m:3s left)
Optimizing NNI: done in 0.0667433 secs using 1114% CPU
Optimizing NNI: done in 0.095942 secs using 1119% CPU
Optimizing NNI: done in 0.10136 secs using 1118% CPU
Optimizing NNI: done in 0.224636 secs using 1105% CPU
Optimizing NNI: done in 0.0809108 secs using 1092% CPU
Optimizing NNI: done in 0.0748909 secs using 1103% CPU
Optimizing NNI: done in 0.0636076 secs using 1110% CPU
Optimizing NNI: done in 0.104353 secs using 1105% CPU
Optimizing NNI: done in 0.153041 secs using 1106% CPU
Optimizing NNI: done in 0.196496 secs using 1112% CPU
Iteration 680 / LogL: -2332.157 / Time: 0h:1m:24s (0h:0m:2s left)
Optimizing NNI: done in 0.159459 secs using 1104% CPU
Optimizing NNI: done in 0.106365 secs using 1116% CPU
Optimizing NNI: done in 0.0692423 secs using 1096% CPU
Optimizing NNI: done in 0.154007 secs using 1124% CPU
Optimizing NNI: done in 0.165887 secs using 1114% CPU
Optimizing NNI: done in 0.090154 secs using 1111% CPU
Optimizing NNI: done in 0.123773 secs using 1113% CPU
Optimizing NNI: done in 0.103431 secs using 1107% CPU
Optimizing NNI: done in 0.0676019 secs using 1140% CPU
Optimizing NNI: done in 0.0802547 secs using 1122% CPU
Iteration 690 / LogL: -2332.157 / Time: 0h:1m:25s (0h:0m:1s left)
Optimizing NNI: done in 0.0810649 secs using 1107% CPU
Optimizing NNI: done in 0.0772985 secs using 1100% CPU
Optimizing NNI: done in 0.124038 secs using 1090% CPU
Optimizing NNI: done in 0.0853805 secs using 1115% CPU
Optimizing NNI: done in 0.0861602 secs using 1113% CPU
Optimizing NNI: done in 0.192819 secs using 1108% CPU
Optimizing NNI: done in 0.0998506 secs using 1093% CPU
Optimizing NNI: done in 0.121113 secs using 1104% CPU
Optimizing NNI: done in 0.105206 secs using 1124% CPU
Optimizing NNI: done in 0.123905 secs using 1111% CPU
Iteration 700 / LogL: -2332.158 / Time: 0h:1m:26s (0h:0m:0s left)
Log-likelihood cutoff on original alignment: -2359.914
NOTE: Bootstrap correlation coefficient of split occurrence frequencies: 0.981
NOTE: UFBoot does not converge, continue at least 100 more iterations
Optimizing NNI: done in 0.11126 secs using 1117% CPU
Optimizing NNI: done in 0.157385 secs using 1109% CPU
Optimizing NNI: done in 0.0671703 secs using 1125% CPU
Optimizing NNI: done in 0.137015 secs using 1121% CPU
Optimizing NNI: done in 0.197956 secs using 1117% CPU
Optimizing NNI: done in 0.161964 secs using 1116% CPU
Optimizing NNI: done in 0.204689 secs using 1101% CPU
Optimizing NNI: done in 0.193583 secs using 1088% CPU
Optimizing NNI: done in 0.206825 secs using 1107% CPU
Optimizing NNI: done in 0.119267 secs using 1114% CPU
Iteration 710 / LogL: -2332.159 / Time: 0h:1m:28s (0h:0m:11s left)
Optimizing NNI: done in 0.147059 secs using 1123% CPU
Optimizing NNI: done in 0.110936 secs using 1119% CPU
Optimizing NNI: done in 0.0741773 secs using 1098% CPU
Optimizing NNI: done in 0.121849 secs using 1107% CPU
Optimizing NNI: done in 0.122245 secs using 1113% CPU
Optimizing NNI: done in 0.166723 secs using 1111% CPU
Optimizing NNI: done in 0.227234 secs using 1093% CPU
Optimizing NNI: done in 0.120484 secs using 1113% CPU
Optimizing NNI: done in 0.217471 secs using 1106% CPU
Optimizing NNI: done in 0.152396 secs using 1112% CPU
Iteration 720 / LogL: -2332.161 / Time: 0h:1m:29s (0h:0m:9s left)
Optimizing NNI: done in 0.122719 secs using 1101% CPU
Optimizing NNI: done in 0.195595 secs using 1111% CPU
Optimizing NNI: done in 0.111038 secs using 1108% CPU
Optimizing NNI: done in 0.123037 secs using 1105% CPU
Optimizing NNI: done in 0.0767094 secs using 1079% CPU
Optimizing NNI: done in 0.183288 secs using 1107% CPU
Optimizing NNI: done in 0.173573 secs using 1101% CPU
Optimizing NNI: done in 0.107592 secs using 1105% CPU
Optimizing NNI: done in 0.172643 secs using 1105% CPU
Optimizing NNI: done in 0.0705283 secs using 1133% CPU
Iteration 730 / LogL: -2332.156 / Time: 0h:1m:31s (0h:0m:8s left)
Optimizing NNI: done in 0.0619095 secs using 1114% CPU
Optimizing NNI: done in 0.093148 secs using 1120% CPU
Optimizing NNI: done in 0.0623116 secs using 1115% CPU
Optimizing NNI: done in 0.103336 secs using 1099% CPU
Optimizing NNI: done in 0.15333 secs using 1111% CPU
Optimizing NNI: done in 0.0996517 secs using 1114% CPU
Optimizing NNI: done in 0.0716169 secs using 1119% CPU
Optimizing NNI: done in 0.141044 secs using 1118% CPU
Optimizing NNI: done in 0.14246 secs using 1105% CPU
Optimizing NNI: done in 0.130143 secs using 1102% CPU
Iteration 740 / LogL: -2332.158 / Time: 0h:1m:32s (0h:0m:7s left)
Optimizing NNI: done in 0.114132 secs using 1107% CPU
Optimizing NNI: done in 0.183889 secs using 1108% CPU
Optimizing NNI: done in 0.195022 secs using 1111% CPU
Optimizing NNI: done in 0.204347 secs using 1102% CPU
Optimizing NNI: done in 0.243658 secs using 1108% CPU
Optimizing NNI: done in 0.198991 secs using 1110% CPU
Optimizing NNI: done in 0.0949884 secs using 1091% CPU
Optimizing NNI: done in 0.140297 secs using 1093% CPU
Optimizing NNI: done in 0.065913 secs using 1115% CPU
Optimizing NNI: done in 0.100817 secs using 1110% CPU
Iteration 750 / LogL: -2332.157 / Time: 0h:1m:33s (0h:0m:6s left)
Log-likelihood cutoff on original alignment: -2359.914
Optimizing NNI: done in 0.0911727 secs using 1120% CPU
Optimizing NNI: done in 0.0563828 secs using 1104% CPU
Optimizing NNI: done in 0.168535 secs using 1119% CPU
Optimizing NNI: done in 0.141475 secs using 1119% CPU
Optimizing NNI: done in 0.186829 secs using 1112% CPU
Optimizing NNI: done in 0.0708973 secs using 1113% CPU
Optimizing NNI: done in 0.17153 secs using 1122% CPU
Optimizing NNI: done in 0.131329 secs using 1113% CPU
Optimizing NNI: done in 0.142557 secs using 1108% CPU
Optimizing NNI: done in 0.136884 secs using 1105% CPU
Iteration 760 / LogL: -2332.160 / Time: 0h:1m:35s (0h:0m:5s left)
Optimizing NNI: done in 0.0994483 secs using 1094% CPU
Optimizing NNI: done in 0.100945 secs using 1117% CPU
Optimizing NNI: done in 0.0691457 secs using 1105% CPU
Optimizing NNI: done in 0.0748165 secs using 1101% CPU
Optimizing NNI: done in 0.0855646 secs using 1124% CPU
Optimizing NNI: done in 0.141065 secs using 1106% CPU
Optimizing NNI: done in 0.0859318 secs using 1109% CPU
Optimizing NNI: done in 0.162772 secs using 1104% CPU
Optimizing NNI: done in 0.104604 secs using 1120% CPU
Optimizing NNI: done in 0.14758 secs using 1110% CPU
Iteration 770 / LogL: -2332.158 / Time: 0h:1m:36s (0h:0m:3s left)
Optimizing NNI: done in 0.152628 secs using 1118% CPU
Optimizing NNI: done in 0.0940071 secs using 1117% CPU
Optimizing NNI: done in 0.129243 secs using 1105% CPU
Optimizing NNI: done in 0.087767 secs using 1119% CPU
Optimizing NNI: done in 0.132069 secs using 1119% CPU
Optimizing NNI: done in 0.0860901 secs using 1098% CPU
Optimizing NNI: done in 0.17945 secs using 1107% CPU
Optimizing NNI: done in 0.0951012 secs using 1100% CPU
Optimizing NNI: done in 0.132311 secs using 1115% CPU
Optimizing NNI: done in 0.10344 secs using 1100% CPU
Iteration 780 / LogL: -2332.160 / Time: 0h:1m:37s (0h:0m:2s left)
Optimizing NNI: done in 0.0324947 secs using 1152% CPU
Optimizing NNI: done in 0.0698496 secs using 1121% CPU
Optimizing NNI: done in 0.165386 secs using 1102% CPU
Optimizing NNI: done in 0.155925 secs using 1114% CPU
Optimizing NNI: done in 0.107869 secs using 1107% CPU
Optimizing NNI: done in 0.173276 secs using 1116% CPU
Optimizing NNI: done in 0.141953 secs using 1117% CPU
Optimizing NNI: done in 0.192896 secs using 1108% CPU
Optimizing NNI: done in 0.125039 secs using 1094% CPU
Optimizing NNI: done in 0.129727 secs using 1096% CPU
Iteration 790 / LogL: -2332.159 / Time: 0h:1m:39s (0h:0m:1s left)
Optimizing NNI: done in 0.0865413 secs using 1105% CPU
Optimizing NNI: done in 0.131835 secs using 1118% CPU
Optimizing NNI: done in 0.177085 secs using 1121% CPU
Optimizing NNI: done in 0.158801 secs using 1108% CPU
Optimizing NNI: done in 0.194045 secs using 1100% CPU
Optimizing NNI: done in 0.0856481 secs using 1102% CPU
Optimizing NNI: done in 0.23092 secs using 1096% CPU
Optimizing NNI: done in 0.135874 secs using 1096% CPU
Optimizing NNI: done in 0.178781 secs using 1104% CPU
Optimizing NNI: done in 0.108281 secs using 1100% CPU
Iteration 800 / LogL: -2332.157 / Time: 0h:1m:40s (0h:0m:0s left)
Log-likelihood cutoff on original alignment: -2359.914
NOTE: Bootstrap correlation coefficient of split occurrence frequencies: 0.985
NOTE: UFBoot does not converge, continue at least 100 more iterations
Optimizing NNI: done in 0.107869 secs using 1115% CPU
Optimizing NNI: done in 0.161178 secs using 1116% CPU
Optimizing NNI: done in 0.0867546 secs using 1116% CPU
Optimizing NNI: done in 0.169979 secs using 1114% CPU
Optimizing NNI: done in 0.120782 secs using 1089% CPU
Optimizing NNI: done in 0.223806 secs using 1096% CPU
Optimizing NNI: done in 0.136337 secs using 1105% CPU
Optimizing NNI: done in 0.11936 secs using 1112% CPU
Optimizing NNI: done in 0.171421 secs using 1121% CPU
Optimizing NNI: done in 0.100423 secs using 1114% CPU
Iteration 810 / LogL: -2332.157 / Time: 0h:1m:42s (0h:0m:11s left)
Optimizing NNI: done in 0.184957 secs using 1112% CPU
Optimizing NNI: done in 0.130699 secs using 1112% CPU
Optimizing NNI: done in 0.0893052 secs using 1105% CPU
Optimizing NNI: done in 0.212663 secs using 1104% CPU
Optimizing NNI: done in 0.15264 secs using 1106% CPU
Optimizing NNI: done in 0.148476 secs using 1107% CPU
Optimizing NNI: done in 0.0764941 secs using 1083% CPU
Optimizing NNI: done in 0.124172 secs using 1098% CPU
Optimizing NNI: done in 0.126282 secs using 1101% CPU
Optimizing NNI: done in 0.0757648 secs using 1105% CPU
Iteration 820 / LogL: -2332.159 / Time: 0h:1m:43s (0h:0m:10s left)
Optimizing NNI: done in 0.0720344 secs using 1127% CPU
Optimizing NNI: done in 0.0773489 secs using 1104% CPU
Optimizing NNI: done in 0.217659 secs using 1110% CPU
Optimizing NNI: done in 0.171216 secs using 1116% CPU
Optimizing NNI: done in 0.125588 secs using 1118% CPU
Optimizing NNI: done in 0.224052 secs using 1112% CPU
Optimizing NNI: done in 0.189763 secs using 1108% CPU
Optimizing NNI: done in 0.134769 secs using 1105% CPU
Optimizing NNI: done in 0.1395 secs using 1107% CPU
Optimizing NNI: done in 0.221866 secs using 1109% CPU
Iteration 830 / LogL: -2332.160 / Time: 0h:1m:45s (0h:0m:8s left)
Optimizing NNI: done in 0.12645 secs using 1110% CPU
Optimizing NNI: done in 0.0841952 secs using 1112% CPU
Optimizing NNI: done in 0.0695706 secs using 1106% CPU
Optimizing NNI: done in 0.119451 secs using 1115% CPU
Optimizing NNI: done in 0.0833796 secs using 1138% CPU
Optimizing NNI: done in 0.123816 secs using 1096% CPU
Optimizing NNI: done in 0.170224 secs using 1097% CPU
Optimizing NNI: done in 0.121406 secs using 1099% CPU
Optimizing NNI: done in 0.0826832 secs using 1092% CPU
Optimizing NNI: done in 0.0878484 secs using 1097% CPU
Iteration 840 / LogL: -2332.157 / Time: 0h:1m:46s (0h:0m:7s left)
Optimizing NNI: done in 0.183767 secs using 1104% CPU
Optimizing NNI: done in 0.16754 secs using 1095% CPU
Optimizing NNI: done in 0.127341 secs using 1094% CPU
Optimizing NNI: done in 0.109104 secs using 1099% CPU
Optimizing NNI: done in 0.167541 secs using 1115% CPU
Optimizing NNI: done in 0.153829 secs using 1112% CPU
Optimizing NNI: done in 0.292046 secs using 1102% CPU
Optimizing NNI: done in 0.15141 secs using 1113% CPU
Optimizing NNI: done in 0.116763 secs using 1091% CPU
Optimizing NNI: done in 0.146443 secs using 1095% CPU
Iteration 850 / LogL: -2332.161 / Time: 0h:1m:48s (0h:0m:6s left)
Log-likelihood cutoff on original alignment: -2359.914
Optimizing NNI: done in 0.0976919 secs using 1103% CPU
Optimizing NNI: done in 0.168879 secs using 1108% CPU
Optimizing NNI: done in 0.102708 secs using 1104% CPU
Optimizing NNI: done in 0.17265 secs using 1108% CPU
Optimizing NNI: done in 0.0648136 secs using 1119% CPU
Optimizing NNI: done in 0.0666493 secs using 1119% CPU
Optimizing NNI: done in 0.127653 secs using 1115% CPU
Optimizing NNI: done in 0.124435 secs using 1105% CPU
Optimizing NNI: done in 0.0973805 secs using 1114% CPU
Optimizing NNI: done in 0.134912 secs using 1105% CPU
Iteration 860 / LogL: -2332.161 / Time: 0h:1m:49s (0h:0m:5s left)
Optimizing NNI: done in 0.0776163 secs using 1098% CPU
Optimizing NNI: done in 0.13047 secs using 1107% CPU
Optimizing NNI: done in 0.13019 secs using 1117% CPU
Optimizing NNI: done in 0.0569304 secs using 1126% CPU
Optimizing NNI: done in 0.097423 secs using 1115% CPU
Optimizing NNI: done in 0.0679919 secs using 1117% CPU
Optimizing NNI: done in 0.187566 secs using 1102% CPU
Optimizing NNI: done in 0.121326 secs using 1122% CPU
Optimizing NNI: done in 0.186447 secs using 1100% CPU
Optimizing NNI: done in 0.154791 secs using 1117% CPU
Iteration 870 / LogL: -2332.160 / Time: 0h:1m:50s (0h:0m:3s left)
Optimizing NNI: done in 0.0976179 secs using 1126% CPU
Optimizing NNI: done in 0.125088 secs using 1122% CPU
Optimizing NNI: done in 0.10542 secs using 1124% CPU
Optimizing NNI: done in 0.104416 secs using 1104% CPU
Optimizing NNI: done in 0.0690965 secs using 1110% CPU
Optimizing NNI: done in 0.116752 secs using 1104% CPU
Optimizing NNI: done in 0.167166 secs using 1101% CPU
Optimizing NNI: done in 0.127204 secs using 1105% CPU
Optimizing NNI: done in 0.0871771 secs using 1118% CPU
Optimizing NNI: done in 0.124207 secs using 1112% CPU
Iteration 880 / LogL: -2335.169 / Time: 0h:1m:51s (0h:0m:2s left)
Optimizing NNI: done in 0.0878522 secs using 1117% CPU
Optimizing NNI: done in 0.127263 secs using 1096% CPU
Optimizing NNI: done in 0.122366 secs using 1111% CPU
Optimizing NNI: done in 0.0838135 secs using 1105% CPU
Optimizing NNI: done in 0.131728 secs using 1112% CPU
Optimizing NNI: done in 0.167563 secs using 1114% CPU
Optimizing NNI: done in 0.15803 secs using 1104% CPU
Optimizing NNI: done in 0.163251 secs using 1105% CPU
Optimizing NNI: done in 0.0996 secs using 1112% CPU
Optimizing NNI: done in 0.0682641 secs using 1125% CPU
UPDATE BEST LOG-LIKELIHOOD: -2332.156
Iteration 890 / LogL: -2332.156 / Time: 0h:1m:53s (0h:0m:1s left)
Optimizing NNI: done in 0.181347 secs using 1119% CPU
Optimizing NNI: done in 0.124622 secs using 1099% CPU
Optimizing NNI: done in 0.0873488 secs using 1094% CPU
Optimizing NNI: done in 0.164708 secs using 1109% CPU
Optimizing NNI: done in 0.162251 secs using 1119% CPU
Optimizing NNI: done in 0.159001 secs using 1104% CPU
Optimizing NNI: done in 0.129173 secs using 1115% CPU
Optimizing NNI: done in 0.118383 secs using 1104% CPU
Optimizing NNI: done in 0.0771321 secs using 1107% CPU
Optimizing NNI: done in 0.168406 secs using 1096% CPU
Iteration 900 / LogL: -2332.162 / Time: 0h:1m:54s (0h:0m:0s left)
Log-likelihood cutoff on original alignment: -2361.341
NOTE: Bootstrap correlation coefficient of split occurrence frequencies: 0.988
NOTE: UFBoot does not converge, continue at least 100 more iterations
Optimizing NNI: done in 0.165338 secs using 1104% CPU
Optimizing NNI: done in 0.139959 secs using 1127% CPU
Optimizing NNI: done in 0.140271 secs using 1109% CPU
Optimizing NNI: done in 0.0949989 secs using 1120% CPU
Optimizing NNI: done in 0.137896 secs using 1114% CPU
Optimizing NNI: done in 0.067762 secs using 1114% CPU
Optimizing NNI: done in 0.0566176 secs using 1107% CPU
Optimizing NNI: done in 0.0683694 secs using 1091% CPU
Optimizing NNI: done in 0.240849 secs using 1111% CPU
Optimizing NNI: done in 0.225111 secs using 1114% CPU
Iteration 910 / LogL: -2332.158 / Time: 0h:1m:55s (0h:0m:11s left)
Optimizing NNI: done in 0.0957435 secs using 1104% CPU
Optimizing NNI: done in 0.0703103 secs using 1100% CPU
Optimizing NNI: done in 0.0703147 secs using 1114% CPU
Optimizing NNI: done in 0.104405 secs using 1110% CPU
Optimizing NNI: done in 0.196861 secs using 1123% CPU
Optimizing NNI: done in 0.189288 secs using 1118% CPU
Optimizing NNI: done in 0.0978782 secs using 1122% CPU
Optimizing NNI: done in 0.0654303 secs using 1104% CPU
Optimizing NNI: done in 0.108756 secs using 1108% CPU
Optimizing NNI: done in 0.147194 secs using 1115% CPU
Iteration 920 / LogL: -2332.159 / Time: 0h:1m:57s (0h:0m:10s left)
Optimizing NNI: done in 0.0389828 secs using 1081% CPU
Optimizing NNI: done in 0.122486 secs using 1097% CPU
Optimizing NNI: done in 0.169309 secs using 1110% CPU
Optimizing NNI: done in 0.154629 secs using 1109% CPU
Optimizing NNI: done in 0.158162 secs using 1115% CPU
Optimizing NNI: done in 0.120502 secs using 1105% CPU
Optimizing NNI: done in 0.0680179 secs using 1105% CPU
Optimizing NNI: done in 0.231168 secs using 1096% CPU
Optimizing NNI: done in 0.0808903 secs using 1102% CPU
Optimizing NNI: done in 0.156265 secs using 1104% CPU
Iteration 930 / LogL: -2332.161 / Time: 0h:1m:58s (0h:0m:8s left)
Optimizing NNI: done in 0.0806202 secs using 1115% CPU
Optimizing NNI: done in 0.124053 secs using 1108% CPU
Optimizing NNI: done in 0.160215 secs using 1106% CPU
Optimizing NNI: done in 0.191611 secs using 1114% CPU
Optimizing NNI: done in 0.0564145 secs using 1094% CPU
Optimizing NNI: done in 0.124155 secs using 1106% CPU
Optimizing NNI: done in 0.245475 secs using 1104% CPU
Optimizing NNI: done in 0.134856 secs using 1108% CPU
Optimizing NNI: done in 0.0839448 secs using 1112% CPU
Optimizing NNI: done in 0.120496 secs using 1105% CPU
Iteration 940 / LogL: -2335.168 / Time: 0h:1m:59s (0h:0m:7s left)
Optimizing NNI: done in 0.0803133 secs using 1090% CPU
Optimizing NNI: done in 0.218375 secs using 1109% CPU
Optimizing NNI: done in 0.0728496 secs using 1119% CPU
Optimizing NNI: done in 0.116272 secs using 1099% CPU
Optimizing NNI: done in 0.140842 secs using 1094% CPU
Optimizing NNI: done in 0.125528 secs using 1093% CPU
Optimizing NNI: done in 0.139409 secs using 1107% CPU
Optimizing NNI: done in 0.172587 secs using 1103% CPU
Optimizing NNI: done in 0.0493381 secs using 1102% CPU
Optimizing NNI: done in 0.0655316 secs using 1092% CPU
Iteration 950 / LogL: -2343.679 / Time: 0h:2m:1s (0h:0m:6s left)
Log-likelihood cutoff on original alignment: -2361.341
Optimizing NNI: done in 0.0767793 secs using 1121% CPU
Optimizing NNI: done in 0.154346 secs using 1112% CPU
Optimizing NNI: done in 0.18073 secs using 1109% CPU
Optimizing NNI: done in 0.104599 secs using 1121% CPU
Optimizing NNI: done in 0.108647 secs using 1117% CPU
Optimizing NNI: done in 0.18887 secs using 1115% CPU
Optimizing NNI: done in 0.176387 secs using 1115% CPU
Optimizing NNI: done in 0.127636 secs using 1080% CPU
Optimizing NNI: done in 0.0416375 secs using 1130% CPU
Optimizing NNI: done in 0.0600075 secs using 1115% CPU
Iteration 960 / LogL: -2337.386 / Time: 0h:2m:2s (0h:0m:5s left)
Optimizing NNI: done in 0.103788 secs using 1083% CPU
Optimizing NNI: done in 0.0778169 secs using 1104% CPU
Optimizing NNI: done in 0.111044 secs using 1100% CPU
Optimizing NNI: done in 0.191062 secs using 1105% CPU
Optimizing NNI: done in 0.0725808 secs using 1096% CPU
Optimizing NNI: done in 0.136079 secs using 1108% CPU
Optimizing NNI: done in 0.106254 secs using 1110% CPU
Optimizing NNI: done in 0.195054 secs using 1111% CPU
Optimizing NNI: done in 0.0624473 secs using 1117% CPU
Optimizing NNI: done in 0.134803 secs using 1102% CPU
Iteration 970 / LogL: -2332.159 / Time: 0h:2m:3s (0h:0m:3s left)
Optimizing NNI: done in 0.0725512 secs using 1128% CPU
Optimizing NNI: done in 0.103675 secs using 1125% CPU
Optimizing NNI: done in 0.0955313 secs using 1113% CPU
Optimizing NNI: done in 0.128507 secs using 1106% CPU
Optimizing NNI: done in 0.0982251 secs using 1105% CPU
Optimizing NNI: done in 0.0628024 secs using 1125% CPU
Optimizing NNI: done in 0.103641 secs using 1115% CPU
Optimizing NNI: done in 0.139878 secs using 1088% CPU
Optimizing NNI: done in 0.169304 secs using 1111% CPU
Optimizing NNI: done in 0.11522 secs using 1101% CPU
Iteration 980 / LogL: -2332.160 / Time: 0h:2m:5s (0h:0m:2s left)
Optimizing NNI: done in 0.202192 secs using 1109% CPU
Optimizing NNI: done in 0.0851384 secs using 1110% CPU
Optimizing NNI: done in 0.128069 secs using 1099% CPU
Optimizing NNI: done in 0.164644 secs using 1120% CPU
Optimizing NNI: done in 0.150604 secs using 1109% CPU
Optimizing NNI: done in 0.125175 secs using 1106% CPU
Optimizing NNI: done in 0.103416 secs using 1108% CPU
Optimizing NNI: done in 0.102329 secs using 1098% CPU
Optimizing NNI: done in 0.0742441 secs using 1109% CPU
Optimizing NNI: done in 0.148195 secs using 1111% CPU
Iteration 990 / LogL: -2332.161 / Time: 0h:2m:6s (0h:0m:1s left)
Optimizing NNI: done in 0.209577 secs using 1109% CPU
Optimizing NNI: done in 0.169787 secs using 1109% CPU
Optimizing NNI: done in 0.124292 secs using 1108% CPU
Optimizing NNI: done in 0.102367 secs using 1100% CPU
Optimizing NNI: done in 0.14261 secs using 1113% CPU
Optimizing NNI: done in 0.074173 secs using 1086% CPU
Optimizing NNI: done in 0.161395 secs using 1122% CPU
Optimizing NNI: done in 0.120195 secs using 1111% CPU
Optimizing NNI: done in 0.0715494 secs using 1125% CPU
Optimizing NNI: done in 0.0902795 secs using 1105% CPU
Iteration 1000 / LogL: -2344.238 / Time: 0h:2m:7s (0h:0m:0s left)
Log-likelihood cutoff on original alignment: -2361.341
NOTE: Bootstrap correlation coefficient of split occurrence frequencies: 0.988
NOTE: UFBoot does not converge, continue at least 100 more iterations
Optimizing NNI: done in 0.0874309 secs using 1099% CPU
WARNING: bootstrap analysis did not converge. You should rerun with higher number of iterations (-nm option)
TREE SEARCH COMPLETED AFTER 1001 ITERATIONS / Time: 0h:2m:7s

--------------------------------------------------------------------
|                    FINALIZING TREE SEARCH                        |
--------------------------------------------------------------------
Performs final model parameters optimization
Estimate model parameters (epsilon = 0.010)
1. Initial log-likelihood: -2332.156
Optimal log-likelihood: -2332.156
Gamma shape alpha: 0.323
Parameters optimization took 1 rounds (0.017 sec)
BEST SCORE FOUND : -2332.156
Creating bootstrap support values...
Split supports printed to NEXUS file results/per_year_clustered/H1N1/trees/H1N1_2011.splits.nex
Total tree length: 0.152

Total number of iterations: 1001
CPU time used for tree search: 1408.500 sec (0h:23m:28s)
Wall-clock time used for tree search: 127.786 sec (0h:2m:7s)
Total CPU time used: 1409.938 sec (0h:23m:29s)
Total wall-clock time used: 127.954 sec (0h:2m:7s)

Computing bootstrap consensus tree...
Reading input file results/per_year_clustered/H1N1/trees/H1N1_2011.splits.nex...
19 taxa and 258 splits.
Consensus tree written to results/per_year_clustered/H1N1/trees/H1N1_2011.contree
Reading input trees file results/per_year_clustered/H1N1/trees/H1N1_2011.contree
Log-likelihood of consensus tree: -2332.164

Analysis results written to: 
  IQ-TREE report:                results/per_year_clustered/H1N1/trees/H1N1_2011.iqtree
  Maximum-likelihood tree:       results/per_year_clustered/H1N1/trees/H1N1_2011.treefile
  Likelihood distances:          results/per_year_clustered/H1N1/trees/H1N1_2011.mldist

Ultrafast bootstrap approximation results written to:
  Split support values:          results/per_year_clustered/H1N1/trees/H1N1_2011.splits.nex
  Consensus tree:                results/per_year_clustered/H1N1/trees/H1N1_2011.contree
  Screen log file:               results/per_year_clustered/H1N1/trees/H1N1_2011.log

Date and Time: Thu Nov 20 16:53:31 2025
