IQ-TREE version 3.0.1 for Linux x86 64-bit built Jul  9 2025
Developed by Bui Quang Minh, Thomas Wong, Nhan Ly-Trong, Huaiyan Ren
Contributed by Lam-Tung Nguyen, Dominik Schrempf, Chris Bielow,
Olga Chernomor, Michael Woodhams, Diep Thi Hoang, Heiko Schmidt

Host:    rtis-hpc-r09.uod.otago.ac.nz (AVX2, FMA3, 1006 GB RAM)
Command: iqtree -s results/per_year_clustered/H1N1/alignments/H1N1_2019_with_designs.fasta -m LG+G4 -bb 1000 -nt 8 -pre results/per_year_clustered/H1N1/trees/H1N1_2019_with_designs -redo -quiet
Seed:    176676 (Using SPRNG - Scalable Parallel Random Number Generator)
Time:    Sat Nov 22 10:58:42 2025
Kernel:  AVX+FMA - 8 threads (8 CPU cores detected)

Reading alignment file results/per_year_clustered/H1N1/alignments/H1N1_2019_with_designs.fasta ... Fasta format detected
Reading fasta file: done in 0.000392505 secs using 81.78% CPU
Alignment most likely contains protein sequences
Constructing alignment: done in 0.000327182 secs using 923.6% CPU
Alignment has 45 sequences with 566 columns, 138 distinct patterns
42 parsimony-informative, 77 singleton sites, 446 constant sites
WARNING: Some sequence names are changed as follows:
EPI1478325|HA|A/Kyrgyzstan,Osh/6/2019|EPI_ISL_361909|A_/_H1N1 -> EPI1478325|HA|A/Kyrgyzstan_Osh/6/2019|EPI_ISL_361909|A_/_H1N1

                                                                                 Gap/Ambiguity  Composition  p-value
Analyzing sequences: done in 9.33697e-06 secs using 85.68% CPU
   1  EPI1757684|HA|A/Laos/2794/2019|EPI_ISL_491747|A_/_H1N1                             0.00%    passed    100.00%
   2  EPI1604762|HA|A/Lebanon/323/2019|EPI_ISL_394074|A_/_H1N1                           0.00%    passed    100.00%
   3  EPI1605036|HA|A/OKINAWA/64/2019|EPI_ISL_394196|A_/_H1N1                            0.00%    passed    100.00%
   4  EPI1478325|HA|A/Kyrgyzstan_Osh/6/2019|EPI_ISL_361909|A_/_H1N1                      0.00%    passed    100.00%
   5  EPI1606793|HA|A/Vietnam/018/2019|EPI_ISL_394988|A_/_H1N1                           0.00%    passed    100.00%
   6  EPI1608337|HA|A/IBARAKI/93/2019|EPI_ISL_395217|A_/_H1N1                            0.00%    passed    100.00%
   7  EPI1610319|HA|A/SAITAMA/173/2019|EPI_ISL_395546|A_/_H1N1                           0.00%    passed    100.00%
   8  EPI1763653|HA|A/Konya/820/2019|EPI_ISL_498330|A_/_H1N1                             0.00%    passed    100.00%
   9  EPI1646278|HA|A/Singapore/GP2220/2019|EPI_ISL_401475|A_/_H1N1                      0.00%    passed    100.00%
  10  EPI1663791|HA|A/Laos/2879/2019|EPI_ISL_404786|A_/_H1N1                             0.00%    passed    100.00%
  11  EPI1672598|HA|A/Philippines/34/2019|EPI_ISL_406964|A_/_H1N1                        0.00%    passed    100.00%
  12  EPI1679823|HA|A/KANAGAWA/AC1920/2019|EPI_ISL_408542|A_/_H1N1                       0.00%    passed    100.00%
  13  EPI1377837|HA|A/Karaganda_NRL/344/2019|EPI_ISL_343414|A_/_H1N1                     0.00%    passed    100.00%
  14  EPI1381335|HA|A/KANAGAWA/AC1823/2019|EPI_ISL_344515|A_/_H1N1                       0.00%    passed    100.00%
  15  EPI1852427|HA|A/Vietnam/Vnhcm-Gs394/2019|EPI_ISL_1296413|A_/_H1N1                  0.00%    passed    100.00%
  16  EPI1388093|HA|A/Singapore/NTF0009/2019|EPI_ISL_346413|A_/_H1N1                     0.00%    passed    100.00%
  17  EPI1566682|HA|A/Myanmar/19M064/2019|EPI_ISL_381708|A_/_H1N1                        0.00%    passed    100.00%
  18  EPI1797977|HA|A/Malaysia/RP_0718/2019|EPI_ISL_514735|A_/_H1N1                      0.00%    passed    100.00%
  19  EPI1584500|HA|A/Malaysia/RP2118/2019|EPI_ISL_389527|A_/_H1N1                       0.00%    passed    100.00%
  20  EPI1491300|HA|A/England/146/2019|EPI_ISL_364689|A_/_H1N1                           0.00%    passed    100.00%
  21  EPI1491298|HA|A/England/204/2019|EPI_ISL_364688|A_/_H1N1                           0.00%    passed    100.00%
  22  EPI1506890|HA|A/Linkoping/1/2019|EPI_ISL_367960|A_/_H1N1                           0.00%    passed    100.00%
  23  EPI1506986|HA|A/Ukraine/8294/2019|EPI_ISL_368008|A_/_H1N1                          0.00%    passed    100.00%
  24  EPI1508590|HA|A/Novi_Sad/4336/2019|EPI_ISL_368276|A_/_H1N1                         0.00%    passed    100.00%
  25  EPI1359897|HA|A/Barry/6142/2019|EPI_ISL_339323|A_/_H1N1                            0.00%    passed    100.00%
  26  EPI1369937|HA|A/England/27/2019|EPI_ISL_341280|A_/_H1N1                            0.00%    passed    100.00%
  27  EPI1370341|HA|A/Catalonia/NSVH100970317/2019|EPI_ISL_341417|A_/_H1N1               0.00%    passed    100.00%
  28  EPI1378056|HA|A/Sweden/27/2019|EPI_ISL_343451|A_/_H1N1                             0.00%    passed    100.00%
  29  EPI1443858|HA|A/Catalonia/NSVH100983893/2019|EPI_ISL_356453|A_/_H1N1               0.00%    passed    100.00%
  30  EPI1484058|HA|A/South_Australia/297/2019|EPI_ISL_363162|A_/_H1N1                   0.00%    passed    100.00%
  31  EPI1647174|HA|A/Canberra/337/2019|EPI_ISL_401775|A_/_H1N1                          0.00%    passed    100.00%
  32  EPI1647539|HA|A/South_Australia/477/2019|EPI_ISL_401895|A_/_H1N1                   0.00%    passed    100.00%
  33  EPI1435941|HA|A/Sydney/41/2019|EPI_ISL_354709|A_/_H1N1                             0.00%    passed    100.00%
  34  EPI1594066|HA|A/Victoria/1001/2019|EPI_ISL_391483|A_/_H1N1                         0.00%    passed    100.00%
  35  EPI1479960|HA|A/Montana/36/2019|EPI_ISL_362275|A_/_H1N1                            0.00%    passed    100.00%
  36  EPI1480139|HA|A/Iowa/12/2019|EPI_ISL_362298|A_/_H1N1                               0.00%    passed    100.00%
  37  EPI1487896|HA|A/Connecticut/33/2019|EPI_ISL_364053|A_/_H1N1                        0.00%    passed    100.00%
  38  EPI1636779|HA|A/California/206/2019|EPI_ISL_400059|A_/_H1N1                        0.00%    passed    100.00%
  39  EPI1642106|HA|A/California/208/2019|EPI_ISL_400899|A_/_H1N1                        0.00%    passed    100.00%
  40  EPI1559650|HA|A/Michigan/295/2019|EPI_ISL_380418|A_/_H1N1                          0.00%    passed    100.00%
  41  EPI1396930|HA|A/Arkansas/17/2019|EPI_ISL_348098|A_/_H1N1                           0.00%    passed    100.00%
  42  H1N1_2019_Consensus_Aligned                                                        0.00%    passed    100.00%
  43  H1N1_2019_Medoid_Aligned|EPI1757684|HA|A/Laos/2794/2019|EPI_ISL_491747|A_/_H1N1    0.00%    passed    100.00%
  44  H1N1_2019_Ancestral_Aligned_Node14                                                 0.00%    passed    100.00%
  45  H1N1_2019_COBRA_Aligned                                                            0.00%    passed    100.00%
****  TOTAL                                                                              0.00%  0 sequences failed composition chi2 test (p-value<5%; df=19)
NOTE: H1N1_2019_Medoid_Aligned|EPI1757684|HA|A/Laos/2794/2019|EPI_ISL_491747|A_/_H1N1 is identical to EPI1757684|HA|A/Laos/2794/2019|EPI_ISL_491747|A_/_H1N1 but kept for subsequent analysis
Checking for duplicate sequences: done in 5.49629e-05 secs using 100.1% CPU
Identifying sites to remove: done in 0.000205555 secs using 99.24% CPU
NOTE: 1 identical sequences (see below) will be ignored for subsequent analysis
NOTE: H1N1_2019_COBRA_Aligned (identical to EPI1757684|HA|A/Laos/2794/2019|EPI_ISL_491747|A_/_H1N1) is ignored but added at the end
Alignment was printed to results/per_year_clustered/H1N1/trees/H1N1_2019_with_designs.uniqueseq.phy

For your convenience alignment with unique sequences printed to results/per_year_clustered/H1N1/trees/H1N1_2019_with_designs.uniqueseq.phy
Creating fast initial parsimony tree by random order stepwise addition...
0.015 seconds, parsimony score: 187 (based on 119 sites)
Generating 1000 samples for ultrafast bootstrap (seed: 176676)...

NOTE: 4 MB RAM (0 GB) is required!
WARNING: Number of threads seems too high for short alignments. Use -T AUTO to determine best number of threads.
Estimate model parameters (epsilon = 0.100)
1. Initial log-likelihood: -3157.772
2. Current log-likelihood: -3146.416
Optimal log-likelihood: -3146.410
Gamma shape alpha: 0.285
Parameters optimization took 2 rounds (0.037 sec)
Wrote distance file to... 
Computing ML distances based on estimated model parameters...
Calculating distance matrix: done in 0.0229199 secs using 802.7% CPU
Computing ML distances took 0.022965 sec (of wall-clock time) 0.184019 sec (of CPU time)
Setting up auxiliary I and S matrices: done in 0.000401021 secs
Constructing RapidNJ tree: done in 0.041322 secs using 98.3% CPU
Computing RapidNJ tree took 0.041755 sec (of wall-clock time) 0.040648 sec (of CPU time)
Log-likelihood of RapidNJ tree: -3122.549
--------------------------------------------------------------------
|             INITIALIZING CANDIDATE TREE SET                      |
--------------------------------------------------------------------
Generating 98 parsimony trees... 0.063 second
Computing log-likelihood of 98 initial trees ... 0.513 seconds
Current best score: -3118.629

Do NNI search on 20 best initial trees
Optimizing NNI: done in 0.0598871 secs using 792.3% CPU
Estimate model parameters (epsilon = 0.100)
BETTER TREE FOUND at iteration 1: -3118.543
Optimizing NNI: done in 0.064183 secs using 790.8% CPU
Optimizing NNI: done in 0.120817 secs using 789.7% CPU
Estimate model parameters (epsilon = 0.100)
BETTER TREE FOUND at iteration 3: -3118.215
Optimizing NNI: done in 0.0626741 secs using 779.7% CPU
Optimizing NNI: done in 0.0911646 secs using 789.1% CPU
Optimizing NNI: done in 0.0615071 secs using 786% CPU
Optimizing NNI: done in 0.0611652 secs using 789.7% CPU
Optimizing NNI: done in 0.0622235 secs using 789.5% CPU
Optimizing NNI: done in 0.0603764 secs using 799.2% CPU
Optimizing NNI: done in 0.0616665 secs using 784.6% CPU
Iteration 10 / LogL: -3119.983 / Time: 0h:0m:1s
Optimizing NNI: done in 0.0613903 secs using 790.3% CPU
Optimizing NNI: done in 0.0609122 secs using 790.7% CPU
Optimizing NNI: done in 0.104565 secs using 797.9% CPU
Optimizing NNI: done in 0.0908074 secs using 795% CPU
Optimizing NNI: done in 0.0889745 secs using 791.8% CPU
Optimizing NNI: done in 0.061591 secs using 791.5% CPU
Optimizing NNI: done in 0.090775 secs using 794.1% CPU
Optimizing NNI: done in 0.0584015 secs using 785.1% CPU
Optimizing NNI: done in 0.087678 secs using 793.8% CPU
Optimizing NNI: done in 0.118668 secs using 790.7% CPU
Iteration 20 / LogL: -3118.545 / Time: 0h:0m:2s
Finish initializing candidate tree set (20)
Current best tree score: -3118.215 / CPU time: 2.173
Number of iterations: 20
--------------------------------------------------------------------
|               OPTIMIZING CANDIDATE TREE SET                      |
--------------------------------------------------------------------
Optimizing NNI: done in 0.123006 secs using 790.6% CPU
Optimizing NNI: done in 0.166101 secs using 792.4% CPU
Optimizing NNI: done in 0.134973 secs using 790.5% CPU
Optimizing NNI: done in 0.130288 secs using 796.6% CPU
Optimizing NNI: done in 0.116551 secs using 793.4% CPU
Optimizing NNI: done in 0.149463 secs using 789.7% CPU
Optimizing NNI: done in 0.144238 secs using 790% CPU
Optimizing NNI: done in 0.124288 secs using 792.3% CPU
Optimizing NNI: done in 0.116175 secs using 790.3% CPU
Optimizing NNI: done in 0.117541 secs using 796.5% CPU
Iteration 30 / LogL: -3121.565 / Time: 0h:0m:3s (0h:0m:9s left)
Optimizing NNI: done in 0.116818 secs using 794% CPU
Optimizing NNI: done in 0.1239 secs using 791.2% CPU
Optimizing NNI: done in 0.127392 secs using 787% CPU
Optimizing NNI: done in 0.122281 secs using 795.9% CPU
Optimizing NNI: done in 0.171156 secs using 790.6% CPU
Optimizing NNI: done in 0.211976 secs using 793.4% CPU
Optimizing NNI: done in 0.083942 secs using 794.2% CPU
Optimizing NNI: done in 0.151787 secs using 794.2% CPU
Optimizing NNI: done in 0.20499 secs using 791.6% CPU
Optimizing NNI: done in 0.122521 secs using 795.7% CPU
Iteration 40 / LogL: -3118.217 / Time: 0h:0m:5s (0h:0m:8s left)
Optimizing NNI: done in 0.0914766 secs using 796.1% CPU
Optimizing NNI: done in 0.0952578 secs using 793.4% CPU
Optimizing NNI: done in 0.115008 secs using 794.5% CPU
Optimizing NNI: done in 0.116834 secs using 794.6% CPU
Optimizing NNI: done in 0.15891 secs using 793.9% CPU
Optimizing NNI: done in 0.115658 secs using 786.7% CPU
Optimizing NNI: done in 0.10809 secs using 791.3% CPU
Optimizing NNI: done in 0.117387 secs using 789.1% CPU
Optimizing NNI: done in 0.143898 secs using 789.9% CPU
Optimizing NNI: done in 0.0902147 secs using 794.5% CPU
Iteration 50 / LogL: -3135.304 / Time: 0h:0m:6s (0h:0m:6s left)
Log-likelihood cutoff on original alignment: -3146.143
Optimizing NNI: done in 0.145988 secs using 793.9% CPU
Optimizing NNI: done in 0.120004 secs using 789.3% CPU
Optimizing NNI: done in 0.200436 secs using 789% CPU
Optimizing NNI: done in 0.120008 secs using 790.2% CPU
Optimizing NNI: done in 0.14721 secs using 795.8% CPU
Optimizing NNI: done in 0.120112 secs using 793.1% CPU
Optimizing NNI: done in 0.16392 secs using 794.8% CPU
Optimizing NNI: done in 0.144977 secs using 794.1% CPU
Optimizing NNI: done in 0.121661 secs using 795.5% CPU
Optimizing NNI: done in 0.14066 secs using 792.5% CPU
Iteration 60 / LogL: -3118.216 / Time: 0h:0m:7s (0h:0m:5s left)
Optimizing NNI: done in 0.0863346 secs using 796.9% CPU
Optimizing NNI: done in 0.119715 secs using 795.4% CPU
Optimizing NNI: done in 0.148894 secs using 788.1% CPU
Optimizing NNI: done in 0.128297 secs using 789.2% CPU
Optimizing NNI: done in 0.175134 secs using 792% CPU
Optimizing NNI: done in 0.155736 secs using 790.4% CPU
Optimizing NNI: done in 0.151456 secs using 789.6% CPU
Optimizing NNI: done in 0.149894 secs using 793.3% CPU
Optimizing NNI: done in 0.121552 secs using 788.4% CPU
Optimizing NNI: done in 0.0874872 secs using 800.2% CPU
Iteration 70 / LogL: -3118.215 / Time: 0h:0m:9s (0h:0m:4s left)
Optimizing NNI: done in 0.130405 secs using 795.6% CPU
Optimizing NNI: done in 0.116435 secs using 794.2% CPU
Optimizing NNI: done in 0.119351 secs using 799.9% CPU
Optimizing NNI: done in 0.123767 secs using 793% CPU
Optimizing NNI: done in 0.120034 secs using 792.3% CPU
Optimizing NNI: done in 0.142496 secs using 795.7% CPU
Optimizing NNI: done in 0.119664 secs using 795.1% CPU
Optimizing NNI: done in 0.118162 secs using 792.7% CPU
Optimizing NNI: done in 0.126962 secs using 792% CPU
Optimizing NNI: done in 0.145951 secs using 790.4% CPU
Iteration 80 / LogL: -3118.219 / Time: 0h:0m:10s (0h:0m:3s left)
Optimizing NNI: done in 0.150163 secs using 788.9% CPU
Optimizing NNI: done in 0.149988 secs using 789.7% CPU
Optimizing NNI: done in 0.179408 secs using 796.6% CPU
Optimizing NNI: done in 0.121072 secs using 792.8% CPU
Optimizing NNI: done in 0.143737 secs using 791.6% CPU
Optimizing NNI: done in 0.203191 secs using 796.8% CPU
Optimizing NNI: done in 0.118217 secs using 793% CPU
Optimizing NNI: done in 0.148558 secs using 794.3% CPU
Optimizing NNI: done in 0.139602 secs using 796.9% CPU
Optimizing NNI: done in 0.152341 secs using 797.5% CPU
Iteration 90 / LogL: -3118.549 / Time: 0h:0m:12s (0h:0m:1s left)
Optimizing NNI: done in 0.118426 secs using 799.9% CPU
Optimizing NNI: done in 0.144887 secs using 792.6% CPU
Optimizing NNI: done in 0.198519 secs using 788.2% CPU
Optimizing NNI: done in 0.122207 secs using 786.5% CPU
Optimizing NNI: done in 0.151632 secs using 795.3% CPU
Optimizing NNI: done in 0.120513 secs using 797.2% CPU
Optimizing NNI: done in 0.11202 secs using 792.3% CPU
Optimizing NNI: done in 0.165524 secs using 791.3% CPU
Optimizing NNI: done in 0.121088 secs using 790.6% CPU
Optimizing NNI: done in 0.149575 secs using 794% CPU
Iteration 100 / LogL: -3118.217 / Time: 0h:0m:13s (0h:0m:0s left)
Log-likelihood cutoff on original alignment: -3148.995
NOTE: Bootstrap correlation coefficient of split occurrence frequencies: 0.995
Optimizing NNI: done in 0.147908 secs using 794.1% CPU
Optimizing NNI: done in 0.170175 secs using 792.1% CPU
Optimizing NNI: done in 0.136665 secs using 789.2% CPU
Optimizing NNI: done in 0.0954136 secs using 791.1% CPU
TREE SEARCH COMPLETED AFTER 104 ITERATIONS / Time: 0h:0m:14s

--------------------------------------------------------------------
|                    FINALIZING TREE SEARCH                        |
--------------------------------------------------------------------
Performs final model parameters optimization
Estimate model parameters (epsilon = 0.010)
1. Initial log-likelihood: -3118.215
Optimal log-likelihood: -3118.215
Gamma shape alpha: 0.313
Parameters optimization took 1 rounds (0.012 sec)
BEST SCORE FOUND : -3118.215
Creating bootstrap support values...
Split supports printed to NEXUS file results/per_year_clustered/H1N1/trees/H1N1_2019_with_designs.splits.nex
Total tree length: 0.326

Total number of iterations: 104
CPU time used for tree search: 110.217 sec (0h:1m:50s)
Wall-clock time used for tree search: 14.054 sec (0h:0m:14s)
Total CPU time used: 111.408 sec (0h:1m:51s)
Total wall-clock time used: 14.311 sec (0h:0m:14s)

Computing bootstrap consensus tree...
Reading input file results/per_year_clustered/H1N1/trees/H1N1_2019_with_designs.splits.nex...
44 taxa and 893 splits.
Consensus tree written to results/per_year_clustered/H1N1/trees/H1N1_2019_with_designs.contree
Reading input trees file results/per_year_clustered/H1N1/trees/H1N1_2019_with_designs.contree
Log-likelihood of consensus tree: -3118.229

Analysis results written to: 
  IQ-TREE report:                results/per_year_clustered/H1N1/trees/H1N1_2019_with_designs.iqtree
  Maximum-likelihood tree:       results/per_year_clustered/H1N1/trees/H1N1_2019_with_designs.treefile
  Likelihood distances:          results/per_year_clustered/H1N1/trees/H1N1_2019_with_designs.mldist

Ultrafast bootstrap approximation results written to:
  Split support values:          results/per_year_clustered/H1N1/trees/H1N1_2019_with_designs.splits.nex
  Consensus tree:                results/per_year_clustered/H1N1/trees/H1N1_2019_with_designs.contree
  Screen log file:               results/per_year_clustered/H1N1/trees/H1N1_2019_with_designs.log

Date and Time: Sat Nov 22 10:58:56 2025
