IQ-TREE version 3.0.1 for Linux x86 64-bit built Jul  9 2025
Developed by Bui Quang Minh, Thomas Wong, Nhan Ly-Trong, Huaiyan Ren
Contributed by Lam-Tung Nguyen, Dominik Schrempf, Chris Bielow,
Olga Chernomor, Michael Woodhams, Diep Thi Hoang, Heiko Schmidt

Host:    rtis-hpc-r09.uod.otago.ac.nz (AVX2, FMA3, 1006 GB RAM)
Command: iqtree -s results/per_year_clustered/H1N1/alignments/H1N1_2012_with_designs.fasta -m LG+G4 -bb 1000 -nt 8 -pre results/per_year_clustered/H1N1/trees/H1N1_2012_with_designs -redo -quiet
Seed:    807919 (Using SPRNG - Scalable Parallel Random Number Generator)
Time:    Sat Nov 22 10:54:58 2025
Kernel:  AVX+FMA - 8 threads (8 CPU cores detected)

Reading alignment file results/per_year_clustered/H1N1/alignments/H1N1_2012_with_designs.fasta ... Fasta format detected
Reading fasta file: done in 0.000212208 secs using 33.46% CPU
Alignment most likely contains protein sequences
Constructing alignment: done in 0.000251952 secs using 33.34% CPU
Alignment has 20 sequences with 566 columns, 79 distinct patterns
21 parsimony-informative, 39 singleton sites, 506 constant sites
                                                                                    Gap/Ambiguity  Composition  p-value
Analyzing sequences: done in 8.00495e-06 secs using 24.98% CPU
   1  EPI1604164|HA|A/Yokohama/UT-K101/2012|EPI_ISL_393909|A_/_H1N1                         0.00%    passed    100.00%
   2  EPI406032|HA|A/Ayutthaya/283/2012|EPI_ISL_132102|A_/_H1N1                             0.00%    passed    100.00%
   3  EPI406035|HA|A/Chiang_Rai/312/2012|EPI_ISL_132103|A_/_H1N1                            0.00%    passed    100.00%
   4  EPI413167|HA|A/YOKOHAMA/154/2012|EPI_ISL_133539|A_/_H1N1                              0.00%    passed    100.00%
   5  EPI413170|HA|A/SAITAMA/88/2012|EPI_ISL_133540|A_/_H1N1                                0.00%    passed    100.00%
   6  EPI450759|HA|A/Jericho/18/2012|EPI_ISL_141724|A_/_H1N1                                0.00%    passed    100.00%
   7  EPI378229|HA|A/HIROSHIMA/17/2012|EPI_ISL_122175|A_/_H1N1                              0.00%    passed    100.00%
   8  EPI379995|HA|A/Stockholm/25/2012|EPI_ISL_122761|A_/_H1N1                              0.00%    passed    100.00%
   9  EPI383002|HA|A/Boras/1/2012|EPI_ISL_123787|A_/_H1N1                                   0.00%    passed    100.00%
  10  EPI397599|HA|A/Stockholm/16/2012|EPI_ISL_129669|A_/_H1N1                              0.00%    passed    100.00%
  11  EPI417288|HA|A/SOUTH_AUSTRALIA/162/2012|EPI_ISL_134468|A_/_H1N1                       0.00%    passed    100.00%
  12  EPI379559|HA|A/BRISBANE/19/2012|EPI_ISL_122593|A_/_H1N1                               0.00%    passed    100.00%
  13  EPI394212|HA|A/BRISBANE/57/2012|EPI_ISL_128664|A_/_H1N1                               0.00%    passed    100.00%
  14  EPI394286|HA|A/VICTORIA/637/2012|EPI_ISL_128689|A_/_H1N1                              0.00%    passed    100.00%
  15  EPI370386|HA|A/California/21/2012|EPI_ISL_118684|A_/_H1N1                             0.00%    passed    100.00%
  16  EPI394869|HA|A/Nebraska/10/2012|EPI_ISL_129013|A_/_H1N1                               0.00%    passed    100.00%
  17  H1N1_2012_Consensus_Aligned                                                           0.00%    passed    100.00%
  18  H1N1_2012_Medoid_Aligned|EPI406032|HA|A/Ayutthaya/283/2012|EPI_ISL_132102|A_/_H1N1    0.00%    passed    100.00%
  19  H1N1_2012_Ancestral_Aligned_Node6                                                     0.00%    passed    100.00%
  20  H1N1_2012_COBRA_Aligned                                                               0.00%    passed    100.00%
****  TOTAL                                                                                 0.00%  0 sequences failed composition chi2 test (p-value<5%; df=19)
NOTE: H1N1_2012_COBRA_Aligned is identical to EPI1604164|HA|A/Yokohama/UT-K101/2012|EPI_ISL_393909|A_/_H1N1 but kept for subsequent analysis
NOTE: H1N1_2012_Medoid_Aligned|EPI406032|HA|A/Ayutthaya/283/2012|EPI_ISL_132102|A_/_H1N1 is identical to EPI406032|HA|A/Ayutthaya/283/2012|EPI_ISL_132102|A_/_H1N1 but kept for subsequent analysis
Checking for duplicate sequences: done in 3.29718e-05 secs using 33.36% CPU
Creating fast initial parsimony tree by random order stepwise addition...
0.007 seconds, parsimony score: 80 (based on 60 sites)
Generating 1000 samples for ultrafast bootstrap (seed: 807919)...

NOTE: 1 MB RAM (0 GB) is required!
WARNING: Number of threads seems too high for short alignments. Use -T AUTO to determine best number of threads.
Estimate model parameters (epsilon = 0.100)
1. Initial log-likelihood: -2293.729
2. Current log-likelihood: -2286.830
Optimal log-likelihood: -2286.821
Gamma shape alpha: 0.076
Parameters optimization took 2 rounds (0.013 sec)
Wrote distance file to... 
Computing ML distances based on estimated model parameters...
Calculating distance matrix: done in 0.0058551 secs using 810.7% CPU
Computing ML distances took 0.005887 sec (of wall-clock time) 0.047504 sec (of CPU time)
Setting up auxiliary I and S matrices: done in 0.000406491 secs using 207.1% CPU
Constructing RapidNJ tree: done in 0.02484 secs using 92.17% CPU
Computing RapidNJ tree took 0.025276 sec (of wall-clock time) 0.023829 sec (of CPU time)
Log-likelihood of RapidNJ tree: -2293.669
--------------------------------------------------------------------
|             INITIALIZING CANDIDATE TREE SET                      |
--------------------------------------------------------------------
Generating 98 parsimony trees... 0.017 second
Computing log-likelihood of 98 initial trees ... 0.176 seconds
Current best score: -2278.033

Do NNI search on 20 best initial trees
Optimizing NNI: done in 0.0102211 secs using 838.8% CPU
Estimate model parameters (epsilon = 0.100)
BETTER TREE FOUND at iteration 1: -2278.024
Optimizing NNI: done in 0.0101852 secs using 852% CPU
Optimizing NNI: done in 0.0100465 secs using 793.3% CPU
Optimizing NNI: done in 0.0100198 secs using 864% CPU
Optimizing NNI: done in 0.0102617 secs using 778.8% CPU
Optimizing NNI: done in 0.010077 secs using 791.1% CPU
Optimizing NNI: done in 0.0101658 secs using 774.1% CPU
Optimizing NNI: done in 0.0102331 secs using 779.4% CPU
Optimizing NNI: done in 0.0100805 secs using 789.8% CPU
Optimizing NNI: done in 0.0101776 secs using 784.2% CPU
Iteration 10 / LogL: -2278.024 / Time: 0h:0m:0s
Optimizing NNI: done in 0.0101716 secs using 774.5% CPU
Optimizing NNI: done in 0.0100621 secs using 791.9% CPU
Optimizing NNI: done in 0.0101731 secs using 784.5% CPU
Optimizing NNI: done in 0.0101069 secs using 789.2% CPU
Optimizing NNI: done in 0.0101679 secs using 784.8% CPU
Optimizing NNI: done in 0.0102873 secs using 834.8% CPU
Optimizing NNI: done in 0.0102474 secs using 779.5% CPU
Optimizing NNI: done in 0.0101122 secs using 778.7% CPU
Optimizing NNI: done in 0.0104787 secs using 821% CPU
Optimizing NNI: done in 0.0105839 secs using 814% CPU
Iteration 20 / LogL: -2280.639 / Time: 0h:0m:0s
Finish initializing candidate tree set (20)
Current best tree score: -2278.024 / CPU time: 0.419
Number of iterations: 20
--------------------------------------------------------------------
|               OPTIMIZING CANDIDATE TREE SET                      |
--------------------------------------------------------------------
Optimizing NNI: done in 0.0350347 secs using 794% CPU
Optimizing NNI: done in 0.0556829 secs using 796.5% CPU
Optimizing NNI: done in 0.0416085 secs using 800.3% CPU
Optimizing NNI: done in 0.0518883 secs using 791.1% CPU
Optimizing NNI: done in 0.0507438 secs using 783.9% CPU
Optimizing NNI: done in 0.0321441 secs using 783.4% CPU
Optimizing NNI: done in 0.0437635 secs using 795.3% CPU
Optimizing NNI: done in 0.0384406 secs using 800.7% CPU
Optimizing NNI: done in 0.0305326 secs using 776.9% CPU
UPDATE BEST LOG-LIKELIHOOD: -2278.024
Optimizing NNI: done in 0.0485424 secs using 797.6% CPU
Iteration 30 / LogL: -2278.026 / Time: 0h:0m:0s (0h:0m:2s left)
Optimizing NNI: done in 0.0457431 secs using 793.8% CPU
Optimizing NNI: done in 0.0415487 secs using 798.4% CPU
Optimizing NNI: done in 0.0378593 secs using 793.7% CPU
Optimizing NNI: done in 0.048772 secs using 797.4% CPU
Optimizing NNI: done in 0.0457728 secs using 794.5% CPU
Optimizing NNI: done in 0.0414936 secs using 799.7% CPU
Optimizing NNI: done in 0.0507815 secs using 792.8% CPU
Optimizing NNI: done in 0.0387207 secs using 798.3% CPU
Optimizing NNI: done in 0.048591 secs using 800% CPU
Optimizing NNI: done in 0.0186312 secs using 810.2% CPU
Iteration 40 / LogL: -2278.024 / Time: 0h:0m:1s (0h:0m:2s left)
Optimizing NNI: done in 0.0529534 secs using 792.7% CPU
Optimizing NNI: done in 0.0509081 secs using 791.4% CPU
Optimizing NNI: done in 0.0335801 secs using 801.8% CPU
Optimizing NNI: done in 0.034372 secs using 797% CPU
Optimizing NNI: done in 0.0491707 secs using 790.7% CPU
Optimizing NNI: done in 0.0374287 secs using 805% CPU
Optimizing NNI: done in 0.0311177 secs using 791.9% CPU
Optimizing NNI: done in 0.0508175 secs using 769.7% CPU
Optimizing NNI: done in 0.053528 secs using 780.1% CPU
Optimizing NNI: done in 0.0343782 secs using 807.1% CPU
Iteration 50 / LogL: -2278.026 / Time: 0h:0m:1s (0h:0m:1s left)
Log-likelihood cutoff on original alignment: -2302.769
Optimizing NNI: done in 0.0511393 secs using 790.9% CPU
Optimizing NNI: done in 0.0205586 secs using 809.8% CPU
Optimizing NNI: done in 0.0324712 secs using 800% CPU
Optimizing NNI: done in 0.0419567 secs using 790.9% CPU
Optimizing NNI: done in 0.0393672 secs using 788.5% CPU
Optimizing NNI: done in 0.0495155 secs using 786.5% CPU
BETTER TREE FOUND at iteration 56: -2278.024
Optimizing NNI: done in 0.0409761 secs using 775.2% CPU
Optimizing NNI: done in 0.0556403 secs using 791.8% CPU
Optimizing NNI: done in 0.0449409 secs using 784.5% CPU
Optimizing NNI: done in 0.0521248 secs using 788.8% CPU
Iteration 60 / LogL: -2278.028 / Time: 0h:0m:2s (0h:0m:3s left)
Optimizing NNI: done in 0.0496774 secs using 780.9% CPU
Optimizing NNI: done in 0.0256094 secs using 767.5% CPU
Optimizing NNI: done in 0.0209526 secs using 779.3% CPU
Optimizing NNI: done in 0.0284303 secs using 806.8% CPU
Optimizing NNI: done in 0.042225 secs using 802.6% CPU
Optimizing NNI: done in 0.0387311 secs using 794.1% CPU
Optimizing NNI: done in 0.0317632 secs using 798% CPU
Optimizing NNI: done in 0.0406623 secs using 779.3% CPU
Optimizing NNI: done in 0.040344 secs using 784.6% CPU
Optimizing NNI: done in 0.0684995 secs using 785.8% CPU
Iteration 70 / LogL: -2278.025 / Time: 0h:0m:2s (0h:0m:3s left)
Optimizing NNI: done in 0.0601721 secs using 784.3% CPU
Optimizing NNI: done in 0.0291866 secs using 808.7% CPU
Optimizing NNI: done in 0.0372362 secs using 780.6% CPU
Optimizing NNI: done in 0.0549237 secs using 792% CPU
Optimizing NNI: done in 0.0528938 secs using 791% CPU
Optimizing NNI: done in 0.05279 secs using 792.3% CPU
Optimizing NNI: done in 0.0392735 secs using 785.7% CPU
Optimizing NNI: done in 0.0497534 secs using 792.6% CPU
Optimizing NNI: done in 0.0650437 secs using 791.1% CPU
Optimizing NNI: done in 0.0346384 secs using 800.9% CPU
Iteration 80 / LogL: -2278.025 / Time: 0h:0m:3s (0h:0m:3s left)
Optimizing NNI: done in 0.0388231 secs using 796.5% CPU
Optimizing NNI: done in 0.0505122 secs using 798.7% CPU
Optimizing NNI: done in 0.0483717 secs using 779.8% CPU
Optimizing NNI: done in 0.0170167 secs using 792.8% CPU
Optimizing NNI: done in 0.0658622 secs using 791.7% CPU
Optimizing NNI: done in 0.0312034 secs using 785.4% CPU
Optimizing NNI: done in 0.0365886 secs using 801% CPU
BETTER TREE FOUND at iteration 87: -2278.024
Optimizing NNI: done in 0.0384266 secs using 802.4% CPU
Optimizing NNI: done in 0.0341576 secs using 800.2% CPU
Optimizing NNI: done in 0.0501617 secs using 792.7% CPU
Iteration 90 / LogL: -2278.024 / Time: 0h:0m:3s (0h:0m:4s left)
Optimizing NNI: done in 0.0519788 secs using 791% CPU
Optimizing NNI: done in 0.0638002 secs using 791.3% CPU
Optimizing NNI: done in 0.0395304 secs using 783.2% CPU
Optimizing NNI: done in 0.0475482 secs using 783.9% CPU
Optimizing NNI: done in 0.0302721 secs using 789.2% CPU
Optimizing NNI: done in 0.0311272 secs using 787.3% CPU
Optimizing NNI: done in 0.0398168 secs using 796.7% CPU
Optimizing NNI: done in 0.0425209 secs using 779.9% CPU
Optimizing NNI: done in 0.0415454 secs using 778.2% CPU
Optimizing NNI: done in 0.0307101 secs using 798% CPU
Iteration 100 / LogL: -2278.027 / Time: 0h:0m:4s (0h:0m:3s left)
Log-likelihood cutoff on original alignment: -2303.971
NOTE: Bootstrap correlation coefficient of split occurrence frequencies: 0.980
NOTE: UFBoot does not converge, continue at least 100 more iterations
Optimizing NNI: done in 0.0169987 secs using 779% CPU
Optimizing NNI: done in 0.0202456 secs using 782.2% CPU
UPDATE BEST LOG-LIKELIHOOD: -2278.024
Optimizing NNI: done in 0.0475814 secs using 782.7% CPU
Optimizing NNI: done in 0.0528142 secs using 789.4% CPU
Optimizing NNI: done in 0.0417091 secs using 797.6% CPU
Optimizing NNI: done in 0.0478801 secs using 777.3% CPU
Optimizing NNI: done in 0.0392152 secs using 786.3% CPU
Optimizing NNI: done in 0.01752 secs using 812.3% CPU
Optimizing NNI: done in 0.0466198 secs using 783.3% CPU
Optimizing NNI: done in 0.0383791 secs using 781.8% CPU
Iteration 110 / LogL: -2278.024 / Time: 0h:0m:4s (0h:0m:3s left)
Optimizing NNI: done in 0.0377708 secs using 794.8% CPU
Optimizing NNI: done in 0.051305 secs using 789.4% CPU
Optimizing NNI: done in 0.0431268 secs using 789.3% CPU
Optimizing NNI: done in 0.0470382 secs using 784.7% CPU
Optimizing NNI: done in 0.038642 secs using 779.4% CPU
Optimizing NNI: done in 0.0388247 secs using 793.9% CPU
Optimizing NNI: done in 0.0400854 secs using 789.4% CPU
Optimizing NNI: done in 0.0486138 secs using 798.7% CPU
Optimizing NNI: done in 0.051634 secs using 785.1% CPU
Optimizing NNI: done in 0.041001 secs using 793.2% CPU
Iteration 120 / LogL: -2278.026 / Time: 0h:0m:5s (0h:0m:3s left)
Optimizing NNI: done in 0.0304939 secs using 776% CPU
Optimizing NNI: done in 0.0233262 secs using 770.9% CPU
Optimizing NNI: done in 0.0672125 secs using 788.8% CPU
Optimizing NNI: done in 0.0225345 secs using 807.3% CPU
Optimizing NNI: done in 0.0368818 secs using 789.2% CPU
Optimizing NNI: done in 0.0384554 secs using 784.2% CPU
Optimizing NNI: done in 0.0318834 secs using 792.3% CPU
Optimizing NNI: done in 0.0491319 secs using 787% CPU
Optimizing NNI: done in 0.0613552 secs using 784.2% CPU
Optimizing NNI: done in 0.0653198 secs using 787.1% CPU
Iteration 130 / LogL: -2280.643 / Time: 0h:0m:5s (0h:0m:2s left)
Optimizing NNI: done in 0.0403172 secs using 805.2% CPU
Optimizing NNI: done in 0.0414182 secs using 802.7% CPU
Optimizing NNI: done in 0.050978 secs using 793.9% CPU
Optimizing NNI: done in 0.0469272 secs using 794.8% CPU
Optimizing NNI: done in 0.039726 secs using 795.3% CPU
Optimizing NNI: done in 0.041682 secs using 777.9% CPU
Optimizing NNI: done in 0.0295011 secs using 798.9% CPU
Optimizing NNI: done in 0.0298972 secs using 789.6% CPU
Optimizing NNI: done in 0.0288458 secs using 790.9% CPU
Optimizing NNI: done in 0.031462 secs using 783% CPU
Iteration 140 / LogL: -2278.025 / Time: 0h:0m:5s (0h:0m:2s left)
Optimizing NNI: done in 0.0279886 secs using 790.4% CPU
Optimizing NNI: done in 0.0300433 secs using 788.3% CPU
Optimizing NNI: done in 0.0383745 secs using 801.4% CPU
Optimizing NNI: done in 0.0377857 secs using 797% CPU
Optimizing NNI: done in 0.0606994 secs using 796% CPU
Optimizing NNI: done in 0.040264 secs using 803.6% CPU
Optimizing NNI: done in 0.0406394 secs using 797.4% CPU
Optimizing NNI: done in 0.0209252 secs using 753.6% CPU
Optimizing NNI: done in 0.0640483 secs using 790.6% CPU
Optimizing NNI: done in 0.0570897 secs using 787.5% CPU
Iteration 150 / LogL: -2280.620 / Time: 0h:0m:6s (0h:0m:2s left)
Log-likelihood cutoff on original alignment: -2303.971
Optimizing NNI: done in 0.0529423 secs using 790.7% CPU
Optimizing NNI: done in 0.0374517 secs using 801.6% CPU
Optimizing NNI: done in 0.0517107 secs using 783.9% CPU
Optimizing NNI: done in 0.0296258 secs using 802.9% CPU
Optimizing NNI: done in 0.0441597 secs using 791.8% CPU
Optimizing NNI: done in 0.0211537 secs using 789% CPU
Optimizing NNI: done in 0.0399534 secs using 789.7% CPU
Optimizing NNI: done in 0.0292791 secs using 807.6% CPU
Optimizing NNI: done in 0.0281337 secs using 779.6% CPU
Optimizing NNI: done in 0.0367843 secs using 773.1% CPU
Iteration 160 / LogL: -2278.025 / Time: 0h:0m:6s (0h:0m:1s left)
Optimizing NNI: done in 0.0499268 secs using 792.2% CPU
Optimizing NNI: done in 0.0473764 secs using 801.9% CPU
Optimizing NNI: done in 0.0188215 secs using 762.2% CPU
BETTER TREE FOUND at iteration 163: -2278.024
Optimizing NNI: done in 0.0526971 secs using 794.6% CPU
Optimizing NNI: done in 0.0391279 secs using 788.6% CPU
Optimizing NNI: done in 0.0613707 secs using 784.1% CPU
Optimizing NNI: done in 0.028076 secs using 794.1% CPU
Optimizing NNI: done in 0.0395887 secs using 798% CPU
Optimizing NNI: done in 0.0464727 secs using 803.8% CPU
Optimizing NNI: done in 0.0586191 secs using 785.3% CPU
Iteration 170 / LogL: -2278.026 / Time: 0h:0m:7s (0h:0m:4s left)
Optimizing NNI: done in 0.0441942 secs using 788.5% CPU
Optimizing NNI: done in 0.0456437 secs using 797.2% CPU
Optimizing NNI: done in 0.0309574 secs using 797% CPU
Optimizing NNI: done in 0.0330662 secs using 791.4% CPU
Optimizing NNI: done in 0.051463 secs using 786% CPU
Optimizing NNI: done in 0.0662768 secs using 791.5% CPU
Optimizing NNI: done in 0.0402842 secs using 805.8% CPU
Optimizing NNI: done in 0.0378297 secs using 777.9% CPU
Optimizing NNI: done in 0.0494741 secs using 796.9% CPU
Optimizing NNI: done in 0.0528121 secs using 790.8% CPU
Iteration 180 / LogL: -2278.026 / Time: 0h:0m:7s (0h:0m:3s left)
Optimizing NNI: done in 0.0285412 secs using 782.9% CPU
Optimizing NNI: done in 0.0295107 secs using 797.5% CPU
Optimizing NNI: done in 0.0413108 secs using 787.6% CPU
Optimizing NNI: done in 0.0458917 secs using 793.9% CPU
Optimizing NNI: done in 0.0492899 secs using 788.7% CPU
Optimizing NNI: done in 0.0389125 secs using 794.3% CPU
Optimizing NNI: done in 0.040637 secs using 776.2% CPU
Optimizing NNI: done in 0.0412427 secs using 797% CPU
Optimizing NNI: done in 0.0329705 secs using 792.1% CPU
Optimizing NNI: done in 0.0381323 secs using 805.5% CPU
Iteration 190 / LogL: -2278.024 / Time: 0h:0m:8s (0h:0m:3s left)
Optimizing NNI: done in 0.0501382 secs using 790.3% CPU
Optimizing NNI: done in 0.049456 secs using 790.1% CPU
Optimizing NNI: done in 0.03941 secs using 786.7% CPU
Optimizing NNI: done in 0.0270698 secs using 817.2% CPU
Optimizing NNI: done in 0.0336933 secs using 792.1% CPU
Optimizing NNI: done in 0.0275247 secs using 802% CPU
Optimizing NNI: done in 0.0322005 secs using 785.5% CPU
Optimizing NNI: done in 0.048147 secs using 789.2% CPU
Optimizing NNI: done in 0.0404821 secs using 785.4% CPU
Optimizing NNI: done in 0.0256589 secs using 799.5% CPU
Iteration 200 / LogL: -2280.618 / Time: 0h:0m:8s (0h:0m:2s left)
Log-likelihood cutoff on original alignment: -2303.971
NOTE: Bootstrap correlation coefficient of split occurrence frequencies: 0.998
Optimizing NNI: done in 0.0500711 secs using 790.8% CPU
Optimizing NNI: done in 0.0392654 secs using 786.8% CPU
Optimizing NNI: done in 0.0749715 secs using 790.4% CPU
Optimizing NNI: done in 0.0486709 secs using 781% CPU
Optimizing NNI: done in 0.0381423 secs using 789.5% CPU
Optimizing NNI: done in 0.0499932 secs using 796.2% CPU
Optimizing NNI: done in 0.0286791 secs using 790% CPU
Optimizing NNI: done in 0.0418501 secs using 797% CPU
Optimizing NNI: done in 0.0302687 secs using 790.7% CPU
Optimizing NNI: done in 0.0303143 secs using 789.3% CPU
Iteration 210 / LogL: -2278.025 / Time: 0h:0m:9s (0h:0m:3s left)
Optimizing NNI: done in 0.0414635 secs using 802.8% CPU
Optimizing NNI: done in 0.0426858 secs using 781% CPU
Optimizing NNI: done in 0.0321703 secs using 786.9% CPU
Optimizing NNI: done in 0.054659 secs using 798% CPU
Optimizing NNI: done in 0.0174827 secs using 775% CPU
Optimizing NNI: done in 0.0469917 secs using 791.9% CPU
Optimizing NNI: done in 0.060859 secs using 796% CPU
Optimizing NNI: done in 0.0417989 secs using 797.4% CPU
Optimizing NNI: done in 0.0384679 secs using 798.3% CPU
Optimizing NNI: done in 0.0384573 secs using 782.5% CPU
Iteration 220 / LogL: -2278.026 / Time: 0h:0m:9s (0h:0m:3s left)
Optimizing NNI: done in 0.0268793 secs using 796.6% CPU
Optimizing NNI: done in 0.0376156 secs using 780.3% CPU
Optimizing NNI: done in 0.0389995 secs using 793.3% CPU
Optimizing NNI: done in 0.0358183 secs using 795% CPU
Optimizing NNI: done in 0.0411783 secs using 785.6% CPU
Optimizing NNI: done in 0.0422256 secs using 780.3% CPU
Optimizing NNI: done in 0.05109 secs using 790.6% CPU
Optimizing NNI: done in 0.0405368 secs using 780% CPU
Optimizing NNI: done in 0.0286242 secs using 779.1% CPU
Optimizing NNI: done in 0.00978431 secs using 812.1% CPU
Iteration 230 / LogL: -2278.024 / Time: 0h:0m:9s (0h:0m:3s left)
Optimizing NNI: done in 0.0436497 secs using 797.5% CPU
Optimizing NNI: done in 0.0482179 secs using 805.9% CPU
Optimizing NNI: done in 0.0616344 secs using 789.2% CPU
Optimizing NNI: done in 0.0324008 secs using 787.1% CPU
Optimizing NNI: done in 0.0394597 secs using 801% CPU
Optimizing NNI: done in 0.0295414 secs using 780.6% CPU
Optimizing NNI: done in 0.0332276 secs using 791.7% CPU
Optimizing NNI: done in 0.0404922 secs using 802.1% CPU
Optimizing NNI: done in 0.0408768 secs using 796.9% CPU
Optimizing NNI: done in 0.0631331 secs using 788.3% CPU
Iteration 240 / LogL: -2283.333 / Time: 0h:0m:10s (0h:0m:2s left)
Optimizing NNI: done in 0.028314 secs using 788.1% CPU
Optimizing NNI: done in 0.0299792 secs using 790% CPU
Optimizing NNI: done in 0.0502115 secs using 788.3% CPU
Optimizing NNI: done in 0.0346859 secs using 797% CPU
Optimizing NNI: done in 0.018609 secs using 803% CPU
Optimizing NNI: done in 0.0411451 secs using 788.9% CPU
Optimizing NNI: done in 0.0415961 secs using 795.4% CPU
Optimizing NNI: done in 0.0473171 secs using 787.1% CPU
Optimizing NNI: done in 0.059005 secs using 794.5% CPU
Optimizing NNI: done in 0.0437339 secs using 800.6% CPU
Iteration 250 / LogL: -2280.282 / Time: 0h:0m:10s (0h:0m:2s left)
Log-likelihood cutoff on original alignment: -2303.971
Optimizing NNI: done in 0.0409279 secs using 794.8% CPU
Optimizing NNI: done in 0.0296849 secs using 800.1% CPU
Optimizing NNI: done in 0.0526766 secs using 800.3% CPU
Optimizing NNI: done in 0.0392881 secs using 806.4% CPU
Optimizing NNI: done in 0.0343884 secs using 802.8% CPU
Optimizing NNI: done in 0.0200694 secs using 788.9% CPU
Optimizing NNI: done in 0.0294396 secs using 785.9% CPU
Optimizing NNI: done in 0.0392662 secs using 783.7% CPU
Optimizing NNI: done in 0.0437007 secs using 777.4% CPU
Optimizing NNI: done in 0.03119 secs using 788.5% CPU
Iteration 260 / LogL: -2278.024 / Time: 0h:0m:11s (0h:0m:1s left)
Optimizing NNI: done in 0.0511788 secs using 805.1% CPU
Optimizing NNI: done in 0.0410123 secs using 787.9% CPU
Optimizing NNI: done in 0.0499216 secs using 794.5% CPU
Optimizing NNI: done in 0.0408327 secs using 796.1% CPU
TREE SEARCH COMPLETED AFTER 264 ITERATIONS / Time: 0h:0m:11s

--------------------------------------------------------------------
|                    FINALIZING TREE SEARCH                        |
--------------------------------------------------------------------
Performs final model parameters optimization
Estimate model parameters (epsilon = 0.010)
1. Initial log-likelihood: -2278.024
Optimal log-likelihood: -2278.024
Gamma shape alpha: 0.096
Parameters optimization took 1 rounds (0.004 sec)
BEST SCORE FOUND : -2278.024
Creating bootstrap support values...
Split supports printed to NEXUS file results/per_year_clustered/H1N1/trees/H1N1_2012_with_designs.splits.nex
Total tree length: 0.140

Total number of iterations: 264
CPU time used for tree search: 88.517 sec (0h:1m:28s)
Wall-clock time used for tree search: 11.338 sec (0h:0m:11s)
Total CPU time used: 89.045 sec (0h:1m:29s)
Total wall-clock time used: 11.470 sec (0h:0m:11s)

Computing bootstrap consensus tree...
Reading input file results/per_year_clustered/H1N1/trees/H1N1_2012_with_designs.splits.nex...
20 taxa and 205 splits.
Consensus tree written to results/per_year_clustered/H1N1/trees/H1N1_2012_with_designs.contree
Reading input trees file results/per_year_clustered/H1N1/trees/H1N1_2012_with_designs.contree
Log-likelihood of consensus tree: -2278.035

Analysis results written to: 
  IQ-TREE report:                results/per_year_clustered/H1N1/trees/H1N1_2012_with_designs.iqtree
  Maximum-likelihood tree:       results/per_year_clustered/H1N1/trees/H1N1_2012_with_designs.treefile
  Likelihood distances:          results/per_year_clustered/H1N1/trees/H1N1_2012_with_designs.mldist

Ultrafast bootstrap approximation results written to:
  Split support values:          results/per_year_clustered/H1N1/trees/H1N1_2012_with_designs.splits.nex
  Consensus tree:                results/per_year_clustered/H1N1/trees/H1N1_2012_with_designs.contree
  Screen log file:               results/per_year_clustered/H1N1/trees/H1N1_2012_with_designs.log

Date and Time: Sat Nov 22 10:55:10 2025
