IQ-TREE version 3.0.1 for Linux x86 64-bit built Jul  9 2025
Developed by Bui Quang Minh, Thomas Wong, Nhan Ly-Trong, Huaiyan Ren
Contributed by Lam-Tung Nguyen, Dominik Schrempf, Chris Bielow,
Olga Chernomor, Michael Woodhams, Diep Thi Hoang, Heiko Schmidt

Host:    aoraki-login.otago.ac.nz (AVX2, FMA3, 1007 GB RAM)
Command: iqtree -s results/per_year_clustered/H1N1/alignments/H1N1_2024_aligned.fasta -m LG+G4 -bb 1000 -nt 16 -pre results/per_year_clustered/H1N1/trees/H1N1_2024 -redo -quiet
Seed:    390167 (Using SPRNG - Scalable Parallel Random Number Generator)
Time:    Thu Nov 20 17:07:30 2025
Kernel:  AVX+FMA - 16 threads (128 CPU cores detected)

Reading alignment file results/per_year_clustered/H1N1/alignments/H1N1_2024_aligned.fasta ... Fasta format detected
Reading fasta file: done in 0.000836198 secs using 99.38% CPU
Alignment most likely contains protein sequences
Constructing alignment: done in 0.000659578 secs using 2247% CPU
Alignment has 98 sequences with 579 columns, 391 distinct patterns
123 parsimony-informative, 267 singleton sites, 189 constant sites
                                                                                  Gap/Ambiguity  Composition  p-value
Analyzing sequences: done in 0.00029333 secs using 88.98% CPU
   1  EPI3609682|HA|A/Malaysia/IMR-SARI2297/2024|EPI_ISL_19496993|A_/_H1N1                2.25%    passed    100.00%
   2  EPI3679786|HA|A/Vietnam/PF324350/2024|EPI_ISL_19596050|A_/_H1N1                     2.25%    passed    100.00%
   3  EPI3952560|HA|A/Maldives/2357/2024|EPI_ISL_19726943|A_/_H1N1                        2.25%    passed    100.00%
   4  EPI3143990|HA|A/Phra_Nakhon_Si_Ayutthaya/BOE190/2024|EPI_ISL_19006141|A_/_H1N1      2.25%    passed    100.00%
   5  EPI3143742|HA|A/Bangkok/P1242/2024|EPI_ISL_19006105|A_/_H1N1                        2.25%    passed    100.00%
   6  EPI3679575|HA|A/Vietnam/PF124484/2024|EPI_ISL_19596023|A_/_H1N1                     2.25%    passed    100.00%
   7  EPI3479673|HA|A/Bangkok/P2774/2024|EPI_ISL_19301847|A_/_H1N1                        2.25%    passed    100.00%
   8  EPI4311383|HA|A/Kyrgyzstan/29/2024|EPI_ISL_19858907|A_/_H1N1                        2.25%    passed    100.00%
   9  EPI3610484|HA|A/Philippines/ILI24-2171/2024|EPI_ISL_19498032|A_/_H1N1               2.25%    passed    100.00%
  10  EPI3630173|HA|A/Tak/F1768/2024|EPI_ISL_19531362|A_/_H1N1                            2.25%    passed    100.00%
  11  EPI3957234|HA|A/YOKOHAMA/115/2024|EPI_ISL_19729243|A_/_H1N1                         2.25%    passed    100.00%
  12  EPI3736464|HA|A/Oman/CPHL_52433510/2024|EPI_ISL_19631373|A_/_H1N1                   2.25%    passed    100.00%
  13  EPI3787700|HA|A/Malaysia/IMR-SARI2882/2024|EPI_ISL_19664733|A_/_H1N1                2.25%    passed    100.00%
  14  EPI3740131|HA|A/Chiang_Rai/F2887/2024|EPI_ISL_19633045|A_/_H1N1                     2.25%    passed    100.00%
  15  EPI3663598|HA|A/Laos/00820-2073/2024|EPI_ISL_19567913|A_/_H1N1                      2.25%    passed    100.00%
  16  EPI3663816|HA|A/Laos/00925-1602/2024|EPI_ISL_19567942|A_/_H1N1                      2.25%    passed    100.00%
  17  EPI3663483|HA|A/Laos/00819-2358/2024|EPI_ISL_19567754|A_/_H1N1                      2.25%    passed    100.00%
  18  EPI3194842|HA|A/OKINAWA/308/2024|EPI_ISL_19045753|A_/_H1N1                          2.25%    passed    100.00%
  19  EPI3529187|HA|A/KANAGAWA/IC2375/2024|EPI_ISL_19374063|A_/_H1N1                      2.25%    passed    100.00%
  20  EPI3553276|HA|A/Vietnam/4019/2024|EPI_ISL_19407789|A_/_H1N1                         2.25%    passed    100.00%
  21  EPI3162483|HA|A/NAGANO-C/8/2024|EPI_ISL_19015551|A_/_H1N1                           2.25%    passed    100.00%
  22  EPI3805125|HA|A/ABUDHABI/UAE/0009571/2024|EPI_ISL_19671305|A_/_H1N1                 2.25%    passed    100.00%
  23  EPI3881008|HA|A/Shymkent/NRL-2020/2024|EPI_ISL_19704556|A_/_H1N1                    2.25%    passed    100.00%
  24  EPI3666308|HA|A/Oman/CPHL_52423895/2024|EPI_ISL_19574322|A_/_H1N1                   2.25%    passed    100.00%
  25  EPI3250004|HA|A/Malaysia/IMR-SARI0468/2024|EPI_ISL_19084468|A_/_H1N1                2.25%    passed    100.00%
  26  EPI3453719|HA|A/CHIBA-C/22/2024|EPI_ISL_19282856|A_/_H1N1                           2.25%    passed    100.00%
  27  EPI3899817|HA|A/ABUDHABI/UAE/0011608/2024|EPI_ISL_19709848|A_/_H1N1                 2.25%    passed    100.00%
  28  EPI3751272|HA|A/Ibra/52425408/2024|EPI_ISL_19644006|A_/_H1N1                        2.25%    passed    100.00%
  29  EPI3538193|HA|A/Sri_Lanka/76/2024|EPI_ISL_19383228|A_/_H1N1                         2.25%    passed    100.00%
  30  EPI3905503|HA|A/CHIBA/54/2024|EPI_ISL_19712013|A_/_H1N1                             2.25%    passed    100.00%
  31  EPI3603408|HA|A/CHIBA/25/2024|EPI_ISL_19484775|A_/_H1N1                             2.25%    passed    100.00%
  32  EPI4379366|HA|A/Riyadh/154/2024|EPI_ISL_19878575|A_/_H1N1                           2.25%    passed    100.00%
  33  EPI4379364|HA|A/Riyadh/35/2024|EPI_ISL_19878573|A_/_H1N1                            2.25%    passed    100.00%
  34  EPI4379362|HA|A/Riyadh/41/2024|EPI_ISL_19878571|A_/_H1N1                            2.25%    passed    100.00%
  35  EPI4379367|HA|A/Riyadh/145/2024|EPI_ISL_19878576|A_/_H1N1                           2.25%    passed    100.00%
  36  EPI3521076|HA|A/SHIZUOKA-C/2/2024|EPI_ISL_19357120|A_/_H1N1                         2.25%    passed    100.00%
  37  EPI3772998|HA|A/ABUDHABI/UAE/0006110/2024|EPI_ISL_19655370|A_/_H1N1                 2.25%    passed    100.00%
  38  EPI3077824|HA|A/Bangkok/P531/2024|EPI_ISL_18939239|A_/_H1N1                         2.25%    passed    100.00%
  39  EPI3416034|HA|A/Philippines/SARI24-0083/2024|EPI_ISL_19234805|A_/_H1N1              2.25%    passed    100.00%
  40  EPI3476804|HA|A/Navarra/1628/2024|EPI_ISL_19300980|A_/_H1N1                         2.25%    passed    100.00%
  41  EPI3866957|HA|A/Switzerland/UN-SNRCI-HUG-46779232/2024|EPI_ISL_19698150|A_/_H1N1    2.25%    passed    100.00%
  42  EPI3349483|HA|A/Ukraine/GIHSN-HCL024070676901/2024|EPI_ISL_19173931|A_/_H1N1        2.25%    passed    100.00%
  43  EPI3050064|HA|A/Badajoz/18615142/2024|EPI_ISL_18912986|A_/_H1N1                     2.25%    passed    100.00%
  44  EPI3419895|HA|A/Cardiff/4190/2024|EPI_ISL_19243251|A_/_H1N1                         2.25%    passed    100.00%
  45  EPI3687261|HA|A/Murcia/2159/2024|EPI_ISL_19603666|A_/_H1N1                          2.25%    passed    100.00%
  46  EPI3300584|HA|A/Madrid/HULP-072638331/2024|EPI_ISL_19147390|A_/_H1N1                2.07%    passed    100.00%
  47  EPI3054103|HA|A/Badajoz/18619790/2024|EPI_ISL_18918494|A_/_H1N1                     2.25%    passed    100.00%
  48  EPI3884129|HA|A/Catalonia/NSVH170145573/2024|EPI_ISL_19705055|A_/_H1N1              2.25%    passed    100.00%
  49  EPI2978047|HA|A/Badajoz/18616368/2024|EPI_ISL_18854264|A_/_H1N1                     2.25%    passed    100.00%
  50  EPI3197133|HA|A/Serbia/328/2024|EPI_ISL_19050842|A_/_H1N1                           2.25%    passed    100.00%
  51  EPI3197155|HA|A/Serbia/196/2024|EPI_ISL_19050845|A_/_H1N1                           2.25%    passed    100.00%
  52  EPI3268826|HA|A/Trollhattan/SE24-04471/2024|EPI_ISL_19116439|A_/_H1N1               2.25%    passed    100.00%
  53  EPI3889484|HA|A/Andalucia/PMC-00587/2024|EPI_ISL_19707937|A_/_H1N1                  2.25%    passed    100.00%
  54  EPI3898109|HA|A/Baleares/250061/2024|EPI_ISL_19709436|A_/_H1N1                      2.25%    passed    100.00%
  55  EPI3828065|HA|A/England/5160975/2024|EPI_ISL_19680996|A_/_H1N1                      2.25%    passed    100.00%
  56  EPI3100191|HA|A/England/240540933/2024|EPI_ISL_18961897|A_/_H1N1                    2.25%    passed    100.00%
  57  EPI3100469|HA|A/England/240561251/2024|EPI_ISL_18961932|A_/_H1N1                    2.25%    passed    100.00%
  58  EPI3258270|HA|A/Serbia/113/2024|EPI_ISL_19093576|A_/_H1N1                           2.25%    passed    100.00%
  59  EPI3326190|HA|A/Madrid/1058/2024|EPI_ISL_19159205|A_/_H1N1                          2.25%    passed    100.00%
  60  EPI3330278|HA|A/Valencia/VAHNSI-GIHSN-10_6112/2024|EPI_ISL_19160532|A_/_H1N1        2.25%    passed    100.00%
  61  EPI3493268|HA|A/Galicia/SCQ/140189/2024|EPI_ISL_19323908|A_/_H1N1                   2.25%    passed    100.00%
  62  EPI3769322|HA|A/Catalonia/NSVH102488391/2024|EPI_ISL_19652392|A_/_H1N1              2.25%    passed    100.00%
  63  EPI3179398|HA|A/Madrid/HRYC-13069536/2024|EPI_ISL_19030052|A_/_H1N1                 2.07%    passed    100.00%
  64  EPI3179470|HA|A/Madrid/HRYC-13089164/2024|EPI_ISL_19030061|A_/_H1N1                 2.07%    passed    100.00%
  65  EPI3522000|HA|A/Switzerland/46021/2024|EPI_ISL_19359901|A_/_H1N1                    2.25%    passed    100.00%
  66  EPI3183899|HA|A/Slovakia/uvzsr-457/2024|EPI_ISL_19033650|A_/_H1N1                   2.25%    passed    100.00%
  67  EPI3585867|HA|A/Catalonia/NSAV198309324/2024|EPI_ISL_19459695|A_/_H1N1              2.25%    passed     95.78%
  68  EPI4038587|HA|A/Madrid/302425181704/2024|EPI_ISL_19756821|A_/_H1N1                  2.25%    passed    100.00%
  69  EPI3229553|HA|A/Galicia/GA-CHUAC-90/2024|EPI_ISL_19069709|A_/_H1N1                  2.25%    passed    100.00%
  70  EPI3903002|HA|A/Victoria/3621/2024|EPI_ISL_19711585|A_/_H1N1                        2.25%    passed    100.00%
  71  EPI3903119|HA|A/Cairns/37/2024|EPI_ISL_19711609|A_/_H1N1                            2.25%    passed    100.00%
  72  EPI3317615|HA|A/Tasmania/34/2024|EPI_ISL_19155947|A_/_H1N1                          2.25%    passed    100.00%
  73  EPI3487058|HA|A/Darwin/784/2024|EPI_ISL_19304133|A_/_H1N1                           2.25%    passed    100.00%
  74  EPI3443984|HA|A/Victoria/965/2024|EPI_ISL_19271702|A_/_H1N1                         2.25%    passed    100.00%
  75  EPI3597976|HA|A/Sydney/1043/2024|EPI_ISL_19471928|A_/_H1N1                          2.25%    passed    100.00%
  76  EPI3597876|HA|A/Brisbane/260/2024|EPI_ISL_19471902|A_/_H1N1                         2.25%    passed    100.00%
  77  EPI3399631|HA|A/Sydney/173/2024|EPI_ISL_19218206|A_/_H1N1                           2.25%    passed    100.00%
  78  EPI3734396|HA|A/Massachusetts/99/2024|EPI_ISL_19628461|A_/_H1N1                     2.25%    passed    100.00%
  79  EPI3950992|HA|A/Nebraska/60/2024|EPI_ISL_19726741|A_/_H1N1                          2.25%    passed    100.00%
  80  EPI3732787|HA|A/California/202/2024|EPI_ISL_19628238|A_/_H1N1                       2.25%    passed    100.00%
  81  EPI3478611|HA|A/California/GKISBBBB36910/2024|EPI_ISL_19301464|A_/_H1N1             2.25%    failed      2.80%
  82  EPI3232591|HA|A/Michigan/UM-HS20128/2024|EPI_ISL_19072884|A_/_H1N1                  2.25%    passed    100.00%
  83  EPI3344254|HA|A/Minnesota/ISC-1264/2024|EPI_ISL_19172552|A_/_H1N1                   2.25%    passed    100.00%
  84  EPI3237678|HA|A/Michigan/MIS-RR043485541/2024|EPI_ISL_19075544|A_/_H1N1             2.25%    passed    100.00%
  85  EPI3297153|HA|A/Florida/ISC-1175/2024|EPI_ISL_19141594|A_/_H1N1                     2.25%    passed    100.00%
  86  EPI3265859|HA|A/Michigan/81/2024|EPI_ISL_19109224|A_/_H1N1                          2.25%    passed    100.00%
  87  EPI4056506|HA|A/California/LACPHL-INF01228/2024|EPI_ISL_19764729|A_/_H1N1           2.25%    passed    100.00%
  88  EPI3870692|HA|A/Michigan/UM-10061460092/2024|EPI_ISL_19700101|A_/_H1N1              2.25%    passed    100.00%
  89  EPI3869059|HA|A/Michigan/UM-10061509841/2024|EPI_ISL_19699897|A_/_H1N1              2.25%    passed    100.00%
  90  EPI3572806|HA|A/California/LACPHL-INF00509/2024|EPI_ISL_19442317|A_/_H1N1           2.25%    passed    100.00%
  91  EPI3122170|HA|A/Minnesota/ISC-1043/2024|EPI_ISL_18988640|A_/_H1N1                   2.25%    passed    100.00%
  92  EPI3094775|HA|A/California/04/2024|EPI_ISL_18957682|A_/_H1N1                        2.25%    passed    100.00%
  93  EPI3760623|HA|A/District_Of_Columbia/45/2024|EPI_ISL_19647190|A_/_H1N1              2.25%    passed    100.00%
  94  EPI3170932|HA|A/LA/EVTL-21610/2024|EPI_ISL_19026765|A_/_H1N1                        2.25%    passed    100.00%
  95  EPI3274649|HA|A/Michigan/MIS-009930407/2024|EPI_ISL_19126337|A_/_H1N1               2.25%    passed    100.00%
  96  EPI3223534|HA|A/Michigan/UM-10056385790/2024|EPI_ISL_19064474|A_/_H1N1              2.25%    passed    100.00%
  97  EPI3843864|HA|A/California/LACPHL-INF01014/2024|EPI_ISL_19688233|A_/_H1N1           3.97%    passed    100.00%
  98  EPI3279181|HA|A/Michigan/UM-10055924776/2024|EPI_ISL_19131819|A_/_H1N1              2.25%    passed    100.00%
****  TOTAL                                                                               2.26%  1 sequences failed composition chi2 test (p-value<5%; df=19)
Checking for duplicate sequences: done in 0.000189995 secs using 91.58% CPU
Creating fast initial parsimony tree by random order stepwise addition...
0.269 seconds, parsimony score: 815 (based on 390 sites)
Generating 1000 samples for ultrafast bootstrap (seed: 390167)...

NOTE: 26 MB RAM (0 GB) is required!
Estimate model parameters (epsilon = 0.100)
1. Initial log-likelihood: -6529.964
2. Current log-likelihood: -6493.644
3. Current log-likelihood: -6493.218
Optimal log-likelihood: -6493.170
Gamma shape alpha: 0.882
Parameters optimization took 3 rounds (0.259 sec)
Wrote distance file to... 
Computing ML distances based on estimated model parameters...
Calculating distance matrix: done in 0.0505935 secs using 1605% CPU
Computing ML distances took 0.050731 sec (of wall-clock time) 0.812399 sec (of CPU time)
Setting up auxiliary I and S matrices: done in 0.00153649 secs using 397% CPU
Constructing RapidNJ tree: done in 0.156878 secs using 501.8% CPU
Computing RapidNJ tree took 0.158540 sec (of wall-clock time) 0.794053 sec (of CPU time)
Log-likelihood of RapidNJ tree: -6494.001
--------------------------------------------------------------------
|             INITIALIZING CANDIDATE TREE SET                      |
--------------------------------------------------------------------
Generating 98 parsimony trees... 0.639 second
Computing log-likelihood of 98 initial trees ... 3.122 seconds
Current best score: -6485.145

Do NNI search on 20 best initial trees
Optimizing NNI: done in 1.27166 secs using 1591% CPU
Estimate model parameters (epsilon = 0.100)
BETTER TREE FOUND at iteration 1: -6468.375
Optimizing NNI: done in 1.01682 secs using 1594% CPU
Optimizing NNI: done in 1.3499 secs using 1591% CPU
Optimizing NNI: done in 1.11552 secs using 1592% CPU
Optimizing NNI: done in 0.99653 secs using 1592% CPU
Optimizing NNI: done in 0.982796 secs using 1593% CPU
Optimizing NNI: done in 1.05275 secs using 1592% CPU
Optimizing NNI: done in 0.978344 secs using 1593% CPU
Optimizing NNI: done in 1.29278 secs using 1594% CPU
Optimizing NNI: done in 0.854164 secs using 1593% CPU
Iteration 10 / LogL: -6485.156 / Time: 0h:0m:15s
Optimizing NNI: done in 1.17215 secs using 1589% CPU
Optimizing NNI: done in 1.38921 secs using 1593% CPU
Optimizing NNI: done in 0.809451 secs using 1595% CPU
Optimizing NNI: done in 0.962596 secs using 1595% CPU
Optimizing NNI: done in 0.586946 secs using 1594% CPU
Optimizing NNI: done in 1.14786 secs using 1594% CPU
Optimizing NNI: done in 0.874687 secs using 1592% CPU
Optimizing NNI: done in 1.08713 secs using 1594% CPU
Optimizing NNI: done in 0.948894 secs using 1593% CPU
Optimizing NNI: done in 1.26526 secs using 1594% CPU
Iteration 20 / LogL: -6476.374 / Time: 0h:0m:26s
Finish initializing candidate tree set (20)
Current best tree score: -6468.375 / CPU time: 25.089
Number of iterations: 20
--------------------------------------------------------------------
|               OPTIMIZING CANDIDATE TREE SET                      |
--------------------------------------------------------------------
Optimizing NNI: done in 0.90915 secs using 1592% CPU
Optimizing NNI: done in 1.40571 secs using 1594% CPU
Optimizing NNI: done in 0.990521 secs using 1594% CPU
Optimizing NNI: done in 0.944801 secs using 1594% CPU
Estimate model parameters (epsilon = 0.100)
BETTER TREE FOUND at iteration 24: -6466.863
Optimizing NNI: done in 0.684527 secs using 1594% CPU
Optimizing NNI: done in 0.891584 secs using 1594% CPU
Optimizing NNI: done in 0.957256 secs using 1595% CPU
Estimate model parameters (epsilon = 0.100)
BETTER TREE FOUND at iteration 27: -6465.136
Optimizing NNI: done in 1.0928 secs using 1589% CPU
Optimizing NNI: done in 0.936128 secs using 1593% CPU
Optimizing NNI: done in 0.981254 secs using 1593% CPU
Iteration 30 / LogL: -6478.557 / Time: 0h:0m:36s (0h:1m:59s left)
Optimizing NNI: done in 0.735177 secs using 1595% CPU
Optimizing NNI: done in 0.836634 secs using 1594% CPU
Optimizing NNI: done in 0.668744 secs using 1594% CPU
Optimizing NNI: done in 0.973646 secs using 1595% CPU
Optimizing NNI: done in 0.737352 secs using 1593% CPU
Optimizing NNI: done in 1.01505 secs using 1594% CPU
Optimizing NNI: done in 1.23876 secs using 1593% CPU
Optimizing NNI: done in 0.724863 secs using 1594% CPU
BETTER TREE FOUND at iteration 38: -6465.136
Optimizing NNI: done in 0.6029 secs using 1592% CPU
Optimizing NNI: done in 0.85259 secs using 1594% CPU
Iteration 40 / LogL: -6472.466 / Time: 0h:0m:44s (0h:1m:51s left)
Optimizing NNI: done in 0.769694 secs using 1594% CPU
Optimizing NNI: done in 0.771712 secs using 1593% CPU
Optimizing NNI: done in 1.17986 secs using 1593% CPU
Optimizing NNI: done in 0.757737 secs using 1592% CPU
Optimizing NNI: done in 1.01378 secs using 1593% CPU
Optimizing NNI: done in 0.850532 secs using 1594% CPU
Optimizing NNI: done in 0.719737 secs using 1594% CPU
Optimizing NNI: done in 0.878671 secs using 1594% CPU
Optimizing NNI: done in 0.800667 secs using 1594% CPU
Optimizing NNI: done in 0.705253 secs using 1593% CPU
Iteration 50 / LogL: -6469.227 / Time: 0h:0m:53s (0h:1m:34s left)
Log-likelihood cutoff on original alignment: -6507.519
Optimizing NNI: done in 0.947157 secs using 1591% CPU
Optimizing NNI: done in 1.09376 secs using 1592% CPU
Optimizing NNI: done in 0.633491 secs using 1589% CPU
Optimizing NNI: done in 0.880215 secs using 1591% CPU
Optimizing NNI: done in 1.26673 secs using 1591% CPU
Optimizing NNI: done in 0.923657 secs using 1592% CPU
Optimizing NNI: done in 1.4644 secs using 1592% CPU
Optimizing NNI: done in 0.818484 secs using 1593% CPU
Optimizing NNI: done in 0.862343 secs using 1590% CPU
Optimizing NNI: done in 0.934815 secs using 1592% CPU
Iteration 60 / LogL: -6465.140 / Time: 0h:1m:3s (0h:1m:23s left)
Optimizing NNI: done in 0.864549 secs using 1592% CPU
Optimizing NNI: done in 0.639162 secs using 1591% CPU
Optimizing NNI: done in 0.788616 secs using 1590% CPU
Optimizing NNI: done in 0.716197 secs using 1591% CPU
Optimizing NNI: done in 1.00388 secs using 1593% CPU
Optimizing NNI: done in 0.846885 secs using 1592% CPU
Optimizing NNI: done in 0.78275 secs using 1591% CPU
Optimizing NNI: done in 0.624857 secs using 1591% CPU
Optimizing NNI: done in 0.650353 secs using 1592% CPU
Optimizing NNI: done in 0.663537 secs using 1589% CPU
Iteration 70 / LogL: -6465.153 / Time: 0h:1m:11s (0h:1m:9s left)
Optimizing NNI: done in 0.879029 secs using 1591% CPU
Optimizing NNI: done in 0.705647 secs using 1588% CPU
Optimizing NNI: done in 0.961293 secs using 1592% CPU
Optimizing NNI: done in 1.17456 secs using 1592% CPU
Optimizing NNI: done in 1.17432 secs using 1593% CPU
Optimizing NNI: done in 1.1412 secs using 1592% CPU
Optimizing NNI: done in 0.864189 secs using 1593% CPU
Optimizing NNI: done in 0.723993 secs using 1592% CPU
BETTER TREE FOUND at iteration 78: -6465.135
Optimizing NNI: done in 0.79477 secs using 1590% CPU
Optimizing NNI: done in 0.455153 secs using 1591% CPU
Iteration 80 / LogL: -6465.136 / Time: 0h:1m:20s (0h:1m:39s left)
Optimizing NNI: done in 0.800748 secs using 1592% CPU
Optimizing NNI: done in 0.475582 secs using 1591% CPU
Optimizing NNI: done in 0.843723 secs using 1590% CPU
Optimizing NNI: done in 0.885575 secs using 1593% CPU
Optimizing NNI: done in 0.762909 secs using 1590% CPU
Optimizing NNI: done in 0.943435 secs using 1591% CPU
Optimizing NNI: done in 0.835681 secs using 1589% CPU
Optimizing NNI: done in 1.17318 secs using 1592% CPU
Optimizing NNI: done in 0.747065 secs using 1592% CPU
Optimizing NNI: done in 0.764187 secs using 1590% CPU
Iteration 90 / LogL: -6465.136 / Time: 0h:1m:28s (0h:1m:27s left)
Optimizing NNI: done in 0.906026 secs using 1591% CPU
Optimizing NNI: done in 1.31749 secs using 1592% CPU
Optimizing NNI: done in 0.853954 secs using 1590% CPU
Optimizing NNI: done in 0.571071 secs using 1590% CPU
Optimizing NNI: done in 1.18859 secs using 1592% CPU
Optimizing NNI: done in 0.700805 secs using 1591% CPU
Optimizing NNI: done in 0.859766 secs using 1590% CPU
Optimizing NNI: done in 0.969544 secs using 1592% CPU
Optimizing NNI: done in 0.609476 secs using 1593% CPU
Optimizing NNI: done in 1.05635 secs using 1593% CPU
Iteration 100 / LogL: -6465.141 / Time: 0h:1m:37s (0h:1m:16s left)
Log-likelihood cutoff on original alignment: -6507.519
NOTE: Bootstrap correlation coefficient of split occurrence frequencies: 0.992
Optimizing NNI: done in 0.623945 secs using 1590% CPU
Optimizing NNI: done in 0.770897 secs using 1591% CPU
Optimizing NNI: done in 0.759426 secs using 1590% CPU
Optimizing NNI: done in 0.644441 secs using 1590% CPU
Optimizing NNI: done in 0.983606 secs using 1593% CPU
Optimizing NNI: done in 0.776921 secs using 1591% CPU
Optimizing NNI: done in 0.826627 secs using 1590% CPU
Optimizing NNI: done in 0.872472 secs using 1593% CPU
Optimizing NNI: done in 1.16264 secs using 1589% CPU
Optimizing NNI: done in 1.04363 secs using 1592% CPU
Iteration 110 / LogL: -6465.149 / Time: 0h:1m:46s (0h:1m:27s left)
Optimizing NNI: done in 0.945826 secs using 1592% CPU
Optimizing NNI: done in 0.889106 secs using 1591% CPU
Optimizing NNI: done in 1.15414 secs using 1593% CPU
Optimizing NNI: done in 1.1302 secs using 1591% CPU
Optimizing NNI: done in 0.75421 secs using 1589% CPU
Optimizing NNI: done in 0.633518 secs using 1591% CPU
Optimizing NNI: done in 1.06597 secs using 1591% CPU
Optimizing NNI: done in 1.00444 secs using 1591% CPU
Optimizing NNI: done in 0.783262 secs using 1589% CPU
Optimizing NNI: done in 1.12497 secs using 1592% CPU
Iteration 120 / LogL: -6469.891 / Time: 0h:1m:56s (0h:1m:18s left)
Optimizing NNI: done in 1.13515 secs using 1592% CPU
Optimizing NNI: done in 0.614367 secs using 1592% CPU
Optimizing NNI: done in 1.06294 secs using 1591% CPU
Optimizing NNI: done in 0.777955 secs using 1592% CPU
Optimizing NNI: done in 1.21028 secs using 1591% CPU
Optimizing NNI: done in 0.812023 secs using 1591% CPU
Optimizing NNI: done in 1.07928 secs using 1591% CPU
Optimizing NNI: done in 0.871084 secs using 1591% CPU
Optimizing NNI: done in 0.624743 secs using 1588% CPU
Optimizing NNI: done in 0.597989 secs using 1590% CPU
Iteration 130 / LogL: -6477.341 / Time: 0h:2m:5s (0h:1m:7s left)
Optimizing NNI: done in 1.05984 secs using 1592% CPU
Optimizing NNI: done in 0.86693 secs using 1592% CPU
Optimizing NNI: done in 1.03161 secs using 1591% CPU
Optimizing NNI: done in 1.02262 secs using 1589% CPU
Optimizing NNI: done in 0.949985 secs using 1590% CPU
Optimizing NNI: done in 0.721314 secs using 1593% CPU
Optimizing NNI: done in 1.2364 secs using 1591% CPU
Optimizing NNI: done in 0.943031 secs using 1592% CPU
Optimizing NNI: done in 1.20564 secs using 1591% CPU
Optimizing NNI: done in 0.727855 secs using 1591% CPU
Iteration 140 / LogL: -6468.458 / Time: 0h:2m:15s (0h:0m:58s left)
Optimizing NNI: done in 0.535005 secs using 1589% CPU
Optimizing NNI: done in 0.926945 secs using 1591% CPU
Optimizing NNI: done in 1.14183 secs using 1592% CPU
Optimizing NNI: done in 0.728697 secs using 1591% CPU
Optimizing NNI: done in 0.939646 secs using 1590% CPU
Optimizing NNI: done in 0.897146 secs using 1590% CPU
Optimizing NNI: done in 0.635897 secs using 1590% CPU
Optimizing NNI: done in 0.931956 secs using 1591% CPU
Optimizing NNI: done in 1.01491 secs using 1591% CPU
Optimizing NNI: done in 0.711078 secs using 1592% CPU
Iteration 150 / LogL: -6473.325 / Time: 0h:2m:24s (0h:0m:48s left)
Log-likelihood cutoff on original alignment: -6507.519
Optimizing NNI: done in 0.47519 secs using 1588% CPU
Optimizing NNI: done in 0.933385 secs using 1591% CPU
Optimizing NNI: done in 0.798893 secs using 1591% CPU
Optimizing NNI: done in 1.05564 secs using 1591% CPU
Optimizing NNI: done in 0.636282 secs using 1589% CPU
Optimizing NNI: done in 0.754036 secs using 1592% CPU
Optimizing NNI: done in 0.937959 secs using 1592% CPU
Optimizing NNI: done in 1.10499 secs using 1591% CPU
Optimizing NNI: done in 0.785856 secs using 1589% CPU
Optimizing NNI: done in 0.816058 secs using 1591% CPU
Iteration 160 / LogL: -6465.136 / Time: 0h:2m:32s (0h:0m:38s left)
Optimizing NNI: done in 0.473866 secs using 1590% CPU
Optimizing NNI: done in 0.920473 secs using 1592% CPU
Optimizing NNI: done in 0.781716 secs using 1590% CPU
Optimizing NNI: done in 0.921141 secs using 1591% CPU
Optimizing NNI: done in 0.79344 secs using 1591% CPU
Optimizing NNI: done in 1.10302 secs using 1593% CPU
Optimizing NNI: done in 1.27444 secs using 1592% CPU
Optimizing NNI: done in 0.883417 secs using 1591% CPU
Optimizing NNI: done in 0.832547 secs using 1589% CPU
Optimizing NNI: done in 1.08081 secs using 1588% CPU
Iteration 170 / LogL: -6477.542 / Time: 0h:2m:42s (0h:0m:28s left)
Optimizing NNI: done in 1.23603 secs using 1591% CPU
Optimizing NNI: done in 1.15258 secs using 1591% CPU
Optimizing NNI: done in 0.792237 secs using 1591% CPU
Optimizing NNI: done in 0.695281 secs using 1593% CPU
Optimizing NNI: done in 1.09058 secs using 1591% CPU
Optimizing NNI: done in 1.07426 secs using 1592% CPU
Optimizing NNI: done in 0.889295 secs using 1589% CPU
Optimizing NNI: done in 0.769277 secs using 1591% CPU
Optimizing NNI: done in 0.772583 secs using 1593% CPU
TREE SEARCH COMPLETED AFTER 179 ITERATIONS / Time: 0h:2m:51s

--------------------------------------------------------------------
|                    FINALIZING TREE SEARCH                        |
--------------------------------------------------------------------
Performs final model parameters optimization
Estimate model parameters (epsilon = 0.010)
1. Initial log-likelihood: -6465.135
Optimal log-likelihood: -6465.135
Gamma shape alpha: 0.914
Parameters optimization took 1 rounds (0.061 sec)
BEST SCORE FOUND : -6465.135
Creating bootstrap support values...
Split supports printed to NEXUS file results/per_year_clustered/H1N1/trees/H1N1_2024.splits.nex
Total tree length: 2.631

Total number of iterations: 179
CPU time used for tree search: 2677.804 sec (0h:44m:37s)
Wall-clock time used for tree search: 170.093 sec (0h:2m:50s)
Total CPU time used: 2691.699 sec (0h:44m:51s)
Total wall-clock time used: 171.272 sec (0h:2m:51s)

Computing bootstrap consensus tree...
Reading input file results/per_year_clustered/H1N1/trees/H1N1_2024.splits.nex...
98 taxa and 3300 splits.
Consensus tree written to results/per_year_clustered/H1N1/trees/H1N1_2024.contree
Reading input trees file results/per_year_clustered/H1N1/trees/H1N1_2024.contree
Log-likelihood of consensus tree: -6465.154

Analysis results written to: 
  IQ-TREE report:                results/per_year_clustered/H1N1/trees/H1N1_2024.iqtree
  Maximum-likelihood tree:       results/per_year_clustered/H1N1/trees/H1N1_2024.treefile
  Likelihood distances:          results/per_year_clustered/H1N1/trees/H1N1_2024.mldist

Ultrafast bootstrap approximation results written to:
  Split support values:          results/per_year_clustered/H1N1/trees/H1N1_2024.splits.nex
  Consensus tree:                results/per_year_clustered/H1N1/trees/H1N1_2024.contree
  Screen log file:               results/per_year_clustered/H1N1/trees/H1N1_2024.log

Date and Time: Thu Nov 20 17:10:22 2025
