IQ-TREE version 3.0.1 for Linux x86 64-bit built Jul  9 2025
Developed by Bui Quang Minh, Thomas Wong, Nhan Ly-Trong, Huaiyan Ren
Contributed by Lam-Tung Nguyen, Dominik Schrempf, Chris Bielow,
Olga Chernomor, Michael Woodhams, Diep Thi Hoang, Heiko Schmidt

Host:    rtis-hpc-r09.uod.otago.ac.nz (AVX2, FMA3, 1006 GB RAM)
Command: iqtree -s results/per_year_clustered/H1N1/alignments/H1N1_2024_aligned.fasta -m LG+G4 -te results/per_year_clustered/H1N1/trees/H1N1_2024.treefile -asr -pre results/per_year_clustered/H1N1/trees/H1N1_2024_asr -redo -quiet
Seed:    856055 (Using SPRNG - Scalable Parallel Random Number Generator)
Time:    Sat Nov 22 11:02:33 2025
Kernel:  AVX+FMA - 1 threads (8 CPU cores detected)

HINT: Use -nt option to specify number of threads because your CPU has 8 cores!
HINT: -nt AUTO will automatically determine the best number of threads to use.

Reading alignment file results/per_year_clustered/H1N1/alignments/H1N1_2024_aligned.fasta ... Fasta format detected
Reading fasta file: done in 0.00106043 secs using 89.59% CPU
Alignment most likely contains protein sequences
Constructing alignment: done in 0.000543068 secs using 99.8% CPU
Alignment has 98 sequences with 579 columns, 391 distinct patterns
123 parsimony-informative, 267 singleton sites, 189 constant sites
                                                                                  Gap/Ambiguity  Composition  p-value
Analyzing sequences: done in 7.8968e-05 secs using 100% CPU
   1  EPI3609682|HA|A/Malaysia/IMR-SARI2297/2024|EPI_ISL_19496993|A_/_H1N1                2.25%    passed    100.00%
   2  EPI3679786|HA|A/Vietnam/PF324350/2024|EPI_ISL_19596050|A_/_H1N1                     2.25%    passed    100.00%
   3  EPI3952560|HA|A/Maldives/2357/2024|EPI_ISL_19726943|A_/_H1N1                        2.25%    passed    100.00%
   4  EPI3143990|HA|A/Phra_Nakhon_Si_Ayutthaya/BOE190/2024|EPI_ISL_19006141|A_/_H1N1      2.25%    passed    100.00%
   5  EPI3143742|HA|A/Bangkok/P1242/2024|EPI_ISL_19006105|A_/_H1N1                        2.25%    passed    100.00%
   6  EPI3679575|HA|A/Vietnam/PF124484/2024|EPI_ISL_19596023|A_/_H1N1                     2.25%    passed    100.00%
   7  EPI3479673|HA|A/Bangkok/P2774/2024|EPI_ISL_19301847|A_/_H1N1                        2.25%    passed    100.00%
   8  EPI4311383|HA|A/Kyrgyzstan/29/2024|EPI_ISL_19858907|A_/_H1N1                        2.25%    passed    100.00%
   9  EPI3610484|HA|A/Philippines/ILI24-2171/2024|EPI_ISL_19498032|A_/_H1N1               2.25%    passed    100.00%
  10  EPI3630173|HA|A/Tak/F1768/2024|EPI_ISL_19531362|A_/_H1N1                            2.25%    passed    100.00%
  11  EPI3957234|HA|A/YOKOHAMA/115/2024|EPI_ISL_19729243|A_/_H1N1                         2.25%    passed    100.00%
  12  EPI3736464|HA|A/Oman/CPHL_52433510/2024|EPI_ISL_19631373|A_/_H1N1                   2.25%    passed    100.00%
  13  EPI3787700|HA|A/Malaysia/IMR-SARI2882/2024|EPI_ISL_19664733|A_/_H1N1                2.25%    passed    100.00%
  14  EPI3740131|HA|A/Chiang_Rai/F2887/2024|EPI_ISL_19633045|A_/_H1N1                     2.25%    passed    100.00%
  15  EPI3663598|HA|A/Laos/00820-2073/2024|EPI_ISL_19567913|A_/_H1N1                      2.25%    passed    100.00%
  16  EPI3663816|HA|A/Laos/00925-1602/2024|EPI_ISL_19567942|A_/_H1N1                      2.25%    passed    100.00%
  17  EPI3663483|HA|A/Laos/00819-2358/2024|EPI_ISL_19567754|A_/_H1N1                      2.25%    passed    100.00%
  18  EPI3194842|HA|A/OKINAWA/308/2024|EPI_ISL_19045753|A_/_H1N1                          2.25%    passed    100.00%
  19  EPI3529187|HA|A/KANAGAWA/IC2375/2024|EPI_ISL_19374063|A_/_H1N1                      2.25%    passed    100.00%
  20  EPI3553276|HA|A/Vietnam/4019/2024|EPI_ISL_19407789|A_/_H1N1                         2.25%    passed    100.00%
  21  EPI3162483|HA|A/NAGANO-C/8/2024|EPI_ISL_19015551|A_/_H1N1                           2.25%    passed    100.00%
  22  EPI3805125|HA|A/ABUDHABI/UAE/0009571/2024|EPI_ISL_19671305|A_/_H1N1                 2.25%    passed    100.00%
  23  EPI3881008|HA|A/Shymkent/NRL-2020/2024|EPI_ISL_19704556|A_/_H1N1                    2.25%    passed    100.00%
  24  EPI3666308|HA|A/Oman/CPHL_52423895/2024|EPI_ISL_19574322|A_/_H1N1                   2.25%    passed    100.00%
  25  EPI3250004|HA|A/Malaysia/IMR-SARI0468/2024|EPI_ISL_19084468|A_/_H1N1                2.25%    passed    100.00%
  26  EPI3453719|HA|A/CHIBA-C/22/2024|EPI_ISL_19282856|A_/_H1N1                           2.25%    passed    100.00%
  27  EPI3899817|HA|A/ABUDHABI/UAE/0011608/2024|EPI_ISL_19709848|A_/_H1N1                 2.25%    passed    100.00%
  28  EPI3751272|HA|A/Ibra/52425408/2024|EPI_ISL_19644006|A_/_H1N1                        2.25%    passed    100.00%
  29  EPI3538193|HA|A/Sri_Lanka/76/2024|EPI_ISL_19383228|A_/_H1N1                         2.25%    passed    100.00%
  30  EPI3905503|HA|A/CHIBA/54/2024|EPI_ISL_19712013|A_/_H1N1                             2.25%    passed    100.00%
  31  EPI3603408|HA|A/CHIBA/25/2024|EPI_ISL_19484775|A_/_H1N1                             2.25%    passed    100.00%
  32  EPI4379366|HA|A/Riyadh/154/2024|EPI_ISL_19878575|A_/_H1N1                           2.25%    passed    100.00%
  33  EPI4379364|HA|A/Riyadh/35/2024|EPI_ISL_19878573|A_/_H1N1                            2.25%    passed    100.00%
  34  EPI4379362|HA|A/Riyadh/41/2024|EPI_ISL_19878571|A_/_H1N1                            2.25%    passed    100.00%
  35  EPI4379367|HA|A/Riyadh/145/2024|EPI_ISL_19878576|A_/_H1N1                           2.25%    passed    100.00%
  36  EPI3521076|HA|A/SHIZUOKA-C/2/2024|EPI_ISL_19357120|A_/_H1N1                         2.25%    passed    100.00%
  37  EPI3772998|HA|A/ABUDHABI/UAE/0006110/2024|EPI_ISL_19655370|A_/_H1N1                 2.25%    passed    100.00%
  38  EPI3077824|HA|A/Bangkok/P531/2024|EPI_ISL_18939239|A_/_H1N1                         2.25%    passed    100.00%
  39  EPI3416034|HA|A/Philippines/SARI24-0083/2024|EPI_ISL_19234805|A_/_H1N1              2.25%    passed    100.00%
  40  EPI3476804|HA|A/Navarra/1628/2024|EPI_ISL_19300980|A_/_H1N1                         2.25%    passed    100.00%
  41  EPI3866957|HA|A/Switzerland/UN-SNRCI-HUG-46779232/2024|EPI_ISL_19698150|A_/_H1N1    2.25%    passed    100.00%
  42  EPI3349483|HA|A/Ukraine/GIHSN-HCL024070676901/2024|EPI_ISL_19173931|A_/_H1N1        2.25%    passed    100.00%
  43  EPI3050064|HA|A/Badajoz/18615142/2024|EPI_ISL_18912986|A_/_H1N1                     2.25%    passed    100.00%
  44  EPI3419895|HA|A/Cardiff/4190/2024|EPI_ISL_19243251|A_/_H1N1                         2.25%    passed    100.00%
  45  EPI3687261|HA|A/Murcia/2159/2024|EPI_ISL_19603666|A_/_H1N1                          2.25%    passed    100.00%
  46  EPI3300584|HA|A/Madrid/HULP-072638331/2024|EPI_ISL_19147390|A_/_H1N1                2.07%    passed    100.00%
  47  EPI3054103|HA|A/Badajoz/18619790/2024|EPI_ISL_18918494|A_/_H1N1                     2.25%    passed    100.00%
  48  EPI3884129|HA|A/Catalonia/NSVH170145573/2024|EPI_ISL_19705055|A_/_H1N1              2.25%    passed    100.00%
  49  EPI2978047|HA|A/Badajoz/18616368/2024|EPI_ISL_18854264|A_/_H1N1                     2.25%    passed    100.00%
  50  EPI3197133|HA|A/Serbia/328/2024|EPI_ISL_19050842|A_/_H1N1                           2.25%    passed    100.00%
  51  EPI3197155|HA|A/Serbia/196/2024|EPI_ISL_19050845|A_/_H1N1                           2.25%    passed    100.00%
  52  EPI3268826|HA|A/Trollhattan/SE24-04471/2024|EPI_ISL_19116439|A_/_H1N1               2.25%    passed    100.00%
  53  EPI3889484|HA|A/Andalucia/PMC-00587/2024|EPI_ISL_19707937|A_/_H1N1                  2.25%    passed    100.00%
  54  EPI3898109|HA|A/Baleares/250061/2024|EPI_ISL_19709436|A_/_H1N1                      2.25%    passed    100.00%
  55  EPI3828065|HA|A/England/5160975/2024|EPI_ISL_19680996|A_/_H1N1                      2.25%    passed    100.00%
  56  EPI3100191|HA|A/England/240540933/2024|EPI_ISL_18961897|A_/_H1N1                    2.25%    passed    100.00%
  57  EPI3100469|HA|A/England/240561251/2024|EPI_ISL_18961932|A_/_H1N1                    2.25%    passed    100.00%
  58  EPI3258270|HA|A/Serbia/113/2024|EPI_ISL_19093576|A_/_H1N1                           2.25%    passed    100.00%
  59  EPI3326190|HA|A/Madrid/1058/2024|EPI_ISL_19159205|A_/_H1N1                          2.25%    passed    100.00%
  60  EPI3330278|HA|A/Valencia/VAHNSI-GIHSN-10_6112/2024|EPI_ISL_19160532|A_/_H1N1        2.25%    passed    100.00%
  61  EPI3493268|HA|A/Galicia/SCQ/140189/2024|EPI_ISL_19323908|A_/_H1N1                   2.25%    passed    100.00%
  62  EPI3769322|HA|A/Catalonia/NSVH102488391/2024|EPI_ISL_19652392|A_/_H1N1              2.25%    passed    100.00%
  63  EPI3179398|HA|A/Madrid/HRYC-13069536/2024|EPI_ISL_19030052|A_/_H1N1                 2.07%    passed    100.00%
  64  EPI3179470|HA|A/Madrid/HRYC-13089164/2024|EPI_ISL_19030061|A_/_H1N1                 2.07%    passed    100.00%
  65  EPI3522000|HA|A/Switzerland/46021/2024|EPI_ISL_19359901|A_/_H1N1                    2.25%    passed    100.00%
  66  EPI3183899|HA|A/Slovakia/uvzsr-457/2024|EPI_ISL_19033650|A_/_H1N1                   2.25%    passed    100.00%
  67  EPI3585867|HA|A/Catalonia/NSAV198309324/2024|EPI_ISL_19459695|A_/_H1N1              2.25%    passed     95.78%
  68  EPI4038587|HA|A/Madrid/302425181704/2024|EPI_ISL_19756821|A_/_H1N1                  2.25%    passed    100.00%
  69  EPI3229553|HA|A/Galicia/GA-CHUAC-90/2024|EPI_ISL_19069709|A_/_H1N1                  2.25%    passed    100.00%
  70  EPI3903002|HA|A/Victoria/3621/2024|EPI_ISL_19711585|A_/_H1N1                        2.25%    passed    100.00%
  71  EPI3903119|HA|A/Cairns/37/2024|EPI_ISL_19711609|A_/_H1N1                            2.25%    passed    100.00%
  72  EPI3317615|HA|A/Tasmania/34/2024|EPI_ISL_19155947|A_/_H1N1                          2.25%    passed    100.00%
  73  EPI3487058|HA|A/Darwin/784/2024|EPI_ISL_19304133|A_/_H1N1                           2.25%    passed    100.00%
  74  EPI3443984|HA|A/Victoria/965/2024|EPI_ISL_19271702|A_/_H1N1                         2.25%    passed    100.00%
  75  EPI3597976|HA|A/Sydney/1043/2024|EPI_ISL_19471928|A_/_H1N1                          2.25%    passed    100.00%
  76  EPI3597876|HA|A/Brisbane/260/2024|EPI_ISL_19471902|A_/_H1N1                         2.25%    passed    100.00%
  77  EPI3399631|HA|A/Sydney/173/2024|EPI_ISL_19218206|A_/_H1N1                           2.25%    passed    100.00%
  78  EPI3734396|HA|A/Massachusetts/99/2024|EPI_ISL_19628461|A_/_H1N1                     2.25%    passed    100.00%
  79  EPI3950992|HA|A/Nebraska/60/2024|EPI_ISL_19726741|A_/_H1N1                          2.25%    passed    100.00%
  80  EPI3732787|HA|A/California/202/2024|EPI_ISL_19628238|A_/_H1N1                       2.25%    passed    100.00%
  81  EPI3478611|HA|A/California/GKISBBBB36910/2024|EPI_ISL_19301464|A_/_H1N1             2.25%    failed      2.80%
  82  EPI3232591|HA|A/Michigan/UM-HS20128/2024|EPI_ISL_19072884|A_/_H1N1                  2.25%    passed    100.00%
  83  EPI3344254|HA|A/Minnesota/ISC-1264/2024|EPI_ISL_19172552|A_/_H1N1                   2.25%    passed    100.00%
  84  EPI3237678|HA|A/Michigan/MIS-RR043485541/2024|EPI_ISL_19075544|A_/_H1N1             2.25%    passed    100.00%
  85  EPI3297153|HA|A/Florida/ISC-1175/2024|EPI_ISL_19141594|A_/_H1N1                     2.25%    passed    100.00%
  86  EPI3265859|HA|A/Michigan/81/2024|EPI_ISL_19109224|A_/_H1N1                          2.25%    passed    100.00%
  87  EPI4056506|HA|A/California/LACPHL-INF01228/2024|EPI_ISL_19764729|A_/_H1N1           2.25%    passed    100.00%
  88  EPI3870692|HA|A/Michigan/UM-10061460092/2024|EPI_ISL_19700101|A_/_H1N1              2.25%    passed    100.00%
  89  EPI3869059|HA|A/Michigan/UM-10061509841/2024|EPI_ISL_19699897|A_/_H1N1              2.25%    passed    100.00%
  90  EPI3572806|HA|A/California/LACPHL-INF00509/2024|EPI_ISL_19442317|A_/_H1N1           2.25%    passed    100.00%
  91  EPI3122170|HA|A/Minnesota/ISC-1043/2024|EPI_ISL_18988640|A_/_H1N1                   2.25%    passed    100.00%
  92  EPI3094775|HA|A/California/04/2024|EPI_ISL_18957682|A_/_H1N1                        2.25%    passed    100.00%
  93  EPI3760623|HA|A/District_Of_Columbia/45/2024|EPI_ISL_19647190|A_/_H1N1              2.25%    passed    100.00%
  94  EPI3170932|HA|A/LA/EVTL-21610/2024|EPI_ISL_19026765|A_/_H1N1                        2.25%    passed    100.00%
  95  EPI3274649|HA|A/Michigan/MIS-009930407/2024|EPI_ISL_19126337|A_/_H1N1               2.25%    passed    100.00%
  96  EPI3223534|HA|A/Michigan/UM-10056385790/2024|EPI_ISL_19064474|A_/_H1N1              2.25%    passed    100.00%
  97  EPI3843864|HA|A/California/LACPHL-INF01014/2024|EPI_ISL_19688233|A_/_H1N1           3.97%    passed    100.00%
  98  EPI3279181|HA|A/Michigan/UM-10055924776/2024|EPI_ISL_19131819|A_/_H1N1              2.25%    passed    100.00%
****  TOTAL                                                                               2.26%  1 sequences failed composition chi2 test (p-value<5%; df=19)
Reading input tree file results/per_year_clustered/H1N1/trees/H1N1_2024.treefile ...

NOTE: 24 MB RAM (0 GB) is required!
Estimate model parameters (epsilon = 0.010)
1. Initial log-likelihood: -6465.482
2. Current log-likelihood: -6465.198
3. Current log-likelihood: -6465.139
Optimal log-likelihood: -6465.135
Gamma shape alpha: 0.916
Parameters optimization took 3 rounds (1.227 sec)
Wrote distance file to... 
BEST SCORE FOUND : -6465.135
Ancestral state probabilities printed to results/per_year_clustered/H1N1/trees/H1N1_2024_asr.state
Total tree length: 2.629

Total number of iterations: 0
CPU time used for tree search: 0.000 sec (0h:0m:0s)
Wall-clock time used for tree search: 0.000 sec (0h:0m:0s)
Total CPU time used: 1.598 sec (0h:0m:1s)
Total wall-clock time used: 1.723 sec (0h:0m:1s)

Analysis results written to: 
  IQ-TREE report:                results/per_year_clustered/H1N1/trees/H1N1_2024_asr.iqtree
  Maximum-likelihood tree:       results/per_year_clustered/H1N1/trees/H1N1_2024_asr.treefile
  Ancestral state:               results/per_year_clustered/H1N1/trees/H1N1_2024_asr.state
  Screen log file:               results/per_year_clustered/H1N1/trees/H1N1_2024_asr.log

Date and Time: Sat Nov 22 11:02:35 2025
