IQ-TREE version 3.0.1 for Linux x86 64-bit built Jul  9 2025
Developed by Bui Quang Minh, Thomas Wong, Nhan Ly-Trong, Huaiyan Ren
Contributed by Lam-Tung Nguyen, Dominik Schrempf, Chris Bielow,
Olga Chernomor, Michael Woodhams, Diep Thi Hoang, Heiko Schmidt

Host:    rtis-hpc-r09.uod.otago.ac.nz (AVX2, FMA3, 1006 GB RAM)
Command: iqtree -s results/per_year_clustered/H1N1/alignments/H1N1_2020_aligned.fasta -m LG+G4 -te results/per_year_clustered/H1N1/trees/H1N1_2020.treefile -asr -pre results/per_year_clustered/H1N1/trees/H1N1_2020_asr -redo -quiet
Seed:    590810 (Using SPRNG - Scalable Parallel Random Number Generator)
Time:    Sat Nov 22 10:58:57 2025
Kernel:  AVX+FMA - 1 threads (8 CPU cores detected)

HINT: Use -nt option to specify number of threads because your CPU has 8 cores!
HINT: -nt AUTO will automatically determine the best number of threads to use.

Reading alignment file results/per_year_clustered/H1N1/alignments/H1N1_2020_aligned.fasta ... Fasta format detected
Reading fasta file: done in 0.000156062 secs using 66% CPU
Alignment most likely contains protein sequences
Constructing alignment: done in 0.000216665 secs using 66.46% CPU
Alignment has 16 sequences with 566 columns, 96 distinct patterns
25 parsimony-informative, 51 singleton sites, 490 constant sites
                                                                  Gap/Ambiguity  Composition  p-value
Analyzing sequences: done in 6.41192e-06 secs using 93.58% CPU
   1  EPI1885077|HA|A/Dubai/DH112/2020|EPI_ISL_3376994|A_/_H1N1           0.00%    passed    100.00%
   2  EPI2248017|HA|A/Yamaguchi/19FS198/2020|EPI_ISL_16196752|A_/_H1N1    0.00%    passed    100.00%
   3  EPI1746185|HA|A/AKITA/15/2020|EPI_ISL_470819|A_/_H1N1               0.00%    passed    100.00%
   4  EPI2650460|HA|A/Saudi_Arabia/39/2020|EPI_ISL_18037990|A_/_H1N1      0.00%    passed    100.00%
   5  EPI2650473|HA|A/Saudi_Arabia/40/2020|EPI_ISL_18037993|A_/_H1N1      0.00%    passed    100.00%
   6  EPI1814766|HA|A/Beirut/AUB_1246_N/2020|EPI_ISL_671771|A_/_H1N1      0.00%    passed    100.00%
   7  EPI1852579|HA|A/Nonthaburi/76/2020|EPI_ISL_1296433|A_/_H1N1         0.00%    passed    100.00%
   8  EPI1852611|HA|A/Chiang_Rai/68/2020|EPI_ISL_1296437|A_/_H1N1         0.00%    passed    100.00%
   9  EPI1727956|HA|A/Sweden/17/2020|EPI_ISL_426280|A_/_H1N1              0.00%    passed    100.00%
  10  EPI1750234|HA|A/England/200420376/2020|EPI_ISL_480532|A_/_H1N1      0.00%    passed    100.00%
  11  EPI1754899|HA|A/England/46/2020|EPI_ISL_487070|A_/_H1N1             0.00%    passed    100.00%
  12  EPI1729001|HA|A/Arizona/11480/2020|EPI_ISL_427834|A_/_H1N1          0.00%    passed    100.00%
  13  EPI1717509|HA|A/Arkansas/15/2020|EPI_ISL_416874|A_/_H1N1            0.00%    passed    100.00%
  14  EPI1717697|HA|A/Mississippi/13/2020|EPI_ISL_416901|A_/_H1N1         0.00%    passed    100.00%
  15  EPI1870400|HA|A/Michigan/28/2020|EPI_ISL_2521404|A_/_H1N1           0.00%    passed    100.00%
  16  EPI1725366|HA|A/Maryland/17/2020|EPI_ISL_424687|A_/_H1N1            0.00%    passed    100.00%
****  TOTAL                                                               0.00%  0 sequences failed composition chi2 test (p-value<5%; df=19)
Reading input tree file results/per_year_clustered/H1N1/trees/H1N1_2020.treefile ...

NOTE: 1 MB RAM (0 GB) is required!
Estimate model parameters (epsilon = 0.010)
1. Initial log-likelihood: -2377.255
2. Current log-likelihood: -2376.455
Optimal log-likelihood: -2376.454
Gamma shape alpha: 0.441
Parameters optimization took 2 rounds (0.034 sec)
Wrote distance file to... 
BEST SCORE FOUND : -2376.454
Ancestral state probabilities printed to results/per_year_clustered/H1N1/trees/H1N1_2020_asr.state
Total tree length: 0.163

Total number of iterations: 0
CPU time used for tree search: 0.000 sec (0h:0m:0s)
Wall-clock time used for tree search: 0.000 sec (0h:0m:0s)
Total CPU time used: 0.087 sec (0h:0m:0s)
Total wall-clock time used: 0.121 sec (0h:0m:0s)

Analysis results written to: 
  IQ-TREE report:                results/per_year_clustered/H1N1/trees/H1N1_2020_asr.iqtree
  Maximum-likelihood tree:       results/per_year_clustered/H1N1/trees/H1N1_2020_asr.treefile
  Ancestral state:               results/per_year_clustered/H1N1/trees/H1N1_2020_asr.state
  Screen log file:               results/per_year_clustered/H1N1/trees/H1N1_2020_asr.log

Date and Time: Sat Nov 22 10:58:57 2025
