IQ-TREE version 3.0.1 for Linux x86 64-bit built Jul  9 2025
Developed by Bui Quang Minh, Thomas Wong, Nhan Ly-Trong, Huaiyan Ren
Contributed by Lam-Tung Nguyen, Dominik Schrempf, Chris Bielow,
Olga Chernomor, Michael Woodhams, Diep Thi Hoang, Heiko Schmidt

Host:    aoraki-login.otago.ac.nz (AVX2, FMA3, 1007 GB RAM)
Command: iqtree -s results/per_year_clustered/H1N1/alignments/H1N1_2010_aligned.fasta -m LG+G4 -bb 1000 -nt 16 -pre results/per_year_clustered/H1N1/trees/H1N1_2010 -redo -quiet
Seed:    116305 (Using SPRNG - Scalable Parallel Random Number Generator)
Time:    Thu Nov 20 16:47:41 2025
Kernel:  AVX+FMA - 16 threads (128 CPU cores detected)

Reading alignment file results/per_year_clustered/H1N1/alignments/H1N1_2010_aligned.fasta ... Fasta format detected
Reading fasta file: done in 0.000225493 secs using 92.69% CPU
Alignment most likely contains protein sequences
Constructing alignment: done in 0.000332553 secs using 99.83% CPU
Alignment has 24 sequences with 575 columns, 161 distinct patterns
21 parsimony-informative, 151 singleton sites, 403 constant sites
                                                                       Gap/Ambiguity  Composition  p-value
Analyzing sequences: done in 3.73712e-05 secs using 85.63% CPU
   1  EPI349529|HA|A/Taiwan/3994/2010|EPI_ISL_101899|A_/_H1N1                  1.57%    passed    100.00%
   2  EPI349528|HA|A/Taiwan/1164/2010|EPI_ISL_101898|A_/_H1N1                  1.57%    passed    100.00%
   3  EPI249899|HA|A/Nagasaki/HA-10-5/2010|EPI_ISL_71903|A_/_H1N1              1.57%    passed    100.00%
   4  EPI272412|HA|A/NIIGATA/194/2010|EPI_ISL_77265|A_/_H1N1                   1.57%    passed    100.00%
   5  EPI598887|HA|A/Bangkok/SIMI510/2010|EPI_ISL_181410|A_/_H1N1              1.57%    passed    100.00%
   6  EPI598885|HA|A/Bangkok/SIMI508/2010|EPI_ISL_181408|A_/_H1N1              1.57%    passed    100.00%
   7  EPI302108|HA|A/Taiwan/733/2010|EPI_ISL_86017|A_/_H1N1                    1.57%    passed    100.00%
   8  EPI324760|HA|A/Thailand/CU-MV6/2010|EPI_ISL_93119|A_/_H1N1               0.00%    passed    100.00%
   9  EPI334839|HA|A/Aichi/118/2010|EPI_ISL_95637|A_/_H1N1                     1.57%    passed    100.00%
  10  EPI403823|HA|A/England/03220137/2010|EPI_ISL_131599|A_/_H1N1             1.57%    passed    100.00%
  11  EPI403839|HA|A/Northern_Ireland/04380108/2010|EPI_ISL_131604|A_/_H1N1    1.57%    passed    100.00%
  12  EPI273891|HA|A/Dnipropetrovsk/445/2010|EPI_ISL_77716|A_/_H1N1            1.57%    passed    100.00%
  13  EPI278514|HA|A/Ukraine/123/2010|EPI_ISL_79191|A_/_H1N1                   1.57%    passed    100.00%
  14  EPI295619|HA|A/Slovakia/1623/2010|EPI_ISL_84236|A_/_H1N1                 1.57%    passed    100.00%
  15  EPI295631|HA|A/Switzerland/3628824/2010|EPI_ISL_84242|A_/_H1N1           1.57%    passed    100.00%
  16  EPI299615|HA|A/Switzerland/5165/2010|EPI_ISL_85201|A_/_H1N1              1.57%    passed     97.56%
  17  EPI492960|HA|A/Extremadura/6530/2010|EPI_ISL_151911|A_/_H1N1             1.57%    passed    100.00%
  18  EPI280341|HA|A/Christchurch/16/2010|EPI_ISL_79721|A_/_H1N1               1.57%    passed    100.00%
  19  EPI250026|HA|A/Maryland/04/2010|EPI_ISL_71959|A_/_H1N1                   1.57%    passed    100.00%
  20  EPI252143|HA|A/Minnesota/02/2010|EPI_ISL_73406|A_/_H1N1                  1.57%    passed    100.00%
  21  EPI273717|HA|A/Minnesota/03/2010|EPI_ISL_77664|A_/_H1N1                  1.57%    passed    100.00%
  22  EPI278832|HA|A/California/11/2010|EPI_ISL_79343|A_/_H1N1                 1.57%    passed    100.00%
  23  EPI300969|HA|A/Indiana/06/2010|EPI_ISL_85569|A_/_H1N1                    1.57%    passed    100.00%
  24  EPI301713|HA|A/Hawaii/16/2010|EPI_ISL_85813|A_/_H1N1                     1.57%    passed    100.00%
****  TOTAL                                                                    1.50%  0 sequences failed composition chi2 test (p-value<5%; df=19)
Checking for duplicate sequences: done in 4.12781e-05 secs using 84.79% CPU
Creating fast initial parsimony tree by random order stepwise addition...
0.018 seconds, parsimony score: 214 (based on 172 sites)
Generating 1000 samples for ultrafast bootstrap (seed: 116305)...

NOTE: 3 MB RAM (0 GB) is required!
WARNING: Number of threads seems too high for short alignments. Use -T AUTO to determine best number of threads.
Estimate model parameters (epsilon = 0.100)
1. Initial log-likelihood: -2973.666
2. Current log-likelihood: -2973.246
Optimal log-likelihood: -2973.240
Gamma shape alpha: 1.180
Parameters optimization took 2 rounds (0.035 sec)
Wrote distance file to... 
Computing ML distances based on estimated model parameters...
Calculating distance matrix: done in 0.00538406 secs using 1491% CPU
Computing ML distances took 0.005444 sec (of wall-clock time) 0.095262 sec (of CPU time)
Setting up auxiliary I and S matrices: done in 0.00106341 secs using 1050% CPU
Constructing RapidNJ tree: done in 0.0252902 secs using 531.5% CPU
Computing RapidNJ tree took 0.026448 sec (of wall-clock time) 0.146720 sec (of CPU time)
Log-likelihood of RapidNJ tree: -2988.558
--------------------------------------------------------------------
|             INITIALIZING CANDIDATE TREE SET                      |
--------------------------------------------------------------------
Generating 98 parsimony trees... 0.030 second
Computing log-likelihood of 98 initial trees ... 1.008 seconds
Current best score: -2971.140

Do NNI search on 20 best initial trees
Optimizing NNI: done in 0.116368 secs using 1586% CPU
Estimate model parameters (epsilon = 0.100)
BETTER TREE FOUND at iteration 1: -2971.138
Optimizing NNI: done in 0.120702 secs using 1590% CPU
BETTER TREE FOUND at iteration 2: -2971.138
Optimizing NNI: done in 0.123805 secs using 1593% CPU
Optimizing NNI: done in 0.126996 secs using 1591% CPU
Optimizing NNI: done in 0.141979 secs using 1593% CPU
Optimizing NNI: done in 0.138637 secs using 1595% CPU
Optimizing NNI: done in 0.136632 secs using 1594% CPU
Optimizing NNI: done in 0.118922 secs using 1594% CPU
Optimizing NNI: done in 0.118877 secs using 1594% CPU
Optimizing NNI: done in 0.124508 secs using 1586% CPU
Iteration 10 / LogL: -2971.301 / Time: 0h:0m:2s
Optimizing NNI: done in 0.117746 secs using 1595% CPU
Optimizing NNI: done in 0.130303 secs using 1588% CPU
Optimizing NNI: done in 0.127967 secs using 1593% CPU
Optimizing NNI: done in 0.120925 secs using 1594% CPU
Optimizing NNI: done in 0.0590229 secs using 1552% CPU
Optimizing NNI: done in 0.111328 secs using 1587% CPU
Optimizing NNI: done in 0.123285 secs using 1586% CPU
Optimizing NNI: done in 0.131883 secs using 1591% CPU
Optimizing NNI: done in 0.12806 secs using 1590% CPU
Optimizing NNI: done in 0.131892 secs using 1594% CPU
Iteration 20 / LogL: -2973.239 / Time: 0h:0m:3s
Finish initializing candidate tree set (20)
Current best tree score: -2971.138 / CPU time: 3.567
Number of iterations: 20
--------------------------------------------------------------------
|               OPTIMIZING CANDIDATE TREE SET                      |
--------------------------------------------------------------------
Optimizing NNI: done in 0.195743 secs using 1589% CPU
Optimizing NNI: done in 0.193459 secs using 1586% CPU
Optimizing NNI: done in 0.1973 secs using 1589% CPU
Optimizing NNI: done in 0.134964 secs using 1591% CPU
Optimizing NNI: done in 0.235825 secs using 1593% CPU
Optimizing NNI: done in 0.128914 secs using 1592% CPU
Optimizing NNI: done in 0.231178 secs using 1596% CPU
Optimizing NNI: done in 0.278646 secs using 1593% CPU
Optimizing NNI: done in 0.135954 secs using 1586% CPU
Optimizing NNI: done in 0.202322 secs using 1588% CPU
Iteration 30 / LogL: -2971.143 / Time: 0h:0m:5s (0h:0m:14s left)
Optimizing NNI: done in 0.0598092 secs using 1593% CPU
Optimizing NNI: done in 0.125415 secs using 1587% CPU
Optimizing NNI: done in 0.28141 secs using 1594% CPU
Optimizing NNI: done in 0.22215 secs using 1590% CPU
Optimizing NNI: done in 0.31712 secs using 1594% CPU
Optimizing NNI: done in 0.211234 secs using 1591% CPU
Optimizing NNI: done in 0.209821 secs using 1591% CPU
Optimizing NNI: done in 0.140846 secs using 1584% CPU
Optimizing NNI: done in 0.257952 secs using 1593% CPU
Optimizing NNI: done in 0.219911 secs using 1580% CPU
Iteration 40 / LogL: -2974.031 / Time: 0h:0m:7s (0h:0m:12s left)
Optimizing NNI: done in 0.130872 secs using 1593% CPU
Optimizing NNI: done in 0.198033 secs using 1589% CPU
Optimizing NNI: done in 0.171314 secs using 1597% CPU
Optimizing NNI: done in 0.256606 secs using 1586% CPU
Optimizing NNI: done in 0.12716 secs using 1602% CPU
Optimizing NNI: done in 0.296823 secs using 1591% CPU
BETTER TREE FOUND at iteration 46: -2971.138
Optimizing NNI: done in 0.169378 secs using 1588% CPU
Optimizing NNI: done in 0.192714 secs using 1594% CPU
Optimizing NNI: done in 0.205476 secs using 1589% CPU
Optimizing NNI: done in 0.241536 secs using 1594% CPU
Iteration 50 / LogL: -2971.140 / Time: 0h:0m:9s (0h:0m:19s left)
Log-likelihood cutoff on original alignment: -2991.762
Optimizing NNI: done in 0.134308 secs using 1584% CPU
Optimizing NNI: done in 0.136212 secs using 1584% CPU
Optimizing NNI: done in 0.142393 secs using 1582% CPU
Optimizing NNI: done in 0.236526 secs using 1590% CPU
Optimizing NNI: done in 0.136825 secs using 1592% CPU
Optimizing NNI: done in 0.186468 secs using 1587% CPU
Optimizing NNI: done in 0.132063 secs using 1589% CPU
Optimizing NNI: done in 0.128823 secs using 1594% CPU
Optimizing NNI: done in 0.267748 secs using 1586% CPU
Optimizing NNI: done in 0.245423 secs using 1596% CPU
Iteration 60 / LogL: -2971.139 / Time: 0h:0m:11s (0h:0m:16s left)
Optimizing NNI: done in 0.201057 secs using 1591% CPU
Optimizing NNI: done in 0.0662781 secs using 1585% CPU
Optimizing NNI: done in 0.123577 secs using 1596% CPU
Optimizing NNI: done in 0.255423 secs using 1595% CPU
Optimizing NNI: done in 0.18493 secs using 1593% CPU
Optimizing NNI: done in 0.0993922 secs using 1586% CPU
Optimizing NNI: done in 0.19083 secs using 1591% CPU
Optimizing NNI: done in 0.231714 secs using 1593% CPU
Optimizing NNI: done in 0.126977 secs using 1591% CPU
Optimizing NNI: done in 0.200951 secs using 1592% CPU
Iteration 70 / LogL: -2971.141 / Time: 0h:0m:13s (0h:0m:14s left)
Optimizing NNI: done in 0.178867 secs using 1592% CPU
Optimizing NNI: done in 0.129374 secs using 1598% CPU
Optimizing NNI: done in 0.260541 secs using 1587% CPU
Optimizing NNI: done in 0.181249 secs using 1588% CPU
Optimizing NNI: done in 0.241691 secs using 1588% CPU
Optimizing NNI: done in 0.174335 secs using 1587% CPU
Optimizing NNI: done in 0.194279 secs using 1589% CPU
Optimizing NNI: done in 0.205124 secs using 1591% CPU
Optimizing NNI: done in 0.239347 secs using 1596% CPU
Optimizing NNI: done in 0.257828 secs using 1593% CPU
Iteration 80 / LogL: -2971.140 / Time: 0h:0m:15s (0h:0m:12s left)
Optimizing NNI: done in 0.293788 secs using 1589% CPU
Optimizing NNI: done in 0.333617 secs using 1588% CPU
Optimizing NNI: done in 0.11181 secs using 1594% CPU
Optimizing NNI: done in 0.26697 secs using 1591% CPU
Optimizing NNI: done in 0.310027 secs using 1592% CPU
Optimizing NNI: done in 0.282082 secs using 1591% CPU
Optimizing NNI: done in 0.449564 secs using 1590% CPU
Optimizing NNI: done in 0.203528 secs using 1594% CPU
Optimizing NNI: done in 0.0600642 secs using 1589% CPU
Optimizing NNI: done in 0.130121 secs using 1602% CPU
Iteration 90 / LogL: -2974.942 / Time: 0h:0m:17s (0h:0m:11s left)
Optimizing NNI: done in 0.150802 secs using 1594% CPU
Optimizing NNI: done in 0.13279 secs using 1590% CPU
Optimizing NNI: done in 0.265613 secs using 1593% CPU
Optimizing NNI: done in 0.116833 secs using 1594% CPU
Optimizing NNI: done in 0.13266 secs using 1597% CPU
Optimizing NNI: done in 0.175081 secs using 1589% CPU
Optimizing NNI: done in 0.276685 secs using 1592% CPU
Optimizing NNI: done in 0.136552 secs using 1586% CPU
Optimizing NNI: done in 0.181844 secs using 1591% CPU
Optimizing NNI: done in 0.319503 secs using 1589% CPU
Iteration 100 / LogL: -2971.143 / Time: 0h:0m:19s (0h:0m:9s left)
Log-likelihood cutoff on original alignment: -2991.762
NOTE: Bootstrap correlation coefficient of split occurrence frequencies: 0.920
NOTE: UFBoot does not converge, continue at least 100 more iterations
Optimizing NNI: done in 0.117533 secs using 1583% CPU
Optimizing NNI: done in 0.200459 secs using 1580% CPU
Optimizing NNI: done in 0.275775 secs using 1589% CPU
Optimizing NNI: done in 0.13528 secs using 1589% CPU
Optimizing NNI: done in 0.132824 secs using 1593% CPU
Optimizing NNI: done in 0.21965 secs using 1586% CPU
Optimizing NNI: done in 0.0618239 secs using 1596% CPU
Optimizing NNI: done in 0.267426 secs using 1595% CPU
Optimizing NNI: done in 0.133055 secs using 1589% CPU
Optimizing NNI: done in 0.298789 secs using 1586% CPU
Iteration 110 / LogL: -2971.139 / Time: 0h:0m:21s (0h:0m:18s left)
Optimizing NNI: done in 0.134399 secs using 1587% CPU
Optimizing NNI: done in 0.133234 secs using 1588% CPU
Optimizing NNI: done in 0.25184 secs using 1585% CPU
Optimizing NNI: done in 0.20618 secs using 1589% CPU
Optimizing NNI: done in 0.193874 secs using 1593% CPU
Optimizing NNI: done in 0.178601 secs using 1594% CPU
Optimizing NNI: done in 0.240411 secs using 1596% CPU
Optimizing NNI: done in 0.259841 secs using 1586% CPU
Optimizing NNI: done in 0.128789 secs using 1583% CPU
Optimizing NNI: done in 0.150893 secs using 1592% CPU
Iteration 120 / LogL: -2971.138 / Time: 0h:0m:23s (0h:0m:15s left)
Optimizing NNI: done in 0.132659 secs using 1595% CPU
Optimizing NNI: done in 0.0649804 secs using 1593% CPU
Optimizing NNI: done in 0.176178 secs using 1590% CPU
Optimizing NNI: done in 0.190036 secs using 1598% CPU
Optimizing NNI: done in 0.192742 secs using 1592% CPU
Optimizing NNI: done in 0.132991 secs using 1591% CPU
Optimizing NNI: done in 0.13047 secs using 1584% CPU
Optimizing NNI: done in 0.174724 secs using 1592% CPU
Optimizing NNI: done in 0.0672361 secs using 1587% CPU
Optimizing NNI: done in 0.12649 secs using 1586% CPU
Iteration 130 / LogL: -2987.956 / Time: 0h:0m:25s (0h:0m:13s left)
Optimizing NNI: done in 0.132235 secs using 1590% CPU
Optimizing NNI: done in 0.12673 secs using 1594% CPU
Optimizing NNI: done in 0.267188 secs using 1590% CPU
Optimizing NNI: done in 0.200838 secs using 1593% CPU
Optimizing NNI: done in 0.265854 secs using 1592% CPU
Optimizing NNI: done in 0.177023 secs using 1590% CPU
Optimizing NNI: done in 0.132578 secs using 1596% CPU
Optimizing NNI: done in 0.100748 secs using 1596% CPU
Optimizing NNI: done in 0.277006 secs using 1592% CPU
Optimizing NNI: done in 0.287848 secs using 1587% CPU
Iteration 140 / LogL: -2990.097 / Time: 0h:0m:27s (0h:0m:11s left)
Optimizing NNI: done in 0.324837 secs using 1593% CPU
Optimizing NNI: done in 0.145288 secs using 1597% CPU
Optimizing NNI: done in 0.132603 secs using 1584% CPU
Optimizing NNI: done in 0.0661882 secs using 1611% CPU
BETTER TREE FOUND at iteration 144: -2971.138
Optimizing NNI: done in 0.246039 secs using 1590% CPU
Optimizing NNI: done in 0.111464 secs using 1591% CPU
Optimizing NNI: done in 0.203664 secs using 1592% CPU
Optimizing NNI: done in 0.232158 secs using 1591% CPU
Optimizing NNI: done in 0.215865 secs using 1585% CPU
Optimizing NNI: done in 0.0580219 secs using 1588% CPU
Iteration 150 / LogL: -2971.138 / Time: 0h:0m:29s (0h:0m:18s left)
Log-likelihood cutoff on original alignment: -2991.761
Optimizing NNI: done in 0.122302 secs using 1599% CPU
Optimizing NNI: done in 0.200618 secs using 1591% CPU
Optimizing NNI: done in 0.240172 secs using 1588% CPU
Optimizing NNI: done in 0.130577 secs using 1584% CPU
Optimizing NNI: done in 0.173492 secs using 1587% CPU
Optimizing NNI: done in 0.250574 secs using 1589% CPU
Optimizing NNI: done in 0.143404 secs using 1597% CPU
Optimizing NNI: done in 0.214943 secs using 1586% CPU
Optimizing NNI: done in 0.101875 secs using 1593% CPU
Optimizing NNI: done in 0.172375 secs using 1584% CPU
Iteration 160 / LogL: -2971.305 / Time: 0h:0m:30s (0h:0m:16s left)
Optimizing NNI: done in 0.107703 secs using 1579% CPU
Optimizing NNI: done in 0.123324 secs using 1599% CPU
Optimizing NNI: done in 0.208322 secs using 1596% CPU
Optimizing NNI: done in 0.113169 secs using 1603% CPU
Optimizing NNI: done in 0.223737 secs using 1586% CPU
Optimizing NNI: done in 0.191935 secs using 1590% CPU
Optimizing NNI: done in 0.31333 secs using 1595% CPU
Optimizing NNI: done in 0.241071 secs using 1592% CPU
Optimizing NNI: done in 0.0976611 secs using 1580% CPU
Optimizing NNI: done in 0.258222 secs using 1590% CPU
Iteration 170 / LogL: -2971.139 / Time: 0h:0m:32s (0h:0m:14s left)
Optimizing NNI: done in 0.122578 secs using 1597% CPU
Optimizing NNI: done in 0.214232 secs using 1589% CPU
Optimizing NNI: done in 0.125285 secs using 1600% CPU
Optimizing NNI: done in 0.189224 secs using 1597% CPU
Optimizing NNI: done in 0.105888 secs using 1594% CPU
Optimizing NNI: done in 0.2684 secs using 1589% CPU
Optimizing NNI: done in 0.116418 secs using 1586% CPU
Optimizing NNI: done in 0.309736 secs using 1587% CPU
Optimizing NNI: done in 0.121971 secs using 1592% CPU
Optimizing NNI: done in 0.19068 secs using 1593% CPU
Iteration 180 / LogL: -2971.139 / Time: 0h:0m:34s (0h:0m:12s left)
Optimizing NNI: done in 0.203902 secs using 1591% CPU
Optimizing NNI: done in 0.276366 secs using 1594% CPU
Optimizing NNI: done in 0.185506 secs using 1594% CPU
Optimizing NNI: done in 0.119051 secs using 1591% CPU
Optimizing NNI: done in 0.121833 secs using 1594% CPU
Optimizing NNI: done in 0.126646 secs using 1596% CPU
Optimizing NNI: done in 0.139726 secs using 1595% CPU
Optimizing NNI: done in 0.0606563 secs using 1602% CPU
Optimizing NNI: done in 0.260596 secs using 1589% CPU
Optimizing NNI: done in 0.185503 secs using 1587% CPU
Iteration 190 / LogL: -2971.140 / Time: 0h:0m:36s (0h:0m:10s left)
Optimizing NNI: done in 0.363422 secs using 1594% CPU
Optimizing NNI: done in 0.144274 secs using 1589% CPU
Optimizing NNI: done in 0.260195 secs using 1591% CPU
Optimizing NNI: done in 0.296961 secs using 1590% CPU
Optimizing NNI: done in 0.186137 secs using 1590% CPU
Optimizing NNI: done in 0.21908 secs using 1592% CPU
Optimizing NNI: done in 0.230406 secs using 1595% CPU
Optimizing NNI: done in 0.118447 secs using 1598% CPU
Optimizing NNI: done in 0.191748 secs using 1587% CPU
Optimizing NNI: done in 0.123839 secs using 1594% CPU
Iteration 200 / LogL: -2979.759 / Time: 0h:0m:38s (0h:0m:8s left)
Log-likelihood cutoff on original alignment: -2991.762
NOTE: Bootstrap correlation coefficient of split occurrence frequencies: 0.973
NOTE: UFBoot does not converge, continue at least 100 more iterations
Optimizing NNI: done in 0.208184 secs using 1591% CPU
Optimizing NNI: done in 0.201407 secs using 1581% CPU
Optimizing NNI: done in 0.112222 secs using 1586% CPU
Optimizing NNI: done in 0.231955 secs using 1589% CPU
Optimizing NNI: done in 0.270833 secs using 1592% CPU
Optimizing NNI: done in 0.111574 secs using 1597% CPU
Optimizing NNI: done in 0.125355 secs using 1601% CPU
Optimizing NNI: done in 0.255684 secs using 1587% CPU
Optimizing NNI: done in 0.203184 secs using 1592% CPU
Optimizing NNI: done in 0.109808 secs using 1578% CPU
Iteration 210 / LogL: -2971.139 / Time: 0h:0m:40s (0h:0m:17s left)
Optimizing NNI: done in 0.0510765 secs using 1591% CPU
Optimizing NNI: done in 0.114581 secs using 1597% CPU
Optimizing NNI: done in 0.106763 secs using 1596% CPU
Optimizing NNI: done in 0.096685 secs using 1597% CPU
Optimizing NNI: done in 0.0957577 secs using 1594% CPU
Optimizing NNI: done in 0.265011 secs using 1593% CPU
Optimizing NNI: done in 0.244399 secs using 1594% CPU
Optimizing NNI: done in 0.234155 secs using 1597% CPU
Optimizing NNI: done in 0.192363 secs using 1589% CPU
Optimizing NNI: done in 0.282106 secs using 1591% CPU
Iteration 220 / LogL: -2971.141 / Time: 0h:0m:42s (0h:0m:15s left)
Optimizing NNI: done in 0.131829 secs using 1594% CPU
Optimizing NNI: done in 0.256893 secs using 1586% CPU
Optimizing NNI: done in 0.247459 secs using 1594% CPU
Optimizing NNI: done in 0.0622907 secs using 1584% CPU
Optimizing NNI: done in 0.205496 secs using 1596% CPU
Optimizing NNI: done in 0.236392 secs using 1591% CPU
Optimizing NNI: done in 0.124652 secs using 1594% CPU
Optimizing NNI: done in 0.258086 secs using 1586% CPU
Optimizing NNI: done in 0.274473 secs using 1593% CPU
Optimizing NNI: done in 0.234903 secs using 1592% CPU
Iteration 230 / LogL: -2971.308 / Time: 0h:0m:44s (0h:0m:13s left)
Optimizing NNI: done in 0.144595 secs using 1585% CPU
Optimizing NNI: done in 0.222947 secs using 1593% CPU
Optimizing NNI: done in 0.244767 secs using 1593% CPU
Optimizing NNI: done in 0.180272 secs using 1589% CPU
Optimizing NNI: done in 0.0693029 secs using 1586% CPU
Optimizing NNI: done in 0.28392 secs using 1592% CPU
Optimizing NNI: done in 0.301118 secs using 1591% CPU
Optimizing NNI: done in 0.156654 secs using 1594% CPU
Optimizing NNI: done in 0.240666 secs using 1591% CPU
Optimizing NNI: done in 0.150144 secs using 1600% CPU
BETTER TREE FOUND at iteration 240: -2971.138
Iteration 240 / LogL: -2971.138 / Time: 0h:0m:46s (0h:0m:19s left)
Optimizing NNI: done in 0.238367 secs using 1589% CPU
Optimizing NNI: done in 0.379206 secs using 1589% CPU
Optimizing NNI: done in 0.225117 secs using 1592% CPU
Optimizing NNI: done in 0.295466 secs using 1594% CPU
Optimizing NNI: done in 0.142417 secs using 1587% CPU
Optimizing NNI: done in 0.303037 secs using 1591% CPU
Optimizing NNI: done in 0.144798 secs using 1585% CPU
Optimizing NNI: done in 0.0915528 secs using 1582% CPU
Optimizing NNI: done in 0.238311 secs using 1589% CPU
Optimizing NNI: done in 0.132335 secs using 1599% CPU
Iteration 250 / LogL: -2974.032 / Time: 0h:0m:48s (0h:0m:17s left)
Log-likelihood cutoff on original alignment: -2993.355
Optimizing NNI: done in 0.234108 secs using 1589% CPU
Optimizing NNI: done in 0.299774 secs using 1589% CPU
Optimizing NNI: done in 0.193218 secs using 1589% CPU
Optimizing NNI: done in 0.134322 secs using 1576% CPU
Optimizing NNI: done in 0.197606 secs using 1585% CPU
Optimizing NNI: done in 0.192073 secs using 1589% CPU
Optimizing NNI: done in 0.139825 secs using 1593% CPU
Optimizing NNI: done in 0.144818 secs using 1582% CPU
Optimizing NNI: done in 0.220101 secs using 1584% CPU
Optimizing NNI: done in 0.211623 secs using 1592% CPU
Iteration 260 / LogL: -2979.026 / Time: 0h:0m:50s (0h:0m:15s left)
Optimizing NNI: done in 0.269438 secs using 1589% CPU
Optimizing NNI: done in 0.13833 secs using 1595% CPU
Optimizing NNI: done in 0.21947 secs using 1587% CPU
Optimizing NNI: done in 0.274464 secs using 1589% CPU
Optimizing NNI: done in 0.220556 secs using 1584% CPU
Optimizing NNI: done in 0.284545 secs using 1587% CPU
Optimizing NNI: done in 0.394771 secs using 1583% CPU
Optimizing NNI: done in 0.236446 secs using 1582% CPU
Optimizing NNI: done in 0.469932 secs using 1588% CPU
Optimizing NNI: done in 0.15406 secs using 1585% CPU
Iteration 270 / LogL: -2974.944 / Time: 0h:0m:53s (0h:0m:13s left)
Optimizing NNI: done in 0.272348 secs using 1585% CPU
Optimizing NNI: done in 0.226119 secs using 1586% CPU
Optimizing NNI: done in 0.157154 secs using 1589% CPU
Optimizing NNI: done in 0.138311 secs using 1587% CPU
Optimizing NNI: done in 0.255945 secs using 1583% CPU
Optimizing NNI: done in 0.15909 secs using 1591% CPU
BETTER TREE FOUND at iteration 276: -2971.138
Optimizing NNI: done in 0.227285 secs using 1593% CPU
Optimizing NNI: done in 0.21022 secs using 1586% CPU
Optimizing NNI: done in 0.213034 secs using 1589% CPU
Optimizing NNI: done in 0.140369 secs using 1591% CPU
Iteration 280 / LogL: -2971.138 / Time: 0h:0m:55s (0h:0m:19s left)
Optimizing NNI: done in 0.168652 secs using 1592% CPU
Optimizing NNI: done in 0.156371 secs using 1587% CPU
Optimizing NNI: done in 0.0712031 secs using 1576% CPU
Optimizing NNI: done in 0.16682 secs using 1591% CPU
Optimizing NNI: done in 0.152992 secs using 1591% CPU
Optimizing NNI: done in 0.150656 secs using 1592% CPU
Optimizing NNI: done in 0.395016 secs using 1586% CPU
Optimizing NNI: done in 0.324853 secs using 1587% CPU
Optimizing NNI: done in 0.302617 secs using 1590% CPU
Optimizing NNI: done in 0.0848136 secs using 1592% CPU
Iteration 290 / LogL: -2971.138 / Time: 0h:0m:57s (0h:0m:17s left)
Optimizing NNI: done in 0.145697 secs using 1589% CPU
Optimizing NNI: done in 0.137794 secs using 1591% CPU
Optimizing NNI: done in 0.154455 secs using 1580% CPU
Optimizing NNI: done in 0.155667 secs using 1586% CPU
Optimizing NNI: done in 0.235384 secs using 1584% CPU
Optimizing NNI: done in 0.14053 secs using 1555% CPU
Optimizing NNI: done in 0.190233 secs using 1585% CPU
Optimizing NNI: done in 0.389144 secs using 1585% CPU
Optimizing NNI: done in 0.207765 secs using 1590% CPU
Optimizing NNI: done in 0.238634 secs using 1585% CPU
Iteration 300 / LogL: -2971.141 / Time: 0h:0m:59s (0h:0m:15s left)
Log-likelihood cutoff on original alignment: -2993.824
NOTE: Bootstrap correlation coefficient of split occurrence frequencies: 0.980
NOTE: UFBoot does not converge, continue at least 100 more iterations
Optimizing NNI: done in 0.139236 secs using 1587% CPU
Optimizing NNI: done in 0.191859 secs using 1587% CPU
Optimizing NNI: done in 0.134195 secs using 1598% CPU
Optimizing NNI: done in 0.180745 secs using 1590% CPU
Optimizing NNI: done in 0.173357 secs using 1594% CPU
Optimizing NNI: done in 0.199078 secs using 1583% CPU
Optimizing NNI: done in 0.131199 secs using 1584% CPU
Optimizing NNI: done in 0.114322 secs using 1598% CPU
Optimizing NNI: done in 0.198011 secs using 1591% CPU
Optimizing NNI: done in 0.131245 secs using 1579% CPU
Iteration 310 / LogL: -2974.031 / Time: 0h:1m:1s (0h:0m:17s left)
Optimizing NNI: done in 0.296356 secs using 1584% CPU
Optimizing NNI: done in 0.297934 secs using 1586% CPU
Optimizing NNI: done in 0.392031 secs using 1588% CPU
Optimizing NNI: done in 0.228635 secs using 1585% CPU
Optimizing NNI: done in 0.334252 secs using 1591% CPU
Optimizing NNI: done in 0.166649 secs using 1594% CPU
Optimizing NNI: done in 0.225556 secs using 1583% CPU
Optimizing NNI: done in 0.170617 secs using 1582% CPU
Optimizing NNI: done in 0.154742 secs using 1591% CPU
Optimizing NNI: done in 0.155545 secs using 1582% CPU
Iteration 320 / LogL: -2971.138 / Time: 0h:1m:4s (0h:0m:16s left)
Optimizing NNI: done in 0.289585 secs using 1591% CPU
Optimizing NNI: done in 0.380417 secs using 1584% CPU
Optimizing NNI: done in 0.296435 secs using 1586% CPU
Optimizing NNI: done in 0.430425 secs using 1588% CPU
Optimizing NNI: done in 0.243251 secs using 1583% CPU
Optimizing NNI: done in 0.0567429 secs using 1570% CPU
Optimizing NNI: done in 0.383115 secs using 1586% CPU
Optimizing NNI: done in 0.139322 secs using 1584% CPU
Optimizing NNI: done in 0.405281 secs using 1586% CPU
Optimizing NNI: done in 0.277686 secs using 1589% CPU
Iteration 330 / LogL: -2971.142 / Time: 0h:1m:7s (0h:0m:14s left)
Optimizing NNI: done in 0.15536 secs using 1587% CPU
Optimizing NNI: done in 0.331386 secs using 1586% CPU
Optimizing NNI: done in 0.135806 secs using 1591% CPU
Optimizing NNI: done in 0.126894 secs using 1589% CPU
Optimizing NNI: done in 0.494927 secs using 1588% CPU
Optimizing NNI: done in 0.158018 secs using 1587% CPU
Optimizing NNI: done in 0.0706993 secs using 1598% CPU
Optimizing NNI: done in 0.434552 secs using 1590% CPU
Optimizing NNI: done in 0.140277 secs using 1587% CPU
Optimizing NNI: done in 0.248982 secs using 1586% CPU
Iteration 340 / LogL: -2974.945 / Time: 0h:1m:9s (0h:0m:12s left)
Optimizing NNI: done in 0.206956 secs using 1588% CPU
Optimizing NNI: done in 0.143862 secs using 1591% CPU
Optimizing NNI: done in 0.134137 secs using 1590% CPU
Optimizing NNI: done in 0.131219 secs using 1589% CPU
Optimizing NNI: done in 0.213406 secs using 1583% CPU
Optimizing NNI: done in 0.27024 secs using 1587% CPU
Optimizing NNI: done in 0.243201 secs using 1590% CPU
Optimizing NNI: done in 0.168557 secs using 1595% CPU
Optimizing NNI: done in 0.255197 secs using 1587% CPU
Optimizing NNI: done in 0.399174 secs using 1586% CPU
Iteration 350 / LogL: -2971.141 / Time: 0h:1m:11s (0h:0m:10s left)
Log-likelihood cutoff on original alignment: -2993.824
Optimizing NNI: done in 0.22966 secs using 1587% CPU
Optimizing NNI: done in 0.224317 secs using 1596% CPU
Optimizing NNI: done in 0.225981 secs using 1585% CPU
Optimizing NNI: done in 0.211576 secs using 1588% CPU
Optimizing NNI: done in 0.145288 secs using 1587% CPU
Optimizing NNI: done in 0.235363 secs using 1588% CPU
Optimizing NNI: done in 0.156577 secs using 1580% CPU
Optimizing NNI: done in 0.250501 secs using 1594% CPU
Optimizing NNI: done in 0.314476 secs using 1582% CPU
Optimizing NNI: done in 0.397668 secs using 1586% CPU
Iteration 360 / LogL: -2971.142 / Time: 0h:1m:14s (0h:0m:8s left)
Optimizing NNI: done in 0.282944 secs using 1583% CPU
Optimizing NNI: done in 0.260932 secs using 1587% CPU
Optimizing NNI: done in 0.172745 secs using 1585% CPU
Optimizing NNI: done in 0.153427 secs using 1584% CPU
Optimizing NNI: done in 0.157764 secs using 1593% CPU
Optimizing NNI: done in 0.371329 secs using 1587% CPU
Optimizing NNI: done in 0.311301 secs using 1582% CPU
Optimizing NNI: done in 0.204988 secs using 1582% CPU
Optimizing NNI: done in 0.129132 secs using 1589% CPU
Optimizing NNI: done in 0.0616909 secs using 1598% CPU
Iteration 370 / LogL: -2971.138 / Time: 0h:1m:16s (0h:0m:6s left)
Optimizing NNI: done in 0.267702 secs using 1581% CPU
Optimizing NNI: done in 0.396817 secs using 1586% CPU
Optimizing NNI: done in 0.430478 secs using 1591% CPU
Optimizing NNI: done in 0.323876 secs using 1590% CPU
Optimizing NNI: done in 0.150234 secs using 1584% CPU
Optimizing NNI: done in 0.24616 secs using 1585% CPU
Optimizing NNI: done in 0.251487 secs using 1586% CPU
Optimizing NNI: done in 0.146917 secs using 1592% CPU
BETTER TREE FOUND at iteration 378: -2971.138
Optimizing NNI: done in 0.160746 secs using 1581% CPU
Optimizing NNI: done in 0.402347 secs using 1591% CPU
Iteration 380 / LogL: -2974.021 / Time: 0h:1m:19s (0h:0m:20s left)
Optimizing NNI: done in 0.136275 secs using 1587% CPU
Optimizing NNI: done in 0.192977 secs using 1589% CPU
Optimizing NNI: done in 0.388913 secs using 1589% CPU
Optimizing NNI: done in 0.34667 secs using 1590% CPU
Optimizing NNI: done in 0.15201 secs using 1592% CPU
Optimizing NNI: done in 0.123704 secs using 1587% CPU
Optimizing NNI: done in 0.218728 secs using 1593% CPU
Optimizing NNI: done in 0.199556 secs using 1594% CPU
Optimizing NNI: done in 0.142517 secs using 1594% CPU
Optimizing NNI: done in 0.0722785 secs using 1586% CPU
Iteration 390 / LogL: -2971.138 / Time: 0h:1m:21s (0h:0m:18s left)
Optimizing NNI: done in 0.142894 secs using 1592% CPU
Optimizing NNI: done in 0.487903 secs using 1586% CPU
Optimizing NNI: done in 0.223694 secs using 1592% CPU
Optimizing NNI: done in 0.155147 secs using 1587% CPU
Optimizing NNI: done in 0.221731 secs using 1590% CPU
Optimizing NNI: done in 0.135929 secs using 1586% CPU
Optimizing NNI: done in 0.130452 secs using 1597% CPU
Optimizing NNI: done in 0.142036 secs using 1592% CPU
Optimizing NNI: done in 0.276889 secs using 1588% CPU
Optimizing NNI: done in 0.228922 secs using 1585% CPU
Iteration 400 / LogL: -2974.945 / Time: 0h:1m:23s (0h:0m:16s left)
Log-likelihood cutoff on original alignment: -2993.739
NOTE: Bootstrap correlation coefficient of split occurrence frequencies: 0.966
NOTE: UFBoot does not converge, continue at least 100 more iterations
Optimizing NNI: done in 0.134295 secs using 1589% CPU
Optimizing NNI: done in 0.306415 secs using 1586% CPU
Optimizing NNI: done in 0.279979 secs using 1583% CPU
Optimizing NNI: done in 0.275384 secs using 1584% CPU
Optimizing NNI: done in 0.200239 secs using 1586% CPU
Optimizing NNI: done in 0.284405 secs using 1588% CPU
Optimizing NNI: done in 0.148001 secs using 1591% CPU
Optimizing NNI: done in 0.237724 secs using 1587% CPU
Optimizing NNI: done in 0.22943 secs using 1591% CPU
Optimizing NNI: done in 0.368533 secs using 1585% CPU
Iteration 410 / LogL: -2971.141 / Time: 0h:1m:26s (0h:0m:19s left)
Optimizing NNI: done in 0.271902 secs using 1587% CPU
Optimizing NNI: done in 0.150117 secs using 1586% CPU
Optimizing NNI: done in 0.216077 secs using 1590% CPU
Optimizing NNI: done in 0.147177 secs using 1587% CPU
Optimizing NNI: done in 0.182032 secs using 1588% CPU
Optimizing NNI: done in 0.309156 secs using 1587% CPU
Optimizing NNI: done in 0.267132 secs using 1587% CPU
Optimizing NNI: done in 0.225306 secs using 1587% CPU
Optimizing NNI: done in 0.245228 secs using 1585% CPU
Optimizing NNI: done in 0.27009 secs using 1589% CPU
Iteration 420 / LogL: -2971.144 / Time: 0h:1m:28s (0h:0m:16s left)
Optimizing NNI: done in 0.395428 secs using 1587% CPU
Optimizing NNI: done in 0.27518 secs using 1584% CPU
Optimizing NNI: done in 0.255178 secs using 1588% CPU
Optimizing NNI: done in 0.0753185 secs using 1582% CPU
Optimizing NNI: done in 0.140414 secs using 1586% CPU
Optimizing NNI: done in 0.413407 secs using 1588% CPU
Optimizing NNI: done in 0.191749 secs using 1588% CPU
Optimizing NNI: done in 0.262536 secs using 1589% CPU
Optimizing NNI: done in 0.254669 secs using 1580% CPU
Optimizing NNI: done in 0.223872 secs using 1592% CPU
Iteration 430 / LogL: -2971.138 / Time: 0h:1m:31s (0h:0m:14s left)
Optimizing NNI: done in 0.2265 secs using 1584% CPU
Optimizing NNI: done in 0.226883 secs using 1591% CPU
Optimizing NNI: done in 0.147859 secs using 1587% CPU
Optimizing NNI: done in 0.168072 secs using 1586% CPU
Optimizing NNI: done in 0.32712 secs using 1587% CPU
Optimizing NNI: done in 0.144222 secs using 1588% CPU
Optimizing NNI: done in 0.160478 secs using 1581% CPU
Optimizing NNI: done in 0.237376 secs using 1588% CPU
Optimizing NNI: done in 0.171857 secs using 1592% CPU
Optimizing NNI: done in 0.156827 secs using 1593% CPU
Iteration 440 / LogL: -2971.139 / Time: 0h:1m:33s (0h:0m:12s left)
Optimizing NNI: done in 0.263676 secs using 1588% CPU
Optimizing NNI: done in 0.21953 secs using 1593% CPU
Optimizing NNI: done in 0.380045 secs using 1585% CPU
Optimizing NNI: done in 0.15508 secs using 1587% CPU
Optimizing NNI: done in 0.129215 secs using 1589% CPU
Optimizing NNI: done in 0.288438 secs using 1590% CPU
Optimizing NNI: done in 0.290517 secs using 1591% CPU
Optimizing NNI: done in 0.206494 secs using 1588% CPU
Optimizing NNI: done in 0.199023 secs using 1586% CPU
Optimizing NNI: done in 0.240887 secs using 1589% CPU
Iteration 450 / LogL: -2979.025 / Time: 0h:1m:35s (0h:0m:10s left)
Log-likelihood cutoff on original alignment: -2993.739
Optimizing NNI: done in 0.118925 secs using 1586% CPU
Optimizing NNI: done in 0.115505 secs using 1585% CPU
BETTER TREE FOUND at iteration 452: -2971.138
Optimizing NNI: done in 0.18522 secs using 1595% CPU
Optimizing NNI: done in 0.128949 secs using 1590% CPU
Optimizing NNI: done in 0.13204 secs using 1591% CPU
Optimizing NNI: done in 0.207179 secs using 1582% CPU
Optimizing NNI: done in 0.137542 secs using 1593% CPU
Optimizing NNI: done in 0.152828 secs using 1591% CPU
Optimizing NNI: done in 0.253887 secs using 1586% CPU
Optimizing NNI: done in 0.31429 secs using 1590% CPU
Iteration 460 / LogL: -2974.916 / Time: 0h:1m:37s (0h:0m:19s left)
Optimizing NNI: done in 0.392145 secs using 1588% CPU
Optimizing NNI: done in 0.134388 secs using 1578% CPU
Optimizing NNI: done in 0.26939 secs using 1586% CPU
Optimizing NNI: done in 0.20705 secs using 1588% CPU
Optimizing NNI: done in 0.301917 secs using 1588% CPU
Optimizing NNI: done in 0.0813306 secs using 1602% CPU
Optimizing NNI: done in 0.401185 secs using 1590% CPU
Optimizing NNI: done in 0.230069 secs using 1591% CPU
Optimizing NNI: done in 0.378977 secs using 1589% CPU
Optimizing NNI: done in 0.237441 secs using 1591% CPU
Iteration 470 / LogL: -2971.140 / Time: 0h:1m:40s (0h:0m:17s left)
Optimizing NNI: done in 0.160108 secs using 1583% CPU
Optimizing NNI: done in 0.170985 secs using 1591% CPU
Optimizing NNI: done in 0.160716 secs using 1593% CPU
Optimizing NNI: done in 0.239847 secs using 1582% CPU
Optimizing NNI: done in 0.275844 secs using 1588% CPU
Optimizing NNI: done in 0.314306 secs using 1588% CPU
Optimizing NNI: done in 0.135947 secs using 1591% CPU
Optimizing NNI: done in 0.301163 secs using 1587% CPU
Optimizing NNI: done in 0.144049 secs using 1590% CPU
Optimizing NNI: done in 0.228354 secs using 1593% CPU
Iteration 480 / LogL: -2971.141 / Time: 0h:1m:42s (0h:0m:15s left)
Optimizing NNI: done in 0.493435 secs using 1590% CPU
Optimizing NNI: done in 0.26933 secs using 1588% CPU
Optimizing NNI: done in 0.201354 secs using 1586% CPU
Optimizing NNI: done in 0.22913 secs using 1585% CPU
Optimizing NNI: done in 0.340169 secs using 1586% CPU
Optimizing NNI: done in 0.198423 secs using 1592% CPU
Optimizing NNI: done in 0.327297 secs using 1588% CPU
Optimizing NNI: done in 0.213571 secs using 1589% CPU
Optimizing NNI: done in 0.271552 secs using 1593% CPU
Optimizing NNI: done in 0.182093 secs using 1589% CPU
Iteration 490 / LogL: -2971.303 / Time: 0h:1m:45s (0h:0m:13s left)
Optimizing NNI: done in 0.281211 secs using 1581% CPU
Optimizing NNI: done in 0.253657 secs using 1581% CPU
Optimizing NNI: done in 0.118996 secs using 1589% CPU
Optimizing NNI: done in 0.119134 secs using 1584% CPU
Optimizing NNI: done in 0.254913 secs using 1587% CPU
Optimizing NNI: done in 0.206265 secs using 1587% CPU
Optimizing NNI: done in 0.133508 secs using 1594% CPU
Optimizing NNI: done in 0.393986 secs using 1585% CPU
Optimizing NNI: done in 0.250652 secs using 1592% CPU
Optimizing NNI: done in 0.228926 secs using 1589% CPU
Iteration 500 / LogL: -2971.138 / Time: 0h:1m:48s (0h:0m:11s left)
Log-likelihood cutoff on original alignment: -2994.163
NOTE: Bootstrap correlation coefficient of split occurrence frequencies: 0.965
NOTE: UFBoot does not converge, continue at least 100 more iterations
Optimizing NNI: done in 0.116761 secs using 1591% CPU
Optimizing NNI: done in 0.272938 secs using 1588% CPU
Optimizing NNI: done in 0.102508 secs using 1583% CPU
Optimizing NNI: done in 0.174904 secs using 1589% CPU
Optimizing NNI: done in 0.125569 secs using 1594% CPU
Optimizing NNI: done in 0.184161 secs using 1589% CPU
Optimizing NNI: done in 0.120384 secs using 1587% CPU
Optimizing NNI: done in 0.203507 secs using 1588% CPU
Optimizing NNI: done in 0.223639 secs using 1583% CPU
Optimizing NNI: done in 0.129544 secs using 1594% CPU
Iteration 510 / LogL: -2971.139 / Time: 0h:1m:49s (0h:0m:19s left)
Optimizing NNI: done in 0.194906 secs using 1589% CPU
Optimizing NNI: done in 0.272444 secs using 1587% CPU
Optimizing NNI: done in 0.319342 secs using 1589% CPU
Optimizing NNI: done in 0.208466 secs using 1584% CPU
Optimizing NNI: done in 0.247375 secs using 1586% CPU
Optimizing NNI: done in 0.410511 secs using 1590% CPU
Optimizing NNI: done in 0.346624 secs using 1586% CPU
Optimizing NNI: done in 0.155228 secs using 1582% CPU
Optimizing NNI: done in 0.16118 secs using 1588% CPU
Optimizing NNI: done in 0.126066 secs using 1586% CPU
Iteration 520 / LogL: -2971.138 / Time: 0h:1m:52s (0h:0m:17s left)
Optimizing NNI: done in 0.381519 secs using 1585% CPU
Optimizing NNI: done in 0.281407 secs using 1592% CPU
Optimizing NNI: done in 0.351459 secs using 1589% CPU
Optimizing NNI: done in 0.155891 secs using 1592% CPU
Optimizing NNI: done in 0.208322 secs using 1587% CPU
Optimizing NNI: done in 0.181236 secs using 1593% CPU
Optimizing NNI: done in 0.143107 secs using 1588% CPU
Optimizing NNI: done in 0.405237 secs using 1584% CPU
Optimizing NNI: done in 0.262164 secs using 1588% CPU
Optimizing NNI: done in 0.130764 secs using 1593% CPU
Iteration 530 / LogL: -2971.138 / Time: 0h:1m:55s (0h:0m:15s left)
Optimizing NNI: done in 0.123438 secs using 1585% CPU
Optimizing NNI: done in 0.12512 secs using 1589% CPU
Optimizing NNI: done in 0.242522 secs using 1580% CPU
Optimizing NNI: done in 0.142992 secs using 1591% CPU
Optimizing NNI: done in 0.138967 secs using 1589% CPU
Optimizing NNI: done in 0.130226 secs using 1587% CPU
Optimizing NNI: done in 0.242565 secs using 1591% CPU
Optimizing NNI: done in 0.259619 secs using 1586% CPU
Optimizing NNI: done in 0.140763 secs using 1589% CPU
Optimizing NNI: done in 0.238014 secs using 1589% CPU
Iteration 540 / LogL: -2971.303 / Time: 0h:1m:57s (0h:0m:13s left)
Optimizing NNI: done in 0.197291 secs using 1585% CPU
Optimizing NNI: done in 0.114966 secs using 1591% CPU
Optimizing NNI: done in 0.131866 secs using 1592% CPU
Optimizing NNI: done in 0.149374 secs using 1588% CPU
Optimizing NNI: done in 0.212008 secs using 1589% CPU
Optimizing NNI: done in 0.187693 secs using 1591% CPU
Optimizing NNI: done in 0.225311 secs using 1586% CPU
Optimizing NNI: done in 0.40506 secs using 1587% CPU
Optimizing NNI: done in 0.285619 secs using 1586% CPU
Optimizing NNI: done in 0.31682 secs using 1587% CPU
Iteration 550 / LogL: -2971.304 / Time: 0h:1m:59s (0h:0m:10s left)
Log-likelihood cutoff on original alignment: -2994.163
Optimizing NNI: done in 0.244907 secs using 1590% CPU
Optimizing NNI: done in 0.215009 secs using 1587% CPU
Optimizing NNI: done in 0.14294 secs using 1585% CPU
Optimizing NNI: done in 0.272338 secs using 1589% CPU
Optimizing NNI: done in 0.115352 secs using 1583% CPU
Optimizing NNI: done in 0.32747 secs using 1584% CPU
Optimizing NNI: done in 0.227965 secs using 1582% CPU
Optimizing NNI: done in 0.123682 secs using 1591% CPU
Optimizing NNI: done in 0.245745 secs using 1585% CPU
Optimizing NNI: done in 0.186332 secs using 1582% CPU
Iteration 560 / LogL: -2971.138 / Time: 0h:2m:1s (0h:0m:8s left)
Optimizing NNI: done in 0.252824 secs using 1587% CPU
Optimizing NNI: done in 0.0934961 secs using 1598% CPU
Optimizing NNI: done in 0.204871 secs using 1591% CPU
Optimizing NNI: done in 0.351646 secs using 1582% CPU
Optimizing NNI: done in 0.220241 secs using 1589% CPU
Optimizing NNI: done in 0.289049 secs using 1586% CPU
Optimizing NNI: done in 0.246184 secs using 1587% CPU
Optimizing NNI: done in 0.126585 secs using 1597% CPU
Optimizing NNI: done in 0.112011 secs using 1589% CPU
Optimizing NNI: done in 0.272016 secs using 1590% CPU
Iteration 570 / LogL: -2971.142 / Time: 0h:2m:4s (0h:0m:6s left)
Optimizing NNI: done in 0.20321 secs using 1587% CPU
Optimizing NNI: done in 0.0599629 secs using 1593% CPU
Optimizing NNI: done in 0.224189 secs using 1581% CPU
Optimizing NNI: done in 0.160012 secs using 1591% CPU
Optimizing NNI: done in 0.165675 secs using 1581% CPU
Optimizing NNI: done in 0.228682 secs using 1585% CPU
Optimizing NNI: done in 0.14178 secs using 1584% CPU
Optimizing NNI: done in 0.122855 secs using 1584% CPU
Optimizing NNI: done in 0.126905 secs using 1580% CPU
Optimizing NNI: done in 0.14046 secs using 1586% CPU
Iteration 580 / LogL: -2974.032 / Time: 0h:2m:5s (0h:0m:4s left)
Optimizing NNI: done in 0.374805 secs using 1588% CPU
Optimizing NNI: done in 0.213377 secs using 1592% CPU
Optimizing NNI: done in 0.118314 secs using 1585% CPU
Optimizing NNI: done in 0.264971 secs using 1585% CPU
Optimizing NNI: done in 0.237301 secs using 1585% CPU
Optimizing NNI: done in 0.295159 secs using 1583% CPU
Optimizing NNI: done in 0.0686522 secs using 1598% CPU
Optimizing NNI: done in 0.349392 secs using 1588% CPU
Optimizing NNI: done in 0.228297 secs using 1589% CPU
Optimizing NNI: done in 0.257035 secs using 1586% CPU
Iteration 590 / LogL: -2971.138 / Time: 0h:2m:8s (0h:0m:2s left)
Optimizing NNI: done in 0.222895 secs using 1590% CPU
Optimizing NNI: done in 0.157818 secs using 1592% CPU
Optimizing NNI: done in 0.37372 secs using 1588% CPU
Optimizing NNI: done in 0.122808 secs using 1592% CPU
Optimizing NNI: done in 0.244434 secs using 1588% CPU
Optimizing NNI: done in 0.149776 secs using 1585% CPU
Optimizing NNI: done in 0.283825 secs using 1589% CPU
Optimizing NNI: done in 0.2635 secs using 1591% CPU
Optimizing NNI: done in 0.237568 secs using 1591% CPU
Optimizing NNI: done in 0.26105 secs using 1584% CPU
Iteration 600 / LogL: -2984.180 / Time: 0h:2m:10s (0h:0m:0s left)
Log-likelihood cutoff on original alignment: -2994.163
NOTE: Bootstrap correlation coefficient of split occurrence frequencies: 0.968
NOTE: UFBoot does not converge, continue at least 100 more iterations
Optimizing NNI: done in 0.128391 secs using 1585% CPU
Optimizing NNI: done in 0.257677 secs using 1585% CPU
Optimizing NNI: done in 0.33256 secs using 1583% CPU
Optimizing NNI: done in 0.235829 secs using 1583% CPU
Optimizing NNI: done in 0.146763 secs using 1573% CPU
Optimizing NNI: done in 0.14009 secs using 1589% CPU
Optimizing NNI: done in 0.192843 secs using 1587% CPU
Optimizing NNI: done in 0.0540525 secs using 1589% CPU
Optimizing NNI: done in 0.259101 secs using 1588% CPU
Optimizing NNI: done in 0.243085 secs using 1585% CPU
Iteration 610 / LogL: -2971.140 / Time: 0h:2m:13s (0h:0m:19s left)
Optimizing NNI: done in 0.119951 secs using 1590% CPU
Optimizing NNI: done in 0.230076 secs using 1589% CPU
Optimizing NNI: done in 0.174309 secs using 1584% CPU
Optimizing NNI: done in 0.0578104 secs using 1596% CPU
Optimizing NNI: done in 0.212709 secs using 1579% CPU
Optimizing NNI: done in 0.251178 secs using 1587% CPU
Optimizing NNI: done in 0.272537 secs using 1586% CPU
Optimizing NNI: done in 0.138796 secs using 1593% CPU
Optimizing NNI: done in 0.290233 secs using 1583% CPU
Optimizing NNI: done in 0.307418 secs using 1590% CPU
Iteration 620 / LogL: -2971.141 / Time: 0h:2m:15s (0h:0m:17s left)
Optimizing NNI: done in 0.127786 secs using 1593% CPU
Optimizing NNI: done in 0.139275 secs using 1586% CPU
Optimizing NNI: done in 0.188593 secs using 1587% CPU
Optimizing NNI: done in 0.150369 secs using 1597% CPU
Optimizing NNI: done in 0.21489 secs using 1585% CPU
Optimizing NNI: done in 0.213747 secs using 1589% CPU
Optimizing NNI: done in 0.234971 secs using 1586% CPU
Optimizing NNI: done in 0.359382 secs using 1585% CPU
Optimizing NNI: done in 0.282751 secs using 1582% CPU
Optimizing NNI: done in 0.240929 secs using 1589% CPU
Iteration 630 / LogL: -2971.142 / Time: 0h:2m:17s (0h:0m:15s left)
Optimizing NNI: done in 0.121709 secs using 1582% CPU
Optimizing NNI: done in 0.288144 secs using 1590% CPU
Optimizing NNI: done in 0.24033 secs using 1584% CPU
Optimizing NNI: done in 0.137133 secs using 1600% CPU
Optimizing NNI: done in 0.195943 secs using 1592% CPU
Optimizing NNI: done in 0.180042 secs using 1589% CPU
Optimizing NNI: done in 0.202281 secs using 1581% CPU
Optimizing NNI: done in 0.208255 secs using 1590% CPU
Optimizing NNI: done in 0.137945 secs using 1592% CPU
Optimizing NNI: done in 0.282429 secs using 1587% CPU
Iteration 640 / LogL: -2987.957 / Time: 0h:2m:19s (0h:0m:13s left)
Optimizing NNI: done in 0.379484 secs using 1592% CPU
Optimizing NNI: done in 0.121899 secs using 1580% CPU
Optimizing NNI: done in 0.0945844 secs using 1597% CPU
Optimizing NNI: done in 0.0986717 secs using 1596% CPU
Optimizing NNI: done in 0.245013 secs using 1584% CPU
Optimizing NNI: done in 0.226786 secs using 1579% CPU
Optimizing NNI: done in 0.233421 secs using 1584% CPU
Optimizing NNI: done in 0.189257 secs using 1589% CPU
Optimizing NNI: done in 0.112483 secs using 1583% CPU
Optimizing NNI: done in 0.228495 secs using 1586% CPU
Iteration 650 / LogL: -2971.141 / Time: 0h:2m:21s (0h:0m:10s left)
Log-likelihood cutoff on original alignment: -2994.163
Optimizing NNI: done in 0.278585 secs using 1588% CPU
Optimizing NNI: done in 0.178701 secs using 1577% CPU
Optimizing NNI: done in 0.0600289 secs using 1589% CPU
Optimizing NNI: done in 0.409563 secs using 1589% CPU
Optimizing NNI: done in 0.266752 secs using 1593% CPU
Optimizing NNI: done in 0.137667 secs using 1592% CPU
Optimizing NNI: done in 0.124408 secs using 1597% CPU
Optimizing NNI: done in 0.189502 secs using 1581% CPU
Optimizing NNI: done in 0.21855 secs using 1593% CPU
Optimizing NNI: done in 0.129303 secs using 1587% CPU
Iteration 660 / LogL: -2971.138 / Time: 0h:2m:23s (0h:0m:8s left)
Optimizing NNI: done in 0.207049 secs using 1585% CPU
Optimizing NNI: done in 0.220833 secs using 1590% CPU
Optimizing NNI: done in 0.210707 secs using 1586% CPU
Optimizing NNI: done in 0.404458 secs using 1588% CPU
Optimizing NNI: done in 0.399866 secs using 1588% CPU
Optimizing NNI: done in 0.141359 secs using 1587% CPU
Optimizing NNI: done in 0.0731844 secs using 1587% CPU
Optimizing NNI: done in 0.128884 secs using 1593% CPU
Optimizing NNI: done in 0.228549 secs using 1587% CPU
Optimizing NNI: done in 0.222792 secs using 1587% CPU
Iteration 670 / LogL: -2971.141 / Time: 0h:2m:26s (0h:0m:6s left)
Optimizing NNI: done in 0.136688 secs using 1593% CPU
Optimizing NNI: done in 0.313611 secs using 1589% CPU
Optimizing NNI: done in 0.260992 secs using 1589% CPU
Optimizing NNI: done in 0.207281 secs using 1588% CPU
Optimizing NNI: done in 0.14688 secs using 1591% CPU
Optimizing NNI: done in 0.261971 secs using 1590% CPU
Optimizing NNI: done in 0.329917 secs using 1584% CPU
Optimizing NNI: done in 0.244403 secs using 1590% CPU
Optimizing NNI: done in 0.133701 secs using 1591% CPU
Optimizing NNI: done in 0.223427 secs using 1580% CPU
Iteration 680 / LogL: -2971.138 / Time: 0h:2m:28s (0h:0m:4s left)
Optimizing NNI: done in 0.368491 secs using 1584% CPU
Optimizing NNI: done in 0.317157 secs using 1590% CPU
Optimizing NNI: done in 0.131252 secs using 1595% CPU
Optimizing NNI: done in 0.179785 secs using 1587% CPU
Optimizing NNI: done in 0.279635 secs using 1588% CPU
Optimizing NNI: done in 0.283218 secs using 1591% CPU
Optimizing NNI: done in 0.138388 secs using 1582% CPU
Optimizing NNI: done in 0.213678 secs using 1584% CPU
Optimizing NNI: done in 0.350482 secs using 1586% CPU
Optimizing NNI: done in 0.165107 secs using 1589% CPU
Iteration 690 / LogL: -2971.138 / Time: 0h:2m:31s (0h:0m:2s left)
Optimizing NNI: done in 0.194057 secs using 1589% CPU
Optimizing NNI: done in 0.181272 secs using 1597% CPU
Optimizing NNI: done in 0.266697 secs using 1592% CPU
Optimizing NNI: done in 0.229564 secs using 1594% CPU
Optimizing NNI: done in 0.288591 secs using 1589% CPU
Optimizing NNI: done in 0.239106 secs using 1593% CPU
Optimizing NNI: done in 0.310928 secs using 1584% CPU
Optimizing NNI: done in 0.239243 secs using 1592% CPU
Optimizing NNI: done in 0.301196 secs using 1587% CPU
Optimizing NNI: done in 0.138625 secs using 1596% CPU
Iteration 700 / LogL: -2984.183 / Time: 0h:2m:33s (0h:0m:0s left)
Log-likelihood cutoff on original alignment: -2994.433
NOTE: Bootstrap correlation coefficient of split occurrence frequencies: 0.969
NOTE: UFBoot does not converge, continue at least 100 more iterations
Optimizing NNI: done in 0.180597 secs using 1589% CPU
Optimizing NNI: done in 0.30656 secs using 1591% CPU
Optimizing NNI: done in 0.122114 secs using 1589% CPU
Optimizing NNI: done in 0.130582 secs using 1578% CPU
Optimizing NNI: done in 0.326829 secs using 1589% CPU
Optimizing NNI: done in 0.37254 secs using 1583% CPU
Optimizing NNI: done in 0.192208 secs using 1587% CPU
Optimizing NNI: done in 0.412758 secs using 1589% CPU
Optimizing NNI: done in 0.126988 secs using 1590% CPU
Optimizing NNI: done in 0.208126 secs using 1583% CPU
Iteration 710 / LogL: -2971.138 / Time: 0h:2m:36s (0h:0m:19s left)
Optimizing NNI: done in 0.194217 secs using 1589% CPU
Optimizing NNI: done in 0.287649 secs using 1582% CPU
Optimizing NNI: done in 0.262348 secs using 1590% CPU
Optimizing NNI: done in 0.258652 secs using 1590% CPU
Optimizing NNI: done in 0.228674 secs using 1585% CPU
Optimizing NNI: done in 0.297779 secs using 1589% CPU
Optimizing NNI: done in 0.374797 secs using 1588% CPU
Optimizing NNI: done in 0.260645 secs using 1592% CPU
Optimizing NNI: done in 0.142371 secs using 1580% CPU
Optimizing NNI: done in 0.146786 secs using 1592% CPU
Iteration 720 / LogL: -2974.196 / Time: 0h:2m:39s (0h:0m:17s left)
Optimizing NNI: done in 0.298191 secs using 1590% CPU
Optimizing NNI: done in 0.201307 secs using 1584% CPU
Optimizing NNI: done in 0.298382 secs using 1584% CPU
Optimizing NNI: done in 0.221375 secs using 1593% CPU
Optimizing NNI: done in 0.180115 secs using 1589% CPU
Optimizing NNI: done in 0.199205 secs using 1583% CPU
Optimizing NNI: done in 0.134732 secs using 1594% CPU
Optimizing NNI: done in 0.143543 secs using 1595% CPU
Optimizing NNI: done in 0.134951 secs using 1591% CPU
Optimizing NNI: done in 0.216266 secs using 1583% CPU
Iteration 730 / LogL: -2971.141 / Time: 0h:2m:41s (0h:0m:15s left)
Optimizing NNI: done in 0.29966 secs using 1591% CPU
Optimizing NNI: done in 0.422329 secs using 1588% CPU
Optimizing NNI: done in 0.146832 secs using 1584% CPU
Optimizing NNI: done in 0.375424 secs using 1585% CPU
Optimizing NNI: done in 0.273181 secs using 1584% CPU
Optimizing NNI: done in 0.229441 secs using 1595% CPU
Optimizing NNI: done in 0.118765 secs using 1593% CPU
Optimizing NNI: done in 0.185792 secs using 1585% CPU
Optimizing NNI: done in 0.216161 secs using 1589% CPU
Optimizing NNI: done in 0.281764 secs using 1591% CPU
Iteration 740 / LogL: -2971.141 / Time: 0h:2m:44s (0h:0m:13s left)
Optimizing NNI: done in 0.130468 secs using 1590% CPU
Optimizing NNI: done in 0.309215 secs using 1582% CPU
Optimizing NNI: done in 0.215587 secs using 1584% CPU
Optimizing NNI: done in 0.137106 secs using 1582% CPU
Optimizing NNI: done in 0.213333 secs using 1588% CPU
Optimizing NNI: done in 0.140149 secs using 1589% CPU
Optimizing NNI: done in 0.202524 secs using 1588% CPU
Optimizing NNI: done in 0.273306 secs using 1594% CPU
Optimizing NNI: done in 0.130427 secs using 1584% CPU
Optimizing NNI: done in 0.157525 secs using 1585% CPU
Iteration 750 / LogL: -2974.943 / Time: 0h:2m:46s (0h:0m:11s left)
Log-likelihood cutoff on original alignment: -2994.433
Optimizing NNI: done in 0.127421 secs using 1588% CPU
Optimizing NNI: done in 0.223555 secs using 1585% CPU
Optimizing NNI: done in 0.235794 secs using 1580% CPU
Optimizing NNI: done in 0.259251 secs using 1586% CPU
Optimizing NNI: done in 0.195753 secs using 1589% CPU
Optimizing NNI: done in 0.0717699 secs using 1575% CPU
Optimizing NNI: done in 0.152073 secs using 1589% CPU
Optimizing NNI: done in 0.247997 secs using 1589% CPU
Optimizing NNI: done in 0.121838 secs using 1593% CPU
Optimizing NNI: done in 0.231476 secs using 1587% CPU
Iteration 760 / LogL: -2971.141 / Time: 0h:2m:48s (0h:0m:8s left)
Optimizing NNI: done in 0.141837 secs using 1591% CPU
Optimizing NNI: done in 0.251428 secs using 1582% CPU
Optimizing NNI: done in 0.118672 secs using 1580% CPU
Optimizing NNI: done in 0.121197 secs using 1585% CPU
Optimizing NNI: done in 0.31931 secs using 1585% CPU
Optimizing NNI: done in 0.242402 secs using 1586% CPU
Optimizing NNI: done in 0.210901 secs using 1581% CPU
Optimizing NNI: done in 0.115263 secs using 1588% CPU
Optimizing NNI: done in 0.133879 secs using 1592% CPU
Optimizing NNI: done in 0.141495 secs using 1581% CPU
Iteration 770 / LogL: -2971.139 / Time: 0h:2m:50s (0h:0m:6s left)
Optimizing NNI: done in 0.135004 secs using 1591% CPU
Optimizing NNI: done in 0.286076 secs using 1583% CPU
Optimizing NNI: done in 0.293421 secs using 1587% CPU
Optimizing NNI: done in 0.156666 secs using 1592% CPU
Optimizing NNI: done in 0.14819 secs using 1581% CPU
Optimizing NNI: done in 0.181924 secs using 1592% CPU
Optimizing NNI: done in 0.135061 secs using 1591% CPU
Optimizing NNI: done in 0.205868 secs using 1586% CPU
Optimizing NNI: done in 0.124188 secs using 1588% CPU
Optimizing NNI: done in 0.131041 secs using 1590% CPU
Iteration 780 / LogL: -2971.138 / Time: 0h:2m:52s (0h:0m:4s left)
Optimizing NNI: done in 0.312766 secs using 1588% CPU
Optimizing NNI: done in 0.124946 secs using 1590% CPU
Optimizing NNI: done in 0.371922 secs using 1587% CPU
Optimizing NNI: done in 0.122198 secs using 1594% CPU
Optimizing NNI: done in 0.0637909 secs using 1593% CPU
Optimizing NNI: done in 0.21377 secs using 1589% CPU
Optimizing NNI: done in 0.152046 secs using 1589% CPU
Optimizing NNI: done in 0.241098 secs using 1590% CPU
Optimizing NNI: done in 0.246858 secs using 1587% CPU
Optimizing NNI: done in 0.143966 secs using 1590% CPU
Iteration 790 / LogL: -2982.831 / Time: 0h:2m:54s (0h:0m:2s left)
Optimizing NNI: done in 0.153813 secs using 1592% CPU
Optimizing NNI: done in 0.171516 secs using 1581% CPU
Optimizing NNI: done in 0.299107 secs using 1587% CPU
Optimizing NNI: done in 0.141875 secs using 1582% CPU
Optimizing NNI: done in 0.41391 secs using 1589% CPU
Optimizing NNI: done in 0.244484 secs using 1591% CPU
Optimizing NNI: done in 0.153487 secs using 1596% CPU
Optimizing NNI: done in 0.126061 secs using 1590% CPU
Optimizing NNI: done in 0.176155 secs using 1588% CPU
Optimizing NNI: done in 0.285745 secs using 1587% CPU
Iteration 800 / LogL: -2971.141 / Time: 0h:2m:56s (0h:0m:0s left)
Log-likelihood cutoff on original alignment: -2994.433
NOTE: Bootstrap correlation coefficient of split occurrence frequencies: 0.989
NOTE: UFBoot does not converge, continue at least 100 more iterations
Optimizing NNI: done in 0.130369 secs using 1584% CPU
Optimizing NNI: done in 0.22886 secs using 1591% CPU
Optimizing NNI: done in 0.171875 secs using 1591% CPU
BETTER TREE FOUND at iteration 803: -2971.138
Optimizing NNI: done in 0.125823 secs using 1591% CPU
Optimizing NNI: done in 0.283314 secs using 1586% CPU
Optimizing NNI: done in 0.304712 secs using 1587% CPU
Optimizing NNI: done in 0.258526 secs using 1590% CPU
Optimizing NNI: done in 0.212027 secs using 1588% CPU
Optimizing NNI: done in 0.141926 secs using 1587% CPU
Optimizing NNI: done in 0.133374 secs using 1597% CPU
Iteration 810 / LogL: -2984.179 / Time: 0h:2m:59s (0h:0m:20s left)
Optimizing NNI: done in 0.202577 secs using 1579% CPU
Optimizing NNI: done in 0.368222 secs using 1584% CPU
Optimizing NNI: done in 0.192692 secs using 1586% CPU
Optimizing NNI: done in 0.140028 secs using 1590% CPU
Optimizing NNI: done in 0.219634 secs using 1589% CPU
Optimizing NNI: done in 0.120678 secs using 1594% CPU
Optimizing NNI: done in 0.214403 secs using 1591% CPU
Optimizing NNI: done in 0.145216 secs using 1582% CPU
Optimizing NNI: done in 0.161159 secs using 1578% CPU
Optimizing NNI: done in 0.0735245 secs using 1580% CPU
Iteration 820 / LogL: -2971.138 / Time: 0h:3m:1s (0h:0m:18s left)
Optimizing NNI: done in 0.218231 secs using 1581% CPU
Optimizing NNI: done in 0.129102 secs using 1580% CPU
Optimizing NNI: done in 0.198342 secs using 1588% CPU
Optimizing NNI: done in 0.15396 secs using 1581% CPU
Optimizing NNI: done in 0.154774 secs using 1594% CPU
Optimizing NNI: done in 0.240767 secs using 1585% CPU
Optimizing NNI: done in 0.143926 secs using 1589% CPU
Optimizing NNI: done in 0.233815 secs using 1591% CPU
Optimizing NNI: done in 0.221208 secs using 1589% CPU
Optimizing NNI: done in 0.154778 secs using 1593% CPU
Iteration 830 / LogL: -2971.138 / Time: 0h:3m:3s (0h:0m:16s left)
Optimizing NNI: done in 0.161607 secs using 1584% CPU
Optimizing NNI: done in 0.255583 secs using 1590% CPU
Optimizing NNI: done in 0.157145 secs using 1585% CPU
Optimizing NNI: done in 0.38254 secs using 1586% CPU
Optimizing NNI: done in 0.168977 secs using 1584% CPU
Optimizing NNI: done in 0.189605 secs using 1580% CPU
Optimizing NNI: done in 0.153922 secs using 1592% CPU
Optimizing NNI: done in 0.143714 secs using 1594% CPU
Optimizing NNI: done in 0.320213 secs using 1585% CPU
Optimizing NNI: done in 0.332595 secs using 1591% CPU
Iteration 840 / LogL: -2971.143 / Time: 0h:3m:5s (0h:0m:13s left)
Optimizing NNI: done in 0.138247 secs using 1581% CPU
Optimizing NNI: done in 0.146412 secs using 1587% CPU
Optimizing NNI: done in 0.222207 secs using 1589% CPU
Optimizing NNI: done in 0.203111 secs using 1590% CPU
Optimizing NNI: done in 0.215355 secs using 1588% CPU
Optimizing NNI: done in 0.412329 secs using 1591% CPU
Optimizing NNI: done in 0.134357 secs using 1587% CPU
Optimizing NNI: done in 0.276769 secs using 1590% CPU
Optimizing NNI: done in 0.19663 secs using 1591% CPU
Optimizing NNI: done in 0.254024 secs using 1586% CPU
Iteration 850 / LogL: -2971.140 / Time: 0h:3m:8s (0h:0m:11s left)
Log-likelihood cutoff on original alignment: -2994.755
Optimizing NNI: done in 0.267544 secs using 1591% CPU
Optimizing NNI: done in 0.259554 secs using 1589% CPU
Optimizing NNI: done in 0.371591 secs using 1586% CPU
Optimizing NNI: done in 0.142811 secs using 1592% CPU
Optimizing NNI: done in 0.224015 secs using 1587% CPU
Optimizing NNI: done in 0.151439 secs using 1579% CPU
Optimizing NNI: done in 0.291859 secs using 1591% CPU
Optimizing NNI: done in 0.134445 secs using 1587% CPU
Optimizing NNI: done in 0.0963717 secs using 1584% CPU
Optimizing NNI: done in 0.149078 secs using 1591% CPU
Iteration 860 / LogL: -2971.139 / Time: 0h:3m:10s (0h:0m:9s left)
Optimizing NNI: done in 0.166463 secs using 1595% CPU
Optimizing NNI: done in 0.434288 secs using 1586% CPU
Optimizing NNI: done in 0.139945 secs using 1592% CPU
Optimizing NNI: done in 0.296262 secs using 1588% CPU
Optimizing NNI: done in 0.144677 secs using 1594% CPU
Optimizing NNI: done in 0.322505 secs using 1589% CPU
Optimizing NNI: done in 0.132728 secs using 1593% CPU
Optimizing NNI: done in 0.289047 secs using 1587% CPU
Optimizing NNI: done in 0.137084 secs using 1586% CPU
Optimizing NNI: done in 0.229113 secs using 1588% CPU
Iteration 870 / LogL: -2971.139 / Time: 0h:3m:12s (0h:0m:7s left)
Optimizing NNI: done in 0.299392 secs using 1585% CPU
Optimizing NNI: done in 0.270381 secs using 1593% CPU
Optimizing NNI: done in 0.123637 secs using 1593% CPU
Optimizing NNI: done in 0.20762 secs using 1590% CPU
Optimizing NNI: done in 0.124395 secs using 1584% CPU
Optimizing NNI: done in 0.115237 secs using 1598% CPU
Optimizing NNI: done in 0.203356 secs using 1591% CPU
Optimizing NNI: done in 0.182229 secs using 1588% CPU
Optimizing NNI: done in 0.297355 secs using 1585% CPU
Optimizing NNI: done in 0.281527 secs using 1586% CPU
Iteration 880 / LogL: -2971.142 / Time: 0h:3m:15s (0h:0m:5s left)
Optimizing NNI: done in 0.204012 secs using 1591% CPU
Optimizing NNI: done in 0.113985 secs using 1591% CPU
Optimizing NNI: done in 0.172763 secs using 1581% CPU
Optimizing NNI: done in 0.050294 secs using 1584% CPU
Optimizing NNI: done in 0.0807612 secs using 1591% CPU
Optimizing NNI: done in 0.187529 secs using 1586% CPU
Optimizing NNI: done in 0.192802 secs using 1585% CPU
Optimizing NNI: done in 0.122213 secs using 1585% CPU
Optimizing NNI: done in 0.131163 secs using 1588% CPU
Optimizing NNI: done in 0.243472 secs using 1581% CPU
Iteration 890 / LogL: -2971.141 / Time: 0h:3m:16s (0h:0m:2s left)
Optimizing NNI: done in 0.112135 secs using 1590% CPU
Optimizing NNI: done in 0.235742 secs using 1589% CPU
Optimizing NNI: done in 0.129118 secs using 1588% CPU
Optimizing NNI: done in 0.126731 secs using 1591% CPU
Optimizing NNI: done in 0.128463 secs using 1593% CPU
Optimizing NNI: done in 0.131244 secs using 1579% CPU
Optimizing NNI: done in 0.177958 secs using 1583% CPU
Optimizing NNI: done in 0.115183 secs using 1587% CPU
Optimizing NNI: done in 0.186903 secs using 1588% CPU
Optimizing NNI: done in 0.192352 secs using 1583% CPU
Iteration 900 / LogL: -2971.142 / Time: 0h:3m:18s (0h:0m:0s left)
Log-likelihood cutoff on original alignment: -2994.755
NOTE: Bootstrap correlation coefficient of split occurrence frequencies: 0.989
NOTE: UFBoot does not converge, continue at least 100 more iterations
Optimizing NNI: done in 0.146681 secs using 1592% CPU
Optimizing NNI: done in 0.199318 secs using 1590% CPU
Optimizing NNI: done in 0.311486 secs using 1585% CPU
Optimizing NNI: done in 0.116997 secs using 1591% CPU
Optimizing NNI: done in 0.177566 secs using 1590% CPU
Optimizing NNI: done in 0.119353 secs using 1582% CPU
Optimizing NNI: done in 0.187714 secs using 1584% CPU
Optimizing NNI: done in 0.125567 secs using 1583% CPU
Optimizing NNI: done in 0.125864 secs using 1573% CPU
Optimizing NNI: done in 0.252821 secs using 1584% CPU
Iteration 910 / LogL: -2971.138 / Time: 0h:3m:20s (0h:0m:19s left)
Optimizing NNI: done in 0.337968 secs using 1589% CPU
Optimizing NNI: done in 0.223836 secs using 1588% CPU
Optimizing NNI: done in 0.202013 secs using 1587% CPU
Optimizing NNI: done in 0.246822 secs using 1591% CPU
Optimizing NNI: done in 0.246414 secs using 1586% CPU
Optimizing NNI: done in 0.157176 secs using 1589% CPU
Optimizing NNI: done in 0.278787 secs using 1589% CPU
Optimizing NNI: done in 0.147853 secs using 1590% CPU
Optimizing NNI: done in 0.302199 secs using 1588% CPU
Optimizing NNI: done in 0.148318 secs using 1587% CPU
Iteration 920 / LogL: -2971.142 / Time: 0h:3m:23s (0h:0m:17s left)
Optimizing NNI: done in 0.0790103 secs using 1590% CPU
BETTER TREE FOUND at iteration 921: -2971.138
Optimizing NNI: done in 0.210452 secs using 1592% CPU
Optimizing NNI: done in 0.151964 secs using 1581% CPU
Optimizing NNI: done in 0.205187 secs using 1590% CPU
Optimizing NNI: done in 0.179539 secs using 1580% CPU
Optimizing NNI: done in 0.233901 secs using 1591% CPU
Optimizing NNI: done in 0.122709 secs using 1594% CPU
Optimizing NNI: done in 0.263821 secs using 1588% CPU
Optimizing NNI: done in 0.237308 secs using 1595% CPU
Optimizing NNI: done in 0.0680115 secs using 1590% CPU
Iteration 930 / LogL: -2971.138 / Time: 0h:3m:25s (0h:0m:20s left)
Optimizing NNI: done in 0.21708 secs using 1590% CPU
Optimizing NNI: done in 0.315309 secs using 1586% CPU
Optimizing NNI: done in 0.129248 secs using 1588% CPU
Optimizing NNI: done in 0.187257 secs using 1586% CPU
Optimizing NNI: done in 0.197643 secs using 1591% CPU
Optimizing NNI: done in 0.127292 secs using 1586% CPU
Optimizing NNI: done in 0.0599839 secs using 1589% CPU
Optimizing NNI: done in 0.337664 secs using 1588% CPU
Optimizing NNI: done in 0.233423 secs using 1592% CPU
Optimizing NNI: done in 0.216394 secs using 1587% CPU
Iteration 940 / LogL: -2971.139 / Time: 0h:3m:27s (0h:0m:17s left)
Optimizing NNI: done in 0.148265 secs using 1585% CPU
Optimizing NNI: done in 0.132325 secs using 1586% CPU
Optimizing NNI: done in 0.150322 secs using 1585% CPU
Optimizing NNI: done in 0.217905 secs using 1585% CPU
Optimizing NNI: done in 0.120889 secs using 1590% CPU
Optimizing NNI: done in 0.257412 secs using 1585% CPU
Optimizing NNI: done in 0.134201 secs using 1599% CPU
Optimizing NNI: done in 0.123473 secs using 1584% CPU
Optimizing NNI: done in 0.128811 secs using 1592% CPU
Optimizing NNI: done in 0.344566 secs using 1586% CPU
Iteration 950 / LogL: -2971.142 / Time: 0h:3m:29s (0h:0m:15s left)
Log-likelihood cutoff on original alignment: -2994.755
Optimizing NNI: done in 0.12993 secs using 1591% CPU
Optimizing NNI: done in 0.133155 secs using 1589% CPU
Optimizing NNI: done in 0.193046 secs using 1589% CPU
Optimizing NNI: done in 0.184776 secs using 1588% CPU
Optimizing NNI: done in 0.123877 secs using 1593% CPU
Optimizing NNI: done in 0.130471 secs using 1585% CPU
Optimizing NNI: done in 0.173566 secs using 1579% CPU
Optimizing NNI: done in 0.128297 secs using 1575% CPU
Optimizing NNI: done in 0.260334 secs using 1580% CPU
Optimizing NNI: done in 0.194497 secs using 1590% CPU
Iteration 960 / LogL: -2971.139 / Time: 0h:3m:31s (0h:0m:13s left)
Optimizing NNI: done in 0.144397 secs using 1586% CPU
Optimizing NNI: done in 0.32376 secs using 1588% CPU
Optimizing NNI: done in 0.194423 secs using 1596% CPU
Optimizing NNI: done in 0.196576 secs using 1590% CPU
Optimizing NNI: done in 0.198399 secs using 1579% CPU
Optimizing NNI: done in 0.263475 secs using 1584% CPU
Optimizing NNI: done in 0.24556 secs using 1582% CPU
Optimizing NNI: done in 0.0791794 secs using 1587% CPU
Optimizing NNI: done in 0.331671 secs using 1588% CPU
Optimizing NNI: done in 0.16304 secs using 1590% CPU
Iteration 970 / LogL: -2971.305 / Time: 0h:3m:33s (0h:0m:11s left)
Optimizing NNI: done in 0.249229 secs using 1585% CPU
Optimizing NNI: done in 0.152766 secs using 1586% CPU
Optimizing NNI: done in 0.14741 secs using 1580% CPU
Optimizing NNI: done in 0.142642 secs using 1584% CPU
Optimizing NNI: done in 0.29258 secs using 1592% CPU
Optimizing NNI: done in 0.162794 secs using 1594% CPU
Optimizing NNI: done in 0.263147 secs using 1589% CPU
Optimizing NNI: done in 0.140807 secs using 1592% CPU
Optimizing NNI: done in 0.13845 secs using 1596% CPU
Optimizing NNI: done in 0.262298 secs using 1587% CPU
Iteration 980 / LogL: -2976.801 / Time: 0h:3m:35s (0h:0m:9s left)
Optimizing NNI: done in 0.149816 secs using 1593% CPU
Optimizing NNI: done in 0.211717 secs using 1590% CPU
Optimizing NNI: done in 0.134231 secs using 1587% CPU
Optimizing NNI: done in 0.330794 secs using 1587% CPU
Optimizing NNI: done in 0.19739 secs using 1586% CPU
Optimizing NNI: done in 0.298457 secs using 1587% CPU
Optimizing NNI: done in 0.235201 secs using 1589% CPU
Optimizing NNI: done in 0.233138 secs using 1589% CPU
Optimizing NNI: done in 0.286409 secs using 1587% CPU
Optimizing NNI: done in 0.291647 secs using 1590% CPU
Iteration 990 / LogL: -2971.141 / Time: 0h:3m:38s (0h:0m:6s left)
Optimizing NNI: done in 0.224067 secs using 1588% CPU
Optimizing NNI: done in 0.154617 secs using 1592% CPU
Optimizing NNI: done in 0.231873 secs using 1585% CPU
Optimizing NNI: done in 0.141411 secs using 1580% CPU
Optimizing NNI: done in 0.259805 secs using 1589% CPU
Optimizing NNI: done in 0.136752 secs using 1593% CPU
Optimizing NNI: done in 0.32674 secs using 1585% CPU
Optimizing NNI: done in 0.199665 secs using 1581% CPU
Optimizing NNI: done in 0.217167 secs using 1583% CPU
Optimizing NNI: done in 0.250366 secs using 1584% CPU
Iteration 1000 / LogL: -2971.141 / Time: 0h:3m:40s (0h:0m:4s left)
Log-likelihood cutoff on original alignment: -2994.755
NOTE: Bootstrap correlation coefficient of split occurrence frequencies: 0.991
Optimizing NNI: done in 0.132581 secs using 1585% CPU
TREE SEARCH COMPLETED AFTER 1001 ITERATIONS / Time: 0h:3m:41s

--------------------------------------------------------------------
|                    FINALIZING TREE SEARCH                        |
--------------------------------------------------------------------
Performs final model parameters optimization
Estimate model parameters (epsilon = 0.010)
1. Initial log-likelihood: -2971.138
Optimal log-likelihood: -2971.138
Gamma shape alpha: 1.178
Parameters optimization took 1 rounds (0.029 sec)
BEST SCORE FOUND : -2971.138
Creating bootstrap support values...
Split supports printed to NEXUS file results/per_year_clustered/H1N1/trees/H1N1_2010.splits.nex
Total tree length: 0.432

Total number of iterations: 1001
CPU time used for tree search: 3412.344 sec (0h:56m:52s)
Wall-clock time used for tree search: 220.956 sec (0h:3m:40s)
Total CPU time used: 3414.624 sec (0h:56m:54s)
Total wall-clock time used: 221.173 sec (0h:3m:41s)

Computing bootstrap consensus tree...
Reading input file results/per_year_clustered/H1N1/trees/H1N1_2010.splits.nex...
24 taxa and 755 splits.
Consensus tree written to results/per_year_clustered/H1N1/trees/H1N1_2010.contree
Reading input trees file results/per_year_clustered/H1N1/trees/H1N1_2010.contree
Log-likelihood of consensus tree: -2971.150

Analysis results written to: 
  IQ-TREE report:                results/per_year_clustered/H1N1/trees/H1N1_2010.iqtree
  Maximum-likelihood tree:       results/per_year_clustered/H1N1/trees/H1N1_2010.treefile
  Likelihood distances:          results/per_year_clustered/H1N1/trees/H1N1_2010.mldist

Ultrafast bootstrap approximation results written to:
  Split support values:          results/per_year_clustered/H1N1/trees/H1N1_2010.splits.nex
  Consensus tree:                results/per_year_clustered/H1N1/trees/H1N1_2010.contree
  Screen log file:               results/per_year_clustered/H1N1/trees/H1N1_2010.log

Date and Time: Thu Nov 20 16:51:22 2025
