IQ-TREE version 3.0.1 for Linux x86 64-bit built Jul  9 2025
Developed by Bui Quang Minh, Thomas Wong, Nhan Ly-Trong, Huaiyan Ren
Contributed by Lam-Tung Nguyen, Dominik Schrempf, Chris Bielow,
Olga Chernomor, Michael Woodhams, Diep Thi Hoang, Heiko Schmidt

Host:    rtis-hpc-r09.uod.otago.ac.nz (AVX2, FMA3, 1006 GB RAM)
Command: iqtree -s results/per_year_clustered/H1N1/alignments/H1N1_2016_with_designs.fasta -m LG+G4 -bb 1000 -nt 8 -pre results/per_year_clustered/H1N1/trees/H1N1_2016_with_designs -redo -quiet
Seed:    792506 (Using SPRNG - Scalable Parallel Random Number Generator)
Time:    Sat Nov 22 10:56:10 2025
Kernel:  AVX+FMA - 8 threads (8 CPU cores detected)

Reading alignment file results/per_year_clustered/H1N1/alignments/H1N1_2016_with_designs.fasta ... Fasta format detected
Reading fasta file: done in 0.000164808 secs using 32.77% CPU
Alignment most likely contains protein sequences
Constructing alignment: done in 0.000249077 secs using 999.7% CPU
Alignment has 17 sequences with 566 columns, 77 distinct patterns
17 parsimony-informative, 40 singleton sites, 509 constant sites
                                                                                              Gap/Ambiguity  Composition  p-value
Analyzing sequences: done in 8.33487e-06 secs using 95.98% CPU
   1  EPI827141|HA|A/AICHI/83/2016|EPI_ISL_232526|A_/_H1N1                                            0.00%    passed    100.00%
   2  EPI844065|HA|A/Nepal/142/2016|EPI_ISL_235549|A_/_H1N1                                           0.00%    passed    100.00%
   3  EPI1024985|HA|A/Laos/0009/2016|EPI_ISL_269932|A_/_H1N1                                          0.00%    passed    100.00%
   4  EPI1025033|HA|A/Laos/4392/2016|EPI_ISL_269938|A_/_H1N1                                          0.00%    passed    100.00%
   5  EPI1027159|HA|A/Laos/F4513/2016|EPI_ISL_270238|A_/_H1N1                                         0.00%    passed    100.00%
   6  EPI2650432|HA|A/Saudi_Arabia/09/2016|EPI_ISL_18037984|A_/_H1N1                                  0.00%    passed    100.00%
   7  EPI909656|HA|A/SAPPORO/110/2016|EPI_ISL_247752|A_/_H1N1                                         0.00%    passed    100.00%
   8  EPI917635|HA|A/Phuket/320/2016|EPI_ISL_248956|A_/_H1N1                                          0.00%    passed    100.00%
   9  EPI770039|HA|A/Kyrgyzstan/119/2016|EPI_ISL_223769|A_/_H1N1                                      0.00%    passed    100.00%
  10  EPI788973|HA|A/Singapore/INFKK-16-0532/2016|EPI_ISL_227051|A_/_H1N1                             0.00%    passed    100.00%
  11  EPI980370|HA|A/Vietnam/019/2016|EPI_ISL_259863|A_/_H1N1                                         0.00%    passed    100.00%
  12  EPI903892|HA|A/Brisbane/305/2016|EPI_ISL_246667|A_/_H1N1                                        0.00%    passed    100.00%
  13  EPI791816|HA|A/Massachusetts/25/2016|EPI_ISL_227436|A_/_H1N1                                    0.00%    passed    100.00%
  14  H1N1_2016_Consensus_Aligned                                                                     0.00%    passed    100.00%
  15  H1N1_2016_Medoid_Aligned|EPI788973|HA|A/Singapore/INFKK-16-0532/2016|EPI_ISL_227051|A_/_H1N1    0.00%    passed    100.00%
  16  H1N1_2016_Ancestral_Aligned_Node10                                                              0.00%    passed    100.00%
  17  H1N1_2016_COBRA_Aligned                                                                         0.00%    passed    100.00%
****  TOTAL                                                                                           0.00%  0 sequences failed composition chi2 test (p-value<5%; df=19)
NOTE: H1N1_2016_COBRA_Aligned is identical to EPI827141|HA|A/AICHI/83/2016|EPI_ISL_232526|A_/_H1N1 but kept for subsequent analysis
NOTE: H1N1_2016_Medoid_Aligned|EPI788973|HA|A/Singapore/INFKK-16-0532/2016|EPI_ISL_227051|A_/_H1N1 is identical to EPI788973|HA|A/Singapore/INFKK-16-0532/2016|EPI_ISL_227051|A_/_H1N1 but kept for subsequent analysis
Checking for duplicate sequences: done in 2.5698e-05 secs using 101.2% CPU
Creating fast initial parsimony tree by random order stepwise addition...
0.004 seconds, parsimony score: 67 (based on 57 sites)
Generating 1000 samples for ultrafast bootstrap (seed: 792506)...

NOTE: 1 MB RAM (0 GB) is required!
WARNING: Number of threads seems too high for short alignments. Use -T AUTO to determine best number of threads.
Estimate model parameters (epsilon = 0.100)
1. Initial log-likelihood: -2205.562
2. Current log-likelihood: -2203.776
Optimal log-likelihood: -2203.768
Gamma shape alpha: 0.254
Parameters optimization took 2 rounds (0.011 sec)
Wrote distance file to... 
Computing ML distances based on estimated model parameters...
Calculating distance matrix: done in 0.0044308 secs using 891% CPU
Computing ML distances took 0.004461 sec (of wall-clock time) 0.039512 sec (of CPU time)
Setting up auxiliary I and S matrices: done in 0.000403807 secs
Constructing RapidNJ tree: done in 0.02555 secs using 130.2% CPU
Computing RapidNJ tree took 0.025986 sec (of wall-clock time) 0.033284 sec (of CPU time)
Log-likelihood of RapidNJ tree: -2201.551
--------------------------------------------------------------------
|             INITIALIZING CANDIDATE TREE SET                      |
--------------------------------------------------------------------
Generating 98 parsimony trees... 0.013 second
Computing log-likelihood of 98 initial trees ... 0.142 seconds
Current best score: -2196.708

Do NNI search on 20 best initial trees
Optimizing NNI: done in 0.00822386 secs using 777.2% CPU
Estimate model parameters (epsilon = 0.100)
BETTER TREE FOUND at iteration 1: -2196.666
Optimizing NNI: done in 0.0083143 secs using 841.7% CPU
Optimizing NNI: done in 0.00818232 secs using 780.5% CPU
Optimizing NNI: done in 0.00810659 secs using 786.3% CPU
Optimizing NNI: done in 0.00815067 secs using 782.9% CPU
Optimizing NNI: done in 0.00808754 secs using 788.2% CPU
Optimizing NNI: done in 0.00780693 secs using 813.5% CPU
Optimizing NNI: done in 0.00796865 secs using 799.1% CPU
Optimizing NNI: done in 0.00793135 secs using 802.4% CPU
Optimizing NNI: done in 0.00798421 secs using 798.5% CPU
Iteration 10 / LogL: -2196.666 / Time: 0h:0m:0s
Optimizing NNI: done in 0.00802551 secs using 794% CPU
BETTER TREE FOUND at iteration 11: -2196.666
Optimizing NNI: done in 0.00813125 secs using 846.2% CPU
Optimizing NNI: done in 0.00811568 secs using 785.5% CPU
Optimizing NNI: done in 0.00805877 secs using 778.5% CPU
Optimizing NNI: done in 0.00791946 secs using 803.2% CPU
Optimizing NNI: done in 0.00805967 secs using 778.6% CPU
Optimizing NNI: done in 0.00794452 secs using 800.7% CPU
Optimizing NNI: done in 0.00808731 secs using 788.5% CPU
Optimizing NNI: done in 0.00794407 secs using 712.7% CPU
Optimizing NNI: done in 0.0133484 secs using 770.1% CPU
Iteration 20 / LogL: -2196.667 / Time: 0h:0m:0s
Finish initializing candidate tree set (20)
Current best tree score: -2196.666 / CPU time: 0.342
Number of iterations: 20
--------------------------------------------------------------------
|               OPTIMIZING CANDIDATE TREE SET                      |
--------------------------------------------------------------------
Optimizing NNI: done in 0.0330443 secs using 788.9% CPU
Optimizing NNI: done in 0.00861464 secs using 825.5% CPU
Optimizing NNI: done in 0.0224177 secs using 775.7% CPU
Optimizing NNI: done in 0.0179172 secs using 757.1% CPU
Optimizing NNI: done in 0.0532475 secs using 784.5% CPU
Optimizing NNI: done in 0.0135761 secs using 816.1% CPU
Optimizing NNI: done in 0.0229896 secs using 794% CPU
BETTER TREE FOUND at iteration 27: -2196.666
Optimizing NNI: done in 0.0309003 secs using 795.8% CPU
Optimizing NNI: done in 0.0169121 secs using 797.3% CPU
Optimizing NNI: done in 0.0224373 secs using 780.4% CPU
Iteration 30 / LogL: -2202.929 / Time: 0h:0m:0s (0h:0m:2s left)
Optimizing NNI: done in 0.0227857 secs using 769.4% CPU
BETTER TREE FOUND at iteration 31: -2196.666
Optimizing NNI: done in 0.0175344 secs using 803.1% CPU
Optimizing NNI: done in 0.0359617 secs using 782.7% CPU
Optimizing NNI: done in 0.0198554 secs using 796.4% CPU
Optimizing NNI: done in 0.0439226 secs using 793% CPU
Optimizing NNI: done in 0.0397137 secs using 778.8% CPU
Optimizing NNI: done in 0.0143834 secs using 826% CPU
Optimizing NNI: done in 0.0295289 secs using 807.6% CPU
Optimizing NNI: done in 0.0232379 secs using 780.9% CPU
Optimizing NNI: done in 0.0320194 secs using 789.4% CPU
Iteration 40 / LogL: -2196.669 / Time: 0h:0m:0s (0h:0m:2s left)
Optimizing NNI: done in 0.0226331 secs using 807.6% CPU
Optimizing NNI: done in 0.0219282 secs using 793.4% CPU
Optimizing NNI: done in 0.0310371 secs using 792.5% CPU
Optimizing NNI: done in 0.0244146 secs using 776.6% CPU
Optimizing NNI: done in 0.0135431 secs using 767.9% CPU
Optimizing NNI: done in 0.025741 secs using 803.2% CPU
Optimizing NNI: done in 0.0164318 secs using 814.4% CPU
Optimizing NNI: done in 0.0147347 secs using 795.5% CPU
Optimizing NNI: done in 0.0198597 secs using 796.1% CPU
Optimizing NNI: done in 0.028615 secs using 781.3% CPU
Iteration 50 / LogL: -2196.671 / Time: 0h:0m:1s (0h:0m:2s left)
Log-likelihood cutoff on original alignment: -2216.695
Optimizing NNI: done in 0.0241625 secs using 786.6% CPU
Optimizing NNI: done in 0.016034 secs using 788.4% CPU
Optimizing NNI: done in 0.0240291 secs using 791.2% CPU
Optimizing NNI: done in 0.0326512 secs using 791.2% CPU
Optimizing NNI: done in 0.0311677 secs using 780.4% CPU
Optimizing NNI: done in 0.015937 secs using 796.5% CPU
Optimizing NNI: done in 0.0240685 secs using 791.8% CPU
Optimizing NNI: done in 0.022946 secs using 794.5% CPU
Optimizing NNI: done in 0.0198034 secs using 764.9% CPU
Optimizing NNI: done in 0.0288239 secs using 794.1% CPU
Iteration 60 / LogL: -2196.671 / Time: 0h:0m:1s (0h:0m:1s left)
Optimizing NNI: done in 0.0158558 secs using 800% CPU
Optimizing NNI: done in 0.0328247 secs using 797.2% CPU
Optimizing NNI: done in 0.0326449 secs using 776.6% CPU
Optimizing NNI: done in 0.0287384 secs using 775.8% CPU
BETTER TREE FOUND at iteration 64: -2196.666
Optimizing NNI: done in 0.0230334 secs using 792.9% CPU
Optimizing NNI: done in 0.015303 secs using 773.1% CPU
Optimizing NNI: done in 0.0164199 secs using 775.8% CPU
Optimizing NNI: done in 0.0163103 secs using 782% CPU
Optimizing NNI: done in 0.0155701 secs using 815.5% CPU
Optimizing NNI: done in 0.0385243 secs using 795% CPU
Iteration 70 / LogL: -2196.668 / Time: 0h:0m:1s (0h:0m:2s left)
Optimizing NNI: done in 0.0233056 secs using 787.4% CPU
Optimizing NNI: done in 0.032306 secs using 789.9% CPU
Optimizing NNI: done in 0.0315838 secs using 783.8% CPU
Optimizing NNI: done in 0.00788662 secs using 806.6% CPU
Optimizing NNI: done in 0.0310107 secs using 790% CPU
Optimizing NNI: done in 0.0242015 secs using 819.2% CPU
Optimizing NNI: done in 0.0159575 secs using 798.2% CPU
Optimizing NNI: done in 0.0229122 secs using 794.7% CPU
Optimizing NNI: done in 0.0322411 secs using 781.8% CPU
Optimizing NNI: done in 0.0310078 secs using 796.5% CPU
Iteration 80 / LogL: -2196.666 / Time: 0h:0m:2s (0h:0m:2s left)
Optimizing NNI: done in 0.0233875 secs using 776.5% CPU
Optimizing NNI: done in 0.0326223 secs using 782.6% CPU
Optimizing NNI: done in 0.0122438 secs using 782.6% CPU
Optimizing NNI: done in 0.0253307 secs using 814.7% CPU
Optimizing NNI: done in 0.0168581 secs using 802.1% CPU
Optimizing NNI: done in 0.0240248 secs using 820.7% CPU
Optimizing NNI: done in 0.0242878 secs using 780% CPU
Optimizing NNI: done in 0.0144777 secs using 773.4% CPU
Optimizing NNI: done in 0.0145824 secs using 761.7% CPU
Optimizing NNI: done in 0.0217121 secs using 768.7% CPU
Iteration 90 / LogL: -2196.666 / Time: 0h:0m:2s (0h:0m:1s left)
Optimizing NNI: done in 0.0318497 secs using 774.5% CPU
Optimizing NNI: done in 0.0237482 secs using 799.2% CPU
Optimizing NNI: done in 0.0469922 secs using 792.2% CPU
Optimizing NNI: done in 0.0255056 secs using 806.6% CPU
Optimizing NNI: done in 0.0120212 secs using 792.9% CPU
Optimizing NNI: done in 0.0332794 secs using 784.6% CPU
Optimizing NNI: done in 0.0140509 secs using 790.7% CPU
Optimizing NNI: done in 0.0312245 secs using 788.8% CPU
Optimizing NNI: done in 0.0143138 secs using 777.8% CPU
Optimizing NNI: done in 0.0241047 secs using 785.9% CPU
Iteration 100 / LogL: -2196.668 / Time: 0h:0m:2s (0h:0m:1s left)
Log-likelihood cutoff on original alignment: -2216.941
NOTE: Bootstrap correlation coefficient of split occurrence frequencies: 0.948
NOTE: UFBoot does not converge, continue at least 100 more iterations
Optimizing NNI: done in 0.0237233 secs using 784.8% CPU
Optimizing NNI: done in 0.0251256 secs using 782.1% CPU
Optimizing NNI: done in 0.0325032 secs using 804.3% CPU
Optimizing NNI: done in 0.0233916 secs using 782% CPU
Optimizing NNI: done in 0.0240983 secs using 791.9% CPU
Optimizing NNI: done in 0.0153523 secs using 806.4% CPU
Optimizing NNI: done in 0.0316352 secs using 801.3% CPU
Optimizing NNI: done in 0.0213716 secs using 784.3% CPU
Optimizing NNI: done in 0.0302138 secs using 787.9% CPU
Optimizing NNI: done in 0.0314648 secs using 805% CPU
Iteration 110 / LogL: -2196.668 / Time: 0h:0m:2s (0h:0m:2s left)
Optimizing NNI: done in 0.0316386 secs using 798% CPU
Optimizing NNI: done in 0.0352927 secs using 788.1% CPU
Optimizing NNI: done in 0.015885 secs using 757.4% CPU
Optimizing NNI: done in 0.028602 secs using 799.2% CPU
Optimizing NNI: done in 0.01591 secs using 788.3% CPU
Optimizing NNI: done in 0.0163801 secs using 780.3% CPU
Optimizing NNI: done in 0.0161277 secs using 791% CPU
Optimizing NNI: done in 0.0147842 secs using 758.7% CPU
Optimizing NNI: done in 0.0239428 secs using 793.9% CPU
Optimizing NNI: done in 0.00786887 secs using 795.3% CPU
Iteration 120 / LogL: -2196.666 / Time: 0h:0m:3s (0h:0m:2s left)
Optimizing NNI: done in 0.0255963 secs using 807.2% CPU
Optimizing NNI: done in 0.0218841 secs using 764% CPU
Optimizing NNI: done in 0.0245529 secs using 805.2% CPU
Optimizing NNI: done in 0.0214431 secs using 800.8% CPU
Optimizing NNI: done in 0.0315075 secs using 807.5% CPU
Optimizing NNI: done in 0.0398622 secs using 791.6% CPU
Optimizing NNI: done in 0.0283917 secs using 786.5% CPU
Optimizing NNI: done in 0.015851 secs using 802.9% CPU
Optimizing NNI: done in 0.0227188 secs using 804.6% CPU
Optimizing NNI: done in 0.0248477 secs using 795.8% CPU
Iteration 130 / LogL: -2196.668 / Time: 0h:0m:3s (0h:0m:1s left)
Optimizing NNI: done in 0.0299543 secs using 794.4% CPU
Optimizing NNI: done in 0.0158933 secs using 791.5% CPU
Optimizing NNI: done in 0.0293205 secs using 802.8% CPU
Optimizing NNI: done in 0.024887 secs using 788.7% CPU
Optimizing NNI: done in 0.023207 secs using 782.9% CPU
Optimizing NNI: done in 0.016091 secs using 789.6% CPU
Optimizing NNI: done in 0.0159736 secs using 782% CPU
UPDATE BEST LOG-LIKELIHOOD: -2196.666
Optimizing NNI: done in 0.0161519 secs using 787% CPU
Optimizing NNI: done in 0.0215283 secs using 767.4% CPU
Optimizing NNI: done in 0.0212543 secs using 785.8% CPU
Iteration 140 / LogL: -2196.666 / Time: 0h:0m:3s (0h:0m:1s left)
Optimizing NNI: done in 0.0242595 secs using 785.6% CPU
Optimizing NNI: done in 0.00781667 secs using 810.7% CPU
Optimizing NNI: done in 0.0392623 secs using 799.2% CPU
Optimizing NNI: done in 0.024098 secs using 787.7% CPU
Optimizing NNI: done in 0.0229232 secs using 790.2% CPU
Optimizing NNI: done in 0.0165541 secs using 815.4% CPU
Optimizing NNI: done in 0.0237433 secs using 774.7% CPU
Optimizing NNI: done in 0.0150982 secs using 791.8% CPU
Optimizing NNI: done in 0.0241957 secs using 782.3% CPU
Optimizing NNI: done in 0.0287582 secs using 778.3% CPU
Iteration 150 / LogL: -2196.669 / Time: 0h:0m:3s (0h:0m:1s left)
Log-likelihood cutoff on original alignment: -2218.219
Optimizing NNI: done in 0.0308685 secs using 795.9% CPU
Optimizing NNI: done in 0.0291015 secs using 790.4% CPU
Optimizing NNI: done in 0.0233198 secs using 778.5% CPU
Optimizing NNI: done in 0.0227645 secs using 803.6% CPU
Optimizing NNI: done in 0.0233949 secs using 784.7% CPU
Optimizing NNI: done in 0.0163187 secs using 825.9% CPU
Optimizing NNI: done in 0.0240086 secs using 792.1% CPU
Optimizing NNI: done in 0.0293043 secs using 805.9% CPU
Optimizing NNI: done in 0.0156017 secs using 807.5% CPU
Optimizing NNI: done in 0.0318766 secs using 798.8% CPU
Iteration 160 / LogL: -2196.667 / Time: 0h:0m:4s (0h:0m:1s left)
Optimizing NNI: done in 0.0306726 secs using 793.7% CPU
Optimizing NNI: done in 0.0250134 secs using 795.9% CPU
Optimizing NNI: done in 0.0294844 secs using 808.6% CPU
Optimizing NNI: done in 0.0249124 secs using 798.5% CPU
Optimizing NNI: done in 0.0151991 secs using 826.2% CPU
Optimizing NNI: done in 0.0169216 secs using 799.5% CPU
Optimizing NNI: done in 0.0237993 secs using 801.8% CPU
Optimizing NNI: done in 0.0284022 secs using 784.7% CPU
Optimizing NNI: done in 0.0293864 secs using 780.8% CPU
Optimizing NNI: done in 0.0237728 secs using 799.4% CPU
Iteration 170 / LogL: -2196.670 / Time: 0h:0m:4s (0h:0m:0s left)
Optimizing NNI: done in 0.0237854 secs using 795.8% CPU
Optimizing NNI: done in 0.0241104 secs using 778.8% CPU
Optimizing NNI: done in 0.0153291 secs using 779.6% CPU
Optimizing NNI: done in 0.0238739 secs using 793.6% CPU
Optimizing NNI: done in 0.0452986 secs using 785.2% CPU
Optimizing NNI: done in 0.0301307 secs using 777.6% CPU
Optimizing NNI: done in 0.0384713 secs using 782.9% CPU
Optimizing NNI: done in 0.0239838 secs using 786.5% CPU
Optimizing NNI: done in 0.0226066 secs using 802.2% CPU
Optimizing NNI: done in 0.0163111 secs using 823.9% CPU
Iteration 180 / LogL: -2202.337 / Time: 0h:0m:4s (0h:0m:0s left)
Optimizing NNI: done in 0.0157807 secs using 759.5% CPU
Optimizing NNI: done in 0.0238823 secs using 794% CPU
Optimizing NNI: done in 0.0160345 secs using 792.8% CPU
Optimizing NNI: done in 0.0288273 secs using 798.2% CPU
Optimizing NNI: done in 0.0219659 secs using 795.5% CPU
Optimizing NNI: done in 0.0160509 secs using 791.8% CPU
Optimizing NNI: done in 0.0234146 secs using 803% CPU
Optimizing NNI: done in 0.0245443 secs using 809.4% CPU
Optimizing NNI: done in 0.0245813 secs using 776.3% CPU
Optimizing NNI: done in 0.0148103 secs using 798.8% CPU
Iteration 190 / LogL: -2196.667 / Time: 0h:0m:5s (0h:0m:0s left)
Optimizing NNI: done in 0.0316643 secs using 793.9% CPU
Optimizing NNI: done in 0.0158721 secs using 802.1% CPU
Optimizing NNI: done in 0.0291836 secs using 789.5% CPU
Optimizing NNI: done in 0.00775338 secs using 815.3% CPU
Optimizing NNI: done in 0.0223657 secs using 778% CPU
Optimizing NNI: done in 0.0302939 secs using 786.6% CPU
Optimizing NNI: done in 0.0230884 secs using 786.6% CPU
Optimizing NNI: done in 0.0246979 secs using 798.3% CPU
Optimizing NNI: done in 0.0160857 secs using 783.3% CPU
Optimizing NNI: done in 0.0158882 secs using 798.1% CPU
Iteration 200 / LogL: -2199.823 / Time: 0h:0m:5s (0h:0m:0s left)
Log-likelihood cutoff on original alignment: -2218.623
NOTE: Bootstrap correlation coefficient of split occurrence frequencies: 0.979
NOTE: UFBoot does not converge, continue at least 100 more iterations
Optimizing NNI: done in 0.0315913 secs using 776.7% CPU
Optimizing NNI: done in 0.0220339 secs using 795.2% CPU
Optimizing NNI: done in 0.0122453 secs using 781.7% CPU
Optimizing NNI: done in 0.0163835 secs using 818.9% CPU
Optimizing NNI: done in 0.0159995 secs using 794.6% CPU
Optimizing NNI: done in 0.0161414 secs using 781.9% CPU
Optimizing NNI: done in 0.0264229 secs using 778.8% CPU
Optimizing NNI: done in 0.0163603 secs using 778.5% CPU
Optimizing NNI: done in 0.0233572 secs using 783.5% CPU
Optimizing NNI: done in 0.0242378 secs using 787.1% CPU
Iteration 210 / LogL: -2196.666 / Time: 0h:0m:5s (0h:0m:2s left)
Optimizing NNI: done in 0.0227433 secs using 801.8% CPU
Optimizing NNI: done in 0.0228907 secs using 793.2% CPU
Optimizing NNI: done in 0.023922 secs using 788.1% CPU
Optimizing NNI: done in 0.0162471 secs using 777.7% CPU
Optimizing NNI: done in 0.0241853 secs using 781% CPU
Optimizing NNI: done in 0.0161117 secs using 832.4% CPU
Optimizing NNI: done in 0.0158944 secs using 797.7% CPU
Optimizing NNI: done in 0.035202 secs using 785.9% CPU
Optimizing NNI: done in 0.0227961 secs using 767.3% CPU
Optimizing NNI: done in 0.0157542 secs using 800.5% CPU
Iteration 220 / LogL: -2196.666 / Time: 0h:0m:5s (0h:0m:2s left)
Optimizing NNI: done in 0.0256145 secs using 806.7% CPU
Optimizing NNI: done in 0.0156866 secs using 766.2% CPU
Optimizing NNI: done in 0.0317072 secs using 774.7% CPU
Optimizing NNI: done in 0.0366283 secs using 803.7% CPU
Optimizing NNI: done in 0.0294587 secs using 802.7% CPU
Optimizing NNI: done in 0.0331431 secs using 784.6% CPU
Optimizing NNI: done in 0.0241127 secs using 786.4% CPU
Optimizing NNI: done in 0.0147786 secs using 797.9% CPU
Optimizing NNI: done in 0.0229558 secs using 790.4% CPU
Optimizing NNI: done in 0.032419 secs using 805.9% CPU
Iteration 230 / LogL: -2196.667 / Time: 0h:0m:6s (0h:0m:1s left)
Optimizing NNI: done in 0.0322301 secs using 788.5% CPU
Optimizing NNI: done in 0.031957 secs using 784.5% CPU
Optimizing NNI: done in 0.028612 secs using 799.4% CPU
Optimizing NNI: done in 0.0242047 secs using 788.5% CPU
Optimizing NNI: done in 0.0215585 secs using 808% CPU
Optimizing NNI: done in 0.0232313 secs using 787.5% CPU
Optimizing NNI: done in 0.037546 secs using 799.8% CPU
Optimizing NNI: done in 0.0232732 secs using 777.3% CPU
Optimizing NNI: done in 0.00777619 secs using 801.9% CPU
Optimizing NNI: done in 0.0166181 secs using 810.4% CPU
Iteration 240 / LogL: -2196.667 / Time: 0h:0m:6s (0h:0m:1s left)
Optimizing NNI: done in 0.0402457 secs using 786.9% CPU
Optimizing NNI: done in 0.0328999 secs using 790.5% CPU
Optimizing NNI: done in 0.021813 secs using 795.9% CPU
Optimizing NNI: done in 0.0165562 secs using 807.1% CPU
Optimizing NNI: done in 0.023847 secs using 794.7% CPU
Optimizing NNI: done in 0.00793866 secs using 798.8% CPU
Optimizing NNI: done in 0.0212886 secs using 814.9% CPU
Optimizing NNI: done in 0.023694 secs using 775.8% CPU
Optimizing NNI: done in 0.0292197 secs using 804.6% CPU
Optimizing NNI: done in 0.0308985 secs using 798.6% CPU
Iteration 250 / LogL: -2196.668 / Time: 0h:0m:6s (0h:0m:1s left)
Log-likelihood cutoff on original alignment: -2220.495
Optimizing NNI: done in 0.0301717 secs using 785.2% CPU
Optimizing NNI: done in 0.0259795 secs using 794.6% CPU
Optimizing NNI: done in 0.00748002 secs using 751.1% CPU
Optimizing NNI: done in 0.025371 secs using 809.2% CPU
Optimizing NNI: done in 0.0215535 secs using 811% CPU
Optimizing NNI: done in 0.0235846 secs using 804.3% CPU
Optimizing NNI: done in 0.0285477 secs using 773.7% CPU
Optimizing NNI: done in 0.0370409 secs using 781.9% CPU
Optimizing NNI: done in 0.0316395 secs using 801.7% CPU
Optimizing NNI: done in 0.0410016 secs using 793.8% CPU
Iteration 260 / LogL: -2196.672 / Time: 0h:0m:6s (0h:0m:1s left)
Optimizing NNI: done in 0.0315735 secs using 771.7% CPU
Optimizing NNI: done in 0.0241366 secs using 781.6% CPU
Optimizing NNI: done in 0.0138699 secs using 799.4% CPU
Optimizing NNI: done in 0.022519 secs using 803.9% CPU
Optimizing NNI: done in 0.021836 secs using 799.7% CPU
Optimizing NNI: done in 0.0289458 secs using 771.5% CPU
Optimizing NNI: done in 0.0321964 secs using 783.7% CPU
Optimizing NNI: done in 0.0251625 secs using 809.5% CPU
Optimizing NNI: done in 0.023829 secs using 799.5% CPU
Optimizing NNI: done in 0.0221314 secs using 781% CPU
Iteration 270 / LogL: -2197.654 / Time: 0h:0m:7s (0h:0m:0s left)
Optimizing NNI: done in 0.0302452 secs using 785.4% CPU
Optimizing NNI: done in 0.0240332 secs using 788.9% CPU
Optimizing NNI: done in 0.0242292 secs using 783.5% CPU
Optimizing NNI: done in 0.0233064 secs using 804.2% CPU
Optimizing NNI: done in 0.03138 secs using 788% CPU
Optimizing NNI: done in 0.0221215 secs using 788.3% CPU
Optimizing NNI: done in 0.0243194 secs using 787.6% CPU
Optimizing NNI: done in 0.0148946 secs using 794.7% CPU
Optimizing NNI: done in 0.0253879 secs using 809.3% CPU
Optimizing NNI: done in 0.0228955 secs using 795.7% CPU
Iteration 280 / LogL: -2196.671 / Time: 0h:0m:7s (0h:0m:0s left)
Optimizing NNI: done in 0.0303394 secs using 808% CPU
Optimizing NNI: done in 0.0302703 secs using 783.9% CPU
UPDATE BEST LOG-LIKELIHOOD: -2196.666
Optimizing NNI: done in 0.0319541 secs using 797.3% CPU
Optimizing NNI: done in 0.0320263 secs using 796.1% CPU
Optimizing NNI: done in 0.0357175 secs using 796.2% CPU
Optimizing NNI: done in 0.0315747 secs using 805.8% CPU
Optimizing NNI: done in 0.0245291 secs using 801.2% CPU
Optimizing NNI: done in 0.0244667 secs using 780.7% CPU
Optimizing NNI: done in 0.0289353 secs using 791.9% CPU
Optimizing NNI: done in 0.00781047 secs using 810.9% CPU
Iteration 290 / LogL: -2196.666 / Time: 0h:0m:7s (0h:0m:0s left)
Optimizing NNI: done in 0.0145882 secs using 813.2% CPU
Optimizing NNI: done in 0.0152362 secs using 828.8% CPU
Optimizing NNI: done in 0.0230414 secs using 779.2% CPU
Optimizing NNI: done in 0.0143857 secs using 822.9% CPU
Optimizing NNI: done in 0.029803 secs using 788.3% CPU
Optimizing NNI: done in 0.0170234 secs using 787.2% CPU
Optimizing NNI: done in 0.0220379 secs using 793.2% CPU
Optimizing NNI: done in 0.0150998 secs using 782.2% CPU
Optimizing NNI: done in 0.0218312 secs using 758.5% CPU
Optimizing NNI: done in 0.0167928 secs using 796.8% CPU
Iteration 300 / LogL: -2196.668 / Time: 0h:0m:8s (0h:0m:0s left)
Log-likelihood cutoff on original alignment: -2220.696
NOTE: Bootstrap correlation coefficient of split occurrence frequencies: 0.980
NOTE: UFBoot does not converge, continue at least 100 more iterations
Optimizing NNI: done in 0.0236806 secs using 767.4% CPU
Optimizing NNI: done in 0.0153756 secs using 821.1% CPU
Optimizing NNI: done in 0.0229341 secs using 795.5% CPU
Optimizing NNI: done in 0.0242453 secs using 782.8% CPU
Optimizing NNI: done in 0.0249557 secs using 795.5% CPU
Optimizing NNI: done in 0.00672241 secs using 810.5% CPU
Optimizing NNI: done in 0.022397 secs using 779.6% CPU
Optimizing NNI: done in 0.0151978 secs using 786.9% CPU
Optimizing NNI: done in 0.0160061 secs using 796.3% CPU
Optimizing NNI: done in 0.013481 secs using 823.8% CPU
Iteration 310 / LogL: -2196.666 / Time: 0h:0m:8s (0h:0m:2s left)
Optimizing NNI: done in 0.0163824 secs using 804.6% CPU
Optimizing NNI: done in 0.0309268 secs using 798.3% CPU
Optimizing NNI: done in 0.0139671 secs using 798.1% CPU
Optimizing NNI: done in 0.0216834 secs using 797.4% CPU
Optimizing NNI: done in 0.0312449 secs using 784.3% CPU
Optimizing NNI: done in 0.0205011 secs using 779.5% CPU
Optimizing NNI: done in 0.0241415 secs using 784.4% CPU
Optimizing NNI: done in 0.0275034 secs using 783.4% CPU
Optimizing NNI: done in 0.046219 secs using 790.9% CPU
Optimizing NNI: done in 0.0319313 secs using 791.6% CPU
Iteration 320 / LogL: -2196.668 / Time: 0h:0m:8s (0h:0m:2s left)
Optimizing NNI: done in 0.0226144 secs using 799.2% CPU
Optimizing NNI: done in 0.0217612 secs using 771.9% CPU
Optimizing NNI: done in 0.0229835 secs using 792.4% CPU
Optimizing NNI: done in 0.0334817 secs using 786.1% CPU
Optimizing NNI: done in 0.0315835 secs using 778.2% CPU
Optimizing NNI: done in 0.0157639 secs using 803.8% CPU
Optimizing NNI: done in 0.0164969 secs using 815.2% CPU
Optimizing NNI: done in 0.0239357 secs using 796.5% CPU
Optimizing NNI: done in 0.0228742 secs using 797.3% CPU
Optimizing NNI: done in 0.0199452 secs using 790.5% CPU
Iteration 330 / LogL: -2196.667 / Time: 0h:0m:8s (0h:0m:1s left)
Optimizing NNI: done in 0.0164534 secs using 816.1% CPU
Optimizing NNI: done in 0.0162969 secs using 823.5% CPU
Optimizing NNI: done in 0.0228439 secs using 794.6% CPU
Optimizing NNI: done in 0.0160902 secs using 784.7% CPU
Optimizing NNI: done in 0.0237167 secs using 800.6% CPU
Optimizing NNI: done in 0.0237162 secs using 775.3% CPU
Optimizing NNI: done in 0.0237153 secs using 805% CPU
Optimizing NNI: done in 0.0224906 secs using 775.6% CPU
Optimizing NNI: done in 0.0376528 secs using 776% CPU
Optimizing NNI: done in 0.0160361 secs using 787.1% CPU
Iteration 340 / LogL: -2196.667 / Time: 0h:0m:9s (0h:0m:1s left)
Optimizing NNI: done in 0.0220847 secs using 791.1% CPU
Optimizing NNI: done in 0.0217131 secs using 759.9% CPU
Optimizing NNI: done in 0.0198091 secs using 803.1% CPU
Optimizing NNI: done in 0.0215365 secs using 811.4% CPU
Optimizing NNI: done in 0.0406174 secs using 803% CPU
Optimizing NNI: done in 0.0236777 secs using 772.3% CPU
Optimizing NNI: done in 0.0307146 secs using 799.8% CPU
Optimizing NNI: done in 0.0329671 secs using 791% CPU
Optimizing NNI: done in 0.0207976 secs using 798.5% CPU
Optimizing NNI: done in 0.0224883 secs using 781.6% CPU
Iteration 350 / LogL: -2196.666 / Time: 0h:0m:9s (0h:0m:1s left)
Log-likelihood cutoff on original alignment: -2220.954
Optimizing NNI: done in 0.0227815 secs using 798.7% CPU
Optimizing NNI: done in 0.064279 secs using 791.8% CPU
Optimizing NNI: done in 0.0222163 secs using 784.8% CPU
Optimizing NNI: done in 0.0241199 secs using 788.8% CPU
Optimizing NNI: done in 0.0434568 secs using 784.4% CPU
Optimizing NNI: done in 0.0235445 secs using 805.4% CPU
Optimizing NNI: done in 0.0155405 secs using 772.2% CPU
Optimizing NNI: done in 0.00782257 secs using 812.4% CPU
Optimizing NNI: done in 0.0233795 secs using 772.1% CPU
Optimizing NNI: done in 0.0159475 secs using 746.1% CPU
Iteration 360 / LogL: -2199.823 / Time: 0h:0m:9s (0h:0m:1s left)
Optimizing NNI: done in 0.0233341 secs using 808.6% CPU
Optimizing NNI: done in 0.0144324 secs using 757.9% CPU
Optimizing NNI: done in 0.0291995 secs using 781.8% CPU
Optimizing NNI: done in 0.0212666 secs using 784.3% CPU
Optimizing NNI: done in 0.0173255 secs using 820.8% CPU
Optimizing NNI: done in 0.0226699 secs using 768.6% CPU
Optimizing NNI: done in 0.0155747 secs using 806.2% CPU
Optimizing NNI: done in 0.02245 secs using 775.6% CPU
Optimizing NNI: done in 0.0157968 secs using 803.2% CPU
Optimizing NNI: done in 0.0172221 secs using 785.1% CPU
Iteration 370 / LogL: -2197.653 / Time: 0h:0m:9s (0h:0m:0s left)
Optimizing NNI: done in 0.0243324 secs using 784.1% CPU
Optimizing NNI: done in 0.0153771 secs using 822.2% CPU
Optimizing NNI: done in 0.0160257 secs using 789.4% CPU
Optimizing NNI: done in 0.0299362 secs using 787.6% CPU
Optimizing NNI: done in 0.0151382 secs using 789.8% CPU
Optimizing NNI: done in 0.0162725 secs using 827.4% CPU
Optimizing NNI: done in 0.0147257 secs using 761.4% CPU
Optimizing NNI: done in 0.0187186 secs using 806.8% CPU
Optimizing NNI: done in 0.0239697 secs using 797.4% CPU
Optimizing NNI: done in 0.0303023 secs using 782.7% CPU
Iteration 380 / LogL: -2196.667 / Time: 0h:0m:10s (0h:0m:0s left)
Optimizing NNI: done in 0.0296498 secs using 801.2% CPU
Optimizing NNI: done in 0.0161414 secs using 827.2% CPU
Optimizing NNI: done in 0.0311168 secs using 790.8% CPU
Optimizing NNI: done in 0.0246895 secs using 769.4% CPU
Optimizing NNI: done in 0.0130493 secs using 786.2% CPU
Optimizing NNI: done in 0.0239978 secs using 792.6% CPU
Optimizing NNI: done in 0.0312944 secs using 780.2% CPU
Optimizing NNI: done in 0.0218287 secs using 801.9% CPU
Optimizing NNI: done in 0.0243164 secs using 779.3% CPU
Optimizing NNI: done in 0.0317394 secs using 795.9% CPU
Iteration 390 / LogL: -2196.667 / Time: 0h:0m:10s (0h:0m:0s left)
Optimizing NNI: done in 0.0165887 secs using 813.6% CPU
Optimizing NNI: done in 0.0278838 secs using 795.7% CPU
Optimizing NNI: done in 0.023906 secs using 799.4% CPU
Optimizing NNI: done in 0.0370832 secs using 793.9% CPU
Optimizing NNI: done in 0.0219055 secs using 796.4% CPU
Optimizing NNI: done in 0.0311986 secs using 782% CPU
Optimizing NNI: done in 0.0376527 secs using 781.1% CPU
Optimizing NNI: done in 0.0293472 secs using 809.1% CPU
Optimizing NNI: done in 0.0307295 secs using 771% CPU
Optimizing NNI: done in 0.0317156 secs using 800.6% CPU
Iteration 400 / LogL: -2196.667 / Time: 0h:0m:10s (0h:0m:0s left)
Log-likelihood cutoff on original alignment: -2221.916
NOTE: Bootstrap correlation coefficient of split occurrence frequencies: 0.978
NOTE: UFBoot does not converge, continue at least 100 more iterations
Optimizing NNI: done in 0.0127964 secs using 775.3% CPU
Optimizing NNI: done in 0.0163051 secs using 823.7% CPU
Optimizing NNI: done in 0.0381499 secs using 790% CPU
Optimizing NNI: done in 0.0218596 secs using 800.6% CPU
Optimizing NNI: done in 0.0155394 secs using 810.5% CPU
Optimizing NNI: done in 0.0258571 secs using 796.6% CPU
Optimizing NNI: done in 0.0250937 secs using 781.7% CPU
Optimizing NNI: done in 0.016267 secs using 827.5% CPU
Optimizing NNI: done in 0.0158718 secs using 802% CPU
Optimizing NNI: done in 0.0172003 secs using 776.4% CPU
Iteration 410 / LogL: -2196.666 / Time: 0h:0m:11s (0h:0m:2s left)
Optimizing NNI: done in 0.0323316 secs using 807.7% CPU
Optimizing NNI: done in 0.0244786 secs using 778.2% CPU
Optimizing NNI: done in 0.0236757 secs using 801.6% CPU
Optimizing NNI: done in 0.0232349 secs using 819.2% CPU
Optimizing NNI: done in 0.0168052 secs using 803.7% CPU
Optimizing NNI: done in 0.0223715 secs using 780% CPU
Optimizing NNI: done in 0.0149415 secs using 799% CPU
Optimizing NNI: done in 0.0216816 secs using 770% CPU
Optimizing NNI: done in 0.0156033 secs using 808% CPU
Optimizing NNI: done in 0.0161028 secs using 792.1% CPU
Iteration 420 / LogL: -2196.668 / Time: 0h:0m:11s (0h:0m:2s left)
Optimizing NNI: done in 0.0230593 secs using 824.9% CPU
Optimizing NNI: done in 0.024827 secs using 801.4% CPU
Optimizing NNI: done in 0.0292752 secs using 779.4% CPU
Optimizing NNI: done in 0.00771819 secs using 821.6% CPU
Optimizing NNI: done in 0.0223654 secs using 807.6% CPU
Optimizing NNI: done in 0.0248072 secs using 797.7% CPU
Optimizing NNI: done in 0.0312182 secs using 783% CPU
Optimizing NNI: done in 0.0224366 secs using 811% CPU
Optimizing NNI: done in 0.0214939 secs using 772.9% CPU
Optimizing NNI: done in 0.0266264 secs using 776.9% CPU
Iteration 430 / LogL: -2196.669 / Time: 0h:0m:11s (0h:0m:1s left)
Optimizing NNI: done in 0.0390078 secs using 792.8% CPU
Optimizing NNI: done in 0.0387913 secs using 776.9% CPU
Optimizing NNI: done in 0.0236462 secs using 765.8% CPU
Optimizing NNI: done in 0.029401 secs using 781.4% CPU
Optimizing NNI: done in 0.030003 secs using 787.4% CPU
Optimizing NNI: done in 0.0170045 secs using 794.2% CPU
Optimizing NNI: done in 0.0318819 secs using 768.6% CPU
Optimizing NNI: done in 0.03121 secs using 786.7% CPU
Optimizing NNI: done in 0.0316172 secs using 801.8% CPU
Optimizing NNI: done in 0.015324 secs using 768.7% CPU
Iteration 440 / LogL: -2196.666 / Time: 0h:0m:11s (0h:0m:1s left)
Optimizing NNI: done in 0.0228316 secs using 801.5% CPU
Optimizing NNI: done in 0.0218935 secs using 758.7% CPU
Optimizing NNI: done in 0.0290623 secs using 787.8% CPU
Optimizing NNI: done in 0.0156479 secs using 812% CPU
Optimizing NNI: done in 0.0305758 secs using 776.8% CPU
Optimizing NNI: done in 0.0160423 secs using 794.8% CPU
Optimizing NNI: done in 0.0389723 secs using 796.6% CPU
Optimizing NNI: done in 0.03755 secs using 799.4% CPU
Optimizing NNI: done in 0.0305801 secs using 783.2% CPU
Optimizing NNI: done in 0.0364261 secs using 787.9% CPU
Iteration 450 / LogL: -2196.671 / Time: 0h:0m:12s (0h:0m:1s left)
Log-likelihood cutoff on original alignment: -2221.916
Optimizing NNI: done in 0.0242695 secs using 780.1% CPU
Optimizing NNI: done in 0.0216786 secs using 802.2% CPU
Optimizing NNI: done in 0.0162565 secs using 785.5% CPU
Optimizing NNI: done in 0.0237892 secs using 802.8% CPU
Optimizing NNI: done in 0.015852 secs using 803.1% CPU
Optimizing NNI: done in 0.024624 secs using 798.9% CPU
Optimizing NNI: done in 0.0368708 secs using 796% CPU
Optimizing NNI: done in 0.0218794 secs using 795.5% CPU
Optimizing NNI: done in 0.0220197 secs using 787.2% CPU
Optimizing NNI: done in 0.0219904 secs using 793% CPU
Iteration 460 / LogL: -2199.823 / Time: 0h:0m:12s (0h:0m:1s left)
Optimizing NNI: done in 0.0232132 secs using 787.2% CPU
Optimizing NNI: done in 0.0169527 secs using 789.7% CPU
Optimizing NNI: done in 0.0234979 secs using 803.6% CPU
Optimizing NNI: done in 0.0232674 secs using 815.3% CPU
Optimizing NNI: done in 0.0255114 secs using 807.2% CPU
Optimizing NNI: done in 0.0320815 secs using 786.1% CPU
Optimizing NNI: done in 0.0347293 secs using 776.5% CPU
Optimizing NNI: done in 0.0212176 secs using 787% CPU
Optimizing NNI: done in 0.0230585 secs using 788.6% CPU
Optimizing NNI: done in 0.0154535 secs using 814.2% CPU
Iteration 470 / LogL: -2196.666 / Time: 0h:0m:12s (0h:0m:0s left)
Optimizing NNI: done in 0.0211138 secs using 787.7% CPU
Optimizing NNI: done in 0.0253616 secs using 782.4% CPU
Optimizing NNI: done in 0.0159989 secs using 796.1% CPU
Optimizing NNI: done in 0.0251633 secs using 815.4% CPU
Optimizing NNI: done in 0.0224162 secs using 814.1% CPU
Optimizing NNI: done in 0.0164734 secs using 818.1% CPU
Optimizing NNI: done in 0.0172574 secs using 786% CPU
Optimizing NNI: done in 0.0149495 secs using 791.5% CPU
Optimizing NNI: done in 0.0301953 secs using 814.6% CPU
BETTER TREE FOUND at iteration 479: -2196.666
Optimizing NNI: done in 0.0332456 secs using 784.8% CPU
Iteration 480 / LogL: -2196.669 / Time: 0h:0m:13s (0h:0m:2s left)
Optimizing NNI: done in 0.0405707 secs using 778.9% CPU
Optimizing NNI: done in 0.0141547 secs using 774.2% CPU
Optimizing NNI: done in 0.0238525 secs using 800.7% CPU
Optimizing NNI: done in 0.0285662 secs using 778.8% CPU
Optimizing NNI: done in 0.0219059 secs using 794.9% CPU
Optimizing NNI: done in 0.0228336 secs using 801.6% CPU
Optimizing NNI: done in 0.0314915 secs using 798.3% CPU
Optimizing NNI: done in 0.0163913 secs using 821.9% CPU
Optimizing NNI: done in 0.0319986 secs using 796.3% CPU
Optimizing NNI: done in 0.0155358 secs using 759.8% CPU
Iteration 490 / LogL: -2196.666 / Time: 0h:0m:13s (0h:0m:2s left)
Optimizing NNI: done in 0.0236674 secs using 763.6% CPU
Optimizing NNI: done in 0.0250009 secs using 790.3% CPU
Optimizing NNI: done in 0.0305288 secs using 794.6% CPU
Optimizing NNI: done in 0.0247075 secs using 768.6% CPU
Optimizing NNI: done in 0.0217337 secs using 797% CPU
Optimizing NNI: done in 0.0163568 secs using 808.6% CPU
Optimizing NNI: done in 0.0310399 secs using 793% CPU
Optimizing NNI: done in 0.0311708 secs using 787.1% CPU
Optimizing NNI: done in 0.056516 secs using 798% CPU
Optimizing NNI: done in 0.0246506 secs using 801.8% CPU
Iteration 500 / LogL: -2196.670 / Time: 0h:0m:13s (0h:0m:2s left)
Log-likelihood cutoff on original alignment: -2222.282
NOTE: Bootstrap correlation coefficient of split occurrence frequencies: 0.986
NOTE: UFBoot does not converge, continue at least 100 more iterations
Optimizing NNI: done in 0.0252599 secs using 773.1% CPU
Optimizing NNI: done in 0.024966 secs using 789.2% CPU
Optimizing NNI: done in 0.0236793 secs using 801.7% CPU
Optimizing NNI: done in 0.0239663 secs using 784.7% CPU
Optimizing NNI: done in 0.0124826 secs using 824.9% CPU
Optimizing NNI: done in 0.0248375 secs using 796.8% CPU
Optimizing NNI: done in 0.00747635 secs using 751.9% CPU
Optimizing NNI: done in 0.0337008 secs using 796.3% CPU
Optimizing NNI: done in 0.0222347 secs using 784.3% CPU
Optimizing NNI: done in 0.0155465 secs using 771.5% CPU
Iteration 510 / LogL: -2196.666 / Time: 0h:0m:14s (0h:0m:2s left)
Optimizing NNI: done in 0.0325356 secs using 778.8% CPU
Optimizing NNI: done in 0.0310189 secs using 792.2% CPU
Optimizing NNI: done in 0.0169359 secs using 799.2% CPU
Optimizing NNI: done in 0.0201778 secs using 790.1% CPU
Optimizing NNI: done in 0.0236851 secs using 772.1% CPU
Optimizing NNI: done in 0.0296235 secs using 805.4% CPU
Optimizing NNI: done in 0.0441311 secs using 794.4% CPU
Optimizing NNI: done in 0.0317299 secs using 777.3% CPU
Optimizing NNI: done in 0.0241594 secs using 779.5% CPU
Optimizing NNI: done in 0.0232484 secs using 788.7% CPU
Iteration 520 / LogL: -2196.666 / Time: 0h:0m:14s (0h:0m:2s left)
Optimizing NNI: done in 0.0166638 secs using 809.9% CPU
Optimizing NNI: done in 0.0315391 secs using 778% CPU
Optimizing NNI: done in 0.0176152 secs using 807.7% CPU
Optimizing NNI: done in 0.0163975 secs using 770.3% CPU
Optimizing NNI: done in 0.0139395 secs using 797.2% CPU
Optimizing NNI: done in 0.014675 secs using 761.5% CPU
Optimizing NNI: done in 0.0234091 secs using 781.7% CPU
Optimizing NNI: done in 0.0159903 secs using 788.2% CPU
Optimizing NNI: done in 0.0241275 secs using 786.2% CPU
Optimizing NNI: done in 0.0231261 secs using 790.5% CPU
Iteration 530 / LogL: -2196.667 / Time: 0h:0m:14s (0h:0m:1s left)
Optimizing NNI: done in 0.0149487 secs using 776.1% CPU
Optimizing NNI: done in 0.0311174 secs using 787% CPU
Optimizing NNI: done in 0.0247401 secs using 770.4% CPU
Optimizing NNI: done in 0.0207869 secs using 794.1% CPU
Optimizing NNI: done in 0.0306308 secs using 782.4% CPU
Optimizing NNI: done in 0.0158644 secs using 802.6% CPU
Optimizing NNI: done in 0.0240798 secs using 789.8% CPU
Optimizing NNI: done in 0.0324945 secs using 785.9% CPU
Optimizing NNI: done in 0.0238517 secs using 788.3% CPU
Optimizing NNI: done in 0.0163461 secs using 818.3% CPU
Iteration 540 / LogL: -2196.667 / Time: 0h:0m:14s (0h:0m:1s left)
Optimizing NNI: done in 0.0161837 secs using 788.3% CPU
Optimizing NNI: done in 0.0183046 secs using 784.9% CPU
Optimizing NNI: done in 0.0168435 secs using 803.1% CPU
Optimizing NNI: done in 0.0301503 secs using 793.1% CPU
Optimizing NNI: done in 0.0311411 secs using 815.7% CPU
Optimizing NNI: done in 0.0161597 secs using 832.8% CPU
Optimizing NNI: done in 0.0299931 secs using 793.1% CPU
Optimizing NNI: done in 0.0145204 secs using 819.4% CPU
Optimizing NNI: done in 0.0249342 secs using 790.5% CPU
Optimizing NNI: done in 0.0375677 secs using 801.7% CPU
Iteration 550 / LogL: -2196.672 / Time: 0h:0m:15s (0h:0m:1s left)
Log-likelihood cutoff on original alignment: -2222.282
Optimizing NNI: done in 0.0261932 secs using 786.9% CPU
Optimizing NNI: done in 0.0321034 secs using 784.1% CPU
Optimizing NNI: done in 0.0250182 secs using 794.4% CPU
Optimizing NNI: done in 0.025243 secs using 785.9% CPU
Optimizing NNI: done in 0.0232698 secs using 779.8% CPU
Optimizing NNI: done in 0.0383434 secs using 781.1% CPU
Optimizing NNI: done in 0.0225444 secs using 803.1% CPU
Optimizing NNI: done in 0.0213636 secs using 776.8% CPU
Optimizing NNI: done in 0.0136546 secs using 760% CPU
Optimizing NNI: done in 0.0321077 secs using 788.1% CPU
Iteration 560 / LogL: -2196.668 / Time: 0h:0m:15s (0h:0m:1s left)
Optimizing NNI: done in 0.0467032 secs using 777.1% CPU
Optimizing NNI: done in 0.0154524 secs using 818.4% CPU
Optimizing NNI: done in 0.033961 secs using 790.7% CPU
Optimizing NNI: done in 0.0496151 secs using 801.9% CPU
Optimizing NNI: done in 0.0296379 secs using 774.8% CPU
Optimizing NNI: done in 0.0182887 secs using 824% CPU
Optimizing NNI: done in 0.0465468 secs using 786.2% CPU
Optimizing NNI: done in 0.00777854 secs using 816.6% CPU
Optimizing NNI: done in 0.0224786 secs using 808.5% CPU
Optimizing NNI: done in 0.0164446 secs using 771.8% CPU
Iteration 570 / LogL: -2196.667 / Time: 0h:0m:15s (0h:0m:0s left)
Optimizing NNI: done in 0.0158491 secs using 802.9% CPU
Optimizing NNI: done in 0.0250907 secs using 794.1% CPU
Optimizing NNI: done in 0.0227295 secs using 804.4% CPU
Optimizing NNI: done in 0.0311882 secs using 789% CPU
Optimizing NNI: done in 0.0274819 secs using 780% CPU
Optimizing NNI: done in 0.0302062 secs using 787.9% CPU
Optimizing NNI: done in 0.0306367 secs using 804.3% CPU
Optimizing NNI: done in 0.0145166 secs using 819.8% CPU
Optimizing NNI: done in 0.0159538 secs using 798.6% CPU
Optimizing NNI: done in 0.0302024 secs using 791.7% CPU
Iteration 580 / LogL: -2196.666 / Time: 0h:0m:16s (0h:0m:0s left)
Optimizing NNI: done in 0.0206719 secs using 802.6% CPU
Optimizing NNI: done in 0.031572 secs using 783.7% CPU
Optimizing NNI: done in 0.0159932 secs using 790.1% CPU
Optimizing NNI: done in 0.0156246 secs using 812.7% CPU
Optimizing NNI: done in 0.0222166 secs using 786.3% CPU
Optimizing NNI: done in 0.036321 secs using 787% CPU
Optimizing NNI: done in 0.0153928 secs using 820.8% CPU
Optimizing NNI: done in 0.0224805 secs using 778.3% CPU
Optimizing NNI: done in 0.0298868 secs using 766.4% CPU
Optimizing NNI: done in 0.0288308 secs using 797.9% CPU
Iteration 590 / LogL: -2196.668 / Time: 0h:0m:16s (0h:0m:0s left)
Optimizing NNI: done in 0.0166244 secs using 804% CPU
Optimizing NNI: done in 0.0320312 secs using 789.9% CPU
Optimizing NNI: done in 0.0215557 secs using 809.4% CPU
Optimizing NNI: done in 0.026009 secs using 784.8% CPU
Optimizing NNI: done in 0.0132487 secs using 783.3% CPU
Optimizing NNI: done in 0.0222484 secs using 815.3% CPU
Optimizing NNI: done in 0.0220944 secs using 793.5% CPU
Optimizing NNI: done in 0.0464308 secs using 787.5% CPU
Optimizing NNI: done in 0.0235317 secs using 805.2% CPU
Optimizing NNI: done in 0.0233397 secs using 781.5% CPU
Iteration 600 / LogL: -2196.670 / Time: 0h:0m:16s (0h:0m:0s left)
Log-likelihood cutoff on original alignment: -2223.017
NOTE: Bootstrap correlation coefficient of split occurrence frequencies: 0.988
NOTE: UFBoot does not converge, continue at least 100 more iterations
Optimizing NNI: done in 0.0242145 secs using 785.5% CPU
Optimizing NNI: done in 0.0157234 secs using 807.7% CPU
Optimizing NNI: done in 0.025354 secs using 810.3% CPU
Optimizing NNI: done in 0.0224766 secs using 808.3% CPU
Optimizing NNI: done in 0.0162078 secs using 787.5% CPU
Optimizing NNI: done in 0.0161236 secs using 833.3% CPU
Optimizing NNI: done in 0.0274734 secs using 780.4% CPU
Optimizing NNI: done in 0.0157845 secs using 762% CPU
Optimizing NNI: done in 0.0162467 secs using 785.4% CPU
Optimizing NNI: done in 0.0203716 secs using 782.7% CPU
Iteration 610 / LogL: -2196.666 / Time: 0h:0m:16s (0h:0m:2s left)
Optimizing NNI: done in 0.016398 secs using 821.1% CPU
Optimizing NNI: done in 0.0242064 secs using 785.6% CPU
Optimizing NNI: done in 0.0166794 secs using 767.6% CPU
Optimizing NNI: done in 0.0239799 secs using 792.7% CPU
Optimizing NNI: done in 0.0158771 secs using 801.2% CPU
Optimizing NNI: done in 0.033072 secs using 794.2% CPU
Optimizing NNI: done in 0.0240598 secs using 790.4% CPU
Optimizing NNI: done in 0.0369768 secs using 793.2% CPU
Optimizing NNI: done in 0.0334947 secs using 794.4% CPU
Optimizing NNI: done in 0.0163541 secs using 766.4% CPU
Iteration 620 / LogL: -2202.150 / Time: 0h:0m:17s (0h:0m:2s left)
Optimizing NNI: done in 0.0200893 secs using 791.3% CPU
Optimizing NNI: done in 0.0143066 secs using 779.8% CPU
Optimizing NNI: done in 0.0235073 secs using 775% CPU
Optimizing NNI: done in 0.0242476 secs using 815.2% CPU
Optimizing NNI: done in 0.0307578 secs using 799.1% CPU
Optimizing NNI: done in 0.0296165 secs using 799.1% CPU
Optimizing NNI: done in 0.0320077 secs using 787.7% CPU
Optimizing NNI: done in 0.0368931 secs using 766.2% CPU
Optimizing NNI: done in 0.0270252 secs using 786.1% CPU
Optimizing NNI: done in 0.0224573 secs using 810% CPU
Iteration 630 / LogL: -2196.666 / Time: 0h:0m:17s (0h:0m:1s left)
Optimizing NNI: done in 0.0224803 secs using 778.8% CPU
Optimizing NNI: done in 0.0225409 secs using 776.9% CPU
Optimizing NNI: done in 0.025137 secs using 785.9% CPU
Optimizing NNI: done in 0.0307934 secs using 797.7% CPU
Optimizing NNI: done in 0.0164765 secs using 800.6% CPU
Optimizing NNI: done in 0.0324542 secs using 805.4% CPU
Optimizing NNI: done in 0.030801 secs using 798% CPU
Optimizing NNI: done in 0.0242944 secs using 784.1% CPU
Optimizing NNI: done in 0.0215272 secs using 774.9% CPU
Optimizing NNI: done in 0.0311707 secs using 790.2% CPU
Iteration 640 / LogL: -2196.667 / Time: 0h:0m:17s (0h:0m:1s left)
Optimizing NNI: done in 0.0146392 secs using 809.7% CPU
Optimizing NNI: done in 0.0165595 secs using 800.8% CPU
Optimizing NNI: done in 0.0252666 secs using 782.1% CPU
Optimizing NNI: done in 0.0307973 secs using 798% CPU
Optimizing NNI: done in 0.0220272 secs using 792.9% CPU
Optimizing NNI: done in 0.0433288 secs using 800% CPU
Optimizing NNI: done in 0.0220993 secs using 790.9% CPU
Optimizing NNI: done in 0.0318496 secs using 796.8% CPU
Optimizing NNI: done in 0.0243466 secs using 784.2% CPU
Optimizing NNI: done in 0.0162797 secs using 824.8% CPU
Iteration 650 / LogL: -2202.338 / Time: 0h:0m:18s (0h:0m:1s left)
Log-likelihood cutoff on original alignment: -2223.017
Optimizing NNI: done in 0.0125434 secs using 819% CPU
Optimizing NNI: done in 0.0457118 secs using 780.8% CPU
Optimizing NNI: done in 0.0308726 secs using 790.2% CPU
Optimizing NNI: done in 0.00785818 secs using 806.6% CPU
Optimizing NNI: done in 0.0214438 secs using 775.6% CPU
Optimizing NNI: done in 0.0371536 secs using 791.4% CPU
Optimizing NNI: done in 0.0139978 secs using 793.8% CPU
Optimizing NNI: done in 0.0296887 secs using 774.3% CPU
Optimizing NNI: done in 0.0317187 secs using 799.6% CPU
Optimizing NNI: done in 0.024794 secs using 797.9% CPU
Iteration 660 / LogL: -2196.668 / Time: 0h:0m:18s (0h:0m:1s left)
Optimizing NNI: done in 0.0160887 secs using 792.2% CPU
Optimizing NNI: done in 0.0308279 secs using 790.6% CPU
Optimizing NNI: done in 0.0296329 secs using 778% CPU
Optimizing NNI: done in 0.0155939 secs using 808.4% CPU
Optimizing NNI: done in 0.0239655 secs using 797.2% CPU
Optimizing NNI: done in 0.0154699 secs using 772.5% CPU
Optimizing NNI: done in 0.0218496 secs using 793.9% CPU
Optimizing NNI: done in 0.0163964 secs using 820.6% CPU
Optimizing NNI: done in 0.0298756 secs using 789.4% CPU
Optimizing NNI: done in 0.0152495 secs using 775.6% CPU
Iteration 670 / LogL: -2196.668 / Time: 0h:0m:18s (0h:0m:0s left)
Optimizing NNI: done in 0.0165588 secs using 770.1% CPU
Optimizing NNI: done in 0.024709 secs using 801.7% CPU
Optimizing NNI: done in 0.030929 secs using 792.2% CPU
Optimizing NNI: done in 0.0162008 secs using 785.5% CPU
Optimizing NNI: done in 0.0313142 secs using 784.4% CPU
Optimizing NNI: done in 0.0206221 secs using 773.9% CPU
Optimizing NNI: done in 0.029685 secs using 798.4% CPU
Optimizing NNI: done in 0.0241864 secs using 813% CPU
Optimizing NNI: done in 0.0148812 secs using 799.3% CPU
Optimizing NNI: done in 0.016007 secs using 794% CPU
Iteration 680 / LogL: -2196.667 / Time: 0h:0m:19s (0h:0m:0s left)
Optimizing NNI: done in 0.0240017 secs using 789.7% CPU
Optimizing NNI: done in 0.0238475 secs using 794.1% CPU
Optimizing NNI: done in 0.0154658 secs using 772.6% CPU
Optimizing NNI: done in 0.032218 secs using 783.4% CPU
Optimizing NNI: done in 0.0299068 secs using 798.5% CPU
Optimizing NNI: done in 0.0303207 secs using 782.7% CPU
Optimizing NNI: done in 0.0157262 secs using 808.3% CPU
Optimizing NNI: done in 0.0214585 secs using 814.3% CPU
Optimizing NNI: done in 0.0301725 secs using 789.6% CPU
Optimizing NNI: done in 0.0308935 secs using 795.8% CPU
Iteration 690 / LogL: -2199.823 / Time: 0h:0m:19s (0h:0m:0s left)
Optimizing NNI: done in 0.0212761 secs using 787.7% CPU
Optimizing NNI: done in 0.0319189 secs using 798.5% CPU
Optimizing NNI: done in 0.0147656 secs using 801.2% CPU
Optimizing NNI: done in 0.0226131 secs using 773.2% CPU
Optimizing NNI: done in 0.0233329 secs using 785.6% CPU
Optimizing NNI: done in 0.0161521 secs using 781% CPU
Optimizing NNI: done in 0.030977 secs using 795% CPU
Optimizing NNI: done in 0.0238806 secs using 793.5% CPU
Optimizing NNI: done in 0.0290646 secs using 781.8% CPU
Optimizing NNI: done in 0.0340896 secs using 782.9% CPU
Iteration 700 / LogL: -2196.667 / Time: 0h:0m:19s (0h:0m:0s left)
Log-likelihood cutoff on original alignment: -2223.017
NOTE: Bootstrap correlation coefficient of split occurrence frequencies: 0.987
NOTE: UFBoot does not converge, continue at least 100 more iterations
Optimizing NNI: done in 0.030127 secs using 787.7% CPU
Optimizing NNI: done in 0.0209824 secs using 793.6% CPU
Optimizing NNI: done in 0.0152496 secs using 781.8% CPU
Optimizing NNI: done in 0.0542708 secs using 782.5% CPU
Optimizing NNI: done in 0.025179 secs using 781.2% CPU
Optimizing NNI: done in 0.0176686 secs using 806.6% CPU
Optimizing NNI: done in 0.013589 secs using 807.1% CPU
Optimizing NNI: done in 0.0161111 secs using 832.1% CPU
Optimizing NNI: done in 0.0217168 secs using 793.8% CPU
Optimizing NNI: done in 0.0384835 secs using 794.3% CPU
Iteration 710 / LogL: -2196.669 / Time: 0h:0m:20s (0h:0m:2s left)
Optimizing NNI: done in 0.0325714 secs using 792.9% CPU
Optimizing NNI: done in 0.0243564 secs using 781.8% CPU
Optimizing NNI: done in 0.0139452 secs using 791.3% CPU
Optimizing NNI: done in 0.0311051 secs using 790.3% CPU
Optimizing NNI: done in 0.0127062 secs using 811.9% CPU
Optimizing NNI: done in 0.0155035 secs using 766.8% CPU
Optimizing NNI: done in 0.0249633 secs using 789.2% CPU
Optimizing NNI: done in 0.0220815 secs using 792.8% CPU
Optimizing NNI: done in 0.0130929 secs using 791.2% CPU
Optimizing NNI: done in 0.0152864 secs using 776.2% CPU
Iteration 720 / LogL: -2196.666 / Time: 0h:0m:20s (0h:0m:2s left)
Optimizing NNI: done in 0.0416582 secs using 802.1% CPU
Optimizing NNI: done in 0.0301859 secs using 781.7% CPU
Optimizing NNI: done in 0.0295218 secs using 804% CPU
Optimizing NNI: done in 0.0163162 secs using 825.2% CPU
Optimizing NNI: done in 0.0152484 secs using 784.1% CPU
Optimizing NNI: done in 0.0306206 secs using 781.7% CPU
Optimizing NNI: done in 0.0157489 secs using 795% CPU
Optimizing NNI: done in 0.0161241 secs using 762.5% CPU
Optimizing NNI: done in 0.0226348 secs using 796.3% CPU
Optimizing NNI: done in 0.020462 secs using 768.1% CPU
Iteration 730 / LogL: -2196.666 / Time: 0h:0m:20s (0h:0m:1s left)
Optimizing NNI: done in 0.0195889 secs using 798.5% CPU
Optimizing NNI: done in 0.0154201 secs using 767.8% CPU
Optimizing NNI: done in 0.0219767 secs using 793.8% CPU
Optimizing NNI: done in 0.0149559 secs using 795% CPU
Optimizing NNI: done in 0.0239765 secs using 793.9% CPU
Optimizing NNI: done in 0.0386003 secs using 780% CPU
Optimizing NNI: done in 0.0227194 secs using 784.3% CPU
Optimizing NNI: done in 0.0219827 secs using 794.5% CPU
Optimizing NNI: done in 0.023819 secs using 757.2% CPU
Optimizing NNI: done in 0.048654 secs using 796.6% CPU
Iteration 740 / LogL: -2196.668 / Time: 0h:0m:20s (0h:0m:1s left)
Optimizing NNI: done in 0.0249396 secs using 789.8% CPU
Optimizing NNI: done in 0.00768651 secs using 824.7% CPU
Optimizing NNI: done in 0.0230271 secs using 820.7% CPU
Optimizing NNI: done in 0.026553 secs using 804% CPU
Optimizing NNI: done in 0.0397355 secs using 795.4% CPU
Optimizing NNI: done in 0.0212713 secs using 786.7% CPU
Optimizing NNI: done in 0.0289512 secs using 793.9% CPU
Optimizing NNI: done in 0.0153199 secs using 781.3% CPU
Optimizing NNI: done in 0.026017 secs using 783.4% CPU
Optimizing NNI: done in 0.0222167 secs using 789.3% CPU
Iteration 750 / LogL: -2196.667 / Time: 0h:0m:21s (0h:0m:1s left)
Log-likelihood cutoff on original alignment: -2223.696
Optimizing NNI: done in 0.031658 secs using 803% CPU
Optimizing NNI: done in 0.0152463 secs using 784.3% CPU
Optimizing NNI: done in 0.0324424 secs using 786.7% CPU
Optimizing NNI: done in 0.0183167 secs using 816.8% CPU
Optimizing NNI: done in 0.0310417 secs using 774.7% CPU
Optimizing NNI: done in 0.0313372 secs using 785.9% CPU
Optimizing NNI: done in 0.0323287 secs using 774.1% CPU
Optimizing NNI: done in 0.0300618 secs using 789.4% CPU
Optimizing NNI: done in 0.0316949 secs using 800.1% CPU
Optimizing NNI: done in 0.0310097 secs using 793.5% CPU
Iteration 760 / LogL: -2196.667 / Time: 0h:0m:21s (0h:0m:1s left)
Optimizing NNI: done in 0.0175739 secs using 805.5% CPU
Optimizing NNI: done in 0.0310474 secs using 792.7% CPU
Optimizing NNI: done in 0.0362354 secs using 789.7% CPU
Optimizing NNI: done in 0.0316147 secs using 795.7% CPU
Optimizing NNI: done in 0.0306435 secs using 802.7% CPU
Optimizing NNI: done in 0.023695 secs using 799.4% CPU
Optimizing NNI: done in 0.0155267 secs using 770.2% CPU
Optimizing NNI: done in 0.0330952 secs using 785.1% CPU
Optimizing NNI: done in 0.0164159 secs using 766.4% CPU
Optimizing NNI: done in 0.0227814 secs using 772.2% CPU
Iteration 770 / LogL: -2196.666 / Time: 0h:0m:21s (0h:0m:0s left)
Optimizing NNI: done in 0.0312147 secs using 778.8% CPU
Optimizing NNI: done in 0.0219945 secs using 796.7% CPU
Optimizing NNI: done in 0.0158082 secs using 804.8% CPU
Optimizing NNI: done in 0.0320057 secs using 793.3% CPU
Optimizing NNI: done in 0.0297982 secs using 800.7% CPU
Optimizing NNI: done in 0.0409296 secs using 788.8% CPU
Optimizing NNI: done in 0.0324991 secs using 776.9% CPU
Optimizing NNI: done in 0.0217446 secs using 767.1% CPU
Optimizing NNI: done in 0.0326177 secs using 773.3% CPU
Optimizing NNI: done in 0.0234078 secs using 775.2% CPU
Iteration 780 / LogL: -2196.669 / Time: 0h:0m:22s (0h:0m:0s left)
Optimizing NNI: done in 0.0321019 secs using 793.6% CPU
Optimizing NNI: done in 0.0145422 secs using 811.3% CPU
Optimizing NNI: done in 0.023416 secs using 804.6% CPU
Optimizing NNI: done in 0.0130421 secs using 785.9% CPU
Optimizing NNI: done in 0.0214603 secs using 776.6% CPU
Optimizing NNI: done in 0.0348105 secs using 776.5% CPU
Optimizing NNI: done in 0.0323539 secs using 793.3% CPU
Optimizing NNI: done in 0.0289699 secs using 787.3% CPU
Optimizing NNI: done in 0.0322745 secs using 787.3% CPU
Optimizing NNI: done in 0.0229248 secs using 760.6% CPU
Iteration 790 / LogL: -2199.826 / Time: 0h:0m:22s (0h:0m:0s left)
Optimizing NNI: done in 0.0167769 secs using 797.2% CPU
Optimizing NNI: done in 0.0331722 secs using 784.3% CPU
Optimizing NNI: done in 0.0312097 secs using 786.1% CPU
Optimizing NNI: done in 0.0230426 secs using 792.8% CPU
Optimizing NNI: done in 0.0352091 secs using 787% CPU
Optimizing NNI: done in 0.0408932 secs using 797% CPU
Optimizing NNI: done in 0.0162807 secs using 827.5% CPU
Optimizing NNI: done in 0.0202598 secs using 782.7% CPU
Optimizing NNI: done in 0.0164755 secs using 818.6% CPU
Optimizing NNI: done in 0.037616 secs using 803.6% CPU
Iteration 800 / LogL: -2196.669 / Time: 0h:0m:22s (0h:0m:0s left)
Log-likelihood cutoff on original alignment: -2224.342
NOTE: Bootstrap correlation coefficient of split occurrence frequencies: 0.983
NOTE: UFBoot does not converge, continue at least 100 more iterations
Optimizing NNI: done in 0.0236677 secs using 774.8% CPU
Optimizing NNI: done in 0.0226308 secs using 795.2% CPU
Optimizing NNI: done in 0.0247704 secs using 782.9% CPU
Optimizing NNI: done in 0.0224808 secs using 787.7% CPU
Optimizing NNI: done in 0.0300589 secs using 779.9% CPU
Optimizing NNI: done in 0.015368 secs using 764.3% CPU
Optimizing NNI: done in 0.0234804 secs using 778.5% CPU
Optimizing NNI: done in 0.0244357 secs using 772.9% CPU
Optimizing NNI: done in 0.0162361 secs using 771.7% CPU
Optimizing NNI: done in 0.0125903 secs using 762.6% CPU
Iteration 810 / LogL: -2196.666 / Time: 0h:0m:23s (0h:0m:2s left)
Optimizing NNI: done in 0.0227734 secs using 771.3% CPU
Optimizing NNI: done in 0.0231554 secs using 781.3% CPU
Optimizing NNI: done in 0.0157829 secs using 760.5% CPU
Optimizing NNI: done in 0.0192121 secs using 783.1% CPU
Optimizing NNI: done in 0.0140295 secs using 786.3% CPU
Optimizing NNI: done in 0.0202768 secs using 771.2% CPU
Optimizing NNI: done in 0.0173318 secs using 773.7% CPU
Optimizing NNI: done in 0.0302425 secs using 784.5% CPU
Optimizing NNI: done in 0.0244162 secs using 774.7% CPU
Optimizing NNI: done in 0.0297711 secs using 777% CPU
Iteration 820 / LogL: -2196.666 / Time: 0h:0m:23s (0h:0m:2s left)
Optimizing NNI: done in 0.0250078 secs using 771.9% CPU
Optimizing NNI: done in 0.0222703 secs using 789.6% CPU
Optimizing NNI: done in 0.0241772 secs using 774.6% CPU
Optimizing NNI: done in 0.0320746 secs using 781.9% CPU
Optimizing NNI: done in 0.0170228 secs using 765.6% CPU
Optimizing NNI: done in 0.0154468 secs using 765.3% CPU
Optimizing NNI: done in 0.0222152 secs using 784.3% CPU
Optimizing NNI: done in 0.0230584 secs using 790.7% CPU
Optimizing NNI: done in 0.0288933 secs using 785.5% CPU
Optimizing NNI: done in 0.0227342 secs using 769.8% CPU
Iteration 830 / LogL: -2196.667 / Time: 0h:0m:23s (0h:0m:2s left)
Optimizing NNI: done in 0.0217231 secs using 794.1% CPU
Optimizing NNI: done in 0.0224582 secs using 804.2% CPU
Optimizing NNI: done in 0.0325817 secs using 790.2% CPU
Optimizing NNI: done in 0.030744 secs using 791.3% CPU
Optimizing NNI: done in 0.0210265 secs using 765.6% CPU
Optimizing NNI: done in 0.0413458 secs using 782.8% CPU
Optimizing NNI: done in 0.0228255 secs using 791.9% CPU
Optimizing NNI: done in 0.0296556 secs using 789.4% CPU
Optimizing NNI: done in 0.0234038 secs using 792% CPU
Optimizing NNI: done in 0.0153974 secs using 781.1% CPU
Iteration 840 / LogL: -2202.928 / Time: 0h:0m:24s (0h:0m:1s left)
Optimizing NNI: done in 0.0162111 secs using 806.7% CPU
Optimizing NNI: done in 0.0223295 secs using 773.3% CPU
Optimizing NNI: done in 0.0149872 secs using 791.6% CPU
Optimizing NNI: done in 0.0158552 secs using 775.9% CPU
Optimizing NNI: done in 0.0325241 secs using 784.2% CPU
Optimizing NNI: done in 0.0163006 secs using 773.7% CPU
Optimizing NNI: done in 0.0219359 secs using 781.7% CPU
Optimizing NNI: done in 0.0385626 secs using 783.4% CPU
Optimizing NNI: done in 0.0240795 secs using 790.4% CPU
Optimizing NNI: done in 0.0243444 secs using 791.6% CPU
Iteration 850 / LogL: -2196.667 / Time: 0h:0m:24s (0h:0m:1s left)
Log-likelihood cutoff on original alignment: -2224.342
Optimizing NNI: done in 0.0472197 secs using 790.7% CPU
Optimizing NNI: done in 0.0211203 secs using 782.8% CPU
Optimizing NNI: done in 0.0294994 secs using 776.2% CPU
Optimizing NNI: done in 0.0303703 secs using 796.7% CPU
Optimizing NNI: done in 0.0224549 secs using 792.6% CPU
Optimizing NNI: done in 0.0430981 secs using 790.1% CPU
Optimizing NNI: done in 0.029233 secs using 790.7% CPU
Optimizing NNI: done in 0.0160006 secs using 790.3% CPU
Optimizing NNI: done in 0.0223179 secs using 794.8% CPU
Optimizing NNI: done in 0.0168472 secs using 776.9% CPU
Iteration 860 / LogL: -2196.667 / Time: 0h:0m:24s (0h:0m:1s left)
Optimizing NNI: done in 0.0316704 secs using 783.9% CPU
Optimizing NNI: done in 0.0237281 secs using 773.7% CPU
Optimizing NNI: done in 0.0224191 secs using 799.9% CPU
Optimizing NNI: done in 0.0225402 secs using 775% CPU
Optimizing NNI: done in 0.0261169 secs using 782.2% CPU
Optimizing NNI: done in 0.0167392 secs using 783.8% CPU
Optimizing NNI: done in 0.0233318 secs using 789.7% CPU
Optimizing NNI: done in 0.031122 secs using 778.5% CPU
Optimizing NNI: done in 0.0313878 secs using 787.1% CPU
Optimizing NNI: done in 0.0164187 secs using 766.1% CPU
Iteration 870 / LogL: -2196.666 / Time: 0h:0m:25s (0h:0m:0s left)
Optimizing NNI: done in 0.0155929 secs using 783.8% CPU
Optimizing NNI: done in 0.0360561 secs using 781.1% CPU
Optimizing NNI: done in 0.0301959 secs using 785.2% CPU
Optimizing NNI: done in 0.0134547 secs using 759.3% CPU
Optimizing NNI: done in 0.0158211 secs using 772.9% CPU
Optimizing NNI: done in 0.0326504 secs using 789% CPU
Optimizing NNI: done in 0.0305443 secs using 774.6% CPU
Optimizing NNI: done in 0.024583 secs using 794% CPU
Optimizing NNI: done in 0.0252101 secs using 787.4% CPU
Optimizing NNI: done in 0.0229016 secs using 796.4% CPU
Iteration 880 / LogL: -2196.668 / Time: 0h:0m:25s (0h:0m:0s left)
Optimizing NNI: done in 0.0222054 secs using 795.9% CPU
Optimizing NNI: done in 0.0143378 secs using 779.3% CPU
Optimizing NNI: done in 0.0233681 secs using 776.9% CPU
Optimizing NNI: done in 0.00768004 secs using 810.7% CPU
Optimizing NNI: done in 0.0212844 secs using 797% CPU
Optimizing NNI: done in 0.0154709 secs using 774.1% CPU
Optimizing NNI: done in 0.0173165 secs using 772.5% CPU
Optimizing NNI: done in 0.0240882 secs using 776.4% CPU
Optimizing NNI: done in 0.0252869 secs using 781.7% CPU
Optimizing NNI: done in 0.0330552 secs using 784.6% CPU
Iteration 890 / LogL: -2196.667 / Time: 0h:0m:25s (0h:0m:0s left)
Optimizing NNI: done in 0.0165101 secs using 792.5% CPU
Optimizing NNI: done in 0.0374985 secs using 781.5% CPU
Optimizing NNI: done in 0.0316334 secs using 794.8% CPU
Optimizing NNI: done in 0.0219371 secs using 778.8% CPU
Optimizing NNI: done in 0.020235 secs using 764.7% CPU
Optimizing NNI: done in 0.031185 secs using 775.7% CPU
Optimizing NNI: done in 0.0394602 secs using 797.5% CPU
Optimizing NNI: done in 0.0171407 secs using 784.4% CPU
Optimizing NNI: done in 0.0309455 secs using 794% CPU
Optimizing NNI: done in 0.024427 secs using 789.4% CPU
Iteration 900 / LogL: -2199.827 / Time: 0h:0m:26s (0h:0m:0s left)
Log-likelihood cutoff on original alignment: -2224.342
NOTE: Bootstrap correlation coefficient of split occurrence frequencies: 0.983
NOTE: UFBoot does not converge, continue at least 100 more iterations
Optimizing NNI: done in 0.0479264 secs using 786.5% CPU
Optimizing NNI: done in 0.0228483 secs using 774.2% CPU
Optimizing NNI: done in 0.0312065 secs using 788.2% CPU
Optimizing NNI: done in 0.0225643 secs using 798.9% CPU
Optimizing NNI: done in 0.0230123 secs using 793.1% CPU
Optimizing NNI: done in 0.0246129 secs using 799.3% CPU
Optimizing NNI: done in 0.0222221 secs using 777% CPU
Optimizing NNI: done in 0.0157413 secs using 788.7% CPU
Optimizing NNI: done in 0.0235022 secs using 801.2% CPU
Optimizing NNI: done in 0.0160348 secs using 792% CPU
Iteration 910 / LogL: -2196.666 / Time: 0h:0m:26s (0h:0m:2s left)
Optimizing NNI: done in 0.0303442 secs using 782.8% CPU
Optimizing NNI: done in 0.0395091 secs using 790.9% CPU
Optimizing NNI: done in 0.0248454 secs using 788.3% CPU
Optimizing NNI: done in 0.0226105 secs using 795.4% CPU
Optimizing NNI: done in 0.0407658 secs using 795.4% CPU
Optimizing NNI: done in 0.038342 secs using 779.9% CPU
Optimizing NNI: done in 0.0376212 secs using 793.3% CPU
Optimizing NNI: done in 0.0234834 secs using 777.3% CPU
Optimizing NNI: done in 0.02554 secs using 781.3% CPU
Optimizing NNI: done in 0.0243932 secs using 800.8% CPU
Iteration 920 / LogL: -2196.668 / Time: 0h:0m:26s (0h:0m:2s left)
Optimizing NNI: done in 0.0164376 secs using 772.1% CPU
Optimizing NNI: done in 0.0228984 secs using 778.5% CPU
Optimizing NNI: done in 0.0154482 secs using 794.3% CPU
Optimizing NNI: done in 0.0137087 secs using 794.6% CPU
Optimizing NNI: done in 0.02361 secs using 778.4% CPU
Optimizing NNI: done in 0.00781634 secs using 745.9% CPU
Optimizing NNI: done in 0.00785394 secs using 719.3% CPU
UPDATE BEST LOG-LIKELIHOOD: -2196.666
Optimizing NNI: done in 0.0333476 secs using 788.4% CPU
Optimizing NNI: done in 0.0241236 secs using 787.8% CPU
Optimizing NNI: done in 0.0239821 secs using 782.9% CPU
Iteration 930 / LogL: -2196.666 / Time: 0h:0m:26s (0h:0m:2s left)
Optimizing NNI: done in 0.0217224 secs using 786.7% CPU
Optimizing NNI: done in 0.00804287 secs using 743.8% CPU
Optimizing NNI: done in 0.0146732 secs using 761.8% CPU
Optimizing NNI: done in 0.0164964 secs using 771.8% CPU
Optimizing NNI: done in 0.0293557 secs using 796.3% CPU
Optimizing NNI: done in 0.045418 secs using 785.3% CPU
Optimizing NNI: done in 0.0152113 secs using 771.1% CPU
Optimizing NNI: done in 0.0224319 secs using 784.3% CPU
Optimizing NNI: done in 0.030538 secs using 788.3% CPU
Optimizing NNI: done in 0.0161907 secs using 763.3% CPU
Iteration 940 / LogL: -2196.666 / Time: 0h:0m:27s (0h:0m:1s left)
Optimizing NNI: done in 0.0315182 secs using 782.1% CPU
Optimizing NNI: done in 0.0146199 secs using 764.5% CPU
Optimizing NNI: done in 0.022863 secs using 774.6% CPU
Optimizing NNI: done in 0.0165772 secs using 769.3% CPU
Optimizing NNI: done in 0.0380125 secs using 778.6% CPU
Optimizing NNI: done in 0.0322905 secs using 783.7% CPU
Optimizing NNI: done in 0.0176941 secs using 791.6% CPU
Optimizing NNI: done in 0.0251806 secs using 787.4% CPU
Optimizing NNI: done in 0.0233815 secs using 800.2% CPU
Optimizing NNI: done in 0.0303904 secs using 786.8% CPU
Iteration 950 / LogL: -2196.667 / Time: 0h:0m:27s (0h:0m:1s left)
Log-likelihood cutoff on original alignment: -2224.827
Optimizing NNI: done in 0.031439 secs using 801.6% CPU
Optimizing NNI: done in 0.0155421 secs using 786.6% CPU
Optimizing NNI: done in 0.030265 secs using 775.1% CPU
Optimizing NNI: done in 0.01805 secs using 786.8% CPU
Optimizing NNI: done in 0.0229444 secs using 767.8% CPU
Optimizing NNI: done in 0.0127869 secs using 794.3% CPU
Optimizing NNI: done in 0.0238439 secs using 783.2% CPU
Optimizing NNI: done in 0.0229808 secs using 773.5% CPU
Optimizing NNI: done in 0.0213961 secs using 777.2% CPU
Optimizing NNI: done in 0.0231007 secs using 792.6% CPU
Iteration 960 / LogL: -2196.667 / Time: 0h:0m:27s (0h:0m:1s left)
Optimizing NNI: done in 0.0289828 secs using 783.7% CPU
Optimizing NNI: done in 0.0158479 secs using 798.5% CPU
Optimizing NNI: done in 0.0227799 secs using 787.5% CPU
Optimizing NNI: done in 0.0158387 secs using 777.6% CPU
Optimizing NNI: done in 0.0157839 secs using 755.3% CPU
Optimizing NNI: done in 0.014915 secs using 763.7% CPU
Optimizing NNI: done in 0.0219951 secs using 783.1% CPU
Optimizing NNI: done in 0.0236715 secs using 786% CPU
Optimizing NNI: done in 0.0166317 secs using 765.9% CPU
Optimizing NNI: done in 0.0217809 secs using 764.1% CPU
Iteration 970 / LogL: -2196.667 / Time: 0h:0m:28s (0h:0m:0s left)
Optimizing NNI: done in 0.0231392 secs using 777.3% CPU
Optimizing NNI: done in 0.0294709 secs using 775.2% CPU
Optimizing NNI: done in 0.0156998 secs using 762.3% CPU
Optimizing NNI: done in 0.0332164 secs using 781.7% CPU
Optimizing NNI: done in 0.0165897 secs using 768.6% CPU
Optimizing NNI: done in 0.0124197 secs using 762.7% CPU
Optimizing NNI: done in 0.0156384 secs using 751.7% CPU
Optimizing NNI: done in 0.0144178 secs using 772.6% CPU
Optimizing NNI: done in 0.045447 secs using 784.6% CPU
Optimizing NNI: done in 0.0262468 secs using 787.1% CPU
Iteration 980 / LogL: -2196.666 / Time: 0h:0m:28s (0h:0m:0s left)
Optimizing NNI: done in 0.0316541 secs using 779.5% CPU
Optimizing NNI: done in 0.038821 secs using 773.7% CPU
Optimizing NNI: done in 0.0297609 secs using 792.3% CPU
Optimizing NNI: done in 0.0253528 secs using 795.7% CPU
Optimizing NNI: done in 0.0223454 secs using 769.8% CPU
Optimizing NNI: done in 0.0216876 secs using 771.2% CPU
Optimizing NNI: done in 0.0230177 secs using 788.3% CPU
Optimizing NNI: done in 0.0311089 secs using 800.6% CPU
Optimizing NNI: done in 0.0163183 secs using 771.5% CPU
Optimizing NNI: done in 0.0221565 secs using 789.9% CPU
Iteration 990 / LogL: -2196.666 / Time: 0h:0m:28s (0h:0m:0s left)
Optimizing NNI: done in 0.0231159 secs using 794.5% CPU
Optimizing NNI: done in 0.030106 secs using 777.6% CPU
Optimizing NNI: done in 0.0251674 secs using 788.5% CPU
Optimizing NNI: done in 0.0312196 secs using 789.5% CPU
Optimizing NNI: done in 0.024713 secs using 781.7% CPU
Optimizing NNI: done in 0.0316151 secs using 787.6% CPU
Optimizing NNI: done in 0.0148228 secs using 770.8% CPU
Optimizing NNI: done in 0.0229075 secs using 786.6% CPU
Optimizing NNI: done in 0.0305321 secs using 785% CPU
Optimizing NNI: done in 0.0309518 secs using 782.7% CPU
Iteration 1000 / LogL: -2196.667 / Time: 0h:0m:29s (0h:0m:0s left)
Log-likelihood cutoff on original alignment: -2224.827
NOTE: Bootstrap correlation coefficient of split occurrence frequencies: 0.990
TREE SEARCH COMPLETED AFTER 1000 ITERATIONS / Time: 0h:0m:29s

--------------------------------------------------------------------
|                    FINALIZING TREE SEARCH                        |
--------------------------------------------------------------------
Performs final model parameters optimization
Estimate model parameters (epsilon = 0.010)
1. Initial log-likelihood: -2196.666
Optimal log-likelihood: -2196.666
Gamma shape alpha: 0.316
Parameters optimization took 1 rounds (0.004 sec)
BEST SCORE FOUND : -2196.666
Creating bootstrap support values...
Split supports printed to NEXUS file results/per_year_clustered/H1N1/trees/H1N1_2016_with_designs.splits.nex
Total tree length: 0.118

Total number of iterations: 1000
CPU time used for tree search: 227.187 sec (0h:3m:47s)
Wall-clock time used for tree search: 29.136 sec (0h:0m:29s)
Total CPU time used: 227.691 sec (0h:3m:47s)
Total wall-clock time used: 29.259 sec (0h:0m:29s)

Computing bootstrap consensus tree...
Reading input file results/per_year_clustered/H1N1/trees/H1N1_2016_with_designs.splits.nex...
17 taxa and 247 splits.
Consensus tree written to results/per_year_clustered/H1N1/trees/H1N1_2016_with_designs.contree
Reading input trees file results/per_year_clustered/H1N1/trees/H1N1_2016_with_designs.contree
Log-likelihood of consensus tree: -2196.679

Analysis results written to: 
  IQ-TREE report:                results/per_year_clustered/H1N1/trees/H1N1_2016_with_designs.iqtree
  Maximum-likelihood tree:       results/per_year_clustered/H1N1/trees/H1N1_2016_with_designs.treefile
  Likelihood distances:          results/per_year_clustered/H1N1/trees/H1N1_2016_with_designs.mldist

Ultrafast bootstrap approximation results written to:
  Split support values:          results/per_year_clustered/H1N1/trees/H1N1_2016_with_designs.splits.nex
  Consensus tree:                results/per_year_clustered/H1N1/trees/H1N1_2016_with_designs.contree
  Screen log file:               results/per_year_clustered/H1N1/trees/H1N1_2016_with_designs.log

Date and Time: Sat Nov 22 10:56:40 2025
