IQ-TREE version 3.0.1 for Linux x86 64-bit built Jul  9 2025
Developed by Bui Quang Minh, Thomas Wong, Nhan Ly-Trong, Huaiyan Ren
Contributed by Lam-Tung Nguyen, Dominik Schrempf, Chris Bielow,
Olga Chernomor, Michael Woodhams, Diep Thi Hoang, Heiko Schmidt

Host:    rtis-hpc-r09.uod.otago.ac.nz (AVX2, FMA3, 1006 GB RAM)
Command: iqtree -s results/per_year_clustered/H1N1/alignments/H1N1_2011_with_designs.fasta -m LG+G4 -bb 1000 -nt 8 -pre results/per_year_clustered/H1N1/trees/H1N1_2011_with_designs -redo -quiet
Seed:    803084 (Using SPRNG - Scalable Parallel Random Number Generator)
Time:    Sat Nov 22 10:54:20 2025
Kernel:  AVX+FMA - 8 threads (8 CPU cores detected)

Reading alignment file results/per_year_clustered/H1N1/alignments/H1N1_2011_with_designs.fasta ... Fasta format detected
Reading fasta file: done in 0.000212999 secs
Alignment most likely contains protein sequences
Constructing alignment: done in 0.000253345 secs using 99.86% CPU
Alignment has 23 sequences with 566 columns, 88 distinct patterns
23 parsimony-informative, 47 singleton sites, 496 constant sites
                                                                                Gap/Ambiguity  Composition  p-value
Analyzing sequences: done in 8.13487e-06 secs using 36.88% CPU
   1  EPI342543|HA|A/Oman/1102/2011|EPI_ISL_99154|A_/_H1N1                              0.00%    passed    100.00%
   2  EPI346713|HA|A/Kazakhstan/2081/2011|EPI_ISL_99932|A_/_H1N1                        0.00%    passed    100.00%
   3  EPI348493|HA|A/SAITAMA/319/2011|EPI_ISL_101369|A_/_H1N1                           0.00%    passed    100.00%
   4  EPI349533|HA|A/Taiwan/1018/2011|EPI_ISL_101903|A_/_H1N1                           0.00%    passed    100.00%
   5  EPI349537|HA|A/Taiwan/552/2011|EPI_ISL_101907|A_/_H1N1                            0.00%    passed    100.00%
   6  EPI349536|HA|A/Taiwan/67/2011|EPI_ISL_101906|A_/_H1N1                             0.00%    passed    100.00%
   7  EPI349539|HA|A/Taiwan/1150/2011|EPI_ISL_101909|A_/_H1N1                           0.00%    passed    100.00%
   8  EPI355206|HA|A/Sapporo/163/2011|EPI_ISL_104868|A_/_H1N1                           0.00%    passed    100.00%
   9  EPI366346|HA|A/Vietnam/108/2011|EPI_ISL_115090|A_/_H1N1                           0.00%    passed    100.00%
  10  EPI612851|HA|A/Yamagata/203/2011|EPI_ISL_188961|A_/_H1N1                          0.00%    passed    100.00%
  11  EPI346387|HA|A/Stockholm/27/2011|EPI_ISL_99779|A_/_H1N1                           0.00%    passed    100.00%
  12  EPI358504|HA|A/ENG/114940161/2011|EPI_ISL_107428|A_/_H1N1                         0.00%    passed    100.00%
  13  EPI319615|HA|A/Ukraine/3/2011|EPI_ISL_90800|A_/_H1N1                              0.00%    passed    100.00%
  14  EPI334702|HA|A/Slovenia/861/2011|EPI_ISL_95550|A_/_H1N1                           0.00%    passed    100.00%
  15  EPI566454|HA|A/Perth/33/2011|EPI_ISL_172959|A_/_H1N1                              0.00%    passed    100.00%
  16  EPI349365|HA|A/Florida/36/2011|EPI_ISL_101593|A_/_H1N1                            0.00%    passed    100.00%
  17  EPI309803|HA|A/Arizona/01/2011|EPI_ISL_88059|A_/_H1N1                             0.00%    passed    100.00%
  18  EPI316342|HA|A/Delaware/06/2011|EPI_ISL_88073|A_/_H1N1                            0.00%    passed    100.00%
  19  EPI309946|HA|A/Maine/03/2011|EPI_ISL_88098|A_/_H1N1                               0.00%    passed    100.00%
  20  H1N1_2011_Consensus_Aligned                                                       0.00%    passed    100.00%
  21  H1N1_2011_Medoid_Aligned|EPI349536|HA|A/Taiwan/67/2011|EPI_ISL_101906|A_/_H1N1    0.00%    passed    100.00%
  22  H1N1_2011_Ancestral_Aligned_Node6                                                 0.00%    passed    100.00%
  23  H1N1_2011_COBRA_Aligned                                                           0.00%    passed    100.00%
****  TOTAL                                                                             0.00%  0 sequences failed composition chi2 test (p-value<5%; df=19)
NOTE: H1N1_2011_COBRA_Aligned is identical to EPI342543|HA|A/Oman/1102/2011|EPI_ISL_99154|A_/_H1N1 but kept for subsequent analysis
NOTE: H1N1_2011_Medoid_Aligned|EPI349536|HA|A/Taiwan/67/2011|EPI_ISL_101906|A_/_H1N1 is identical to EPI349536|HA|A/Taiwan/67/2011|EPI_ISL_101906|A_/_H1N1 but kept for subsequent analysis
Checking for duplicate sequences: done in 3.57172e-05 secs using 47.6% CPU
Creating fast initial parsimony tree by random order stepwise addition...
0.007 seconds, parsimony score: 86 (based on 70 sites)
Generating 1000 samples for ultrafast bootstrap (seed: 803084)...

NOTE: 1 MB RAM (0 GB) is required!
WARNING: Number of threads seems too high for short alignments. Use -T AUTO to determine best number of threads.
Estimate model parameters (epsilon = 0.100)
1. Initial log-likelihood: -2334.090
2. Current log-likelihood: -2332.162
Optimal log-likelihood: -2332.161
Gamma shape alpha: 0.324
Parameters optimization took 2 rounds (0.015 sec)
Wrote distance file to... 
Computing ML distances based on estimated model parameters...
Calculating distance matrix: done in 0.00698159 secs using 798.4% CPU
Computing ML distances took 0.007020 sec (of wall-clock time) 0.055783 sec (of CPU time)
Setting up auxiliary I and S matrices: done in 0.000375774 secs
Constructing RapidNJ tree: done in 0.0233603 secs using 133% CPU
Computing RapidNJ tree took 0.023763 sec (of wall-clock time) 0.031090 sec (of CPU time)
Log-likelihood of RapidNJ tree: -2333.764
--------------------------------------------------------------------
|             INITIALIZING CANDIDATE TREE SET                      |
--------------------------------------------------------------------
Generating 98 parsimony trees... 0.021 second
Computing log-likelihood of 98 initial trees ... 0.214 seconds
Current best score: -2332.161

Do NNI search on 20 best initial trees
Optimizing NNI: done in 0.0119958 secs using 792.6% CPU
Estimate model parameters (epsilon = 0.100)
BETTER TREE FOUND at iteration 1: -2332.161
Optimizing NNI: done in 0.0123416 secs using 821.8% CPU
Optimizing NNI: done in 0.0121006 secs using 787.8% CPU
Optimizing NNI: done in 0.0122269 secs using 780.7% CPU
BETTER TREE FOUND at iteration 4: -2332.161
Optimizing NNI: done in 0.0121602 secs using 783.8% CPU
Optimizing NNI: done in 0.0124604 secs using 807.6% CPU
Optimizing NNI: done in 0.01239 secs using 819.4% CPU
Optimizing NNI: done in 0.0124036 secs using 819.5% CPU
Optimizing NNI: done in 0.0121797 secs using 786.1% CPU
Optimizing NNI: done in 0.0121254 secs using 788.8% CPU
Iteration 10 / LogL: -2332.161 / Time: 0h:0m:0s
Optimizing NNI: done in 0.0120941 secs using 831.8% CPU
Optimizing NNI: done in 0.0124247 secs using 771.9% CPU
Optimizing NNI: done in 0.0122362 secs using 782.1% CPU
Optimizing NNI: done in 0.0123772 secs using 774.7% CPU
Optimizing NNI: done in 0.0124575 secs using 769.7% CPU
Optimizing NNI: done in 0.0126969 secs using 748.3% CPU
Optimizing NNI: done in 0.0124725 secs using 758.5% CPU
Optimizing NNI: done in 0.0124749 secs using 766.4% CPU
Optimizing NNI: done in 0.0122103 secs using 772.1% CPU
Optimizing NNI: done in 0.0124548 secs using 766.9% CPU
Iteration 20 / LogL: -2332.161 / Time: 0h:0m:0s
Finish initializing candidate tree set (20)
Current best tree score: -2332.161 / CPU time: 0.503
Number of iterations: 20
--------------------------------------------------------------------
|               OPTIMIZING CANDIDATE TREE SET                      |
--------------------------------------------------------------------
Optimizing NNI: done in 0.0246588 secs using 791.3% CPU
Optimizing NNI: done in 0.0294664 secs using 799.5% CPU
Optimizing NNI: done in 0.0491751 secs using 790.6% CPU
Optimizing NNI: done in 0.0607259 secs using 776.9% CPU
Optimizing NNI: done in 0.0700565 secs using 790.3% CPU
Optimizing NNI: done in 0.0497214 secs using 798.1% CPU
Optimizing NNI: done in 0.0373792 secs using 802.6% CPU
Optimizing NNI: done in 0.0632296 secs using 790.4% CPU
Optimizing NNI: done in 0.0393906 secs using 780.9% CPU
Optimizing NNI: done in 0.0380006 secs using 796.3% CPU
Iteration 30 / LogL: -2332.167 / Time: 0h:0m:1s (0h:0m:2s left)
Optimizing NNI: done in 0.0629572 secs using 790.3% CPU
Optimizing NNI: done in 0.0247919 secs using 801.9% CPU
Optimizing NNI: done in 0.0382363 secs using 783.9% CPU
Optimizing NNI: done in 0.0375992 secs using 800.5% CPU
Optimizing NNI: done in 0.0726235 secs using 795.3% CPU
Optimizing NNI: done in 0.0240851 secs using 793.4% CPU
Optimizing NNI: done in 0.0501372 secs using 791.2% CPU
Optimizing NNI: done in 0.0497653 secs using 790.4% CPU
Optimizing NNI: done in 0.0496619 secs using 795.6% CPU
Optimizing NNI: done in 0.0379966 secs using 788.2% CPU
Iteration 40 / LogL: -2332.163 / Time: 0h:0m:1s (0h:0m:2s left)
Optimizing NNI: done in 0.0481208 secs using 792.1% CPU
Optimizing NNI: done in 0.0373844 secs using 802.9% CPU
Optimizing NNI: done in 0.0487623 secs using 795.4% CPU
Optimizing NNI: done in 0.0486799 secs using 799.2% CPU
Optimizing NNI: done in 0.0249639 secs using 792.9% CPU
Optimizing NNI: done in 0.0380613 secs using 794.6% CPU
Optimizing NNI: done in 0.0501338 secs using 788.1% CPU
Optimizing NNI: done in 0.0244195 secs using 779.7% CPU
Optimizing NNI: done in 0.0380431 secs using 795.3% CPU
Optimizing NNI: done in 0.0367324 secs using 798.5% CPU
Iteration 50 / LogL: -2332.164 / Time: 0h:0m:1s (0h:0m:2s left)
Log-likelihood cutoff on original alignment: -2352.214
Optimizing NNI: done in 0.0582077 secs using 790.5% CPU
Optimizing NNI: done in 0.0120347 secs using 792.7% CPU
Optimizing NNI: done in 0.025647 secs using 766.4% CPU
Optimizing NNI: done in 0.0390918 secs using 794.2% CPU
Optimizing NNI: done in 0.0493513 secs using 790.7% CPU
Optimizing NNI: done in 0.0181106 secs using 786.1% CPU
Optimizing NNI: done in 0.0734633 secs using 796.9% CPU
Optimizing NNI: done in 0.0506196 secs using 796.1% CPU
Optimizing NNI: done in 0.0384584 secs using 781.4% CPU
Optimizing NNI: done in 0.0248763 secs using 791.2% CPU
Iteration 60 / LogL: -2332.161 / Time: 0h:0m:2s (0h:0m:1s left)
Optimizing NNI: done in 0.0295956 secs using 802% CPU
Optimizing NNI: done in 0.0512569 secs using 784.1% CPU
Optimizing NNI: done in 0.0496664 secs using 772% CPU
Optimizing NNI: done in 0.0382649 secs using 786.4% CPU
Optimizing NNI: done in 0.061304 secs using 792.1% CPU
Optimizing NNI: done in 0.0383105 secs using 787.5% CPU
Optimizing NNI: done in 0.0498434 secs using 794.4% CPU
Optimizing NNI: done in 0.0475713 secs using 802.3% CPU
Optimizing NNI: done in 0.0379923 secs using 796.2% CPU
Optimizing NNI: done in 0.0378813 secs using 795.9% CPU
Iteration 70 / LogL: -2332.165 / Time: 0h:0m:2s (0h:0m:1s left)
Optimizing NNI: done in 0.0385959 secs using 785.7% CPU
Optimizing NNI: done in 0.0475411 secs using 800.5% CPU
Optimizing NNI: done in 0.0495933 secs using 797.4% CPU
Optimizing NNI: done in 0.0506052 secs using 785% CPU
Optimizing NNI: done in 0.0361727 secs using 787.9% CPU
Optimizing NNI: done in 0.0256284 secs using 778.5% CPU
Optimizing NNI: done in 0.039482 secs using 797.1% CPU
Optimizing NNI: done in 0.0492959 secs using 797.3% CPU
Optimizing NNI: done in 0.031734 secs using 795.2% CPU
Optimizing NNI: done in 0.0503364 secs using 786.3% CPU
Iteration 80 / LogL: -2332.163 / Time: 0h:0m:3s (0h:0m:1s left)
Optimizing NNI: done in 0.0854779 secs using 788.2% CPU
Optimizing NNI: done in 0.0471793 secs using 787.9% CPU
Optimizing NNI: done in 0.0377221 secs using 780.5% CPU
Optimizing NNI: done in 0.0241068 secs using 792.5% CPU
Optimizing NNI: done in 0.0383646 secs using 783.9% CPU
Optimizing NNI: done in 0.0517097 secs using 795.8% CPU
Optimizing NNI: done in 0.0122643 secs using 837.2% CPU
BETTER TREE FOUND at iteration 87: -2332.161
Optimizing NNI: done in 0.0504189 secs using 781.8% CPU
Optimizing NNI: done in 0.0470486 secs using 790.9% CPU
Optimizing NNI: done in 0.0253299 secs using 787% CPU
Iteration 90 / LogL: -2342.732 / Time: 0h:0m:3s (0h:0m:4s left)
Optimizing NNI: done in 0.0521405 secs using 793.7% CPU
Optimizing NNI: done in 0.0506426 secs using 794.7% CPU
Optimizing NNI: done in 0.0712822 secs using 790% CPU
Optimizing NNI: done in 0.0249899 secs using 788.1% CPU
Optimizing NNI: done in 0.0379269 secs using 794.3% CPU
Optimizing NNI: done in 0.0707692 secs using 793.5% CPU
Optimizing NNI: done in 0.0396645 secs using 798.5% CPU
Optimizing NNI: done in 0.0523957 secs using 785.4% CPU
Optimizing NNI: done in 0.0606622 secs using 795.1% CPU
Optimizing NNI: done in 0.0244217 secs using 805.6% CPU
Iteration 100 / LogL: -2353.229 / Time: 0h:0m:4s (0h:0m:3s left)
Log-likelihood cutoff on original alignment: -2352.715
NOTE: Bootstrap correlation coefficient of split occurrence frequencies: 0.968
NOTE: UFBoot does not converge, continue at least 100 more iterations
Optimizing NNI: done in 0.0257517 secs using 768.8% CPU
Optimizing NNI: done in 0.0495413 secs using 797.9% CPU
Optimizing NNI: done in 0.0237285 secs using 799.8% CPU
Optimizing NNI: done in 0.0488576 secs using 781.9% CPU
Optimizing NNI: done in 0.017431 secs using 819% CPU
Optimizing NNI: done in 0.0362553 secs using 791.2% CPU
Optimizing NNI: done in 0.0386563 secs using 796.7% CPU
Optimizing NNI: done in 0.036172 secs using 784.2% CPU
Optimizing NNI: done in 0.0623573 secs using 789.7% CPU
Optimizing NNI: done in 0.0503008 secs using 787.9% CPU
Iteration 110 / LogL: -2336.891 / Time: 0h:0m:4s (0h:0m:3s left)
Optimizing NNI: done in 0.0363975 secs using 785.6% CPU
Optimizing NNI: done in 0.0250849 secs using 789.7% CPU
Optimizing NNI: done in 0.0363136 secs using 787.2% CPU
Optimizing NNI: done in 0.0597051 secs using 797.8% CPU
Optimizing NNI: done in 0.0478462 secs using 795.7% CPU
Optimizing NNI: done in 0.0350833 secs using 791.2% CPU
Optimizing NNI: done in 0.0509683 secs using 793.6% CPU
Optimizing NNI: done in 0.0491003 secs using 789% CPU
Optimizing NNI: done in 0.0254972 secs using 779.5% CPU
Optimizing NNI: done in 0.0692198 secs using 796.5% CPU
Iteration 120 / LogL: -2332.166 / Time: 0h:0m:5s (0h:0m:3s left)
Optimizing NNI: done in 0.0521284 secs using 791.1% CPU
Optimizing NNI: done in 0.0598471 secs using 789.5% CPU
Optimizing NNI: done in 0.0517565 secs using 797.1% CPU
Optimizing NNI: done in 0.0372849 secs using 790.5% CPU
Optimizing NNI: done in 0.0490205 secs using 795.2% CPU
Optimizing NNI: done in 0.0371951 secs using 808.5% CPU
Optimizing NNI: done in 0.0376079 secs using 784.9% CPU
Optimizing NNI: done in 0.0384268 secs using 801.4% CPU
Optimizing NNI: done in 0.0569857 secs using 794.5% CPU
Optimizing NNI: done in 0.0357053 secs using 798.4% CPU
Iteration 130 / LogL: -2332.163 / Time: 0h:0m:5s (0h:0m:3s left)
Optimizing NNI: done in 0.0370846 secs using 790.8% CPU
Optimizing NNI: done in 0.0602932 secs using 791.1% CPU
Optimizing NNI: done in 0.0378929 secs using 792.9% CPU
Optimizing NNI: done in 0.0496223 secs using 799% CPU
Optimizing NNI: done in 0.0501888 secs using 790.4% CPU
Optimizing NNI: done in 0.0176471 secs using 801.4% CPU
Optimizing NNI: done in 0.0510685 secs using 789.7% CPU
Optimizing NNI: done in 0.0370596 secs using 786.6% CPU
Optimizing NNI: done in 0.0378632 secs using 789.9% CPU
Optimizing NNI: done in 0.0493338 secs using 796.9% CPU
Iteration 140 / LogL: -2332.164 / Time: 0h:0m:6s (0h:0m:2s left)
Optimizing NNI: done in 0.0387683 secs using 794.2% CPU
Optimizing NNI: done in 0.0566575 secs using 785% CPU
Optimizing NNI: done in 0.0248427 secs using 798.1% CPU
Optimizing NNI: done in 0.0393246 secs using 787.6% CPU
Optimizing NNI: done in 0.0373405 secs using 805.3% CPU
Optimizing NNI: done in 0.0511065 secs using 788.2% CPU
Optimizing NNI: done in 0.0513281 secs using 783.3% CPU
Optimizing NNI: done in 0.0683059 secs using 790.6% CPU
Optimizing NNI: done in 0.0468655 secs using 798.1% CPU
Optimizing NNI: done in 0.05048 secs using 786.5% CPU
Iteration 150 / LogL: -2332.165 / Time: 0h:0m:6s (0h:0m:2s left)
Log-likelihood cutoff on original alignment: -2356.667
Optimizing NNI: done in 0.0519089 secs using 790.1% CPU
Optimizing NNI: done in 0.0458258 secs using 780.4% CPU
Optimizing NNI: done in 0.0496516 secs using 781.4% CPU
Optimizing NNI: done in 0.0374209 secs using 774.9% CPU
Optimizing NNI: done in 0.0470545 secs using 790.5% CPU
Optimizing NNI: done in 0.0587038 secs using 776.5% CPU
Optimizing NNI: done in 0.0382715 secs using 786% CPU
Optimizing NNI: done in 0.0375187 secs using 799.4% CPU
Optimizing NNI: done in 0.0464482 secs using 799.6% CPU
Optimizing NNI: done in 0.0605222 secs using 783.5% CPU
Iteration 160 / LogL: -2332.165 / Time: 0h:0m:7s (0h:0m:1s left)
Optimizing NNI: done in 0.0390138 secs using 787.8% CPU
Optimizing NNI: done in 0.0587866 secs using 791.1% CPU
Optimizing NNI: done in 0.0505825 secs using 799.6% CPU
Optimizing NNI: done in 0.0386084 secs using 792.1% CPU
Optimizing NNI: done in 0.0467324 secs using 789.8% CPU
Optimizing NNI: done in 0.0367722 secs using 796.8% CPU
Optimizing NNI: done in 0.0362189 secs using 789.3% CPU
Optimizing NNI: done in 0.0608745 secs using 791.2% CPU
Optimizing NNI: done in 0.0485634 secs using 782.6% CPU
Optimizing NNI: done in 0.0487837 secs using 793.9% CPU
Iteration 170 / LogL: -2332.163 / Time: 0h:0m:7s (0h:0m:1s left)
Optimizing NNI: done in 0.0501109 secs using 789.5% CPU
Optimizing NNI: done in 0.073528 secs using 787.1% CPU
Optimizing NNI: done in 0.0368034 secs using 777.2% CPU
Optimizing NNI: done in 0.0375849 secs using 782.3% CPU
Optimizing NNI: done in 0.0464221 secs using 787.5% CPU
Optimizing NNI: done in 0.048871 secs using 790.7% CPU
Optimizing NNI: done in 0.051897 secs using 792.7% CPU
Optimizing NNI: done in 0.0254881 secs using 802.4% CPU
Optimizing NNI: done in 0.0706527 secs using 798.3% CPU
Optimizing NNI: done in 0.0389714 secs using 793.5% CPU
Iteration 180 / LogL: -2335.174 / Time: 0h:0m:8s (0h:0m:0s left)
Optimizing NNI: done in 0.0624893 secs using 796.9% CPU
Optimizing NNI: done in 0.0508305 secs using 794.3% CPU
Optimizing NNI: done in 0.0395924 secs using 802.1% CPU
Optimizing NNI: done in 0.0593117 secs using 801.5% CPU
Optimizing NNI: done in 0.0485453 secs using 800.7% CPU
Optimizing NNI: done in 0.0364325 secs using 795.9% CPU
Optimizing NNI: done in 0.0453092 secs using 788.8% CPU
Optimizing NNI: done in 0.0520262 secs using 790.6% CPU
Optimizing NNI: done in 0.049321 secs using 787% CPU
Optimizing NNI: done in 0.0368399 secs using 774.6% CPU
Iteration 190 / LogL: -2344.888 / Time: 0h:0m:8s (0h:0m:0s left)
Optimizing NNI: done in 0.0366771 secs using 780.7% CPU
Optimizing NNI: done in 0.0377636 secs using 776.9% CPU
Optimizing NNI: done in 0.024695 secs using 766.4% CPU
Optimizing NNI: done in 0.0375048 secs using 785.4% CPU
Optimizing NNI: done in 0.0369925 secs using 793.8% CPU
Optimizing NNI: done in 0.0253025 secs using 780.2% CPU
Optimizing NNI: done in 0.0532412 secs using 801% CPU
Optimizing NNI: done in 0.0350961 secs using 794.1% CPU
Optimizing NNI: done in 0.0481863 secs using 791.4% CPU
Optimizing NNI: done in 0.0247044 secs using 768.4% CPU
Iteration 200 / LogL: -2337.940 / Time: 0h:0m:9s (0h:0m:0s left)
Log-likelihood cutoff on original alignment: -2357.010
NOTE: Bootstrap correlation coefficient of split occurrence frequencies: 0.968
NOTE: UFBoot does not converge, continue at least 100 more iterations
Optimizing NNI: done in 0.0445788 secs using 786.9% CPU
Optimizing NNI: done in 0.0368572 secs using 796.1% CPU
Optimizing NNI: done in 0.0360051 secs using 793.3% CPU
Optimizing NNI: done in 0.0487491 secs using 797.6% CPU
Optimizing NNI: done in 0.0481008 secs using 808.5% CPU
Optimizing NNI: done in 0.0476344 secs using 796.8% CPU
Optimizing NNI: done in 0.0513595 secs using 785.9% CPU
Optimizing NNI: done in 0.0510293 secs using 793.3% CPU
Optimizing NNI: done in 0.0485592 secs using 796.2% CPU
Optimizing NNI: done in 0.0728428 secs using 784.4% CPU
Iteration 210 / LogL: -2332.167 / Time: 0h:0m:9s (0h:0m:4s left)
Optimizing NNI: done in 0.0500432 secs using 789% CPU
Optimizing NNI: done in 0.0387444 secs using 774.7% CPU
Optimizing NNI: done in 0.0625548 secs using 795.7% CPU
Optimizing NNI: done in 0.0349669 secs using 794% CPU
Optimizing NNI: done in 0.0517963 secs using 792.8% CPU
Optimizing NNI: done in 0.0381755 secs using 807.9% CPU
Optimizing NNI: done in 0.0241878 secs using 786.7% CPU
Optimizing NNI: done in 0.0614098 secs using 788.3% CPU
Optimizing NNI: done in 0.0368858 secs using 793.3% CPU
Optimizing NNI: done in 0.0369692 secs using 794.4% CPU
Iteration 220 / LogL: -2332.163 / Time: 0h:0m:10s (0h:0m:3s left)
Optimizing NNI: done in 0.0379454 secs using 794.5% CPU
Optimizing NNI: done in 0.0537819 secs using 795.7% CPU
Optimizing NNI: done in 0.0366551 secs using 800.6% CPU
Optimizing NNI: done in 0.0500583 secs using 803.9% CPU
Optimizing NNI: done in 0.0723923 secs using 798.5% CPU
Optimizing NNI: done in 0.0394693 secs using 797.9% CPU
Optimizing NNI: done in 0.0370434 secs using 792% CPU
Optimizing NNI: done in 0.0357012 secs using 799.5% CPU
Optimizing NNI: done in 0.0381112 secs using 788.3% CPU
Optimizing NNI: done in 0.0498535 secs using 791.8% CPU
Iteration 230 / LogL: -2332.164 / Time: 0h:0m:10s (0h:0m:3s left)
Optimizing NNI: done in 0.0377521 secs using 797.6% CPU
Optimizing NNI: done in 0.0493512 secs using 788.9% CPU
Optimizing NNI: done in 0.0239988 secs using 793.1% CPU
Optimizing NNI: done in 0.0575549 secs using 796% CPU
Optimizing NNI: done in 0.0470938 secs using 788.4% CPU
Optimizing NNI: done in 0.0571449 secs using 790.7% CPU
Optimizing NNI: done in 0.0368062 secs using 800.1% CPU
Optimizing NNI: done in 0.037269 secs using 804.6% CPU
Optimizing NNI: done in 0.0815246 secs using 799.3% CPU
Optimizing NNI: done in 0.0700796 secs using 793% CPU
Iteration 240 / LogL: -2332.167 / Time: 0h:0m:11s (0h:0m:2s left)
Optimizing NNI: done in 0.0255727 secs using 803.7% CPU
Optimizing NNI: done in 0.0382927 secs using 787.8% CPU
Optimizing NNI: done in 0.0601833 secs using 804% CPU
Optimizing NNI: done in 0.0609048 secs using 795.8% CPU
Optimizing NNI: done in 0.0351613 secs using 789.9% CPU
Optimizing NNI: done in 0.011877 secs using 794.9% CPU
Optimizing NNI: done in 0.0259851 secs using 788.3% CPU
Optimizing NNI: done in 0.0710584 secs using 791.4% CPU
Optimizing NNI: done in 0.0505219 secs using 785.3% CPU
Optimizing NNI: done in 0.0238236 secs using 798.4% CPU
Iteration 250 / LogL: -2332.161 / Time: 0h:0m:11s (0h:0m:2s left)
Log-likelihood cutoff on original alignment: -2358.188
Optimizing NNI: done in 0.0255922 secs using 803.4% CPU
Optimizing NNI: done in 0.0244881 secs using 780.5% CPU
Optimizing NNI: done in 0.061558 secs using 795.4% CPU
Optimizing NNI: done in 0.0377644 secs using 790.4% CPU
Optimizing NNI: done in 0.0362299 secs using 786.8% CPU
Optimizing NNI: done in 0.0474751 secs using 799.5% CPU
Optimizing NNI: done in 0.050049 secs using 787.5% CPU
Optimizing NNI: done in 0.0369032 secs using 798.1% CPU
Optimizing NNI: done in 0.0555977 secs using 785.3% CPU
Optimizing NNI: done in 0.0245052 secs using 810.4% CPU
Iteration 260 / LogL: -2332.161 / Time: 0h:0m:12s (0h:0m:1s left)
Optimizing NNI: done in 0.0374014 secs using 788.5% CPU
Optimizing NNI: done in 0.0694218 secs using 796% CPU
Optimizing NNI: done in 0.0489359 secs using 793.3% CPU
Optimizing NNI: done in 0.0479858 secs using 794.2% CPU
Optimizing NNI: done in 0.0623637 secs using 786.2% CPU
Optimizing NNI: done in 0.061226 secs using 798.9% CPU
Optimizing NNI: done in 0.0370444 secs using 793.7% CPU
Optimizing NNI: done in 0.0388208 secs using 798% CPU
Optimizing NNI: done in 0.0512472 secs using 789.5% CPU
Optimizing NNI: done in 0.051069 secs using 792.3% CPU
Iteration 270 / LogL: -2332.164 / Time: 0h:0m:12s (0h:0m:1s left)
Optimizing NNI: done in 0.0323074 secs using 788.9% CPU
Optimizing NNI: done in 0.0391308 secs using 805.7% CPU
Optimizing NNI: done in 0.0610824 secs using 791.4% CPU
Optimizing NNI: done in 0.0392007 secs using 786.9% CPU
Optimizing NNI: done in 0.037573 secs using 803.9% CPU
Optimizing NNI: done in 0.0390533 secs using 795.5% CPU
Optimizing NNI: done in 0.0468439 secs using 796.3% CPU
Optimizing NNI: done in 0.0367994 secs using 780.7% CPU
Optimizing NNI: done in 0.0481742 secs using 803.8% CPU
Optimizing NNI: done in 0.0365956 secs using 773.6% CPU
Iteration 280 / LogL: -2332.161 / Time: 0h:0m:13s (0h:0m:0s left)
Optimizing NNI: done in 0.037824 secs using 791.6% CPU
Optimizing NNI: done in 0.0510455 secs using 791.9% CPU
Optimizing NNI: done in 0.0252003 secs using 814.7% CPU
Optimizing NNI: done in 0.0370916 secs using 789.2% CPU
Optimizing NNI: done in 0.037857 secs using 793.4% CPU
Optimizing NNI: done in 0.0251866 secs using 790.6% CPU
Optimizing NNI: done in 0.0639501 secs using 789.1% CPU
Optimizing NNI: done in 0.0501198 secs using 789.4% CPU
Optimizing NNI: done in 0.0373963 secs using 804.5% CPU
Optimizing NNI: done in 0.0930674 secs using 794% CPU
Iteration 290 / LogL: -2332.167 / Time: 0h:0m:13s (0h:0m:0s left)
Optimizing NNI: done in 0.048812 secs using 794.2% CPU
Optimizing NNI: done in 0.0494937 secs using 784.6% CPU
Optimizing NNI: done in 0.0595348 secs using 798.1% CPU
Optimizing NNI: done in 0.0375931 secs using 785.4% CPU
Optimizing NNI: done in 0.0430489 secs using 792.9% CPU
Optimizing NNI: done in 0.0372454 secs using 786.3% CPU
Optimizing NNI: done in 0.048885 secs using 794% CPU
Optimizing NNI: done in 0.0367205 secs using 796% CPU
Optimizing NNI: done in 0.023948 secs using 793.6% CPU
Optimizing NNI: done in 0.0380319 secs using 795.6% CPU
Iteration 300 / LogL: -2332.164 / Time: 0h:0m:14s (0h:0m:0s left)
Log-likelihood cutoff on original alignment: -2359.015
NOTE: Bootstrap correlation coefficient of split occurrence frequencies: 0.977
NOTE: UFBoot does not converge, continue at least 100 more iterations
Optimizing NNI: done in 0.0257159 secs using 799% CPU
Optimizing NNI: done in 0.0357487 secs using 797.8% CPU
Optimizing NNI: done in 0.0503393 secs using 788.9% CPU
Optimizing NNI: done in 0.0588943 secs using 797.1% CPU
Optimizing NNI: done in 0.0608312 secs using 795.3% CPU
Optimizing NNI: done in 0.032687 secs using 796.4% CPU
Optimizing NNI: done in 0.0246492 secs using 801.8% CPU
Optimizing NNI: done in 0.0184075 secs using 778.4% CPU
Optimizing NNI: done in 0.0686689 secs using 791.2% CPU
Optimizing NNI: done in 0.0599454 secs using 786.4% CPU
Iteration 310 / LogL: -2332.163 / Time: 0h:0m:14s (0h:0m:4s left)
Optimizing NNI: done in 0.0381024 secs using 791.6% CPU
Optimizing NNI: done in 0.0244451 secs using 778.8% CPU
Optimizing NNI: done in 0.0247297 secs using 799.2% CPU
Optimizing NNI: done in 0.0523686 secs using 791% CPU
Optimizing NNI: done in 0.0302506 secs using 813.3% CPU
Optimizing NNI: done in 0.0568924 secs using 792.1% CPU
Optimizing NNI: done in 0.0518271 secs using 782.8% CPU
Optimizing NNI: done in 0.0516224 secs using 782% CPU
Optimizing NNI: done in 0.0599239 secs using 797% CPU
Optimizing NNI: done in 0.0491687 secs using 791.6% CPU
Iteration 320 / LogL: -2332.161 / Time: 0h:0m:15s (0h:0m:3s left)
Optimizing NNI: done in 0.0389237 secs using 792.3% CPU
Optimizing NNI: done in 0.0501702 secs using 807.5% CPU
Optimizing NNI: done in 0.0468155 secs using 796.2% CPU
Optimizing NNI: done in 0.0489132 secs using 792.6% CPU
Optimizing NNI: done in 0.059483 secs using 789.2% CPU
Optimizing NNI: done in 0.0366501 secs using 778.3% CPU
Optimizing NNI: done in 0.0506771 secs using 794.3% CPU
Optimizing NNI: done in 0.0616238 secs using 797% CPU
Optimizing NNI: done in 0.0492421 secs using 786.5% CPU
Optimizing NNI: done in 0.023656 secs using 801.5% CPU
Iteration 330 / LogL: -2332.162 / Time: 0h:0m:15s (0h:0m:3s left)
Optimizing NNI: done in 0.0498109 secs using 798.6% CPU
Optimizing NNI: done in 0.0246903 secs using 796.4% CPU
Optimizing NNI: done in 0.0375994 secs using 793% CPU
Optimizing NNI: done in 0.0618579 secs using 794.7% CPU
Optimizing NNI: done in 0.0388765 secs using 792.3% CPU
Optimizing NNI: done in 0.0507674 secs using 799.3% CPU
Optimizing NNI: done in 0.0509635 secs using 790.7% CPU
Optimizing NNI: done in 0.0252261 secs using 790% CPU
Optimizing NNI: done in 0.0251786 secs using 815% CPU
Optimizing NNI: done in 0.0378367 secs using 796.3% CPU
Iteration 340 / LogL: -2332.166 / Time: 0h:0m:15s (0h:0m:2s left)
Optimizing NNI: done in 0.0506309 secs using 792.9% CPU
Optimizing NNI: done in 0.0393749 secs using 783.8% CPU
Optimizing NNI: done in 0.0379189 secs using 776.6% CPU
Optimizing NNI: done in 0.0509265 secs using 789.9% CPU
Optimizing NNI: done in 0.059371 secs using 794.9% CPU
Optimizing NNI: done in 0.0256111 secs using 804.6% CPU
Optimizing NNI: done in 0.0385503 secs using 799.4% CPU
Optimizing NNI: done in 0.0624437 secs using 799.6% CPU
Optimizing NNI: done in 0.0371957 secs using 787.1% CPU
Optimizing NNI: done in 0.0942651 secs using 793.3% CPU
Iteration 350 / LogL: -2332.165 / Time: 0h:0m:16s (0h:0m:2s left)
Log-likelihood cutoff on original alignment: -2359.578
Optimizing NNI: done in 0.0624359 secs using 787.9% CPU
Optimizing NNI: done in 0.0380999 secs using 789.1% CPU
Optimizing NNI: done in 0.0249973 secs using 796.3% CPU
Optimizing NNI: done in 0.0249889 secs using 796.5% CPU
Optimizing NNI: done in 0.0708772 secs using 780.5% CPU
Optimizing NNI: done in 0.071546 secs using 797.7% CPU
Optimizing NNI: done in 0.0184344 secs using 779.4% CPU
Optimizing NNI: done in 0.0203603 secs using 783.4% CPU
Optimizing NNI: done in 0.0497847 secs using 791.2% CPU
Optimizing NNI: done in 0.0525092 secs using 786.9% CPU
Iteration 360 / LogL: -2332.168 / Time: 0h:0m:17s (0h:0m:1s left)
Optimizing NNI: done in 0.0509209 secs using 792.4% CPU
Optimizing NNI: done in 0.0493559 secs using 785.8% CPU
Optimizing NNI: done in 0.0487989 secs using 793.9% CPU
Optimizing NNI: done in 0.0503396 secs using 784.8% CPU
Optimizing NNI: done in 0.0636346 secs using 787.3% CPU
Optimizing NNI: done in 0.0477875 secs using 797% CPU
Optimizing NNI: done in 0.068529 secs using 785% CPU
Optimizing NNI: done in 0.048574 secs using 798.3% CPU
Optimizing NNI: done in 0.0595793 secs using 784.6% CPU
Optimizing NNI: done in 0.0497429 secs using 793.9% CPU
Iteration 370 / LogL: -2347.398 / Time: 0h:0m:17s (0h:0m:1s left)
Optimizing NNI: done in 0.0249481 secs using 793.4% CPU
Optimizing NNI: done in 0.0523048 secs using 803.3% CPU
Optimizing NNI: done in 0.0715482 secs using 796.6% CPU
Optimizing NNI: done in 0.0245267 secs using 781.3% CPU
Optimizing NNI: done in 0.0499918 secs using 796.4% CPU
Optimizing NNI: done in 0.051268 secs using 790.6% CPU
Optimizing NNI: done in 0.0613134 secs using 787.4% CPU
Optimizing NNI: done in 0.0380939 secs using 780.5% CPU
Optimizing NNI: done in 0.0470465 secs using 790.4% CPU
Optimizing NNI: done in 0.0581266 secs using 784.5% CPU
Iteration 380 / LogL: -2345.959 / Time: 0h:0m:18s (0h:0m:0s left)
Optimizing NNI: done in 0.0483185 secs using 793.5% CPU
Optimizing NNI: done in 0.037807 secs using 794.8% CPU
Optimizing NNI: done in 0.0367075 secs using 794.2% CPU
Optimizing NNI: done in 0.036994 secs using 793.3% CPU
Optimizing NNI: done in 0.050018 secs using 789% CPU
Optimizing NNI: done in 0.0376408 secs using 797.9% CPU
Optimizing NNI: done in 0.0208652 secs using 789.1% CPU
Optimizing NNI: done in 0.0608899 secs using 792% CPU
Optimizing NNI: done in 0.0370386 secs using 789.1% CPU
Optimizing NNI: done in 0.0248931 secs using 767.3% CPU
Iteration 390 / LogL: -2344.887 / Time: 0h:0m:18s (0h:0m:0s left)
Optimizing NNI: done in 0.0488222 secs using 794.8% CPU
Optimizing NNI: done in 0.0366986 secs using 799.1% CPU
Optimizing NNI: done in 0.0498651 secs using 792% CPU
Optimizing NNI: done in 0.0384717 secs using 798% CPU
Optimizing NNI: done in 0.0469446 secs using 787.9% CPU
Optimizing NNI: done in 0.0341136 secs using 790.9% CPU
Optimizing NNI: done in 0.037924 secs using 794.3% CPU
Optimizing NNI: done in 0.0597652 secs using 794% CPU
Optimizing NNI: done in 0.0367045 secs using 780.2% CPU
Optimizing NNI: done in 0.0507161 secs using 795.8% CPU
Iteration 400 / LogL: -2332.165 / Time: 0h:0m:19s (0h:0m:0s left)
Log-likelihood cutoff on original alignment: -2359.578
NOTE: Bootstrap correlation coefficient of split occurrence frequencies: 0.986
NOTE: UFBoot does not converge, continue at least 100 more iterations
Optimizing NNI: done in 0.0380299 secs using 782.5% CPU
Optimizing NNI: done in 0.0602052 secs using 800.7% CPU
Optimizing NNI: done in 0.0622128 secs using 789.6% CPU
Optimizing NNI: done in 0.0382328 secs using 806.6% CPU
Optimizing NNI: done in 0.025498 secs using 782.4% CPU
Optimizing NNI: done in 0.0376105 secs using 782.3% CPU
Optimizing NNI: done in 0.0385063 secs using 800.4% CPU
Optimizing NNI: done in 0.0376881 secs using 799.6% CPU
Optimizing NNI: done in 0.0378764 secs using 793.4% CPU
Optimizing NNI: done in 0.0627979 secs using 797.4% CPU
Iteration 410 / LogL: -2332.162 / Time: 0h:0m:19s (0h:0m:4s left)
Optimizing NNI: done in 0.0377457 secs using 789% CPU
Optimizing NNI: done in 0.0749638 secs using 794.5% CPU
Optimizing NNI: done in 0.0874512 secs using 788.1% CPU
Optimizing NNI: done in 0.0590258 secs using 789.1% CPU
Optimizing NNI: done in 0.0376892 secs using 780.8% CPU
Optimizing NNI: done in 0.0358277 secs using 772% CPU
Optimizing NNI: done in 0.0495367 secs using 778.3% CPU
Optimizing NNI: done in 0.0358902 secs using 770.3% CPU
Optimizing NNI: done in 0.0378096 secs using 796.4% CPU
Optimizing NNI: done in 0.0505779 secs using 783.7% CPU
Iteration 420 / LogL: -2332.165 / Time: 0h:0m:20s (0h:0m:3s left)
Optimizing NNI: done in 0.0372404 secs using 790.5% CPU
Optimizing NNI: done in 0.0390171 secs using 787.7% CPU
Optimizing NNI: done in 0.0501427 secs using 787.1% CPU
Optimizing NNI: done in 0.0503823 secs using 788.6% CPU
Optimizing NNI: done in 0.037131 secs using 791% CPU
Optimizing NNI: done in 0.035128 secs using 793.8% CPU
Optimizing NNI: done in 0.0328387 secs using 784.4% CPU
Optimizing NNI: done in 0.0382668 secs using 806.7% CPU
Optimizing NNI: done in 0.0380241 secs using 795.5% CPU
Optimizing NNI: done in 0.0375168 secs using 805% CPU
Iteration 430 / LogL: -2332.161 / Time: 0h:0m:20s (0h:0m:3s left)
Optimizing NNI: done in 0.0378886 secs using 798.1% CPU
Optimizing NNI: done in 0.0384612 secs using 782.4% CPU
Optimizing NNI: done in 0.0502556 secs using 802.2% CPU
Optimizing NNI: done in 0.060577 secs using 787.6% CPU
Optimizing NNI: done in 0.0612517 secs using 788.8% CPU
Optimizing NNI: done in 0.0378725 secs using 793.3% CPU
Optimizing NNI: done in 0.061552 secs using 790.9% CPU
Optimizing NNI: done in 0.0616951 secs using 791.7% CPU
Optimizing NNI: done in 0.0505922 secs using 790.6% CPU
Optimizing NNI: done in 0.0179075 secs using 785.4% CPU
Iteration 440 / LogL: -2332.161 / Time: 0h:0m:21s (0h:0m:2s left)
Optimizing NNI: done in 0.0519393 secs using 791.1% CPU
Optimizing NNI: done in 0.0380803 secs using 808% CPU
Optimizing NNI: done in 0.05162 secs using 783.6% CPU
Optimizing NNI: done in 0.0501941 secs using 789.5% CPU
Optimizing NNI: done in 0.0271259 secs using 789.1% CPU
Optimizing NNI: done in 0.0504458 secs using 802.8% CPU
Optimizing NNI: done in 0.0471736 secs using 791.7% CPU
Optimizing NNI: done in 0.0381882 secs using 785.3% CPU
Optimizing NNI: done in 0.051632 secs using 797.3% CPU
Optimizing NNI: done in 0.0511641 secs using 807.7% CPU
Iteration 450 / LogL: -2332.163 / Time: 0h:0m:21s (0h:0m:2s left)
Log-likelihood cutoff on original alignment: -2359.660
Optimizing NNI: done in 0.0508389 secs using 798.2% CPU
Optimizing NNI: done in 0.0372289 secs using 807.9% CPU
Optimizing NNI: done in 0.0711176 secs using 792.2% CPU
Optimizing NNI: done in 0.0394483 secs using 795% CPU
Optimizing NNI: done in 0.0725262 secs using 798.8% CPU
Optimizing NNI: done in 0.0629891 secs using 793.8% CPU
Optimizing NNI: done in 0.0513914 secs using 798.7% CPU
Optimizing NNI: done in 0.0496785 secs using 787.9% CPU
Optimizing NNI: done in 0.0740674 secs using 789.2% CPU
Optimizing NNI: done in 0.0374691 secs using 804.7% CPU
Iteration 460 / LogL: -2340.916 / Time: 0h:0m:22s (0h:0m:1s left)
Optimizing NNI: done in 0.0374359 secs using 786% CPU
Optimizing NNI: done in 0.05742 secs using 786.1% CPU
Optimizing NNI: done in 0.0598748 secs using 796.4% CPU
Optimizing NNI: done in 0.0491276 secs using 788.7% CPU
Optimizing NNI: done in 0.049574 secs using 800.2% CPU
Optimizing NNI: done in 0.0636834 secs using 800% CPU
Optimizing NNI: done in 0.0254084 secs using 780.8% CPU
Optimizing NNI: done in 0.0259081 secs using 798.8% CPU
Optimizing NNI: done in 0.0506094 secs using 791.7% CPU
Optimizing NNI: done in 0.0385062 secs using 784.6% CPU
Iteration 470 / LogL: -2335.174 / Time: 0h:0m:22s (0h:0m:1s left)
Optimizing NNI: done in 0.0386675 secs using 800.3% CPU
Optimizing NNI: done in 0.0379843 secs using 790.9% CPU
Optimizing NNI: done in 0.0507569 secs using 796.9% CPU
Optimizing NNI: done in 0.0487226 secs using 779.5% CPU
Optimizing NNI: done in 0.0373362 secs using 780.1% CPU
Optimizing NNI: done in 0.0489772 secs using 792.4% CPU
Optimizing NNI: done in 0.0380308 secs using 793.1% CPU
Optimizing NNI: done in 0.0622468 secs using 790.1% CPU
Optimizing NNI: done in 0.022004 secs using 782.3% CPU
Optimizing NNI: done in 0.0489815 secs using 796.7% CPU
Iteration 480 / LogL: -2332.164 / Time: 0h:0m:23s (0h:0m:0s left)
Optimizing NNI: done in 0.0480734 secs using 793.4% CPU
Optimizing NNI: done in 0.0366463 secs using 778.8% CPU
Optimizing NNI: done in 0.0244725 secs using 783.1% CPU
Optimizing NNI: done in 0.0389126 secs using 792.6% CPU
Optimizing NNI: done in 0.0375492 secs using 783.6% CPU
Optimizing NNI: done in 0.0242773 secs using 780.3% CPU
Optimizing NNI: done in 0.0255231 secs using 793.4% CPU
Optimizing NNI: done in 0.03852 secs using 783.7% CPU
Optimizing NNI: done in 0.0384196 secs using 785.4% CPU
Optimizing NNI: done in 0.0637991 secs using 785.3% CPU
Iteration 490 / LogL: -2332.168 / Time: 0h:0m:23s (0h:0m:0s left)
Optimizing NNI: done in 0.038005 secs using 792.6% CPU
Optimizing NNI: done in 0.0376099 secs using 782.1% CPU
Optimizing NNI: done in 0.0604978 secs using 795.9% CPU
Optimizing NNI: done in 0.0583478 secs using 798.5% CPU
Optimizing NNI: done in 0.0239202 secs using 791.6% CPU
Optimizing NNI: done in 0.0505307 secs using 800.5% CPU
Optimizing NNI: done in 0.0375929 secs using 799.6% CPU
Optimizing NNI: done in 0.0379524 secs using 796.8% CPU
Optimizing NNI: done in 0.0714057 secs using 793.9% CPU
Optimizing NNI: done in 0.0345545 secs using 802.4% CPU
Iteration 500 / LogL: -2332.163 / Time: 0h:0m:24s (0h:0m:0s left)
Log-likelihood cutoff on original alignment: -2360.915
NOTE: Bootstrap correlation coefficient of split occurrence frequencies: 0.987
NOTE: UFBoot does not converge, continue at least 100 more iterations
Optimizing NNI: done in 0.0252521 secs using 788.7% CPU
Optimizing NNI: done in 0.0512064 secs using 789.5% CPU
Optimizing NNI: done in 0.0379218 secs using 775.4% CPU
Optimizing NNI: done in 0.0715294 secs using 786.9% CPU
Optimizing NNI: done in 0.050933 secs using 797.1% CPU
Optimizing NNI: done in 0.0400706 secs using 790.2% CPU
Optimizing NNI: done in 0.0363354 secs using 808.8% CPU
Optimizing NNI: done in 0.0396653 secs using 769.7% CPU
Optimizing NNI: done in 0.0515393 secs using 781.7% CPU
Optimizing NNI: done in 0.0386116 secs using 794.4% CPU
Iteration 510 / LogL: -2332.165 / Time: 0h:0m:24s (0h:0m:4s left)
Optimizing NNI: done in 0.0598063 secs using 793.8% CPU
Optimizing NNI: done in 0.0385928 secs using 780.1% CPU
Optimizing NNI: done in 0.0351638 secs using 787.9% CPU
Optimizing NNI: done in 0.0249435 secs using 794.9% CPU
Optimizing NNI: done in 0.0490331 secs using 787.3% CPU
Optimizing NNI: done in 0.0253159 secs using 781.8% CPU
Optimizing NNI: done in 0.0473796 secs using 803.6% CPU
Optimizing NNI: done in 0.0381463 secs using 791% CPU
Optimizing NNI: done in 0.0471804 secs using 793.4% CPU
Optimizing NNI: done in 0.0797517 secs using 793.3% CPU
Iteration 520 / LogL: -2332.164 / Time: 0h:0m:25s (0h:0m:3s left)
Optimizing NNI: done in 0.0242329 secs using 785.4% CPU
Optimizing NNI: done in 0.0502446 secs using 806.3% CPU
Optimizing NNI: done in 0.035188 secs using 789.5% CPU
Optimizing NNI: done in 0.05113 secs using 794.3% CPU
Optimizing NNI: done in 0.0550341 secs using 792.1% CPU
Optimizing NNI: done in 0.0378296 secs using 794% CPU
Optimizing NNI: done in 0.0522952 secs using 788.4% CPU
Optimizing NNI: done in 0.0503802 secs using 784.6% CPU
Optimizing NNI: done in 0.0486665 secs using 798.6% CPU
Optimizing NNI: done in 0.0582739 secs using 791.9% CPU
Iteration 530 / LogL: -2332.167 / Time: 0h:0m:25s (0h:0m:3s left)
Optimizing NNI: done in 0.0372095 secs using 781.3% CPU
Optimizing NNI: done in 0.0508924 secs using 791.2% CPU
Optimizing NNI: done in 0.0505886 secs using 784% CPU
Optimizing NNI: done in 0.0244657 secs using 807.1% CPU
Optimizing NNI: done in 0.0366402 secs using 800.2% CPU
Optimizing NNI: done in 0.0369986 secs using 793.6% CPU
Optimizing NNI: done in 0.0378315 secs using 785.8% CPU
Optimizing NNI: done in 0.0604259 secs using 789.3% CPU
Optimizing NNI: done in 0.0259744 secs using 793.1% CPU
Optimizing NNI: done in 0.05025 secs using 788.7% CPU
Iteration 540 / LogL: -2332.163 / Time: 0h:0m:26s (0h:0m:2s left)
Optimizing NNI: done in 0.0248859 secs using 795.2% CPU
Optimizing NNI: done in 0.0370648 secs using 794.8% CPU
Optimizing NNI: done in 0.0631421 secs using 794.4% CPU
Optimizing NNI: done in 0.0492115 secs using 791% CPU
Optimizing NNI: done in 0.0498218 secs using 796.2% CPU
Optimizing NNI: done in 0.0599629 secs using 795.8% CPU
Optimizing NNI: done in 0.0524202 secs using 800.2% CPU
Optimizing NNI: done in 0.0491732 secs using 788.3% CPU
Optimizing NNI: done in 0.0491548 secs using 788.9% CPU
Optimizing NNI: done in 0.0392972 secs using 801.2% CPU
Iteration 550 / LogL: -2332.168 / Time: 0h:0m:26s (0h:0m:2s left)
Log-likelihood cutoff on original alignment: -2360.161
Optimizing NNI: done in 0.0194746 secs using 814.2% CPU
Optimizing NNI: done in 0.0583437 secs using 793.2% CPU
Optimizing NNI: done in 0.0484124 secs using 798.3% CPU
Optimizing NNI: done in 0.0640503 secs using 788.4% CPU
Optimizing NNI: done in 0.0497956 secs using 783.2% CPU
Optimizing NNI: done in 0.0607258 secs using 796% CPU
Optimizing NNI: done in 0.038809 secs using 783.3% CPU
Optimizing NNI: done in 0.0386055 secs using 785% CPU
Optimizing NNI: done in 0.0387677 secs using 797.5% CPU
Optimizing NNI: done in 0.0588085 secs using 792.8% CPU
Iteration 560 / LogL: -2332.163 / Time: 0h:0m:27s (0h:0m:1s left)
Optimizing NNI: done in 0.0412418 secs using 799.5% CPU
Optimizing NNI: done in 0.0612914 secs using 785.4% CPU
Optimizing NNI: done in 0.0352698 secs using 781.4% CPU
Optimizing NNI: done in 0.0640652 secs using 792% CPU
Optimizing NNI: done in 0.05004 secs using 792.3% CPU
Optimizing NNI: done in 0.0613074 secs using 781.5% CPU
Optimizing NNI: done in 0.0370494 secs using 786.9% CPU
Optimizing NNI: done in 0.0374453 secs using 782.3% CPU
Optimizing NNI: done in 0.084127 secs using 789.5% CPU
Optimizing NNI: done in 0.0707163 secs using 791.6% CPU
Iteration 570 / LogL: -2332.163 / Time: 0h:0m:27s (0h:0m:1s left)
Optimizing NNI: done in 0.0390989 secs using 791.2% CPU
Optimizing NNI: done in 0.0508264 secs using 789.8% CPU
Optimizing NNI: done in 0.0497388 secs using 785.4% CPU
Optimizing NNI: done in 0.037426 secs using 788.1% CPU
Optimizing NNI: done in 0.037984 secs using 796.2% CPU
Optimizing NNI: done in 0.0602383 secs using 785.4% CPU
Optimizing NNI: done in 0.0539425 secs using 785.6% CPU
Optimizing NNI: done in 0.0383375 secs using 794.3% CPU
Optimizing NNI: done in 0.0506357 secs using 793.1% CPU
Optimizing NNI: done in 0.0381277 secs using 799.5% CPU
Iteration 580 / LogL: -2342.732 / Time: 0h:0m:28s (0h:0m:0s left)
Optimizing NNI: done in 0.0387753 secs using 789.9% CPU
Optimizing NNI: done in 0.038348 secs using 788.8% CPU
Optimizing NNI: done in 0.0239007 secs using 791.4% CPU
Optimizing NNI: done in 0.059964 secs using 788.1% CPU
Optimizing NNI: done in 0.0579743 secs using 789.1% CPU
Optimizing NNI: done in 0.0471841 secs using 786.6% CPU
Optimizing NNI: done in 0.0515792 secs using 777.9% CPU
Optimizing NNI: done in 0.03765 secs using 781.7% CPU
Optimizing NNI: done in 0.0793802 secs using 786.7% CPU
Optimizing NNI: done in 0.050269 secs using 782.7% CPU
Iteration 590 / LogL: -2335.173 / Time: 0h:0m:29s (0h:0m:0s left)
Optimizing NNI: done in 0.0384479 secs using 777.9% CPU
Optimizing NNI: done in 0.054651 secs using 798% CPU
Optimizing NNI: done in 0.0267861 secs using 792.3% CPU
Optimizing NNI: done in 0.0507336 secs using 792.4% CPU
Optimizing NNI: done in 0.0381804 secs using 789.9% CPU
Optimizing NNI: done in 0.0310838 secs using 794.4% CPU
Optimizing NNI: done in 0.0478042 secs using 782.6% CPU
Optimizing NNI: done in 0.0503408 secs using 794.2% CPU
Optimizing NNI: done in 0.0513641 secs using 793% CPU
Optimizing NNI: done in 0.0369485 secs using 784% CPU
Iteration 600 / LogL: -2340.915 / Time: 0h:0m:29s (0h:0m:0s left)
Log-likelihood cutoff on original alignment: -2361.102
NOTE: Bootstrap correlation coefficient of split occurrence frequencies: 0.990
NOTE: UFBoot does not converge, continue at least 100 more iterations
Optimizing NNI: done in 0.0361561 secs using 782.2% CPU
Optimizing NNI: done in 0.0483014 secs using 792.3% CPU
Optimizing NNI: done in 0.0247668 secs using 796% CPU
Optimizing NNI: done in 0.0492128 secs using 784.2% CPU
Optimizing NNI: done in 0.0509279 secs using 790.5% CPU
Optimizing NNI: done in 0.0381227 secs using 788.7% CPU
Optimizing NNI: done in 0.0514442 secs using 787.9% CPU
Optimizing NNI: done in 0.0376338 secs using 793.1% CPU
Optimizing NNI: done in 0.0202135 secs using 783.5% CPU
Optimizing NNI: done in 0.0481691 secs using 792.9% CPU
Iteration 610 / LogL: -2332.164 / Time: 0h:0m:30s (0h:0m:4s left)
Optimizing NNI: done in 0.0329763 secs using 793.3% CPU
Optimizing NNI: done in 0.0379046 secs using 787.7% CPU
Optimizing NNI: done in 0.0753593 secs using 787.2% CPU
Optimizing NNI: done in 0.0386698 secs using 790.5% CPU
Optimizing NNI: done in 0.0622747 secs using 789.3% CPU
Optimizing NNI: done in 0.0380185 secs using 784.8% CPU
Optimizing NNI: done in 0.0518112 secs using 786% CPU
Optimizing NNI: done in 0.0915292 secs using 793.8% CPU
Optimizing NNI: done in 0.066908 secs using 781.2% CPU
Optimizing NNI: done in 0.0622336 secs using 790.7% CPU
Iteration 620 / LogL: -2332.164 / Time: 0h:0m:30s (0h:0m:3s left)
Optimizing NNI: done in 0.0245501 secs using 764.2% CPU
Optimizing NNI: done in 0.0361946 secs using 797% CPU
Optimizing NNI: done in 0.0365679 secs using 792.7% CPU
Optimizing NNI: done in 0.0371 secs using 788% CPU
Optimizing NNI: done in 0.0478041 secs using 795.6% CPU
Optimizing NNI: done in 0.0701848 secs using 789.4% CPU
Optimizing NNI: done in 0.039904 secs using 784.4% CPU
Optimizing NNI: done in 0.0489181 secs using 790.4% CPU
Optimizing NNI: done in 0.0257175 secs using 798.3% CPU
Optimizing NNI: done in 0.0223648 secs using 772.9% CPU
Iteration 630 / LogL: -2350.871 / Time: 0h:0m:31s (0h:0m:3s left)
Optimizing NNI: done in 0.0646657 secs using 790.1% CPU
Optimizing NNI: done in 0.0507457 secs using 779.4% CPU
Optimizing NNI: done in 0.0441712 secs using 795.8% CPU
Optimizing NNI: done in 0.0463653 secs using 785.7% CPU
Optimizing NNI: done in 0.0251326 secs using 779.6% CPU
Optimizing NNI: done in 0.0475491 secs using 792.2% CPU
Optimizing NNI: done in 0.0372587 secs using 790.3% CPU
Optimizing NNI: done in 0.0381264 secs using 790.6% CPU
Optimizing NNI: done in 0.0362963 secs using 785.4% CPU
Optimizing NNI: done in 0.0384459 secs using 792.9% CPU
Iteration 640 / LogL: -2340.914 / Time: 0h:0m:31s (0h:0m:2s left)
Optimizing NNI: done in 0.037392 secs using 783.1% CPU
Optimizing NNI: done in 0.0375478 secs using 795.7% CPU
Optimizing NNI: done in 0.0504501 secs using 787.9% CPU
Optimizing NNI: done in 0.024828 secs using 784.6% CPU
Optimizing NNI: done in 0.0517621 secs using 793.1% CPU
Optimizing NNI: done in 0.037702 secs using 783.3% CPU
Optimizing NNI: done in 0.0378914 secs using 786% CPU
Optimizing NNI: done in 0.0497547 secs using 791.1% CPU
Optimizing NNI: done in 0.0486723 secs using 795.2% CPU
Optimizing NNI: done in 0.0628936 secs using 781.4% CPU
Iteration 650 / LogL: -2332.164 / Time: 0h:0m:32s (0h:0m:2s left)
Log-likelihood cutoff on original alignment: -2361.102
Optimizing NNI: done in 0.0496534 secs using 796.3% CPU
Optimizing NNI: done in 0.0499827 secs using 785.5% CPU
Optimizing NNI: done in 0.0651908 secs using 788.2% CPU
Optimizing NNI: done in 0.0357148 secs using 792.2% CPU
Optimizing NNI: done in 0.037207 secs using 801.9% CPU
Optimizing NNI: done in 0.0370436 secs using 793.1% CPU
Optimizing NNI: done in 0.0384566 secs using 792.7% CPU
Optimizing NNI: done in 0.0357304 secs using 790.2% CPU
Optimizing NNI: done in 0.0498739 secs using 788% CPU
Optimizing NNI: done in 0.0481698 secs using 793.4% CPU
Iteration 660 / LogL: -2335.172 / Time: 0h:0m:32s (0h:0m:1s left)
Optimizing NNI: done in 0.0620428 secs using 785.6% CPU
Optimizing NNI: done in 0.0323165 secs using 792.8% CPU
Optimizing NNI: done in 0.0461002 secs using 789.1% CPU
Optimizing NNI: done in 0.0608349 secs using 776.2% CPU
Optimizing NNI: done in 0.0508552 secs using 789.9% CPU
Optimizing NNI: done in 0.0119824 secs using 785% CPU
Optimizing NNI: done in 0.0242203 secs using 785.2% CPU
Optimizing NNI: done in 0.0519388 secs using 792.5% CPU
Optimizing NNI: done in 0.0476095 secs using 789.8% CPU
Optimizing NNI: done in 0.0237896 secs using 774.7% CPU
Iteration 670 / LogL: -2335.357 / Time: 0h:0m:33s (0h:0m:1s left)
Optimizing NNI: done in 0.0503731 secs using 784.8% CPU
Optimizing NNI: done in 0.0469792 secs using 777.2% CPU
Optimizing NNI: done in 0.0627628 secs using 796.1% CPU
Optimizing NNI: done in 0.0203708 secs using 775.4% CPU
Optimizing NNI: done in 0.0476244 secs using 798.6% CPU
Optimizing NNI: done in 0.0665039 secs using 783.7% CPU
Optimizing NNI: done in 0.0371327 secs using 790.5% CPU
Optimizing NNI: done in 0.0369974 secs using 783.3% CPU
Optimizing NNI: done in 0.0379277 secs using 789.2% CPU
Optimizing NNI: done in 0.0375682 secs using 798.7% CPU
Iteration 680 / LogL: -2342.733 / Time: 0h:0m:33s (0h:0m:0s left)
Optimizing NNI: done in 0.0610592 secs using 788.9% CPU
Optimizing NNI: done in 0.0486669 secs using 776% CPU
Optimizing NNI: done in 0.0378441 secs using 798.8% CPU
Optimizing NNI: done in 0.0514868 secs using 784.6% CPU
Optimizing NNI: done in 0.049447 secs using 790% CPU
Optimizing NNI: done in 0.0372758 secs using 790.8% CPU
Optimizing NNI: done in 0.0446892 secs using 799.9% CPU
Optimizing NNI: done in 0.077334 secs using 783.7% CPU
Optimizing NNI: done in 0.0715073 secs using 784.1% CPU
Optimizing NNI: done in 0.073104 secs using 787.1% CPU
Iteration 690 / LogL: -2332.164 / Time: 0h:0m:34s (0h:0m:0s left)
Optimizing NNI: done in 0.0373639 secs using 794% CPU
Optimizing NNI: done in 0.0745599 secs using 793% CPU
Optimizing NNI: done in 0.0573612 secs using 799% CPU
Optimizing NNI: done in 0.0248046 secs using 795.9% CPU
Optimizing NNI: done in 0.0481443 secs using 781.3% CPU
Optimizing NNI: done in 0.0378772 secs using 789.3% CPU
Optimizing NNI: done in 0.0603252 secs using 792.1% CPU
Optimizing NNI: done in 0.049703 secs using 784.6% CPU
Optimizing NNI: done in 0.0381321 secs using 791.6% CPU
Optimizing NNI: done in 0.0369186 secs using 788.1% CPU
Iteration 700 / LogL: -2345.576 / Time: 0h:0m:34s (0h:0m:0s left)
Log-likelihood cutoff on original alignment: -2361.721
NOTE: Bootstrap correlation coefficient of split occurrence frequencies: 0.993
TREE SEARCH COMPLETED AFTER 700 ITERATIONS / Time: 0h:0m:34s

--------------------------------------------------------------------
|                    FINALIZING TREE SEARCH                        |
--------------------------------------------------------------------
Performs final model parameters optimization
Estimate model parameters (epsilon = 0.010)
1. Initial log-likelihood: -2332.161
Optimal log-likelihood: -2332.161
Gamma shape alpha: 0.324
Parameters optimization took 1 rounds (0.009 sec)
BEST SCORE FOUND : -2332.161
Creating bootstrap support values...
Split supports printed to NEXUS file results/per_year_clustered/H1N1/trees/H1N1_2011_with_designs.splits.nex
Total tree length: 0.152

Total number of iterations: 700
CPU time used for tree search: 272.477 sec (0h:4m:32s)
Wall-clock time used for tree search: 34.810 sec (0h:0m:34s)
Total CPU time used: 273.114 sec (0h:4m:33s)
Total wall-clock time used: 34.954 sec (0h:0m:34s)

Computing bootstrap consensus tree...
Reading input file results/per_year_clustered/H1N1/trees/H1N1_2011_with_designs.splits.nex...
23 taxa and 342 splits.
Consensus tree written to results/per_year_clustered/H1N1/trees/H1N1_2011_with_designs.contree
Reading input trees file results/per_year_clustered/H1N1/trees/H1N1_2011_with_designs.contree
Log-likelihood of consensus tree: -2332.177

Analysis results written to: 
  IQ-TREE report:                results/per_year_clustered/H1N1/trees/H1N1_2011_with_designs.iqtree
  Maximum-likelihood tree:       results/per_year_clustered/H1N1/trees/H1N1_2011_with_designs.treefile
  Likelihood distances:          results/per_year_clustered/H1N1/trees/H1N1_2011_with_designs.mldist

Ultrafast bootstrap approximation results written to:
  Split support values:          results/per_year_clustered/H1N1/trees/H1N1_2011_with_designs.splits.nex
  Consensus tree:                results/per_year_clustered/H1N1/trees/H1N1_2011_with_designs.contree
  Screen log file:               results/per_year_clustered/H1N1/trees/H1N1_2011_with_designs.log

Date and Time: Sat Nov 22 10:54:55 2025
