IQ-TREE version 3.0.1 for Linux x86 64-bit built Jul  9 2025
Developed by Bui Quang Minh, Thomas Wong, Nhan Ly-Trong, Huaiyan Ren
Contributed by Lam-Tung Nguyen, Dominik Schrempf, Chris Bielow,
Olga Chernomor, Michael Woodhams, Diep Thi Hoang, Heiko Schmidt

Host:    rtis-hpc-r09.uod.otago.ac.nz (AVX2, FMA3, 1006 GB RAM)
Command: iqtree -s results/per_year_clustered/H1N1/alignments/H1N1_2023_aligned.fasta -m LG+G4 -te results/per_year_clustered/H1N1/trees/H1N1_2023.treefile -asr -pre results/per_year_clustered/H1N1/trees/H1N1_2023_asr -redo -quiet
Seed:    905749 (Using SPRNG - Scalable Parallel Random Number Generator)
Time:    Sat Nov 22 11:00:09 2025
Kernel:  AVX+FMA - 1 threads (8 CPU cores detected)

HINT: Use -nt option to specify number of threads because your CPU has 8 cores!
HINT: -nt AUTO will automatically determine the best number of threads to use.

Reading alignment file results/per_year_clustered/H1N1/alignments/H1N1_2023_aligned.fasta ... Fasta format detected
Reading fasta file: done in 0.000721802 secs using 83.68% CPU
Alignment most likely contains protein sequences
Constructing alignment: done in 0.000409046 secs using 99.01% CPU
Alignment has 86 sequences with 567 columns, 222 distinct patterns
83 parsimony-informative, 110 singleton sites, 374 constant sites
                                                                                   Gap/Ambiguity  Composition  p-value
Analyzing sequences: done in 3.44741e-05 secs using 98.62% CPU
   1  EPI2759303|HA|A/Malaysia/TIDREC_KJA-AUFI030/2023|EPI_ISL_18317772|A_/_H1N1           0.18%    passed    100.00%
   2  EPI2903666|HA|A/Jeonbuk/2476/2023|EPI_ISL_18744092|A_/_H1N1                          0.18%    passed    100.00%
   3  EPI2903668|HA|A/Jeonnam/2178/2023|EPI_ISL_18744093|A_/_H1N1                          0.18%    passed    100.00%
   4  EPI2903642|HA|A/Gyeonggi/2000/2023|EPI_ISL_18744080|A_/_H1N1                         0.18%    passed    100.00%
   5  EPI2903624|HA|A/Chungbuk/2333/2023|EPI_ISL_18744071|A_/_H1N1                         0.18%    passed    100.00%
   6  EPI2539500|HA|A/Surat_Thani/P578/2023|EPI_ISL_17597837|A_/_H1N1                      0.18%    passed    100.00%
   7  EPI2539436|HA|A/Chiang_Rai/P912/2023|EPI_ISL_17597829|A_/_H1N1                       0.18%    passed    100.00%
   8  EPI2904109|HA|A/Laos/F4161/2023|EPI_ISL_18744505|A_/_H1N1                            0.18%    passed    100.00%
   9  EPI2759833|HA|A/Chiang_Rai/P3815/2023|EPI_ISL_18320338|A_/_H1N1                      0.18%    passed    100.00%
  10  EPI2678866|HA|A/Laos/1952/2023|EPI_ISL_18091923|A_/_H1N1                             0.18%    passed    100.00%
  11  EPI2881986|HA|A/Oman/CPHL_7236077/2023|EPI_ISL_18716431|A_/_H1N1                     0.18%    passed    100.00%
  12  EPI3633772|HA|A/Laos/00819-1959/2023|EPI_ISL_19536574|A_/_H1N1                       0.18%    passed    100.00%
  13  EPI3194850|HA|A/SHIGA/62/2023|EPI_ISL_19045754|A_/_H1N1                              0.18%    passed    100.00%
  14  EPI3194858|HA|A/CHIBA/162/2023|EPI_ISL_19045755|A_/_H1N1                             0.18%    passed    100.00%
  15  EPI2468145|HA|A/TOKYO/SH01/2023|EPI_ISL_17244640|A_/_H1N1                            0.18%    passed    100.00%
  16  EPI2734565|HA|A/Myanmar/I036/2023|EPI_ISL_18231482|A_/_H1N1                          0.18%    passed    100.00%
  17  EPI2735199|HA|A/Gwangju/983/2023|EPI_ISL_18231896|A_/_H1N1                           0.18%    passed    100.00%
  18  EPI2868817|HA|A/HIROSHIMA/135/2023|EPI_ISL_18692906|A_/_H1N1                         0.18%    passed    100.00%
  19  EPI2963804|HA|A/Singapore/GP13329/2023|EPI_ISL_18831313|A_/_H1N1                     0.18%    passed    100.00%
  20  EPI2963298|HA|A/Singapore/KK1647/2023|EPI_ISL_18831069|A_/_H1N1                      0.18%    passed    100.00%
  21  EPI2793243|HA|A/Daejeon/1531/2023|EPI_ISL_18506252|A_/_H1N1                          0.18%    passed    100.00%
  22  EPI2793213|HA|A/Seoul/1471/2023|EPI_ISL_18506241|A_/_H1N1                            0.18%    passed    100.00%
  23  EPI2801009|HA|A/Chanthaburi/P4630/2023|EPI_ISL_18540016|A_/_H1N1                     0.18%    passed    100.00%
  24  EPI3181903|HA|A/ABUDHABI/UAE/0015142/2023|EPI_ISL_19031922|A_/_H1N1                  0.18%    passed    100.00%
  25  EPI3181242|HA|A/ABUDHABI/UAE/0000700/2023|EPI_ISL_19031591|A_/_H1N1                  0.18%    passed    100.00%
  26  EPI3226378|HA|A/Malaysia/IMR-RM509/2023|EPI_ISL_19065702|A_/_H1N1                    0.18%    passed    100.00%
  27  EPI2744125|HA|A/Ranong/P3102/2023|EPI_ISL_18246518|A_/_H1N1                          0.18%    passed    100.00%
  28  EPI3782201|HA|A/ABUDHABI/UAE/0015717/2023|EPI_ISL_19659360|A_/_H1N1                  0.18%    passed    100.00%
  29  EPI3782249|HA|A/ABUDHABI/UAE/0012892/2023|EPI_ISL_19659366|A_/_H1N1                  0.18%    passed    100.00%
  30  EPI3782084|HA|A/ABUDHABI/UAE/0014071/2023|EPI_ISL_19659345|A_/_H1N1                  0.18%    passed    100.00%
  31  EPI3782620|HA|A/ABUDHABI/UAE/0017196/2023|EPI_ISL_19660010|A_/_H1N1                  0.18%    passed    100.00%
  32  EPI2920493|HA|A/Galicia/21452225735/2023|EPI_ISL_18776508|A_/_H1N1                   0.18%    passed    100.00%
  33  EPI3080538|HA|A/CastillaLaMancha/240417/2023|EPI_ISL_18942797|A_/_H1N1               0.18%    passed    100.00%
  34  EPI2794765|HA|A/England/233240349/2023|EPI_ISL_18516493|A_/_H1N1                     0.18%    passed    100.00%
  35  EPI2398662|HA|A/Baleares/74/2023|EPI_ISL_16913871|A_/_H1N1                           0.18%    passed    100.00%
  36  EPI3447272|HA|A/Galicia/SCQ/318602/2023|EPI_ISL_19273341|A_/_H1N1                    0.18%    passed    100.00%
  37  EPI3447240|HA|A/Galicia/SCQ/306480/2023|EPI_ISL_19273337|A_/_H1N1                    0.18%    passed    100.00%
  38  EPI2923381|HA|A/Catalonia/NSAV198289092/2023|EPI_ISL_18782577|A_/_H1N1               0.18%    passed     99.99%
  39  EPI3193642|HA|A/Galicia/SCQ/295786/2023|EPI_ISL_19044478|A_/_H1N1                    0.18%    passed    100.00%
  40  EPI2842726|HA|A/Catalonia/NSVH199826468/2023|EPI_ISL_18652098|A_/_H1N1               0.18%    passed    100.00%
  41  EPI2519991|HA|A/CastillaLaMancha/793/2023|EPI_ISL_17505815|A_/_H1N1                  0.18%    passed    100.00%
  42  EPI3112926|HA|A/Madrid/HRYC-12994000/2023|EPI_ISL_18980523|A_/_H1N1                  0.00%    passed    100.00%
  43  EPI2520231|HA|A/Ceuta/808/2023|EPI_ISL_17506002|A_/_H1N1                             0.18%    passed    100.00%
  44  EPI2924196|HA|A/Navarra/2321/2023|EPI_ISL_18784477|A_/_H1N1                          0.18%    passed    100.00%
  45  EPI3012555|HA|A/Baleares/2563/2023|EPI_ISL_18884818|A_/_H1N1                         0.18%    passed    100.00%
  46  EPI3028603|HA|A/England/240200277/2023|EPI_ISL_18891570|A_/_H1N1                     0.18%    passed    100.00%
  47  EPI2361784|HA|A/Catalonia/NSVH198265699/2023|EPI_ISL_16830774|A_/_H1N1               0.18%    passed    100.00%
  48  EPI2471811|HA|A/Catalonia/NSAV198266241/2023|EPI_ISL_17256930|A_/_H1N1               0.18%    passed    100.00%
  49  EPI3325914|HA|A/Andalucia/241428/2023|EPI_ISL_19159170|A_/_H1N1                      0.18%    passed    100.00%
  50  EPI3104691|HA|A/Madrid/HRYC-72348131/2023|EPI_ISL_18963453|A_/_H1N1                  0.00%    passed    100.00%
  51  EPI2441094|HA|A/Ceuta/350/2023|EPI_ISL_17095757|A_/_H1N1                             0.18%    passed    100.00%
  52  EPI2495773|HA|A/Sweden/10/2023|EPI_ISL_17360195|A_/_H1N1                             0.18%    passed    100.00%
  53  EPI3276801|HA|A/Madrid/92324193656/2023|EPI_ISL_19131155|A_/_H1N1                    0.18%    passed    100.00%
  54  EPI3276651|HA|A/Madrid/1392324178654/2023|EPI_ISL_19131081|A_/_H1N1                  0.18%    passed    100.00%
  55  EPI2616592|HA|A/Victoria/201/2023|EPI_ISL_17973504|A_/_H1N1                          0.18%    passed    100.00%
  56  EPI2611498|HA|A/Wellington/04/2023|EPI_ISL_17957628|A_/_H1N1                         0.18%    passed    100.00%
  57  EPI3006721|HA|A/Darwin/506/2023|EPI_ISL_18876502|A_/_H1N1                            0.18%    passed    100.00%
  58  EPI2790264|HA|A/Perth/407/2023|EPI_ISL_18485039|A_/_H1N1                             0.18%    passed    100.00%
  59  EPI2789956|HA|A/Victoria/2676/2023|EPI_ISL_18484927|A_/_H1N1                         0.18%    passed    100.00%
  60  EPI2790045|HA|A/Perth/457/2023|EPI_ISL_18484957|A_/_H1N1                             0.18%    passed    100.00%
  61  EPI2861187|HA|A/Victoria/3021/2023|EPI_ISL_18666914|A_/_H1N1                         0.18%    passed    100.00%
  62  EPI2698680|HA|A/Sydney/654/2023|EPI_ISL_18127007|A_/_H1N1                            0.18%    passed    100.00%
  63  EPI2698780|HA|A/Brisbane/312/2023|EPI_ISL_18127041|A_/_H1N1                          0.18%    passed    100.00%
  64  EPI2737819|HA|A/Victoria/2211/2023|EPI_ISL_18242313|A_/_H1N1                         0.18%    passed    100.00%
  65  EPI2976788|HA|A/Tasmania/410/2023|EPI_ISL_18852949|A_/_H1N1                          0.18%    passed    100.00%
  66  EPI2507974|HA|A/Tuvalu/GX23057/2023|EPI_ISL_17445386|A_/_H1N1                        0.18%    passed    100.00%
  67  EPI2585385|HA|A/Darwin/53/2023|EPI_ISL_17775034|A_/_H1N1                             0.18%    passed    100.00%
  68  EPI3237019|HA|A/Los_Angeles_County/LACPHL-INF00095/2023|EPI_ISL_19075445|A_/_H1N1    2.82%    passed    100.00%
  69  EPI3237152|HA|A/Los_Angeles_County/LACPHL-INF00281/2023|EPI_ISL_19075469|A_/_H1N1    0.18%    passed    100.00%
  70  EPI3384396|HA|A/Michigan/UM-CL23-590632/2023|EPI_ISL_19207651|A_/_H1N1               0.18%    passed    100.00%
  71  EPI2571848|HA|A/California/52/2023|EPI_ISL_17699946|A_/_H1N1                         0.18%    passed    100.00%
  72  EPI2462648|HA|A/Colorado/18/2023|EPI_ISL_17212543|A_/_H1N1                           0.18%    passed    100.00%
  73  EPI2973211|HA|A/Michigan/UM-10054980807/2023|EPI_ISL_18851737|A_/_H1N1               0.18%    passed    100.00%
  74  EPI2884350|HA|A/Georgia/14276/2023|EPI_ISL_18720458|A_/_H1N1                         0.18%    passed    100.00%
  75  EPI3997304|HA|A/Massachusetts/BI_GH-16154/2023|EPI_ISL_19741029|A_/_H1N1             0.18%    passed    100.00%
  76  EPI3997728|HA|A/Massachusetts/BI_GH-16498/2023|EPI_ISL_19741082|A_/_H1N1             0.18%    passed    100.00%
  77  EPI3121571|HA|A/Minnesota/ISC-1076/2023|EPI_ISL_18988543|A_/_H1N1                    0.18%    passed    100.00%
  78  EPI2911885|HA|A/Michigan/UM-G43Q95P5/2023|EPI_ISL_18759340|A_/_H1N1                  0.18%    passed    100.00%
  79  EPI3094240|HA|A/Colorado/108/2023|EPI_ISL_18957378|A_/_H1N1                          0.18%    passed    100.00%
  80  EPI2457310|HA|A/Nebraska/14113/2023|EPI_ISL_17189229|A_/_H1N1                        0.18%    passed    100.00%
  81  EPI2994104|HA|A/Delaware/87/2023|EPI_ISL_18862842|A_/_H1N1                           0.18%    passed    100.00%
  82  EPI3065029|HA|A/Arizona/ASU106685/2023|EPI_ISL_18930215|A_/_H1N1                     0.18%    passed    100.00%
  83  EPI2895698|HA|A/Michigan/UM-10054114004/2023|EPI_ISL_18737779|A_/_H1N1               0.18%    passed    100.00%
  84  EPI2895818|HA|A/Michigan/UM-L372229748/2023|EPI_ISL_18737804|A_/_H1N1                0.18%    passed    100.00%
  85  EPI2999074|HA|A/Michigan/UM-L371630545/2023|EPI_ISL_18868902|A_/_H1N1                0.18%    passed    100.00%
  86  EPI2448256|HA|A/Massachusetts/17/2023|EPI_ISL_17102872|A_/_H1N1                      0.18%    passed    100.00%
****  TOTAL                                                                                0.20%  0 sequences failed composition chi2 test (p-value<5%; df=19)
Reading input tree file results/per_year_clustered/H1N1/trees/H1N1_2023.treefile ...

NOTE: 12 MB RAM (0 GB) is required!
Estimate model parameters (epsilon = 0.010)
1. Initial log-likelihood: -4476.333
2. Current log-likelihood: -4464.948
3. Current log-likelihood: -4464.839
Optimal log-likelihood: -4464.838
Gamma shape alpha: 0.439
Parameters optimization took 3 rounds (0.638 sec)
Wrote distance file to... 
BEST SCORE FOUND : -4464.838
Ancestral state probabilities printed to results/per_year_clustered/H1N1/trees/H1N1_2023_asr.state
Total tree length: 0.684

Total number of iterations: 0
CPU time used for tree search: 0.000 sec (0h:0m:0s)
Wall-clock time used for tree search: 0.000 sec (0h:0m:0s)
Total CPU time used: 0.954 sec (0h:0m:0s)
Total wall-clock time used: 1.051 sec (0h:0m:1s)

Analysis results written to: 
  IQ-TREE report:                results/per_year_clustered/H1N1/trees/H1N1_2023_asr.iqtree
  Maximum-likelihood tree:       results/per_year_clustered/H1N1/trees/H1N1_2023_asr.treefile
  Ancestral state:               results/per_year_clustered/H1N1/trees/H1N1_2023_asr.state
  Screen log file:               results/per_year_clustered/H1N1/trees/H1N1_2023_asr.log

Date and Time: Sat Nov 22 11:00:10 2025
