IQ-TREE version 3.0.1 for Linux x86 64-bit built Jul  9 2025
Developed by Bui Quang Minh, Thomas Wong, Nhan Ly-Trong, Huaiyan Ren
Contributed by Lam-Tung Nguyen, Dominik Schrempf, Chris Bielow,
Olga Chernomor, Michael Woodhams, Diep Thi Hoang, Heiko Schmidt

Host:    aoraki-login.otago.ac.nz (AVX2, FMA3, 1007 GB RAM)
Command: iqtree -s results/per_year_clustered/H1N1/alignments/H1N1_2020_aligned.fasta -m LG+G4 -bb 1000 -nt 16 -pre results/per_year_clustered/H1N1/trees/H1N1_2020 -redo -quiet
Seed:    651686 (Using SPRNG - Scalable Parallel Random Number Generator)
Time:    Thu Nov 20 17:01:42 2025
Kernel:  AVX+FMA - 16 threads (128 CPU cores detected)

Reading alignment file results/per_year_clustered/H1N1/alignments/H1N1_2020_aligned.fasta ... Fasta format detected
Reading fasta file: done in 0.000156182 secs using 66.59% CPU
Alignment most likely contains protein sequences
Constructing alignment: done in 0.000299701 secs using 3844% CPU
Alignment has 16 sequences with 566 columns, 96 distinct patterns
25 parsimony-informative, 51 singleton sites, 490 constant sites
                                                                  Gap/Ambiguity  Composition  p-value
Analyzing sequences: done in 2.97362e-05 secs using 80.71% CPU
   1  EPI1885077|HA|A/Dubai/DH112/2020|EPI_ISL_3376994|A_/_H1N1           0.00%    passed    100.00%
   2  EPI2248017|HA|A/Yamaguchi/19FS198/2020|EPI_ISL_16196752|A_/_H1N1    0.00%    passed    100.00%
   3  EPI1746185|HA|A/AKITA/15/2020|EPI_ISL_470819|A_/_H1N1               0.00%    passed    100.00%
   4  EPI2650460|HA|A/Saudi_Arabia/39/2020|EPI_ISL_18037990|A_/_H1N1      0.00%    passed    100.00%
   5  EPI2650473|HA|A/Saudi_Arabia/40/2020|EPI_ISL_18037993|A_/_H1N1      0.00%    passed    100.00%
   6  EPI1814766|HA|A/Beirut/AUB_1246_N/2020|EPI_ISL_671771|A_/_H1N1      0.00%    passed    100.00%
   7  EPI1852579|HA|A/Nonthaburi/76/2020|EPI_ISL_1296433|A_/_H1N1         0.00%    passed    100.00%
   8  EPI1852611|HA|A/Chiang_Rai/68/2020|EPI_ISL_1296437|A_/_H1N1         0.00%    passed    100.00%
   9  EPI1727956|HA|A/Sweden/17/2020|EPI_ISL_426280|A_/_H1N1              0.00%    passed    100.00%
  10  EPI1750234|HA|A/England/200420376/2020|EPI_ISL_480532|A_/_H1N1      0.00%    passed    100.00%
  11  EPI1754899|HA|A/England/46/2020|EPI_ISL_487070|A_/_H1N1             0.00%    passed    100.00%
  12  EPI1729001|HA|A/Arizona/11480/2020|EPI_ISL_427834|A_/_H1N1          0.00%    passed    100.00%
  13  EPI1717509|HA|A/Arkansas/15/2020|EPI_ISL_416874|A_/_H1N1            0.00%    passed    100.00%
  14  EPI1717697|HA|A/Mississippi/13/2020|EPI_ISL_416901|A_/_H1N1         0.00%    passed    100.00%
  15  EPI1870400|HA|A/Michigan/28/2020|EPI_ISL_2521404|A_/_H1N1           0.00%    passed    100.00%
  16  EPI1725366|HA|A/Maryland/17/2020|EPI_ISL_424687|A_/_H1N1            0.00%    passed    100.00%
****  TOTAL                                                               0.00%  0 sequences failed composition chi2 test (p-value<5%; df=19)
Checking for duplicate sequences: done in 2.8884e-05 secs using 83.09% CPU
Creating fast initial parsimony tree by random order stepwise addition...
0.009 seconds, parsimony score: 91 (based on 76 sites)
Generating 1000 samples for ultrafast bootstrap (seed: 651686)...
WARNING: 16 threads for alignment length 96 will slow down analysis

NOTE: 1 MB RAM (0 GB) is required!
WARNING: Number of threads seems too high for short alignments. Use -T AUTO to determine best number of threads.
Estimate model parameters (epsilon = 0.100)
1. Initial log-likelihood: -2379.108
2. Current log-likelihood: -2378.278
Optimal log-likelihood: -2378.276
Gamma shape alpha: 0.437
Parameters optimization took 2 rounds (0.027 sec)
Wrote distance file to... 
Computing ML distances based on estimated model parameters...
Calculating distance matrix: done in 0.00373854 secs using 1670% CPU
Computing ML distances took 0.003938 sec (of wall-clock time) 0.062649 sec (of CPU time)
Setting up auxiliary I and S matrices: done in 0.00139152 secs using 212.2% CPU
Constructing RapidNJ tree: done in 0.0185785 secs using 458.7% CPU
Computing RapidNJ tree took 0.020073 sec (of wall-clock time) 0.089370 sec (of CPU time)
Log-likelihood of RapidNJ tree: -2382.580
--------------------------------------------------------------------
|             INITIALIZING CANDIDATE TREE SET                      |
--------------------------------------------------------------------
Generating 98 parsimony trees... 0.020 second
Computing log-likelihood of 98 initial trees ... 0.518 seconds
Current best score: -2376.454

Do NNI search on 20 best initial trees
Optimizing NNI: done in 0.0338256 secs using 1204% CPU
Estimate model parameters (epsilon = 0.100)
BETTER TREE FOUND at iteration 1: -2376.454
Optimizing NNI: done in 0.0311475 secs using 1193% CPU
Optimizing NNI: done in 0.033222 secs using 1196% CPU
Optimizing NNI: done in 0.0309531 secs using 1202% CPU
Optimizing NNI: done in 0.0309768 secs using 1206% CPU
Optimizing NNI: done in 0.0303301 secs using 1240% CPU
Optimizing NNI: done in 0.0308221 secs using 1192% CPU
Optimizing NNI: done in 0.0325314 secs using 1203% CPU
Optimizing NNI: done in 0.0319847 secs using 1196% CPU
Optimizing NNI: done in 0.0323019 secs using 1202% CPU
Iteration 10 / LogL: -2376.454 / Time: 0h:0m:0s
Optimizing NNI: done in 0.0372065 secs using 1195% CPU
Optimizing NNI: done in 0.0359174 secs using 1196% CPU
Optimizing NNI: done in 0.0337675 secs using 1224% CPU
Optimizing NNI: done in 0.0385206 secs using 1230% CPU
Optimizing NNI: done in 0.0368048 secs using 1220% CPU
Optimizing NNI: done in 0.0393825 secs using 1167% CPU
Optimizing NNI: done in 0.0409711 secs using 1215% CPU
Optimizing NNI: done in 0.0390095 secs using 1184% CPU
Optimizing NNI: done in 0.0388376 secs using 1211% CPU
Optimizing NNI: done in 0.0379463 secs using 1228% CPU
Iteration 20 / LogL: -2376.643 / Time: 0h:0m:1s
Finish initializing candidate tree set (19)
Current best tree score: -2376.454 / CPU time: 1.282
Number of iterations: 20
--------------------------------------------------------------------
|               OPTIMIZING CANDIDATE TREE SET                      |
--------------------------------------------------------------------
Optimizing NNI: done in 0.0776095 secs using 1197% CPU
Optimizing NNI: done in 0.113795 secs using 1198% CPU
Optimizing NNI: done in 0.0759342 secs using 1197% CPU
Optimizing NNI: done in 0.082685 secs using 1197% CPU
Optimizing NNI: done in 0.126156 secs using 1200% CPU
Optimizing NNI: done in 0.193582 secs using 1197% CPU
Optimizing NNI: done in 0.0684745 secs using 1217% CPU
UPDATE BEST LOG-LIKELIHOOD: -2376.454
Optimizing NNI: done in 0.0544898 secs using 1182% CPU
Optimizing NNI: done in 0.156504 secs using 1196% CPU
Optimizing NNI: done in 0.114068 secs using 1204% CPU
Iteration 30 / LogL: -2376.644 / Time: 0h:0m:2s (0h:0m:6s left)
Optimizing NNI: done in 0.0677804 secs using 1198% CPU
Optimizing NNI: done in 0.196048 secs using 1199% CPU
Optimizing NNI: done in 0.0805096 secs using 1204% CPU
BETTER TREE FOUND at iteration 33: -2376.454
Optimizing NNI: done in 0.125715 secs using 1206% CPU
Optimizing NNI: done in 0.0725457 secs using 1174% CPU
UPDATE BEST LOG-LIKELIHOOD: -2376.454
Optimizing NNI: done in 0.148158 secs using 1195% CPU
Optimizing NNI: done in 0.116899 secs using 1204% CPU
Optimizing NNI: done in 0.152152 secs using 1199% CPU
Optimizing NNI: done in 0.0731635 secs using 1210% CPU
Optimizing NNI: done in 0.226354 secs using 1202% CPU
Iteration 40 / LogL: -2376.646 / Time: 0h:0m:3s (0h:0m:9s left)
Optimizing NNI: done in 0.155635 secs using 1206% CPU
Optimizing NNI: done in 0.144807 secs using 1196% CPU
Optimizing NNI: done in 0.0657471 secs using 1197% CPU
Optimizing NNI: done in 0.11958 secs using 1205% CPU
Optimizing NNI: done in 0.169489 secs using 1200% CPU
Optimizing NNI: done in 0.151892 secs using 1195% CPU
Optimizing NNI: done in 0.0794249 secs using 1199% CPU
Optimizing NNI: done in 0.0787027 secs using 1206% CPU
Optimizing NNI: done in 0.0714543 secs using 1199% CPU
Optimizing NNI: done in 0.116904 secs using 1195% CPU
Iteration 50 / LogL: -2376.455 / Time: 0h:0m:4s (0h:0m:8s left)
Log-likelihood cutoff on original alignment: -2396.272
Optimizing NNI: done in 0.110605 secs using 1203% CPU
Optimizing NNI: done in 0.114422 secs using 1193% CPU
Optimizing NNI: done in 0.166268 secs using 1200% CPU
Optimizing NNI: done in 0.0702502 secs using 1196% CPU
Optimizing NNI: done in 0.0372469 secs using 1177% CPU
Optimizing NNI: done in 0.111235 secs using 1214% CPU
Optimizing NNI: done in 0.196518 secs using 1199% CPU
Optimizing NNI: done in 0.101128 secs using 1196% CPU
Optimizing NNI: done in 0.0810457 secs using 1199% CPU
Optimizing NNI: done in 0.0693336 secs using 1201% CPU
Iteration 60 / LogL: -2376.454 / Time: 0h:0m:6s (0h:0m:7s left)
Optimizing NNI: done in 0.11789 secs using 1196% CPU
Optimizing NNI: done in 0.0724604 secs using 1187% CPU
Optimizing NNI: done in 0.166358 secs using 1206% CPU
Optimizing NNI: done in 0.15179 secs using 1204% CPU
Optimizing NNI: done in 0.0803301 secs using 1203% CPU
Optimizing NNI: done in 0.121932 secs using 1197% CPU
Optimizing NNI: done in 0.183916 secs using 1207% CPU
Optimizing NNI: done in 0.0753918 secs using 1203% CPU
Optimizing NNI: done in 0.157445 secs using 1201% CPU
Optimizing NNI: done in 0.0830125 secs using 1197% CPU
Iteration 70 / LogL: -2376.455 / Time: 0h:0m:7s (0h:0m:6s left)
Optimizing NNI: done in 0.070304 secs using 1173% CPU
Optimizing NNI: done in 0.108743 secs using 1200% CPU
Optimizing NNI: done in 0.174659 secs using 1192% CPU
Optimizing NNI: done in 0.115269 secs using 1199% CPU
Optimizing NNI: done in 0.100052 secs using 1193% CPU
Optimizing NNI: done in 0.174679 secs using 1197% CPU
Optimizing NNI: done in 0.112931 secs using 1202% CPU
Optimizing NNI: done in 0.100433 secs using 1207% CPU
Optimizing NNI: done in 0.074401 secs using 1195% CPU
Optimizing NNI: done in 0.0683927 secs using 1188% CPU
Iteration 80 / LogL: -2438.373 / Time: 0h:0m:8s (0h:0m:5s left)
Optimizing NNI: done in 0.184418 secs using 1204% CPU
Optimizing NNI: done in 0.123474 secs using 1200% CPU
Optimizing NNI: done in 0.0693346 secs using 1197% CPU
Optimizing NNI: done in 0.103505 secs using 1213% CPU
Optimizing NNI: done in 0.0808729 secs using 1197% CPU
Optimizing NNI: done in 0.17679 secs using 1203% CPU
Optimizing NNI: done in 0.10894 secs using 1203% CPU
Optimizing NNI: done in 0.107809 secs using 1203% CPU
Optimizing NNI: done in 0.107019 secs using 1208% CPU
Optimizing NNI: done in 0.106241 secs using 1198% CPU
Iteration 90 / LogL: -2376.643 / Time: 0h:0m:9s (0h:0m:4s left)
Optimizing NNI: done in 0.0978285 secs using 1205% CPU
Optimizing NNI: done in 0.144904 secs using 1199% CPU
Optimizing NNI: done in 0.10531 secs using 1206% CPU
Optimizing NNI: done in 0.148963 secs using 1202% CPU
Optimizing NNI: done in 0.0682476 secs using 1210% CPU
Optimizing NNI: done in 0.106986 secs using 1205% CPU
Optimizing NNI: done in 0.107095 secs using 1205% CPU
Optimizing NNI: done in 0.108886 secs using 1210% CPU
Optimizing NNI: done in 0.0675133 secs using 1209% CPU
Optimizing NNI: done in 0.095026 secs using 1194% CPU
Iteration 100 / LogL: -2376.456 / Time: 0h:0m:10s (0h:0m:3s left)
Log-likelihood cutoff on original alignment: -2396.742
NOTE: Bootstrap correlation coefficient of split occurrence frequencies: 0.974
NOTE: UFBoot does not converge, continue at least 100 more iterations
Optimizing NNI: done in 0.161035 secs using 1194% CPU
Optimizing NNI: done in 0.112967 secs using 1203% CPU
Optimizing NNI: done in 0.106115 secs using 1194% CPU
Optimizing NNI: done in 0.098364 secs using 1205% CPU
Optimizing NNI: done in 0.143211 secs using 1195% CPU
Optimizing NNI: done in 0.068498 secs using 1184% CPU
Optimizing NNI: done in 0.0748166 secs using 1204% CPU
Optimizing NNI: done in 0.0657439 secs using 1208% CPU
BETTER TREE FOUND at iteration 108: -2376.454
Optimizing NNI: done in 0.204116 secs using 1198% CPU
Optimizing NNI: done in 0.17866 secs using 1199% CPU
Iteration 110 / LogL: -2376.645 / Time: 0h:0m:12s (0h:0m:10s left)
Optimizing NNI: done in 0.0679875 secs using 1193% CPU
Optimizing NNI: done in 0.166375 secs using 1201% CPU
Optimizing NNI: done in 0.0924534 secs using 1200% CPU
Optimizing NNI: done in 0.102812 secs using 1206% CPU
Optimizing NNI: done in 0.0998926 secs using 1200% CPU
Optimizing NNI: done in 0.0648331 secs using 1198% CPU
Optimizing NNI: done in 0.155244 secs using 1207% CPU
Optimizing NNI: done in 0.176678 secs using 1201% CPU
Optimizing NNI: done in 0.0549141 secs using 1189% CPU
Optimizing NNI: done in 0.141383 secs using 1201% CPU
Iteration 120 / LogL: -2376.455 / Time: 0h:0m:13s (0h:0m:9s left)
Optimizing NNI: done in 0.143594 secs using 1210% CPU
Optimizing NNI: done in 0.0942061 secs using 1201% CPU
Optimizing NNI: done in 0.140177 secs using 1193% CPU
Optimizing NNI: done in 0.0885244 secs using 1202% CPU
Optimizing NNI: done in 0.137215 secs using 1205% CPU
Optimizing NNI: done in 0.106739 secs using 1181% CPU
Optimizing NNI: done in 0.103966 secs using 1203% CPU
Optimizing NNI: done in 0.146885 secs using 1198% CPU
Optimizing NNI: done in 0.0660518 secs using 1205% CPU
Optimizing NNI: done in 0.165697 secs using 1204% CPU
Iteration 130 / LogL: -2376.455 / Time: 0h:0m:14s (0h:0m:8s left)
Optimizing NNI: done in 0.148124 secs using 1197% CPU
Optimizing NNI: done in 0.0761437 secs using 1201% CPU
Optimizing NNI: done in 0.154861 secs using 1209% CPU
Optimizing NNI: done in 0.0903318 secs using 1197% CPU
Optimizing NNI: done in 0.100514 secs using 1192% CPU
Optimizing NNI: done in 0.0623688 secs using 1209% CPU
UPDATE BEST LOG-LIKELIHOOD: -2376.454
Optimizing NNI: done in 0.0734424 secs using 1217% CPU
Optimizing NNI: done in 0.144569 secs using 1203% CPU
Optimizing NNI: done in 0.13512 secs using 1204% CPU
Optimizing NNI: done in 0.0784357 secs using 1195% CPU
Iteration 140 / LogL: -2376.455 / Time: 0h:0m:15s (0h:0m:7s left)
Optimizing NNI: done in 0.103115 secs using 1191% CPU
Optimizing NNI: done in 0.108902 secs using 1209% CPU
Optimizing NNI: done in 0.0709864 secs using 1202% CPU
Optimizing NNI: done in 0.104104 secs using 1208% CPU
Optimizing NNI: done in 0.0707427 secs using 1186% CPU
Optimizing NNI: done in 0.139163 secs using 1194% CPU
Optimizing NNI: done in 0.10623 secs using 1200% CPU
Optimizing NNI: done in 0.163497 secs using 1202% CPU
Optimizing NNI: done in 0.142655 secs using 1204% CPU
Optimizing NNI: done in 0.034513 secs using 1220% CPU
Iteration 150 / LogL: -2376.454 / Time: 0h:0m:16s (0h:0m:6s left)
Log-likelihood cutoff on original alignment: -2396.742
Optimizing NNI: done in 0.0715078 secs using 1183% CPU
Optimizing NNI: done in 0.144768 secs using 1201% CPU
Optimizing NNI: done in 0.106268 secs using 1195% CPU
Optimizing NNI: done in 0.13934 secs using 1199% CPU
Optimizing NNI: done in 0.109934 secs using 1199% CPU
Optimizing NNI: done in 0.167801 secs using 1202% CPU
Optimizing NNI: done in 0.147083 secs using 1198% CPU
Optimizing NNI: done in 0.109079 secs using 1204% CPU
Optimizing NNI: done in 0.0741582 secs using 1200% CPU
Optimizing NNI: done in 0.175756 secs using 1198% CPU
Iteration 160 / LogL: -2376.645 / Time: 0h:0m:17s (0h:0m:5s left)
Optimizing NNI: done in 0.034468 secs using 1187% CPU
Optimizing NNI: done in 0.0715783 secs using 1188% CPU
Optimizing NNI: done in 0.10628 secs using 1198% CPU
Optimizing NNI: done in 0.107399 secs using 1204% CPU
Optimizing NNI: done in 0.110491 secs using 1202% CPU
Optimizing NNI: done in 0.148066 secs using 1207% CPU
Optimizing NNI: done in 0.0728553 secs using 1221% CPU
Optimizing NNI: done in 0.0542429 secs using 1195% CPU
Optimizing NNI: done in 0.185292 secs using 1201% CPU
Optimizing NNI: done in 0.163314 secs using 1193% CPU
Iteration 170 / LogL: -2376.645 / Time: 0h:0m:19s (0h:0m:4s left)
Optimizing NNI: done in 0.110028 secs using 1203% CPU
Optimizing NNI: done in 0.142363 secs using 1200% CPU
Optimizing NNI: done in 0.143791 secs using 1206% CPU
Optimizing NNI: done in 0.101251 secs using 1192% CPU
Optimizing NNI: done in 0.137814 secs using 1202% CPU
Optimizing NNI: done in 0.0963919 secs using 1202% CPU
Optimizing NNI: done in 0.172157 secs using 1207% CPU
Optimizing NNI: done in 0.0653373 secs using 1212% CPU
Optimizing NNI: done in 0.103226 secs using 1196% CPU
Optimizing NNI: done in 0.205521 secs using 1195% CPU
Iteration 180 / LogL: -2376.647 / Time: 0h:0m:20s (0h:0m:3s left)
Optimizing NNI: done in 0.142638 secs using 1189% CPU
Optimizing NNI: done in 0.103915 secs using 1194% CPU
Optimizing NNI: done in 0.0351027 secs using 1225% CPU
Optimizing NNI: done in 0.137379 secs using 1201% CPU
Optimizing NNI: done in 0.13271 secs using 1205% CPU
Optimizing NNI: done in 0.13452 secs using 1201% CPU
Optimizing NNI: done in 0.108875 secs using 1201% CPU
Optimizing NNI: done in 0.170306 secs using 1197% CPU
Optimizing NNI: done in 0.0594459 secs using 1222% CPU
Optimizing NNI: done in 0.0951611 secs using 1192% CPU
Iteration 190 / LogL: -2376.457 / Time: 0h:0m:21s (0h:0m:2s left)
Optimizing NNI: done in 0.106002 secs using 1198% CPU
Optimizing NNI: done in 0.107121 secs using 1198% CPU
Optimizing NNI: done in 0.142074 secs using 1208% CPU
Optimizing NNI: done in 0.105701 secs using 1183% CPU
Optimizing NNI: done in 0.0451632 secs using 1197% CPU
Optimizing NNI: done in 0.0452896 secs using 1222% CPU
Optimizing NNI: done in 0.0736641 secs using 1206% CPU
Optimizing NNI: done in 0.0702452 secs using 1199% CPU
Optimizing NNI: done in 0.0552956 secs using 1208% CPU
Optimizing NNI: done in 0.0647223 secs using 1206% CPU
Iteration 200 / LogL: -2376.454 / Time: 0h:0m:22s (0h:0m:0s left)
Log-likelihood cutoff on original alignment: -2397.561
NOTE: Bootstrap correlation coefficient of split occurrence frequencies: 0.988
NOTE: UFBoot does not converge, continue at least 100 more iterations
Optimizing NNI: done in 0.173378 secs using 1197% CPU
Optimizing NNI: done in 0.13743 secs using 1201% CPU
Optimizing NNI: done in 0.0653238 secs using 1197% CPU
Optimizing NNI: done in 0.0976408 secs using 1191% CPU
Optimizing NNI: done in 0.109453 secs using 1183% CPU
Optimizing NNI: done in 0.184581 secs using 1209% CPU
Optimizing NNI: done in 0.0980892 secs using 1204% CPU
Optimizing NNI: done in 0.0321697 secs using 1220% CPU
Optimizing NNI: done in 0.118764 secs using 1201% CPU
Optimizing NNI: done in 0.111213 secs using 1194% CPU
Iteration 210 / LogL: -2388.790 / Time: 0h:0m:23s (0h:0m:10s left)
Optimizing NNI: done in 0.0623396 secs using 1197% CPU
Optimizing NNI: done in 0.0938555 secs using 1208% CPU
Optimizing NNI: done in 0.0355145 secs using 1205% CPU
Optimizing NNI: done in 0.137269 secs using 1191% CPU
Optimizing NNI: done in 0.0375516 secs using 1194% CPU
Optimizing NNI: done in 0.113255 secs using 1209% CPU
Optimizing NNI: done in 0.151707 secs using 1184% CPU
Optimizing NNI: done in 0.154429 secs using 1202% CPU
Optimizing NNI: done in 0.0580566 secs using 1199% CPU
Optimizing NNI: done in 0.146481 secs using 1206% CPU
Iteration 220 / LogL: -2376.642 / Time: 0h:0m:24s (0h:0m:8s left)
Optimizing NNI: done in 0.0993765 secs using 1211% CPU
Optimizing NNI: done in 0.102803 secs using 1201% CPU
Optimizing NNI: done in 0.137759 secs using 1204% CPU
Optimizing NNI: done in 0.0349978 secs using 1212% CPU
Optimizing NNI: done in 0.117044 secs using 1209% CPU
Optimizing NNI: done in 0.0743609 secs using 1220% CPU
Optimizing NNI: done in 0.0460034 secs using 1211% CPU
Optimizing NNI: done in 0.129055 secs using 1194% CPU
Optimizing NNI: done in 0.100861 secs using 1217% CPU
Optimizing NNI: done in 0.159379 secs using 1200% CPU
Iteration 230 / LogL: -2376.643 / Time: 0h:0m:25s (0h:0m:7s left)
Optimizing NNI: done in 0.0823462 secs using 1198% CPU
Optimizing NNI: done in 0.21787 secs using 1201% CPU
Optimizing NNI: done in 0.139512 secs using 1207% CPU
Optimizing NNI: done in 0.0988543 secs using 1201% CPU
Optimizing NNI: done in 0.166582 secs using 1208% CPU
Optimizing NNI: done in 0.0952646 secs using 1211% CPU
Optimizing NNI: done in 0.129436 secs using 1194% CPU
Optimizing NNI: done in 0.0640868 secs using 1193% CPU
Optimizing NNI: done in 0.0243947 secs using 1203% CPU
Optimizing NNI: done in 0.121003 secs using 1203% CPU
Iteration 240 / LogL: -2376.457 / Time: 0h:0m:26s (0h:0m:6s left)
Optimizing NNI: done in 0.0864165 secs using 1207% CPU
Optimizing NNI: done in 0.16759 secs using 1206% CPU
Optimizing NNI: done in 0.0531908 secs using 1212% CPU
Optimizing NNI: done in 0.0947117 secs using 1187% CPU
Optimizing NNI: done in 0.0719998 secs using 1205% CPU
Optimizing NNI: done in 0.178127 secs using 1210% CPU
Optimizing NNI: done in 0.186026 secs using 1195% CPU
Optimizing NNI: done in 0.0593049 secs using 1197% CPU
Optimizing NNI: done in 0.0671229 secs using 1196% CPU
Optimizing NNI: done in 0.0658067 secs using 1221% CPU
Iteration 250 / LogL: -2381.174 / Time: 0h:0m:27s (0h:0m:5s left)
Log-likelihood cutoff on original alignment: -2397.561
Optimizing NNI: done in 0.0665414 secs using 1175% CPU
Optimizing NNI: done in 0.156643 secs using 1194% CPU
Optimizing NNI: done in 0.0675933 secs using 1218% CPU
Optimizing NNI: done in 0.101408 secs using 1207% CPU
Optimizing NNI: done in 0.118165 secs using 1208% CPU
Optimizing NNI: done in 0.159305 secs using 1207% CPU
Optimizing NNI: done in 0.108316 secs using 1191% CPU
Optimizing NNI: done in 0.159401 secs using 1205% CPU
Optimizing NNI: done in 0.103849 secs using 1216% CPU
Optimizing NNI: done in 0.0799915 secs using 1213% CPU
Iteration 260 / LogL: -2376.455 / Time: 0h:0m:29s (0h:0m:4s left)
Optimizing NNI: done in 0.102323 secs using 1185% CPU
Optimizing NNI: done in 0.101101 secs using 1202% CPU
Optimizing NNI: done in 0.0718166 secs using 1183% CPU
Optimizing NNI: done in 0.0619874 secs using 1211% CPU
Optimizing NNI: done in 0.108583 secs using 1198% CPU
Optimizing NNI: done in 0.0856393 secs using 1203% CPU
Optimizing NNI: done in 0.0994368 secs using 1205% CPU
Optimizing NNI: done in 0.150074 secs using 1202% CPU
Optimizing NNI: done in 0.0492001 secs using 1205% CPU
Optimizing NNI: done in 0.0744902 secs using 1210% CPU
Iteration 270 / LogL: -2381.174 / Time: 0h:0m:30s (0h:0m:3s left)
Optimizing NNI: done in 0.101637 secs using 1197% CPU
Optimizing NNI: done in 0.0576433 secs using 1187% CPU
Optimizing NNI: done in 0.12528 secs using 1196% CPU
Optimizing NNI: done in 0.172546 secs using 1203% CPU
Optimizing NNI: done in 0.101087 secs using 1196% CPU
Optimizing NNI: done in 0.0629255 secs using 1199% CPU
Optimizing NNI: done in 0.168712 secs using 1202% CPU
Optimizing NNI: done in 0.0670423 secs using 1197% CPU
Optimizing NNI: done in 0.0923916 secs using 1219% CPU
Optimizing NNI: done in 0.141313 secs using 1202% CPU
Iteration 280 / LogL: -2376.455 / Time: 0h:0m:31s (0h:0m:2s left)
Optimizing NNI: done in 0.143332 secs using 1197% CPU
Optimizing NNI: done in 0.0934766 secs using 1211% CPU
Optimizing NNI: done in 0.117807 secs using 1188% CPU
Optimizing NNI: done in 0.0983198 secs using 1199% CPU
Optimizing NNI: done in 0.101472 secs using 1190% CPU
Optimizing NNI: done in 0.168418 secs using 1192% CPU
Optimizing NNI: done in 0.0903438 secs using 1196% CPU
Optimizing NNI: done in 0.0597556 secs using 1197% CPU
Optimizing NNI: done in 0.0427414 secs using 1213% CPU
Optimizing NNI: done in 0.0649366 secs using 1175% CPU
Iteration 290 / LogL: -2438.374 / Time: 0h:0m:32s (0h:0m:1s left)
Optimizing NNI: done in 0.105714 secs using 1203% CPU
Optimizing NNI: done in 0.0965851 secs using 1187% CPU
Optimizing NNI: done in 0.108956 secs using 1211% CPU
Optimizing NNI: done in 0.117649 secs using 1206% CPU
Optimizing NNI: done in 0.131977 secs using 1189% CPU
Optimizing NNI: done in 0.133283 secs using 1198% CPU
Optimizing NNI: done in 0.118215 secs using 1201% CPU
Optimizing NNI: done in 0.0272691 secs using 1258% CPU
Optimizing NNI: done in 0.0954256 secs using 1188% CPU
Optimizing NNI: done in 0.126731 secs using 1201% CPU
Iteration 300 / LogL: -2376.456 / Time: 0h:0m:33s (0h:0m:0s left)
Log-likelihood cutoff on original alignment: -2397.561
NOTE: Bootstrap correlation coefficient of split occurrence frequencies: 0.989
NOTE: UFBoot does not converge, continue at least 100 more iterations
Optimizing NNI: done in 0.139154 secs using 1214% CPU
Optimizing NNI: done in 0.064453 secs using 1191% CPU
Optimizing NNI: done in 0.102926 secs using 1196% CPU
Optimizing NNI: done in 0.0906825 secs using 1200% CPU
Optimizing NNI: done in 0.0657111 secs using 1202% CPU
Optimizing NNI: done in 0.118108 secs using 1197% CPU
Optimizing NNI: done in 0.0959736 secs using 1209% CPU
Optimizing NNI: done in 0.0665297 secs using 1214% CPU
Optimizing NNI: done in 0.0806735 secs using 1225% CPU
Optimizing NNI: done in 0.134703 secs using 1204% CPU
Iteration 310 / LogL: -2376.457 / Time: 0h:0m:34s (0h:0m:9s left)
Optimizing NNI: done in 0.0478211 secs using 1200% CPU
Optimizing NNI: done in 0.0911629 secs using 1204% CPU
Optimizing NNI: done in 0.0559629 secs using 1195% CPU
Optimizing NNI: done in 0.0330253 secs using 1218% CPU
Optimizing NNI: done in 0.102701 secs using 1212% CPU
Optimizing NNI: done in 0.0484597 secs using 1194% CPU
Optimizing NNI: done in 0.0867907 secs using 1181% CPU
Optimizing NNI: done in 0.0660804 secs using 1208% CPU
Optimizing NNI: done in 0.137891 secs using 1212% CPU
Optimizing NNI: done in 0.0990047 secs using 1211% CPU
Iteration 320 / LogL: -2376.645 / Time: 0h:0m:35s (0h:0m:8s left)
Optimizing NNI: done in 0.0911219 secs using 1184% CPU
Optimizing NNI: done in 0.158927 secs using 1202% CPU
Optimizing NNI: done in 0.0749188 secs using 1196% CPU
Optimizing NNI: done in 0.134993 secs using 1212% CPU
Optimizing NNI: done in 0.137586 secs using 1206% CPU
Optimizing NNI: done in 0.0972607 secs using 1202% CPU
Optimizing NNI: done in 0.117426 secs using 1197% CPU
Optimizing NNI: done in 0.0692965 secs using 1201% CPU
Optimizing NNI: done in 0.0964728 secs using 1215% CPU
Optimizing NNI: done in 0.0581081 secs using 1203% CPU
Iteration 330 / LogL: -2376.455 / Time: 0h:0m:36s (0h:0m:7s left)
Optimizing NNI: done in 0.0891431 secs using 1212% CPU
Optimizing NNI: done in 0.103193 secs using 1194% CPU
Optimizing NNI: done in 0.139617 secs using 1196% CPU
Optimizing NNI: done in 0.201911 secs using 1199% CPU
Optimizing NNI: done in 0.128169 secs using 1206% CPU
Optimizing NNI: done in 0.0639013 secs using 1207% CPU
Optimizing NNI: done in 0.128394 secs using 1191% CPU
Optimizing NNI: done in 0.150471 secs using 1200% CPU
Optimizing NNI: done in 0.0654818 secs using 1203% CPU
Optimizing NNI: done in 0.117857 secs using 1204% CPU
Iteration 340 / LogL: -2376.645 / Time: 0h:0m:37s (0h:0m:6s left)
Optimizing NNI: done in 0.063471 secs using 1205% CPU
Optimizing NNI: done in 0.0587744 secs using 1202% CPU
Optimizing NNI: done in 0.100823 secs using 1207% CPU
Optimizing NNI: done in 0.151897 secs using 1206% CPU
Optimizing NNI: done in 0.100843 secs using 1189% CPU
Optimizing NNI: done in 0.133793 secs using 1209% CPU
Optimizing NNI: done in 0.0489295 secs using 1186% CPU
Optimizing NNI: done in 0.125925 secs using 1206% CPU
Optimizing NNI: done in 0.139552 secs using 1206% CPU
Optimizing NNI: done in 0.0665508 secs using 1213% CPU
Iteration 350 / LogL: -2376.454 / Time: 0h:0m:38s (0h:0m:5s left)
Log-likelihood cutoff on original alignment: -2397.561
Optimizing NNI: done in 0.187767 secs using 1210% CPU
Optimizing NNI: done in 0.0762445 secs using 1202% CPU
Optimizing NNI: done in 0.125655 secs using 1212% CPU
Optimizing NNI: done in 0.123996 secs using 1189% CPU
Optimizing NNI: done in 0.116114 secs using 1203% CPU
Optimizing NNI: done in 0.124567 secs using 1198% CPU
Optimizing NNI: done in 0.0712988 secs using 1190% CPU
Optimizing NNI: done in 0.0917283 secs using 1222% CPU
Optimizing NNI: done in 0.139637 secs using 1198% CPU
Optimizing NNI: done in 0.0419123 secs using 1202% CPU
Iteration 360 / LogL: -2384.494 / Time: 0h:0m:39s (0h:0m:4s left)
Optimizing NNI: done in 0.0247003 secs using 1172% CPU
Optimizing NNI: done in 0.149068 secs using 1201% CPU
Optimizing NNI: done in 0.0815809 secs using 1204% CPU
Optimizing NNI: done in 0.0974456 secs using 1201% CPU
Optimizing NNI: done in 0.143738 secs using 1203% CPU
Optimizing NNI: done in 0.0532182 secs using 1213% CPU
Optimizing NNI: done in 0.0360263 secs using 1181% CPU
Optimizing NNI: done in 0.0226755 secs using 1192% CPU
Optimizing NNI: done in 0.107016 secs using 1201% CPU
Optimizing NNI: done in 0.0720322 secs using 1203% CPU
Iteration 370 / LogL: -2376.456 / Time: 0h:0m:40s (0h:0m:3s left)
Optimizing NNI: done in 0.0484397 secs using 1177% CPU
Optimizing NNI: done in 0.123587 secs using 1201% CPU
Optimizing NNI: done in 0.0592181 secs using 1191% CPU
UPDATE BEST LOG-LIKELIHOOD: -2376.454
Optimizing NNI: done in 0.0526763 secs using 1204% CPU
Optimizing NNI: done in 0.0239316 secs using 1222% CPU
Optimizing NNI: done in 0.0230395 secs using 1225% CPU
Optimizing NNI: done in 0.06163 secs using 1204% CPU
Optimizing NNI: done in 0.0659685 secs using 1206% CPU
Optimizing NNI: done in 0.0344457 secs using 1211% CPU
Optimizing NNI: done in 0.0715245 secs using 1219% CPU
Iteration 380 / LogL: -2376.644 / Time: 0h:0m:41s (0h:0m:2s left)
Optimizing NNI: done in 0.0397679 secs using 1228% CPU
Optimizing NNI: done in 0.0651933 secs using 1189% CPU
Optimizing NNI: done in 0.0582265 secs using 1199% CPU
Optimizing NNI: done in 0.0525272 secs using 1229% CPU
Optimizing NNI: done in 0.0596866 secs using 1211% CPU
Optimizing NNI: done in 0.0665339 secs using 1219% CPU
Optimizing NNI: done in 0.0554751 secs using 1197% CPU
Optimizing NNI: done in 0.0577729 secs using 1213% CPU
Optimizing NNI: done in 0.0293314 secs using 1194% CPU
Optimizing NNI: done in 0.0401094 secs using 1205% CPU
Iteration 390 / LogL: -2376.454 / Time: 0h:0m:41s (0h:0m:1s left)
Optimizing NNI: done in 0.0571715 secs using 1219% CPU
Optimizing NNI: done in 0.0184213 secs using 1253% CPU
Optimizing NNI: done in 0.0319056 secs using 1224% CPU
Optimizing NNI: done in 0.105251 secs using 1219% CPU
Optimizing NNI: done in 0.0320419 secs using 1207% CPU
Optimizing NNI: done in 0.0587646 secs using 1205% CPU
Optimizing NNI: done in 0.0685881 secs using 1223% CPU
Optimizing NNI: done in 0.0330832 secs using 1182% CPU
Optimizing NNI: done in 0.0732999 secs using 1218% CPU
Optimizing NNI: done in 0.0495262 secs using 1200% CPU
Iteration 400 / LogL: -2376.455 / Time: 0h:0m:42s (0h:0m:0s left)
Log-likelihood cutoff on original alignment: -2397.561
NOTE: Bootstrap correlation coefficient of split occurrence frequencies: 0.993
TREE SEARCH COMPLETED AFTER 400 ITERATIONS / Time: 0h:0m:42s

--------------------------------------------------------------------
|                    FINALIZING TREE SEARCH                        |
--------------------------------------------------------------------
Performs final model parameters optimization
Estimate model parameters (epsilon = 0.010)
1. Initial log-likelihood: -2376.454
Optimal log-likelihood: -2376.454
Gamma shape alpha: 0.441
Parameters optimization took 1 rounds (0.007 sec)
BEST SCORE FOUND : -2376.454
Creating bootstrap support values...
Split supports printed to NEXUS file results/per_year_clustered/H1N1/trees/H1N1_2020.splits.nex
Total tree length: 0.163

Total number of iterations: 400
CPU time used for tree search: 505.366 sec (0h:8m:25s)
Wall-clock time used for tree search: 42.174 sec (0h:0m:42s)
Total CPU time used: 506.670 sec (0h:8m:26s)
Total wall-clock time used: 42.320 sec (0h:0m:42s)

Computing bootstrap consensus tree...
Reading input file results/per_year_clustered/H1N1/trees/H1N1_2020.splits.nex...
16 taxa and 220 splits.
Consensus tree written to results/per_year_clustered/H1N1/trees/H1N1_2020.contree
Reading input trees file results/per_year_clustered/H1N1/trees/H1N1_2020.contree
Log-likelihood of consensus tree: -2376.460

Analysis results written to: 
  IQ-TREE report:                results/per_year_clustered/H1N1/trees/H1N1_2020.iqtree
  Maximum-likelihood tree:       results/per_year_clustered/H1N1/trees/H1N1_2020.treefile
  Likelihood distances:          results/per_year_clustered/H1N1/trees/H1N1_2020.mldist

Ultrafast bootstrap approximation results written to:
  Split support values:          results/per_year_clustered/H1N1/trees/H1N1_2020.splits.nex
  Consensus tree:                results/per_year_clustered/H1N1/trees/H1N1_2020.contree
  Screen log file:               results/per_year_clustered/H1N1/trees/H1N1_2020.log

Date and Time: Thu Nov 20 17:02:25 2025
