IQ-TREE version 3.0.1 for Linux x86 64-bit built Jul  9 2025
Developed by Bui Quang Minh, Thomas Wong, Nhan Ly-Trong, Huaiyan Ren
Contributed by Lam-Tung Nguyen, Dominik Schrempf, Chris Bielow,
Olga Chernomor, Michael Woodhams, Diep Thi Hoang, Heiko Schmidt

Host:    aoraki-login.otago.ac.nz (AVX2, FMA3, 1007 GB RAM)
Command: iqtree -s results/per_year_clustered/H1N1/alignments/H1N1_2014_aligned.fasta -m LG+G4 -bb 1000 -nt 16 -pre results/per_year_clustered/H1N1/trees/H1N1_2014 -redo -quiet
Seed:    626004 (Using SPRNG - Scalable Parallel Random Number Generator)
Time:    Thu Nov 20 16:55:11 2025
Kernel:  AVX+FMA - 16 threads (128 CPU cores detected)

Reading alignment file results/per_year_clustered/H1N1/alignments/H1N1_2014_aligned.fasta ... Fasta format detected
Reading fasta file: done in 6.94999e-05 secs using 33.09% CPU
Alignment most likely contains protein sequences
Constructing alignment: done in 0.000257945 secs
Alignment has 6 sequences with 566 columns, 51 distinct patterns
5 parsimony-informative, 26 singleton sites, 535 constant sites
                                                                    Gap/Ambiguity  Composition  p-value
Analyzing sequences: done in 1.61305e-05 secs using 55.79% CPU
   1  EPI534694|HA|A/NARA/30/2014|EPI_ISL_163850|A_/_H1N1                   0.00%    passed    100.00%
   2  EPI574054|HA|A/Nepal/2582B/2014|EPI_ISL_174819|A_/_H1N1               0.00%    passed    100.00%
   3  EPI531973|HA|A/IBARAKI/11/2014|EPI_ISL_162671|A_/_H1N1                0.00%    passed    100.00%
   4  EPI677813|HA|A/England/40800135/2014|EPI_ISL_202969|A_/_H1N1          0.00%    passed    100.00%
   5  EPI2184551|HA|A/Catalonia/NSVH37222/2014|EPI_ISL_15083870|A_/_H1N1    0.00%    passed    100.00%
   6  EPI2187043|HA|A/Newcastle/1025/2014|EPI_ISL_15146406|A_/_H1N1         0.18%    passed    100.00%
****  TOTAL                                                                 0.03%  0 sequences failed composition chi2 test (p-value<5%; df=19)
Checking for duplicate sequences: done in 1.90446e-05 secs using 57.76% CPU
Creating fast initial parsimony tree by random order stepwise addition...
0.003 seconds, parsimony score: 33 (based on 31 sites)
Generating 1000 samples for ultrafast bootstrap (seed: 626004)...
WARNING: 16 threads for alignment length 51 will slow down analysis

NOTE: 0 MB RAM (0 GB) is required!
WARNING: Number of threads seems too high for short alignments. Use -T AUTO to determine best number of threads.
Estimate model parameters (epsilon = 0.100)
1. Initial log-likelihood: -1914.060
2. Current log-likelihood: -1912.848
Optimal log-likelihood: -1912.846
Gamma shape alpha: 0.297
Parameters optimization took 2 rounds (0.007 sec)
Wrote distance file to... 
Computing ML distances based on estimated model parameters...
Calculating distance matrix: done in 0.00144611 secs using 993.7% CPU
Computing ML distances took 0.001742 sec (of wall-clock time) 0.014670 sec (of CPU time)
Setting up auxiliary I and S matrices: done in 0.00128131 secs using 408% CPU
Constructing RapidNJ tree: done in 0.00398957 secs using 651.7% CPU
Computing RapidNJ tree took 0.005336 sec (of wall-clock time) 0.031758 sec (of CPU time)
Log-likelihood of RapidNJ tree: -1912.848
--------------------------------------------------------------------
|             INITIALIZING CANDIDATE TREE SET                      |
--------------------------------------------------------------------
Generating 98 parsimony trees... 0.007 second
Computing log-likelihood of 28 initial trees ... 0.027 seconds
Current best score: -1912.845

Do NNI search on 20 best initial trees
Optimizing NNI: done in 0.00412651 secs using 852.2% CPU
Estimate model parameters (epsilon = 0.100)
BETTER TREE FOUND at iteration 1: -1912.845
Optimizing NNI: done in 0.00398927 secs using 943.8% CPU
Optimizing NNI: done in 0.00497556 secs using 908.2% CPU
BETTER TREE FOUND at iteration 3: -1912.845
Optimizing NNI: done in 0.00454904 secs using 951.1% CPU
Optimizing NNI: done in 0.00452556 secs using 609.1% CPU
Optimizing NNI: done in 0.00464757 secs using 900.7% CPU
BETTER TREE FOUND at iteration 6: -1912.845
Optimizing NNI: done in 0.00486042 secs using 953.4% CPU
Optimizing NNI: done in 0.00508868 secs using 615.1% CPU
Optimizing NNI: done in 0.00489205 secs using 905.7% CPU
Optimizing NNI: done in 0.00463719 secs using 785.1% CPU
UPDATE BEST LOG-LIKELIHOOD: -1912.845
Iteration 10 / LogL: -1912.845 / Time: 0h:0m:0s
Optimizing NNI: done in 0.00474484 secs using 916% CPU
Optimizing NNI: done in 0.00473998 secs using 884.3% CPU
Optimizing NNI: done in 0.00464375 secs using 943.4% CPU
Optimizing NNI: done in 0.00996903 secs using 703.2% CPU
Optimizing NNI: done in 0.00976378 secs using 784.1% CPU
Optimizing NNI: done in 0.00896355 secs using 765% CPU
Optimizing NNI: done in 0.00950274 secs using 667.1% CPU
Optimizing NNI: done in 0.00932759 secs using 765.7% CPU
Optimizing NNI: done in 0.00950479 secs using 776.6% CPU
Optimizing NNI: done in 0.0096942 secs using 892.2% CPU
Iteration 20 / LogL: -1912.846 / Time: 0h:0m:0s
Finish initializing candidate tree set (5)
Current best tree score: -1912.845 / CPU time: 0.178
Number of iterations: 20
--------------------------------------------------------------------
|               OPTIMIZING CANDIDATE TREE SET                      |
--------------------------------------------------------------------
Optimizing NNI: done in 0.00502192 secs using 889.3% CPU
UPDATE BEST LOG-LIKELIHOOD: -1912.845
Optimizing NNI: done in 0.00498427 secs using 918% CPU
Optimizing NNI: done in 0.0049771 secs using 929.3% CPU
Optimizing NNI: done in 0.00904762 secs using 802.3% CPU
Optimizing NNI: done in 0.00463493 secs using 703.8% CPU
Optimizing NNI: done in 0.00976502 secs using 560.4% CPU
Optimizing NNI: done in 0.00936996 secs using 789.4% CPU
Optimizing NNI: done in 0.00482492 secs using 814.7% CPU
Optimizing NNI: done in 0.00513718 secs using 1010% CPU
UPDATE BEST LOG-LIKELIHOOD: -1912.845
Optimizing NNI: done in 0.00481784 secs using 937% CPU
UPDATE BEST LOG-LIKELIHOOD: -1912.845
Iteration 30 / LogL: -1912.845 / Time: 0h:0m:0s (0h:0m:0s left)
Optimizing NNI: done in 0.00477723 secs using 780.6% CPU
Optimizing NNI: done in 0.00972464 secs using 769.3% CPU
Optimizing NNI: done in 0.0102618 secs using 808.9% CPU
Optimizing NNI: done in 0.015129 secs using 668.6% CPU
Optimizing NNI: done in 0.00484324 secs using 834% CPU
Optimizing NNI: done in 0.0104486 secs using 866.1% CPU
Optimizing NNI: done in 0.00410838 secs using 776.1% CPU
Optimizing NNI: done in 0.00996966 secs using 775.4% CPU
Optimizing NNI: done in 0.00453174 secs using 693.9% CPU
Optimizing NNI: done in 0.0100208 secs using 497.2% CPU
Iteration 40 / LogL: -1912.845 / Time: 0h:0m:0s (0h:0m:0s left)
Optimizing NNI: done in 0.0100674 secs using 746.3% CPU
Optimizing NNI: done in 0.00464832 secs using 590.3% CPU
Optimizing NNI: done in 0.00478647 secs using 873.2% CPU
Optimizing NNI: done in 0.00915688 secs using 696.7% CPU
Optimizing NNI: done in 0.00979879 secs using 746.5% CPU
Optimizing NNI: done in 0.00772358 secs using 828% CPU
Optimizing NNI: done in 0.00412202 secs using 699.9% CPU
Optimizing NNI: done in 0.00478421 secs using 711.8% CPU
Optimizing NNI: done in 0.00466352 secs using 794.2% CPU
Optimizing NNI: done in 0.00992258 secs using 775.1% CPU
Iteration 50 / LogL: -1912.845 / Time: 0h:0m:0s (0h:0m:0s left)
Log-likelihood cutoff on original alignment: -1923.221
Optimizing NNI: done in 0.00463617 secs using 618.4% CPU
Optimizing NNI: done in 0.00452361 secs using 616.7% CPU
Optimizing NNI: done in 0.00484169 secs using 683.9% CPU
Optimizing NNI: done in 0.00404941 secs using 687.7% CPU
Optimizing NNI: done in 0.00422447 secs using 810.3% CPU
Optimizing NNI: done in 0.00448073 secs using 762.1% CPU
Optimizing NNI: done in 0.00920853 secs using 682% CPU
Optimizing NNI: done in 0.00463857 secs using 588.7% CPU
Optimizing NNI: done in 0.0045087 secs using 720.6% CPU
Optimizing NNI: done in 0.00982748 secs using 847.8% CPU
Iteration 60 / LogL: -1912.845 / Time: 0h:0m:0s (0h:0m:0s left)
Optimizing NNI: done in 0.00965266 secs using 774.3% CPU
Optimizing NNI: done in 0.00476632 secs using 894.7% CPU
Optimizing NNI: done in 0.00510579 secs using 717.4% CPU
Optimizing NNI: done in 0.00450499 secs using 838% CPU
Optimizing NNI: done in 0.00954028 secs using 750.4% CPU
Optimizing NNI: done in 0.00421216 secs using 727.6% CPU
Optimizing NNI: done in 0.00497327 secs using 704.6% CPU
Optimizing NNI: done in 0.00472558 secs using 596.8% CPU
Optimizing NNI: done in 0.00481853 secs using 829.4% CPU
Optimizing NNI: done in 0.00474211 secs using 921.6% CPU
Iteration 70 / LogL: -1912.845 / Time: 0h:0m:0s (0h:0m:0s left)
Optimizing NNI: done in 0.00974508 secs using 844.5% CPU
Optimizing NNI: done in 0.00451907 secs using 762.1% CPU
Optimizing NNI: done in 0.00398971 secs using 872.6% CPU
Optimizing NNI: done in 0.00455571 secs using 870.6% CPU
Optimizing NNI: done in 0.00474857 secs using 707.2% CPU
Optimizing NNI: done in 0.0158014 secs using 765.4% CPU
Optimizing NNI: done in 0.00482893 secs using 768.8% CPU
Optimizing NNI: done in 0.00957793 secs using 696.9% CPU
Optimizing NNI: done in 0.00476448 secs using 701.4% CPU
Optimizing NNI: done in 0.00418741 secs using 638.3% CPU
Iteration 80 / LogL: -1912.845 / Time: 0h:0m:0s (0h:0m:0s left)
Optimizing NNI: done in 0.00491429 secs using 872.5% CPU
Optimizing NNI: done in 0.0100681 secs using 663.6% CPU
Optimizing NNI: done in 0.00469512 secs using 759.7% CPU
Optimizing NNI: done in 0.00492524 secs using 592% CPU
Optimizing NNI: done in 0.0102589 secs using 790.7% CPU
Optimizing NNI: done in 0.00998687 secs using 870.2% CPU
Optimizing NNI: done in 0.00507474 secs using 860.3% CPU
Optimizing NNI: done in 0.00480479 secs using 575.2% CPU
Optimizing NNI: done in 0.00412299 secs using 773.7% CPU
Optimizing NNI: done in 0.00961931 secs using 766.8% CPU
Iteration 90 / LogL: -1912.845 / Time: 0h:0m:0s (0h:0m:0s left)
Optimizing NNI: done in 0.00479064 secs using 902.2% CPU
Optimizing NNI: done in 0.00986347 secs using 806.1% CPU
Optimizing NNI: done in 0.00969431 secs using 745.3% CPU
Optimizing NNI: done in 0.00472534 secs using 875.1% CPU
Optimizing NNI: done in 0.00952789 secs using 757.8% CPU
Optimizing NNI: done in 0.010053 secs using 800.7% CPU
Optimizing NNI: done in 0.00407381 secs using 838.8% CPU
Optimizing NNI: done in 0.00469043 secs using 580.1% CPU
Optimizing NNI: done in 0.00933526 secs using 662.5% CPU
Optimizing NNI: done in 0.00978767 secs using 619.9% CPU
Iteration 100 / LogL: -1912.847 / Time: 0h:0m:0s (0h:0m:0s left)
Log-likelihood cutoff on original alignment: -1923.221
NOTE: Bootstrap correlation coefficient of split occurrence frequencies: 0.965
NOTE: UFBoot does not converge, continue at least 100 more iterations
Optimizing NNI: done in 0.0102558 secs using 690.8% CPU
Optimizing NNI: done in 0.00416104 secs using 712.9% CPU
Optimizing NNI: done in 0.00486721 secs using 737.6% CPU
Optimizing NNI: done in 0.0102977 secs using 747% CPU
Optimizing NNI: done in 0.0100251 secs using 810.1% CPU
Optimizing NNI: done in 0.00470845 secs using 656.1% CPU
Optimizing NNI: done in 0.00442641 secs using 735.2% CPU
Optimizing NNI: done in 0.00467342 secs using 523.6% CPU
Optimizing NNI: done in 0.00495656 secs using 715.8% CPU
Optimizing NNI: done in 0.00477941 secs using 893.9% CPU
Iteration 110 / LogL: -1912.845 / Time: 0h:0m:1s (0h:0m:0s left)
Optimizing NNI: done in 0.0046188 secs using 808.7% CPU
Optimizing NNI: done in 0.00497218 secs using 701.9% CPU
Optimizing NNI: done in 0.00491803 secs using 727.7% CPU
Optimizing NNI: done in 0.00462221 secs using 627.9% CPU
Optimizing NNI: done in 0.00479818 secs using 729.3% CPU
Optimizing NNI: done in 0.0100464 secs using 686.6% CPU
Optimizing NNI: done in 0.00502209 secs using 843.6% CPU
Optimizing NNI: done in 0.00495119 secs using 724.6% CPU
Optimizing NNI: done in 0.00522217 secs using 837.7% CPU
Optimizing NNI: done in 0.00447227 secs using 554.6% CPU
Iteration 120 / LogL: -1912.845 / Time: 0h:0m:1s (0h:0m:0s left)
Optimizing NNI: done in 0.00986446 secs using 777% CPU
Optimizing NNI: done in 0.00487615 secs using 765.2% CPU
Optimizing NNI: done in 0.00457316 secs using 903% CPU
Optimizing NNI: done in 0.00978199 secs using 808.8% CPU
Optimizing NNI: done in 0.00994132 secs using 863.5% CPU
Optimizing NNI: done in 0.00478409 secs using 729.1% CPU
Optimizing NNI: done in 0.0113318 secs using 832.6% CPU
Optimizing NNI: done in 0.00468555 secs using 827.1% CPU
Optimizing NNI: done in 0.00485357 secs using 909.9% CPU
Optimizing NNI: done in 0.00967893 secs using 803.3% CPU
Iteration 130 / LogL: -1912.845 / Time: 0h:0m:1s (0h:0m:0s left)
Optimizing NNI: done in 0.0047931 secs using 625.3% CPU
Optimizing NNI: done in 0.00467068 secs using 663% CPU
Optimizing NNI: done in 0.00980884 secs using 831.4% CPU
Optimizing NNI: done in 0.00952102 secs using 688.9% CPU
Optimizing NNI: done in 0.0108576 secs using 802.9% CPU
Optimizing NNI: done in 0.00465544 secs using 871% CPU
Optimizing NNI: done in 0.00469004 secs using 855.2% CPU
Optimizing NNI: done in 0.0154422 secs using 747.4% CPU
Optimizing NNI: done in 0.00473872 secs using 624.8% CPU
Optimizing NNI: done in 0.00451858 secs using 684.4% CPU
Iteration 140 / LogL: -1912.845 / Time: 0h:0m:1s (0h:0m:0s left)
Optimizing NNI: done in 0.00979109 secs using 660.1% CPU
Optimizing NNI: done in 0.0100293 secs using 703.8% CPU
Optimizing NNI: done in 0.00929994 secs using 716.2% CPU
Optimizing NNI: done in 0.0114288 secs using 700.1% CPU
Optimizing NNI: done in 0.00495863 secs using 793.3% CPU
Optimizing NNI: done in 0.0047028 secs using 882.6% CPU
Optimizing NNI: done in 0.00513872 secs using 789.9% CPU
Optimizing NNI: done in 0.00977238 secs using 791.5% CPU
Optimizing NNI: done in 0.0107076 secs using 799.2% CPU
Optimizing NNI: done in 0.00516551 secs using 767.2% CPU
Iteration 150 / LogL: -1912.845 / Time: 0h:0m:1s (0h:0m:0s left)
Log-likelihood cutoff on original alignment: -1923.221
Optimizing NNI: done in 0.00490507 secs using 857.8% CPU
Optimizing NNI: done in 0.00510611 secs using 841.1% CPU
Optimizing NNI: done in 0.00486754 secs using 789.9% CPU
Optimizing NNI: done in 0.00480901 secs using 898% CPU
Optimizing NNI: done in 0.00473637 secs using 688.4% CPU
Optimizing NNI: done in 0.00423482 secs using 840% CPU
Optimizing NNI: done in 0.0100509 secs using 805.7% CPU
Optimizing NNI: done in 0.00466972 secs using 747.1% CPU
Optimizing NNI: done in 0.00462721 secs using 735.9% CPU
Optimizing NNI: done in 0.0045456 secs using 695.6% CPU
Iteration 160 / LogL: -1912.845 / Time: 0h:0m:1s (0h:0m:0s left)
Optimizing NNI: done in 0.00475917 secs using 825.6% CPU
Optimizing NNI: done in 0.00473653 secs using 732.4% CPU
Optimizing NNI: done in 0.0104129 secs using 848.4% CPU
Optimizing NNI: done in 0.0101199 secs using 750.1% CPU
Optimizing NNI: done in 0.0049574 secs using 665.2% CPU
Optimizing NNI: done in 0.005402 secs using 868.5% CPU
Optimizing NNI: done in 0.00492544 secs using 835.9% CPU
Optimizing NNI: done in 0.00446139 secs using 830.6% CPU
Optimizing NNI: done in 0.00494766 secs using 761.8% CPU
Optimizing NNI: done in 0.00477079 secs using 797.9% CPU
Iteration 170 / LogL: -1912.845 / Time: 0h:0m:1s (0h:0m:0s left)
Optimizing NNI: done in 0.00465253 secs using 804% CPU
Optimizing NNI: done in 0.0041548 secs using 746.1% CPU
Optimizing NNI: done in 0.00479338 secs using 806.7% CPU
Optimizing NNI: done in 0.00472457 secs using 673.4% CPU
Optimizing NNI: done in 0.00417098 secs using 874.9% CPU
Optimizing NNI: done in 0.00481615 secs using 749.7% CPU
Optimizing NNI: done in 0.00491316 secs using 920% CPU
Optimizing NNI: done in 0.00500378 secs using 620.5% CPU
Optimizing NNI: done in 0.0102253 secs using 793.5% CPU
Optimizing NNI: done in 0.00466853 secs using 717.5% CPU
Iteration 180 / LogL: -1912.845 / Time: 0h:0m:1s (0h:0m:0s left)
Optimizing NNI: done in 0.0155298 secs using 660.8% CPU
Optimizing NNI: done in 0.00468107 secs using 891.7% CPU
Optimizing NNI: done in 0.00467359 secs using 577.5% CPU
Optimizing NNI: done in 0.00498363 secs using 686.5% CPU
Optimizing NNI: done in 0.00466391 secs using 935.4% CPU
Optimizing NNI: done in 0.0046821 secs using 869.2% CPU
Optimizing NNI: done in 0.00441153 secs using 778.1% CPU
Optimizing NNI: done in 0.00500355 secs using 713.9% CPU
Optimizing NNI: done in 0.00464649 secs using 792.9% CPU
Optimizing NNI: done in 0.0102868 secs using 747.5% CPU
Iteration 190 / LogL: -1912.847 / Time: 0h:0m:1s (0h:0m:0s left)
Optimizing NNI: done in 0.0049543 secs using 870% CPU
Optimizing NNI: done in 0.00489273 secs using 761.9% CPU
Optimizing NNI: done in 0.00511722 secs using 869.6% CPU
Optimizing NNI: done in 0.00488282 secs using 858.2% CPU
Optimizing NNI: done in 0.00493074 secs using 896% CPU
Optimizing NNI: done in 0.00953865 secs using 876.6% CPU
Optimizing NNI: done in 0.0048036 secs using 872.4% CPU
Optimizing NNI: done in 0.00493539 secs using 742.8% CPU
Optimizing NNI: done in 0.0100615 secs using 839.6% CPU
Optimizing NNI: done in 0.0148743 secs using 866.8% CPU
Iteration 200 / LogL: -1912.846 / Time: 0h:0m:1s (0h:0m:0s left)
Log-likelihood cutoff on original alignment: -1923.221
NOTE: Bootstrap correlation coefficient of split occurrence frequencies: 0.980
NOTE: UFBoot does not converge, continue at least 100 more iterations
Optimizing NNI: done in 0.00456243 secs using 797.3% CPU
Optimizing NNI: done in 0.00466406 secs using 648.1% CPU
Optimizing NNI: done in 0.00463993 secs using 676.8% CPU
Optimizing NNI: done in 0.00468662 secs using 904.1% CPU
Optimizing NNI: done in 0.00397685 secs using 853.7% CPU
Optimizing NNI: done in 0.00475604 secs using 728% CPU
Optimizing NNI: done in 0.00982569 secs using 588.2% CPU
Optimizing NNI: done in 0.00464292 secs using 787.3% CPU
Optimizing NNI: done in 0.00903196 secs using 766.8% CPU
Optimizing NNI: done in 0.00472489 secs using 619.7% CPU
Iteration 210 / LogL: -1912.845 / Time: 0h:0m:1s (0h:0m:0s left)
Optimizing NNI: done in 0.00471963 secs using 696.9% CPU
Optimizing NNI: done in 0.00450412 secs using 811.5% CPU
Optimizing NNI: done in 0.00470293 secs using 624.8% CPU
Optimizing NNI: done in 0.00894044 secs using 860.5% CPU
Optimizing NNI: done in 0.00474741 secs using 811.1% CPU
Optimizing NNI: done in 0.00519207 secs using 819.8% CPU
Optimizing NNI: done in 0.0108051 secs using 618.2% CPU
Optimizing NNI: done in 0.00519104 secs using 989% CPU
Optimizing NNI: done in 0.00533501 secs using 811.4% CPU
Optimizing NNI: done in 0.00539259 secs using 825.2% CPU
Iteration 220 / LogL: -1912.845 / Time: 0h:0m:2s (0h:0m:0s left)
Optimizing NNI: done in 0.0101945 secs using 740.2% CPU
Optimizing NNI: done in 0.00522862 secs using 815.1% CPU
Optimizing NNI: done in 0.0114546 secs using 747.5% CPU
Optimizing NNI: done in 0.0112454 secs using 779.7% CPU
Optimizing NNI: done in 0.00504926 secs using 767.9% CPU
Optimizing NNI: done in 0.00543892 secs using 602.6% CPU
Optimizing NNI: done in 0.0112054 secs using 783.9% CPU
Optimizing NNI: done in 0.00528914 secs using 693.5% CPU
Optimizing NNI: done in 0.00550371 secs using 789.5% CPU
Optimizing NNI: done in 0.00550998 secs using 703.7% CPU
Iteration 230 / LogL: -1912.845 / Time: 0h:0m:2s (0h:0m:0s left)
Optimizing NNI: done in 0.00524217 secs using 784.9% CPU
Optimizing NNI: done in 0.0052867 secs using 749.3% CPU
Optimizing NNI: done in 0.00454648 secs using 687.5% CPU
Optimizing NNI: done in 0.00528334 secs using 823.6% CPU
Optimizing NNI: done in 0.00524856 secs using 738.1% CPU
Optimizing NNI: done in 0.00548375 secs using 749% CPU
Optimizing NNI: done in 0.0109098 secs using 670.2% CPU
Optimizing NNI: done in 0.0108031 secs using 711.4% CPU
Optimizing NNI: done in 0.0107134 secs using 806.5% CPU
Optimizing NNI: done in 0.00527018 secs using 842.3% CPU
Iteration 240 / LogL: -1912.845 / Time: 0h:0m:2s (0h:0m:0s left)
Optimizing NNI: done in 0.00520066 secs using 646.3% CPU
Optimizing NNI: done in 0.0110848 secs using 753.8% CPU
Optimizing NNI: done in 0.00527689 secs using 738.1% CPU
Optimizing NNI: done in 0.0045129 secs using 814.4% CPU
Optimizing NNI: done in 0.0103771 secs using 667% CPU
Optimizing NNI: done in 0.00597413 secs using 745.1% CPU
Optimizing NNI: done in 0.00581653 secs using 851.4% CPU
Optimizing NNI: done in 0.0122522 secs using 636.5% CPU
Optimizing NNI: done in 0.0121699 secs using 731.2% CPU
Optimizing NNI: done in 0.0115071 secs using 710.6% CPU
Iteration 250 / LogL: -1912.845 / Time: 0h:0m:2s (0h:0m:0s left)
Log-likelihood cutoff on original alignment: -1923.221
Optimizing NNI: done in 0.00582796 secs using 696.7% CPU
Optimizing NNI: done in 0.00575072 secs using 773.8% CPU
Optimizing NNI: done in 0.00489734 secs using 838.7% CPU
Optimizing NNI: done in 0.00572902 secs using 659.6% CPU
Optimizing NNI: done in 0.0114718 secs using 673.4% CPU
Optimizing NNI: done in 0.011985 secs using 806.6% CPU
Optimizing NNI: done in 0.00531704 secs using 787.9% CPU
Optimizing NNI: done in 0.00538058 secs using 907.6% CPU
Optimizing NNI: done in 0.0102058 secs using 690.3% CPU
Optimizing NNI: done in 0.011011 secs using 725.6% CPU
Iteration 260 / LogL: -1912.845 / Time: 0h:0m:2s (0h:0m:0s left)
Optimizing NNI: done in 0.0103266 secs using 803.3% CPU
Optimizing NNI: done in 0.0052293 secs using 859.6% CPU
Optimizing NNI: done in 0.0109652 secs using 725.6% CPU
Optimizing NNI: done in 0.00540893 secs using 807.5% CPU
Optimizing NNI: done in 0.0104977 secs using 780.6% CPU
Optimizing NNI: done in 0.0115169 secs using 830.8% CPU
Optimizing NNI: done in 0.00597005 secs using 673.5% CPU
Optimizing NNI: done in 0.0116693 secs using 721.3% CPU
Optimizing NNI: done in 0.0114513 secs using 667.6% CPU
Optimizing NNI: done in 0.00612237 secs using 680.4% CPU
Iteration 270 / LogL: -1912.845 / Time: 0h:0m:2s (0h:0m:0s left)
Optimizing NNI: done in 0.00600841 secs using 813.9% CPU
Optimizing NNI: done in 0.00573005 secs using 534.2% CPU
Optimizing NNI: done in 0.00581294 secs using 771% CPU
Optimizing NNI: done in 0.00570569 secs using 877.5% CPU
Optimizing NNI: done in 0.00534212 secs using 738.9% CPU
Optimizing NNI: done in 0.00543085 secs using 697.4% CPU
Optimizing NNI: done in 0.00545407 secs using 642.1% CPU
Optimizing NNI: done in 0.00482525 secs using 719.9% CPU
Optimizing NNI: done in 0.0113043 secs using 783% CPU
Optimizing NNI: done in 0.00521514 secs using 837.8% CPU
Iteration 280 / LogL: -1912.845 / Time: 0h:0m:2s (0h:0m:0s left)
Optimizing NNI: done in 0.0165792 secs using 724.1% CPU
Optimizing NNI: done in 0.00543293 secs using 753.4% CPU
Optimizing NNI: done in 0.0112685 secs using 715.2% CPU
Optimizing NNI: done in 0.00513459 secs using 882.5% CPU
Optimizing NNI: done in 0.00522809 secs using 768.2% CPU
Optimizing NNI: done in 0.00465232 secs using 876.6% CPU
Optimizing NNI: done in 0.0107475 secs using 785.2% CPU
Optimizing NNI: done in 0.0166189 secs using 751.3% CPU
Optimizing NNI: done in 0.00525895 secs using 712.8% CPU
Optimizing NNI: done in 0.00458745 secs using 787.6% CPU
Iteration 290 / LogL: -1912.845 / Time: 0h:0m:2s (0h:0m:0s left)
Optimizing NNI: done in 0.0111007 secs using 837.5% CPU
Optimizing NNI: done in 0.00456939 secs using 615% CPU
Optimizing NNI: done in 0.00527394 secs using 646.3% CPU
Optimizing NNI: done in 0.00519294 secs using 792.8% CPU
Optimizing NNI: done in 0.00551635 secs using 812.1% CPU
Optimizing NNI: done in 0.0109396 secs using 753.2% CPU
Optimizing NNI: done in 0.00537192 secs using 747.9% CPU
Optimizing NNI: done in 0.00534313 secs using 897.3% CPU
Optimizing NNI: done in 0.0109922 secs using 628.5% CPU
Optimizing NNI: done in 0.00522808 secs using 844.8% CPU
Iteration 300 / LogL: -1912.845 / Time: 0h:0m:2s (0h:0m:0s left)
Log-likelihood cutoff on original alignment: -1923.221
NOTE: Bootstrap correlation coefficient of split occurrence frequencies: 0.975
NOTE: UFBoot does not converge, continue at least 100 more iterations
Optimizing NNI: done in 0.00521842 secs using 835.8% CPU
Optimizing NNI: done in 0.00461919 secs using 832.3% CPU
Optimizing NNI: done in 0.00509269 secs using 681% CPU
Optimizing NNI: done in 0.00521603 secs using 686.3% CPU
Optimizing NNI: done in 0.0105677 secs using 777.1% CPU
Optimizing NNI: done in 0.00522248 secs using 938.4% CPU
Optimizing NNI: done in 0.00533458 secs using 800% CPU
Optimizing NNI: done in 0.00556914 secs using 832.9% CPU
Optimizing NNI: done in 0.00515447 secs using 836.3% CPU
Optimizing NNI: done in 0.0169165 secs using 731.3% CPU
Iteration 310 / LogL: -1912.846 / Time: 0h:0m:2s (0h:0m:0s left)
Optimizing NNI: done in 0.0110448 secs using 774.2% CPU
Optimizing NNI: done in 0.00558854 secs using 834% CPU
Optimizing NNI: done in 0.00540144 secs using 903.9% CPU
Optimizing NNI: done in 0.00537633 secs using 915.4% CPU
Optimizing NNI: done in 0.00537603 secs using 805.1% CPU
Optimizing NNI: done in 0.00525386 secs using 658.3% CPU
Optimizing NNI: done in 0.00516587 secs using 835.5% CPU
Optimizing NNI: done in 0.00491915 secs using 787.1% CPU
Optimizing NNI: done in 0.0111596 secs using 781.5% CPU
Optimizing NNI: done in 0.00433302 secs using 639% CPU
Iteration 320 / LogL: -1912.845 / Time: 0h:0m:3s (0h:0m:0s left)
Optimizing NNI: done in 0.00527159 secs using 755.5% CPU
Optimizing NNI: done in 0.00525111 secs using 833.8% CPU
Optimizing NNI: done in 0.00528878 secs using 873% CPU
Optimizing NNI: done in 0.00699508 secs using 656.5% CPU
Optimizing NNI: done in 0.00479008 secs using 742.7% CPU
Optimizing NNI: done in 0.00435978 secs using 802.4% CPU
Optimizing NNI: done in 0.00447952 secs using 753% CPU
Optimizing NNI: done in 0.004264 secs using 670.4% CPU
Optimizing NNI: done in 0.00420942 secs using 831.9% CPU
Optimizing NNI: done in 0.00908809 secs using 811.6% CPU
Iteration 330 / LogL: -1912.845 / Time: 0h:0m:3s (0h:0m:0s left)
Optimizing NNI: done in 0.00355106 secs using 721.3% CPU
Optimizing NNI: done in 0.00405906 secs using 821.8% CPU
Optimizing NNI: done in 0.0040995 secs using 859.2% CPU
Optimizing NNI: done in 0.00410682 secs using 848.7% CPU
Optimizing NNI: done in 0.00847907 secs using 787.9% CPU
Optimizing NNI: done in 0.00863643 secs using 680.7% CPU
Optimizing NNI: done in 0.00408666 secs using 797.3% CPU
Optimizing NNI: done in 0.00407904 secs using 817.3% CPU
Optimizing NNI: done in 0.00426298 secs using 794.2% CPU
Optimizing NNI: done in 0.00880336 secs using 697.4% CPU
Iteration 340 / LogL: -1912.845 / Time: 0h:0m:3s (0h:0m:0s left)
Optimizing NNI: done in 0.00411772 secs using 786.5% CPU
Optimizing NNI: done in 0.00419054 secs using 780.1% CPU
Optimizing NNI: done in 0.00844644 secs using 811.1% CPU
Optimizing NNI: done in 0.00410565 secs using 799.7% CPU
Optimizing NNI: done in 0.00414067 secs using 819.1% CPU
Optimizing NNI: done in 0.00462648 secs using 855.6% CPU
Optimizing NNI: done in 0.00401435 secs using 800% CPU
Optimizing NNI: done in 0.00416818 secs using 801% CPU
Optimizing NNI: done in 0.00871727 secs using 833% CPU
Optimizing NNI: done in 0.00888733 secs using 643.6% CPU
Iteration 350 / LogL: -1912.845 / Time: 0h:0m:3s (0h:0m:0s left)
Log-likelihood cutoff on original alignment: -1923.221
Optimizing NNI: done in 0.00828062 secs using 796.8% CPU
Optimizing NNI: done in 0.00420891 secs using 801.9% CPU
Optimizing NNI: done in 0.00886601 secs using 630.2% CPU
Optimizing NNI: done in 0.00362995 secs using 737.9% CPU
Optimizing NNI: done in 0.00401586 secs using 836.7% CPU
Optimizing NNI: done in 0.00912807 secs using 768% CPU
Optimizing NNI: done in 0.00881094 secs using 769% CPU
Optimizing NNI: done in 0.00448648 secs using 744.5% CPU
Optimizing NNI: done in 0.00413287 secs using 758.6% CPU
Optimizing NNI: done in 0.00864629 secs using 764.2% CPU
Iteration 360 / LogL: -1912.847 / Time: 0h:0m:3s (0h:0m:0s left)
Optimizing NNI: done in 0.00361096 secs using 551.7% CPU
Optimizing NNI: done in 0.00414171 secs using 625.9% CPU
Optimizing NNI: done in 0.00372329 secs using 863.5% CPU
Optimizing NNI: done in 0.00370049 secs using 745.3% CPU
Optimizing NNI: done in 0.00423935 secs using 329.5% CPU
Optimizing NNI: done in 0.00442311 secs using 725.5% CPU
Optimizing NNI: done in 0.00434336 secs using 805.4% CPU
Optimizing NNI: done in 0.00418973 secs using 717.9% CPU
Optimizing NNI: done in 0.0041404 secs using 762.2% CPU
Optimizing NNI: done in 0.00399846 secs using 732.8% CPU
Iteration 370 / LogL: -1912.845 / Time: 0h:0m:3s (0h:0m:0s left)
Optimizing NNI: done in 0.00422376 secs using 800.2% CPU
Optimizing NNI: done in 0.00466629 secs using 812.6% CPU
Optimizing NNI: done in 0.00422492 secs using 765.3% CPU
Optimizing NNI: done in 0.00421152 secs using 816% CPU
Optimizing NNI: done in 0.00414699 secs using 759.2% CPU
Optimizing NNI: done in 0.00417999 secs using 817% CPU
Optimizing NNI: done in 0.00399205 secs using 693.1% CPU
Optimizing NNI: done in 0.00398168 secs using 840.6% CPU
Optimizing NNI: done in 0.00426293 secs using 776.2% CPU
Optimizing NNI: done in 0.0041335 secs using 846% CPU
Iteration 380 / LogL: -1912.845 / Time: 0h:0m:3s (0h:0m:0s left)
Optimizing NNI: done in 0.00408864 secs using 680.7% CPU
Optimizing NNI: done in 0.00407484 secs using 589.3% CPU
Optimizing NNI: done in 0.00407912 secs using 646% CPU
Optimizing NNI: done in 0.00403349 secs using 874.1% CPU
Optimizing NNI: done in 0.00425519 secs using 714.8% CPU
Optimizing NNI: done in 0.00415944 secs using 821.3% CPU
Optimizing NNI: done in 0.00434848 secs using 801.3% CPU
Optimizing NNI: done in 0.00362707 secs using 701.6% CPU
Optimizing NNI: done in 0.00367524 secs using 741.7% CPU
Optimizing NNI: done in 0.0087697 secs using 727.9% CPU
Iteration 390 / LogL: -1912.845 / Time: 0h:0m:3s (0h:0m:0s left)
Optimizing NNI: done in 0.00881141 secs using 595.2% CPU
Optimizing NNI: done in 0.00880661 secs using 804.4% CPU
Optimizing NNI: done in 0.00887952 secs using 700.6% CPU
Optimizing NNI: done in 0.00418604 secs using 792.5% CPU
Optimizing NNI: done in 0.0043948 secs using 568.6% CPU
Optimizing NNI: done in 0.00414602 secs using 791.6% CPU
Optimizing NNI: done in 0.00861507 secs using 682.7% CPU
Optimizing NNI: done in 0.0042945 secs using 604.4% CPU
Optimizing NNI: done in 0.00426491 secs using 772.2% CPU
Optimizing NNI: done in 0.00864438 secs using 795.2% CPU
Iteration 400 / LogL: -1912.845 / Time: 0h:0m:3s (0h:0m:0s left)
Log-likelihood cutoff on original alignment: -1923.221
NOTE: Bootstrap correlation coefficient of split occurrence frequencies: 0.978
NOTE: UFBoot does not converge, continue at least 100 more iterations
Optimizing NNI: done in 0.00835421 secs using 845.1% CPU
Optimizing NNI: done in 0.0042801 secs using 889% CPU
Optimizing NNI: done in 0.00886274 secs using 773.9% CPU
Optimizing NNI: done in 0.00400473 secs using 804.8% CPU
Optimizing NNI: done in 0.00892784 secs using 828.1% CPU
Optimizing NNI: done in 0.00850761 secs using 841.6% CPU
Optimizing NNI: done in 0.00409362 secs using 867.1% CPU
Optimizing NNI: done in 0.00415777 secs using 835.9% CPU
Optimizing NNI: done in 0.0083593 secs using 794.1% CPU
Optimizing NNI: done in 0.0039328 secs using 867.8% CPU
Iteration 410 / LogL: -1912.845 / Time: 0h:0m:3s (0h:0m:0s left)
Optimizing NNI: done in 0.00409412 secs using 617.1% CPU
Optimizing NNI: done in 0.00394183 secs using 659% CPU
Optimizing NNI: done in 0.00399323 secs using 503.5% CPU
Optimizing NNI: done in 0.00879845 secs using 708.4% CPU
Optimizing NNI: done in 0.0128608 secs using 800.3% CPU
Optimizing NNI: done in 0.00410266 secs using 635.1% CPU
Optimizing NNI: done in 0.0087292 secs using 850.8% CPU
Optimizing NNI: done in 0.00420337 secs using 773.8% CPU
Optimizing NNI: done in 0.00387425 secs using 886.4% CPU
Optimizing NNI: done in 0.00423996 secs using 755.7% CPU
Iteration 420 / LogL: -1912.845 / Time: 0h:0m:3s (0h:0m:0s left)
Optimizing NNI: done in 0.00408658 secs using 801.6% CPU
Optimizing NNI: done in 0.00406247 secs using 834% CPU
Optimizing NNI: done in 0.00412491 secs using 804.1% CPU
Optimizing NNI: done in 0.00417533 secs using 824.1% CPU
Optimizing NNI: done in 0.00360497 secs using 890.3% CPU
Optimizing NNI: done in 0.00420364 secs using 762.9% CPU
Optimizing NNI: done in 0.00419405 secs using 798.4% CPU
Optimizing NNI: done in 0.00860943 secs using 788.1% CPU
Optimizing NNI: done in 0.00395591 secs using 878% CPU
Optimizing NNI: done in 0.00358107 secs using 512.6% CPU
Iteration 430 / LogL: -1912.845 / Time: 0h:0m:3s (0h:0m:0s left)
Optimizing NNI: done in 0.00834888 secs using 792.5% CPU
Optimizing NNI: done in 0.00794483 secs using 827.9% CPU
Optimizing NNI: done in 0.00425426 secs using 695.7% CPU
Optimizing NNI: done in 0.00819737 secs using 733.7% CPU
Optimizing NNI: done in 0.00411594 secs using 738.2% CPU
Optimizing NNI: done in 0.00862118 secs using 851.5% CPU
Optimizing NNI: done in 0.00361225 secs using 861.2% CPU
Optimizing NNI: done in 0.00353187 secs using 918.9% CPU
Optimizing NNI: done in 0.00425614 secs using 814.8% CPU
Optimizing NNI: done in 0.00848767 secs using 762.7% CPU
Iteration 440 / LogL: -1912.845 / Time: 0h:0m:4s (0h:0m:0s left)
Optimizing NNI: done in 0.00419988 secs using 631.3% CPU
Optimizing NNI: done in 0.00802695 secs using 685.5% CPU
Optimizing NNI: done in 0.00419206 secs using 747.6% CPU
Optimizing NNI: done in 0.00806702 secs using 762% CPU
Optimizing NNI: done in 0.00863627 secs using 798.7% CPU
Optimizing NNI: done in 0.00807202 secs using 653.1% CPU
Optimizing NNI: done in 0.00802053 secs using 514.5% CPU
Optimizing NNI: done in 0.00403971 secs using 789.6% CPU
Optimizing NNI: done in 0.0040525 secs using 868.7% CPU
Optimizing NNI: done in 0.00405296 secs using 808.2% CPU
Iteration 450 / LogL: -1912.845 / Time: 0h:0m:4s (0h:0m:0s left)
Log-likelihood cutoff on original alignment: -1923.221
Optimizing NNI: done in 0.00409134 secs using 641.5% CPU
Optimizing NNI: done in 0.00413326 secs using 945.5% CPU
Optimizing NNI: done in 0.00415576 secs using 634.1% CPU
Optimizing NNI: done in 0.00353669 secs using 778.1% CPU
Optimizing NNI: done in 0.00841215 secs using 795.6% CPU
Optimizing NNI: done in 0.00427555 secs using 800.7% CPU
Optimizing NNI: done in 0.00418157 secs using 629.5% CPU
Optimizing NNI: done in 0.00415859 secs using 839.3% CPU
Optimizing NNI: done in 0.00401292 secs using 744.6% CPU
Optimizing NNI: done in 0.00404732 secs using 832.2% CPU
Iteration 460 / LogL: -1912.845 / Time: 0h:0m:4s (0h:0m:0s left)
Optimizing NNI: done in 0.00420789 secs using 786.8% CPU
Optimizing NNI: done in 0.00409078 secs using 381.3% CPU
Optimizing NNI: done in 0.00369817 secs using 829.4% CPU
Optimizing NNI: done in 0.00814577 secs using 818.3% CPU
Optimizing NNI: done in 0.00423058 secs using 629.1% CPU
Optimizing NNI: done in 0.00422766 secs using 793.9% CPU
Optimizing NNI: done in 0.00410236 secs using 678.5% CPU
Optimizing NNI: done in 0.00406776 secs using 469.7% CPU
Optimizing NNI: done in 0.00421694 secs using 861% CPU
Optimizing NNI: done in 0.00433041 secs using 778.4% CPU
Iteration 470 / LogL: -1912.845 / Time: 0h:0m:4s (0h:0m:0s left)
Optimizing NNI: done in 0.00409313 secs using 633.7% CPU
Optimizing NNI: done in 0.00868261 secs using 799.6% CPU
Optimizing NNI: done in 0.00815751 secs using 739% CPU
Optimizing NNI: done in 0.00402576 secs using 732.4% CPU
Optimizing NNI: done in 0.00412151 secs using 842.8% CPU
Optimizing NNI: done in 0.00423312 secs using 643.6% CPU
Optimizing NNI: done in 0.00838227 secs using 728.4% CPU
Optimizing NNI: done in 0.00861578 secs using 835.9% CPU
Optimizing NNI: done in 0.00859102 secs using 832.3% CPU
Optimizing NNI: done in 0.00441777 secs using 925.1% CPU
Iteration 480 / LogL: -1912.845 / Time: 0h:0m:4s (0h:0m:0s left)
Optimizing NNI: done in 0.00407664 secs using 692.6% CPU
Optimizing NNI: done in 0.0086721 secs using 651.8% CPU
Optimizing NNI: done in 0.00827362 secs using 746.8% CPU
Optimizing NNI: done in 0.00409079 secs using 856.7% CPU
Optimizing NNI: done in 0.00860139 secs using 626.3% CPU
Optimizing NNI: done in 0.0132405 secs using 763.3% CPU
Optimizing NNI: done in 0.00404218 secs using 833% CPU
Optimizing NNI: done in 0.00364679 secs using 771.9% CPU
Optimizing NNI: done in 0.00866246 secs using 796.9% CPU
Optimizing NNI: done in 0.00403644 secs using 811.4% CPU
Iteration 490 / LogL: -1912.845 / Time: 0h:0m:4s (0h:0m:0s left)
Optimizing NNI: done in 0.00421298 secs using 832.9% CPU
Optimizing NNI: done in 0.00407015 secs using 747.1% CPU
Optimizing NNI: done in 0.00429469 secs using 625% CPU
Optimizing NNI: done in 0.00414809 secs using 820.5% CPU
Optimizing NNI: done in 0.0041626 secs using 711% CPU
Optimizing NNI: done in 0.0084581 secs using 590.7% CPU
Optimizing NNI: done in 0.00424115 secs using 725.2% CPU
Optimizing NNI: done in 0.00833763 secs using 677.7% CPU
Optimizing NNI: done in 0.0039513 secs using 704.5% CPU
Optimizing NNI: done in 0.00421164 secs using 775.4% CPU
Iteration 500 / LogL: -1912.845 / Time: 0h:0m:4s (0h:0m:0s left)
Log-likelihood cutoff on original alignment: -1923.221
NOTE: Bootstrap correlation coefficient of split occurrence frequencies: 0.994
TREE SEARCH COMPLETED AFTER 500 ITERATIONS / Time: 0h:0m:4s

--------------------------------------------------------------------
|                    FINALIZING TREE SEARCH                        |
--------------------------------------------------------------------
Performs final model parameters optimization
Estimate model parameters (epsilon = 0.010)
1. Initial log-likelihood: -1912.845
Optimal log-likelihood: -1912.845
Gamma shape alpha: 0.297
Parameters optimization took 1 rounds (0.002 sec)
BEST SCORE FOUND : -1912.845
Creating bootstrap support values...
Split supports printed to NEXUS file results/per_year_clustered/H1N1/trees/H1N1_2014.splits.nex
Total tree length: 0.059

Total number of iterations: 500
CPU time used for tree search: 33.947 sec (0h:0m:33s)
Wall-clock time used for tree search: 4.454 sec (0h:0m:4s)
Total CPU time used: 34.393 sec (0h:0m:34s)
Total wall-clock time used: 4.512 sec (0h:0m:4s)

Computing bootstrap consensus tree...
Reading input file results/per_year_clustered/H1N1/trees/H1N1_2014.splits.nex...
6 taxa and 31 splits.
Consensus tree written to results/per_year_clustered/H1N1/trees/H1N1_2014.contree
Reading input trees file results/per_year_clustered/H1N1/trees/H1N1_2014.contree
Log-likelihood of consensus tree: -1912.848

Analysis results written to: 
  IQ-TREE report:                results/per_year_clustered/H1N1/trees/H1N1_2014.iqtree
  Maximum-likelihood tree:       results/per_year_clustered/H1N1/trees/H1N1_2014.treefile
  Likelihood distances:          results/per_year_clustered/H1N1/trees/H1N1_2014.mldist

Ultrafast bootstrap approximation results written to:
  Split support values:          results/per_year_clustered/H1N1/trees/H1N1_2014.splits.nex
  Consensus tree:                results/per_year_clustered/H1N1/trees/H1N1_2014.contree
  Screen log file:               results/per_year_clustered/H1N1/trees/H1N1_2014.log

Date and Time: Thu Nov 20 16:55:16 2025
