IQ-TREE version 3.0.1 for Linux x86 64-bit built Jul  9 2025
Developed by Bui Quang Minh, Thomas Wong, Nhan Ly-Trong, Huaiyan Ren
Contributed by Lam-Tung Nguyen, Dominik Schrempf, Chris Bielow,
Olga Chernomor, Michael Woodhams, Diep Thi Hoang, Heiko Schmidt

Host:    rtis-hpc-r09.uod.otago.ac.nz (AVX2, FMA3, 1006 GB RAM)
Command: iqtree -s results/per_year_clustered/H1N1/alignments/H1N1_2014_aligned.fasta -m LG+G4 -te results/per_year_clustered/H1N1/trees/H1N1_2014.treefile -asr -pre results/per_year_clustered/H1N1/trees/H1N1_2014_asr -redo -quiet
Seed:    604194 (Using SPRNG - Scalable Parallel Random Number Generator)
Time:    Sat Nov 22 10:55:57 2025
Kernel:  AVX+FMA - 1 threads (8 CPU cores detected)

HINT: Use -nt option to specify number of threads because your CPU has 8 cores!
HINT: -nt AUTO will automatically determine the best number of threads to use.

Reading alignment file results/per_year_clustered/H1N1/alignments/H1N1_2014_aligned.fasta ... Fasta format detected
Reading fasta file: done in 8.1002e-05 secs using 32.1% CPU
Alignment most likely contains protein sequences
Constructing alignment: done in 0.000193233 secs using 33.12% CPU
Alignment has 6 sequences with 566 columns, 51 distinct patterns
5 parsimony-informative, 26 singleton sites, 535 constant sites
                                                                    Gap/Ambiguity  Composition  p-value
Analyzing sequences: done in 4.79911e-06 secs using 41.67% CPU
   1  EPI534694|HA|A/NARA/30/2014|EPI_ISL_163850|A_/_H1N1                   0.00%    passed    100.00%
   2  EPI574054|HA|A/Nepal/2582B/2014|EPI_ISL_174819|A_/_H1N1               0.00%    passed    100.00%
   3  EPI531973|HA|A/IBARAKI/11/2014|EPI_ISL_162671|A_/_H1N1                0.00%    passed    100.00%
   4  EPI677813|HA|A/England/40800135/2014|EPI_ISL_202969|A_/_H1N1          0.00%    passed    100.00%
   5  EPI2184551|HA|A/Catalonia/NSVH37222/2014|EPI_ISL_15083870|A_/_H1N1    0.00%    passed    100.00%
   6  EPI2187043|HA|A/Newcastle/1025/2014|EPI_ISL_15146406|A_/_H1N1         0.18%    passed    100.00%
****  TOTAL                                                                 0.03%  0 sequences failed composition chi2 test (p-value<5%; df=19)
Reading input tree file results/per_year_clustered/H1N1/trees/H1N1_2014.treefile ...

NOTE: 0 MB RAM (0 GB) is required!
Estimate model parameters (epsilon = 0.010)
1. Initial log-likelihood: -1913.064
2. Current log-likelihood: -1912.847
Optimal log-likelihood: -1912.845
Gamma shape alpha: 0.297
Parameters optimization took 2 rounds (0.005 sec)
Wrote distance file to... 
BEST SCORE FOUND : -1912.845
Ancestral state probabilities printed to results/per_year_clustered/H1N1/trees/H1N1_2014_asr.state
Total tree length: 0.059

Total number of iterations: 0
CPU time used for tree search: 0.000 sec (0h:0m:0s)
Wall-clock time used for tree search: 0.000 sec (0h:0m:0s)
Total CPU time used: 0.027 sec (0h:0m:0s)
Total wall-clock time used: 0.046 sec (0h:0m:0s)

Analysis results written to: 
  IQ-TREE report:                results/per_year_clustered/H1N1/trees/H1N1_2014_asr.iqtree
  Maximum-likelihood tree:       results/per_year_clustered/H1N1/trees/H1N1_2014_asr.treefile
  Ancestral state:               results/per_year_clustered/H1N1/trees/H1N1_2014_asr.state
  Screen log file:               results/per_year_clustered/H1N1/trees/H1N1_2014_asr.log

Date and Time: Sat Nov 22 10:55:57 2025
