IQ-TREE version 3.0.1 for Linux x86 64-bit built Jul  9 2025
Developed by Bui Quang Minh, Thomas Wong, Nhan Ly-Trong, Huaiyan Ren
Contributed by Lam-Tung Nguyen, Dominik Schrempf, Chris Bielow,
Olga Chernomor, Michael Woodhams, Diep Thi Hoang, Heiko Schmidt

Host:    rtis-hpc-r09.uod.otago.ac.nz (AVX2, FMA3, 1006 GB RAM)
Command: iqtree -s results/per_year_clustered/H1N1/alignments/H1N1_2017_aligned.fasta -m LG+G4 -te results/per_year_clustered/H1N1/trees/H1N1_2017.treefile -asr -pre results/per_year_clustered/H1N1/trees/H1N1_2017_asr -redo -quiet
Seed:    111138 (Using SPRNG - Scalable Parallel Random Number Generator)
Time:    Sat Nov 22 10:56:41 2025
Kernel:  AVX+FMA - 1 threads (8 CPU cores detected)

HINT: Use -nt option to specify number of threads because your CPU has 8 cores!
HINT: -nt AUTO will automatically determine the best number of threads to use.

Reading alignment file results/per_year_clustered/H1N1/alignments/H1N1_2017_aligned.fasta ... Fasta format detected
Reading fasta file: done in 0.000269715 secs using 49.68% CPU
Alignment most likely contains protein sequences
Constructing alignment: done in 0.000242114 secs using 49.98% CPU
Alignment has 30 sequences with 566 columns, 112 distinct patterns
20 parsimony-informative, 73 singleton sites, 473 constant sites
                                                                    Gap/Ambiguity  Composition  p-value
Analyzing sequences: done in 9.75793e-06 secs using 51.24% CPU
   1  EPI994076|HA|A/Maldives/01/2017|EPI_ISL_262692|A_/_H1N1               0.00%    passed    100.00%
   2  EPI1160053|HA|A/Amasya/576/2017|EPI_ISL_295534|A_/_H1N1               0.00%    passed    100.00%
   3  EPI1160074|HA|A/Amasya/622/2017|EPI_ISL_295542|A_/_H1N1               0.00%    passed    100.00%
   4  EPI1160065|HA|A/Giresun/612/2017|EPI_ISL_295539|A_/_H1N1              0.00%    passed    100.00%
   5  EPI1319384|HA|A/Malaysia/RP0351/2017|EPI_ISL_331302|A_/_H1N1          0.00%    passed    100.00%
   6  EPI1175790|HA|A/Maldives/1499/2017|EPI_ISL_298530|A_/_H1N1            0.00%    passed    100.00%
   7  EPI1179980|HA|A/Abu_Dhabi/031/2017|EPI_ISL_299792|A_/_H1N1            0.00%    passed    100.00%
   8  EPI1188319|HA|A/Jordan/1975/2017|EPI_ISL_301339|A_/_H1N1              0.00%    passed    100.00%
   9  EPI1640769|HA|A/Vietnam/BM7/2017|EPI_ISL_400700|A_/_H1N1              0.00%    passed    100.00%
  10  EPI1024961|HA|A/Laos/0157/2017|EPI_ISL_269928|A_/_H1N1                0.00%    passed    100.00%
  11  EPI1195616|HA|A/Taiwan/1407/2017|EPI_ISL_302868|A_/_H1N1              0.00%    passed    100.00%
  12  EPI1039873|HA|A/Philippines/0287/2017|EPI_ISL_273799|A_/_H1N1         0.00%    passed    100.00%
  13  EPI1044642|HA|A/Philippines/5/2017|EPI_ISL_274907|A_/_H1N1            0.00%    passed    100.00%
  14  EPI2650507|HA|A/Saudi_Arabia/55/2017|EPI_ISL_18038001|A_/_H1N1        0.00%    passed    100.00%
  15  EPI1244278|HA|A/Malaysia/RP2210/2017|EPI_ISL_312599|A_/_H1N1          0.00%    passed    100.00%
  16  EPI1082188|HA|A/Oman/3205/2017|EPI_ISL_282192|A_/_H1N1                0.00%    passed    100.00%
  17  EPI1093966|HA|A/Laos/1448/2017|EPI_ISL_284086|A_/_H1N1                0.00%    passed    100.00%
  18  EPI1094014|HA|A/Laos/2197/2017|EPI_ISL_284092|A_/_H1N1                0.00%    passed    100.00%
  19  EPI1276369|HA|A/Singapore/KK1410/2017|EPI_ISL_321680|A_/_H1N1         0.00%    passed    100.00%
  20  EPI1282973|HA|A/Malaysia/RP2707/2017|EPI_ISL_322990|A_/_H1N1          0.00%    passed    100.00%
  21  EPI1145405|HA|A/Singapore/KK1341/2017|EPI_ISL_292426|A_/_H1N1         0.00%    passed    100.00%
  22  EPI1147215|HA|A/Vietnam/GHS969/2017|EPI_ISL_292684|A_/_H1N1           0.00%    passed    100.00%
  23  EPI982567|HA|A/Qatar/10-VI-17-0000393/2017|EPI_ISL_260165|A_/_H1N1    0.00%    passed    100.00%
  24  EPI1152187|HA|A/England/75180460/2017|EPI_ISL_293646|A_/_H1N1         0.00%    passed    100.00%
  25  EPI1082687|HA|A/Victoria/570/2017|EPI_ISL_282308|A_/_H1N1             0.00%    passed    100.00%
  26  EPI2044033|HA|A/Brisbane/194/2017|EPI_ISL_12850483|A_/_H1N1           0.00%    passed    100.00%
  27  EPI1162964|HA|A/Iowa/49/2017|EPI_ISL_296019|A_/_H1N1                  0.00%    passed    100.00%
  28  EPI1017431|HA|A/California/54/2017|EPI_ISL_268415|A_/_H1N1            0.00%    passed    100.00%
  29  EPI1118235|HA|A/California/121/2017|EPI_ISL_287697|A_/_H1N1           0.00%    passed    100.00%
  30  EPI989314|HA|A/Iowa/18/2017|EPI_ISL_261833|A_/_H1N1                   0.00%    passed    100.00%
****  TOTAL                                                                 0.00%  0 sequences failed composition chi2 test (p-value<5%; df=19)
Reading input tree file results/per_year_clustered/H1N1/trees/H1N1_2017.treefile ...

NOTE: 2 MB RAM (0 GB) is required!
Estimate model parameters (epsilon = 0.010)
1. Initial log-likelihood: -2683.256
2. Current log-likelihood: -2676.712
Optimal log-likelihood: -2676.705
Gamma shape alpha: 0.240
Parameters optimization took 2 rounds (0.086 sec)
Wrote distance file to... 
BEST SCORE FOUND : -2676.705
Ancestral state probabilities printed to results/per_year_clustered/H1N1/trees/H1N1_2017_asr.state
Total tree length: 0.233

Total number of iterations: 0
CPU time used for tree search: 0.000 sec (0h:0m:0s)
Wall-clock time used for tree search: 0.000 sec (0h:0m:0s)
Total CPU time used: 0.190 sec (0h:0m:0s)
Total wall-clock time used: 0.230 sec (0h:0m:0s)

Analysis results written to: 
  IQ-TREE report:                results/per_year_clustered/H1N1/trees/H1N1_2017_asr.iqtree
  Maximum-likelihood tree:       results/per_year_clustered/H1N1/trees/H1N1_2017_asr.treefile
  Ancestral state:               results/per_year_clustered/H1N1/trees/H1N1_2017_asr.state
  Screen log file:               results/per_year_clustered/H1N1/trees/H1N1_2017_asr.log

Date and Time: Sat Nov 22 10:56:41 2025
