IQ-TREE version 3.0.1 for Linux x86 64-bit built Jul  9 2025
Developed by Bui Quang Minh, Thomas Wong, Nhan Ly-Trong, Huaiyan Ren
Contributed by Lam-Tung Nguyen, Dominik Schrempf, Chris Bielow,
Olga Chernomor, Michael Woodhams, Diep Thi Hoang, Heiko Schmidt

Host:    aoraki-login.otago.ac.nz (AVX2, FMA3, 1007 GB RAM)
Command: iqtree -s results/per_year_clustered/H1N1/alignments/H1N1_2021_aligned.fasta -m LG+G4 -bb 1000 -nt 16 -pre results/per_year_clustered/H1N1/trees/H1N1_2021 -redo -quiet
Seed:    11666 (Using SPRNG - Scalable Parallel Random Number Generator)
Time:    Thu Nov 20 17:02:26 2025
Kernel:  AVX+FMA - 16 threads (128 CPU cores detected)

Reading alignment file results/per_year_clustered/H1N1/alignments/H1N1_2021_aligned.fasta ... Fasta format detected
Reading fasta file: done in 7.55321e-05 secs using 23.83% CPU
Alignment most likely contains protein sequences
Constructing alignment: done in 0.000267331 secs using 28.43% CPU
Alignment has 5 sequences with 566 columns, 57 distinct patterns
7 parsimony-informative, 35 singleton sites, 524 constant sites
                                                              Gap/Ambiguity  Composition  p-value
Analyzing sequences: done in 1.82036e-05 secs using 65.92% CPU
   1  EPI2024417|HA|A/Ibri/52121896/2021|EPI_ISL_12241633|A_/_H1N1    0.00%    passed    100.00%
   2  EPI1937582|HA|A/Canarias/9656/2021|EPI_ISL_6917705|A_/_H1N1     0.00%    passed    100.00%
   3  EPI1921887|HA|A/Maine/01/2021|EPI_ISL_5329262|A_/_H1N1          0.00%    passed    100.00%
   4  EPI1868847|HA|A/Iowa/02/2021|EPI_ISL_2479995|A_/_H1N1           0.00%    passed    100.00%
   5  EPI1941466|HA|A/Iowa/05/2021|EPI_ISL_7334894|A_/_H1N1           0.00%    passed    100.00%
****  TOTAL                                                           0.00%  0 sequences failed composition chi2 test (p-value<5%; df=19)
Checking for duplicate sequences: done in 1.75433e-05 secs using 62.7% CPU
Creating fast initial parsimony tree by random order stepwise addition...
0.003 seconds, parsimony score: 46 (based on 42 sites)
Generating 1000 samples for ultrafast bootstrap (seed: 11666)...
WARNING: 16 threads for alignment length 57 will slow down analysis

NOTE: 0 MB RAM (0 GB) is required!
WARNING: Number of threads seems too high for short alignments. Use -T AUTO to determine best number of threads.
Estimate model parameters (epsilon = 0.100)
1. Initial log-likelihood: -1981.623
2. Current log-likelihood: -1981.070
Optimal log-likelihood: -1981.064
Gamma shape alpha: 0.289
Parameters optimization took 2 rounds (0.007 sec)
Wrote distance file to... 
Computing ML distances based on estimated model parameters...
Calculating distance matrix: done in 0.00115673 secs using 1163% CPU
Computing ML distances took 0.001419 sec (of wall-clock time) 0.013711 sec (of CPU time)
Setting up auxiliary I and S matrices: done in 0.00136572 secs
Constructing RapidNJ tree: done in 0.00324708 secs using 621.5% CPU
Computing RapidNJ tree took 0.004723 sec (of wall-clock time) 0.022394 sec (of CPU time)
Log-likelihood of RapidNJ tree: -1979.655
--------------------------------------------------------------------
|             INITIALIZING CANDIDATE TREE SET                      |
--------------------------------------------------------------------
Generating 98 parsimony trees... 0.006 second
Computing log-likelihood of 5 initial trees ... 0.005 seconds
Current best score: -1979.655

Do NNI search on 7 best initial trees
Optimizing NNI: done in 0.00439053 secs using 849.8% CPU
Optimizing NNI: done in 0.00864926 secs using 897% CPU
Optimizing NNI: done in 0.00818007 secs using 862% CPU
Optimizing NNI: done in 0.00881745 secs using 864.8% CPU
Optimizing NNI: done in 0.0084633 secs using 904.2% CPU
Optimizing NNI: done in 0.0131523 secs using 785.6% CPU
Optimizing NNI: done in 0.0130433 secs using 800.9% CPU
Finish initializing candidate tree set (7)
Current best tree score: -1979.655 / CPU time: 0.084
Number of iterations: 7
--------------------------------------------------------------------
|               OPTIMIZING CANDIDATE TREE SET                      |
--------------------------------------------------------------------
Optimizing NNI: done in 0.00882604 secs using 876.8% CPU
Optimizing NNI: done in 0.0132988 secs using 774.3% CPU
Optimizing NNI: done in 0.00403086 secs using 776% CPU
Iteration 10 / LogL: -1979.796 / Time: 0h:0m:0s
Optimizing NNI: done in 0.0121624 secs using 738.5% CPU
Optimizing NNI: done in 0.0093211 secs using 837.2% CPU
Optimizing NNI: done in 0.0129532 secs using 850.9% CPU
Optimizing NNI: done in 0.0140893 secs using 810.6% CPU
Optimizing NNI: done in 0.0136359 secs using 868.3% CPU
Optimizing NNI: done in 0.00885604 secs using 872.8% CPU
Optimizing NNI: done in 0.0137126 secs using 881.4% CPU
Optimizing NNI: done in 0.0131819 secs using 852.6% CPU
Optimizing NNI: done in 0.00877204 secs using 869.2% CPU
Optimizing NNI: done in 0.0139447 secs using 850% CPU
Iteration 20 / LogL: -1979.656 / Time: 0h:0m:0s
Optimizing NNI: done in 0.00875964 secs using 832.2% CPU
UPDATE BEST LOG-LIKELIHOOD: -1979.655
Optimizing NNI: done in 0.0139736 secs using 854.8% CPU
Optimizing NNI: done in 0.0139459 secs using 850.7% CPU
Optimizing NNI: done in 0.013826 secs using 864.9% CPU
Optimizing NNI: done in 0.0139532 secs using 535.1% CPU
Optimizing NNI: done in 0.00988095 secs using 845.7% CPU
Optimizing NNI: done in 0.0138995 secs using 760.3% CPU
Optimizing NNI: done in 0.0144805 secs using 791.8% CPU
Optimizing NNI: done in 0.0151103 secs using 733% CPU
Optimizing NNI: done in 0.0149196 secs using 742.6% CPU
Iteration 30 / LogL: -1979.655 / Time: 0h:0m:0s (0h:0m:1s left)
Optimizing NNI: done in 0.00996535 secs using 702.5% CPU
Optimizing NNI: done in 0.00930166 secs using 881.5% CPU
Optimizing NNI: done in 0.0142316 secs using 699% CPU
Optimizing NNI: done in 0.0133467 secs using 844% CPU
Optimizing NNI: done in 0.00963128 secs using 619% CPU
Optimizing NNI: done in 0.00979747 secs using 773.3% CPU
Optimizing NNI: done in 0.0147614 secs using 786% CPU
Optimizing NNI: done in 0.0144004 secs using 831.1% CPU
Optimizing NNI: done in 0.014195 secs using 824.5% CPU
Optimizing NNI: done in 0.00912254 secs using 844.6% CPU
Iteration 40 / LogL: -1979.655 / Time: 0h:0m:0s (0h:0m:0s left)
Optimizing NNI: done in 0.00953702 secs using 825.2% CPU
Optimizing NNI: done in 0.0153204 secs using 769.3% CPU
Optimizing NNI: done in 0.015234 secs using 859.6% CPU
Optimizing NNI: done in 0.0151649 secs using 782.4% CPU
Optimizing NNI: done in 0.01036 secs using 767.2% CPU
Optimizing NNI: done in 0.00468628 secs using 757.1% CPU
Optimizing NNI: done in 0.00998328 secs using 714.2% CPU
Optimizing NNI: done in 0.00438281 secs using 635.6% CPU
Optimizing NNI: done in 0.0151862 secs using 781.9% CPU
Optimizing NNI: done in 0.0101976 secs using 850.5% CPU
Iteration 50 / LogL: -1979.656 / Time: 0h:0m:0s (0h:0m:0s left)
Log-likelihood cutoff on original alignment: -1996.388
Optimizing NNI: done in 0.0153429 secs using 832.2% CPU
Optimizing NNI: done in 0.0148114 secs using 728.1% CPU
Optimizing NNI: done in 0.0112542 secs using 768.6% CPU
Optimizing NNI: done in 0.0167872 secs using 796.2% CPU
Optimizing NNI: done in 0.0169458 secs using 827.6% CPU
Optimizing NNI: done in 0.0112749 secs using 805.6% CPU
Optimizing NNI: done in 0.0160332 secs using 809.2% CPU
Optimizing NNI: done in 0.0171044 secs using 813.7% CPU
Optimizing NNI: done in 0.0113345 secs using 760.6% CPU
Optimizing NNI: done in 0.0105381 secs using 790.2% CPU
Iteration 60 / LogL: -1979.664 / Time: 0h:0m:0s (0h:0m:0s left)
Optimizing NNI: done in 0.0149194 secs using 766.2% CPU
Optimizing NNI: done in 0.0145108 secs using 829.5% CPU
Optimizing NNI: done in 0.00895041 secs using 717% CPU
Optimizing NNI: done in 0.0141216 secs using 832.5% CPU
Optimizing NNI: done in 0.00985658 secs using 821.8% CPU
Optimizing NNI: done in 0.00974007 secs using 823% CPU
Optimizing NNI: done in 0.0164201 secs using 770.6% CPU
Optimizing NNI: done in 0.0159834 secs using 772.7% CPU
Optimizing NNI: done in 0.0110484 secs using 800.7% CPU
Optimizing NNI: done in 0.0177982 secs using 795% CPU
Iteration 70 / LogL: -1979.656 / Time: 0h:0m:1s (0h:0m:0s left)
Optimizing NNI: done in 0.00981443 secs using 748.2% CPU
Optimizing NNI: done in 0.0145247 secs using 832.2% CPU
Optimizing NNI: done in 0.00895852 secs using 832% CPU
Optimizing NNI: done in 0.00847544 secs using 796.2% CPU
Optimizing NNI: done in 0.00853874 secs using 841.7% CPU
Optimizing NNI: done in 0.0127887 secs using 818.4% CPU
Optimizing NNI: done in 0.00760539 secs using 875.5% CPU
Optimizing NNI: done in 0.0127193 secs using 842.9% CPU
Optimizing NNI: done in 0.00814292 secs using 821.7% CPU
Optimizing NNI: done in 0.0130902 secs using 696.5% CPU
Iteration 80 / LogL: -1979.655 / Time: 0h:0m:1s (0h:0m:0s left)
Optimizing NNI: done in 0.00387813 secs using 820% CPU
Optimizing NNI: done in 0.0131606 secs using 790.2% CPU
Optimizing NNI: done in 0.0127043 secs using 764.3% CPU
Optimizing NNI: done in 0.00824626 secs using 859.4% CPU
Optimizing NNI: done in 0.00869578 secs using 833.9% CPU
Optimizing NNI: done in 0.0130711 secs using 772.2% CPU
Optimizing NNI: done in 0.0130697 secs using 758.5% CPU
Optimizing NNI: done in 0.00909733 secs using 768.5% CPU
Optimizing NNI: done in 0.0129523 secs using 831.9% CPU
Optimizing NNI: done in 0.00856098 secs using 858.2% CPU
Iteration 90 / LogL: -1979.664 / Time: 0h:0m:1s (0h:0m:0s left)
Optimizing NNI: done in 0.00823595 secs using 697.6% CPU
Optimizing NNI: done in 0.0143327 secs using 793.4% CPU
Optimizing NNI: done in 0.0143174 secs using 683.7% CPU
Optimizing NNI: done in 0.0139163 secs using 830.4% CPU
Optimizing NNI: done in 0.00375191 secs using 878.4% CPU
Optimizing NNI: done in 0.00820347 secs using 801% CPU
Optimizing NNI: done in 0.0131406 secs using 805.3% CPU
Optimizing NNI: done in 0.00826458 secs using 624.8% CPU
Optimizing NNI: done in 0.00848193 secs using 719.3% CPU
Optimizing NNI: done in 0.00838989 secs using 859.1% CPU
Iteration 100 / LogL: -1979.656 / Time: 0h:0m:1s (0h:0m:0s left)
Log-likelihood cutoff on original alignment: -1996.416
NOTE: Bootstrap correlation coefficient of split occurrence frequencies: 1.000
Optimizing NNI: done in 0.00382855 secs using 804.5% CPU
TREE SEARCH COMPLETED AFTER 101 ITERATIONS / Time: 0h:0m:1s

--------------------------------------------------------------------
|                    FINALIZING TREE SEARCH                        |
--------------------------------------------------------------------
Performs final model parameters optimization
Estimate model parameters (epsilon = 0.010)
1. Initial log-likelihood: -1979.655
Optimal log-likelihood: -1979.655
Gamma shape alpha: 0.299
Parameters optimization took 1 rounds (0.005 sec)
BEST SCORE FOUND : -1979.655
Creating bootstrap support values...
Split supports printed to NEXUS file results/per_year_clustered/H1N1/trees/H1N1_2021.splits.nex
Total tree length: 0.084

Total number of iterations: 101
CPU time used for tree search: 12.835 sec (0h:0m:12s)
Wall-clock time used for tree search: 1.416 sec (0h:0m:1s)
Total CPU time used: 13.298 sec (0h:0m:13s)
Total wall-clock time used: 1.473 sec (0h:0m:1s)

Computing bootstrap consensus tree...
Reading input file results/per_year_clustered/H1N1/trees/H1N1_2021.splits.nex...
5 taxa and 15 splits.
Consensus tree written to results/per_year_clustered/H1N1/trees/H1N1_2021.contree
Reading input trees file results/per_year_clustered/H1N1/trees/H1N1_2021.contree
Log-likelihood of consensus tree: -1979.655

Analysis results written to: 
  IQ-TREE report:                results/per_year_clustered/H1N1/trees/H1N1_2021.iqtree
  Maximum-likelihood tree:       results/per_year_clustered/H1N1/trees/H1N1_2021.treefile
  Likelihood distances:          results/per_year_clustered/H1N1/trees/H1N1_2021.mldist

Ultrafast bootstrap approximation results written to:
  Split support values:          results/per_year_clustered/H1N1/trees/H1N1_2021.splits.nex
  Consensus tree:                results/per_year_clustered/H1N1/trees/H1N1_2021.contree
  Screen log file:               results/per_year_clustered/H1N1/trees/H1N1_2021.log

Date and Time: Thu Nov 20 17:02:27 2025
