IQ-TREE version 3.0.1 for Linux x86 64-bit built Jul  9 2025
Developed by Bui Quang Minh, Thomas Wong, Nhan Ly-Trong, Huaiyan Ren
Contributed by Lam-Tung Nguyen, Dominik Schrempf, Chris Bielow,
Olga Chernomor, Michael Woodhams, Diep Thi Hoang, Heiko Schmidt

Host:    rtis-hpc-r09.uod.otago.ac.nz (AVX2, FMA3, 1006 GB RAM)
Command: iqtree -s results/per_year_clustered/H1N1/alignments/H1N1_2012_aligned.fasta -m LG+G4 -te results/per_year_clustered/H1N1/trees/H1N1_2012.treefile -asr -pre results/per_year_clustered/H1N1/trees/H1N1_2012_asr -redo -quiet
Seed:    802107 (Using SPRNG - Scalable Parallel Random Number Generator)
Time:    Sat Nov 22 10:54:56 2025
Kernel:  AVX+FMA - 1 threads (8 CPU cores detected)

HINT: Use -nt option to specify number of threads because your CPU has 8 cores!
HINT: -nt AUTO will automatically determine the best number of threads to use.

Reading alignment file results/per_year_clustered/H1N1/alignments/H1N1_2012_aligned.fasta ... Fasta format detected
Reading fasta file: done in 0.000158668 secs using 49.79% CPU
Alignment most likely contains protein sequences
Constructing alignment: done in 0.000211286 secs using 50.17% CPU
Alignment has 16 sequences with 566 columns, 79 distinct patterns
18 parsimony-informative, 42 singleton sites, 506 constant sites
                                                                 Gap/Ambiguity  Composition  p-value
Analyzing sequences: done in 6.68201e-06 secs using 44.9% CPU
   1  EPI1604164|HA|A/Yokohama/UT-K101/2012|EPI_ISL_393909|A_/_H1N1      0.00%    passed    100.00%
   2  EPI406032|HA|A/Ayutthaya/283/2012|EPI_ISL_132102|A_/_H1N1          0.00%    passed    100.00%
   3  EPI406035|HA|A/Chiang_Rai/312/2012|EPI_ISL_132103|A_/_H1N1         0.00%    passed    100.00%
   4  EPI413167|HA|A/YOKOHAMA/154/2012|EPI_ISL_133539|A_/_H1N1           0.00%    passed    100.00%
   5  EPI413170|HA|A/SAITAMA/88/2012|EPI_ISL_133540|A_/_H1N1             0.00%    passed    100.00%
   6  EPI450759|HA|A/Jericho/18/2012|EPI_ISL_141724|A_/_H1N1             0.00%    passed    100.00%
   7  EPI378229|HA|A/HIROSHIMA/17/2012|EPI_ISL_122175|A_/_H1N1           0.00%    passed    100.00%
   8  EPI379995|HA|A/Stockholm/25/2012|EPI_ISL_122761|A_/_H1N1           0.00%    passed    100.00%
   9  EPI383002|HA|A/Boras/1/2012|EPI_ISL_123787|A_/_H1N1                0.00%    passed    100.00%
  10  EPI397599|HA|A/Stockholm/16/2012|EPI_ISL_129669|A_/_H1N1           0.00%    passed    100.00%
  11  EPI417288|HA|A/SOUTH_AUSTRALIA/162/2012|EPI_ISL_134468|A_/_H1N1    0.00%    passed    100.00%
  12  EPI379559|HA|A/BRISBANE/19/2012|EPI_ISL_122593|A_/_H1N1            0.00%    passed    100.00%
  13  EPI394212|HA|A/BRISBANE/57/2012|EPI_ISL_128664|A_/_H1N1            0.00%    passed    100.00%
  14  EPI394286|HA|A/VICTORIA/637/2012|EPI_ISL_128689|A_/_H1N1           0.00%    passed    100.00%
  15  EPI370386|HA|A/California/21/2012|EPI_ISL_118684|A_/_H1N1          0.00%    passed    100.00%
  16  EPI394869|HA|A/Nebraska/10/2012|EPI_ISL_129013|A_/_H1N1            0.00%    passed    100.00%
****  TOTAL                                                              0.00%  0 sequences failed composition chi2 test (p-value<5%; df=19)
Reading input tree file results/per_year_clustered/H1N1/trees/H1N1_2012.treefile ...

NOTE: 1 MB RAM (0 GB) is required!
Estimate model parameters (epsilon = 0.010)
1. Initial log-likelihood: -2283.742
2. Current log-likelihood: -2278.018
Optimal log-likelihood: -2278.012
Gamma shape alpha: 0.096
Parameters optimization took 2 rounds (0.029 sec)
Wrote distance file to... 
BEST SCORE FOUND : -2278.012
Ancestral state probabilities printed to results/per_year_clustered/H1N1/trees/H1N1_2012_asr.state
Total tree length: 0.140

Total number of iterations: 0
CPU time used for tree search: 0.000 sec (0h:0m:0s)
Wall-clock time used for tree search: 0.000 sec (0h:0m:0s)
Total CPU time used: 0.085 sec (0h:0m:0s)
Total wall-clock time used: 0.114 sec (0h:0m:0s)

Analysis results written to: 
  IQ-TREE report:                results/per_year_clustered/H1N1/trees/H1N1_2012_asr.iqtree
  Maximum-likelihood tree:       results/per_year_clustered/H1N1/trees/H1N1_2012_asr.treefile
  Ancestral state:               results/per_year_clustered/H1N1/trees/H1N1_2012_asr.state
  Screen log file:               results/per_year_clustered/H1N1/trees/H1N1_2012_asr.log

Date and Time: Sat Nov 22 10:54:56 2025
