IQ-TREE version 3.0.1 for Linux x86 64-bit built Jul  9 2025
Developed by Bui Quang Minh, Thomas Wong, Nhan Ly-Trong, Huaiyan Ren
Contributed by Lam-Tung Nguyen, Dominik Schrempf, Chris Bielow,
Olga Chernomor, Michael Woodhams, Diep Thi Hoang, Heiko Schmidt

Host:    rtis-hpc-r09.uod.otago.ac.nz (AVX2, FMA3, 1006 GB RAM)
Command: iqtree -s results/per_year_clustered/H1N1/alignments/H1N1_2023_with_designs.fasta -m LG+G4 -bb 1000 -nt 8 -pre results/per_year_clustered/H1N1/trees/H1N1_2023_with_designs -redo -quiet
Seed:    29903 (Using SPRNG - Scalable Parallel Random Number Generator)
Time:    Sat Nov 22 11:00:13 2025
Kernel:  AVX+FMA - 8 threads (8 CPU cores detected)

Reading alignment file results/per_year_clustered/H1N1/alignments/H1N1_2023_with_designs.fasta ... Fasta format detected
Reading fasta file: done in 0.000743944 secs using 65.06% CPU
Alignment most likely contains protein sequences
Constructing alignment: done in 0.000468768 secs using 356% CPU
Alignment has 90 sequences with 567 columns, 222 distinct patterns
107 parsimony-informative, 86 singleton sites, 374 constant sites
                                                                                              Gap/Ambiguity  Composition  p-value
Analyzing sequences: done in 1.93368e-05 secs using 93.09% CPU
   1  EPI2759303|HA|A/Malaysia/TIDREC_KJA-AUFI030/2023|EPI_ISL_18317772|A_/_H1N1                      0.18%    passed    100.00%
   2  EPI2903666|HA|A/Jeonbuk/2476/2023|EPI_ISL_18744092|A_/_H1N1                                     0.18%    passed    100.00%
   3  EPI2903668|HA|A/Jeonnam/2178/2023|EPI_ISL_18744093|A_/_H1N1                                     0.18%    passed    100.00%
   4  EPI2903642|HA|A/Gyeonggi/2000/2023|EPI_ISL_18744080|A_/_H1N1                                    0.18%    passed    100.00%
   5  EPI2903624|HA|A/Chungbuk/2333/2023|EPI_ISL_18744071|A_/_H1N1                                    0.18%    passed    100.00%
   6  EPI2539500|HA|A/Surat_Thani/P578/2023|EPI_ISL_17597837|A_/_H1N1                                 0.18%    passed    100.00%
   7  EPI2539436|HA|A/Chiang_Rai/P912/2023|EPI_ISL_17597829|A_/_H1N1                                  0.18%    passed    100.00%
   8  EPI2904109|HA|A/Laos/F4161/2023|EPI_ISL_18744505|A_/_H1N1                                       0.18%    passed    100.00%
   9  EPI2759833|HA|A/Chiang_Rai/P3815/2023|EPI_ISL_18320338|A_/_H1N1                                 0.18%    passed    100.00%
  10  EPI2678866|HA|A/Laos/1952/2023|EPI_ISL_18091923|A_/_H1N1                                        0.18%    passed    100.00%
  11  EPI2881986|HA|A/Oman/CPHL_7236077/2023|EPI_ISL_18716431|A_/_H1N1                                0.18%    passed    100.00%
  12  EPI3633772|HA|A/Laos/00819-1959/2023|EPI_ISL_19536574|A_/_H1N1                                  0.18%    passed    100.00%
  13  EPI3194850|HA|A/SHIGA/62/2023|EPI_ISL_19045754|A_/_H1N1                                         0.18%    passed    100.00%
  14  EPI3194858|HA|A/CHIBA/162/2023|EPI_ISL_19045755|A_/_H1N1                                        0.18%    passed    100.00%
  15  EPI2468145|HA|A/TOKYO/SH01/2023|EPI_ISL_17244640|A_/_H1N1                                       0.18%    passed    100.00%
  16  EPI2734565|HA|A/Myanmar/I036/2023|EPI_ISL_18231482|A_/_H1N1                                     0.18%    passed    100.00%
  17  EPI2735199|HA|A/Gwangju/983/2023|EPI_ISL_18231896|A_/_H1N1                                      0.18%    passed    100.00%
  18  EPI2868817|HA|A/HIROSHIMA/135/2023|EPI_ISL_18692906|A_/_H1N1                                    0.18%    passed    100.00%
  19  EPI2963804|HA|A/Singapore/GP13329/2023|EPI_ISL_18831313|A_/_H1N1                                0.18%    passed    100.00%
  20  EPI2963298|HA|A/Singapore/KK1647/2023|EPI_ISL_18831069|A_/_H1N1                                 0.18%    passed    100.00%
  21  EPI2793243|HA|A/Daejeon/1531/2023|EPI_ISL_18506252|A_/_H1N1                                     0.18%    passed    100.00%
  22  EPI2793213|HA|A/Seoul/1471/2023|EPI_ISL_18506241|A_/_H1N1                                       0.18%    passed    100.00%
  23  EPI2801009|HA|A/Chanthaburi/P4630/2023|EPI_ISL_18540016|A_/_H1N1                                0.18%    passed    100.00%
  24  EPI3181903|HA|A/ABUDHABI/UAE/0015142/2023|EPI_ISL_19031922|A_/_H1N1                             0.18%    passed    100.00%
  25  EPI3181242|HA|A/ABUDHABI/UAE/0000700/2023|EPI_ISL_19031591|A_/_H1N1                             0.18%    passed    100.00%
  26  EPI3226378|HA|A/Malaysia/IMR-RM509/2023|EPI_ISL_19065702|A_/_H1N1                               0.18%    passed    100.00%
  27  EPI2744125|HA|A/Ranong/P3102/2023|EPI_ISL_18246518|A_/_H1N1                                     0.18%    passed    100.00%
  28  EPI3782201|HA|A/ABUDHABI/UAE/0015717/2023|EPI_ISL_19659360|A_/_H1N1                             0.18%    passed    100.00%
  29  EPI3782249|HA|A/ABUDHABI/UAE/0012892/2023|EPI_ISL_19659366|A_/_H1N1                             0.18%    passed    100.00%
  30  EPI3782084|HA|A/ABUDHABI/UAE/0014071/2023|EPI_ISL_19659345|A_/_H1N1                             0.18%    passed    100.00%
  31  EPI3782620|HA|A/ABUDHABI/UAE/0017196/2023|EPI_ISL_19660010|A_/_H1N1                             0.18%    passed    100.00%
  32  EPI2920493|HA|A/Galicia/21452225735/2023|EPI_ISL_18776508|A_/_H1N1                              0.18%    passed    100.00%
  33  EPI3080538|HA|A/CastillaLaMancha/240417/2023|EPI_ISL_18942797|A_/_H1N1                          0.18%    passed    100.00%
  34  EPI2794765|HA|A/England/233240349/2023|EPI_ISL_18516493|A_/_H1N1                                0.18%    passed    100.00%
  35  EPI2398662|HA|A/Baleares/74/2023|EPI_ISL_16913871|A_/_H1N1                                      0.18%    passed    100.00%
  36  EPI3447272|HA|A/Galicia/SCQ/318602/2023|EPI_ISL_19273341|A_/_H1N1                               0.18%    passed    100.00%
  37  EPI3447240|HA|A/Galicia/SCQ/306480/2023|EPI_ISL_19273337|A_/_H1N1                               0.18%    passed    100.00%
  38  EPI2923381|HA|A/Catalonia/NSAV198289092/2023|EPI_ISL_18782577|A_/_H1N1                          0.18%    passed     99.99%
  39  EPI3193642|HA|A/Galicia/SCQ/295786/2023|EPI_ISL_19044478|A_/_H1N1                               0.18%    passed    100.00%
  40  EPI2842726|HA|A/Catalonia/NSVH199826468/2023|EPI_ISL_18652098|A_/_H1N1                          0.18%    passed    100.00%
  41  EPI2519991|HA|A/CastillaLaMancha/793/2023|EPI_ISL_17505815|A_/_H1N1                             0.18%    passed    100.00%
  42  EPI3112926|HA|A/Madrid/HRYC-12994000/2023|EPI_ISL_18980523|A_/_H1N1                             0.00%    passed    100.00%
  43  EPI2520231|HA|A/Ceuta/808/2023|EPI_ISL_17506002|A_/_H1N1                                        0.18%    passed    100.00%
  44  EPI2924196|HA|A/Navarra/2321/2023|EPI_ISL_18784477|A_/_H1N1                                     0.18%    passed    100.00%
  45  EPI3012555|HA|A/Baleares/2563/2023|EPI_ISL_18884818|A_/_H1N1                                    0.18%    passed    100.00%
  46  EPI3028603|HA|A/England/240200277/2023|EPI_ISL_18891570|A_/_H1N1                                0.18%    passed    100.00%
  47  EPI2361784|HA|A/Catalonia/NSVH198265699/2023|EPI_ISL_16830774|A_/_H1N1                          0.18%    passed    100.00%
  48  EPI2471811|HA|A/Catalonia/NSAV198266241/2023|EPI_ISL_17256930|A_/_H1N1                          0.18%    passed    100.00%
  49  EPI3325914|HA|A/Andalucia/241428/2023|EPI_ISL_19159170|A_/_H1N1                                 0.18%    passed    100.00%
  50  EPI3104691|HA|A/Madrid/HRYC-72348131/2023|EPI_ISL_18963453|A_/_H1N1                             0.00%    passed    100.00%
  51  EPI2441094|HA|A/Ceuta/350/2023|EPI_ISL_17095757|A_/_H1N1                                        0.18%    passed    100.00%
  52  EPI2495773|HA|A/Sweden/10/2023|EPI_ISL_17360195|A_/_H1N1                                        0.18%    passed    100.00%
  53  EPI3276801|HA|A/Madrid/92324193656/2023|EPI_ISL_19131155|A_/_H1N1                               0.18%    passed    100.00%
  54  EPI3276651|HA|A/Madrid/1392324178654/2023|EPI_ISL_19131081|A_/_H1N1                             0.18%    passed    100.00%
  55  EPI2616592|HA|A/Victoria/201/2023|EPI_ISL_17973504|A_/_H1N1                                     0.18%    passed    100.00%
  56  EPI2611498|HA|A/Wellington/04/2023|EPI_ISL_17957628|A_/_H1N1                                    0.18%    passed    100.00%
  57  EPI3006721|HA|A/Darwin/506/2023|EPI_ISL_18876502|A_/_H1N1                                       0.18%    passed    100.00%
  58  EPI2790264|HA|A/Perth/407/2023|EPI_ISL_18485039|A_/_H1N1                                        0.18%    passed    100.00%
  59  EPI2789956|HA|A/Victoria/2676/2023|EPI_ISL_18484927|A_/_H1N1                                    0.18%    passed    100.00%
  60  EPI2790045|HA|A/Perth/457/2023|EPI_ISL_18484957|A_/_H1N1                                        0.18%    passed    100.00%
  61  EPI2861187|HA|A/Victoria/3021/2023|EPI_ISL_18666914|A_/_H1N1                                    0.18%    passed    100.00%
  62  EPI2698680|HA|A/Sydney/654/2023|EPI_ISL_18127007|A_/_H1N1                                       0.18%    passed    100.00%
  63  EPI2698780|HA|A/Brisbane/312/2023|EPI_ISL_18127041|A_/_H1N1                                     0.18%    passed    100.00%
  64  EPI2737819|HA|A/Victoria/2211/2023|EPI_ISL_18242313|A_/_H1N1                                    0.18%    passed    100.00%
  65  EPI2976788|HA|A/Tasmania/410/2023|EPI_ISL_18852949|A_/_H1N1                                     0.18%    passed    100.00%
  66  EPI2507974|HA|A/Tuvalu/GX23057/2023|EPI_ISL_17445386|A_/_H1N1                                   0.18%    passed    100.00%
  67  EPI2585385|HA|A/Darwin/53/2023|EPI_ISL_17775034|A_/_H1N1                                        0.18%    passed    100.00%
  68  EPI3237019|HA|A/Los_Angeles_County/LACPHL-INF00095/2023|EPI_ISL_19075445|A_/_H1N1               2.82%    passed    100.00%
  69  EPI3237152|HA|A/Los_Angeles_County/LACPHL-INF00281/2023|EPI_ISL_19075469|A_/_H1N1               0.18%    passed    100.00%
  70  EPI3384396|HA|A/Michigan/UM-CL23-590632/2023|EPI_ISL_19207651|A_/_H1N1                          0.18%    passed    100.00%
  71  EPI2571848|HA|A/California/52/2023|EPI_ISL_17699946|A_/_H1N1                                    0.18%    passed    100.00%
  72  EPI2462648|HA|A/Colorado/18/2023|EPI_ISL_17212543|A_/_H1N1                                      0.18%    passed    100.00%
  73  EPI2973211|HA|A/Michigan/UM-10054980807/2023|EPI_ISL_18851737|A_/_H1N1                          0.18%    passed    100.00%
  74  EPI2884350|HA|A/Georgia/14276/2023|EPI_ISL_18720458|A_/_H1N1                                    0.18%    passed    100.00%
  75  EPI3997304|HA|A/Massachusetts/BI_GH-16154/2023|EPI_ISL_19741029|A_/_H1N1                        0.18%    passed    100.00%
  76  EPI3997728|HA|A/Massachusetts/BI_GH-16498/2023|EPI_ISL_19741082|A_/_H1N1                        0.18%    passed    100.00%
  77  EPI3121571|HA|A/Minnesota/ISC-1076/2023|EPI_ISL_18988543|A_/_H1N1                               0.18%    passed    100.00%
  78  EPI2911885|HA|A/Michigan/UM-G43Q95P5/2023|EPI_ISL_18759340|A_/_H1N1                             0.18%    passed    100.00%
  79  EPI3094240|HA|A/Colorado/108/2023|EPI_ISL_18957378|A_/_H1N1                                     0.18%    passed    100.00%
  80  EPI2457310|HA|A/Nebraska/14113/2023|EPI_ISL_17189229|A_/_H1N1                                   0.18%    passed    100.00%
  81  EPI2994104|HA|A/Delaware/87/2023|EPI_ISL_18862842|A_/_H1N1                                      0.18%    passed    100.00%
  82  EPI3065029|HA|A/Arizona/ASU106685/2023|EPI_ISL_18930215|A_/_H1N1                                0.18%    passed    100.00%
  83  EPI2895698|HA|A/Michigan/UM-10054114004/2023|EPI_ISL_18737779|A_/_H1N1                          0.18%    passed    100.00%
  84  EPI2895818|HA|A/Michigan/UM-L372229748/2023|EPI_ISL_18737804|A_/_H1N1                           0.18%    passed    100.00%
  85  EPI2999074|HA|A/Michigan/UM-L371630545/2023|EPI_ISL_18868902|A_/_H1N1                           0.18%    passed    100.00%
  86  EPI2448256|HA|A/Massachusetts/17/2023|EPI_ISL_17102872|A_/_H1N1                                 0.18%    passed    100.00%
  87  H1N1_2023_Consensus_Aligned                                                                     0.00%    passed    100.00%
  88  H1N1_2023_Medoid_Aligned|EPI3181242|HA|A/ABUDHABI/UAE/0000700/2023|EPI_ISL_19031591|A_/_H1N1    0.18%    passed    100.00%
  89  H1N1_2023_Ancestral_Aligned_Node26                                                              0.00%    passed    100.00%
  90  H1N1_2023_COBRA_Aligned                                                                         0.00%    passed     99.99%
****  TOTAL                                                                                           0.20%  0 sequences failed composition chi2 test (p-value<5%; df=19)
NOTE: H1N1_2023_Medoid_Aligned|EPI3181242|HA|A/ABUDHABI/UAE/0000700/2023|EPI_ISL_19031591|A_/_H1N1 is identical to EPI3181242|HA|A/ABUDHABI/UAE/0000700/2023|EPI_ISL_19031591|A_/_H1N1 but kept for subsequent analysis
Checking for duplicate sequences: done in 0.00012801 secs using 99.21% CPU
Creating fast initial parsimony tree by random order stepwise addition...
0.055 seconds, parsimony score: 382 (based on 193 sites)
Generating 1000 samples for ultrafast bootstrap (seed: 29903)...

NOTE: 14 MB RAM (0 GB) is required!
Estimate model parameters (epsilon = 0.100)
1. Initial log-likelihood: -4512.378
2. Current log-likelihood: -4496.359
3. Current log-likelihood: -4496.226
Optimal log-likelihood: -4496.224
Gamma shape alpha: 0.427
Parameters optimization took 3 rounds (0.145 sec)
Wrote distance file to... 
Computing ML distances based on estimated model parameters...
Calculating distance matrix: done in 0.101909 secs using 791.8% CPU
Computing ML distances took 0.102002 sec (of wall-clock time) 0.807044 sec (of CPU time)
Setting up auxiliary I and S matrices: done in 0.000420548 secs using 229.2% CPU
Constructing RapidNJ tree: done in 0.0682203 secs using 102.3% CPU
Computing RapidNJ tree took 0.068699 sec (of wall-clock time) 0.070862 sec (of CPU time)
Log-likelihood of RapidNJ tree: -4469.710
--------------------------------------------------------------------
|             INITIALIZING CANDIDATE TREE SET                      |
--------------------------------------------------------------------
Generating 98 parsimony trees... 0.217 second
Computing log-likelihood of 98 initial trees ... 1.439 seconds
Current best score: -4469.710

Do NNI search on 20 best initial trees
Optimizing NNI: done in 0.294271 secs using 789.4% CPU
Estimate model parameters (epsilon = 0.100)
BETTER TREE FOUND at iteration 1: -4465.135
Optimizing NNI: done in 0.255215 secs using 794% CPU
Optimizing NNI: done in 0.176378 secs using 791.6% CPU
Optimizing NNI: done in 0.247422 secs using 793.4% CPU
Optimizing NNI: done in 0.107937 secs using 791.5% CPU
Optimizing NNI: done in 0.171749 secs using 787.9% CPU
Optimizing NNI: done in 0.373458 secs using 795.6% CPU
Optimizing NNI: done in 0.569399 secs using 791.8% CPU
Optimizing NNI: done in 0.251271 secs using 794.3% CPU
Optimizing NNI: done in 0.175489 secs using 795.3% CPU
Iteration 10 / LogL: -4478.571 / Time: 0h:0m:4s
Optimizing NNI: done in 0.179245 secs using 793.3% CPU
Optimizing NNI: done in 0.314353 secs using 791.5% CPU
Optimizing NNI: done in 0.170885 secs using 793.8% CPU
Optimizing NNI: done in 0.245262 secs using 793.5% CPU
Optimizing NNI: done in 0.256323 secs using 794.4% CPU
Optimizing NNI: done in 0.168881 secs using 790.1% CPU
Optimizing NNI: done in 0.143528 secs using 795.5% CPU
Optimizing NNI: done in 0.352479 secs using 792.9% CPU
Optimizing NNI: done in 0.365619 secs using 793.7% CPU
Optimizing NNI: done in 0.202027 secs using 791.4% CPU
Iteration 20 / LogL: -4476.612 / Time: 0h:0m:7s
Finish initializing candidate tree set (20)
Current best tree score: -4465.135 / CPU time: 6.807
Number of iterations: 20
--------------------------------------------------------------------
|               OPTIMIZING CANDIDATE TREE SET                      |
--------------------------------------------------------------------
Optimizing NNI: done in 0.318374 secs using 795% CPU
Optimizing NNI: done in 0.426297 secs using 793.4% CPU
Optimizing NNI: done in 0.488547 secs using 793.3% CPU
Optimizing NNI: done in 0.494026 secs using 792.1% CPU
Optimizing NNI: done in 0.377589 secs using 792.6% CPU
Optimizing NNI: done in 0.469821 secs using 793% CPU
Optimizing NNI: done in 0.310689 secs using 791.2% CPU
Optimizing NNI: done in 0.563514 secs using 793.2% CPU
Optimizing NNI: done in 0.401758 secs using 792.4% CPU
Optimizing NNI: done in 0.309982 secs using 795% CPU
Iteration 30 / LogL: -4481.102 / Time: 0h:0m:11s (0h:0m:27s left)
Optimizing NNI: done in 0.572254 secs using 792.1% CPU
Optimizing NNI: done in 0.614122 secs using 795.2% CPU
Optimizing NNI: done in 0.648787 secs using 792.4% CPU
Optimizing NNI: done in 0.48401 secs using 792.5% CPU
Optimizing NNI: done in 0.651239 secs using 793% CPU
Optimizing NNI: done in 0.613722 secs using 793% CPU
Optimizing NNI: done in 0.331898 secs using 794.7% CPU
Optimizing NNI: done in 0.503203 secs using 792.3% CPU
Optimizing NNI: done in 0.415366 secs using 792.6% CPU
Optimizing NNI: done in 0.465328 secs using 790.9% CPU
Iteration 40 / LogL: -4486.412 / Time: 0h:0m:16s (0h:0m:26s left)
Optimizing NNI: done in 0.399439 secs using 793.7% CPU
Optimizing NNI: done in 0.470971 secs using 793% CPU
Optimizing NNI: done in 0.407447 secs using 794% CPU
Optimizing NNI: done in 0.256083 secs using 795% CPU
Optimizing NNI: done in 0.411435 secs using 792.7% CPU
Optimizing NNI: done in 0.463357 secs using 793.5% CPU
Optimizing NNI: done in 0.396997 secs using 791.4% CPU
Optimizing NNI: done in 0.240161 secs using 793.4% CPU
Optimizing NNI: done in 0.549834 secs using 794.5% CPU
Optimizing NNI: done in 0.381682 secs using 792.4% CPU
Iteration 50 / LogL: -4481.024 / Time: 0h:0m:20s (0h:0m:21s left)
Log-likelihood cutoff on original alignment: -4502.702
Optimizing NNI: done in 0.334886 secs using 794.1% CPU
Optimizing NNI: done in 0.331094 secs using 793.9% CPU
Optimizing NNI: done in 0.408606 secs using 793.2% CPU
Optimizing NNI: done in 0.418167 secs using 793.3% CPU
Optimizing NNI: done in 0.478664 secs using 793.2% CPU
Optimizing NNI: done in 0.321326 secs using 794.7% CPU
Optimizing NNI: done in 0.517706 secs using 793.2% CPU
Optimizing NNI: done in 0.326363 secs using 790.2% CPU
Optimizing NNI: done in 0.406938 secs using 791.9% CPU
Optimizing NNI: done in 0.380882 secs using 794.1% CPU
Iteration 60 / LogL: -4467.626 / Time: 0h:0m:25s (0h:0m:17s left)
Optimizing NNI: done in 0.308464 secs using 794% CPU
Optimizing NNI: done in 0.376978 secs using 794.4% CPU
Optimizing NNI: done in 0.416019 secs using 793.3% CPU
Optimizing NNI: done in 0.410487 secs using 790.5% CPU
Optimizing NNI: done in 0.568158 secs using 791.8% CPU
Optimizing NNI: done in 0.476509 secs using 793.9% CPU
Optimizing NNI: done in 0.422804 secs using 792.2% CPU
Optimizing NNI: done in 0.408832 secs using 793.1% CPU
Optimizing NNI: done in 0.318921 secs using 791.8% CPU
Optimizing NNI: done in 0.37886 secs using 794.6% CPU
Iteration 70 / LogL: -4469.370 / Time: 0h:0m:29s (0h:0m:13s left)
Optimizing NNI: done in 0.509044 secs using 791.7% CPU
Optimizing NNI: done in 0.679212 secs using 793.8% CPU
Optimizing NNI: done in 0.478915 secs using 792.3% CPU
Optimizing NNI: done in 0.510337 secs using 794% CPU
Optimizing NNI: done in 0.244617 secs using 789.4% CPU
Optimizing NNI: done in 0.427456 secs using 796.1% CPU
Optimizing NNI: done in 0.337276 secs using 790.8% CPU
Optimizing NNI: done in 0.324439 secs using 793.1% CPU
Optimizing NNI: done in 0.402836 secs using 794.2% CPU
Optimizing NNI: done in 0.409534 secs using 791.9% CPU
Iteration 80 / LogL: -4465.136 / Time: 0h:0m:33s (0h:0m:8s left)
Optimizing NNI: done in 0.484159 secs using 794.3% CPU
Optimizing NNI: done in 0.239508 secs using 792.1% CPU
Optimizing NNI: done in 0.420788 secs using 793.6% CPU
BETTER TREE FOUND at iteration 83: -4465.135
Optimizing NNI: done in 0.499675 secs using 792% CPU
BETTER TREE FOUND at iteration 84: -4465.135
Optimizing NNI: done in 0.361191 secs using 793.1% CPU
Optimizing NNI: done in 0.385505 secs using 795% CPU
Optimizing NNI: done in 0.406493 secs using 791.3% CPU
Optimizing NNI: done in 0.3786 secs using 794% CPU
Optimizing NNI: done in 0.415935 secs using 791.6% CPU
Optimizing NNI: done in 0.492708 secs using 792.2% CPU
Iteration 90 / LogL: -4473.717 / Time: 0h:0m:37s (0h:0m:39s left)
Optimizing NNI: done in 0.494664 secs using 793.6% CPU
Optimizing NNI: done in 0.491838 secs using 792.7% CPU
Optimizing NNI: done in 0.414338 secs using 794.6% CPU
Optimizing NNI: done in 0.412483 secs using 793.5% CPU
Optimizing NNI: done in 0.359307 secs using 795.1% CPU
Optimizing NNI: done in 0.411952 secs using 792.4% CPU
Optimizing NNI: done in 0.317861 secs using 794% CPU
Optimizing NNI: done in 0.363915 secs using 794.1% CPU
Optimizing NNI: done in 0.459524 secs using 791.9% CPU
Optimizing NNI: done in 0.531349 secs using 793.1% CPU
Iteration 100 / LogL: -4471.319 / Time: 0h:0m:42s (0h:0m:35s left)
Log-likelihood cutoff on original alignment: -4502.702
NOTE: Bootstrap correlation coefficient of split occurrence frequencies: 0.985
NOTE: UFBoot does not converge, continue at least 100 more iterations
Optimizing NNI: done in 0.418924 secs using 794.1% CPU
Optimizing NNI: done in 0.344775 secs using 791.8% CPU
Optimizing NNI: done in 0.379596 secs using 793.8% CPU
Optimizing NNI: done in 0.385244 secs using 795.7% CPU
Optimizing NNI: done in 0.387726 secs using 792.5% CPU
Optimizing NNI: done in 0.332883 secs using 794.3% CPU
Optimizing NNI: done in 0.472249 secs using 792.5% CPU
Optimizing NNI: done in 0.252916 secs using 794.2% CPU
Optimizing NNI: done in 0.403405 secs using 794.9% CPU
Optimizing NNI: done in 0.326218 secs using 791.1% CPU
Iteration 110 / LogL: -4467.213 / Time: 0h:0m:46s (0h:0m:38s left)
Optimizing NNI: done in 0.378809 secs using 793.7% CPU
Optimizing NNI: done in 0.506356 secs using 792.4% CPU
Optimizing NNI: done in 0.393216 secs using 793.4% CPU
Optimizing NNI: done in 0.471949 secs using 793.9% CPU
Optimizing NNI: done in 0.468446 secs using 793.8% CPU
Optimizing NNI: done in 0.476732 secs using 793.1% CPU
Optimizing NNI: done in 0.409743 secs using 795.1% CPU
Optimizing NNI: done in 0.489068 secs using 791.9% CPU
Optimizing NNI: done in 0.396278 secs using 793% CPU
Optimizing NNI: done in 0.425934 secs using 793.2% CPU
Iteration 120 / LogL: -4467.413 / Time: 0h:0m:50s (0h:0m:34s left)
Optimizing NNI: done in 0.412783 secs using 791.2% CPU
Optimizing NNI: done in 0.179194 secs using 795.3% CPU
Optimizing NNI: done in 0.413181 secs using 792.3% CPU
Optimizing NNI: done in 0.45882 secs using 792% CPU
Optimizing NNI: done in 0.344405 secs using 792.6% CPU
Optimizing NNI: done in 0.326748 secs using 790.8% CPU
Optimizing NNI: done in 0.467998 secs using 793.9% CPU
Optimizing NNI: done in 0.397631 secs using 790.4% CPU
Optimizing NNI: done in 0.311518 secs using 793% CPU
Optimizing NNI: done in 0.585312 secs using 793.4% CPU
BETTER TREE FOUND at iteration 130: -4465.134
Iteration 130 / LogL: -4465.134 / Time: 0h:0m:54s (0h:0m:42s left)
Optimizing NNI: done in 0.329949 secs using 793.9% CPU
Optimizing NNI: done in 0.473788 secs using 790.8% CPU
Optimizing NNI: done in 0.510834 secs using 795.2% CPU
Optimizing NNI: done in 0.406831 secs using 793.3% CPU
Optimizing NNI: done in 0.587786 secs using 794.1% CPU
Optimizing NNI: done in 0.376558 secs using 793.7% CPU
Optimizing NNI: done in 0.476442 secs using 793.5% CPU
Optimizing NNI: done in 0.558295 secs using 793.1% CPU
Optimizing NNI: done in 0.327039 secs using 794.3% CPU
Optimizing NNI: done in 0.511171 secs using 791.9% CPU
Iteration 140 / LogL: -4467.415 / Time: 0h:0m:59s (0h:0m:38s left)
Optimizing NNI: done in 0.33707 secs using 793.3% CPU
Optimizing NNI: done in 0.497703 secs using 792.7% CPU
Optimizing NNI: done in 0.468354 secs using 793.5% CPU
Optimizing NNI: done in 0.408874 secs using 791.6% CPU
BETTER TREE FOUND at iteration 144: -4465.134
Optimizing NNI: done in 0.446307 secs using 793.6% CPU
BETTER TREE FOUND at iteration 145: -4465.134
Optimizing NNI: done in 0.584656 secs using 792.9% CPU
Optimizing NNI: done in 0.633616 secs using 794.5% CPU
Optimizing NNI: done in 0.329262 secs using 791.6% CPU
Optimizing NNI: done in 0.406792 secs using 795.7% CPU
Optimizing NNI: done in 0.493456 secs using 792.2% CPU
Iteration 150 / LogL: -4466.566 / Time: 0h:1m:4s (0h:0m:40s left)
Log-likelihood cutoff on original alignment: -4502.702
Optimizing NNI: done in 0.464708 secs using 793.3% CPU
Optimizing NNI: done in 0.427027 secs using 794.7% CPU
Optimizing NNI: done in 0.408383 secs using 795.8% CPU
Optimizing NNI: done in 0.456279 secs using 790.8% CPU
Optimizing NNI: done in 0.253546 secs using 792.9% CPU
Optimizing NNI: done in 0.37443 secs using 795.8% CPU
Optimizing NNI: done in 0.532572 secs using 792.4% CPU
Optimizing NNI: done in 0.379344 secs using 794.7% CPU
Optimizing NNI: done in 0.401425 secs using 790.6% CPU
Optimizing NNI: done in 0.408505 secs using 795.3% CPU
Iteration 160 / LogL: -4465.135 / Time: 0h:1m:8s (0h:0m:36s left)
Optimizing NNI: done in 0.428098 secs using 792.5% CPU
Optimizing NNI: done in 0.550544 secs using 794.7% CPU
Optimizing NNI: done in 0.488048 secs using 792.5% CPU
Optimizing NNI: done in 0.4179 secs using 794% CPU
Optimizing NNI: done in 0.317773 secs using 791.9% CPU
Optimizing NNI: done in 0.49152 secs using 794.6% CPU
Optimizing NNI: done in 0.412584 secs using 792.8% CPU
Optimizing NNI: done in 0.538811 secs using 795.7% CPU
Optimizing NNI: done in 0.418583 secs using 791.1% CPU
Optimizing NNI: done in 0.410442 secs using 793.9% CPU
Iteration 170 / LogL: -4467.210 / Time: 0h:1m:13s (0h:0m:32s left)
Optimizing NNI: done in 0.540829 secs using 791.7% CPU
Optimizing NNI: done in 0.316748 secs using 795.9% CPU
Optimizing NNI: done in 0.42156 secs using 794.4% CPU
BETTER TREE FOUND at iteration 173: -4465.134
Optimizing NNI: done in 0.263769 secs using 792.2% CPU
Optimizing NNI: done in 0.417918 secs using 794.4% CPU
Optimizing NNI: done in 0.375709 secs using 793.5% CPU
Optimizing NNI: done in 0.390833 secs using 794.2% CPU
Optimizing NNI: done in 0.376015 secs using 793.4% CPU
Optimizing NNI: done in 0.308657 secs using 792.2% CPU
Optimizing NNI: done in 0.490382 secs using 793.8% CPU
Iteration 180 / LogL: -4466.564 / Time: 0h:1m:17s (0h:0m:40s left)
Optimizing NNI: done in 0.309169 secs using 792.5% CPU
Optimizing NNI: done in 0.471497 secs using 793.4% CPU
Optimizing NNI: done in 0.317458 secs using 792.5% CPU
Optimizing NNI: done in 0.330987 secs using 795.3% CPU
Optimizing NNI: done in 0.455694 secs using 792% CPU
Optimizing NNI: done in 0.344648 secs using 794.1% CPU
Optimizing NNI: done in 0.289501 secs using 791.5% CPU
Optimizing NNI: done in 0.448085 secs using 792.8% CPU
Optimizing NNI: done in 0.554912 secs using 794.6% CPU
Optimizing NNI: done in 0.484231 secs using 794.7% CPU
Iteration 190 / LogL: -4467.413 / Time: 0h:1m:21s (0h:0m:35s left)
Optimizing NNI: done in 0.493847 secs using 793.7% CPU
Optimizing NNI: done in 0.634418 secs using 793.8% CPU
Optimizing NNI: done in 0.407623 secs using 791.7% CPU
Optimizing NNI: done in 0.46185 secs using 795% CPU
BETTER TREE FOUND at iteration 194: -4465.134
Optimizing NNI: done in 0.466873 secs using 793.3% CPU
Optimizing NNI: done in 0.394601 secs using 794.4% CPU
Optimizing NNI: done in 0.44242 secs using 793% CPU
BETTER TREE FOUND at iteration 197: -4465.134
Optimizing NNI: done in 0.413691 secs using 794.3% CPU
Optimizing NNI: done in 0.448442 secs using 793.2% CPU
Optimizing NNI: done in 0.384592 secs using 794.5% CPU
Iteration 200 / LogL: -4467.413 / Time: 0h:1m:26s (0h:0m:42s left)
Log-likelihood cutoff on original alignment: -4502.702
NOTE: Bootstrap correlation coefficient of split occurrence frequencies: 0.995
Optimizing NNI: done in 0.416587 secs using 791.6% CPU
Optimizing NNI: done in 0.466766 secs using 792.9% CPU
Optimizing NNI: done in 0.516146 secs using 792.8% CPU
Optimizing NNI: done in 0.411743 secs using 792.6% CPU
Optimizing NNI: done in 0.531041 secs using 792.8% CPU
Optimizing NNI: done in 0.472466 secs using 793.6% CPU
Optimizing NNI: done in 0.58668 secs using 792.8% CPU
Optimizing NNI: done in 0.455232 secs using 793.9% CPU
Optimizing NNI: done in 0.394745 secs using 792.4% CPU
Optimizing NNI: done in 0.44822 secs using 795.3% CPU
Iteration 210 / LogL: -4466.521 / Time: 0h:1m:31s (0h:0m:39s left)
Optimizing NNI: done in 0.463389 secs using 791.9% CPU
Optimizing NNI: done in 0.566547 secs using 792.8% CPU
BETTER TREE FOUND at iteration 212: -4465.134
Optimizing NNI: done in 0.430333 secs using 791.2% CPU
Optimizing NNI: done in 0.513305 secs using 794.3% CPU
Optimizing NNI: done in 0.502206 secs using 792.6% CPU
Optimizing NNI: done in 0.388889 secs using 793.7% CPU
Optimizing NNI: done in 0.31133 secs using 792.5% CPU
Optimizing NNI: done in 0.402418 secs using 792% CPU
Optimizing NNI: done in 0.319903 secs using 794% CPU
Optimizing NNI: done in 0.316989 secs using 793.4% CPU
Iteration 220 / LogL: -4466.942 / Time: 0h:1m:36s (0h:0m:40s left)
Optimizing NNI: done in 0.308493 secs using 794.7% CPU
Optimizing NNI: done in 0.496027 secs using 793.5% CPU
Optimizing NNI: done in 0.422012 secs using 791.2% CPU
Optimizing NNI: done in 0.461655 secs using 794.6% CPU
Optimizing NNI: done in 0.342797 secs using 794.1% CPU
Optimizing NNI: done in 0.407994 secs using 793.3% CPU
Optimizing NNI: done in 0.416175 secs using 793.7% CPU
Optimizing NNI: done in 0.236924 secs using 791.4% CPU
Optimizing NNI: done in 0.531272 secs using 793.5% CPU
Optimizing NNI: done in 0.397856 secs using 792.3% CPU
Iteration 230 / LogL: -4468.226 / Time: 0h:1m:40s (0h:0m:35s left)
Optimizing NNI: done in 0.473172 secs using 796.6% CPU
Optimizing NNI: done in 0.323086 secs using 792.3% CPU
Optimizing NNI: done in 0.400926 secs using 794.4% CPU
Optimizing NNI: done in 0.302714 secs using 792% CPU
Optimizing NNI: done in 0.337923 secs using 790.8% CPU
Optimizing NNI: done in 0.405263 secs using 793.6% CPU
Optimizing NNI: done in 0.539419 secs using 792.7% CPU
Optimizing NNI: done in 0.560337 secs using 793.7% CPU
Optimizing NNI: done in 0.427448 secs using 793.3% CPU
Optimizing NNI: done in 0.422638 secs using 795.5% CPU
Iteration 240 / LogL: -4474.484 / Time: 0h:1m:44s (0h:0m:31s left)
Optimizing NNI: done in 0.414716 secs using 792.8% CPU
Optimizing NNI: done in 0.308009 secs using 793.7% CPU
Optimizing NNI: done in 0.325605 secs using 793.5% CPU
Optimizing NNI: done in 0.455083 secs using 793.9% CPU
Optimizing NNI: done in 0.395555 secs using 792.9% CPU
Optimizing NNI: done in 0.322893 secs using 793.1% CPU
Optimizing NNI: done in 0.575851 secs using 794.4% CPU
Optimizing NNI: done in 0.329635 secs using 793.2% CPU
Optimizing NNI: done in 0.439599 secs using 794.7% CPU
Optimizing NNI: done in 0.570432 secs using 792.7% CPU
Iteration 250 / LogL: -4465.240 / Time: 0h:1m:49s (0h:0m:27s left)
Log-likelihood cutoff on original alignment: -4502.702
Optimizing NNI: done in 0.427952 secs using 792.7% CPU
Optimizing NNI: done in 0.481772 secs using 795% CPU
Optimizing NNI: done in 0.320371 secs using 792.7% CPU
Optimizing NNI: done in 0.496902 secs using 794.2% CPU
Optimizing NNI: done in 0.324861 secs using 792.5% CPU
Optimizing NNI: done in 0.527222 secs using 793.4% CPU
Optimizing NNI: done in 0.335474 secs using 792.5% CPU
Optimizing NNI: done in 0.306746 secs using 793.6% CPU
Optimizing NNI: done in 0.555422 secs using 793.1% CPU
Optimizing NNI: done in 0.539452 secs using 793.4% CPU
Iteration 260 / LogL: -4465.720 / Time: 0h:1m:54s (0h:0m:22s left)
Optimizing NNI: done in 0.400036 secs using 790.5% CPU
Optimizing NNI: done in 0.421945 secs using 793% CPU
Optimizing NNI: done in 0.180502 secs using 792.5% CPU
Optimizing NNI: done in 0.40953 secs using 792.5% CPU
Optimizing NNI: done in 0.552175 secs using 793.6% CPU
Optimizing NNI: done in 0.562887 secs using 794.1% CPU
Optimizing NNI: done in 0.39993 secs using 791.6% CPU
Optimizing NNI: done in 0.60491 secs using 793.2% CPU
Optimizing NNI: done in 0.330795 secs using 793% CPU
Optimizing NNI: done in 0.432039 secs using 793% CPU
Iteration 270 / LogL: -4714.881 / Time: 0h:1m:58s (0h:0m:18s left)
Optimizing NNI: done in 0.241029 secs using 792% CPU
Optimizing NNI: done in 0.575678 secs using 793.4% CPU
Optimizing NNI: done in 0.72989 secs using 791.6% CPU
Optimizing NNI: done in 0.365928 secs using 792.9% CPU
Optimizing NNI: done in 0.485964 secs using 792.2% CPU
Optimizing NNI: done in 0.398395 secs using 790.7% CPU
Optimizing NNI: done in 0.423615 secs using 794.2% CPU
Optimizing NNI: done in 0.607535 secs using 791.7% CPU
Optimizing NNI: done in 0.404138 secs using 796.2% CPU
Optimizing NNI: done in 0.55283 secs using 791% CPU
Iteration 280 / LogL: -4465.238 / Time: 0h:2m:3s (0h:0m:14s left)
Optimizing NNI: done in 0.376683 secs using 795.4% CPU
Optimizing NNI: done in 0.42148 secs using 791.2% CPU
Optimizing NNI: done in 0.445273 secs using 794.1% CPU
Optimizing NNI: done in 0.446472 secs using 790% CPU
Optimizing NNI: done in 0.39948 secs using 793.5% CPU
Optimizing NNI: done in 0.323164 secs using 790.8% CPU
Optimizing NNI: done in 0.466087 secs using 795.2% CPU
Optimizing NNI: done in 0.455666 secs using 791.3% CPU
Optimizing NNI: done in 0.51263 secs using 794.3% CPU
Optimizing NNI: done in 0.332541 secs using 791.9% CPU
Iteration 290 / LogL: -4465.134 / Time: 0h:2m:8s (0h:0m:9s left)
Optimizing NNI: done in 0.406565 secs using 792.1% CPU
Optimizing NNI: done in 0.257177 secs using 793.5% CPU
Optimizing NNI: done in 0.587969 secs using 791.4% CPU
Optimizing NNI: done in 0.387726 secs using 792.4% CPU
Optimizing NNI: done in 0.474898 secs using 792.7% CPU
Optimizing NNI: done in 0.339452 secs using 794.7% CPU
Optimizing NNI: done in 0.331529 secs using 792.4% CPU
Optimizing NNI: done in 0.485524 secs using 793.2% CPU
Optimizing NNI: done in 0.555691 secs using 793.1% CPU
Optimizing NNI: done in 0.431255 secs using 795% CPU
Iteration 300 / LogL: -4469.479 / Time: 0h:2m:12s (0h:0m:5s left)
Log-likelihood cutoff on original alignment: -4502.702
NOTE: Bootstrap correlation coefficient of split occurrence frequencies: 0.995
Optimizing NNI: done in 0.390818 secs using 793.9% CPU
Optimizing NNI: done in 0.423147 secs using 791.7% CPU
Optimizing NNI: done in 0.244346 secs using 791.2% CPU
Optimizing NNI: done in 0.445934 secs using 792.5% CPU
Optimizing NNI: done in 0.493123 secs using 793% CPU
Optimizing NNI: done in 0.468872 secs using 794% CPU
Optimizing NNI: done in 0.369286 secs using 792.3% CPU
Optimizing NNI: done in 0.318111 secs using 794% CPU
Optimizing NNI: done in 0.424366 secs using 793% CPU
Optimizing NNI: done in 0.476133 secs using 794.6% CPU
Iteration 310 / LogL: -4469.347 / Time: 0h:2m:17s (0h:0m:40s left)
Optimizing NNI: done in 0.424905 secs using 791.5% CPU
Optimizing NNI: done in 0.272844 secs using 796% CPU
Optimizing NNI: done in 0.371846 secs using 793.5% CPU
TREE SEARCH COMPLETED AFTER 313 ITERATIONS / Time: 0h:2m:18s

--------------------------------------------------------------------
|                    FINALIZING TREE SEARCH                        |
--------------------------------------------------------------------
Performs final model parameters optimization
Estimate model parameters (epsilon = 0.010)
1. Initial log-likelihood: -4465.134
Optimal log-likelihood: -4465.133
Gamma shape alpha: 0.439
Parameters optimization took 1 rounds (0.037 sec)
BEST SCORE FOUND : -4465.133
Creating bootstrap support values...
Split supports printed to NEXUS file results/per_year_clustered/H1N1/trees/H1N1_2023_with_designs.splits.nex
Total tree length: 0.683

Total number of iterations: 313
CPU time used for tree search: 1065.080 sec (0h:17m:45s)
Wall-clock time used for tree search: 138.273 sec (0h:2m:18s)
Total CPU time used: 1068.585 sec (0h:17m:48s)
Total wall-clock time used: 138.952 sec (0h:2m:18s)

Computing bootstrap consensus tree...
Reading input file results/per_year_clustered/H1N1/trees/H1N1_2023_with_designs.splits.nex...
90 taxa and 2877 splits.
Consensus tree written to results/per_year_clustered/H1N1/trees/H1N1_2023_with_designs.contree
Reading input trees file results/per_year_clustered/H1N1/trees/H1N1_2023_with_designs.contree
Log-likelihood of consensus tree: -4465.248

Analysis results written to: 
  IQ-TREE report:                results/per_year_clustered/H1N1/trees/H1N1_2023_with_designs.iqtree
  Maximum-likelihood tree:       results/per_year_clustered/H1N1/trees/H1N1_2023_with_designs.treefile
  Likelihood distances:          results/per_year_clustered/H1N1/trees/H1N1_2023_with_designs.mldist

Ultrafast bootstrap approximation results written to:
  Split support values:          results/per_year_clustered/H1N1/trees/H1N1_2023_with_designs.splits.nex
  Consensus tree:                results/per_year_clustered/H1N1/trees/H1N1_2023_with_designs.contree
  Screen log file:               results/per_year_clustered/H1N1/trees/H1N1_2023_with_designs.log

Date and Time: Sat Nov 22 11:02:32 2025
