IQ-TREE version 3.0.1 for Linux x86 64-bit built Jul  9 2025
Developed by Bui Quang Minh, Thomas Wong, Nhan Ly-Trong, Huaiyan Ren
Contributed by Lam-Tung Nguyen, Dominik Schrempf, Chris Bielow,
Olga Chernomor, Michael Woodhams, Diep Thi Hoang, Heiko Schmidt

Host:    rtis-hpc-r09.uod.otago.ac.nz (AVX2, FMA3, 1006 GB RAM)
Command: iqtree -s results/per_year_clustered/H1N1/alignments/H1N1_2010_aligned.fasta -m LG+G4 -te results/per_year_clustered/H1N1/trees/H1N1_2010.treefile -asr -pre results/per_year_clustered/H1N1/trees/H1N1_2010_asr -redo -quiet
Seed:    625205 (Using SPRNG - Scalable Parallel Random Number Generator)
Time:    Sat Nov 22 10:52:53 2025
Kernel:  AVX+FMA - 1 threads (8 CPU cores detected)

HINT: Use -nt option to specify number of threads because your CPU has 8 cores!
HINT: -nt AUTO will automatically determine the best number of threads to use.

Reading alignment file results/per_year_clustered/H1N1/alignments/H1N1_2010_aligned.fasta ... Fasta format detected
Reading fasta file: done in 0.000232305 secs using 49.5% CPU
Alignment most likely contains protein sequences
Constructing alignment: done in 0.000252543 secs
Alignment has 24 sequences with 575 columns, 161 distinct patterns
21 parsimony-informative, 151 singleton sites, 403 constant sites
                                                                       Gap/Ambiguity  Composition  p-value
Analyzing sequences: done in 1.0099e-05 secs
   1  EPI349529|HA|A/Taiwan/3994/2010|EPI_ISL_101899|A_/_H1N1                  1.57%    passed    100.00%
   2  EPI349528|HA|A/Taiwan/1164/2010|EPI_ISL_101898|A_/_H1N1                  1.57%    passed    100.00%
   3  EPI249899|HA|A/Nagasaki/HA-10-5/2010|EPI_ISL_71903|A_/_H1N1              1.57%    passed    100.00%
   4  EPI272412|HA|A/NIIGATA/194/2010|EPI_ISL_77265|A_/_H1N1                   1.57%    passed    100.00%
   5  EPI598887|HA|A/Bangkok/SIMI510/2010|EPI_ISL_181410|A_/_H1N1              1.57%    passed    100.00%
   6  EPI598885|HA|A/Bangkok/SIMI508/2010|EPI_ISL_181408|A_/_H1N1              1.57%    passed    100.00%
   7  EPI302108|HA|A/Taiwan/733/2010|EPI_ISL_86017|A_/_H1N1                    1.57%    passed    100.00%
   8  EPI324760|HA|A/Thailand/CU-MV6/2010|EPI_ISL_93119|A_/_H1N1               0.00%    passed    100.00%
   9  EPI334839|HA|A/Aichi/118/2010|EPI_ISL_95637|A_/_H1N1                     1.57%    passed    100.00%
  10  EPI403823|HA|A/England/03220137/2010|EPI_ISL_131599|A_/_H1N1             1.57%    passed    100.00%
  11  EPI403839|HA|A/Northern_Ireland/04380108/2010|EPI_ISL_131604|A_/_H1N1    1.57%    passed    100.00%
  12  EPI273891|HA|A/Dnipropetrovsk/445/2010|EPI_ISL_77716|A_/_H1N1            1.57%    passed    100.00%
  13  EPI278514|HA|A/Ukraine/123/2010|EPI_ISL_79191|A_/_H1N1                   1.57%    passed    100.00%
  14  EPI295619|HA|A/Slovakia/1623/2010|EPI_ISL_84236|A_/_H1N1                 1.57%    passed    100.00%
  15  EPI295631|HA|A/Switzerland/3628824/2010|EPI_ISL_84242|A_/_H1N1           1.57%    passed    100.00%
  16  EPI299615|HA|A/Switzerland/5165/2010|EPI_ISL_85201|A_/_H1N1              1.57%    passed     97.56%
  17  EPI492960|HA|A/Extremadura/6530/2010|EPI_ISL_151911|A_/_H1N1             1.57%    passed    100.00%
  18  EPI280341|HA|A/Christchurch/16/2010|EPI_ISL_79721|A_/_H1N1               1.57%    passed    100.00%
  19  EPI250026|HA|A/Maryland/04/2010|EPI_ISL_71959|A_/_H1N1                   1.57%    passed    100.00%
  20  EPI252143|HA|A/Minnesota/02/2010|EPI_ISL_73406|A_/_H1N1                  1.57%    passed    100.00%
  21  EPI273717|HA|A/Minnesota/03/2010|EPI_ISL_77664|A_/_H1N1                  1.57%    passed    100.00%
  22  EPI278832|HA|A/California/11/2010|EPI_ISL_79343|A_/_H1N1                 1.57%    passed    100.00%
  23  EPI300969|HA|A/Indiana/06/2010|EPI_ISL_85569|A_/_H1N1                    1.57%    passed    100.00%
  24  EPI301713|HA|A/Hawaii/16/2010|EPI_ISL_85813|A_/_H1N1                     1.57%    passed    100.00%
****  TOTAL                                                                    1.50%  0 sequences failed composition chi2 test (p-value<5%; df=19)
Reading input tree file results/per_year_clustered/H1N1/trees/H1N1_2010.treefile ...

NOTE: 2 MB RAM (0 GB) is required!
Estimate model parameters (epsilon = 0.010)
1. Initial log-likelihood: -2971.241
2. Current log-likelihood: -2971.144
Optimal log-likelihood: -2971.138
Gamma shape alpha: 1.177
Parameters optimization took 2 rounds (0.074 sec)
Wrote distance file to... 
BEST SCORE FOUND : -2971.138
Ancestral state probabilities printed to results/per_year_clustered/H1N1/trees/H1N1_2010_asr.state
Total tree length: 0.432

Total number of iterations: 0
CPU time used for tree search: 0.000 sec (0h:0m:0s)
Wall-clock time used for tree search: 0.000 sec (0h:0m:0s)
Total CPU time used: 0.160 sec (0h:0m:0s)
Total wall-clock time used: 0.201 sec (0h:0m:0s)

Analysis results written to: 
  IQ-TREE report:                results/per_year_clustered/H1N1/trees/H1N1_2010_asr.iqtree
  Maximum-likelihood tree:       results/per_year_clustered/H1N1/trees/H1N1_2010_asr.treefile
  Ancestral state:               results/per_year_clustered/H1N1/trees/H1N1_2010_asr.state
  Screen log file:               results/per_year_clustered/H1N1/trees/H1N1_2010_asr.log

Date and Time: Sat Nov 22 10:52:53 2025
