IQ-TREE version 3.0.1 for Linux x86 64-bit built Jul  9 2025
Developed by Bui Quang Minh, Thomas Wong, Nhan Ly-Trong, Huaiyan Ren
Contributed by Lam-Tung Nguyen, Dominik Schrempf, Chris Bielow,
Olga Chernomor, Michael Woodhams, Diep Thi Hoang, Heiko Schmidt

Host:    rtis-hpc-r09.uod.otago.ac.nz (AVX2, FMA3, 1006 GB RAM)
Command: iqtree -s results/per_year_clustered/H1N1/alignments/H1N1_2022_aligned.fasta -m LG+G4 -te results/per_year_clustered/H1N1/trees/H1N1_2022.treefile -asr -pre results/per_year_clustered/H1N1/trees/H1N1_2022_asr -redo -quiet
Seed:    158862 (Using SPRNG - Scalable Parallel Random Number Generator)
Time:    Sat Nov 22 10:59:27 2025
Kernel:  AVX+FMA - 1 threads (8 CPU cores detected)

HINT: Use -nt option to specify number of threads because your CPU has 8 cores!
HINT: -nt AUTO will automatically determine the best number of threads to use.

Reading alignment file results/per_year_clustered/H1N1/alignments/H1N1_2022_aligned.fasta ... Fasta format detected
Reading fasta file: done in 0.000155822 secs
Alignment most likely contains protein sequences
Constructing alignment: done in 0.000225473 secs
Alignment has 16 sequences with 566 columns, 146 distinct patterns
22 parsimony-informative, 140 singleton sites, 404 constant sites
                                                                        Gap/Ambiguity  Composition  p-value
Analyzing sequences: done in 1.04902e-05 secs
   1  EPI2667042|HA|A/Surat_Thani/P3935/2022|EPI_ISL_16613583|A_/_H1N1          0.00%    passed    100.00%
   2  EPI2093894|HA|A/Abu_Dhabi/4277354/2022|EPI_ISL_13894471|A_/_H1N1          0.00%    passed    100.00%
   3  EPI2461271|HA|A/Qatar/10-VI-22-2099096/2022|EPI_ISL_17204416|A_/_H1N1     0.00%    passed    100.00%
   4  EPI2318975|HA|A/Bishkek/S-58SARI/2022|EPI_ISL_16714052|A_/_H1N1           0.00%    passed    100.00%
   5  EPI2541975|HA|A/Palestine/8T/2022|EPI_ISL_17608695|A_/_H1N1               0.00%    passed    100.00%
   6  EPI2585769|HA|A/ABUDHABI/UAE/0003318/2022|EPI_ISL_17776869|A_/_H1N1       0.00%    passed    100.00%
   7  EPI2363642|HA|A/Pakistan/353/2022|EPI_ISL_16830554|A_/_H1N1               0.00%    passed    100.00%
   8  EPI2260226|HA|A/Catalonia/NSVH101974424/2022|EPI_ISL_16258264|A_/_H1N1    0.00%    passed    100.00%
   9  EPI2214090|HA|A/England/223840510/2022|EPI_ISL_15740756|A_/_H1N1          0.00%    passed    100.00%
  10  EPI2207119|HA|A/Deeside/1535/2022|EPI_ISL_15677016|A_/_H1N1               0.00%    passed    100.00%
  11  EPI2240803|HA|A/Navarra/4050/2022|EPI_ISL_16074739|A_/_H1N1               0.00%    passed     99.99%
  12  EPI2384217|HA|A/Canberra/538/2022|EPI_ISL_16864421|A_/_H1N1               0.00%    passed    100.00%
  13  EPI2235637|HA|A/Sydney/1325/2022|EPI_ISL_16003421|A_/_H1N1                0.00%    passed    100.00%
  14  EPI2249111|HA|A/Iowa/39/2022|EPI_ISL_16199375|A_/_H1N1                    0.00%    passed    100.00%
  15  EPI2345064|HA|A/Maine/35/2022|EPI_ISL_16764045|A_/_H1N1                   0.00%    passed    100.00%
  16  EPI2347151|HA|A/Florida/116/2022|EPI_ISL_16764981|A_/_H1N1                0.00%    passed    100.00%
****  TOTAL                                                                     0.00%  0 sequences failed composition chi2 test (p-value<5%; df=19)
Reading input tree file results/per_year_clustered/H1N1/trees/H1N1_2022.treefile ...

NOTE: 1 MB RAM (0 GB) is required!
Estimate model parameters (epsilon = 0.010)
1. Initial log-likelihood: -2798.391
2. Current log-likelihood: -2798.226
3. Current log-likelihood: -2798.212
Optimal log-likelihood: -2798.212
Gamma shape alpha: 0.817
Parameters optimization took 3 rounds (0.070 sec)
Wrote distance file to... 
BEST SCORE FOUND : -2798.212
Ancestral state probabilities printed to results/per_year_clustered/H1N1/trees/H1N1_2022_asr.state
Total tree length: 0.430

Total number of iterations: 0
CPU time used for tree search: 0.000 sec (0h:0m:0s)
Wall-clock time used for tree search: 0.000 sec (0h:0m:0s)
Total CPU time used: 0.127 sec (0h:0m:0s)
Total wall-clock time used: 0.159 sec (0h:0m:0s)

Analysis results written to: 
  IQ-TREE report:                results/per_year_clustered/H1N1/trees/H1N1_2022_asr.iqtree
  Maximum-likelihood tree:       results/per_year_clustered/H1N1/trees/H1N1_2022_asr.treefile
  Ancestral state:               results/per_year_clustered/H1N1/trees/H1N1_2022_asr.state
  Screen log file:               results/per_year_clustered/H1N1/trees/H1N1_2022_asr.log

Date and Time: Sat Nov 22 10:59:27 2025
