IQ-TREE version 3.0.1 for Linux x86 64-bit built Jul  9 2025
Developed by Bui Quang Minh, Thomas Wong, Nhan Ly-Trong, Huaiyan Ren
Contributed by Lam-Tung Nguyen, Dominik Schrempf, Chris Bielow,
Olga Chernomor, Michael Woodhams, Diep Thi Hoang, Heiko Schmidt

Host:    rtis-hpc-r09.uod.otago.ac.nz (AVX2, FMA3, 1006 GB RAM)
Command: iqtree -s results/per_year_clustered/H1N1/alignments/H1N1_2022_with_designs.fasta -m LG+G4 -bb 1000 -nt 8 -pre results/per_year_clustered/H1N1/trees/H1N1_2022_with_designs -redo -quiet
Seed:    460385 (Using SPRNG - Scalable Parallel Random Number Generator)
Time:    Sat Nov 22 10:59:29 2025
Kernel:  AVX+FMA - 8 threads (8 CPU cores detected)

Reading alignment file results/per_year_clustered/H1N1/alignments/H1N1_2022_with_designs.fasta ... Fasta format detected
Reading fasta file: done in 0.000185608 secs using 66.27% CPU
Alignment most likely contains protein sequences
Constructing alignment: done in 0.000278923 secs using 765.1% CPU
Alignment has 20 sequences with 566 columns, 146 distinct patterns
29 parsimony-informative, 133 singleton sites, 404 constant sites
                                                                                           Gap/Ambiguity  Composition  p-value
Analyzing sequences: done in 8.13487e-06 secs using 73.76% CPU
   1  EPI2667042|HA|A/Surat_Thani/P3935/2022|EPI_ISL_16613583|A_/_H1N1                             0.00%    passed    100.00%
   2  EPI2093894|HA|A/Abu_Dhabi/4277354/2022|EPI_ISL_13894471|A_/_H1N1                             0.00%    passed    100.00%
   3  EPI2461271|HA|A/Qatar/10-VI-22-2099096/2022|EPI_ISL_17204416|A_/_H1N1                        0.00%    passed    100.00%
   4  EPI2318975|HA|A/Bishkek/S-58SARI/2022|EPI_ISL_16714052|A_/_H1N1                              0.00%    passed    100.00%
   5  EPI2541975|HA|A/Palestine/8T/2022|EPI_ISL_17608695|A_/_H1N1                                  0.00%    passed    100.00%
   6  EPI2585769|HA|A/ABUDHABI/UAE/0003318/2022|EPI_ISL_17776869|A_/_H1N1                          0.00%    passed    100.00%
   7  EPI2363642|HA|A/Pakistan/353/2022|EPI_ISL_16830554|A_/_H1N1                                  0.00%    passed    100.00%
   8  EPI2260226|HA|A/Catalonia/NSVH101974424/2022|EPI_ISL_16258264|A_/_H1N1                       0.00%    passed    100.00%
   9  EPI2214090|HA|A/England/223840510/2022|EPI_ISL_15740756|A_/_H1N1                             0.00%    passed    100.00%
  10  EPI2207119|HA|A/Deeside/1535/2022|EPI_ISL_15677016|A_/_H1N1                                  0.00%    passed    100.00%
  11  EPI2240803|HA|A/Navarra/4050/2022|EPI_ISL_16074739|A_/_H1N1                                  0.00%    passed     99.98%
  12  EPI2384217|HA|A/Canberra/538/2022|EPI_ISL_16864421|A_/_H1N1                                  0.00%    passed    100.00%
  13  EPI2235637|HA|A/Sydney/1325/2022|EPI_ISL_16003421|A_/_H1N1                                   0.00%    passed    100.00%
  14  EPI2249111|HA|A/Iowa/39/2022|EPI_ISL_16199375|A_/_H1N1                                       0.00%    passed    100.00%
  15  EPI2345064|HA|A/Maine/35/2022|EPI_ISL_16764045|A_/_H1N1                                      0.00%    passed    100.00%
  16  EPI2347151|HA|A/Florida/116/2022|EPI_ISL_16764981|A_/_H1N1                                   0.00%    passed    100.00%
  17  H1N1_2022_Consensus_Aligned                                                                  0.00%    passed    100.00%
  18  H1N1_2022_Medoid_Aligned|EPI2093894|HA|A/Abu_Dhabi/4277354/2022|EPI_ISL_13894471|A_/_H1N1    0.00%    passed    100.00%
  19  H1N1_2022_Ancestral_Aligned_Node8                                                            0.00%    passed    100.00%
  20  H1N1_2022_COBRA_Aligned                                                                      0.00%    passed    100.00%
****  TOTAL                                                                                        0.00%  0 sequences failed composition chi2 test (p-value<5%; df=19)
NOTE: H1N1_2022_COBRA_Aligned is identical to EPI2667042|HA|A/Surat_Thani/P3935/2022|EPI_ISL_16613583|A_/_H1N1 but kept for subsequent analysis
NOTE: H1N1_2022_Medoid_Aligned|EPI2093894|HA|A/Abu_Dhabi/4277354/2022|EPI_ISL_13894471|A_/_H1N1 is identical to EPI2093894|HA|A/Abu_Dhabi/4277354/2022|EPI_ISL_13894471|A_/_H1N1 but kept for subsequent analysis
Checking for duplicate sequences: done in 3.74601e-05 secs using 80.09% CPU
Creating fast initial parsimony tree by random order stepwise addition...
0.008 seconds, parsimony score: 202 (based on 162 sites)
Generating 1000 samples for ultrafast bootstrap (seed: 460385)...

NOTE: 2 MB RAM (0 GB) is required!
WARNING: Number of threads seems too high for short alignments. Use -T AUTO to determine best number of threads.
Estimate model parameters (epsilon = 0.100)
1. Initial log-likelihood: -2802.797
2. Current log-likelihood: -2801.057
Optimal log-likelihood: -2801.037
Gamma shape alpha: 0.787
Parameters optimization took 2 rounds (0.017 sec)
Wrote distance file to... 
Computing ML distances based on estimated model parameters...
Calculating distance matrix: done in 0.00651074 secs using 789.6% CPU
Computing ML distances took 0.006541 sec (of wall-clock time) 0.051439 sec (of CPU time)
Setting up auxiliary I and S matrices: done in 0.000346669 secs using 207.4% CPU
Constructing RapidNJ tree: done in 0.00954395 secs using 42.03% CPU
Computing RapidNJ tree took 0.009927 sec (of wall-clock time) 0.004765 sec (of CPU time)
Log-likelihood of RapidNJ tree: -2800.930
--------------------------------------------------------------------
|             INITIALIZING CANDIDATE TREE SET                      |
--------------------------------------------------------------------
Generating 98 parsimony trees... 0.017 second
Computing log-likelihood of 98 initial trees ... 0.246 seconds
Current best score: -2798.226

Do NNI search on 20 best initial trees
Optimizing NNI: done in 0.0242551 secs using 786.9% CPU
Estimate model parameters (epsilon = 0.100)
BETTER TREE FOUND at iteration 1: -2798.218
Optimizing NNI: done in 0.025231 secs using 815.6% CPU
BETTER TREE FOUND at iteration 2: -2798.216
Optimizing NNI: done in 0.0254743 secs using 805.1% CPU
Optimizing NNI: done in 0.0258517 secs using 798.4% CPU
Optimizing NNI: done in 0.0254658 secs using 783.5% CPU
Optimizing NNI: done in 0.0257511 secs using 776.2% CPU
Optimizing NNI: done in 0.0258822 secs using 795.7% CPU
Optimizing NNI: done in 0.0257851 secs using 801.8% CPU
Optimizing NNI: done in 0.0257546 secs using 802.6% CPU
Optimizing NNI: done in 0.0260902 secs using 793.5% CPU
Iteration 10 / LogL: -2798.218 / Time: 0h:0m:0s
Optimizing NNI: done in 0.0264285 secs using 777.1% CPU
Optimizing NNI: done in 0.0261132 secs using 788.5% CPU
Optimizing NNI: done in 0.0263353 secs using 812.8% CPU
Optimizing NNI: done in 0.0267719 secs using 793.9% CPU
Optimizing NNI: done in 0.0261107 secs using 792.8% CPU
Optimizing NNI: done in 0.0257593 secs using 794.3% CPU
Optimizing NNI: done in 0.0258904 secs using 791.3% CPU
Optimizing NNI: done in 0.0260623 secs using 790.5% CPU
Optimizing NNI: done in 0.0264805 secs using 783% CPU
Optimizing NNI: done in 0.0265987 secs using 806.3% CPU
Iteration 20 / LogL: -2798.218 / Time: 0h:0m:0s
Finish initializing candidate tree set (20)
Current best tree score: -2798.216 / CPU time: 0.812
Number of iterations: 20
--------------------------------------------------------------------
|               OPTIMIZING CANDIDATE TREE SET                      |
--------------------------------------------------------------------
Optimizing NNI: done in 0.0268415 secs using 783.1% CPU
Optimizing NNI: done in 0.0501866 secs using 791.6% CPU
Optimizing NNI: done in 0.0481058 secs using 792.7% CPU
Optimizing NNI: done in 0.0373191 secs using 786.9% CPU
Optimizing NNI: done in 0.0519992 secs using 793.7% CPU
Optimizing NNI: done in 0.0510923 secs using 788.2% CPU
Optimizing NNI: done in 0.0486797 secs using 795.4% CPU
Optimizing NNI: done in 0.0258369 secs using 770.3% CPU
Optimizing NNI: done in 0.0519556 secs using 786.8% CPU
Optimizing NNI: done in 0.0249776 secs using 790.8% CPU
Iteration 30 / LogL: -2798.217 / Time: 0h:0m:1s (0h:0m:3s left)
Optimizing NNI: done in 0.0382881 secs using 788.1% CPU
Optimizing NNI: done in 0.0521318 secs using 782.9% CPU
Optimizing NNI: done in 0.0242212 secs using 814.5% CPU
Optimizing NNI: done in 0.0552854 secs using 785.7% CPU
Optimizing NNI: done in 0.0406435 secs using 778% CPU
Optimizing NNI: done in 0.0607853 secs using 797.2% CPU
Optimizing NNI: done in 0.0239949 secs using 792.4% CPU
Optimizing NNI: done in 0.0259429 secs using 793.8% CPU
Optimizing NNI: done in 0.0228587 secs using 800.7% CPU
Optimizing NNI: done in 0.0535432 secs using 800.5% CPU
Iteration 40 / LogL: -2798.223 / Time: 0h:0m:1s (0h:0m:2s left)
Optimizing NNI: done in 0.0262463 secs using 812.3% CPU
Optimizing NNI: done in 0.0244075 secs using 813.2% CPU
Optimizing NNI: done in 0.0259073 secs using 791.3% CPU
Optimizing NNI: done in 0.0800474 secs using 793.7% CPU
Optimizing NNI: done in 0.0362396 secs using 811.1% CPU
Optimizing NNI: done in 0.0362292 secs using 791.8% CPU
Optimizing NNI: done in 0.0269134 secs using 798.6% CPU
Optimizing NNI: done in 0.0481677 secs using 791% CPU
Optimizing NNI: done in 0.0522068 secs using 788.6% CPU
Optimizing NNI: done in 0.0384293 secs using 777.2% CPU
BETTER TREE FOUND at iteration 50: -2798.216
Iteration 50 / LogL: -2798.216 / Time: 0h:0m:2s (0h:0m:4s left)
Log-likelihood cutoff on original alignment: -2812.823
Optimizing NNI: done in 0.0523573 secs using 795.4% CPU
Optimizing NNI: done in 0.0396621 secs using 779.5% CPU
Optimizing NNI: done in 0.0788828 secs using 794.3% CPU
Optimizing NNI: done in 0.0242002 secs using 786.5% CPU
Optimizing NNI: done in 0.0399178 secs using 795% CPU
Optimizing NNI: done in 0.0367369 secs using 795.8% CPU
Optimizing NNI: done in 0.0529497 secs using 793.1% CPU
Optimizing NNI: done in 0.0518709 secs using 794.1% CPU
Optimizing NNI: done in 0.0612503 secs using 791.9% CPU
Optimizing NNI: done in 0.0511855 secs using 791.8% CPU
Iteration 60 / LogL: -2798.218 / Time: 0h:0m:2s (0h:0m:4s left)
Optimizing NNI: done in 0.0633758 secs using 792.1% CPU
Optimizing NNI: done in 0.0618671 secs using 794.8% CPU
Optimizing NNI: done in 0.0501742 secs using 792% CPU
Optimizing NNI: done in 0.0387107 secs using 798.9% CPU
Optimizing NNI: done in 0.0393298 secs using 788% CPU
Optimizing NNI: done in 0.0491773 secs using 792.9% CPU
Optimizing NNI: done in 0.0377739 secs using 793.9% CPU
Optimizing NNI: done in 0.0252329 secs using 786.8% CPU
Optimizing NNI: done in 0.0233449 secs using 783.4% CPU
Optimizing NNI: done in 0.0256017 secs using 770.3% CPU
Iteration 70 / LogL: -2803.353 / Time: 0h:0m:3s (0h:0m:3s left)
Optimizing NNI: done in 0.0252251 secs using 811.7% CPU
BETTER TREE FOUND at iteration 71: -2798.216
Optimizing NNI: done in 0.0253503 secs using 812.1% CPU
Optimizing NNI: done in 0.0390715 secs using 811.3% CPU
Optimizing NNI: done in 0.0368294 secs using 797.9% CPU
Optimizing NNI: done in 0.0507433 secs using 798.5% CPU
Optimizing NNI: done in 0.01267 secs using 813% CPU
BETTER TREE FOUND at iteration 76: -2798.216
Optimizing NNI: done in 0.065678 secs using 785.9% CPU
Optimizing NNI: done in 0.0235482 secs using 804.5% CPU
Optimizing NNI: done in 0.0396016 secs using 782.4% CPU
Optimizing NNI: done in 0.0518121 secs using 792.1% CPU
Iteration 80 / LogL: -2798.220 / Time: 0h:0m:3s (0h:0m:4s left)
Optimizing NNI: done in 0.0585987 secs using 783.2% CPU
Optimizing NNI: done in 0.0362558 secs using 777.8% CPU
Optimizing NNI: done in 0.0384577 secs using 785.4% CPU
Optimizing NNI: done in 0.0261139 secs using 793.3% CPU
Optimizing NNI: done in 0.0605044 secs using 800.4% CPU
Optimizing NNI: done in 0.0354159 secs using 807.9% CPU
Optimizing NNI: done in 0.0269459 secs using 794% CPU
Optimizing NNI: done in 0.0256278 secs using 802.5% CPU
BETTER TREE FOUND at iteration 88: -2798.216
Optimizing NNI: done in 0.0518306 secs using 794.3% CPU
Optimizing NNI: done in 0.052515 secs using 787% CPU
Iteration 90 / LogL: -2798.218 / Time: 0h:0m:4s (0h:0m:4s left)
Optimizing NNI: done in 0.0647715 secs using 795.2% CPU
Optimizing NNI: done in 0.0775381 secs using 783.8% CPU
Optimizing NNI: done in 0.0261096 secs using 790.8% CPU
Optimizing NNI: done in 0.0382071 secs using 782.1% CPU
Optimizing NNI: done in 0.0272801 secs using 785.9% CPU
Optimizing NNI: done in 0.0560192 secs using 792.1% CPU
Optimizing NNI: done in 0.037879 secs using 798.5% CPU
Optimizing NNI: done in 0.0376728 secs using 802.1% CPU
Optimizing NNI: done in 0.0620132 secs using 796.1% CPU
Optimizing NNI: done in 0.0534709 secs using 788.1% CPU
Iteration 100 / LogL: -2798.220 / Time: 0h:0m:4s (0h:0m:4s left)
Log-likelihood cutoff on original alignment: -2817.813
NOTE: Bootstrap correlation coefficient of split occurrence frequencies: 0.945
NOTE: UFBoot does not converge, continue at least 100 more iterations
Optimizing NNI: done in 0.026466 secs using 801.4% CPU
Optimizing NNI: done in 0.0389145 secs using 794.7% CPU
Optimizing NNI: done in 0.0670522 secs using 792.7% CPU
Optimizing NNI: done in 0.0383611 secs using 782% CPU
Optimizing NNI: done in 0.0395847 secs using 801.2% CPU
Optimizing NNI: done in 0.0390388 secs using 795.7% CPU
Optimizing NNI: done in 0.0525844 secs using 790.6% CPU
Optimizing NNI: done in 0.0401803 secs using 785.6% CPU
Optimizing NNI: done in 0.0265563 secs using 807.8% CPU
Optimizing NNI: done in 0.0275079 secs using 776.6% CPU
Iteration 110 / LogL: -2803.005 / Time: 0h:0m:4s (0h:0m:4s left)
Optimizing NNI: done in 0.0246403 secs using 766.3% CPU
Optimizing NNI: done in 0.0370494 secs using 790.9% CPU
Optimizing NNI: done in 0.0504208 secs using 799.7% CPU
Optimizing NNI: done in 0.051798 secs using 795.9% CPU
Optimizing NNI: done in 0.0258413 secs using 797.8% CPU
UPDATE BEST LOG-LIKELIHOOD: -2798.216
Optimizing NNI: done in 0.0261913 secs using 788.3% CPU
Optimizing NNI: done in 0.0544452 secs using 802.2% CPU
Optimizing NNI: done in 0.0261728 secs using 783.8% CPU
Optimizing NNI: done in 0.0407266 secs using 798.3% CPU
Optimizing NNI: done in 0.0382607 secs using 791.5% CPU
Iteration 120 / LogL: -2803.005 / Time: 0h:0m:5s (0h:0m:3s left)
Optimizing NNI: done in 0.012785 secs using 807.9% CPU
BETTER TREE FOUND at iteration 121: -2798.216
Optimizing NNI: done in 0.0255177 secs using 808.9% CPU
Optimizing NNI: done in 0.0385636 secs using 786.1% CPU
Optimizing NNI: done in 0.0663063 secs using 791.8% CPU
Optimizing NNI: done in 0.0651479 secs using 789.6% CPU
Optimizing NNI: done in 0.0680548 secs using 791.5% CPU
Optimizing NNI: done in 0.0404456 secs using 773.8% CPU
Optimizing NNI: done in 0.0391984 secs using 785.4% CPU
Optimizing NNI: done in 0.0500349 secs using 791.7% CPU
Optimizing NNI: done in 0.0236796 secs using 775.8% CPU
Iteration 130 / LogL: -2798.217 / Time: 0h:0m:5s (0h:0m:4s left)
Optimizing NNI: done in 0.0508016 secs using 795% CPU
Optimizing NNI: done in 0.0399971 secs using 787.3% CPU
Optimizing NNI: done in 0.0528325 secs using 791.3% CPU
Optimizing NNI: done in 0.0538804 secs using 794.3% CPU
Optimizing NNI: done in 0.0398523 secs using 795.3% CPU
Optimizing NNI: done in 0.0501026 secs using 789.6% CPU
Optimizing NNI: done in 0.047346 secs using 782.1% CPU
Optimizing NNI: done in 0.0386256 secs using 798% CPU
Optimizing NNI: done in 0.035114 secs using 788.2% CPU
Optimizing NNI: done in 0.0526516 secs using 800.7% CPU
Iteration 140 / LogL: -2798.219 / Time: 0h:0m:6s (0h:0m:3s left)
Optimizing NNI: done in 0.0496467 secs using 795.2% CPU
Optimizing NNI: done in 0.0526744 secs using 785.2% CPU
Optimizing NNI: done in 0.0366038 secs using 784.6% CPU
Optimizing NNI: done in 0.0395406 secs using 804.5% CPU
Optimizing NNI: done in 0.0236815 secs using 805.7% CPU
Optimizing NNI: done in 0.0236084 secs using 807.4% CPU
Optimizing NNI: done in 0.0665057 secs using 785% CPU
Optimizing NNI: done in 0.0395953 secs using 803.1% CPU
Optimizing NNI: done in 0.0535135 secs using 800.7% CPU
Optimizing NNI: done in 0.0527352 secs using 798.1% CPU
Iteration 150 / LogL: -2798.220 / Time: 0h:0m:6s (0h:0m:3s left)
Log-likelihood cutoff on original alignment: -2819.964
Optimizing NNI: done in 0.0532587 secs using 803.9% CPU
Optimizing NNI: done in 0.0531511 secs using 790.3% CPU
Optimizing NNI: done in 0.0399995 secs using 793.5% CPU
Optimizing NNI: done in 0.0635932 secs using 783.2% CPU
Optimizing NNI: done in 0.0654693 secs using 785.3% CPU
Optimizing NNI: done in 0.0268482 secs using 797.7% CPU
Optimizing NNI: done in 0.0400594 secs using 790.2% CPU
Optimizing NNI: done in 0.0525539 secs using 783.1% CPU
Optimizing NNI: done in 0.0398314 secs using 792.3% CPU
Optimizing NNI: done in 0.0663565 secs using 801.7% CPU
Iteration 160 / LogL: -2798.217 / Time: 0h:0m:7s (0h:0m:2s left)
Optimizing NNI: done in 0.0748472 secs using 794.8% CPU
Optimizing NNI: done in 0.0513831 secs using 790.9% CPU
Optimizing NNI: done in 0.0477156 secs using 779.4% CPU
Optimizing NNI: done in 0.0655375 secs using 795.3% CPU
Optimizing NNI: done in 0.0395009 secs using 802.5% CPU
Optimizing NNI: done in 0.0364347 secs using 807.3% CPU
Optimizing NNI: done in 0.051546 secs using 800.5% CPU
Optimizing NNI: done in 0.0396011 secs using 795.9% CPU
Optimizing NNI: done in 0.0398232 secs using 799.7% CPU
Optimizing NNI: done in 0.0399037 secs using 780.4% CPU
Iteration 170 / LogL: -2798.219 / Time: 0h:0m:7s (0h:0m:2s left)
Optimizing NNI: done in 0.0395273 secs using 786.8% CPU
Optimizing NNI: done in 0.0256061 secs using 802.8% CPU
Optimizing NNI: done in 0.0392729 secs using 804.1% CPU
Optimizing NNI: done in 0.0761733 secs using 790.1% CPU
Optimizing NNI: done in 0.053258 secs using 785.5% CPU
Optimizing NNI: done in 0.0396095 secs using 779.9% CPU
Optimizing NNI: done in 0.0521872 secs using 789% CPU
Optimizing NNI: done in 0.0253609 secs using 783.9% CPU
Optimizing NNI: done in 0.0299635 secs using 791.9% CPU
Optimizing NNI: done in 0.0387698 secs using 797.9% CPU
Iteration 180 / LogL: -2798.216 / Time: 0h:0m:8s (0h:0m:1s left)
Optimizing NNI: done in 0.0428244 secs using 795.5% CPU
Optimizing NNI: done in 0.0262875 secs using 788% CPU
Optimizing NNI: done in 0.0390048 secs using 788.2% CPU
Optimizing NNI: done in 0.0515328 secs using 787.4% CPU
Optimizing NNI: done in 0.0605735 secs using 787.9% CPU
Optimizing NNI: done in 0.0232399 secs using 789% CPU
Optimizing NNI: done in 0.0258755 secs using 795.1% CPU
Optimizing NNI: done in 0.0456197 secs using 799.5% CPU
Optimizing NNI: done in 0.0386115 secs using 798.3% CPU
Optimizing NNI: done in 0.0648886 secs using 796.1% CPU
Iteration 190 / LogL: -2798.219 / Time: 0h:0m:8s (0h:0m:1s left)
Optimizing NNI: done in 0.0366465 secs using 800.1% CPU
Optimizing NNI: done in 0.012788 secs using 807.4% CPU
Optimizing NNI: done in 0.0403951 secs using 788.8% CPU
Optimizing NNI: done in 0.0542998 secs using 790.5% CPU
Optimizing NNI: done in 0.0540337 secs using 794.1% CPU
Optimizing NNI: done in 0.0541003 secs using 793.3% CPU
Optimizing NNI: done in 0.0519522 secs using 794.1% CPU
Optimizing NNI: done in 0.0736024 secs using 792.5% CPU
Optimizing NNI: done in 0.0263741 secs using 783.4% CPU
Optimizing NNI: done in 0.0689896 secs using 788.8% CPU
Iteration 200 / LogL: -2798.218 / Time: 0h:0m:9s (0h:0m:0s left)
Log-likelihood cutoff on original alignment: -2820.477
NOTE: Bootstrap correlation coefficient of split occurrence frequencies: 0.949
NOTE: UFBoot does not converge, continue at least 100 more iterations
Optimizing NNI: done in 0.0265706 secs using 795.4% CPU
Optimizing NNI: done in 0.0268147 secs using 772.7% CPU
Optimizing NNI: done in 0.0597106 secs using 782.9% CPU
Optimizing NNI: done in 0.0397232 secs using 801% CPU
Optimizing NNI: done in 0.0356604 secs using 800.2% CPU
Optimizing NNI: done in 0.0550741 secs using 793.6% CPU
Optimizing NNI: done in 0.0390334 secs using 795.6% CPU
Optimizing NNI: done in 0.02684 secs using 800.1% CPU
Optimizing NNI: done in 0.0542209 secs using 789.8% CPU
Optimizing NNI: done in 0.0263531 secs using 786.9% CPU
Iteration 210 / LogL: -2798.217 / Time: 0h:0m:9s (0h:0m:4s left)
Optimizing NNI: done in 0.0257571 secs using 802.8% CPU
Optimizing NNI: done in 0.0404226 secs using 786.9% CPU
Optimizing NNI: done in 0.0267376 secs using 789.3% CPU
Optimizing NNI: done in 0.0257195 secs using 804.2% CPU
Optimizing NNI: done in 0.0417272 secs using 781.9% CPU
Optimizing NNI: done in 0.0258168 secs using 801.2% CPU
Optimizing NNI: done in 0.03976 secs using 800.9% CPU
Optimizing NNI: done in 0.0266676 secs using 804.8% CPU
Optimizing NNI: done in 0.0243107 secs using 779.1% CPU
BETTER TREE FOUND at iteration 219: -2798.216
Optimizing NNI: done in 0.0468069 secs using 796.5% CPU
Iteration 220 / LogL: -2798.218 / Time: 0h:0m:10s (0h:0m:4s left)
Optimizing NNI: done in 0.0520527 secs using 788.8% CPU
Optimizing NNI: done in 0.02649 secs using 806.6% CPU
Optimizing NNI: done in 0.0264489 secs using 780.9% CPU
Optimizing NNI: done in 0.0671519 secs using 789.8% CPU
Optimizing NNI: done in 0.0406363 secs using 797.1% CPU
Optimizing NNI: done in 0.0429239 secs using 790.1% CPU
Optimizing NNI: done in 0.0708571 secs using 793.4% CPU
Optimizing NNI: done in 0.0399483 secs using 794.9% CPU
Optimizing NNI: done in 0.0398698 secs using 798.5% CPU
Optimizing NNI: done in 0.0409002 secs using 790.4% CPU
Iteration 230 / LogL: -2798.221 / Time: 0h:0m:10s (0h:0m:4s left)
Optimizing NNI: done in 0.0263605 secs using 782.8% CPU
Optimizing NNI: done in 0.0393617 secs using 787.2% CPU
Optimizing NNI: done in 0.0380259 secs using 796% CPU
Optimizing NNI: done in 0.0493092 secs using 804.3% CPU
Optimizing NNI: done in 0.0131178 secs using 842.9% CPU
Optimizing NNI: done in 0.0345977 secs using 781.3% CPU
Optimizing NNI: done in 0.0402016 secs using 790.1% CPU
Optimizing NNI: done in 0.0632702 secs using 799.8% CPU
Optimizing NNI: done in 0.0482871 secs using 792.2% CPU
Optimizing NNI: done in 0.0404368 secs using 785.6% CPU
Iteration 240 / LogL: -2803.847 / Time: 0h:0m:11s (0h:0m:3s left)
Optimizing NNI: done in 0.0495591 secs using 802% CPU
Optimizing NNI: done in 0.0767686 secs using 796.5% CPU
Optimizing NNI: done in 0.0784715 secs using 789.5% CPU
Optimizing NNI: done in 0.0522619 secs using 783.8% CPU
Optimizing NNI: done in 0.0228639 secs using 763% CPU
Optimizing NNI: done in 0.0642303 secs using 799.9% CPU
Optimizing NNI: done in 0.059815 secs using 796.2% CPU
Optimizing NNI: done in 0.0551479 secs using 793.1% CPU
Optimizing NNI: done in 0.0531521 secs using 788.2% CPU
Optimizing NNI: done in 0.0392262 secs using 789.2% CPU
Iteration 250 / LogL: -2798.221 / Time: 0h:0m:11s (0h:0m:3s left)
Log-likelihood cutoff on original alignment: -2820.868
Optimizing NNI: done in 0.052294 secs using 787.6% CPU
Optimizing NNI: done in 0.0394882 secs using 787.4% CPU
Optimizing NNI: done in 0.0501297 secs using 794.5% CPU
Optimizing NNI: done in 0.0511573 secs using 790.3% CPU
Optimizing NNI: done in 0.0386002 secs using 784.8% CPU
Optimizing NNI: done in 0.0269908 secs using 796.4% CPU
Optimizing NNI: done in 0.0126852 secs using 805.3% CPU
Optimizing NNI: done in 0.067337 secs using 800.8% CPU
Optimizing NNI: done in 0.0234566 secs using 807.9% CPU
Optimizing NNI: done in 0.0530378 secs using 795.4% CPU
Iteration 260 / LogL: -2798.220 / Time: 0h:0m:12s (0h:0m:2s left)
Optimizing NNI: done in 0.0516176 secs using 785.8% CPU
Optimizing NNI: done in 0.0268851 secs using 796% CPU
Optimizing NNI: done in 0.0331001 secs using 790% CPU
Optimizing NNI: done in 0.039102 secs using 786% CPU
Optimizing NNI: done in 0.0373066 secs using 805.6% CPU
Optimizing NNI: done in 0.052519 secs using 799.9% CPU
Optimizing NNI: done in 0.0719411 secs using 791.3% CPU
Optimizing NNI: done in 0.0374437 secs using 799.9% CPU
Optimizing NNI: done in 0.0264207 secs using 811.3% CPU
Optimizing NNI: done in 0.0783295 secs using 790.7% CPU
Iteration 270 / LogL: -2798.219 / Time: 0h:0m:12s (0h:0m:2s left)
Optimizing NNI: done in 0.0638658 secs using 794.7% CPU
Optimizing NNI: done in 0.0402615 secs using 792.1% CPU
Optimizing NNI: done in 0.0536231 secs using 784.6% CPU
Optimizing NNI: done in 0.0659415 secs using 792.7% CPU
Optimizing NNI: done in 0.0529344 secs using 791.2% CPU
Optimizing NNI: done in 0.0238534 secs using 796.3% CPU
Optimizing NNI: done in 0.0390474 secs using 793% CPU
Optimizing NNI: done in 0.06867 secs using 792.5% CPU
Optimizing NNI: done in 0.0499959 secs using 790.1% CPU
Optimizing NNI: done in 0.0544186 secs using 789% CPU
Iteration 280 / LogL: -2803.009 / Time: 0h:0m:13s (0h:0m:1s left)
Optimizing NNI: done in 0.0432948 secs using 786.3% CPU
Optimizing NNI: done in 0.0388824 secs using 787.8% CPU
Optimizing NNI: done in 0.0260299 secs using 784.7% CPU
Optimizing NNI: done in 0.0401476 secs using 788.4% CPU
Optimizing NNI: done in 0.0265572 secs using 766.9% CPU
Optimizing NNI: done in 0.0350245 secs using 792.7% CPU
Optimizing NNI: done in 0.0524933 secs using 796.3% CPU
Optimizing NNI: done in 0.0540929 secs using 791.4% CPU
Optimizing NNI: done in 0.0260077 secs using 777.8% CPU
Optimizing NNI: done in 0.0535875 secs using 799.6% CPU
Iteration 290 / LogL: -2802.893 / Time: 0h:0m:13s (0h:0m:1s left)
Optimizing NNI: done in 0.0391404 secs using 791.3% CPU
Optimizing NNI: done in 0.0266896 secs using 778.5% CPU
Optimizing NNI: done in 0.0517563 secs using 796% CPU
Optimizing NNI: done in 0.0518048 secs using 797.2% CPU
Optimizing NNI: done in 0.026269 secs using 785.8% CPU
Optimizing NNI: done in 0.0414828 secs using 781.2% CPU
Optimizing NNI: done in 0.0270529 secs using 787.8% CPU
Optimizing NNI: done in 0.0268508 secs using 796.7% CPU
Optimizing NNI: done in 0.0659027 secs using 796% CPU
Optimizing NNI: done in 0.0671466 secs using 792.2% CPU
Iteration 300 / LogL: -2798.218 / Time: 0h:0m:14s (0h:0m:0s left)
Log-likelihood cutoff on original alignment: -2820.868
NOTE: Bootstrap correlation coefficient of split occurrence frequencies: 0.954
NOTE: UFBoot does not converge, continue at least 100 more iterations
Optimizing NNI: done in 0.0389307 secs using 788.2% CPU
Optimizing NNI: done in 0.0177142 secs using 801.8% CPU
Optimizing NNI: done in 0.0385725 secs using 783.4% CPU
Optimizing NNI: done in 0.0426225 secs using 794.5% CPU
Optimizing NNI: done in 0.0266123 secs using 773.5% CPU
Optimizing NNI: done in 0.0381253 secs using 791.3% CPU
Optimizing NNI: done in 0.0800017 secs using 791.1% CPU
Optimizing NNI: done in 0.0367291 secs using 799.6% CPU
Optimizing NNI: done in 0.025652 secs using 799% CPU
Optimizing NNI: done in 0.0526554 secs using 796.3% CPU
Iteration 310 / LogL: -2798.218 / Time: 0h:0m:14s (0h:0m:4s left)
Optimizing NNI: done in 0.0397717 secs using 795.7% CPU
Optimizing NNI: done in 0.035638 secs using 797.8% CPU
Optimizing NNI: done in 0.0391769 secs using 793.3% CPU
Optimizing NNI: done in 0.0405854 secs using 803.6% CPU
Optimizing NNI: done in 0.0353925 secs using 805.5% CPU
Optimizing NNI: done in 0.0520392 secs using 794% CPU
Optimizing NNI: done in 0.0258312 secs using 766.2% CPU
Optimizing NNI: done in 0.0530672 secs using 792% CPU
Optimizing NNI: done in 0.0389995 secs using 793.9% CPU
Optimizing NNI: done in 0.0398096 secs using 794.8% CPU
Iteration 320 / LogL: -2798.221 / Time: 0h:0m:15s (0h:0m:3s left)
Optimizing NNI: done in 0.0124275 secs using 772.5% CPU
Optimizing NNI: done in 0.0514458 secs using 800.2% CPU
Optimizing NNI: done in 0.0396061 secs using 803.1% CPU
Optimizing NNI: done in 0.0249086 secs using 795% CPU
BETTER TREE FOUND at iteration 324: -2798.216
Optimizing NNI: done in 0.0269173 secs using 794.6% CPU
Optimizing NNI: done in 0.0397569 secs using 777.4% CPU
Optimizing NNI: done in 0.039965 secs using 794% CPU
Optimizing NNI: done in 0.0255896 secs using 804.4% CPU
Optimizing NNI: done in 0.0384973 secs using 781.4% CPU
Optimizing NNI: done in 0.0555583 secs using 795.3% CPU
Iteration 330 / LogL: -2798.220 / Time: 0h:0m:15s (0h:0m:4s left)
Optimizing NNI: done in 0.0391 secs using 788.9% CPU
Optimizing NNI: done in 0.0391542 secs using 788.1% CPU
Optimizing NNI: done in 0.0457092 secs using 797.4% CPU
Optimizing NNI: done in 0.0360014 secs using 791.6% CPU
Optimizing NNI: done in 0.0519873 secs using 792.5% CPU
Optimizing NNI: done in 0.0675905 secs using 800.7% CPU
Optimizing NNI: done in 0.0520669 secs using 789.8% CPU
Optimizing NNI: done in 0.0254996 secs using 782.9% CPU
Optimizing NNI: done in 0.0259495 secs using 790% CPU
Optimizing NNI: done in 0.0264413 secs using 772.9% CPU
Iteration 340 / LogL: -2798.217 / Time: 0h:0m:15s (0h:0m:3s left)
Optimizing NNI: done in 0.0659864 secs using 795% CPU
Optimizing NNI: done in 0.0267263 secs using 803.3% CPU
Optimizing NNI: done in 0.0249609 secs using 793.6% CPU
Optimizing NNI: done in 0.0401016 secs using 787.1% CPU
Optimizing NNI: done in 0.0772711 secs using 798% CPU
Optimizing NNI: done in 0.0343633 secs using 783.1% CPU
Optimizing NNI: done in 0.0254553 secs using 779.9% CPU
Optimizing NNI: done in 0.0385414 secs using 804.6% CPU
Optimizing NNI: done in 0.0130915 secs using 842.7% CPU
Optimizing NNI: done in 0.0398097 secs using 794% CPU
Iteration 350 / LogL: -2798.219 / Time: 0h:0m:16s (0h:0m:3s left)
Log-likelihood cutoff on original alignment: -2820.868
Optimizing NNI: done in 0.026133 secs using 781.5% CPU
Optimizing NNI: done in 0.0403215 secs using 785.3% CPU
Optimizing NNI: done in 0.0400036 secs using 793.4% CPU
Optimizing NNI: done in 0.0675907 secs using 795.5% CPU
Optimizing NNI: done in 0.0532535 secs using 791.3% CPU
Optimizing NNI: done in 0.0541755 secs using 790.4% CPU
Optimizing NNI: done in 0.0264581 secs using 784.4% CPU
Optimizing NNI: done in 0.0510346 secs using 790.1% CPU
Optimizing NNI: done in 0.0377984 secs using 797.7% CPU
Optimizing NNI: done in 0.0522314 secs using 802.9% CPU
Iteration 360 / LogL: -2798.219 / Time: 0h:0m:16s (0h:0m:3s left)
Optimizing NNI: done in 0.0269115 secs using 798.9% CPU
Optimizing NNI: done in 0.0382748 secs using 788.7% CPU
Optimizing NNI: done in 0.039185 secs using 791.7% CPU
Optimizing NNI: done in 0.0518272 secs using 793.2% CPU
Optimizing NNI: done in 0.04015 secs using 791.2% CPU
Optimizing NNI: done in 0.0403088 secs using 791.1% CPU
Optimizing NNI: done in 0.0130173 secs using 795.1% CPU
Optimizing NNI: done in 0.0508858 secs using 793.8% CPU
Optimizing NNI: done in 0.0535282 secs using 792.3% CPU
Optimizing NNI: done in 0.0370331 secs using 787.1% CPU
Iteration 370 / LogL: -2798.216 / Time: 0h:0m:17s (0h:0m:2s left)
Optimizing NNI: done in 0.0363466 secs using 803.2% CPU
Optimizing NNI: done in 0.0363987 secs using 783.7% CPU
Optimizing NNI: done in 0.0533017 secs using 786.1% CPU
Optimizing NNI: done in 0.0346675 secs using 780.5% CPU
Optimizing NNI: done in 0.0404743 secs using 781.8% CPU
Optimizing NNI: done in 0.0529387 secs using 797.2% CPU
Optimizing NNI: done in 0.0264425 secs using 784.8% CPU
Optimizing NNI: done in 0.0538159 secs using 797% CPU
Optimizing NNI: done in 0.0534179 secs using 787.5% CPU
Optimizing NNI: done in 0.0237825 secs using 803.1% CPU
Iteration 380 / LogL: -2803.353 / Time: 0h:0m:17s (0h:0m:2s left)
Optimizing NNI: done in 0.0382246 secs using 805.3% CPU
Optimizing NNI: done in 0.0539607 secs using 795.2% CPU
Optimizing NNI: done in 0.0277746 secs using 798.6% CPU
Optimizing NNI: done in 0.0250139 secs using 792.1% CPU
Optimizing NNI: done in 0.0537626 secs using 799.5% CPU
Optimizing NNI: done in 0.0402927 secs using 789% CPU
Optimizing NNI: done in 0.0268388 secs using 800.8% CPU
Optimizing NNI: done in 0.0377213 secs using 798.8% CPU
Optimizing NNI: done in 0.0256755 secs using 805.3% CPU
Optimizing NNI: done in 0.0270876 secs using 786.5% CPU
Iteration 390 / LogL: -2803.911 / Time: 0h:0m:18s (0h:0m:1s left)
Optimizing NNI: done in 0.0125786 secs using 760.8% CPU
Optimizing NNI: done in 0.0665209 secs using 788.3% CPU
Optimizing NNI: done in 0.0540333 secs using 787.3% CPU
Optimizing NNI: done in 0.0331685 secs using 790.2% CPU
Optimizing NNI: done in 0.0497794 secs using 782.6% CPU
Optimizing NNI: done in 0.0698617 secs using 793.5% CPU
Optimizing NNI: done in 0.0378903 secs using 795.5% CPU
Optimizing NNI: done in 0.0664415 secs using 797.5% CPU
Optimizing NNI: done in 0.0396485 secs using 800% CPU
Optimizing NNI: done in 0.052109 secs using 789.2% CPU
Iteration 400 / LogL: -2798.218 / Time: 0h:0m:18s (0h:0m:1s left)
Log-likelihood cutoff on original alignment: -2821.498
NOTE: Bootstrap correlation coefficient of split occurrence frequencies: 0.972
NOTE: UFBoot does not converge, continue at least 100 more iterations
Optimizing NNI: done in 0.0409178 secs using 788.6% CPU
Optimizing NNI: done in 0.0390969 secs using 794.1% CPU
Optimizing NNI: done in 0.0446688 secs using 794.7% CPU
Optimizing NNI: done in 0.0400965 secs using 784.2% CPU
Optimizing NNI: done in 0.0537187 secs using 796.3% CPU
Optimizing NNI: done in 0.0434974 secs using 802.1% CPU
Optimizing NNI: done in 0.0267423 secs using 777.4% CPU
Optimizing NNI: done in 0.0605511 secs using 799.5% CPU
Optimizing NNI: done in 0.0267509 secs using 787.2% CPU
Optimizing NNI: done in 0.0661067 secs using 793.3% CPU
Iteration 410 / LogL: -2798.219 / Time: 0h:0m:19s (0h:0m:4s left)
Optimizing NNI: done in 0.0568356 secs using 778.8% CPU
Optimizing NNI: done in 0.0516579 secs using 792.2% CPU
Optimizing NNI: done in 0.0269888 secs using 794.1% CPU
Optimizing NNI: done in 0.0396103 secs using 782.9% CPU
Optimizing NNI: done in 0.0688865 secs using 795.8% CPU
Optimizing NNI: done in 0.0398103 secs using 799.9% CPU
Optimizing NNI: done in 0.0382879 secs using 788.3% CPU
Optimizing NNI: done in 0.05954 secs using 788.5% CPU
Optimizing NNI: done in 0.0393201 secs using 788.3% CPU
Optimizing NNI: done in 0.0372698 secs using 788.7% CPU
Iteration 420 / LogL: -2798.217 / Time: 0h:0m:19s (0h:0m:3s left)
Optimizing NNI: done in 0.0235887 secs using 800.1% CPU
Optimizing NNI: done in 0.0264959 secs using 779.7% CPU
Optimizing NNI: done in 0.0416201 secs using 781.1% CPU
Optimizing NNI: done in 0.0523454 secs using 803.5% CPU
Optimizing NNI: done in 0.0538224 secs using 795% CPU
Optimizing NNI: done in 0.0385855 secs using 804% CPU
Optimizing NNI: done in 0.0848226 secs using 794.3% CPU
Optimizing NNI: done in 0.0535894 secs using 799.5% CPU
Optimizing NNI: done in 0.0384307 secs using 782.8% CPU
Optimizing NNI: done in 0.0399328 secs using 770.7% CPU
Iteration 430 / LogL: -2798.217 / Time: 0h:0m:20s (0h:0m:3s left)
Optimizing NNI: done in 0.0616024 secs using 786.1% CPU
Optimizing NNI: done in 0.0717411 secs using 796.1% CPU
Optimizing NNI: done in 0.0270987 secs using 790.9% CPU
Optimizing NNI: done in 0.041559 secs using 801.6% CPU
Optimizing NNI: done in 0.0374996 secs using 798.4% CPU
Optimizing NNI: done in 0.0263663 secs using 775.2% CPU
Optimizing NNI: done in 0.0129601 secs using 798.7% CPU
Optimizing NNI: done in 0.0517715 secs using 799.3% CPU
Optimizing NNI: done in 0.0463218 secs using 804.5% CPU
Optimizing NNI: done in 0.0651299 secs using 792.3% CPU
Iteration 440 / LogL: -2798.220 / Time: 0h:0m:20s (0h:0m:2s left)
Optimizing NNI: done in 0.0384163 secs using 804.5% CPU
Optimizing NNI: done in 0.0401234 secs using 794.2% CPU
Optimizing NNI: done in 0.0263432 secs using 787.5% CPU
Optimizing NNI: done in 0.053983 secs using 796.5% CPU
Optimizing NNI: done in 0.0518613 secs using 796.6% CPU
Optimizing NNI: done in 0.0391888 secs using 790.5% CPU
Optimizing NNI: done in 0.0503876 secs using 788.5% CPU
Optimizing NNI: done in 0.0396016 secs using 785.1% CPU
Optimizing NNI: done in 0.0274665 secs using 808.9% CPU
Optimizing NNI: done in 0.0389411 secs using 786.9% CPU
Iteration 450 / LogL: -2798.216 / Time: 0h:0m:21s (0h:0m:2s left)
Log-likelihood cutoff on original alignment: -2822.059
Optimizing NNI: done in 0.0255011 secs using 806.4% CPU
Optimizing NNI: done in 0.0426576 secs using 796.4% CPU
Optimizing NNI: done in 0.0490413 secs using 792.7% CPU
Optimizing NNI: done in 0.0480507 secs using 792.5% CPU
Optimizing NNI: done in 0.0503635 secs using 803% CPU
Optimizing NNI: done in 0.0265864 secs using 801.6% CPU
Optimizing NNI: done in 0.0396192 secs using 775.6% CPU
Optimizing NNI: done in 0.0534143 secs using 790.6% CPU
Optimizing NNI: done in 0.0271529 secs using 785.3% CPU
Optimizing NNI: done in 0.0533642 secs using 791.4% CPU
Iteration 460 / LogL: -2800.931 / Time: 0h:0m:21s (0h:0m:1s left)
Optimizing NNI: done in 0.0276245 secs using 773.5% CPU
Optimizing NNI: done in 0.0376781 secs using 784% CPU
Optimizing NNI: done in 0.0510797 secs using 791.5% CPU
Optimizing NNI: done in 0.0529271 secs using 797.5% CPU
Optimizing NNI: done in 0.0363286 secs using 787.2% CPU
Optimizing NNI: done in 0.0684147 secs using 799.3% CPU
Optimizing NNI: done in 0.0652511 secs using 787.5% CPU
Optimizing NNI: done in 0.0572988 secs using 790.9% CPU
Optimizing NNI: done in 0.0413638 secs using 789.7% CPU
Optimizing NNI: done in 0.0364491 secs using 784.6% CPU
Iteration 470 / LogL: -2798.217 / Time: 0h:0m:22s (0h:0m:1s left)
Optimizing NNI: done in 0.0521726 secs using 785% CPU
Optimizing NNI: done in 0.0533471 secs using 787.7% CPU
Optimizing NNI: done in 0.0553238 secs using 787.5% CPU
Optimizing NNI: done in 0.0382949 secs using 786% CPU
Optimizing NNI: done in 0.0541275 secs using 787.9% CPU
Optimizing NNI: done in 0.0777338 secs using 794.6% CPU
Optimizing NNI: done in 0.042144 secs using 793.4% CPU
Optimizing NNI: done in 0.0359169 secs using 794.8% CPU
Optimizing NNI: done in 0.05287 secs using 794.3% CPU
Optimizing NNI: done in 0.0534607 secs using 803.3% CPU
Iteration 480 / LogL: -2798.220 / Time: 0h:0m:22s (0h:0m:0s left)
Optimizing NNI: done in 0.0532363 secs using 786.8% CPU
Optimizing NNI: done in 0.0502401 secs using 790.9% CPU
Optimizing NNI: done in 0.0450461 secs using 792.9% CPU
Optimizing NNI: done in 0.0519092 secs using 782% CPU
Optimizing NNI: done in 0.0533449 secs using 789.6% CPU
Optimizing NNI: done in 0.0527983 secs using 798.8% CPU
Optimizing NNI: done in 0.0392406 secs using 804.8% CPU
Optimizing NNI: done in 0.0541374 secs using 790.6% CPU
Optimizing NNI: done in 0.0473827 secs using 800% CPU
Optimizing NNI: done in 0.0272412 secs using 786.9% CPU
Iteration 490 / LogL: -2798.218 / Time: 0h:0m:23s (0h:0m:0s left)
Optimizing NNI: done in 0.0367968 secs using 772.3% CPU
Optimizing NNI: done in 0.0412287 secs using 777.3% CPU
Optimizing NNI: done in 0.0230917 secs using 773.2% CPU
Optimizing NNI: done in 0.0266843 secs using 789% CPU
Optimizing NNI: done in 0.0410873 secs using 790.4% CPU
Optimizing NNI: done in 0.0406021 secs using 781.8% CPU
Optimizing NNI: done in 0.0540099 secs using 793.4% CPU
Optimizing NNI: done in 0.0578668 secs using 795.7% CPU
Optimizing NNI: done in 0.0407036 secs using 796.1% CPU
Optimizing NNI: done in 0.0355521 secs using 782.4% CPU
Iteration 500 / LogL: -2813.112 / Time: 0h:0m:23s (0h:0m:0s left)
Log-likelihood cutoff on original alignment: -2822.698
NOTE: Bootstrap correlation coefficient of split occurrence frequencies: 0.988
NOTE: UFBoot does not converge, continue at least 100 more iterations
Optimizing NNI: done in 0.0627502 secs using 795.1% CPU
Optimizing NNI: done in 0.0398362 secs using 793.4% CPU
Optimizing NNI: done in 0.0670706 secs using 790.2% CPU
Optimizing NNI: done in 0.0542112 secs using 789.4% CPU
Optimizing NNI: done in 0.0389788 secs using 788.5% CPU
Optimizing NNI: done in 0.0395004 secs using 786.9% CPU
Optimizing NNI: done in 0.065099 secs using 789.7% CPU
Optimizing NNI: done in 0.0520388 secs using 790.2% CPU
Optimizing NNI: done in 0.0623268 secs using 786.5% CPU
Optimizing NNI: done in 0.0665111 secs using 784.5% CPU
Iteration 510 / LogL: -2798.219 / Time: 0h:0m:24s (0h:0m:4s left)
Optimizing NNI: done in 0.0351005 secs using 784.5% CPU
Optimizing NNI: done in 0.0546697 secs using 790.7% CPU
Optimizing NNI: done in 0.0393237 secs using 787.9% CPU
Optimizing NNI: done in 0.0399988 secs using 794.5% CPU
Optimizing NNI: done in 0.022998 secs using 796.5% CPU
Optimizing NNI: done in 0.038754 secs using 782.8% CPU
Optimizing NNI: done in 0.0391752 secs using 785.5% CPU
Optimizing NNI: done in 0.0522646 secs using 789.2% CPU
Optimizing NNI: done in 0.0386663 secs using 798.9% CPU
Optimizing NNI: done in 0.0477844 secs using 785% CPU
Iteration 520 / LogL: -2798.219 / Time: 0h:0m:24s (0h:0m:3s left)
Optimizing NNI: done in 0.039627 secs using 796.1% CPU
Optimizing NNI: done in 0.025698 secs using 777.6% CPU
Optimizing NNI: done in 0.0669317 secs using 793.5% CPU
Optimizing NNI: done in 0.0380592 secs using 795.3% CPU
Optimizing NNI: done in 0.0395584 secs using 783.2% CPU
Optimizing NNI: done in 0.0507295 secs using 794.3% CPU
Optimizing NNI: done in 0.0397893 secs using 799.9% CPU
Optimizing NNI: done in 0.0495181 secs using 793.6% CPU
Optimizing NNI: done in 0.0267672 secs using 800.8% CPU
Optimizing NNI: done in 0.0675043 secs using 787.6% CPU
Iteration 530 / LogL: -2798.219 / Time: 0h:0m:25s (0h:0m:3s left)
Optimizing NNI: done in 0.0355813 secs using 789.8% CPU
Optimizing NNI: done in 0.0528051 secs using 792.9% CPU
Optimizing NNI: done in 0.0386001 secs using 780.7% CPU
Optimizing NNI: done in 0.0353736 secs using 777.2% CPU
Optimizing NNI: done in 0.0384563 secs using 798.4% CPU
Optimizing NNI: done in 0.0621789 secs using 794.5% CPU
Optimizing NNI: done in 0.0523516 secs using 786.1% CPU
Optimizing NNI: done in 0.0374651 secs using 787.9% CPU
Optimizing NNI: done in 0.0664684 secs using 791.3% CPU
Optimizing NNI: done in 0.0515708 secs using 792.9% CPU
Iteration 540 / LogL: -2798.220 / Time: 0h:0m:26s (0h:0m:2s left)
Optimizing NNI: done in 0.0263532 secs using 787.2% CPU
Optimizing NNI: done in 0.0399135 secs using 793% CPU
Optimizing NNI: done in 0.0401606 secs using 790.8% CPU
Optimizing NNI: done in 0.0691445 secs using 795% CPU
Optimizing NNI: done in 0.0180037 secs using 790.9% CPU
Optimizing NNI: done in 0.0525614 secs using 786.9% CPU
Optimizing NNI: done in 0.025974 secs using 795.8% CPU
Optimizing NNI: done in 0.0514427 secs using 782.1% CPU
Optimizing NNI: done in 0.0403232 secs using 782.9% CPU
Optimizing NNI: done in 0.0517503 secs using 792.5% CPU
Iteration 550 / LogL: -2798.219 / Time: 0h:0m:26s (0h:0m:2s left)
Log-likelihood cutoff on original alignment: -2823.260
Optimizing NNI: done in 0.0549843 secs using 787.9% CPU
Optimizing NNI: done in 0.0374798 secs using 783.6% CPU
Optimizing NNI: done in 0.0621022 secs using 789% CPU
Optimizing NNI: done in 0.0652665 secs using 787.5% CPU
Optimizing NNI: done in 0.0375856 secs using 785.1% CPU
Optimizing NNI: done in 0.0268993 secs using 765.6% CPU
Optimizing NNI: done in 0.039854 secs using 796.4% CPU
Optimizing NNI: done in 0.0255961 secs using 805.5% CPU
Optimizing NNI: done in 0.0657373 secs using 795.8% CPU
Optimizing NNI: done in 0.0391068 secs using 791.4% CPU
Iteration 560 / LogL: -2798.220 / Time: 0h:0m:27s (0h:0m:1s left)
Optimizing NNI: done in 0.0260476 secs using 785.4% CPU
Optimizing NNI: done in 0.0536778 secs using 787.7% CPU
Optimizing NNI: done in 0.0260606 secs using 794.4% CPU
Optimizing NNI: done in 0.0627853 secs using 792.1% CPU
Optimizing NNI: done in 0.0780146 secs using 791.7% CPU
Optimizing NNI: done in 0.0531298 secs using 794.6% CPU
Optimizing NNI: done in 0.0401116 secs using 791.6% CPU
Optimizing NNI: done in 0.0260335 secs using 783.4% CPU
Optimizing NNI: done in 0.0380688 secs using 791.7% CPU
Optimizing NNI: done in 0.0248782 secs using 791.4% CPU
Iteration 570 / LogL: -2798.216 / Time: 0h:0m:27s (0h:0m:1s left)
Optimizing NNI: done in 0.0357199 secs using 791.2% CPU
Optimizing NNI: done in 0.051157 secs using 797% CPU
Optimizing NNI: done in 0.0370369 secs using 790.3% CPU
Optimizing NNI: done in 0.0384228 secs using 794.1% CPU
Optimizing NNI: done in 0.0647655 secs using 797.5% CPU
Optimizing NNI: done in 0.052835 secs using 793% CPU
Optimizing NNI: done in 0.0384096 secs using 796.7% CPU
Optimizing NNI: done in 0.039038 secs using 788.7% CPU
Optimizing NNI: done in 0.0531193 secs using 788.9% CPU
Optimizing NNI: done in 0.0419989 secs using 794% CPU
Iteration 580 / LogL: -2803.009 / Time: 0h:0m:28s (0h:0m:0s left)
Optimizing NNI: done in 0.0125276 secs using 805.2% CPU
Optimizing NNI: done in 0.0383516 secs using 789.3% CPU
Optimizing NNI: done in 0.0343514 secs using 785.8% CPU
Optimizing NNI: done in 0.0527002 secs using 795.6% CPU
Optimizing NNI: done in 0.0517179 secs using 787.8% CPU
Optimizing NNI: done in 0.05337 secs using 798.2% CPU
Optimizing NNI: done in 0.0393182 secs using 784.9% CPU
Optimizing NNI: done in 0.0535953 secs using 782.1% CPU
Optimizing NNI: done in 0.0535118 secs using 787.2% CPU
Optimizing NNI: done in 0.0550227 secs using 787.3% CPU
Iteration 590 / LogL: -2798.220 / Time: 0h:0m:28s (0h:0m:0s left)
Optimizing NNI: done in 0.0374309 secs using 785.7% CPU
Optimizing NNI: done in 0.0270545 secs using 791.8% CPU
Optimizing NNI: done in 0.0804331 secs using 785.6% CPU
Optimizing NNI: done in 0.0522342 secs using 792.8% CPU
Optimizing NNI: done in 0.0270914 secs using 784.1% CPU
Optimizing NNI: done in 0.0267911 secs using 798.3% CPU
Optimizing NNI: done in 0.0398894 secs using 795.9% CPU
Optimizing NNI: done in 0.0129131 secs using 792% CPU
Optimizing NNI: done in 0.049875 secs using 789.7% CPU
Optimizing NNI: done in 0.0126761 secs using 787.6% CPU
Iteration 600 / LogL: -2798.216 / Time: 0h:0m:29s (0h:0m:0s left)
Log-likelihood cutoff on original alignment: -2824.147
NOTE: Bootstrap correlation coefficient of split occurrence frequencies: 0.985
NOTE: UFBoot does not converge, continue at least 100 more iterations
Optimizing NNI: done in 0.049458 secs using 785% CPU
Optimizing NNI: done in 0.0378481 secs using 789.7% CPU
Optimizing NNI: done in 0.0413281 secs using 785.2% CPU
Optimizing NNI: done in 0.0524947 secs using 800.8% CPU
Optimizing NNI: done in 0.0529624 secs using 790.4% CPU
Optimizing NNI: done in 0.0387531 secs using 790.8% CPU
Optimizing NNI: done in 0.0389789 secs using 796.1% CPU
Optimizing NNI: done in 0.0490123 secs using 792.3% CPU
Optimizing NNI: done in 0.051964 secs using 790.4% CPU
Optimizing NNI: done in 0.013 secs using 793.5% CPU
Iteration 610 / LogL: -2798.216 / Time: 0h:0m:29s (0h:0m:4s left)
Optimizing NNI: done in 0.0392134 secs using 796.2% CPU
Optimizing NNI: done in 0.037167 secs using 790.1% CPU
Optimizing NNI: done in 0.0507768 secs using 779.2% CPU
Optimizing NNI: done in 0.0392037 secs using 786.1% CPU
Optimizing NNI: done in 0.0130635 secs using 774.2% CPU
Optimizing NNI: done in 0.0263158 secs using 804.8% CPU
Optimizing NNI: done in 0.0516155 secs using 792.5% CPU
Optimizing NNI: done in 0.0263652 secs using 786.2% CPU
Optimizing NNI: done in 0.0394119 secs using 798.7% CPU
Optimizing NNI: done in 0.05286 secs using 788.8% CPU
Iteration 620 / LogL: -2798.221 / Time: 0h:0m:30s (0h:0m:3s left)
Optimizing NNI: done in 0.0541662 secs using 789% CPU
Optimizing NNI: done in 0.0500502 secs using 789.8% CPU
Optimizing NNI: done in 0.0262081 secs using 790.5% CPU
Optimizing NNI: done in 0.036781 secs using 800.2% CPU
Optimizing NNI: done in 0.0519299 secs using 778.1% CPU
Optimizing NNI: done in 0.0275722 secs using 798.4% CPU
Optimizing NNI: done in 0.0652643 secs using 793.7% CPU
Optimizing NNI: done in 0.0397173 secs using 798.4% CPU
Optimizing NNI: done in 0.0413677 secs using 800.7% CPU
Optimizing NNI: done in 0.042078 secs using 795% CPU
Iteration 630 / LogL: -2798.221 / Time: 0h:0m:30s (0h:0m:3s left)
Optimizing NNI: done in 0.0648391 secs using 787.9% CPU
Optimizing NNI: done in 0.0388242 secs using 787.8% CPU
Optimizing NNI: done in 0.0520278 secs using 789.4% CPU
Optimizing NNI: done in 0.0263648 secs using 784.4% CPU
Optimizing NNI: done in 0.065076 secs using 792.1% CPU
Optimizing NNI: done in 0.0376586 secs using 783.6% CPU
Optimizing NNI: done in 0.0259556 secs using 793.2% CPU
Optimizing NNI: done in 0.052786 secs using 797.3% CPU
Optimizing NNI: done in 0.0386005 secs using 785.8% CPU
Optimizing NNI: done in 0.0520707 secs using 795.4% CPU
Iteration 640 / LogL: -2798.221 / Time: 0h:0m:31s (0h:0m:2s left)
Optimizing NNI: done in 0.040504 secs using 776.8% CPU
Optimizing NNI: done in 0.0258361 secs using 800.5% CPU
Optimizing NNI: done in 0.0256229 secs using 797.6% CPU
Optimizing NNI: done in 0.0260735 secs using 793.7% CPU
Optimizing NNI: done in 0.0259497 secs using 797.6% CPU
Optimizing NNI: done in 0.025675 secs using 792.4% CPU
Optimizing NNI: done in 0.0401 secs using 794.7% CPU
Optimizing NNI: done in 0.0518552 secs using 796.3% CPU
Optimizing NNI: done in 0.0412175 secs using 798.7% CPU
Optimizing NNI: done in 0.0389169 secs using 787.4% CPU
Iteration 650 / LogL: -2798.216 / Time: 0h:0m:31s (0h:0m:2s left)
Log-likelihood cutoff on original alignment: -2824.616
Optimizing NNI: done in 0.0405796 secs using 800.3% CPU
Optimizing NNI: done in 0.0538886 secs using 784.1% CPU
Optimizing NNI: done in 0.0403859 secs using 781.4% CPU
Optimizing NNI: done in 0.0393527 secs using 787.6% CPU
Optimizing NNI: done in 0.0393097 secs using 800.8% CPU
Optimizing NNI: done in 0.0512643 secs using 785.6% CPU
Optimizing NNI: done in 0.0399693 secs using 794.4% CPU
Optimizing NNI: done in 0.0263852 secs using 781.4% CPU
Optimizing NNI: done in 0.0419313 secs using 792.2% CPU
Optimizing NNI: done in 0.0396249 secs using 795.9% CPU
Iteration 660 / LogL: -2798.217 / Time: 0h:0m:32s (0h:0m:1s left)
Optimizing NNI: done in 0.0274515 secs using 804.8% CPU
Optimizing NNI: done in 0.0270562 secs using 793.5% CPU
Optimizing NNI: done in 0.0268576 secs using 787.6% CPU
Optimizing NNI: done in 0.0925729 secs using 790.1% CPU
Optimizing NNI: done in 0.0388061 secs using 781.3% CPU
Optimizing NNI: done in 0.0401026 secs using 792.2% CPU
Optimizing NNI: done in 0.0261841 secs using 780.6% CPU
Optimizing NNI: done in 0.040131 secs using 791.3% CPU
Optimizing NNI: done in 0.0416283 secs using 794.6% CPU
Optimizing NNI: done in 0.0352042 secs using 782.3% CPU
Iteration 670 / LogL: -2798.219 / Time: 0h:0m:32s (0h:0m:1s left)
Optimizing NNI: done in 0.0269066 secs using 794.4% CPU
Optimizing NNI: done in 0.039646 secs using 795% CPU
Optimizing NNI: done in 0.0406998 secs using 789.3% CPU
Optimizing NNI: done in 0.0662188 secs using 791.9% CPU
Optimizing NNI: done in 0.0660243 secs using 792.5% CPU
Optimizing NNI: done in 0.0532774 secs using 800.5% CPU
Optimizing NNI: done in 0.0263667 secs using 786.4% CPU
Optimizing NNI: done in 0.0383298 secs using 787.7% CPU
Optimizing NNI: done in 0.0522648 secs using 787.5% CPU
Optimizing NNI: done in 0.0412654 secs using 791.8% CPU
Iteration 680 / LogL: -2798.219 / Time: 0h:0m:33s (0h:0m:0s left)
Optimizing NNI: done in 0.0273992 secs using 802.7% CPU
Optimizing NNI: done in 0.0274666 secs using 783.7% CPU
Optimizing NNI: done in 0.0129391 secs using 791.4% CPU
Optimizing NNI: done in 0.0597456 secs using 793.7% CPU
Optimizing NNI: done in 0.0395612 secs using 796.7% CPU
Optimizing NNI: done in 0.04045 secs using 786% CPU
Optimizing NNI: done in 0.0736223 secs using 790.3% CPU
Optimizing NNI: done in 0.0398387 secs using 795.8% CPU
Optimizing NNI: done in 0.0529901 secs using 789.4% CPU
Optimizing NNI: done in 0.0404587 secs using 791.3% CPU
Iteration 690 / LogL: -2804.802 / Time: 0h:0m:33s (0h:0m:0s left)
Optimizing NNI: done in 0.0265509 secs using 796.2% CPU
Optimizing NNI: done in 0.0377126 secs using 790.3% CPU
Optimizing NNI: done in 0.040638 secs using 792.6% CPU
Optimizing NNI: done in 0.0398054 secs using 786.2% CPU
Optimizing NNI: done in 0.0399741 secs using 796.7% CPU
Optimizing NNI: done in 0.0267759 secs using 800.9% CPU
Optimizing NNI: done in 0.0408122 secs using 795.8% CPU
Optimizing NNI: done in 0.0396275 secs using 795.8% CPU
Optimizing NNI: done in 0.0391377 secs using 781.9% CPU
Optimizing NNI: done in 0.0478797 secs using 793.5% CPU
Iteration 700 / LogL: -2798.220 / Time: 0h:0m:34s (0h:0m:0s left)
Log-likelihood cutoff on original alignment: -2824.660
NOTE: Bootstrap correlation coefficient of split occurrence frequencies: 0.989
NOTE: UFBoot does not converge, continue at least 100 more iterations
Optimizing NNI: done in 0.039646 secs using 794.2% CPU
Optimizing NNI: done in 0.0659542 secs using 792.1% CPU
Optimizing NNI: done in 0.0383844 secs using 789.3% CPU
Optimizing NNI: done in 0.0542733 secs using 790.5% CPU
Optimizing NNI: done in 0.0388774 secs using 795% CPU
Optimizing NNI: done in 0.0408929 secs using 795.3% CPU
Optimizing NNI: done in 0.0256314 secs using 773.5% CPU
Optimizing NNI: done in 0.045967 secs using 788.1% CPU
Optimizing NNI: done in 0.0251795 secs using 789.4% CPU
Optimizing NNI: done in 0.0541273 secs using 792.2% CPU
Iteration 710 / LogL: -2798.220 / Time: 0h:0m:34s (0h:0m:4s left)
Optimizing NNI: done in 0.0418161 secs using 794.1% CPU
Optimizing NNI: done in 0.0394506 secs using 786.9% CPU
Optimizing NNI: done in 0.0399742 secs using 794.6% CPU
Optimizing NNI: done in 0.0816457 secs using 795.7% CPU
Optimizing NNI: done in 0.0511087 secs using 794.3% CPU
Optimizing NNI: done in 0.04138 secs using 797.3% CPU
Optimizing NNI: done in 0.0480698 secs using 793% CPU
Optimizing NNI: done in 0.052756 secs using 799.7% CPU
Optimizing NNI: done in 0.0529688 secs using 791% CPU
Optimizing NNI: done in 0.0478812 secs using 793.1% CPU
Iteration 720 / LogL: -2798.217 / Time: 0h:0m:35s (0h:0m:3s left)
Optimizing NNI: done in 0.0228523 secs using 782.5% CPU
Optimizing NNI: done in 0.0257587 secs using 797.9% CPU
Optimizing NNI: done in 0.0555995 secs using 784.5% CPU
Optimizing NNI: done in 0.0245606 secs using 794.1% CPU
Optimizing NNI: done in 0.0265483 secs using 777.8% CPU
Optimizing NNI: done in 0.0536266 secs using 797% CPU
Optimizing NNI: done in 0.0182695 secs using 782.7% CPU
Optimizing NNI: done in 0.0523646 secs using 786.2% CPU
Optimizing NNI: done in 0.0665731 secs using 794.3% CPU
Optimizing NNI: done in 0.0650557 secs using 789.6% CPU
Iteration 730 / LogL: -2798.223 / Time: 0h:0m:35s (0h:0m:3s left)
Optimizing NNI: done in 0.0386923 secs using 777.9% CPU
Optimizing NNI: done in 0.0385421 secs using 799.7% CPU
Optimizing NNI: done in 0.02908 secs using 791.1% CPU
Optimizing NNI: done in 0.0247618 secs using 770.4% CPU
Optimizing NNI: done in 0.0529763 secs using 789.7% CPU
Optimizing NNI: done in 0.0268985 secs using 788% CPU
Optimizing NNI: done in 0.0396879 secs using 796.8% CPU
Optimizing NNI: done in 0.0556547 secs using 786.8% CPU
Optimizing NNI: done in 0.0368403 secs using 795.7% CPU
Optimizing NNI: done in 0.0538624 secs using 792.6% CPU
Iteration 740 / LogL: -2798.220 / Time: 0h:0m:36s (0h:0m:2s left)
Optimizing NNI: done in 0.0679029 secs using 783.7% CPU
Optimizing NNI: done in 0.0399605 secs using 787.6% CPU
Optimizing NNI: done in 0.0538018 secs using 787.5% CPU
Optimizing NNI: done in 0.0389441 secs using 791.8% CPU
Optimizing NNI: done in 0.0389611 secs using 791.2% CPU
Optimizing NNI: done in 0.0372311 secs using 786.4% CPU
Optimizing NNI: done in 0.039316 secs using 788.5% CPU
Optimizing NNI: done in 0.0367095 secs using 793.6% CPU
Optimizing NNI: done in 0.0664902 secs using 791.4% CPU
Optimizing NNI: done in 0.0504225 secs using 795.4% CPU
Iteration 750 / LogL: -2798.218 / Time: 0h:0m:36s (0h:0m:2s left)
Log-likelihood cutoff on original alignment: -2824.430
Optimizing NNI: done in 0.0554632 secs using 786.8% CPU
Optimizing NNI: done in 0.0402283 secs using 801.1% CPU
Optimizing NNI: done in 0.0262214 secs using 787.3% CPU
Optimizing NNI: done in 0.0251314 secs using 792.5% CPU
Optimizing NNI: done in 0.0355817 secs using 798.4% CPU
Optimizing NNI: done in 0.0255888 secs using 800.8% CPU
Optimizing NNI: done in 0.0528793 secs using 793% CPU
Optimizing NNI: done in 0.0127672 secs using 779.5% CPU
Optimizing NNI: done in 0.0387994 secs using 779.3% CPU
UPDATE BEST LOG-LIKELIHOOD: -2798.216
Optimizing NNI: done in 0.0394958 secs using 787.2% CPU
Iteration 760 / LogL: -2798.217 / Time: 0h:0m:37s (0h:0m:1s left)
Optimizing NNI: done in 0.0260819 secs using 789.9% CPU
Optimizing NNI: done in 0.0396806 secs using 784.7% CPU
Optimizing NNI: done in 0.0447958 secs using 792.5% CPU
Optimizing NNI: done in 0.0354226 secs using 795.3% CPU
Optimizing NNI: done in 0.0584083 secs using 795.7% CPU
Optimizing NNI: done in 0.0349118 secs using 790.6% CPU
Optimizing NNI: done in 0.0234124 secs using 783% CPU
Optimizing NNI: done in 0.0257731 secs using 791.6% CPU
Optimizing NNI: done in 0.0536179 secs using 784.5% CPU
Optimizing NNI: done in 0.0398183 secs using 779.5% CPU
Iteration 770 / LogL: -2798.217 / Time: 0h:0m:37s (0h:0m:1s left)
Optimizing NNI: done in 0.0179328 secs using 798.9% CPU
Optimizing NNI: done in 0.0271992 secs using 779.4% CPU
Optimizing NNI: done in 0.0244693 secs using 782.9% CPU
Optimizing NNI: done in 0.0386168 secs using 782.4% CPU
Optimizing NNI: done in 0.091392 secs using 792.3% CPU
Optimizing NNI: done in 0.0396991 secs using 784.3% CPU
Optimizing NNI: done in 0.068662 secs using 783.8% CPU
Optimizing NNI: done in 0.0258852 secs using 796.1% CPU
Optimizing NNI: done in 0.0396795 secs using 793.1% CPU
Optimizing NNI: done in 0.04042 secs using 800.9% CPU
Iteration 780 / LogL: -2798.217 / Time: 0h:0m:38s (0h:0m:0s left)
Optimizing NNI: done in 0.0266915 secs using 789% CPU
Optimizing NNI: done in 0.0666455 secs using 785.4% CPU
Optimizing NNI: done in 0.0265798 secs using 787.3% CPU
Optimizing NNI: done in 0.0444688 secs using 786.4% CPU
Optimizing NNI: done in 0.0392493 secs using 789.7% CPU
Optimizing NNI: done in 0.0410831 secs using 786.1% CPU
Optimizing NNI: done in 0.0556792 secs using 784% CPU
Optimizing NNI: done in 0.0515936 secs using 782.4% CPU
Optimizing NNI: done in 0.0400842 secs using 792.3% CPU
Optimizing NNI: done in 0.0405732 secs using 793.4% CPU
Iteration 790 / LogL: -2802.893 / Time: 0h:0m:38s (0h:0m:0s left)
Optimizing NNI: done in 0.01251 secs using 788.6% CPU
Optimizing NNI: done in 0.0537765 secs using 792% CPU
Optimizing NNI: done in 0.0363054 secs using 790.2% CPU
Optimizing NNI: done in 0.0393928 secs using 800.4% CPU
Optimizing NNI: done in 0.0272232 secs using 783.3% CPU
Optimizing NNI: done in 0.0538391 secs using 796.5% CPU
Optimizing NNI: done in 0.0369801 secs using 793.1% CPU
Optimizing NNI: done in 0.0532702 secs using 788.8% CPU
Optimizing NNI: done in 0.052486 secs using 796% CPU
Optimizing NNI: done in 0.0653462 secs using 788.8% CPU
Iteration 800 / LogL: -2798.217 / Time: 0h:0m:39s (0h:0m:0s left)
Log-likelihood cutoff on original alignment: -2824.430
NOTE: Bootstrap correlation coefficient of split occurrence frequencies: 0.990
TREE SEARCH COMPLETED AFTER 800 ITERATIONS / Time: 0h:0m:39s

--------------------------------------------------------------------
|                    FINALIZING TREE SEARCH                        |
--------------------------------------------------------------------
Performs final model parameters optimization
Estimate model parameters (epsilon = 0.010)
1. Initial log-likelihood: -2798.216
Optimal log-likelihood: -2798.216
Gamma shape alpha: 0.816
Parameters optimization took 1 rounds (0.006 sec)
BEST SCORE FOUND : -2798.216
Creating bootstrap support values...
Split supports printed to NEXUS file results/per_year_clustered/H1N1/trees/H1N1_2022_with_designs.splits.nex
Total tree length: 0.430

Total number of iterations: 800
CPU time used for tree search: 304.440 sec (0h:5m:4s)
Wall-clock time used for tree search: 39.146 sec (0h:0m:39s)
Total CPU time used: 305.048 sec (0h:5m:5s)
Total wall-clock time used: 39.282 sec (0h:0m:39s)

Computing bootstrap consensus tree...
Reading input file results/per_year_clustered/H1N1/trees/H1N1_2022_with_designs.splits.nex...
20 taxa and 378 splits.
Consensus tree written to results/per_year_clustered/H1N1/trees/H1N1_2022_with_designs.contree
Reading input trees file results/per_year_clustered/H1N1/trees/H1N1_2022_with_designs.contree
Log-likelihood of consensus tree: -2798.230

Analysis results written to: 
  IQ-TREE report:                results/per_year_clustered/H1N1/trees/H1N1_2022_with_designs.iqtree
  Maximum-likelihood tree:       results/per_year_clustered/H1N1/trees/H1N1_2022_with_designs.treefile
  Likelihood distances:          results/per_year_clustered/H1N1/trees/H1N1_2022_with_designs.mldist

Ultrafast bootstrap approximation results written to:
  Split support values:          results/per_year_clustered/H1N1/trees/H1N1_2022_with_designs.splits.nex
  Consensus tree:                results/per_year_clustered/H1N1/trees/H1N1_2022_with_designs.contree
  Screen log file:               results/per_year_clustered/H1N1/trees/H1N1_2022_with_designs.log

Date and Time: Sat Nov 22 11:00:08 2025
