IQ-TREE version 3.0.1 for Linux x86 64-bit built Jul  9 2025
Developed by Bui Quang Minh, Thomas Wong, Nhan Ly-Trong, Huaiyan Ren
Contributed by Lam-Tung Nguyen, Dominik Schrempf, Chris Bielow,
Olga Chernomor, Michael Woodhams, Diep Thi Hoang, Heiko Schmidt

Host:    aoraki-login.otago.ac.nz (AVX2, FMA3, 1007 GB RAM)
Command: iqtree -s results/per_year_clustered/H1N1/alignments/H1N1_2017_aligned.fasta -m LG+G4 -bb 1000 -nt 16 -pre results/per_year_clustered/H1N1/trees/H1N1_2017 -redo -quiet
Seed:    888713 (Using SPRNG - Scalable Parallel Random Number Generator)
Time:    Thu Nov 20 16:55:30 2025
Kernel:  AVX+FMA - 16 threads (128 CPU cores detected)

Reading alignment file results/per_year_clustered/H1N1/alignments/H1N1_2017_aligned.fasta ... Fasta format detected
Reading fasta file: done in 0.000264545 secs using 24.95% CPU
Alignment most likely contains protein sequences
Constructing alignment: done in 0.000323907 secs using 99.72% CPU
Alignment has 30 sequences with 566 columns, 112 distinct patterns
20 parsimony-informative, 73 singleton sites, 473 constant sites
                                                                    Gap/Ambiguity  Composition  p-value
Analyzing sequences: done in 3.40445e-05 secs using 47% CPU
   1  EPI994076|HA|A/Maldives/01/2017|EPI_ISL_262692|A_/_H1N1               0.00%    passed    100.00%
   2  EPI1160053|HA|A/Amasya/576/2017|EPI_ISL_295534|A_/_H1N1               0.00%    passed    100.00%
   3  EPI1160074|HA|A/Amasya/622/2017|EPI_ISL_295542|A_/_H1N1               0.00%    passed    100.00%
   4  EPI1160065|HA|A/Giresun/612/2017|EPI_ISL_295539|A_/_H1N1              0.00%    passed    100.00%
   5  EPI1319384|HA|A/Malaysia/RP0351/2017|EPI_ISL_331302|A_/_H1N1          0.00%    passed    100.00%
   6  EPI1175790|HA|A/Maldives/1499/2017|EPI_ISL_298530|A_/_H1N1            0.00%    passed    100.00%
   7  EPI1179980|HA|A/Abu_Dhabi/031/2017|EPI_ISL_299792|A_/_H1N1            0.00%    passed    100.00%
   8  EPI1188319|HA|A/Jordan/1975/2017|EPI_ISL_301339|A_/_H1N1              0.00%    passed    100.00%
   9  EPI1640769|HA|A/Vietnam/BM7/2017|EPI_ISL_400700|A_/_H1N1              0.00%    passed    100.00%
  10  EPI1024961|HA|A/Laos/0157/2017|EPI_ISL_269928|A_/_H1N1                0.00%    passed    100.00%
  11  EPI1195616|HA|A/Taiwan/1407/2017|EPI_ISL_302868|A_/_H1N1              0.00%    passed    100.00%
  12  EPI1039873|HA|A/Philippines/0287/2017|EPI_ISL_273799|A_/_H1N1         0.00%    passed    100.00%
  13  EPI1044642|HA|A/Philippines/5/2017|EPI_ISL_274907|A_/_H1N1            0.00%    passed    100.00%
  14  EPI2650507|HA|A/Saudi_Arabia/55/2017|EPI_ISL_18038001|A_/_H1N1        0.00%    passed    100.00%
  15  EPI1244278|HA|A/Malaysia/RP2210/2017|EPI_ISL_312599|A_/_H1N1          0.00%    passed    100.00%
  16  EPI1082188|HA|A/Oman/3205/2017|EPI_ISL_282192|A_/_H1N1                0.00%    passed    100.00%
  17  EPI1093966|HA|A/Laos/1448/2017|EPI_ISL_284086|A_/_H1N1                0.00%    passed    100.00%
  18  EPI1094014|HA|A/Laos/2197/2017|EPI_ISL_284092|A_/_H1N1                0.00%    passed    100.00%
  19  EPI1276369|HA|A/Singapore/KK1410/2017|EPI_ISL_321680|A_/_H1N1         0.00%    passed    100.00%
  20  EPI1282973|HA|A/Malaysia/RP2707/2017|EPI_ISL_322990|A_/_H1N1          0.00%    passed    100.00%
  21  EPI1145405|HA|A/Singapore/KK1341/2017|EPI_ISL_292426|A_/_H1N1         0.00%    passed    100.00%
  22  EPI1147215|HA|A/Vietnam/GHS969/2017|EPI_ISL_292684|A_/_H1N1           0.00%    passed    100.00%
  23  EPI982567|HA|A/Qatar/10-VI-17-0000393/2017|EPI_ISL_260165|A_/_H1N1    0.00%    passed    100.00%
  24  EPI1152187|HA|A/England/75180460/2017|EPI_ISL_293646|A_/_H1N1         0.00%    passed    100.00%
  25  EPI1082687|HA|A/Victoria/570/2017|EPI_ISL_282308|A_/_H1N1             0.00%    passed    100.00%
  26  EPI2044033|HA|A/Brisbane/194/2017|EPI_ISL_12850483|A_/_H1N1           0.00%    passed    100.00%
  27  EPI1162964|HA|A/Iowa/49/2017|EPI_ISL_296019|A_/_H1N1                  0.00%    passed    100.00%
  28  EPI1017431|HA|A/California/54/2017|EPI_ISL_268415|A_/_H1N1            0.00%    passed    100.00%
  29  EPI1118235|HA|A/California/121/2017|EPI_ISL_287697|A_/_H1N1           0.00%    passed    100.00%
  30  EPI989314|HA|A/Iowa/18/2017|EPI_ISL_261833|A_/_H1N1                   0.00%    passed    100.00%
****  TOTAL                                                                 0.00%  0 sequences failed composition chi2 test (p-value<5%; df=19)
Checking for duplicate sequences: done in 4.64385e-05 secs using 47.37% CPU
Creating fast initial parsimony tree by random order stepwise addition...
0.026 seconds, parsimony score: 132 (based on 93 sites)
Generating 1000 samples for ultrafast bootstrap (seed: 888713)...
WARNING: 16 threads for alignment length 112 will slow down analysis

NOTE: 2 MB RAM (0 GB) is required!
WARNING: Number of threads seems too high for short alignments. Use -T AUTO to determine best number of threads.
Estimate model parameters (epsilon = 0.100)
1. Initial log-likelihood: -2691.628
2. Current log-likelihood: -2685.183
Optimal log-likelihood: -2685.178
Gamma shape alpha: 0.246
Parameters optimization took 2 rounds (0.043 sec)
Wrote distance file to... 
Computing ML distances based on estimated model parameters...
Calculating distance matrix: done in 0.00746593 secs using 1708% CPU
Computing ML distances took 0.007604 sec (of wall-clock time) 0.127632 sec (of CPU time)
Setting up auxiliary I and S matrices: done in 0.0011085 secs using 1084% CPU
Constructing RapidNJ tree: done in 0.0329466 secs using 512.5% CPU
Computing RapidNJ tree took 0.034156 sec (of wall-clock time) 0.181368 sec (of CPU time)
Log-likelihood of RapidNJ tree: -2682.656
--------------------------------------------------------------------
|             INITIALIZING CANDIDATE TREE SET                      |
--------------------------------------------------------------------
Generating 98 parsimony trees... 0.060 second
Computing log-likelihood of 98 initial trees ... 1.199 seconds
Current best score: -2677.179

Do NNI search on 20 best initial trees
Optimizing NNI: done in 0.0593841 secs using 1386% CPU
Estimate model parameters (epsilon = 0.100)
BETTER TREE FOUND at iteration 1: -2677.176
Optimizing NNI: done in 0.0620641 secs using 1390% CPU
Optimizing NNI: done in 0.030029 secs using 1411% CPU
Optimizing NNI: done in 0.0312379 secs using 1440% CPU
Optimizing NNI: done in 0.0308797 secs using 1391% CPU
Optimizing NNI: done in 0.118381 secs using 1395% CPU
Optimizing NNI: done in 0.0368778 secs using 1412% CPU
Optimizing NNI: done in 0.0341172 secs using 1400% CPU
Optimizing NNI: done in 0.0335728 secs using 1385% CPU
Optimizing NNI: done in 0.0317686 secs using 1420% CPU
Iteration 10 / LogL: -2678.809 / Time: 0h:0m:1s
Optimizing NNI: done in 0.0316818 secs using 1415% CPU
Optimizing NNI: done in 0.032802 secs using 1415% CPU
Optimizing NNI: done in 0.0894389 secs using 1396% CPU
Optimizing NNI: done in 0.111279 secs using 1396% CPU
Optimizing NNI: done in 0.0345425 secs using 1422% CPU
Optimizing NNI: done in 0.0747294 secs using 1410% CPU
Optimizing NNI: done in 0.0372611 secs using 1379% CPU
Optimizing NNI: done in 0.107907 secs using 1406% CPU
Optimizing NNI: done in 0.0340742 secs using 1402% CPU
Optimizing NNI: done in 0.11328 secs using 1403% CPU
Iteration 20 / LogL: -2678.583 / Time: 0h:0m:2s
Finish initializing candidate tree set (20)
Current best tree score: -2677.176 / CPU time: 2.434
Number of iterations: 20
--------------------------------------------------------------------
|               OPTIMIZING CANDIDATE TREE SET                      |
--------------------------------------------------------------------
Optimizing NNI: done in 0.181558 secs using 1399% CPU
Optimizing NNI: done in 0.132833 secs using 1389% CPU
Optimizing NNI: done in 0.271637 secs using 1393% CPU
Optimizing NNI: done in 0.203284 secs using 1401% CPU
Optimizing NNI: done in 0.150686 secs using 1392% CPU
Optimizing NNI: done in 0.33861 secs using 1394% CPU
Optimizing NNI: done in 0.209431 secs using 1396% CPU
Optimizing NNI: done in 0.138613 secs using 1392% CPU
Optimizing NNI: done in 0.245332 secs using 1392% CPU
Optimizing NNI: done in 0.364874 secs using 1396% CPU
Iteration 30 / LogL: -2677.181 / Time: 0h:0m:4s (0h:0m:11s left)
Optimizing NNI: done in 0.164376 secs using 1394% CPU
Optimizing NNI: done in 0.238032 secs using 1395% CPU
Optimizing NNI: done in 0.245897 secs using 1392% CPU
Optimizing NNI: done in 0.389806 secs using 1389% CPU
Optimizing NNI: done in 0.155274 secs using 1394% CPU
Optimizing NNI: done in 0.377989 secs using 1394% CPU
Optimizing NNI: done in 0.146494 secs using 1395% CPU
Optimizing NNI: done in 0.156387 secs using 1400% CPU
Optimizing NNI: done in 0.530394 secs using 1396% CPU
Optimizing NNI: done in 0.327763 secs using 1395% CPU
Iteration 40 / LogL: -2677.179 / Time: 0h:0m:7s (0h:0m:11s left)
Optimizing NNI: done in 0.297089 secs using 1392% CPU
Optimizing NNI: done in 0.421298 secs using 1393% CPU
Optimizing NNI: done in 0.225019 secs using 1398% CPU
Optimizing NNI: done in 0.100588 secs using 1382% CPU
Optimizing NNI: done in 0.13124 secs using 1400% CPU
Optimizing NNI: done in 0.161482 secs using 1401% CPU
Optimizing NNI: done in 0.306422 secs using 1399% CPU
Optimizing NNI: done in 0.248528 secs using 1399% CPU
Optimizing NNI: done in 0.247026 secs using 1398% CPU
Optimizing NNI: done in 0.387635 secs using 1398% CPU
Iteration 50 / LogL: -2677.178 / Time: 0h:0m:10s (0h:0m:10s left)
Log-likelihood cutoff on original alignment: -2696.526
Optimizing NNI: done in 0.335192 secs using 1395% CPU
Optimizing NNI: done in 0.173486 secs using 1390% CPU
Optimizing NNI: done in 0.162006 secs using 1393% CPU
Optimizing NNI: done in 0.308709 secs using 1395% CPU
Optimizing NNI: done in 0.464026 secs using 1396% CPU
Optimizing NNI: done in 0.16094 secs using 1393% CPU
Optimizing NNI: done in 0.257225 secs using 1399% CPU
Optimizing NNI: done in 0.260373 secs using 1389% CPU
Optimizing NNI: done in 0.256686 secs using 1392% CPU
Optimizing NNI: done in 0.335615 secs using 1391% CPU
Iteration 60 / LogL: -2682.886 / Time: 0h:0m:13s (0h:0m:9s left)
Optimizing NNI: done in 0.217559 secs using 1392% CPU
Optimizing NNI: done in 0.322305 secs using 1397% CPU
Optimizing NNI: done in 0.163735 secs using 1396% CPU
Optimizing NNI: done in 0.323425 secs using 1394% CPU
Optimizing NNI: done in 0.339464 secs using 1396% CPU
Optimizing NNI: done in 0.167644 secs using 1391% CPU
Optimizing NNI: done in 0.22659 secs using 1395% CPU
Optimizing NNI: done in 0.256499 secs using 1395% CPU
Optimizing NNI: done in 0.242582 secs using 1388% CPU
Optimizing NNI: done in 0.149932 secs using 1391% CPU
Iteration 70 / LogL: -2677.176 / Time: 0h:0m:15s (0h:0m:6s left)
Optimizing NNI: done in 0.149754 secs using 1397% CPU
Optimizing NNI: done in 0.333091 secs using 1395% CPU
Optimizing NNI: done in 0.351909 secs using 1396% CPU
Optimizing NNI: done in 0.230679 secs using 1391% CPU
Optimizing NNI: done in 0.343064 secs using 1395% CPU
Optimizing NNI: done in 0.22518 secs using 1397% CPU
Optimizing NNI: done in 0.136442 secs using 1401% CPU
Optimizing NNI: done in 0.362658 secs using 1394% CPU
Optimizing NNI: done in 0.291264 secs using 1395% CPU
Optimizing NNI: done in 0.274633 secs using 1395% CPU
Iteration 80 / LogL: -2681.174 / Time: 0h:0m:18s (0h:0m:4s left)
Optimizing NNI: done in 0.135928 secs using 1395% CPU
Optimizing NNI: done in 0.277265 secs using 1395% CPU
Optimizing NNI: done in 0.141638 secs using 1400% CPU
Optimizing NNI: done in 0.254217 secs using 1393% CPU
Optimizing NNI: done in 0.265925 secs using 1393% CPU
Optimizing NNI: done in 0.278051 secs using 1397% CPU
Optimizing NNI: done in 0.2625 secs using 1400% CPU
Optimizing NNI: done in 0.226545 secs using 1395% CPU
Optimizing NNI: done in 0.290807 secs using 1395% CPU
Optimizing NNI: done in 0.180275 secs using 1389% CPU
Iteration 90 / LogL: -2681.022 / Time: 0h:0m:20s (0h:0m:2s left)
Optimizing NNI: done in 0.154906 secs using 1400% CPU
Optimizing NNI: done in 0.156263 secs using 1400% CPU
Optimizing NNI: done in 0.150841 secs using 1389% CPU
Optimizing NNI: done in 0.198243 secs using 1395% CPU
Optimizing NNI: done in 0.145439 secs using 1385% CPU
Optimizing NNI: done in 0.150912 secs using 1391% CPU
Optimizing NNI: done in 0.303227 secs using 1394% CPU
Optimizing NNI: done in 0.132967 secs using 1397% CPU
Optimizing NNI: done in 0.25804 secs using 1396% CPU
Optimizing NNI: done in 0.100572 secs using 1410% CPU
Iteration 100 / LogL: -2680.972 / Time: 0h:0m:22s (0h:0m:0s left)
Log-likelihood cutoff on original alignment: -2695.142
NOTE: Bootstrap correlation coefficient of split occurrence frequencies: 0.965
NOTE: UFBoot does not converge, continue at least 100 more iterations
Optimizing NNI: done in 0.271924 secs using 1392% CPU
Optimizing NNI: done in 0.359846 secs using 1395% CPU
Optimizing NNI: done in 0.232425 secs using 1396% CPU
Optimizing NNI: done in 0.224616 secs using 1391% CPU
Optimizing NNI: done in 0.219148 secs using 1401% CPU
Optimizing NNI: done in 0.204809 secs using 1397% CPU
Optimizing NNI: done in 0.424889 secs using 1394% CPU
Optimizing NNI: done in 0.146457 secs using 1391% CPU
Optimizing NNI: done in 0.548814 secs using 1395% CPU
Optimizing NNI: done in 0.279884 secs using 1395% CPU
Iteration 110 / LogL: -2677.179 / Time: 0h:0m:25s (0h:0m:20s left)
Optimizing NNI: done in 0.144214 secs using 1394% CPU
Optimizing NNI: done in 0.22782 secs using 1398% CPU
Optimizing NNI: done in 0.145459 secs using 1400% CPU
Optimizing NNI: done in 0.142452 secs using 1397% CPU
Optimizing NNI: done in 0.246583 secs using 1388% CPU
Optimizing NNI: done in 0.343807 secs using 1395% CPU
Optimizing NNI: done in 0.146702 secs using 1385% CPU
Optimizing NNI: done in 0.229012 secs using 1394% CPU
Optimizing NNI: done in 0.139411 secs using 1391% CPU
Optimizing NNI: done in 0.205836 secs using 1398% CPU
BETTER TREE FOUND at iteration 120: -2677.176
Iteration 120 / LogL: -2677.176 / Time: 0h:0m:27s (0h:0m:23s left)
Optimizing NNI: done in 0.326238 secs using 1394% CPU
Optimizing NNI: done in 0.0767231 secs using 1385% CPU
Optimizing NNI: done in 0.0900632 secs using 1390% CPU
Optimizing NNI: done in 0.289487 secs using 1393% CPU
Optimizing NNI: done in 0.372217 secs using 1391% CPU
Optimizing NNI: done in 0.151763 secs using 1393% CPU
Optimizing NNI: done in 0.218129 secs using 1392% CPU
Optimizing NNI: done in 0.220789 secs using 1393% CPU
Optimizing NNI: done in 0.22238 secs using 1392% CPU
Optimizing NNI: done in 0.284933 secs using 1394% CPU
Iteration 130 / LogL: -2677.177 / Time: 0h:0m:29s (0h:0m:20s left)
Optimizing NNI: done in 0.351567 secs using 1392% CPU
Optimizing NNI: done in 0.224318 secs using 1391% CPU
Optimizing NNI: done in 0.14132 secs using 1395% CPU
Optimizing NNI: done in 0.128799 secs using 1398% CPU
BETTER TREE FOUND at iteration 134: -2677.176
Optimizing NNI: done in 0.268944 secs using 1394% CPU
Optimizing NNI: done in 0.261048 secs using 1393% CPU
Optimizing NNI: done in 0.0668512 secs using 1399% CPU
Optimizing NNI: done in 0.342764 secs using 1393% CPU
Optimizing NNI: done in 0.232232 secs using 1396% CPU
Optimizing NNI: done in 0.225652 secs using 1395% CPU
Iteration 140 / LogL: -2677.178 / Time: 0h:0m:32s (0h:0m:21s left)
Optimizing NNI: done in 0.352904 secs using 1390% CPU
Optimizing NNI: done in 0.224324 secs using 1390% CPU
Optimizing NNI: done in 0.370235 secs using 1391% CPU
Optimizing NNI: done in 0.1524 secs using 1390% CPU
Optimizing NNI: done in 0.421236 secs using 1396% CPU
Optimizing NNI: done in 0.22397 secs using 1395% CPU
Optimizing NNI: done in 0.220072 secs using 1398% CPU
Optimizing NNI: done in 0.143136 secs using 1393% CPU
Optimizing NNI: done in 0.22218 secs using 1397% CPU
Optimizing NNI: done in 0.344879 secs using 1394% CPU
Iteration 150 / LogL: -2677.178 / Time: 0h:0m:34s (0h:0m:19s left)
Log-likelihood cutoff on original alignment: -2695.353
Optimizing NNI: done in 0.228046 secs using 1394% CPU
Optimizing NNI: done in 0.223348 secs using 1392% CPU
Optimizing NNI: done in 0.150915 secs using 1398% CPU
Optimizing NNI: done in 0.389473 secs using 1390% CPU
Optimizing NNI: done in 0.2059 secs using 1383% CPU
Optimizing NNI: done in 0.388981 secs using 1396% CPU
Optimizing NNI: done in 0.226483 secs using 1391% CPU
Optimizing NNI: done in 0.156398 secs using 1389% CPU
Optimizing NNI: done in 0.237035 secs using 1395% CPU
Optimizing NNI: done in 0.312668 secs using 1394% CPU
Iteration 160 / LogL: -2677.184 / Time: 0h:0m:37s (0h:0m:17s left)
Optimizing NNI: done in 0.153985 secs using 1397% CPU
Optimizing NNI: done in 0.287859 secs using 1397% CPU
Optimizing NNI: done in 0.296346 secs using 1392% CPU
Optimizing NNI: done in 0.379078 secs using 1395% CPU
Optimizing NNI: done in 0.209661 secs using 1392% CPU
Optimizing NNI: done in 0.226239 secs using 1401% CPU
Optimizing NNI: done in 0.149527 secs using 1389% CPU
Optimizing NNI: done in 0.302994 secs using 1396% CPU
Optimizing NNI: done in 0.311653 secs using 1396% CPU
Optimizing NNI: done in 0.226303 secs using 1399% CPU
Iteration 170 / LogL: -2680.415 / Time: 0h:0m:40s (0h:0m:15s left)
Optimizing NNI: done in 0.304865 secs using 1390% CPU
Optimizing NNI: done in 0.303119 secs using 1392% CPU
Optimizing NNI: done in 0.407879 secs using 1394% CPU
Optimizing NNI: done in 0.291719 secs using 1395% CPU
Optimizing NNI: done in 0.186751 secs using 1392% CPU
Optimizing NNI: done in 0.157864 secs using 1398% CPU
Optimizing NNI: done in 0.289472 secs using 1391% CPU
Optimizing NNI: done in 0.247381 secs using 1395% CPU
Optimizing NNI: done in 0.394811 secs using 1395% CPU
Optimizing NNI: done in 0.210297 secs using 1391% CPU
Iteration 180 / LogL: -2677.179 / Time: 0h:0m:42s (0h:0m:12s left)
Optimizing NNI: done in 0.343795 secs using 1396% CPU
Optimizing NNI: done in 0.218738 secs using 1399% CPU
Optimizing NNI: done in 0.406255 secs using 1394% CPU
Optimizing NNI: done in 0.140571 secs using 1390% CPU
Optimizing NNI: done in 0.150359 secs using 1396% CPU
Optimizing NNI: done in 0.300813 secs using 1393% CPU
Optimizing NNI: done in 0.344133 secs using 1395% CPU
Optimizing NNI: done in 0.153705 secs using 1399% CPU
Optimizing NNI: done in 0.300323 secs using 1400% CPU
Optimizing NNI: done in 0.283776 secs using 1395% CPU
Iteration 190 / LogL: -2677.181 / Time: 0h:0m:45s (0h:0m:10s left)
Optimizing NNI: done in 0.194446 secs using 1400% CPU
Optimizing NNI: done in 0.276691 secs using 1393% CPU
Optimizing NNI: done in 0.238623 secs using 1396% CPU
Optimizing NNI: done in 0.132543 secs using 1394% CPU
Optimizing NNI: done in 0.138066 secs using 1395% CPU
Optimizing NNI: done in 0.228087 secs using 1393% CPU
Optimizing NNI: done in 0.398516 secs using 1391% CPU
Optimizing NNI: done in 0.105029 secs using 1392% CPU
Optimizing NNI: done in 0.160027 secs using 1394% CPU
Optimizing NNI: done in 0.242945 secs using 1395% CPU
Iteration 200 / LogL: -2680.461 / Time: 0h:0m:47s (0h:0m:8s left)
Log-likelihood cutoff on original alignment: -2695.836
NOTE: Bootstrap correlation coefficient of split occurrence frequencies: 0.977
NOTE: UFBoot does not converge, continue at least 100 more iterations
Optimizing NNI: done in 0.320749 secs using 1395% CPU
Optimizing NNI: done in 0.313429 secs using 1393% CPU
Optimizing NNI: done in 0.267044 secs using 1395% CPU
Optimizing NNI: done in 0.331099 secs using 1398% CPU
Optimizing NNI: done in 0.211068 secs using 1394% CPU
Optimizing NNI: done in 0.329389 secs using 1396% CPU
Optimizing NNI: done in 0.239888 secs using 1396% CPU
Optimizing NNI: done in 0.206319 secs using 1395% CPU
Optimizing NNI: done in 0.216288 secs using 1396% CPU
BETTER TREE FOUND at iteration 209: -2677.175
Optimizing NNI: done in 0.206389 secs using 1397% CPU
Iteration 210 / LogL: -2682.884 / Time: 0h:0m:50s (0h:0m:23s left)
Optimizing NNI: done in 0.178338 secs using 1396% CPU
Optimizing NNI: done in 0.199287 secs using 1400% CPU
Optimizing NNI: done in 0.311768 secs using 1392% CPU
Optimizing NNI: done in 0.277205 secs using 1391% CPU
Optimizing NNI: done in 0.228656 secs using 1397% CPU
Optimizing NNI: done in 0.256208 secs using 1396% CPU
Optimizing NNI: done in 0.224752 secs using 1390% CPU
Optimizing NNI: done in 0.537772 secs using 1395% CPU
Optimizing NNI: done in 0.13852 secs using 1391% CPU
Optimizing NNI: done in 0.412762 secs using 1393% CPU
Iteration 220 / LogL: -2677.181 / Time: 0h:0m:53s (0h:0m:21s left)
Optimizing NNI: done in 0.200565 secs using 1402% CPU
Optimizing NNI: done in 0.288618 secs using 1394% CPU
Optimizing NNI: done in 0.271704 secs using 1391% CPU
Optimizing NNI: done in 0.36905 secs using 1397% CPU
Optimizing NNI: done in 0.229078 secs using 1395% CPU
Optimizing NNI: done in 0.356995 secs using 1396% CPU
Optimizing NNI: done in 0.156212 secs using 1388% CPU
Optimizing NNI: done in 0.219844 secs using 1397% CPU
Optimizing NNI: done in 0.283136 secs using 1400% CPU
Optimizing NNI: done in 0.221877 secs using 1390% CPU
Iteration 230 / LogL: -2677.176 / Time: 0h:0m:56s (0h:0m:19s left)
Optimizing NNI: done in 0.23268 secs using 1390% CPU
Optimizing NNI: done in 0.298649 secs using 1390% CPU
Optimizing NNI: done in 0.381509 secs using 1396% CPU
Optimizing NNI: done in 0.244904 secs using 1388% CPU
Optimizing NNI: done in 0.160893 secs using 1392% CPU
Optimizing NNI: done in 0.203851 secs using 1390% CPU
Optimizing NNI: done in 0.270789 secs using 1395% CPU
Optimizing NNI: done in 0.329319 secs using 1394% CPU
Optimizing NNI: done in 0.23625 secs using 1394% CPU
Optimizing NNI: done in 0.19299 secs using 1396% CPU
Iteration 240 / LogL: -2677.177 / Time: 0h:0m:58s (0h:0m:16s left)
Optimizing NNI: done in 0.311736 secs using 1398% CPU
Optimizing NNI: done in 0.450616 secs using 1393% CPU
Estimate model parameters (epsilon = 0.100)
BETTER TREE FOUND at iteration 242: -2676.706
Optimizing NNI: done in 0.42505 secs using 1395% CPU
Optimizing NNI: done in 0.232012 secs using 1397% CPU
Optimizing NNI: done in 0.28731 secs using 1392% CPU
Optimizing NNI: done in 0.08425 secs using 1390% CPU
Optimizing NNI: done in 0.254416 secs using 1389% CPU
Optimizing NNI: done in 0.204693 secs using 1392% CPU
Optimizing NNI: done in 0.239429 secs using 1387% CPU
Optimizing NNI: done in 0.352547 secs using 1393% CPU
Iteration 250 / LogL: -2681.021 / Time: 0h:1m:1s (0h:0m:22s left)
Log-likelihood cutoff on original alignment: -2695.836
Optimizing NNI: done in 0.307511 secs using 1395% CPU
Optimizing NNI: done in 0.201978 secs using 1395% CPU
Optimizing NNI: done in 0.355939 secs using 1389% CPU
Optimizing NNI: done in 0.139206 secs using 1393% CPU
Optimizing NNI: done in 0.382133 secs using 1393% CPU
Optimizing NNI: done in 0.237014 secs using 1393% CPU
Optimizing NNI: done in 0.195486 secs using 1393% CPU
Optimizing NNI: done in 0.142347 secs using 1405% CPU
Optimizing NNI: done in 0.289177 secs using 1394% CPU
Optimizing NNI: done in 0.156961 secs using 1388% CPU
Iteration 260 / LogL: -2676.707 / Time: 0h:1m:4s (0h:0m:20s left)
Optimizing NNI: done in 0.219783 secs using 1392% CPU
Optimizing NNI: done in 0.326579 secs using 1389% CPU
Optimizing NNI: done in 0.113763 secs using 1386% CPU
Optimizing NNI: done in 0.241064 secs using 1395% CPU
Optimizing NNI: done in 0.22492 secs using 1395% CPU
Optimizing NNI: done in 0.196244 secs using 1394% CPU
Optimizing NNI: done in 0.308385 secs using 1393% CPU
Optimizing NNI: done in 0.252888 secs using 1392% CPU
Optimizing NNI: done in 0.372423 secs using 1391% CPU
Optimizing NNI: done in 0.222725 secs using 1394% CPU
Iteration 270 / LogL: -2676.707 / Time: 0h:1m:6s (0h:0m:17s left)
Optimizing NNI: done in 0.229297 secs using 1394% CPU
Optimizing NNI: done in 0.205375 secs using 1394% CPU
Optimizing NNI: done in 0.293232 secs using 1394% CPU
Optimizing NNI: done in 0.319361 secs using 1399% CPU
Optimizing NNI: done in 0.289537 secs using 1401% CPU
Optimizing NNI: done in 0.278423 secs using 1392% CPU
Optimizing NNI: done in 0.192152 secs using 1394% CPU
Optimizing NNI: done in 0.260904 secs using 1396% CPU
Optimizing NNI: done in 0.333085 secs using 1393% CPU
Optimizing NNI: done in 0.214278 secs using 1395% CPU
Iteration 280 / LogL: -2679.993 / Time: 0h:1m:9s (0h:0m:15s left)
Optimizing NNI: done in 0.141357 secs using 1405% CPU
Optimizing NNI: done in 0.341232 secs using 1397% CPU
Optimizing NNI: done in 0.146306 secs using 1390% CPU
Optimizing NNI: done in 0.224818 secs using 1401% CPU
Optimizing NNI: done in 0.267362 secs using 1394% CPU
Optimizing NNI: done in 0.205839 secs using 1389% CPU
Optimizing NNI: done in 0.230313 secs using 1400% CPU
Optimizing NNI: done in 0.225313 secs using 1394% CPU
Optimizing NNI: done in 0.216417 secs using 1390% CPU
Optimizing NNI: done in 0.140206 secs using 1394% CPU
Iteration 290 / LogL: -2679.329 / Time: 0h:1m:11s (0h:0m:12s left)
Optimizing NNI: done in 0.260452 secs using 1399% CPU
Optimizing NNI: done in 0.200318 secs using 1394% CPU
Optimizing NNI: done in 0.313601 secs using 1396% CPU
Optimizing NNI: done in 0.228404 secs using 1393% CPU
Optimizing NNI: done in 0.236732 secs using 1393% CPU
Optimizing NNI: done in 0.142534 secs using 1399% CPU
Optimizing NNI: done in 0.232753 secs using 1397% CPU
Optimizing NNI: done in 0.409297 secs using 1397% CPU
Optimizing NNI: done in 0.320394 secs using 1394% CPU
Optimizing NNI: done in 0.29798 secs using 1396% CPU
Iteration 300 / LogL: -2676.708 / Time: 0h:1m:14s (0h:0m:10s left)
Log-likelihood cutoff on original alignment: -2695.836
NOTE: Bootstrap correlation coefficient of split occurrence frequencies: 0.960
NOTE: UFBoot does not converge, continue at least 100 more iterations
Optimizing NNI: done in 0.130585 secs using 1389% CPU
Optimizing NNI: done in 0.210398 secs using 1391% CPU
Optimizing NNI: done in 0.228601 secs using 1397% CPU
Optimizing NNI: done in 0.29644 secs using 1396% CPU
Optimizing NNI: done in 0.350236 secs using 1395% CPU
Optimizing NNI: done in 0.22538 secs using 1392% CPU
Optimizing NNI: done in 0.380184 secs using 1397% CPU
Optimizing NNI: done in 0.213356 secs using 1391% CPU
Optimizing NNI: done in 0.150377 secs using 1399% CPU
Optimizing NNI: done in 0.217709 secs using 1389% CPU
Iteration 310 / LogL: -2676.708 / Time: 0h:1m:17s (0h:0m:22s left)
Optimizing NNI: done in 0.283175 secs using 1395% CPU
Optimizing NNI: done in 0.144636 secs using 1390% CPU
Optimizing NNI: done in 0.377768 secs using 1396% CPU
Optimizing NNI: done in 0.140866 secs using 1396% CPU
Optimizing NNI: done in 0.351962 secs using 1394% CPU
Optimizing NNI: done in 0.237797 secs using 1395% CPU
Optimizing NNI: done in 0.289965 secs using 1394% CPU
Optimizing NNI: done in 0.272573 secs using 1393% CPU
BETTER TREE FOUND at iteration 318: -2676.706
Optimizing NNI: done in 0.33693 secs using 1396% CPU
Optimizing NNI: done in 0.128393 secs using 1388% CPU
Iteration 320 / LogL: -2680.700 / Time: 0h:1m:19s (0h:0m:24s left)
Optimizing NNI: done in 0.400765 secs using 1396% CPU
Optimizing NNI: done in 0.224051 secs using 1395% CPU
Optimizing NNI: done in 0.149421 secs using 1387% CPU
BETTER TREE FOUND at iteration 323: -2676.706
Optimizing NNI: done in 0.160974 secs using 1394% CPU
Optimizing NNI: done in 0.098001 secs using 1395% CPU
Optimizing NNI: done in 0.148401 secs using 1405% CPU
Optimizing NNI: done in 0.349727 secs using 1397% CPU
Optimizing NNI: done in 0.153163 secs using 1392% CPU
Optimizing NNI: done in 0.32128 secs using 1401% CPU
Optimizing NNI: done in 0.20917 secs using 1402% CPU
Iteration 330 / LogL: -2676.708 / Time: 0h:1m:22s (0h:0m:23s left)
Optimizing NNI: done in 0.247635 secs using 1390% CPU
Optimizing NNI: done in 0.149665 secs using 1398% CPU
Optimizing NNI: done in 0.122013 secs using 1394% CPU
Optimizing NNI: done in 0.265431 secs using 1392% CPU
Optimizing NNI: done in 0.209496 secs using 1392% CPU
Optimizing NNI: done in 0.272863 secs using 1394% CPU
Optimizing NNI: done in 0.20051 secs using 1397% CPU
Optimizing NNI: done in 0.205327 secs using 1394% CPU
Optimizing NNI: done in 0.281832 secs using 1397% CPU
Optimizing NNI: done in 0.225875 secs using 1395% CPU
Iteration 340 / LogL: -2679.942 / Time: 0h:1m:24s (0h:0m:20s left)
Optimizing NNI: done in 0.146516 secs using 1396% CPU
Optimizing NNI: done in 0.264161 secs using 1393% CPU
Optimizing NNI: done in 0.210985 secs using 1399% CPU
Optimizing NNI: done in 0.2698 secs using 1390% CPU
Optimizing NNI: done in 0.278223 secs using 1400% CPU
Optimizing NNI: done in 0.208768 secs using 1389% CPU
Optimizing NNI: done in 0.144097 secs using 1391% CPU
Optimizing NNI: done in 0.222849 secs using 1398% CPU
Optimizing NNI: done in 0.256535 secs using 1389% CPU
Optimizing NNI: done in 0.23099 secs using 1396% CPU
Iteration 350 / LogL: -2678.589 / Time: 0h:1m:26s (0h:0m:18s left)
Log-likelihood cutoff on original alignment: -2695.836
Optimizing NNI: done in 0.13905 secs using 1394% CPU
Optimizing NNI: done in 0.344176 secs using 1396% CPU
Optimizing NNI: done in 0.138789 secs using 1402% CPU
Optimizing NNI: done in 0.397855 secs using 1393% CPU
Optimizing NNI: done in 0.366011 secs using 1394% CPU
Optimizing NNI: done in 0.269609 secs using 1394% CPU
Optimizing NNI: done in 0.206101 secs using 1396% CPU
Optimizing NNI: done in 0.217158 secs using 1393% CPU
Optimizing NNI: done in 0.279564 secs using 1394% CPU
Optimizing NNI: done in 0.326488 secs using 1397% CPU
Iteration 360 / LogL: -2676.709 / Time: 0h:1m:29s (0h:0m:15s left)
Optimizing NNI: done in 0.229842 secs using 1391% CPU
Optimizing NNI: done in 0.207598 secs using 1395% CPU
Optimizing NNI: done in 0.292421 secs using 1396% CPU
Optimizing NNI: done in 0.22566 secs using 1397% CPU
Optimizing NNI: done in 0.167946 secs using 1394% CPU
Optimizing NNI: done in 0.233618 secs using 1391% CPU
Optimizing NNI: done in 0.261278 secs using 1395% CPU
Optimizing NNI: done in 0.274087 secs using 1395% CPU
Optimizing NNI: done in 0.198825 secs using 1397% CPU
Optimizing NNI: done in 0.214291 secs using 1391% CPU
Iteration 370 / LogL: -2676.708 / Time: 0h:1m:31s (0h:0m:13s left)
Optimizing NNI: done in 0.212501 secs using 1399% CPU
Optimizing NNI: done in 0.138583 secs using 1389% CPU
Optimizing NNI: done in 0.20802 secs using 1392% CPU
Optimizing NNI: done in 0.150425 secs using 1391% CPU
Optimizing NNI: done in 0.11971 secs using 1402% CPU
Optimizing NNI: done in 0.153474 secs using 1392% CPU
Optimizing NNI: done in 0.140448 secs using 1389% CPU
Optimizing NNI: done in 0.229039 secs using 1394% CPU
Optimizing NNI: done in 0.36277 secs using 1395% CPU
Optimizing NNI: done in 0.21535 secs using 1403% CPU
Iteration 380 / LogL: -2677.182 / Time: 0h:1m:33s (0h:0m:10s left)
Optimizing NNI: done in 0.205024 secs using 1392% CPU
Optimizing NNI: done in 0.281566 secs using 1396% CPU
Optimizing NNI: done in 0.209024 secs using 1388% CPU
Optimizing NNI: done in 0.274952 secs using 1393% CPU
Optimizing NNI: done in 0.141534 secs using 1396% CPU
Optimizing NNI: done in 0.213849 secs using 1399% CPU
Optimizing NNI: done in 0.209774 secs using 1399% CPU
Optimizing NNI: done in 0.226935 secs using 1396% CPU
Optimizing NNI: done in 0.464056 secs using 1393% CPU
Optimizing NNI: done in 0.221353 secs using 1402% CPU
Iteration 390 / LogL: -2681.375 / Time: 0h:1m:36s (0h:0m:8s left)
Optimizing NNI: done in 0.150707 secs using 1387% CPU
Optimizing NNI: done in 0.185779 secs using 1391% CPU
Optimizing NNI: done in 0.223054 secs using 1392% CPU
Optimizing NNI: done in 0.208106 secs using 1393% CPU
Optimizing NNI: done in 0.327744 secs using 1393% CPU
Optimizing NNI: done in 0.335057 secs using 1394% CPU
Optimizing NNI: done in 0.143929 secs using 1396% CPU
Optimizing NNI: done in 0.314911 secs using 1396% CPU
Optimizing NNI: done in 0.155216 secs using 1397% CPU
Optimizing NNI: done in 0.275706 secs using 1396% CPU
Iteration 400 / LogL: -2676.707 / Time: 0h:1m:38s (0h:0m:5s left)
Log-likelihood cutoff on original alignment: -2696.527
NOTE: Bootstrap correlation coefficient of split occurrence frequencies: 0.962
NOTE: UFBoot does not converge, continue at least 100 more iterations
Optimizing NNI: done in 0.307126 secs using 1392% CPU
Optimizing NNI: done in 0.199073 secs using 1395% CPU
Optimizing NNI: done in 0.267397 secs using 1390% CPU
Optimizing NNI: done in 0.120951 secs using 1398% CPU
Optimizing NNI: done in 0.370169 secs using 1395% CPU
Optimizing NNI: done in 0.289102 secs using 1394% CPU
Optimizing NNI: done in 0.178325 secs using 1396% CPU
Optimizing NNI: done in 0.118335 secs using 1389% CPU
Optimizing NNI: done in 0.326067 secs using 1393% CPU
Optimizing NNI: done in 0.281642 secs using 1395% CPU
Iteration 410 / LogL: -2682.415 / Time: 0h:1m:41s (0h:0m:22s left)
Optimizing NNI: done in 0.219403 secs using 1394% CPU
Optimizing NNI: done in 0.195345 secs using 1392% CPU
Optimizing NNI: done in 0.139244 secs using 1392% CPU
Optimizing NNI: done in 0.139507 secs using 1399% CPU
Optimizing NNI: done in 0.292821 secs using 1396% CPU
Optimizing NNI: done in 0.144686 secs using 1389% CPU
Optimizing NNI: done in 0.109304 secs using 1390% CPU
Optimizing NNI: done in 0.107532 secs using 1393% CPU
Optimizing NNI: done in 0.176498 secs using 1401% CPU
Optimizing NNI: done in 0.266957 secs using 1396% CPU
Iteration 420 / LogL: -2676.706 / Time: 0h:1m:43s (0h:0m:19s left)
Optimizing NNI: done in 0.271643 secs using 1394% CPU
Optimizing NNI: done in 0.21589 secs using 1395% CPU
Optimizing NNI: done in 0.205022 secs using 1395% CPU
Optimizing NNI: done in 0.142447 secs using 1391% CPU
Optimizing NNI: done in 0.143746 secs using 1401% CPU
Optimizing NNI: done in 0.27478 secs using 1395% CPU
Optimizing NNI: done in 0.207288 secs using 1393% CPU
Optimizing NNI: done in 0.272884 secs using 1395% CPU
Optimizing NNI: done in 0.224505 secs using 1397% CPU
Optimizing NNI: done in 0.133113 secs using 1395% CPU
Iteration 430 / LogL: -2680.699 / Time: 0h:1m:45s (0h:0m:17s left)
Optimizing NNI: done in 0.219868 secs using 1389% CPU
Optimizing NNI: done in 0.212629 secs using 1396% CPU
Optimizing NNI: done in 0.262839 secs using 1396% CPU
Optimizing NNI: done in 0.363286 secs using 1394% CPU
Optimizing NNI: done in 0.233167 secs using 1393% CPU
Optimizing NNI: done in 0.148668 secs using 1400% CPU
Optimizing NNI: done in 0.15763 secs using 1389% CPU
Optimizing NNI: done in 0.365682 secs using 1396% CPU
Optimizing NNI: done in 0.368857 secs using 1395% CPU
Optimizing NNI: done in 0.148288 secs using 1393% CPU
Iteration 440 / LogL: -2681.374 / Time: 0h:1m:48s (0h:0m:14s left)
Optimizing NNI: done in 0.189998 secs using 1399% CPU
Optimizing NNI: done in 0.207578 secs using 1396% CPU
Optimizing NNI: done in 0.205135 secs using 1393% CPU
Optimizing NNI: done in 0.263833 secs using 1396% CPU
Optimizing NNI: done in 0.141976 secs using 1395% CPU
Optimizing NNI: done in 0.208259 secs using 1392% CPU
Optimizing NNI: done in 0.136805 secs using 1393% CPU
Optimizing NNI: done in 0.2176 secs using 1392% CPU
Optimizing NNI: done in 0.139743 secs using 1390% CPU
Optimizing NNI: done in 0.287351 secs using 1390% CPU
Iteration 450 / LogL: -2676.707 / Time: 0h:1m:50s (0h:0m:12s left)
Log-likelihood cutoff on original alignment: -2696.527
Optimizing NNI: done in 0.146795 secs using 1386% CPU
Optimizing NNI: done in 0.227948 secs using 1395% CPU
Optimizing NNI: done in 0.40415 secs using 1389% CPU
Optimizing NNI: done in 0.28716 secs using 1393% CPU
Optimizing NNI: done in 0.132624 secs using 1387% CPU
Optimizing NNI: done in 0.205856 secs using 1395% CPU
Optimizing NNI: done in 0.13381 secs using 1387% CPU
Optimizing NNI: done in 0.275798 secs using 1397% CPU
Optimizing NNI: done in 0.203293 secs using 1398% CPU
Optimizing NNI: done in 0.196495 secs using 1390% CPU
Iteration 460 / LogL: -2683.503 / Time: 0h:1m:52s (0h:0m:9s left)
Optimizing NNI: done in 0.143101 secs using 1393% CPU
Optimizing NNI: done in 0.234677 secs using 1390% CPU
Optimizing NNI: done in 0.117409 secs using 1388% CPU
Optimizing NNI: done in 0.279898 secs using 1392% CPU
Optimizing NNI: done in 0.157061 secs using 1396% CPU
Optimizing NNI: done in 0.276109 secs using 1393% CPU
Optimizing NNI: done in 0.271913 secs using 1397% CPU
Optimizing NNI: done in 0.488981 secs using 1392% CPU
Optimizing NNI: done in 0.232511 secs using 1395% CPU
Optimizing NNI: done in 0.2349 secs using 1398% CPU
Iteration 470 / LogL: -2676.707 / Time: 0h:1m:55s (0h:0m:7s left)
Optimizing NNI: done in 0.23328 secs using 1397% CPU
Optimizing NNI: done in 0.302803 secs using 1396% CPU
Optimizing NNI: done in 0.16001 secs using 1391% CPU
Optimizing NNI: done in 0.31576 secs using 1397% CPU
Optimizing NNI: done in 0.223944 secs using 1398% CPU
Optimizing NNI: done in 0.220195 secs using 1395% CPU
Optimizing NNI: done in 0.150855 secs using 1388% CPU
Optimizing NNI: done in 0.149401 secs using 1394% CPU
Optimizing NNI: done in 0.214791 secs using 1390% CPU
Optimizing NNI: done in 0.278714 secs using 1398% CPU
Iteration 480 / LogL: -2676.708 / Time: 0h:1m:57s (0h:0m:4s left)
Optimizing NNI: done in 0.30142 secs using 1393% CPU
Optimizing NNI: done in 0.150728 secs using 1394% CPU
Optimizing NNI: done in 0.218994 secs using 1394% CPU
BETTER TREE FOUND at iteration 483: -2676.706
Optimizing NNI: done in 0.218874 secs using 1388% CPU
Optimizing NNI: done in 0.138579 secs using 1394% CPU
Optimizing NNI: done in 0.216835 secs using 1399% CPU
Optimizing NNI: done in 0.268948 secs using 1393% CPU
Optimizing NNI: done in 0.106074 secs using 1396% CPU
Optimizing NNI: done in 0.209432 secs using 1395% CPU
Optimizing NNI: done in 0.417174 secs using 1392% CPU
Iteration 490 / LogL: -2679.941 / Time: 0h:2m:0s (0h:0m:22s left)
Optimizing NNI: done in 0.226766 secs using 1396% CPU
Optimizing NNI: done in 0.215448 secs using 1393% CPU
Optimizing NNI: done in 0.107441 secs using 1394% CPU
Optimizing NNI: done in 0.41748 secs using 1397% CPU
Optimizing NNI: done in 0.270034 secs using 1396% CPU
Optimizing NNI: done in 0.134564 secs using 1403% CPU
Optimizing NNI: done in 0.268885 secs using 1394% CPU
Optimizing NNI: done in 0.228316 secs using 1391% CPU
Optimizing NNI: done in 0.211041 secs using 1392% CPU
Optimizing NNI: done in 0.295964 secs using 1393% CPU
Iteration 500 / LogL: -2676.709 / Time: 0h:2m:2s (0h:0m:20s left)
Log-likelihood cutoff on original alignment: -2696.527
NOTE: Bootstrap correlation coefficient of split occurrence frequencies: 0.977
NOTE: UFBoot does not converge, continue at least 100 more iterations
Optimizing NNI: done in 0.260563 secs using 1395% CPU
Optimizing NNI: done in 0.425256 secs using 1394% CPU
Optimizing NNI: done in 0.315129 secs using 1391% CPU
Optimizing NNI: done in 0.16084 secs using 1395% CPU
Optimizing NNI: done in 0.392843 secs using 1392% CPU
Optimizing NNI: done in 0.14091 secs using 1389% CPU
Optimizing NNI: done in 0.362507 secs using 1395% CPU
Optimizing NNI: done in 0.140656 secs using 1397% CPU
Optimizing NNI: done in 0.361838 secs using 1395% CPU
Optimizing NNI: done in 0.513375 secs using 1393% CPU
Iteration 510 / LogL: -2676.709 / Time: 0h:2m:6s (0h:0m:22s left)
Optimizing NNI: done in 0.326276 secs using 1391% CPU
Optimizing NNI: done in 0.215788 secs using 1396% CPU
Optimizing NNI: done in 0.27609 secs using 1396% CPU
Optimizing NNI: done in 0.241369 secs using 1398% CPU
Optimizing NNI: done in 0.210448 secs using 1395% CPU
Optimizing NNI: done in 0.205534 secs using 1396% CPU
Optimizing NNI: done in 0.283138 secs using 1392% CPU
Optimizing NNI: done in 0.19493 secs using 1393% CPU
Optimizing NNI: done in 0.293664 secs using 1395% CPU
Optimizing NNI: done in 0.16569 secs using 1396% CPU
Iteration 520 / LogL: -2679.942 / Time: 0h:2m:8s (0h:0m:19s left)
Optimizing NNI: done in 0.225672 secs using 1392% CPU
Optimizing NNI: done in 0.218967 secs using 1391% CPU
Optimizing NNI: done in 0.207251 secs using 1395% CPU
Optimizing NNI: done in 0.352051 secs using 1397% CPU
BETTER TREE FOUND at iteration 524: -2676.706
Optimizing NNI: done in 0.128513 secs using 1395% CPU
Optimizing NNI: done in 0.19791 secs using 1399% CPU
Optimizing NNI: done in 0.21085 secs using 1391% CPU
Optimizing NNI: done in 0.23735 secs using 1393% CPU
Optimizing NNI: done in 0.229958 secs using 1397% CPU
Optimizing NNI: done in 0.33111 secs using 1394% CPU
Iteration 530 / LogL: -2676.709 / Time: 0h:2m:11s (0h:0m:23s left)
Optimizing NNI: done in 0.312665 secs using 1395% CPU
Optimizing NNI: done in 0.225937 secs using 1396% CPU
Optimizing NNI: done in 0.137733 secs using 1395% CPU
Optimizing NNI: done in 0.140545 secs using 1396% CPU
Optimizing NNI: done in 0.478808 secs using 1393% CPU
Optimizing NNI: done in 0.139217 secs using 1394% CPU
Optimizing NNI: done in 0.133836 secs using 1394% CPU
Optimizing NNI: done in 0.202804 secs using 1398% CPU
Optimizing NNI: done in 0.191361 secs using 1392% CPU
Optimizing NNI: done in 0.292691 secs using 1389% CPU
Iteration 540 / LogL: -2676.707 / Time: 0h:2m:13s (0h:0m:20s left)
Optimizing NNI: done in 0.226513 secs using 1391% CPU
Optimizing NNI: done in 0.143355 secs using 1395% CPU
Optimizing NNI: done in 0.12825 secs using 1392% CPU
BETTER TREE FOUND at iteration 543: -2676.706
Optimizing NNI: done in 0.307389 secs using 1393% CPU
Optimizing NNI: done in 0.316508 secs using 1394% CPU
Optimizing NNI: done in 0.20199 secs using 1394% CPU
Optimizing NNI: done in 0.220448 secs using 1393% CPU
Optimizing NNI: done in 0.22779 secs using 1394% CPU
Optimizing NNI: done in 0.443777 secs using 1396% CPU
Optimizing NNI: done in 0.434676 secs using 1394% CPU
BETTER TREE FOUND at iteration 550: -2676.706
Iteration 550 / LogL: -2676.706 / Time: 0h:2m:16s (0h:0m:24s left)
Log-likelihood cutoff on original alignment: -2697.030
Optimizing NNI: done in 0.257828 secs using 1390% CPU
Optimizing NNI: done in 0.144612 secs using 1398% CPU
Optimizing NNI: done in 0.365282 secs using 1392% CPU
Optimizing NNI: done in 0.210095 secs using 1392% CPU
Optimizing NNI: done in 0.281495 secs using 1391% CPU
Optimizing NNI: done in 0.199623 secs using 1398% CPU
Optimizing NNI: done in 0.276952 secs using 1394% CPU
Optimizing NNI: done in 0.30591 secs using 1394% CPU
Optimizing NNI: done in 0.221234 secs using 1394% CPU
Optimizing NNI: done in 0.133758 secs using 1391% CPU
Iteration 560 / LogL: -2680.699 / Time: 0h:2m:18s (0h:0m:22s left)
Optimizing NNI: done in 0.104622 secs using 1400% CPU
Optimizing NNI: done in 0.340039 secs using 1395% CPU
Optimizing NNI: done in 0.202967 secs using 1397% CPU
Optimizing NNI: done in 0.205432 secs using 1401% CPU
Optimizing NNI: done in 0.134993 secs using 1395% CPU
Optimizing NNI: done in 0.270719 secs using 1388% CPU
Optimizing NNI: done in 0.296046 secs using 1394% CPU
Optimizing NNI: done in 0.271314 secs using 1394% CPU
Optimizing NNI: done in 0.330366 secs using 1397% CPU
Optimizing NNI: done in 0.205963 secs using 1391% CPU
Iteration 570 / LogL: -2676.707 / Time: 0h:2m:21s (0h:0m:19s left)
Optimizing NNI: done in 0.200774 secs using 1398% CPU
Optimizing NNI: done in 0.276053 secs using 1393% CPU
Optimizing NNI: done in 0.322631 secs using 1397% CPU
Optimizing NNI: done in 0.411677 secs using 1396% CPU
Optimizing NNI: done in 0.281223 secs using 1393% CPU
Optimizing NNI: done in 0.13936 secs using 1386% CPU
Optimizing NNI: done in 0.0785734 secs using 1384% CPU
Optimizing NNI: done in 0.14293 secs using 1399% CPU
Optimizing NNI: done in 0.223172 secs using 1393% CPU
Optimizing NNI: done in 0.140807 secs using 1390% CPU
Iteration 580 / LogL: -2676.707 / Time: 0h:2m:23s (0h:0m:17s left)
Optimizing NNI: done in 0.1536 secs using 1392% CPU
Optimizing NNI: done in 0.10026 secs using 1394% CPU
Optimizing NNI: done in 0.300242 secs using 1395% CPU
Optimizing NNI: done in 0.311383 secs using 1395% CPU
Optimizing NNI: done in 0.274039 secs using 1394% CPU
Optimizing NNI: done in 0.138527 secs using 1396% CPU
Optimizing NNI: done in 0.280384 secs using 1398% CPU
Optimizing NNI: done in 0.282044 secs using 1395% CPU
Optimizing NNI: done in 0.364638 secs using 1390% CPU
Optimizing NNI: done in 0.206762 secs using 1395% CPU
Iteration 590 / LogL: -2676.708 / Time: 0h:2m:26s (0h:0m:14s left)
Optimizing NNI: done in 0.223827 secs using 1391% CPU
Optimizing NNI: done in 0.204809 secs using 1389% CPU
Optimizing NNI: done in 0.198877 secs using 1389% CPU
Optimizing NNI: done in 0.262822 secs using 1400% CPU
Optimizing NNI: done in 0.183816 secs using 1397% CPU
Optimizing NNI: done in 0.248742 secs using 1396% CPU
Optimizing NNI: done in 0.375203 secs using 1394% CPU
Optimizing NNI: done in 0.126248 secs using 1392% CPU
Optimizing NNI: done in 0.226225 secs using 1395% CPU
Optimizing NNI: done in 0.294968 secs using 1397% CPU
Iteration 600 / LogL: -2676.709 / Time: 0h:2m:28s (0h:0m:12s left)
Log-likelihood cutoff on original alignment: -2697.030
NOTE: Bootstrap correlation coefficient of split occurrence frequencies: 0.984
NOTE: UFBoot does not converge, continue at least 100 more iterations
Optimizing NNI: done in 0.23602 secs using 1394% CPU
Optimizing NNI: done in 0.444489 secs using 1395% CPU
Optimizing NNI: done in 0.348694 secs using 1397% CPU
Optimizing NNI: done in 0.267236 secs using 1392% CPU
Optimizing NNI: done in 0.211002 secs using 1397% CPU
Optimizing NNI: done in 0.155143 secs using 1396% CPU
Optimizing NNI: done in 0.221617 secs using 1390% CPU
Optimizing NNI: done in 0.139531 secs using 1402% CPU
Optimizing NNI: done in 0.33966 secs using 1396% CPU
Optimizing NNI: done in 0.130426 secs using 1395% CPU
Iteration 610 / LogL: -2682.413 / Time: 0h:2m:31s (0h:0m:22s left)
Optimizing NNI: done in 0.188965 secs using 1397% CPU
Optimizing NNI: done in 0.208533 secs using 1397% CPU
Optimizing NNI: done in 0.330385 secs using 1393% CPU
Optimizing NNI: done in 0.142218 secs using 1396% CPU
Optimizing NNI: done in 0.214065 secs using 1400% CPU
Optimizing NNI: done in 0.252214 secs using 1394% CPU
Optimizing NNI: done in 0.148081 secs using 1393% CPU
Optimizing NNI: done in 0.232408 secs using 1399% CPU
Optimizing NNI: done in 0.202386 secs using 1396% CPU
Optimizing NNI: done in 0.28851 secs using 1391% CPU
Iteration 620 / LogL: -2676.708 / Time: 0h:2m:33s (0h:0m:19s left)
Optimizing NNI: done in 0.126838 secs using 1397% CPU
Optimizing NNI: done in 0.192319 secs using 1399% CPU
Optimizing NNI: done in 0.274934 secs using 1398% CPU
Optimizing NNI: done in 0.273424 secs using 1391% CPU
Optimizing NNI: done in 0.332381 secs using 1393% CPU
Optimizing NNI: done in 0.140307 secs using 1389% CPU
Optimizing NNI: done in 0.265208 secs using 1391% CPU
Optimizing NNI: done in 0.215014 secs using 1395% CPU
Optimizing NNI: done in 0.286594 secs using 1396% CPU
Optimizing NNI: done in 0.190996 secs using 1394% CPU
Iteration 630 / LogL: -2676.706 / Time: 0h:2m:36s (0h:0m:17s left)
Optimizing NNI: done in 0.14014 secs using 1395% CPU
Optimizing NNI: done in 0.323071 secs using 1395% CPU
Optimizing NNI: done in 0.186058 secs using 1396% CPU
Optimizing NNI: done in 0.216781 secs using 1397% CPU
Optimizing NNI: done in 0.272967 secs using 1399% CPU
Optimizing NNI: done in 0.283896 secs using 1394% CPU
Optimizing NNI: done in 0.22442 secs using 1392% CPU
BETTER TREE FOUND at iteration 637: -2676.706
Optimizing NNI: done in 0.289651 secs using 1393% CPU
Optimizing NNI: done in 0.221148 secs using 1391% CPU
Optimizing NNI: done in 0.312298 secs using 1392% CPU
Iteration 640 / LogL: -2676.707 / Time: 0h:2m:39s (0h:0m:24s left)
Optimizing NNI: done in 0.285233 secs using 1395% CPU
Optimizing NNI: done in 0.246768 secs using 1399% CPU
Optimizing NNI: done in 0.136699 secs using 1396% CPU
Optimizing NNI: done in 0.275599 secs using 1396% CPU
Optimizing NNI: done in 0.197334 secs using 1392% CPU
Optimizing NNI: done in 0.28455 secs using 1398% CPU
Optimizing NNI: done in 0.195979 secs using 1395% CPU
Optimizing NNI: done in 0.285226 secs using 1393% CPU
Optimizing NNI: done in 0.133444 secs using 1396% CPU
Optimizing NNI: done in 0.283708 secs using 1393% CPU
Iteration 650 / LogL: -2677.184 / Time: 0h:2m:41s (0h:0m:21s left)
Log-likelihood cutoff on original alignment: -2697.030
Optimizing NNI: done in 0.280589 secs using 1391% CPU
Optimizing NNI: done in 0.272901 secs using 1394% CPU
Optimizing NNI: done in 0.133575 secs using 1394% CPU
Optimizing NNI: done in 0.336024 secs using 1392% CPU
Optimizing NNI: done in 0.393234 secs using 1400% CPU
Optimizing NNI: done in 0.323462 secs using 1390% CPU
Optimizing NNI: done in 0.139984 secs using 1392% CPU
Optimizing NNI: done in 0.289017 secs using 1395% CPU
Optimizing NNI: done in 0.255508 secs using 1391% CPU
Optimizing NNI: done in 0.087932 secs using 1396% CPU
Iteration 660 / LogL: -2679.525 / Time: 0h:2m:44s (0h:0m:19s left)
Optimizing NNI: done in 0.199102 secs using 1393% CPU
Optimizing NNI: done in 0.0992604 secs using 1392% CPU
Optimizing NNI: done in 0.19891 secs using 1397% CPU
Optimizing NNI: done in 0.286334 secs using 1393% CPU
Optimizing NNI: done in 0.207807 secs using 1397% CPU
Optimizing NNI: done in 0.217336 secs using 1394% CPU
Optimizing NNI: done in 0.289709 secs using 1392% CPU
Optimizing NNI: done in 0.210059 secs using 1395% CPU
Optimizing NNI: done in 0.124602 secs using 1389% CPU
Optimizing NNI: done in 0.202612 secs using 1397% CPU
Iteration 670 / LogL: -2676.707 / Time: 0h:2m:46s (0h:0m:16s left)
Optimizing NNI: done in 0.164657 secs using 1397% CPU
Optimizing NNI: done in 0.211405 secs using 1399% CPU
Optimizing NNI: done in 0.253755 secs using 1396% CPU
Optimizing NNI: done in 0.189632 secs using 1396% CPU
Optimizing NNI: done in 0.217893 secs using 1390% CPU
Optimizing NNI: done in 0.28088 secs using 1393% CPU
Optimizing NNI: done in 0.321344 secs using 1397% CPU
Optimizing NNI: done in 0.149978 secs using 1394% CPU
Optimizing NNI: done in 0.206525 secs using 1398% CPU
Optimizing NNI: done in 0.211363 secs using 1400% CPU
Iteration 680 / LogL: -2676.706 / Time: 0h:2m:49s (0h:0m:14s left)
Optimizing NNI: done in 0.210999 secs using 1393% CPU
Optimizing NNI: done in 0.133701 secs using 1397% CPU
Optimizing NNI: done in 0.116836 secs using 1395% CPU
Optimizing NNI: done in 0.267809 secs using 1392% CPU
Optimizing NNI: done in 0.289501 secs using 1392% CPU
Optimizing NNI: done in 0.140611 secs using 1401% CPU
Optimizing NNI: done in 0.212259 secs using 1393% CPU
Optimizing NNI: done in 0.149867 secs using 1399% CPU
Optimizing NNI: done in 0.310688 secs using 1395% CPU
Optimizing NNI: done in 0.34381 secs using 1392% CPU
Iteration 690 / LogL: -2676.707 / Time: 0h:2m:51s (0h:0m:11s left)
Optimizing NNI: done in 0.203119 secs using 1391% CPU
Optimizing NNI: done in 0.321698 secs using 1394% CPU
Optimizing NNI: done in 0.135974 secs using 1394% CPU
Optimizing NNI: done in 0.134605 secs using 1388% CPU
Optimizing NNI: done in 0.138575 secs using 1400% CPU
Optimizing NNI: done in 0.154392 secs using 1396% CPU
Optimizing NNI: done in 0.217044 secs using 1397% CPU
Optimizing NNI: done in 0.299173 secs using 1401% CPU
Optimizing NNI: done in 0.26307 secs using 1395% CPU
Optimizing NNI: done in 0.426689 secs using 1393% CPU
Iteration 700 / LogL: -2676.707 / Time: 0h:2m:53s (0h:0m:9s left)
Log-likelihood cutoff on original alignment: -2697.577
NOTE: Bootstrap correlation coefficient of split occurrence frequencies: 0.987
NOTE: UFBoot does not converge, continue at least 100 more iterations
Optimizing NNI: done in 0.172266 secs using 1398% CPU
Optimizing NNI: done in 0.244247 secs using 1397% CPU
Optimizing NNI: done in 0.160883 secs using 1394% CPU
Optimizing NNI: done in 0.247504 secs using 1390% CPU
Optimizing NNI: done in 0.201063 secs using 1397% CPU
Optimizing NNI: done in 0.293923 secs using 1396% CPU
Optimizing NNI: done in 0.271535 secs using 1397% CPU
Optimizing NNI: done in 0.450617 secs using 1396% CPU
Optimizing NNI: done in 0.268383 secs using 1390% CPU
BETTER TREE FOUND at iteration 709: -2676.706
Optimizing NNI: done in 0.153457 secs using 1398% CPU
Iteration 710 / LogL: -2680.699 / Time: 0h:2m:56s (0h:0m:24s left)
Optimizing NNI: done in 0.294147 secs using 1395% CPU
Optimizing NNI: done in 0.218079 secs using 1397% CPU
Optimizing NNI: done in 0.220803 secs using 1393% CPU
Optimizing NNI: done in 0.247117 secs using 1400% CPU
Optimizing NNI: done in 0.259878 secs using 1392% CPU
Optimizing NNI: done in 0.24552 secs using 1390% CPU
Optimizing NNI: done in 0.1673 secs using 1390% CPU
Optimizing NNI: done in 0.390799 secs using 1393% CPU
Optimizing NNI: done in 0.243701 secs using 1397% CPU
Optimizing NNI: done in 0.233935 secs using 1396% CPU
Iteration 720 / LogL: -2676.706 / Time: 0h:2m:59s (0h:0m:22s left)
Optimizing NNI: done in 0.195786 secs using 1398% CPU
Optimizing NNI: done in 0.259443 secs using 1398% CPU
Optimizing NNI: done in 0.19596 secs using 1397% CPU
Optimizing NNI: done in 0.145936 secs using 1398% CPU
Optimizing NNI: done in 0.135083 secs using 1400% CPU
Optimizing NNI: done in 0.154756 secs using 1385% CPU
Optimizing NNI: done in 0.333984 secs using 1393% CPU
Optimizing NNI: done in 0.248971 secs using 1393% CPU
Optimizing NNI: done in 0.143061 secs using 1392% CPU
Optimizing NNI: done in 0.237557 secs using 1392% CPU
Iteration 730 / LogL: -2676.707 / Time: 0h:3m:1s (0h:0m:19s left)
Optimizing NNI: done in 0.205892 secs using 1391% CPU
Optimizing NNI: done in 0.20948 secs using 1395% CPU
Optimizing NNI: done in 0.320533 secs using 1397% CPU
Optimizing NNI: done in 0.158207 secs using 1392% CPU
Optimizing NNI: done in 0.253398 secs using 1395% CPU
Optimizing NNI: done in 0.477722 secs using 1393% CPU
Optimizing NNI: done in 0.140605 secs using 1387% CPU
Optimizing NNI: done in 0.203206 secs using 1402% CPU
Optimizing NNI: done in 0.145018 secs using 1393% CPU
Optimizing NNI: done in 0.250574 secs using 1393% CPU
Iteration 740 / LogL: -2680.699 / Time: 0h:3m:4s (0h:0m:17s left)
Optimizing NNI: done in 0.196875 secs using 1398% CPU
Optimizing NNI: done in 0.19169 secs using 1396% CPU
Optimizing NNI: done in 0.160318 secs using 1399% CPU
Optimizing NNI: done in 0.15912 secs using 1400% CPU
Optimizing NNI: done in 0.421289 secs using 1395% CPU
Optimizing NNI: done in 0.324291 secs using 1389% CPU
Optimizing NNI: done in 0.15076 secs using 1399% CPU
Optimizing NNI: done in 0.166093 secs using 1391% CPU
Optimizing NNI: done in 0.369857 secs using 1395% CPU
Optimizing NNI: done in 0.285669 secs using 1395% CPU
Iteration 750 / LogL: -2676.706 / Time: 0h:3m:6s (0h:0m:14s left)
Log-likelihood cutoff on original alignment: -2697.742
Optimizing NNI: done in 0.23206 secs using 1387% CPU
Optimizing NNI: done in 0.480544 secs using 1394% CPU
Optimizing NNI: done in 0.16807 secs using 1394% CPU
Optimizing NNI: done in 0.315804 secs using 1395% CPU
Optimizing NNI: done in 0.256704 secs using 1391% CPU
Optimizing NNI: done in 0.485142 secs using 1392% CPU
Optimizing NNI: done in 0.425926 secs using 1394% CPU
Optimizing NNI: done in 0.276064 secs using 1395% CPU
Optimizing NNI: done in 0.248436 secs using 1395% CPU
Optimizing NNI: done in 0.244061 secs using 1392% CPU
Iteration 760 / LogL: -2676.708 / Time: 0h:3m:10s (0h:0m:12s left)
Optimizing NNI: done in 0.304089 secs using 1395% CPU
Optimizing NNI: done in 0.278373 secs using 1395% CPU
Optimizing NNI: done in 0.260777 secs using 1392% CPU
Optimizing NNI: done in 0.270516 secs using 1387% CPU
Optimizing NNI: done in 0.148726 secs using 1394% CPU
Optimizing NNI: done in 0.0757755 secs using 1404% CPU
Optimizing NNI: done in 0.215539 secs using 1392% CPU
Optimizing NNI: done in 0.112991 secs using 1394% CPU
Optimizing NNI: done in 0.226064 secs using 1396% CPU
Optimizing NNI: done in 0.207935 secs using 1397% CPU
BETTER TREE FOUND at iteration 770: -2676.705
Iteration 770 / LogL: -2676.705 / Time: 0h:3m:12s (0h:0m:25s left)
Optimizing NNI: done in 0.14269 secs using 1391% CPU
Optimizing NNI: done in 0.146497 secs using 1399% CPU
Optimizing NNI: done in 0.277339 secs using 1392% CPU
Optimizing NNI: done in 0.253528 secs using 1393% CPU
Optimizing NNI: done in 0.286591 secs using 1396% CPU
BETTER TREE FOUND at iteration 775: -2676.705
Optimizing NNI: done in 0.198881 secs using 1395% CPU
Optimizing NNI: done in 0.431509 secs using 1394% CPU
Optimizing NNI: done in 0.299844 secs using 1393% CPU
Optimizing NNI: done in 0.140235 secs using 1390% CPU
Optimizing NNI: done in 0.234731 secs using 1399% CPU
Iteration 780 / LogL: -2676.708 / Time: 0h:3m:15s (0h:0m:23s left)
Optimizing NNI: done in 0.156601 secs using 1397% CPU
Optimizing NNI: done in 0.22856 secs using 1398% CPU
Optimizing NNI: done in 0.305388 secs using 1392% CPU
Optimizing NNI: done in 0.342681 secs using 1391% CPU
Optimizing NNI: done in 0.156792 secs using 1384% CPU
Optimizing NNI: done in 0.289072 secs using 1391% CPU
Optimizing NNI: done in 0.305056 secs using 1397% CPU
Optimizing NNI: done in 0.222184 secs using 1372% CPU
Optimizing NNI: done in 0.133923 secs using 1392% CPU
Optimizing NNI: done in 0.437396 secs using 1395% CPU
Iteration 790 / LogL: -2676.709 / Time: 0h:3m:17s (0h:0m:21s left)
Optimizing NNI: done in 0.211423 secs using 1398% CPU
Optimizing NNI: done in 0.232977 secs using 1394% CPU
Optimizing NNI: done in 0.33572 secs using 1390% CPU
Optimizing NNI: done in 0.138433 secs using 1385% CPU
Optimizing NNI: done in 0.200241 secs using 1393% CPU
Optimizing NNI: done in 0.19922 secs using 1396% CPU
Optimizing NNI: done in 0.128069 secs using 1392% CPU
Optimizing NNI: done in 0.133422 secs using 1400% CPU
Optimizing NNI: done in 0.204709 secs using 1402% CPU
Optimizing NNI: done in 0.201534 secs using 1390% CPU
Iteration 800 / LogL: -2684.133 / Time: 0h:3m:20s (0h:0m:18s left)
Log-likelihood cutoff on original alignment: -2698.236
NOTE: Bootstrap correlation coefficient of split occurrence frequencies: 0.967
NOTE: UFBoot does not converge, continue at least 100 more iterations
Optimizing NNI: done in 0.276316 secs using 1393% CPU
Optimizing NNI: done in 0.224528 secs using 1389% CPU
Optimizing NNI: done in 0.291671 secs using 1395% CPU
Optimizing NNI: done in 0.299825 secs using 1396% CPU
Optimizing NNI: done in 0.370075 secs using 1397% CPU
Optimizing NNI: done in 0.227363 secs using 1392% CPU
Optimizing NNI: done in 0.347403 secs using 1393% CPU
Optimizing NNI: done in 0.215122 secs using 1395% CPU
Optimizing NNI: done in 0.185145 secs using 1397% CPU
Optimizing NNI: done in 0.219361 secs using 1393% CPU
Iteration 810 / LogL: -2678.528 / Time: 0h:3m:23s (0h:0m:22s left)
Optimizing NNI: done in 0.447024 secs using 1392% CPU
Optimizing NNI: done in 0.510862 secs using 1394% CPU
Optimizing NNI: done in 0.370672 secs using 1393% CPU
Optimizing NNI: done in 0.359876 secs using 1394% CPU
Optimizing NNI: done in 0.236024 secs using 1395% CPU
Optimizing NNI: done in 0.235375 secs using 1392% CPU
Optimizing NNI: done in 0.366518 secs using 1391% CPU
Optimizing NNI: done in 0.143248 secs using 1394% CPU
Optimizing NNI: done in 0.473393 secs using 1392% CPU
Optimizing NNI: done in 0.229027 secs using 1395% CPU
Iteration 820 / LogL: -2676.705 / Time: 0h:3m:26s (0h:0m:20s left)
Optimizing NNI: done in 0.236448 secs using 1390% CPU
Optimizing NNI: done in 0.29639 secs using 1391% CPU
Optimizing NNI: done in 0.306172 secs using 1393% CPU
Optimizing NNI: done in 0.154888 secs using 1397% CPU
Optimizing NNI: done in 0.224289 secs using 1399% CPU
Optimizing NNI: done in 0.30782 secs using 1392% CPU
Optimizing NNI: done in 0.279797 secs using 1392% CPU
Optimizing NNI: done in 0.305647 secs using 1400% CPU
Optimizing NNI: done in 0.230119 secs using 1396% CPU
Optimizing NNI: done in 0.188014 secs using 1395% CPU
Iteration 830 / LogL: -2676.705 / Time: 0h:3m:29s (0h:0m:17s left)
Optimizing NNI: done in 0.301689 secs using 1391% CPU
Optimizing NNI: done in 0.30649 secs using 1396% CPU
Optimizing NNI: done in 0.216943 secs using 1396% CPU
Optimizing NNI: done in 0.215506 secs using 1401% CPU
Optimizing NNI: done in 0.119778 secs using 1395% CPU
Optimizing NNI: done in 0.357246 secs using 1394% CPU
Optimizing NNI: done in 0.382051 secs using 1392% CPU
Optimizing NNI: done in 0.286133 secs using 1393% CPU
Optimizing NNI: done in 0.273405 secs using 1394% CPU
Optimizing NNI: done in 0.292727 secs using 1393% CPU
Iteration 840 / LogL: -2676.708 / Time: 0h:3m:32s (0h:0m:15s left)
Optimizing NNI: done in 0.221977 secs using 1394% CPU
Optimizing NNI: done in 0.311836 secs using 1396% CPU
Optimizing NNI: done in 0.14977 secs using 1396% CPU
Optimizing NNI: done in 0.347922 secs using 1395% CPU
Optimizing NNI: done in 0.31584 secs using 1394% CPU
Optimizing NNI: done in 0.218147 secs using 1391% CPU
Optimizing NNI: done in 0.244513 secs using 1397% CPU
Optimizing NNI: done in 0.348037 secs using 1396% CPU
Optimizing NNI: done in 0.339355 secs using 1393% CPU
Optimizing NNI: done in 0.230721 secs using 1390% CPU
Iteration 850 / LogL: -2678.076 / Time: 0h:3m:35s (0h:0m:12s left)
Log-likelihood cutoff on original alignment: -2698.236
Optimizing NNI: done in 0.209681 secs using 1398% CPU
Optimizing NNI: done in 0.230358 secs using 1393% CPU
Optimizing NNI: done in 0.160568 secs using 1390% CPU
Optimizing NNI: done in 0.283489 secs using 1391% CPU
Optimizing NNI: done in 0.203792 secs using 1394% CPU
Optimizing NNI: done in 0.228457 secs using 1389% CPU
Optimizing NNI: done in 0.221759 secs using 1389% CPU
Optimizing NNI: done in 0.234131 secs using 1391% CPU
Optimizing NNI: done in 0.456091 secs using 1394% CPU
Optimizing NNI: done in 0.372043 secs using 1391% CPU
Iteration 860 / LogL: -2677.184 / Time: 0h:3m:38s (0h:0m:10s left)
Optimizing NNI: done in 0.23735 secs using 1394% CPU
Optimizing NNI: done in 0.157846 secs using 1387% CPU
Optimizing NNI: done in 0.232072 secs using 1393% CPU
Optimizing NNI: done in 0.162985 secs using 1392% CPU
Optimizing NNI: done in 0.29072 secs using 1394% CPU
Optimizing NNI: done in 0.213692 secs using 1390% CPU
Optimizing NNI: done in 0.192336 secs using 1393% CPU
Optimizing NNI: done in 0.222136 secs using 1390% CPU
Optimizing NNI: done in 0.351943 secs using 1392% CPU
Optimizing NNI: done in 0.135579 secs using 1386% CPU
BETTER TREE FOUND at iteration 870: -2676.705
Iteration 870 / LogL: -2676.705 / Time: 0h:3m:40s (0h:0m:25s left)
Optimizing NNI: done in 0.133367 secs using 1385% CPU
Optimizing NNI: done in 0.379454 secs using 1390% CPU
Optimizing NNI: done in 0.27241 secs using 1390% CPU
Optimizing NNI: done in 0.148115 secs using 1390% CPU
Optimizing NNI: done in 0.143625 secs using 1396% CPU
Optimizing NNI: done in 0.320391 secs using 1397% CPU
Optimizing NNI: done in 0.32154 secs using 1398% CPU
Optimizing NNI: done in 0.142371 secs using 1387% CPU
Optimizing NNI: done in 0.261568 secs using 1398% CPU
Optimizing NNI: done in 0.201117 secs using 1395% CPU
Iteration 880 / LogL: -2676.707 / Time: 0h:3m:43s (0h:0m:22s left)
Optimizing NNI: done in 0.299521 secs using 1392% CPU
Optimizing NNI: done in 0.165679 secs using 1389% CPU
Optimizing NNI: done in 0.152982 secs using 1397% CPU
Optimizing NNI: done in 0.16676 secs using 1394% CPU
Optimizing NNI: done in 0.333662 secs using 1391% CPU
Optimizing NNI: done in 0.147318 secs using 1396% CPU
Optimizing NNI: done in 0.216363 secs using 1400% CPU
Optimizing NNI: done in 0.153107 secs using 1393% CPU
Optimizing NNI: done in 0.467457 secs using 1391% CPU
Optimizing NNI: done in 0.205759 secs using 1391% CPU
Iteration 890 / LogL: -2680.700 / Time: 0h:3m:45s (0h:0m:20s left)
Optimizing NNI: done in 0.284445 secs using 1391% CPU
Optimizing NNI: done in 0.205319 secs using 1395% CPU
Optimizing NNI: done in 0.226639 secs using 1398% CPU
Optimizing NNI: done in 0.315377 secs using 1395% CPU
Optimizing NNI: done in 0.235219 secs using 1395% CPU
Optimizing NNI: done in 0.276705 secs using 1395% CPU
Optimizing NNI: done in 0.194224 secs using 1396% CPU
Optimizing NNI: done in 0.370206 secs using 1395% CPU
Optimizing NNI: done in 0.145416 secs using 1387% CPU
Optimizing NNI: done in 0.316232 secs using 1392% CPU
Iteration 900 / LogL: -2677.184 / Time: 0h:3m:48s (0h:0m:17s left)
Log-likelihood cutoff on original alignment: -2698.236
NOTE: Bootstrap correlation coefficient of split occurrence frequencies: 0.967
NOTE: UFBoot does not converge, continue at least 100 more iterations
Optimizing NNI: done in 0.265982 secs using 1395% CPU
Optimizing NNI: done in 0.220275 secs using 1392% CPU
Optimizing NNI: done in 0.234524 secs using 1393% CPU
Optimizing NNI: done in 0.215055 secs using 1390% CPU
Optimizing NNI: done in 0.301982 secs using 1393% CPU
Optimizing NNI: done in 0.251077 secs using 1395% CPU
Optimizing NNI: done in 0.39902 secs using 1394% CPU
Optimizing NNI: done in 0.243177 secs using 1393% CPU
Optimizing NNI: done in 0.205186 secs using 1394% CPU
Optimizing NNI: done in 0.284466 secs using 1397% CPU
Iteration 910 / LogL: -2676.709 / Time: 0h:3m:51s (0h:0m:22s left)
Optimizing NNI: done in 0.326031 secs using 1395% CPU
Optimizing NNI: done in 0.26735 secs using 1391% CPU
Optimizing NNI: done in 0.13771 secs using 1391% CPU
Optimizing NNI: done in 0.285293 secs using 1394% CPU
Optimizing NNI: done in 0.193606 secs using 1394% CPU
Optimizing NNI: done in 0.265514 secs using 1400% CPU
Optimizing NNI: done in 0.265602 secs using 1395% CPU
Optimizing NNI: done in 0.117373 secs using 1394% CPU
Optimizing NNI: done in 0.237835 secs using 1390% CPU
Optimizing NNI: done in 0.230545 secs using 1396% CPU
Iteration 920 / LogL: -2677.182 / Time: 0h:3m:54s (0h:0m:20s left)
Optimizing NNI: done in 0.302128 secs using 1395% CPU
Optimizing NNI: done in 0.196723 secs using 1396% CPU
Optimizing NNI: done in 0.219672 secs using 1390% CPU
Optimizing NNI: done in 0.281379 secs using 1395% CPU
Optimizing NNI: done in 0.137084 secs using 1392% CPU
Optimizing NNI: done in 0.252444 secs using 1394% CPU
Optimizing NNI: done in 0.210197 secs using 1390% CPU
Optimizing NNI: done in 0.200263 secs using 1395% CPU
Optimizing NNI: done in 0.218166 secs using 1397% CPU
Optimizing NNI: done in 0.326499 secs using 1397% CPU
Iteration 930 / LogL: -2676.706 / Time: 0h:3m:56s (0h:0m:17s left)
Optimizing NNI: done in 0.196569 secs using 1400% CPU
Optimizing NNI: done in 0.415999 secs using 1397% CPU
Optimizing NNI: done in 0.262404 secs using 1397% CPU
Optimizing NNI: done in 0.29916 secs using 1390% CPU
Optimizing NNI: done in 0.135068 secs using 1404% CPU
Optimizing NNI: done in 0.104166 secs using 1395% CPU
Optimizing NNI: done in 0.251631 secs using 1395% CPU
Optimizing NNI: done in 0.230062 secs using 1394% CPU
Optimizing NNI: done in 0.275593 secs using 1391% CPU
Optimizing NNI: done in 0.313775 secs using 1391% CPU
Iteration 940 / LogL: -2676.705 / Time: 0h:3m:59s (0h:0m:15s left)
Optimizing NNI: done in 0.166252 secs using 1389% CPU
Optimizing NNI: done in 0.231579 secs using 1387% CPU
Optimizing NNI: done in 0.307751 secs using 1397% CPU
Optimizing NNI: done in 0.224335 secs using 1390% CPU
Optimizing NNI: done in 0.329059 secs using 1394% CPU
Optimizing NNI: done in 0.271422 secs using 1396% CPU
Optimizing NNI: done in 0.199895 secs using 1395% CPU
Optimizing NNI: done in 0.201634 secs using 1401% CPU
Optimizing NNI: done in 0.186982 secs using 1394% CPU
Optimizing NNI: done in 0.264529 secs using 1393% CPU
Iteration 950 / LogL: -2681.175 / Time: 0h:4m:2s (0h:0m:12s left)
Log-likelihood cutoff on original alignment: -2698.236
Optimizing NNI: done in 0.224999 secs using 1388% CPU
Optimizing NNI: done in 0.262382 secs using 1391% CPU
Optimizing NNI: done in 0.209419 secs using 1398% CPU
Optimizing NNI: done in 0.454143 secs using 1395% CPU
Optimizing NNI: done in 0.411199 secs using 1392% CPU
Optimizing NNI: done in 0.130669 secs using 1398% CPU
Optimizing NNI: done in 0.145538 secs using 1397% CPU
Optimizing NNI: done in 0.161911 secs using 1394% CPU
Optimizing NNI: done in 0.238735 secs using 1396% CPU
Optimizing NNI: done in 0.165636 secs using 1393% CPU
Iteration 960 / LogL: -2684.489 / Time: 0h:4m:4s (0h:0m:10s left)
Optimizing NNI: done in 0.345507 secs using 1396% CPU
Optimizing NNI: done in 0.320981 secs using 1396% CPU
Optimizing NNI: done in 0.24334 secs using 1396% CPU
Optimizing NNI: done in 0.316668 secs using 1394% CPU
Optimizing NNI: done in 0.418941 secs using 1394% CPU
Optimizing NNI: done in 0.472081 secs using 1396% CPU
Optimizing NNI: done in 0.23665 secs using 1394% CPU
Optimizing NNI: done in 0.408646 secs using 1394% CPU
Optimizing NNI: done in 0.253846 secs using 1389% CPU
Optimizing NNI: done in 0.173222 secs using 1393% CPU
Iteration 970 / LogL: -2676.706 / Time: 0h:4m:8s (0h:0m:7s left)
Optimizing NNI: done in 0.127787 secs using 1395% CPU
Optimizing NNI: done in 0.112541 secs using 1402% CPU
Optimizing NNI: done in 0.34057 secs using 1395% CPU
Optimizing NNI: done in 0.212999 secs using 1392% CPU
Optimizing NNI: done in 0.274434 secs using 1387% CPU
Optimizing NNI: done in 0.319929 secs using 1393% CPU
Optimizing NNI: done in 0.253458 secs using 1394% CPU
Optimizing NNI: done in 0.176212 secs using 1392% CPU
Optimizing NNI: done in 0.255459 secs using 1395% CPU
Optimizing NNI: done in 0.426035 secs using 1390% CPU
Iteration 980 / LogL: -2676.708 / Time: 0h:4m:11s (0h:0m:5s left)
Optimizing NNI: done in 0.249956 secs using 1394% CPU
Optimizing NNI: done in 0.262867 secs using 1390% CPU
Optimizing NNI: done in 0.268295 secs using 1390% CPU
Optimizing NNI: done in 0.17454 secs using 1394% CPU
BETTER TREE FOUND at iteration 984: -2676.705
Optimizing NNI: done in 0.260386 secs using 1391% CPU
Optimizing NNI: done in 0.318523 secs using 1396% CPU
Optimizing NNI: done in 0.405102 secs using 1392% CPU
Optimizing NNI: done in 0.347922 secs using 1395% CPU
Optimizing NNI: done in 0.409982 secs using 1394% CPU
Optimizing NNI: done in 0.266022 secs using 1392% CPU
Iteration 990 / LogL: -2679.327 / Time: 0h:4m:14s (0h:0m:24s left)
Optimizing NNI: done in 0.258877 secs using 1393% CPU
Optimizing NNI: done in 0.169357 secs using 1393% CPU
Optimizing NNI: done in 0.171496 secs using 1388% CPU
Optimizing NNI: done in 0.217425 secs using 1392% CPU
Optimizing NNI: done in 0.199107 secs using 1394% CPU
Optimizing NNI: done in 0.337142 secs using 1399% CPU
Optimizing NNI: done in 0.415146 secs using 1395% CPU
Optimizing NNI: done in 0.276157 secs using 1395% CPU
Optimizing NNI: done in 0.180237 secs using 1398% CPU
Optimizing NNI: done in 0.209547 secs using 1399% CPU
Iteration 1000 / LogL: -2676.706 / Time: 0h:4m:17s (0h:0m:21s left)
Log-likelihood cutoff on original alignment: -2698.236
NOTE: Bootstrap correlation coefficient of split occurrence frequencies: 0.966
NOTE: UFBoot does not converge, continue at least 100 more iterations
Optimizing NNI: done in 0.280959 secs using 1397% CPU
WARNING: bootstrap analysis did not converge. You should rerun with higher number of iterations (-nm option)
TREE SEARCH COMPLETED AFTER 1001 ITERATIONS / Time: 0h:4m:17s

--------------------------------------------------------------------
|                    FINALIZING TREE SEARCH                        |
--------------------------------------------------------------------
Performs final model parameters optimization
Estimate model parameters (epsilon = 0.010)
1. Initial log-likelihood: -2676.705
Optimal log-likelihood: -2676.705
Gamma shape alpha: 0.240
Parameters optimization took 1 rounds (0.030 sec)
BEST SCORE FOUND : -2676.705
Creating bootstrap support values...
Split supports printed to NEXUS file results/per_year_clustered/H1N1/trees/H1N1_2017.splits.nex
Total tree length: 0.233

Total number of iterations: 1001
CPU time used for tree search: 3481.614 sec (0h:58m:1s)
Wall-clock time used for tree search: 257.362 sec (0h:4m:17s)
Total CPU time used: 3484.078 sec (0h:58m:4s)
Total wall-clock time used: 257.623 sec (0h:4m:17s)

Computing bootstrap consensus tree...
Reading input file results/per_year_clustered/H1N1/trees/H1N1_2017.splits.nex...
30 taxa and 916 splits.
Consensus tree written to results/per_year_clustered/H1N1/trees/H1N1_2017.contree
Reading input trees file results/per_year_clustered/H1N1/trees/H1N1_2017.contree
Log-likelihood of consensus tree: -2676.714

Analysis results written to: 
  IQ-TREE report:                results/per_year_clustered/H1N1/trees/H1N1_2017.iqtree
  Maximum-likelihood tree:       results/per_year_clustered/H1N1/trees/H1N1_2017.treefile
  Likelihood distances:          results/per_year_clustered/H1N1/trees/H1N1_2017.mldist

Ultrafast bootstrap approximation results written to:
  Split support values:          results/per_year_clustered/H1N1/trees/H1N1_2017.splits.nex
  Consensus tree:                results/per_year_clustered/H1N1/trees/H1N1_2017.contree
  Screen log file:               results/per_year_clustered/H1N1/trees/H1N1_2017.log

Date and Time: Thu Nov 20 16:59:48 2025
