IQ-TREE version 3.0.1 for Linux x86 64-bit built Jul  9 2025
Developed by Bui Quang Minh, Thomas Wong, Nhan Ly-Trong, Huaiyan Ren
Contributed by Lam-Tung Nguyen, Dominik Schrempf, Chris Bielow,
Olga Chernomor, Michael Woodhams, Diep Thi Hoang, Heiko Schmidt

Host:    rtis-hpc-r09.uod.otago.ac.nz (AVX2, FMA3, 1006 GB RAM)
Command: iqtree -s results/per_year_clustered/H1N1/alignments/H1N1_2025_with_designs.fasta -m LG+G4 -bb 1000 -nt 8 -pre results/per_year_clustered/H1N1/trees/H1N1_2025_with_designs -redo -quiet
Seed:    45496 (Using SPRNG - Scalable Parallel Random Number Generator)
Time:    Sat Nov 22 11:09:20 2025
Kernel:  AVX+FMA - 8 threads (8 CPU cores detected)

Reading alignment file results/per_year_clustered/H1N1/alignments/H1N1_2025_with_designs.fasta ... Fasta format detected
Reading fasta file: done in 0.000484227 secs
Alignment most likely contains protein sequences
Constructing alignment: done in 0.000354423 secs
Alignment has 56 sequences with 567 columns, 157 distinct patterns
40 parsimony-informative, 93 singleton sites, 434 constant sites
                                                                                          Gap/Ambiguity  Composition  p-value
Analyzing sequences: done in 1.02289e-05 secs using 9.776% CPU
   1  EPI4466040|HA|A/Bangkok/P1226/2025|EPI_ISL_20054439|A_/_H1N1                                0.18%    passed    100.00%
   2  EPI4569164|HA|A/Singapore/TT0288/2025|EPI_ISL_20087251|A_/_H1N1                             0.18%    passed    100.00%
   3  EPI4569149|HA|A/Singapore/EN0019/2025|EPI_ISL_20087249|A_/_H1N1                             0.18%    passed    100.00%
   4  EPI4569235|HA|A/Singapore/KK0385/2025|EPI_ISL_20087260|A_/_H1N1                             0.18%    passed    100.00%
   5  EPI4569014|HA|A/Singapore/GP1040/2025|EPI_ISL_20087232|A_/_H1N1                             0.18%    passed    100.00%
   6  EPI4466834|HA|A/Philippines/SARI25-0988/2025|EPI_ISL_20054796|A_/_H1N1                      0.18%    passed    100.00%
   7  EPI4570542|HA|A/Laos/00819-3151/2025|EPI_ISL_20087504|A_/_H1N1                              0.00%    passed    100.00%
   8  EPI4409343|HA|A/Malaysia/MKAI_CL29911/2025|EPI_ISL_19893420|A_/_H1N1                        0.18%    passed    100.00%
   9  EPI4585242|HA|A/Vietnam/5123/2025|EPI_ISL_20092435|A_/_H1N1                                 0.18%    passed    100.00%
  10  EPI4585319|HA|A/Philippines/ILI25-0566/2025|EPI_ISL_20092445|A_/_H1N1                       0.18%    passed    100.00%
  11  EPI4327500|HA|A/IBARAKI/9/2025|EPI_ISL_19864098|A_/_H1N1                                    0.18%    passed    100.00%
  12  EPI4668311|HA|A/Tak/1054/2025|EPI_ISL_20159167|A_/_H1N1                                     0.18%    passed    100.00%
  13  EPI4335825|HA|A/YAMAGATA/72/2025|EPI_ISL_19867627|A_/_H1N1                                  0.18%    passed    100.00%
  14  EPI4592117|HA|A/YOKOHAMA/50/2025|EPI_ISL_20097259|A_/_H1N1                                  0.18%    passed    100.00%
  15  EPI4596675|HA|A/Singapore/KK0285/2025|EPI_ISL_20099737|A_/_H1N1                             0.18%    passed    100.00%
  16  EPI4439938|HA|A/TOKYO/EIS11-811/2025|EPI_ISL_19907006|A_/_H1N1                              0.18%    passed    100.00%
  17  EPI4624337|HA|A/Taiwan/S26887/2025|EPI_ISL_20136655|A_/_H1N1                                0.18%    passed    100.00%
  18  EPI4442386|HA|A/Lebanon/AU-9152/2025|EPI_ISL_19908717|A_/_H1N1                              0.18%    passed    100.00%
  19  EPI4103389|HA|A/KANAGAWA/AC2408/2025|EPI_ISL_19778353|A_/_H1N1                              0.18%    passed    100.00%
  20  EPI4444085|HA|A/Lebanon/AU-8907/2025|EPI_ISL_19909660|A_/_H1N1                              2.47%    passed    100.00%
  21  EPI4111374|HA|A/Vietnam/PF124503/2025|EPI_ISL_19780795|A_/_H1N1                             0.18%    passed    100.00%
  22  EPI4111432|HA|A/Vietnam/PF324366/2025|EPI_ISL_19780804|A_/_H1N1                             0.18%    passed    100.00%
  23  EPI4634392|HA|A/Taiwan/S26883/2025|EPI_ISL_20142084|A_/_H1N1                                0.18%    passed    100.00%
  24  EPI4025735|HA|A/Chiang_Rai/F561/2025|EPI_ISL_19753506|A_/_H1N1                              0.18%    passed    100.00%
  25  EPI4235418|HA|A/Seoul/649/2025|EPI_ISL_19822408|A_/_H1N1                                    0.18%    passed    100.00%
  26  EPI4467988|HA|A/Galicia/44224586/2025|EPI_ISL_20055313|A_/_H1N1                             0.18%    passed    100.00%
  27  EPI4408183|HA|A/Madrid/HULP-200724254/2025|EPI_ISL_19893100|A_/_H1N1                        0.18%    passed    100.00%
  28  EPI4408167|HA|A/Madrid/HULP-200683958/2025|EPI_ISL_19893098|A_/_H1N1                        0.18%    passed    100.00%
  29  EPI4318575|HA|A/Galicia/GA-CHUAC-376/2025|EPI_ISL_19861830|A_/_H1N1                         0.18%    passed    100.00%
  30  EPI4161523|HA|A/Aragon/598/2025|EPI_ISL_19796571|A_/_H1N1                                   0.18%    passed    100.00%
  31  EPI4322518|HA|A/Galicia/52502966/2025|EPI_ISL_19863007|A_/_H1N1                             0.18%    passed    100.00%
  32  EPI4414758|HA|A/Spain/VC-HADV-002442/2025|EPI_ISL_19897333|A_/_H1N1                         0.18%    passed    100.00%
  33  EPI4064473|HA|A/Avila/1833/2025|EPI_ISL_19767618|A_/_H1N1                                   0.18%    passed    100.00%
  34  EPI4589108|HA|A/Alicante/VAHNSI-GIHSN-16_0431/2025|EPI_ISL_20095985|A_/_H1N1                0.18%    passed    100.00%
  35  EPI4073754|HA|A/Galicia/SCQ/132102/2025|EPI_ISL_19770700|A_/_H1N1                           0.18%    passed    100.00%
  36  EPI4265256|HA|A/ComunidadValenciana/990/2025|EPI_ISL_19836366|A_/_H1N1                      0.18%    passed    100.00%
  37  EPI3883721|HA|A/Catalonia/NSBE252734763/2025|EPI_ISL_19705001|A_/_H1N1                      0.18%    passed    100.00%
  38  EPI4192158|HA|A/Andalucia/PMC-00768/2025|EPI_ISL_19806287|A_/_H1N1                          0.00%    passed    100.00%
  39  EPI4503965|HA|A/Slovakia/uvzsr-40431/2025|EPI_ISL_20069003|A_/_H1N1                         0.18%    passed    100.00%
  40  EPI4113781|HA|A/Sweden/SE25-50565/2025|EPI_ISL_19782067|A_/_H1N1                            0.18%    passed    100.00%
  41  EPI4116576|HA|A/Cwmifor/4078/2025|EPI_ISL_19784917|A_/_H1N1                                 0.18%    passed    100.00%
  42  EPI4514388|HA|A/Victoria/42/2025|EPI_ISL_20070576|A_/_H1N1                                  0.18%    passed    100.00%
  43  EPI4514610|HA|A/Victoria/628/2025|EPI_ISL_20070633|A_/_H1N1                                 0.18%    passed    100.00%
  44  EPI4466278|HA|A/Queensland/IN001565/2025|EPI_ISL_20054702|A_/_H1N1                          0.18%    passed    100.00%
  45  EPI4277588|HA|A/Canberra/153/2025|EPI_ISL_19843969|A_/_H1N1                                 0.18%    passed    100.00%
  46  EPI4644732|HA|A/Tasmania/723/2025|EPI_ISL_20149200|A_/_H1N1                                 0.18%    passed    100.00%
  47  EPI4308767|HA|A/Tasmania/133/2025|EPI_ISL_19856557|A_/_H1N1                                 0.18%    passed    100.00%
  48  EPI3950584|HA|A/Michigan/02/2025|EPI_ISL_19726690|A_/_H1N1                                  0.18%    passed    100.00%
  49  EPI4650987|HA|A/Michigan/MIS-L386411975/2025|EPI_ISL_20153313|A_/_H1N1                      0.18%    passed    100.00%
  50  EPI4264577|HA|A/Illinois/15768/2025|EPI_ISL_19834964|A_/_H1N1                               0.18%    passed    100.00%
  51  EPI4011328|HA|A/Florida/ISC-1095/2025|EPI_ISL_19746130|A_/_H1N1                             0.18%    passed    100.00%
  52  EPI3940039|HA|A/Massachusetts/ISC-1012/2025|EPI_ISL_19724294|A_/_H1N1                       0.18%    passed    100.00%
  53  H1N1_2025_Consensus_Aligned                                                                 0.00%    passed    100.00%
  54  H1N1_2025_Medoid_Aligned|EPI4569164|HA|A/Singapore/TT0288/2025|EPI_ISL_20087251|A_/_H1N1    0.18%    passed    100.00%
  55  H1N1_2025_Ancestral_Aligned_Node30                                                          0.00%    passed    100.00%
  56  H1N1_2025_COBRA_Aligned                                                                     0.00%    passed    100.00%
****  TOTAL                                                                                       0.20%  0 sequences failed composition chi2 test (p-value<5%; df=19)
NOTE: H1N1_2025_Medoid_Aligned|EPI4569164|HA|A/Singapore/TT0288/2025|EPI_ISL_20087251|A_/_H1N1 is identical to EPI4569164|HA|A/Singapore/TT0288/2025|EPI_ISL_20087251|A_/_H1N1 but kept for subsequent analysis
NOTE: H1N1_2025_COBRA_Aligned is identical to EPI4570542|HA|A/Laos/00819-3151/2025|EPI_ISL_20087504|A_/_H1N1 but kept for subsequent analysis
Checking for duplicate sequences: done in 7.25561e-05 secs using 8.269% CPU
Creating fast initial parsimony tree by random order stepwise addition...
0.024 seconds, parsimony score: 202 (based on 133 sites)
Generating 1000 samples for ultrafast bootstrap (seed: 45496)...

NOTE: 6 MB RAM (0 GB) is required!
WARNING: Number of threads seems too high for short alignments. Use -T AUTO to determine best number of threads.
Estimate model parameters (epsilon = 0.100)
1. Initial log-likelihood: -3253.468
2. Current log-likelihood: -3248.803
Optimal log-likelihood: -3248.800
Gamma shape alpha: 0.436
Parameters optimization took 2 rounds (0.054 sec)
Wrote distance file to... 
Computing ML distances based on estimated model parameters...
Calculating distance matrix: done in 0.0368091 secs using 799.2% CPU
Computing ML distances took 0.036884 sec (of wall-clock time) 0.294267 sec (of CPU time)
Setting up auxiliary I and S matrices: done in 0.00044864 secs using 264.6% CPU
Constructing RapidNJ tree: done in 0.0326394 secs using 29.29% CPU
Computing RapidNJ tree took 0.033144 sec (of wall-clock time) 0.010799 sec (of CPU time)
Log-likelihood of RapidNJ tree: -3251.389
--------------------------------------------------------------------
|             INITIALIZING CANDIDATE TREE SET                      |
--------------------------------------------------------------------
Generating 98 parsimony trees... 0.095 second
Computing log-likelihood of 98 initial trees ... 0.729 seconds
Current best score: -3247.225

Do NNI search on 20 best initial trees
Optimizing NNI: done in 0.132558 secs using 789.1% CPU
Estimate model parameters (epsilon = 0.100)
BETTER TREE FOUND at iteration 1: -3244.299
Optimizing NNI: done in 0.125524 secs using 797.8% CPU
Optimizing NNI: done in 0.0880463 secs using 789.2% CPU
Optimizing NNI: done in 0.167892 secs using 793.8% CPU
Optimizing NNI: done in 0.231935 secs using 792% CPU
Estimate model parameters (epsilon = 0.100)
BETTER TREE FOUND at iteration 5: -3242.573
Optimizing NNI: done in 0.123394 secs using 789.7% CPU
Optimizing NNI: done in 0.157761 secs using 790.8% CPU
Optimizing NNI: done in 0.168648 secs using 794.2% CPU
Estimate model parameters (epsilon = 0.100)
BETTER TREE FOUND at iteration 8: -3242.439
Optimizing NNI: done in 0.08687 secs using 794.8% CPU
Optimizing NNI: done in 0.0454684 secs using 783.3% CPU
Iteration 10 / LogL: -3248.800 / Time: 0h:0m:2s
Optimizing NNI: done in 0.129877 secs using 793.6% CPU
Optimizing NNI: done in 0.168174 secs using 793.9% CPU
Optimizing NNI: done in 0.126787 secs using 794.9% CPU
Optimizing NNI: done in 0.198185 secs using 791.6% CPU
Optimizing NNI: done in 0.12289 secs using 792.7% CPU
Optimizing NNI: done in 0.0891981 secs using 794.3% CPU
Optimizing NNI: done in 0.110631 secs using 795.7% CPU
Optimizing NNI: done in 0.0872804 secs using 790.1% CPU
Optimizing NNI: done in 0.187721 secs using 792.8% CPU
Optimizing NNI: done in 0.0891779 secs using 798.8% CPU
Iteration 20 / LogL: -3252.375 / Time: 0h:0m:3s
Finish initializing candidate tree set (20)
Current best tree score: -3242.439 / CPU time: 3.557
Number of iterations: 20
--------------------------------------------------------------------
|               OPTIMIZING CANDIDATE TREE SET                      |
--------------------------------------------------------------------
Optimizing NNI: done in 0.175423 secs using 788.1% CPU
Optimizing NNI: done in 0.279942 secs using 793.6% CPU
Optimizing NNI: done in 0.178111 secs using 790.6% CPU
Optimizing NNI: done in 0.164215 secs using 791.4% CPU
Optimizing NNI: done in 0.141428 secs using 794% CPU
Optimizing NNI: done in 0.208773 secs using 793.7% CPU
Optimizing NNI: done in 0.177614 secs using 787.9% CPU
Optimizing NNI: done in 0.136439 secs using 795% CPU
Optimizing NNI: done in 0.182502 secs using 787.8% CPU
Optimizing NNI: done in 0.211275 secs using 789.7% CPU
Iteration 30 / LogL: -3242.796 / Time: 0h:0m:5s (0h:0m:15s left)
Optimizing NNI: done in 0.331701 secs using 789.6% CPU
Optimizing NNI: done in 0.268409 secs using 792% CPU
Optimizing NNI: done in 0.181311 secs using 791.3% CPU
Optimizing NNI: done in 0.206843 secs using 791.4% CPU
Optimizing NNI: done in 0.261245 secs using 793% CPU
Optimizing NNI: done in 0.236351 secs using 792% CPU
Optimizing NNI: done in 0.13526 secs using 796.8% CPU
Optimizing NNI: done in 0.135785 secs using 786.5% CPU
Optimizing NNI: done in 0.200238 secs using 796% CPU
Optimizing NNI: done in 0.133657 secs using 789.8% CPU
Iteration 40 / LogL: -3242.446 / Time: 0h:0m:7s (0h:0m:13s left)
Optimizing NNI: done in 0.21717 secs using 796.3% CPU
Optimizing NNI: done in 0.127646 secs using 789.6% CPU
Optimizing NNI: done in 0.224448 secs using 790.8% CPU
Optimizing NNI: done in 0.173426 secs using 791.2% CPU
Optimizing NNI: done in 0.255048 secs using 791.9% CPU
Optimizing NNI: done in 0.209278 secs using 792% CPU
Optimizing NNI: done in 0.170048 secs using 790.9% CPU
Optimizing NNI: done in 0.12992 secs using 793.1% CPU
Optimizing NNI: done in 0.210288 secs using 792.1% CPU
Optimizing NNI: done in 0.135174 secs using 793.1% CPU
Iteration 50 / LogL: -3243.486 / Time: 0h:0m:9s (0h:0m:11s left)
Log-likelihood cutoff on original alignment: -3276.186
Optimizing NNI: done in 0.165899 secs using 792.8% CPU
Optimizing NNI: done in 0.204285 secs using 792.9% CPU
Optimizing NNI: done in 0.217236 secs using 789.9% CPU
Optimizing NNI: done in 0.376003 secs using 793.5% CPU
Optimizing NNI: done in 0.255342 secs using 792.2% CPU
Optimizing NNI: done in 0.223403 secs using 789.4% CPU
Optimizing NNI: done in 0.250208 secs using 791.8% CPU
Optimizing NNI: done in 0.20753 secs using 792.8% CPU
Optimizing NNI: done in 0.178197 secs using 794.9% CPU
Optimizing NNI: done in 0.179198 secs using 783.6% CPU
Iteration 60 / LogL: -3245.963 / Time: 0h:0m:12s (0h:0m:9s left)
Optimizing NNI: done in 0.203829 secs using 790.5% CPU
Optimizing NNI: done in 0.210057 secs using 794.2% CPU
Optimizing NNI: done in 0.172224 secs using 790% CPU
Optimizing NNI: done in 0.178267 secs using 790.6% CPU
Optimizing NNI: done in 0.177824 secs using 790.3% CPU
Optimizing NNI: done in 0.218517 secs using 790.1% CPU
Optimizing NNI: done in 0.215303 secs using 793.2% CPU
Estimate model parameters (epsilon = 0.100)
BETTER TREE FOUND at iteration 67: -3242.387
Optimizing NNI: done in 0.170185 secs using 792.4% CPU
Optimizing NNI: done in 0.236884 secs using 794.6% CPU
Optimizing NNI: done in 0.21852 secs using 793.1% CPU
Iteration 70 / LogL: -3242.451 / Time: 0h:0m:14s (0h:0m:19s left)
Optimizing NNI: done in 0.182204 secs using 790% CPU
Optimizing NNI: done in 0.212948 secs using 794.2% CPU
Optimizing NNI: done in 0.180811 secs using 795.3% CPU
Optimizing NNI: done in 0.16995 secs using 795.8% CPU
Optimizing NNI: done in 0.161278 secs using 796.1% CPU
Optimizing NNI: done in 0.177943 secs using 792.5% CPU
Optimizing NNI: done in 0.170099 secs using 792.9% CPU
Optimizing NNI: done in 0.0863502 secs using 788.6% CPU
Optimizing NNI: done in 0.134445 secs using 797.4% CPU
Optimizing NNI: done in 0.175975 secs using 790.3% CPU
Iteration 80 / LogL: -3242.390 / Time: 0h:0m:15s (0h:0m:17s left)
Optimizing NNI: done in 0.177337 secs using 793.2% CPU
Optimizing NNI: done in 0.311105 secs using 793.1% CPU
Optimizing NNI: done in 0.141599 secs using 796% CPU
Optimizing NNI: done in 0.269929 secs using 793.7% CPU
Optimizing NNI: done in 0.167834 secs using 792.7% CPU
Optimizing NNI: done in 0.257323 secs using 789.2% CPU
Optimizing NNI: done in 0.231011 secs using 792.5% CPU
Optimizing NNI: done in 0.179363 secs using 791.2% CPU
Optimizing NNI: done in 0.182851 secs using 789.9% CPU
Optimizing NNI: done in 0.215886 secs using 792.9% CPU
Iteration 90 / LogL: -3242.388 / Time: 0h:0m:18s (0h:0m:15s left)
Optimizing NNI: done in 0.219181 secs using 793.1% CPU
Optimizing NNI: done in 0.232488 secs using 792.1% CPU
Optimizing NNI: done in 0.132757 secs using 795.5% CPU
Optimizing NNI: done in 0.202961 secs using 791.8% CPU
Optimizing NNI: done in 0.292786 secs using 789% CPU
Optimizing NNI: done in 0.258734 secs using 792% CPU
Optimizing NNI: done in 0.30948 secs using 794.4% CPU
Optimizing NNI: done in 0.220155 secs using 789.4% CPU
Optimizing NNI: done in 0.136099 secs using 795.9% CPU
Optimizing NNI: done in 0.186522 secs using 792.1% CPU
Iteration 100 / LogL: -3246.597 / Time: 0h:0m:20s (0h:0m:13s left)
Log-likelihood cutoff on original alignment: -3276.186
NOTE: Bootstrap correlation coefficient of split occurrence frequencies: 0.993
Optimizing NNI: done in 0.24302 secs using 792.7% CPU
Optimizing NNI: done in 0.220267 secs using 789.2% CPU
Optimizing NNI: done in 0.161195 secs using 788.4% CPU
Optimizing NNI: done in 0.128757 secs using 796.2% CPU
Optimizing NNI: done in 0.209298 secs using 795.9% CPU
Optimizing NNI: done in 0.196976 secs using 790.5% CPU
Optimizing NNI: done in 0.175257 secs using 792.7% CPU
Optimizing NNI: done in 0.134299 secs using 794.4% CPU
Optimizing NNI: done in 0.167033 secs using 793.5% CPU
Optimizing NNI: done in 0.225918 secs using 794.6% CPU
Iteration 110 / LogL: -3246.598 / Time: 0h:0m:22s (0h:0m:18s left)
Optimizing NNI: done in 0.268661 secs using 793% CPU
Optimizing NNI: done in 0.135359 secs using 788.3% CPU
Optimizing NNI: done in 0.184352 secs using 792.1% CPU
Optimizing NNI: done in 0.18091 secs using 794.7% CPU
Optimizing NNI: done in 0.271873 secs using 793.6% CPU
Optimizing NNI: done in 0.139299 secs using 794.4% CPU
Optimizing NNI: done in 0.2487 secs using 793.7% CPU
Optimizing NNI: done in 0.284043 secs using 794.7% CPU
Optimizing NNI: done in 0.227336 secs using 792.4% CPU
Optimizing NNI: done in 0.237058 secs using 791.1% CPU
Iteration 120 / LogL: -3242.391 / Time: 0h:0m:24s (0h:0m:16s left)
Optimizing NNI: done in 0.25482 secs using 794.4% CPU
Optimizing NNI: done in 0.132105 secs using 795.2% CPU
Optimizing NNI: done in 0.192145 secs using 794% CPU
Optimizing NNI: done in 0.212484 secs using 793.8% CPU
Optimizing NNI: done in 0.175038 secs using 793.9% CPU
Optimizing NNI: done in 0.129921 secs using 795.2% CPU
Optimizing NNI: done in 0.2332 secs using 795.9% CPU
Optimizing NNI: done in 0.208634 secs using 793% CPU
Optimizing NNI: done in 0.179609 secs using 789.8% CPU
Optimizing NNI: done in 0.254826 secs using 794% CPU
Iteration 130 / LogL: -3242.389 / Time: 0h:0m:26s (0h:0m:14s left)
Optimizing NNI: done in 0.254246 secs using 793.1% CPU
Optimizing NNI: done in 0.309716 secs using 789.6% CPU
Optimizing NNI: done in 0.0923789 secs using 788.3% CPU
Optimizing NNI: done in 0.209444 secs using 791.9% CPU
Optimizing NNI: done in 0.256844 secs using 791.1% CPU
Optimizing NNI: done in 0.231433 secs using 791.5% CPU
Optimizing NNI: done in 0.254419 secs using 791.7% CPU
Optimizing NNI: done in 0.189399 secs using 797.4% CPU
Optimizing NNI: done in 0.272228 secs using 792.5% CPU
Optimizing NNI: done in 0.288576 secs using 791.1% CPU
Iteration 140 / LogL: -3242.452 / Time: 0h:0m:29s (0h:0m:12s left)
Optimizing NNI: done in 0.134979 secs using 792.1% CPU
Optimizing NNI: done in 0.132698 secs using 795.3% CPU
Optimizing NNI: done in 0.134367 secs using 787.9% CPU
Optimizing NNI: done in 0.134173 secs using 798.9% CPU
Optimizing NNI: done in 0.181334 secs using 792.8% CPU
Optimizing NNI: done in 0.133796 secs using 785% CPU
Optimizing NNI: done in 0.171749 secs using 793.2% CPU
BETTER TREE FOUND at iteration 147: -3242.387
Optimizing NNI: done in 0.241835 secs using 794.4% CPU
Optimizing NNI: done in 0.236277 secs using 795.9% CPU
Optimizing NNI: done in 0.183318 secs using 789.4% CPU
Iteration 150 / LogL: -3242.450 / Time: 0h:0m:30s (0h:0m:20s left)
Log-likelihood cutoff on original alignment: -3276.186
Optimizing NNI: done in 0.223635 secs using 792.6% CPU
Optimizing NNI: done in 0.231118 secs using 792.7% CPU
Optimizing NNI: done in 0.182688 secs using 793.8% CPU
Optimizing NNI: done in 0.229339 secs using 788.8% CPU
Optimizing NNI: done in 0.270635 secs using 789.4% CPU
Optimizing NNI: done in 0.133003 secs using 791% CPU
Optimizing NNI: done in 0.135918 secs using 790.9% CPU
Optimizing NNI: done in 0.133953 secs using 793.5% CPU
Optimizing NNI: done in 0.178367 secs using 790.1% CPU
Optimizing NNI: done in 0.135291 secs using 789.6% CPU
Iteration 160 / LogL: -3247.706 / Time: 0h:0m:33s (0h:0m:18s left)
Optimizing NNI: done in 0.26158 secs using 795.8% CPU
Optimizing NNI: done in 0.224921 secs using 794.6% CPU
Optimizing NNI: done in 0.182224 secs using 793.7% CPU
Optimizing NNI: done in 0.135668 secs using 790.9% CPU
Optimizing NNI: done in 0.216868 secs using 789.7% CPU
Optimizing NNI: done in 0.255251 secs using 793.1% CPU
Optimizing NNI: done in 0.182748 secs using 793.9% CPU
Optimizing NNI: done in 0.14026 secs using 788.3% CPU
Optimizing NNI: done in 0.187691 secs using 791.1% CPU
Optimizing NNI: done in 0.171266 secs using 792.7% CPU
Iteration 170 / LogL: -3242.451 / Time: 0h:0m:35s (0h:0m:15s left)
Optimizing NNI: done in 0.201231 secs using 796.2% CPU
Optimizing NNI: done in 0.215771 secs using 794.6% CPU
Optimizing NNI: done in 0.133269 secs using 787.7% CPU
Optimizing NNI: done in 0.40838 secs using 791.5% CPU
Optimizing NNI: done in 0.19814 secs using 791.8% CPU
Optimizing NNI: done in 0.222066 secs using 793.3% CPU
Optimizing NNI: done in 0.223416 secs using 795.1% CPU
Optimizing NNI: done in 0.249106 secs using 791.1% CPU
Optimizing NNI: done in 0.350974 secs using 794% CPU
Optimizing NNI: done in 0.0857484 secs using 789.6% CPU
Iteration 180 / LogL: -3245.900 / Time: 0h:0m:37s (0h:0m:14s left)
Optimizing NNI: done in 0.225669 secs using 788.3% CPU
Optimizing NNI: done in 0.226909 secs using 790.5% CPU
Optimizing NNI: done in 0.2143 secs using 795.4% CPU
Optimizing NNI: done in 0.174377 secs using 792.9% CPU
Optimizing NNI: done in 0.27362 secs using 792.4% CPU
Optimizing NNI: done in 0.185668 secs using 788.5% CPU
Optimizing NNI: done in 0.311383 secs using 796% CPU
Optimizing NNI: done in 0.135339 secs using 794.2% CPU
Optimizing NNI: done in 0.185676 secs using 795% CPU
Optimizing NNI: done in 0.231394 secs using 790.5% CPU
Iteration 190 / LogL: -3244.002 / Time: 0h:0m:39s (0h:0m:11s left)
Optimizing NNI: done in 0.263999 secs using 792.9% CPU
Optimizing NNI: done in 0.254333 secs using 793.9% CPU
Optimizing NNI: done in 0.183874 secs using 792.5% CPU
Optimizing NNI: done in 0.218922 secs using 791.7% CPU
Optimizing NNI: done in 0.177959 secs using 794.2% CPU
Optimizing NNI: done in 0.182841 secs using 794.4% CPU
Optimizing NNI: done in 0.228416 secs using 791.7% CPU
Optimizing NNI: done in 0.216365 secs using 792.5% CPU
Optimizing NNI: done in 0.220058 secs using 791.7% CPU
Optimizing NNI: done in 0.291576 secs using 791.1% CPU
Iteration 200 / LogL: -3250.438 / Time: 0h:0m:42s (0h:0m:9s left)
Log-likelihood cutoff on original alignment: -3276.186
NOTE: Bootstrap correlation coefficient of split occurrence frequencies: 0.998
Optimizing NNI: done in 0.22942 secs using 795.4% CPU
Optimizing NNI: done in 0.231854 secs using 793.2% CPU
Optimizing NNI: done in 0.17342 secs using 791.6% CPU
Optimizing NNI: done in 0.179871 secs using 791.6% CPU
Optimizing NNI: done in 0.186414 secs using 792.4% CPU
Optimizing NNI: done in 0.229539 secs using 791.4% CPU
Optimizing NNI: done in 0.212825 secs using 792.9% CPU
Optimizing NNI: done in 0.172193 secs using 792.6% CPU
Optimizing NNI: done in 0.186861 secs using 795.2% CPU
Optimizing NNI: done in 0.278199 secs using 792.6% CPU
Iteration 210 / LogL: -3242.389 / Time: 0h:0m:44s (0h:0m:19s left)
Optimizing NNI: done in 0.16721 secs using 796.7% CPU
Optimizing NNI: done in 0.185126 secs using 792.1% CPU
Optimizing NNI: done in 0.20705 secs using 793% CPU
Optimizing NNI: done in 0.223916 secs using 793.1% CPU
Optimizing NNI: done in 0.18005 secs using 790.9% CPU
Optimizing NNI: done in 0.216502 secs using 794.9% CPU
Optimizing NNI: done in 0.27455 secs using 790.6% CPU
Optimizing NNI: done in 0.223131 secs using 792.4% CPU
Optimizing NNI: done in 0.0861167 secs using 794.1% CPU
Optimizing NNI: done in 0.219295 secs using 789.8% CPU
Iteration 220 / LogL: -3242.388 / Time: 0h:0m:46s (0h:0m:16s left)
Optimizing NNI: done in 0.225482 secs using 788.9% CPU
Optimizing NNI: done in 0.184609 secs using 790.7% CPU
Optimizing NNI: done in 0.213834 secs using 793.7% CPU
Optimizing NNI: done in 0.18304 secs using 794.7% CPU
Optimizing NNI: done in 0.20478 secs using 790.8% CPU
Optimizing NNI: done in 0.17263 secs using 794% CPU
Optimizing NNI: done in 0.279737 secs using 795% CPU
Optimizing NNI: done in 0.261653 secs using 794.4% CPU
Optimizing NNI: done in 0.129514 secs using 788.2% CPU
Optimizing NNI: done in 0.14036 secs using 793.9% CPU
Iteration 230 / LogL: -3248.608 / Time: 0h:0m:48s (0h:0m:14s left)
Optimizing NNI: done in 0.225099 secs using 795.2% CPU
Optimizing NNI: done in 0.20546 secs using 791.4% CPU
Optimizing NNI: done in 0.225922 secs using 793.9% CPU
Optimizing NNI: done in 0.261991 secs using 791% CPU
Optimizing NNI: done in 0.246604 secs using 793.5% CPU
Estimate model parameters (epsilon = 0.100)
BETTER TREE FOUND at iteration 235: -3241.493
Optimizing NNI: done in 0.138639 secs using 793.6% CPU
Optimizing NNI: done in 0.176836 secs using 793.2% CPU
Optimizing NNI: done in 0.180848 secs using 787.6% CPU
Optimizing NNI: done in 0.133061 secs using 789.6% CPU
Optimizing NNI: done in 0.0903492 secs using 800.1% CPU
Iteration 240 / LogL: -3246.345 / Time: 0h:0m:50s (0h:0m:20s left)
Optimizing NNI: done in 0.226309 secs using 794.8% CPU
Optimizing NNI: done in 0.271382 secs using 795.3% CPU
Optimizing NNI: done in 0.263012 secs using 790.8% CPU
Optimizing NNI: done in 0.289061 secs using 793.8% CPU
Optimizing NNI: done in 0.137709 secs using 789.5% CPU
Optimizing NNI: done in 0.299401 secs using 792.9% CPU
Optimizing NNI: done in 0.17989 secs using 792% CPU
Optimizing NNI: done in 0.202318 secs using 793.8% CPU
Optimizing NNI: done in 0.167943 secs using 794% CPU
Optimizing NNI: done in 0.178742 secs using 794.8% CPU
Iteration 250 / LogL: -3241.810 / Time: 0h:0m:53s (0h:0m:18s left)
Log-likelihood cutoff on original alignment: -3276.186
Optimizing NNI: done in 0.216595 secs using 791.7% CPU
Optimizing NNI: done in 0.223805 secs using 790.4% CPU
Optimizing NNI: done in 0.252831 secs using 790.2% CPU
Optimizing NNI: done in 0.132436 secs using 794.7% CPU
Optimizing NNI: done in 0.260911 secs using 791.1% CPU
Optimizing NNI: done in 0.162694 secs using 793.5% CPU
Optimizing NNI: done in 0.173108 secs using 791.5% CPU
Optimizing NNI: done in 0.181654 secs using 793.1% CPU
Optimizing NNI: done in 0.322717 secs using 792.1% CPU
Optimizing NNI: done in 0.247881 secs using 793.2% CPU
Iteration 260 / LogL: -3241.561 / Time: 0h:0m:55s (0h:0m:16s left)
Optimizing NNI: done in 0.264663 secs using 792.1% CPU
Optimizing NNI: done in 0.212093 secs using 795.3% CPU
Optimizing NNI: done in 0.246647 secs using 789.7% CPU
Optimizing NNI: done in 0.176589 secs using 788.7% CPU
Optimizing NNI: done in 0.223584 secs using 791.2% CPU
Optimizing NNI: done in 0.265747 secs using 792.7% CPU
Optimizing NNI: done in 0.178206 secs using 790.2% CPU
Optimizing NNI: done in 0.13899 secs using 791.4% CPU
Optimizing NNI: done in 0.176444 secs using 791.2% CPU
Optimizing NNI: done in 0.315149 secs using 795% CPU
Iteration 270 / LogL: -3241.497 / Time: 0h:0m:57s (0h:0m:13s left)
Optimizing NNI: done in 0.183811 secs using 793% CPU
Optimizing NNI: done in 0.212325 secs using 792.8% CPU
Optimizing NNI: done in 0.1777 secs using 795.1% CPU
Optimizing NNI: done in 0.174508 secs using 795.9% CPU
Optimizing NNI: done in 0.131381 secs using 791.7% CPU
Optimizing NNI: done in 0.133744 secs using 788.2% CPU
Optimizing NNI: done in 0.26343 secs using 790.8% CPU
Optimizing NNI: done in 0.173613 secs using 795.8% CPU
Optimizing NNI: done in 0.134328 secs using 794% CPU
Optimizing NNI: done in 0.224494 secs using 791.4% CPU
Iteration 280 / LogL: -3241.559 / Time: 0h:0m:59s (0h:0m:11s left)
Optimizing NNI: done in 0.218312 secs using 789% CPU
Optimizing NNI: done in 0.187768 secs using 793.8% CPU
Optimizing NNI: done in 0.228853 secs using 794.2% CPU
Optimizing NNI: done in 0.251736 secs using 793.7% CPU
Optimizing NNI: done in 0.177315 secs using 793.3% CPU
Optimizing NNI: done in 0.13184 secs using 791.9% CPU
Optimizing NNI: done in 0.134632 secs using 789.7% CPU
Optimizing NNI: done in 0.22734 secs using 793.6% CPU
Optimizing NNI: done in 0.135816 secs using 793.9% CPU
Optimizing NNI: done in 0.121443 secs using 789.7% CPU
Iteration 290 / LogL: -3241.496 / Time: 0h:1m:1s (0h:0m:9s left)
Optimizing NNI: done in 0.175909 secs using 789.7% CPU
Optimizing NNI: done in 0.176687 secs using 793.2% CPU
Optimizing NNI: done in 0.206869 secs using 794.9% CPU
Optimizing NNI: done in 0.211548 secs using 792.2% CPU
Optimizing NNI: done in 0.292354 secs using 790.5% CPU
Optimizing NNI: done in 0.182525 secs using 790.3% CPU
Optimizing NNI: done in 0.267141 secs using 792.2% CPU
Optimizing NNI: done in 0.247586 secs using 793.9% CPU
Optimizing NNI: done in 0.179976 secs using 794.3% CPU
Optimizing NNI: done in 0.204816 secs using 792.3% CPU
Iteration 300 / LogL: -3241.497 / Time: 0h:1m:4s (0h:0m:7s left)
Log-likelihood cutoff on original alignment: -3276.186
NOTE: Bootstrap correlation coefficient of split occurrence frequencies: 0.994
Optimizing NNI: done in 0.0931496 secs using 792.1% CPU
Optimizing NNI: done in 0.137325 secs using 792.1% CPU
Optimizing NNI: done in 0.225452 secs using 789.3% CPU
Optimizing NNI: done in 0.22143 secs using 792.6% CPU
Optimizing NNI: done in 0.203761 secs using 795.8% CPU
Optimizing NNI: done in 0.268448 secs using 796.7% CPU
Optimizing NNI: done in 0.16558 secs using 790.6% CPU
Optimizing NNI: done in 0.273792 secs using 790.9% CPU
Optimizing NNI: done in 0.287248 secs using 792.5% CPU
Optimizing NNI: done in 0.181739 secs using 794.3% CPU
Iteration 310 / LogL: -3245.202 / Time: 0h:1m:6s (0h:0m:19s left)
Optimizing NNI: done in 0.241516 secs using 790.3% CPU
Optimizing NNI: done in 0.237847 secs using 787.9% CPU
Optimizing NNI: done in 0.31478 secs using 792.5% CPU
Optimizing NNI: done in 0.171586 secs using 790.2% CPU
Optimizing NNI: done in 0.211705 secs using 792.7% CPU
Optimizing NNI: done in 0.230441 secs using 795.2% CPU
Optimizing NNI: done in 0.217181 secs using 794.2% CPU
Optimizing NNI: done in 0.181235 secs using 796.5% CPU
Optimizing NNI: done in 0.206456 secs using 790.6% CPU
Optimizing NNI: done in 0.172776 secs using 791.7% CPU
Iteration 320 / LogL: -3242.195 / Time: 0h:1m:8s (0h:0m:17s left)
Optimizing NNI: done in 0.175992 secs using 793.4% CPU
Optimizing NNI: done in 0.233586 secs using 796.3% CPU
Optimizing NNI: done in 0.183287 secs using 791.6% CPU
Optimizing NNI: done in 0.222454 secs using 790% CPU
Optimizing NNI: done in 0.244255 secs using 793.3% CPU
Optimizing NNI: done in 0.207058 secs using 792.4% CPU
Optimizing NNI: done in 0.181339 secs using 794.5% CPU
Optimizing NNI: done in 0.28493 secs using 792% CPU
Optimizing NNI: done in 0.20791 secs using 795.5% CPU
Optimizing NNI: done in 0.202454 secs using 795.4% CPU
Iteration 330 / LogL: -3244.860 / Time: 0h:1m:11s (0h:0m:15s left)
Optimizing NNI: done in 0.133896 secs using 793.1% CPU
Optimizing NNI: done in 0.179638 secs using 788.9% CPU
Optimizing NNI: done in 0.179763 secs using 792.9% CPU
Optimizing NNI: done in 0.182144 secs using 794.3% CPU
Optimizing NNI: done in 0.171593 secs using 792% CPU
Optimizing NNI: done in 0.212409 secs using 792.7% CPU
TREE SEARCH COMPLETED AFTER 336 ITERATIONS / Time: 0h:1m:12s

--------------------------------------------------------------------
|                    FINALIZING TREE SEARCH                        |
--------------------------------------------------------------------
Performs final model parameters optimization
Estimate model parameters (epsilon = 0.010)
1. Initial log-likelihood: -3241.493
Optimal log-likelihood: -3241.493
Gamma shape alpha: 0.439
Parameters optimization took 1 rounds (0.017 sec)
BEST SCORE FOUND : -3241.493
Creating bootstrap support values...
Split supports printed to NEXUS file results/per_year_clustered/H1N1/trees/H1N1_2025_with_designs.splits.nex
Total tree length: 0.359

Total number of iterations: 336
CPU time used for tree search: 557.581 sec (0h:9m:17s)
Wall-clock time used for tree search: 72.170 sec (0h:1m:12s)
Total CPU time used: 559.191 sec (0h:9m:19s)
Total wall-clock time used: 72.511 sec (0h:1m:12s)

Computing bootstrap consensus tree...
Reading input file results/per_year_clustered/H1N1/trees/H1N1_2025_with_designs.splits.nex...
56 taxa and 1422 splits.
Consensus tree written to results/per_year_clustered/H1N1/trees/H1N1_2025_with_designs.contree
Reading input trees file results/per_year_clustered/H1N1/trees/H1N1_2025_with_designs.contree
Log-likelihood of consensus tree: -3248.511

Analysis results written to: 
  IQ-TREE report:                results/per_year_clustered/H1N1/trees/H1N1_2025_with_designs.iqtree
  Maximum-likelihood tree:       results/per_year_clustered/H1N1/trees/H1N1_2025_with_designs.treefile
  Likelihood distances:          results/per_year_clustered/H1N1/trees/H1N1_2025_with_designs.mldist

Ultrafast bootstrap approximation results written to:
  Split support values:          results/per_year_clustered/H1N1/trees/H1N1_2025_with_designs.splits.nex
  Consensus tree:                results/per_year_clustered/H1N1/trees/H1N1_2025_with_designs.contree
  Screen log file:               results/per_year_clustered/H1N1/trees/H1N1_2025_with_designs.log

Date and Time: Sat Nov 22 11:10:32 2025
