IQ-TREE version 3.0.1 for Linux x86 64-bit built Jul  9 2025
Developed by Bui Quang Minh, Thomas Wong, Nhan Ly-Trong, Huaiyan Ren
Contributed by Lam-Tung Nguyen, Dominik Schrempf, Chris Bielow,
Olga Chernomor, Michael Woodhams, Diep Thi Hoang, Heiko Schmidt

Host:    rtis-hpc-r09.uod.otago.ac.nz (AVX2, FMA3, 1006 GB RAM)
Command: iqtree -s results/per_year_clustered/H1N1/alignments/H1N1_2010_with_designs.fasta -m LG+G4 -bb 1000 -nt 8 -pre results/per_year_clustered/H1N1/trees/H1N1_2010_with_designs -redo -quiet
Seed:    939677 (Using SPRNG - Scalable Parallel Random Number Generator)
Time:    Sat Nov 22 10:52:55 2025
Kernel:  AVX+FMA - 8 threads (8 CPU cores detected)

Reading alignment file results/per_year_clustered/H1N1/alignments/H1N1_2010_with_designs.fasta ... Fasta format detected
Reading fasta file: done in 0.000264115 secs using 66.26% CPU
Alignment most likely contains protein sequences
Constructing alignment: done in 0.000284222 secs using 99.57% CPU
Alignment has 28 sequences with 575 columns, 161 distinct patterns
23 parsimony-informative, 149 singleton sites, 403 constant sites
                                                                                  Gap/Ambiguity  Composition  p-value
Analyzing sequences: done in 9.51788e-06 secs using 73.55% CPU
   1  EPI349529|HA|A/Taiwan/3994/2010|EPI_ISL_101899|A_/_H1N1                             1.57%    passed    100.00%
   2  EPI349528|HA|A/Taiwan/1164/2010|EPI_ISL_101898|A_/_H1N1                             1.57%    passed    100.00%
   3  EPI249899|HA|A/Nagasaki/HA-10-5/2010|EPI_ISL_71903|A_/_H1N1                         1.57%    passed    100.00%
   4  EPI272412|HA|A/NIIGATA/194/2010|EPI_ISL_77265|A_/_H1N1                              1.57%    passed    100.00%
   5  EPI598887|HA|A/Bangkok/SIMI510/2010|EPI_ISL_181410|A_/_H1N1                         1.57%    passed    100.00%
   6  EPI598885|HA|A/Bangkok/SIMI508/2010|EPI_ISL_181408|A_/_H1N1                         1.57%    passed    100.00%
   7  EPI302108|HA|A/Taiwan/733/2010|EPI_ISL_86017|A_/_H1N1                               1.57%    passed    100.00%
   8  EPI324760|HA|A/Thailand/CU-MV6/2010|EPI_ISL_93119|A_/_H1N1                          0.00%    passed    100.00%
   9  EPI334839|HA|A/Aichi/118/2010|EPI_ISL_95637|A_/_H1N1                                1.57%    passed    100.00%
  10  EPI403823|HA|A/England/03220137/2010|EPI_ISL_131599|A_/_H1N1                        1.57%    passed    100.00%
  11  EPI403839|HA|A/Northern_Ireland/04380108/2010|EPI_ISL_131604|A_/_H1N1               1.57%    passed    100.00%
  12  EPI273891|HA|A/Dnipropetrovsk/445/2010|EPI_ISL_77716|A_/_H1N1                       1.57%    passed    100.00%
  13  EPI278514|HA|A/Ukraine/123/2010|EPI_ISL_79191|A_/_H1N1                              1.57%    passed    100.00%
  14  EPI295619|HA|A/Slovakia/1623/2010|EPI_ISL_84236|A_/_H1N1                            1.57%    passed    100.00%
  15  EPI295631|HA|A/Switzerland/3628824/2010|EPI_ISL_84242|A_/_H1N1                      1.57%    passed    100.00%
  16  EPI299615|HA|A/Switzerland/5165/2010|EPI_ISL_85201|A_/_H1N1                         1.57%    passed     97.23%
  17  EPI492960|HA|A/Extremadura/6530/2010|EPI_ISL_151911|A_/_H1N1                        1.57%    passed    100.00%
  18  EPI280341|HA|A/Christchurch/16/2010|EPI_ISL_79721|A_/_H1N1                          1.57%    passed    100.00%
  19  EPI250026|HA|A/Maryland/04/2010|EPI_ISL_71959|A_/_H1N1                              1.57%    passed    100.00%
  20  EPI252143|HA|A/Minnesota/02/2010|EPI_ISL_73406|A_/_H1N1                             1.57%    passed    100.00%
  21  EPI273717|HA|A/Minnesota/03/2010|EPI_ISL_77664|A_/_H1N1                             1.57%    passed    100.00%
  22  EPI278832|HA|A/California/11/2010|EPI_ISL_79343|A_/_H1N1                            1.57%    passed    100.00%
  23  EPI300969|HA|A/Indiana/06/2010|EPI_ISL_85569|A_/_H1N1                               1.57%    passed    100.00%
  24  EPI301713|HA|A/Hawaii/16/2010|EPI_ISL_85813|A_/_H1N1                                1.57%    passed    100.00%
  25  H1N1_2010_Consensus_Aligned                                                         0.00%    passed    100.00%
  26  H1N1_2010_Medoid_Aligned|EPI349529|HA|A/Taiwan/3994/2010|EPI_ISL_101899|A_/_H1N1    1.57%    passed    100.00%
  27  H1N1_2010_Ancestral_Aligned_Node10                                                  0.00%    passed    100.00%
  28  H1N1_2010_COBRA_Aligned                                                             0.00%    passed    100.00%
****  TOTAL                                                                               1.34%  0 sequences failed composition chi2 test (p-value<5%; df=19)
NOTE: H1N1_2010_Medoid_Aligned|EPI349529|HA|A/Taiwan/3994/2010|EPI_ISL_101899|A_/_H1N1 is identical to EPI349529|HA|A/Taiwan/3994/2010|EPI_ISL_101899|A_/_H1N1 but kept for subsequent analysis
NOTE: H1N1_2010_COBRA_Aligned is identical to EPI324760|HA|A/Thailand/CU-MV6/2010|EPI_ISL_93119|A_/_H1N1 but kept for subsequent analysis
Checking for duplicate sequences: done in 4.08869e-05 secs using 73.37% CPU
Creating fast initial parsimony tree by random order stepwise addition...
0.009 seconds, parsimony score: 214 (based on 172 sites)
Generating 1000 samples for ultrafast bootstrap (seed: 939677)...

NOTE: 3 MB RAM (0 GB) is required!
Estimate model parameters (epsilon = 0.100)
1. Initial log-likelihood: -2971.851
2. Current log-likelihood: -2971.434
Optimal log-likelihood: -2971.427
Gamma shape alpha: 1.178
Parameters optimization took 2 rounds (0.024 sec)
Wrote distance file to... 
Computing ML distances based on estimated model parameters...
Calculating distance matrix: done in 0.0109728 secs using 805.2% CPU
Computing ML distances took 0.011021 sec (of wall-clock time) 0.088402 sec (of CPU time)
Setting up auxiliary I and S matrices: done in 0.000431238 secs
Constructing RapidNJ tree: done in 0.0370009 secs using 116.7% CPU
Computing RapidNJ tree took 0.037464 sec (of wall-clock time) 0.043202 sec (of CPU time)
Log-likelihood of RapidNJ tree: -2988.688
--------------------------------------------------------------------
|             INITIALIZING CANDIDATE TREE SET                      |
--------------------------------------------------------------------
Generating 98 parsimony trees... 0.029 second
Computing log-likelihood of 98 initial trees ... 0.339 seconds
Current best score: -2971.266

Do NNI search on 20 best initial trees
Optimizing NNI: done in 0.0379651 secs using 796.5% CPU
Estimate model parameters (epsilon = 0.100)
BETTER TREE FOUND at iteration 1: -2971.265
Optimizing NNI: done in 0.0390993 secs using 791.7% CPU
BETTER TREE FOUND at iteration 2: -2971.264
Optimizing NNI: done in 0.0378284 secs using 799.2% CPU
Optimizing NNI: done in 0.0387342 secs using 782.8% CPU
Optimizing NNI: done in 0.0393582 secs using 800.5% CPU
Optimizing NNI: done in 0.0384499 secs using 803.8% CPU
Optimizing NNI: done in 0.0394415 secs using 786.1% CPU
Optimizing NNI: done in 0.0391267 secs using 791.5% CPU
Optimizing NNI: done in 0.0393197 secs using 785.2% CPU
Optimizing NNI: done in 0.0386339 secs using 799.5% CPU
Iteration 10 / LogL: -2971.265 / Time: 0h:0m:0s
Optimizing NNI: done in 0.0381079 secs using 810% CPU
Optimizing NNI: done in 0.0376646 secs using 797.3% CPU
Optimizing NNI: done in 0.0384959 secs using 785.2% CPU
Optimizing NNI: done in 0.0668211 secs using 794.1% CPU
Optimizing NNI: done in 0.0386898 secs using 778.9% CPU
Optimizing NNI: done in 0.0381799 secs using 787.9% CPU
Optimizing NNI: done in 0.0382751 secs using 809% CPU
Optimizing NNI: done in 0.0388366 secs using 798.8% CPU
Optimizing NNI: done in 0.0388466 secs using 796.4% CPU
Optimizing NNI: done in 0.0380489 secs using 792.5% CPU
Iteration 20 / LogL: -2971.427 / Time: 0h:0m:1s
Finish initializing candidate tree set (20)
Current best tree score: -2971.264 / CPU time: 1.202
Number of iterations: 20
--------------------------------------------------------------------
|               OPTIMIZING CANDIDATE TREE SET                      |
--------------------------------------------------------------------
Optimizing NNI: done in 0.0566126 secs using 796.3% CPU
Optimizing NNI: done in 0.114679 secs using 786.7% CPU
Optimizing NNI: done in 0.0932555 secs using 789.9% CPU
Optimizing NNI: done in 0.077272 secs using 793.6% CPU
Optimizing NNI: done in 0.0583128 secs using 788.4% CPU
Optimizing NNI: done in 0.0564165 secs using 800.8% CPU
Optimizing NNI: done in 0.0729777 secs using 789.8% CPU
Optimizing NNI: done in 0.0771123 secs using 791.6% CPU
Optimizing NNI: done in 0.059311 secs using 787.1% CPU
Optimizing NNI: done in 0.0948859 secs using 789.7% CPU
Iteration 30 / LogL: -2971.273 / Time: 0h:0m:2s (0h:0m:5s left)
Optimizing NNI: done in 0.125882 secs using 794.4% CPU
Optimizing NNI: done in 0.0892379 secs using 793.3% CPU
Optimizing NNI: done in 0.0756324 secs using 797.5% CPU
Optimizing NNI: done in 0.0596822 secs using 786.1% CPU
Optimizing NNI: done in 0.0478686 secs using 796.1% CPU
Optimizing NNI: done in 0.0584832 secs using 790.5% CPU
Optimizing NNI: done in 0.0897026 secs using 795.1% CPU
Optimizing NNI: done in 0.0570564 secs using 800.2% CPU
Optimizing NNI: done in 0.0918938 secs using 794.4% CPU
Optimizing NNI: done in 0.0572695 secs using 787.7% CPU
Iteration 40 / LogL: -2971.430 / Time: 0h:0m:2s (0h:0m:4s left)
Optimizing NNI: done in 0.0740205 secs using 791.6% CPU
Optimizing NNI: done in 0.0971963 secs using 790.1% CPU
Optimizing NNI: done in 0.037729 secs using 775.3% CPU
Optimizing NNI: done in 0.0393924 secs using 807.3% CPU
Optimizing NNI: done in 0.120312 secs using 797.9% CPU
Optimizing NNI: done in 0.0744504 secs using 801.8% CPU
Optimizing NNI: done in 0.0597279 secs using 799.9% CPU
Optimizing NNI: done in 0.0766026 secs using 785.1% CPU
Optimizing NNI: done in 0.035002 secs using 791.7% CPU
BETTER TREE FOUND at iteration 49: -2971.264
Optimizing NNI: done in 0.0190835 secs using 791.5% CPU
Iteration 50 / LogL: -2971.264 / Time: 0h:0m:3s (0h:0m:7s left)
Log-likelihood cutoff on original alignment: -2997.238
Optimizing NNI: done in 0.0802494 secs using 789.7% CPU
Optimizing NNI: done in 0.0768423 secs using 795.2% CPU
Optimizing NNI: done in 0.0722281 secs using 790.4% CPU
Optimizing NNI: done in 0.0577736 secs using 793.1% CPU
Optimizing NNI: done in 0.0917987 secs using 797.2% CPU
Optimizing NNI: done in 0.0924693 secs using 797.8% CPU
Optimizing NNI: done in 0.109865 secs using 794.2% CPU
Optimizing NNI: done in 0.0539044 secs using 793.7% CPU
Optimizing NNI: done in 0.0376133 secs using 803.5% CPU
Optimizing NNI: done in 0.0399943 secs using 796.1% CPU
Iteration 60 / LogL: -2975.328 / Time: 0h:0m:4s (0h:0m:6s left)
Optimizing NNI: done in 0.0582637 secs using 790.8% CPU
Optimizing NNI: done in 0.0618855 secs using 793.3% CPU
Optimizing NNI: done in 0.0558798 secs using 794.9% CPU
Optimizing NNI: done in 0.0757574 secs using 795.1% CPU
Optimizing NNI: done in 0.0603431 secs using 788.1% CPU
Optimizing NNI: done in 0.0948844 secs using 786.5% CPU
Optimizing NNI: done in 0.0751957 secs using 789.7% CPU
Optimizing NNI: done in 0.0576092 secs using 788.6% CPU
Optimizing NNI: done in 0.073989 secs using 793.4% CPU
Optimizing NNI: done in 0.0375392 secs using 786.1% CPU
Iteration 70 / LogL: -2971.265 / Time: 0h:0m:5s (0h:0m:5s left)
Optimizing NNI: done in 0.0394885 secs using 787.5% CPU
Optimizing NNI: done in 0.0576127 secs using 788.6% CPU
Optimizing NNI: done in 0.0540406 secs using 795.9% CPU
Optimizing NNI: done in 0.0792219 secs using 794.3% CPU
Optimizing NNI: done in 0.113122 secs using 800% CPU
Optimizing NNI: done in 0.0573987 secs using 787% CPU
Optimizing NNI: done in 0.035794 secs using 797.8% CPU
Optimizing NNI: done in 0.0909598 secs using 789.7% CPU
Optimizing NNI: done in 0.0571706 secs using 789.2% CPU
Optimizing NNI: done in 0.0790432 secs using 788.9% CPU
Iteration 80 / LogL: -2971.267 / Time: 0h:0m:5s (0h:0m:4s left)
Optimizing NNI: done in 0.0929689 secs using 794.9% CPU
Optimizing NNI: done in 0.0822102 secs using 789.4% CPU
Optimizing NNI: done in 0.0585398 secs using 788% CPU
Optimizing NNI: done in 0.0764408 secs using 790.4% CPU
Optimizing NNI: done in 0.0592302 secs using 791.8% CPU
Optimizing NNI: done in 0.0603055 secs using 790.9% CPU
Optimizing NNI: done in 0.0558189 secs using 794.7% CPU
Optimizing NNI: done in 0.0377322 secs using 798.3% CPU
Optimizing NNI: done in 0.0896739 secs using 797% CPU
Optimizing NNI: done in 0.0906961 secs using 788.7% CPU
Iteration 90 / LogL: -2971.270 / Time: 0h:0m:6s (0h:0m:4s left)
Optimizing NNI: done in 0.0736187 secs using 786.1% CPU
Optimizing NNI: done in 0.0575961 secs using 797.7% CPU
Optimizing NNI: done in 0.0578968 secs using 792.6% CPU
Optimizing NNI: done in 0.0902125 secs using 802.4% CPU
Optimizing NNI: done in 0.0577661 secs using 797.7% CPU
Optimizing NNI: done in 0.0389952 secs using 796.5% CPU
Optimizing NNI: done in 0.0379544 secs using 792.2% CPU
Optimizing NNI: done in 0.03946 secs using 785.6% CPU
Optimizing NNI: done in 0.0791063 secs using 788.9% CPU
Optimizing NNI: done in 0.0385081 secs using 795.2% CPU
Iteration 100 / LogL: -2971.265 / Time: 0h:0m:7s (0h:0m:3s left)
Log-likelihood cutoff on original alignment: -2998.072
NOTE: Bootstrap correlation coefficient of split occurrence frequencies: 0.965
NOTE: UFBoot does not converge, continue at least 100 more iterations
Optimizing NNI: done in 0.0589322 secs using 795% CPU
Optimizing NNI: done in 0.079932 secs using 793.4% CPU
Optimizing NNI: done in 0.0587901 secs using 796.5% CPU
Optimizing NNI: done in 0.0785944 secs using 785.2% CPU
Optimizing NNI: done in 0.0741104 secs using 792.4% CPU
Optimizing NNI: done in 0.0306074 secs using 793.7% CPU
Optimizing NNI: done in 0.0958821 secs using 795.2% CPU
Optimizing NNI: done in 0.0578582 secs using 797.9% CPU
Optimizing NNI: done in 0.0933466 secs using 798.1% CPU
Optimizing NNI: done in 0.0583355 secs using 804.3% CPU
Iteration 110 / LogL: -2971.266 / Time: 0h:0m:7s (0h:0m:6s left)
Optimizing NNI: done in 0.0382627 secs using 788.9% CPU
Optimizing NNI: done in 0.0720275 secs using 793.5% CPU
Optimizing NNI: done in 0.0715256 secs using 799.6% CPU
Optimizing NNI: done in 0.0707263 secs using 795.4% CPU
Optimizing NNI: done in 0.0759617 secs using 794.3% CPU
Optimizing NNI: done in 0.0851592 secs using 788.7% CPU
Optimizing NNI: done in 0.0783443 secs using 798.9% CPU
Optimizing NNI: done in 0.0562738 secs using 787.3% CPU
Optimizing NNI: done in 0.0619595 secs using 794.3% CPU
Optimizing NNI: done in 0.0191013 secs using 788.1% CPU
Iteration 120 / LogL: -2971.264 / Time: 0h:0m:8s (0h:0m:5s left)
Optimizing NNI: done in 0.0888111 secs using 794.4% CPU
Optimizing NNI: done in 0.0594728 secs using 797.3% CPU
Optimizing NNI: done in 0.0823193 secs using 799.7% CPU
Optimizing NNI: done in 0.0583457 secs using 790.1% CPU
Optimizing NNI: done in 0.13576 secs using 793.7% CPU
Optimizing NNI: done in 0.0577575 secs using 793.5% CPU
Optimizing NNI: done in 0.0387258 secs using 781.2% CPU
Optimizing NNI: done in 0.0766845 secs using 787.2% CPU
Optimizing NNI: done in 0.0587833 secs using 794.6% CPU
Optimizing NNI: done in 0.0577285 secs using 795.8% CPU
Iteration 130 / LogL: -2971.265 / Time: 0h:0m:9s (0h:0m:5s left)
Optimizing NNI: done in 0.0555311 secs using 800.1% CPU
Optimizing NNI: done in 0.0543006 secs using 797.9% CPU
Optimizing NNI: done in 0.137184 secs using 790.2% CPU
Optimizing NNI: done in 0.0748228 secs using 793.8% CPU
Optimizing NNI: done in 0.0290179 secs using 792.3% CPU
Optimizing NNI: done in 0.0737251 secs using 793.9% CPU
Optimizing NNI: done in 0.059556 secs using 784.8% CPU
Optimizing NNI: done in 0.0822601 secs using 790.3% CPU
Optimizing NNI: done in 0.0384627 secs using 806.5% CPU
Optimizing NNI: done in 0.0652283 secs using 795.4% CPU
Iteration 140 / LogL: -2971.266 / Time: 0h:0m:10s (0h:0m:4s left)
Optimizing NNI: done in 0.109767 secs using 795.5% CPU
Optimizing NNI: done in 0.129152 secs using 790.9% CPU
Optimizing NNI: done in 0.0870754 secs using 785.8% CPU
Optimizing NNI: done in 0.0887225 secs using 785.2% CPU
Optimizing NNI: done in 0.0763104 secs using 791.9% CPU
Optimizing NNI: done in 0.0752905 secs using 800.2% CPU
Optimizing NNI: done in 0.0887048 secs using 796.4% CPU
Optimizing NNI: done in 0.0567179 secs using 798% CPU
Optimizing NNI: done in 0.084353 secs using 799.3% CPU
Optimizing NNI: done in 0.058106 secs using 789.1% CPU
Iteration 150 / LogL: -2971.269 / Time: 0h:0m:10s (0h:0m:3s left)
Log-likelihood cutoff on original alignment: -2999.956
Optimizing NNI: done in 0.0735783 secs using 798.1% CPU
Optimizing NNI: done in 0.078343 secs using 798.1% CPU
Optimizing NNI: done in 0.0383223 secs using 796% CPU
Optimizing NNI: done in 0.0915195 secs using 795.4% CPU
Optimizing NNI: done in 0.0757765 secs using 788% CPU
Optimizing NNI: done in 0.0559353 secs using 796.9% CPU
Optimizing NNI: done in 0.0724415 secs using 790.8% CPU
Optimizing NNI: done in 0.0865849 secs using 788% CPU
Optimizing NNI: done in 0.0739355 secs using 792.7% CPU
Optimizing NNI: done in 0.0783699 secs using 799.3% CPU
Iteration 160 / LogL: -2971.267 / Time: 0h:0m:11s (0h:0m:2s left)
Optimizing NNI: done in 0.0391463 secs using 791% CPU
Optimizing NNI: done in 0.0930955 secs using 794.1% CPU
Optimizing NNI: done in 0.0780859 secs using 788.7% CPU
Optimizing NNI: done in 0.0951299 secs using 793.2% CPU
Optimizing NNI: done in 0.0920469 secs using 790.6% CPU
Optimizing NNI: done in 0.0781831 secs using 788.2% CPU
Optimizing NNI: done in 0.0352149 secs using 788.8% CPU
Optimizing NNI: done in 0.0575324 secs using 789.6% CPU
Optimizing NNI: done in 0.0372897 secs using 788.2% CPU
Optimizing NNI: done in 0.0988246 secs using 797.5% CPU
Iteration 170 / LogL: -2971.270 / Time: 0h:0m:12s (0h:0m:2s left)
Optimizing NNI: done in 0.0380868 secs using 792% CPU
Optimizing NNI: done in 0.0763215 secs using 792% CPU
Optimizing NNI: done in 0.0775344 secs using 789.5% CPU
Optimizing NNI: done in 0.0773525 secs using 789.5% CPU
Optimizing NNI: done in 0.0966159 secs using 788.9% CPU
Optimizing NNI: done in 0.0733027 secs using 790% CPU
Optimizing NNI: done in 0.073308 secs using 788.6% CPU
Optimizing NNI: done in 0.0849887 secs using 794.3% CPU
Optimizing NNI: done in 0.0889823 secs using 793.7% CPU
Optimizing NNI: done in 0.0379285 secs using 792.4% CPU
Iteration 180 / LogL: -2975.069 / Time: 0h:0m:13s (0h:0m:1s left)
Optimizing NNI: done in 0.109706 secs using 793.8% CPU
Optimizing NNI: done in 0.047623 secs using 786.9% CPU
Optimizing NNI: done in 0.0395839 secs using 786.1% CPU
Optimizing NNI: done in 0.0927911 secs using 793.6% CPU
Optimizing NNI: done in 0.0739761 secs using 796.5% CPU
Optimizing NNI: done in 0.0546685 secs using 780.8% CPU
Optimizing NNI: done in 0.0531284 secs using 792% CPU
Optimizing NNI: done in 0.0400042 secs using 793.9% CPU
Optimizing NNI: done in 0.0788242 secs using 794.6% CPU
Optimizing NNI: done in 0.0881704 secs using 790.4% CPU
Iteration 190 / LogL: -2971.268 / Time: 0h:0m:13s (0h:0m:0s left)
Optimizing NNI: done in 0.0825516 secs using 795.6% CPU
Optimizing NNI: done in 0.0744896 secs using 791.5% CPU
Optimizing NNI: done in 0.0390717 secs using 792.1% CPU
Optimizing NNI: done in 0.0972552 secs using 801.7% CPU
Optimizing NNI: done in 0.114126 secs using 799.8% CPU
Optimizing NNI: done in 0.0374867 secs using 805.8% CPU
Optimizing NNI: done in 0.0564036 secs using 790.5% CPU
Optimizing NNI: done in 0.0297413 secs using 800.4% CPU
Optimizing NNI: done in 0.0611428 secs using 789.3% CPU
Optimizing NNI: done in 0.0756241 secs using 795.5% CPU
Iteration 200 / LogL: -2971.268 / Time: 0h:0m:14s (0h:0m:0s left)
Log-likelihood cutoff on original alignment: -2999.956
NOTE: Bootstrap correlation coefficient of split occurrence frequencies: 0.971
NOTE: UFBoot does not converge, continue at least 100 more iterations
Optimizing NNI: done in 0.0588835 secs using 795.8% CPU
Optimizing NNI: done in 0.0595003 secs using 788.4% CPU
Optimizing NNI: done in 0.0755328 secs using 786.8% CPU
Optimizing NNI: done in 0.0395536 secs using 783.9% CPU
Optimizing NNI: done in 0.0987471 secs using 793.8% CPU
Optimizing NNI: done in 0.0594729 secs using 787.2% CPU
Optimizing NNI: done in 0.093422 secs using 787.6% CPU
Optimizing NNI: done in 0.057019 secs using 793.8% CPU
Optimizing NNI: done in 0.0586342 secs using 796.8% CPU
Optimizing NNI: done in 0.0783112 secs using 791.6% CPU
Iteration 210 / LogL: -2971.265 / Time: 0h:0m:15s (0h:0m:6s left)
Optimizing NNI: done in 0.0584787 secs using 789% CPU
Optimizing NNI: done in 0.0582776 secs using 790.6% CPU
Optimizing NNI: done in 0.0791221 secs using 789.1% CPU
Optimizing NNI: done in 0.0586337 secs using 783.2% CPU
Optimizing NNI: done in 0.0774549 secs using 790.3% CPU
Optimizing NNI: done in 0.0865023 secs using 795.8% CPU
Optimizing NNI: done in 0.069523 secs using 798.2% CPU
Optimizing NNI: done in 0.0934096 secs using 798% CPU
Optimizing NNI: done in 0.0740405 secs using 794.4% CPU
Optimizing NNI: done in 0.083851 secs using 796.2% CPU
Iteration 220 / LogL: -2971.267 / Time: 0h:0m:16s (0h:0m:5s left)
Optimizing NNI: done in 0.0783246 secs using 800.9% CPU
Optimizing NNI: done in 0.0980818 secs using 793.7% CPU
Optimizing NNI: done in 0.0763373 secs using 788.2% CPU
Optimizing NNI: done in 0.0577914 secs using 796.9% CPU
Optimizing NNI: done in 0.0978546 secs using 791.8% CPU
Optimizing NNI: done in 0.0394768 secs using 784.6% CPU
Optimizing NNI: done in 0.0728407 secs using 793.5% CPU
Optimizing NNI: done in 0.0349483 secs using 794.8% CPU
Optimizing NNI: done in 0.0600846 secs using 789.6% CPU
Optimizing NNI: done in 0.0757448 secs using 785.9% CPU
Iteration 230 / LogL: -2971.268 / Time: 0h:0m:17s (0h:0m:5s left)
Optimizing NNI: done in 0.0395237 secs using 803.9% CPU
Optimizing NNI: done in 0.0400991 secs using 787% CPU
Optimizing NNI: done in 0.0526648 secs using 796.9% CPU
Optimizing NNI: done in 0.0532389 secs using 802.6% CPU
Optimizing NNI: done in 0.0192444 secs using 787.6% CPU
Optimizing NNI: done in 0.049377 secs using 787.8% CPU
Optimizing NNI: done in 0.0543115 secs using 797.9% CPU
Optimizing NNI: done in 0.056379 secs using 804% CPU
Optimizing NNI: done in 0.0966026 secs using 796% CPU
Optimizing NNI: done in 0.0591138 secs using 804.2% CPU
Iteration 240 / LogL: -2971.429 / Time: 0h:0m:17s (0h:0m:4s left)
Optimizing NNI: done in 0.0388179 secs using 792.3% CPU
Optimizing NNI: done in 0.0767263 secs using 786.2% CPU
Optimizing NNI: done in 0.0581254 secs using 791.4% CPU
Optimizing NNI: done in 0.070679 secs using 784% CPU
Optimizing NNI: done in 0.0384687 secs using 799.1% CPU
Optimizing NNI: done in 0.0793564 secs using 798.9% CPU
Optimizing NNI: done in 0.0922632 secs using 793.2% CPU
Optimizing NNI: done in 0.0932322 secs using 791.5% CPU
Optimizing NNI: done in 0.0733721 secs using 787.6% CPU
Optimizing NNI: done in 0.096803 secs using 794.3% CPU
Iteration 250 / LogL: -2971.269 / Time: 0h:0m:18s (0h:0m:3s left)
Log-likelihood cutoff on original alignment: -2999.991
Optimizing NNI: done in 0.0600699 secs using 793% CPU
Optimizing NNI: done in 0.0530318 secs using 791.6% CPU
Optimizing NNI: done in 0.0871746 secs using 790.5% CPU
Optimizing NNI: done in 0.0739176 secs using 795.7% CPU
Optimizing NNI: done in 0.068515 secs using 797.1% CPU
Optimizing NNI: done in 0.0565734 secs using 782.8% CPU
Optimizing NNI: done in 0.0955809 secs using 797.4% CPU
Optimizing NNI: done in 0.0579711 secs using 795.4% CPU
Optimizing NNI: done in 0.0710102 secs using 796.3% CPU
Optimizing NNI: done in 0.0956254 secs using 791.1% CPU
Iteration 260 / LogL: -2971.267 / Time: 0h:0m:19s (0h:0m:2s left)
Optimizing NNI: done in 0.101457 secs using 792.2% CPU
Optimizing NNI: done in 0.0746726 secs using 794.6% CPU
Optimizing NNI: done in 0.0603805 secs using 788% CPU
Optimizing NNI: done in 0.0580546 secs using 791.3% CPU
Optimizing NNI: done in 0.0755256 secs using 795.2% CPU
Optimizing NNI: done in 0.0601408 secs using 789.9% CPU
Optimizing NNI: done in 0.0931361 secs using 789.5% CPU
Optimizing NNI: done in 0.0401215 secs using 789.8% CPU
Optimizing NNI: done in 0.0383554 secs using 789.9% CPU
Optimizing NNI: done in 0.0783349 secs using 801.7% CPU
Iteration 270 / LogL: -2971.269 / Time: 0h:0m:20s (0h:0m:2s left)
Optimizing NNI: done in 0.0552031 secs using 788.7% CPU
Optimizing NNI: done in 0.0559936 secs using 793.6% CPU
Optimizing NNI: done in 0.070189 secs using 791.5% CPU
Optimizing NNI: done in 0.115156 secs using 791.3% CPU
Optimizing NNI: done in 0.0576051 secs using 796.7% CPU
Optimizing NNI: done in 0.0825231 secs using 794.1% CPU
Optimizing NNI: done in 0.0670711 secs using 791.7% CPU
Optimizing NNI: done in 0.0662004 secs using 792.8% CPU
Optimizing NNI: done in 0.078359 secs using 796.3% CPU
Optimizing NNI: done in 0.0894081 secs using 791.7% CPU
Iteration 280 / LogL: -2971.268 / Time: 0h:0m:20s (0h:0m:1s left)
Optimizing NNI: done in 0.0394243 secs using 788.7% CPU
Optimizing NNI: done in 0.0674608 secs using 788.3% CPU
Optimizing NNI: done in 0.0377835 secs using 800% CPU
Optimizing NNI: done in 0.0576893 secs using 782.5% CPU
Optimizing NNI: done in 0.0404031 secs using 789.4% CPU
Optimizing NNI: done in 0.0387669 secs using 796.7% CPU
Optimizing NNI: done in 0.0776206 secs using 786.6% CPU
Optimizing NNI: done in 0.0541551 secs using 790% CPU
Optimizing NNI: done in 0.0685728 secs using 795% CPU
Optimizing NNI: done in 0.0592187 secs using 786.5% CPU
Iteration 290 / LogL: -2971.269 / Time: 0h:0m:21s (0h:0m:0s left)
Optimizing NNI: done in 0.0868364 secs using 793.2% CPU
Optimizing NNI: done in 0.0891061 secs using 790% CPU
Optimizing NNI: done in 0.0580364 secs using 795.5% CPU
Optimizing NNI: done in 0.0773548 secs using 794.6% CPU
Optimizing NNI: done in 0.0566897 secs using 789.4% CPU
Optimizing NNI: done in 0.0332856 secs using 787.3% CPU
BETTER TREE FOUND at iteration 296: -2971.264
Optimizing NNI: done in 0.0785647 secs using 795.4% CPU
Optimizing NNI: done in 0.0773121 secs using 792.3% CPU
Optimizing NNI: done in 0.0570644 secs using 790.3% CPU
Optimizing NNI: done in 0.0583991 secs using 790.3% CPU
Iteration 300 / LogL: -2971.266 / Time: 0h:0m:22s (0h:0m:7s left)
Log-likelihood cutoff on original alignment: -2999.991
NOTE: Bootstrap correlation coefficient of split occurrence frequencies: 0.986
NOTE: UFBoot does not converge, continue at least 100 more iterations
Optimizing NNI: done in 0.0889287 secs using 791.1% CPU
Optimizing NNI: done in 0.0766226 secs using 783.7% CPU
Optimizing NNI: done in 0.0946881 secs using 791.2% CPU
Optimizing NNI: done in 0.0815922 secs using 798.5% CPU
Optimizing NNI: done in 0.109933 secs using 790.8% CPU
Optimizing NNI: done in 0.0546421 secs using 795.1% CPU
Optimizing NNI: done in 0.0886619 secs using 788.8% CPU
Optimizing NNI: done in 0.0369171 secs using 795.3% CPU
Optimizing NNI: done in 0.0943779 secs using 799.7% CPU
Optimizing NNI: done in 0.0591453 secs using 794.7% CPU
Iteration 310 / LogL: -2971.267 / Time: 0h:0m:23s (0h:0m:6s left)
Optimizing NNI: done in 0.0784148 secs using 788.3% CPU
Optimizing NNI: done in 0.101029 secs using 791.9% CPU
Optimizing NNI: done in 0.0805259 secs using 787.3% CPU
Optimizing NNI: done in 0.0195104 secs using 800.2% CPU
BETTER TREE FOUND at iteration 314: -2971.264
Optimizing NNI: done in 0.0760467 secs using 791.9% CPU
Optimizing NNI: done in 0.0383808 secs using 789% CPU
Optimizing NNI: done in 0.0744422 secs using 794.1% CPU
Optimizing NNI: done in 0.054816 secs using 798.1% CPU
Optimizing NNI: done in 0.129057 secs using 793.7% CPU
Optimizing NNI: done in 0.0587923 secs using 795.4% CPU
Iteration 320 / LogL: -2971.268 / Time: 0h:0m:23s (0h:0m:7s left)
Optimizing NNI: done in 0.0587508 secs using 796.1% CPU
Optimizing NNI: done in 0.0748982 secs using 790.6% CPU
Optimizing NNI: done in 0.0790741 secs using 790.8% CPU
Optimizing NNI: done in 0.0873007 secs using 790.4% CPU
Optimizing NNI: done in 0.0652703 secs using 791% CPU
Optimizing NNI: done in 0.0580652 secs using 795.1% CPU
Optimizing NNI: done in 0.0378753 secs using 795.5% CPU
UPDATE BEST LOG-LIKELIHOOD: -2971.264
Optimizing NNI: done in 0.0741707 secs using 794.7% CPU
Optimizing NNI: done in 0.0569596 secs using 794.9% CPU
Optimizing NNI: done in 0.0586889 secs using 799.9% CPU
Iteration 330 / LogL: -2975.072 / Time: 0h:0m:24s (0h:0m:6s left)
Optimizing NNI: done in 0.0697638 secs using 785.9% CPU
Optimizing NNI: done in 0.0772349 secs using 797.1% CPU
Optimizing NNI: done in 0.0922272 secs using 795.6% CPU
Optimizing NNI: done in 0.0846 secs using 793.8% CPU
Optimizing NNI: done in 0.0554394 secs using 783.5% CPU
Optimizing NNI: done in 0.0571342 secs using 791.1% CPU
Optimizing NNI: done in 0.0846211 secs using 793.8% CPU
Optimizing NNI: done in 0.0327332 secs using 801.6% CPU
Optimizing NNI: done in 0.0764492 secs using 789.5% CPU
Optimizing NNI: done in 0.0579798 secs using 794.6% CPU
Iteration 340 / LogL: -2976.923 / Time: 0h:0m:25s (0h:0m:5s left)
Optimizing NNI: done in 0.0760171 secs using 792.6% CPU
Optimizing NNI: done in 0.0595269 secs using 786% CPU
Optimizing NNI: done in 0.0597471 secs using 791.5% CPU
Optimizing NNI: done in 0.0588403 secs using 796.2% CPU
Optimizing NNI: done in 0.0372652 secs using 788.2% CPU
Optimizing NNI: done in 0.0576524 secs using 794.2% CPU
Optimizing NNI: done in 0.0841433 secs using 793% CPU
Optimizing NNI: done in 0.0725303 secs using 786.4% CPU
Optimizing NNI: done in 0.056151 secs using 790.3% CPU
Optimizing NNI: done in 0.0711597 secs using 792% CPU
Iteration 350 / LogL: -2971.268 / Time: 0h:0m:26s (0h:0m:4s left)
Log-likelihood cutoff on original alignment: -3000.532
Optimizing NNI: done in 0.0721542 secs using 791.8% CPU
Optimizing NNI: done in 0.0391843 secs using 808.3% CPU
Optimizing NNI: done in 0.0563054 secs using 785.2% CPU
Optimizing NNI: done in 0.102018 secs using 794% CPU
Optimizing NNI: done in 0.0832487 secs using 789.7% CPU
Optimizing NNI: done in 0.0666688 secs using 795.7% CPU
Optimizing NNI: done in 0.0983678 secs using 788.9% CPU
Optimizing NNI: done in 0.0585184 secs using 793.2% CPU
Optimizing NNI: done in 0.0838177 secs using 791.1% CPU
Optimizing NNI: done in 0.0945479 secs using 788.1% CPU
Iteration 360 / LogL: -2971.269 / Time: 0h:0m:27s (0h:0m:4s left)
Optimizing NNI: done in 0.0346926 secs using 797.2% CPU
Optimizing NNI: done in 0.0668411 secs using 796.4% CPU
Optimizing NNI: done in 0.0577898 secs using 795.2% CPU
Optimizing NNI: done in 0.0774616 secs using 790.5% CPU
Optimizing NNI: done in 0.0575716 secs using 797.9% CPU
Optimizing NNI: done in 0.0760192 secs using 790.6% CPU
Optimizing NNI: done in 0.0578454 secs using 796.2% CPU
Optimizing NNI: done in 0.0749671 secs using 791.8% CPU
Optimizing NNI: done in 0.0719815 secs using 793.9% CPU
Optimizing NNI: done in 0.0997673 secs using 792.7% CPU
Iteration 370 / LogL: -2971.268 / Time: 0h:0m:27s (0h:0m:3s left)
Optimizing NNI: done in 0.0762382 secs using 790.8% CPU
Optimizing NNI: done in 0.0506239 secs using 795.3% CPU
Optimizing NNI: done in 0.0775765 secs using 793.4% CPU
Optimizing NNI: done in 0.0363687 secs using 786.4% CPU
Optimizing NNI: done in 0.0765419 secs using 797.5% CPU
Optimizing NNI: done in 0.0406624 secs using 782.2% CPU
Optimizing NNI: done in 0.0769051 secs using 794.9% CPU
Optimizing NNI: done in 0.0573967 secs using 793.1% CPU
Optimizing NNI: done in 0.0596505 secs using 788.4% CPU
Optimizing NNI: done in 0.0864548 secs using 785.5% CPU
Iteration 380 / LogL: -2971.269 / Time: 0h:0m:28s (0h:0m:2s left)
Optimizing NNI: done in 0.0395413 secs using 799.9% CPU
Optimizing NNI: done in 0.0707938 secs using 793.3% CPU
Optimizing NNI: done in 0.081359 secs using 788.9% CPU
Optimizing NNI: done in 0.0736464 secs using 794.3% CPU
Optimizing NNI: done in 0.0372463 secs using 788.3% CPU
Optimizing NNI: done in 0.055581 secs using 799.6% CPU
Optimizing NNI: done in 0.0781174 secs using 792.6% CPU
Optimizing NNI: done in 0.0753383 secs using 791.5% CPU
Optimizing NNI: done in 0.0387605 secs using 793.2% CPU
Optimizing NNI: done in 0.0565069 secs using 798.7% CPU
Iteration 390 / LogL: -2971.265 / Time: 0h:0m:29s (0h:0m:1s left)
Optimizing NNI: done in 0.0920833 secs using 793.3% CPU
Optimizing NNI: done in 0.0380687 secs using 790% CPU
Optimizing NNI: done in 0.0560604 secs using 788.2% CPU
Optimizing NNI: done in 0.0399527 secs using 795.1% CPU
Optimizing NNI: done in 0.0798261 secs using 795.8% CPU
Optimizing NNI: done in 0.0331213 secs using 791.7% CPU
Optimizing NNI: done in 0.0968345 secs using 792.9% CPU
Optimizing NNI: done in 0.0383634 secs using 807.1% CPU
Optimizing NNI: done in 0.0580568 secs using 790.3% CPU
Optimizing NNI: done in 0.0747671 secs using 797% CPU
Iteration 400 / LogL: -2975.048 / Time: 0h:0m:30s (0h:0m:1s left)
Log-likelihood cutoff on original alignment: -3001.246
NOTE: Bootstrap correlation coefficient of split occurrence frequencies: 0.960
NOTE: UFBoot does not converge, continue at least 100 more iterations
Optimizing NNI: done in 0.0566167 secs using 798.2% CPU
Optimizing NNI: done in 0.0380917 secs using 788.6% CPU
Optimizing NNI: done in 0.0187307 secs using 798.6% CPU
Optimizing NNI: done in 0.0723881 secs using 799.1% CPU
Optimizing NNI: done in 0.0788452 secs using 793.7% CPU
Optimizing NNI: done in 0.0586566 secs using 797.4% CPU
Optimizing NNI: done in 0.0799591 secs using 790.9% CPU
Optimizing NNI: done in 0.0565796 secs using 797.3% CPU
Optimizing NNI: done in 0.0604452 secs using 788.8% CPU
Optimizing NNI: done in 0.052572 secs using 794.6% CPU
Iteration 410 / LogL: -2971.264 / Time: 0h:0m:30s (0h:0m:6s left)
Optimizing NNI: done in 0.0754163 secs using 797.7% CPU
Optimizing NNI: done in 0.0575001 secs using 786.7% CPU
Optimizing NNI: done in 0.0928025 secs using 793.3% CPU
Optimizing NNI: done in 0.0718858 secs using 794% CPU
Optimizing NNI: done in 0.0750915 secs using 797.9% CPU
Optimizing NNI: done in 0.0579463 secs using 794.6% CPU
Optimizing NNI: done in 0.061451 secs using 788.4% CPU
Optimizing NNI: done in 0.0575823 secs using 785% CPU
Optimizing NNI: done in 0.0334638 secs using 801.1% CPU
Optimizing NNI: done in 0.0712575 secs using 791.6% CPU
Iteration 420 / LogL: -2971.268 / Time: 0h:0m:31s (0h:0m:6s left)
Optimizing NNI: done in 0.0946036 secs using 796.4% CPU
Optimizing NNI: done in 0.0818698 secs using 796% CPU
Optimizing NNI: done in 0.0636956 secs using 799.3% CPU
Optimizing NNI: done in 0.0733389 secs using 788.5% CPU
Optimizing NNI: done in 0.0394861 secs using 804.1% CPU
Optimizing NNI: done in 0.0584288 secs using 786% CPU
Optimizing NNI: done in 0.062227 secs using 802.1% CPU
Optimizing NNI: done in 0.0789471 secs using 791.9% CPU
Optimizing NNI: done in 0.0526555 secs using 782.6% CPU
Optimizing NNI: done in 0.0557327 secs using 789.7% CPU
Iteration 430 / LogL: -2971.265 / Time: 0h:0m:32s (0h:0m:5s left)
Optimizing NNI: done in 0.076756 secs using 792.6% CPU
Optimizing NNI: done in 0.0354596 secs using 801.7% CPU
Optimizing NNI: done in 0.0946299 secs using 787.7% CPU
Optimizing NNI: done in 0.0596367 secs using 795.6% CPU
Optimizing NNI: done in 0.0365562 secs using 803.8% CPU
Optimizing NNI: done in 0.0370237 secs using 792.3% CPU
Optimizing NNI: done in 0.0764104 secs using 788% CPU
Optimizing NNI: done in 0.0729096 secs using 787.4% CPU
Optimizing NNI: done in 0.0583841 secs using 788.2% CPU
Optimizing NNI: done in 0.0581374 secs using 788.6% CPU
Iteration 440 / LogL: -2971.266 / Time: 0h:0m:32s (0h:0m:4s left)
Optimizing NNI: done in 0.0803634 secs using 798.6% CPU
Optimizing NNI: done in 0.0580371 secs using 793% CPU
Optimizing NNI: done in 0.0926458 secs using 791.9% CPU
Optimizing NNI: done in 0.075307 secs using 790.3% CPU
Optimizing NNI: done in 0.0624006 secs using 800.6% CPU
Optimizing NNI: done in 0.0786439 secs using 788.5% CPU
Optimizing NNI: done in 0.102251 secs using 792.4% CPU
Optimizing NNI: done in 0.0773387 secs using 793.1% CPU
Optimizing NNI: done in 0.0268582 secs using 794.5% CPU
Optimizing NNI: done in 0.0724519 secs using 792.3% CPU
Iteration 450 / LogL: -2974.159 / Time: 0h:0m:33s (0h:0m:3s left)
Log-likelihood cutoff on original alignment: -3001.840
Optimizing NNI: done in 0.0579885 secs using 796.1% CPU
Optimizing NNI: done in 0.116449 secs using 792.2% CPU
Optimizing NNI: done in 0.0681223 secs using 790.4% CPU
Optimizing NNI: done in 0.0368221 secs using 788.4% CPU
Optimizing NNI: done in 0.0565373 secs using 799% CPU
Optimizing NNI: done in 0.0649104 secs using 789.2% CPU
Optimizing NNI: done in 0.0398963 secs using 791.7% CPU
Optimizing NNI: done in 0.0921667 secs using 794.9% CPU
Optimizing NNI: done in 0.0570516 secs using 790.9% CPU
Optimizing NNI: done in 0.070675 secs using 795.1% CPU
Iteration 460 / LogL: -2971.265 / Time: 0h:0m:34s (0h:0m:3s left)
Optimizing NNI: done in 0.0782374 secs using 791.4% CPU
Optimizing NNI: done in 0.0380416 secs using 793.6% CPU
BETTER TREE FOUND at iteration 462: -2971.264
Optimizing NNI: done in 0.0908097 secs using 784.2% CPU
Optimizing NNI: done in 0.064999 secs using 790% CPU
Optimizing NNI: done in 0.0828584 secs using 795.6% CPU
Optimizing NNI: done in 0.0396045 secs using 797.3% CPU
Optimizing NNI: done in 0.0539879 secs using 795.3% CPU
Optimizing NNI: done in 0.0569676 secs using 791.4% CPU
Optimizing NNI: done in 0.0572643 secs using 789.2% CPU
Optimizing NNI: done in 0.102436 secs using 796.6% CPU
Iteration 470 / LogL: -2971.268 / Time: 0h:0m:35s (0h:0m:6s left)
Optimizing NNI: done in 0.0823587 secs using 790.2% CPU
Optimizing NNI: done in 0.0752788 secs using 790.3% CPU
Optimizing NNI: done in 0.0575931 secs using 799.3% CPU
Optimizing NNI: done in 0.0191909 secs using 789.1% CPU
Optimizing NNI: done in 0.0786668 secs using 796.2% CPU
Optimizing NNI: done in 0.0573186 secs using 790.6% CPU
Optimizing NNI: done in 0.0595291 secs using 800.4% CPU
Optimizing NNI: done in 0.096652 secs using 796.4% CPU
Optimizing NNI: done in 0.0377979 secs using 795.1% CPU
Optimizing NNI: done in 0.0716373 secs using 796.9% CPU
Iteration 480 / LogL: -2971.432 / Time: 0h:0m:36s (0h:0m:6s left)
Optimizing NNI: done in 0.0395751 secs using 783.4% CPU
Optimizing NNI: done in 0.0743107 secs using 790.5% CPU
Optimizing NNI: done in 0.0724811 secs using 796.8% CPU
Optimizing NNI: done in 0.0549978 secs using 786.9% CPU
Optimizing NNI: done in 0.0730436 secs using 787.2% CPU
Optimizing NNI: done in 0.0571676 secs using 792.5% CPU
Optimizing NNI: done in 0.0391411 secs using 793.3% CPU
Optimizing NNI: done in 0.0771337 secs using 796.5% CPU
Optimizing NNI: done in 0.0713309 secs using 791.7% CPU
Optimizing NNI: done in 0.0779494 secs using 792.3% CPU
Iteration 490 / LogL: -2975.071 / Time: 0h:0m:36s (0h:0m:5s left)
Optimizing NNI: done in 0.100319 secs using 788.5% CPU
Optimizing NNI: done in 0.0561617 secs using 791% CPU
Optimizing NNI: done in 0.0335478 secs using 775.6% CPU
Optimizing NNI: done in 0.0540727 secs using 793.1% CPU
Optimizing NNI: done in 0.0979908 secs using 792.6% CPU
Optimizing NNI: done in 0.0874743 secs using 796.2% CPU
Optimizing NNI: done in 0.039545 secs using 803.8% CPU
Optimizing NNI: done in 0.116747 secs using 792.5% CPU
Optimizing NNI: done in 0.0521553 secs using 788.1% CPU
Optimizing NNI: done in 0.057464 secs using 796.7% CPU
Iteration 500 / LogL: -2971.266 / Time: 0h:0m:37s (0h:0m:4s left)
Log-likelihood cutoff on original alignment: -3001.840
NOTE: Bootstrap correlation coefficient of split occurrence frequencies: 0.953
NOTE: UFBoot does not converge, continue at least 100 more iterations
Optimizing NNI: done in 0.0791115 secs using 789.8% CPU
Optimizing NNI: done in 0.0390083 secs using 793.3% CPU
Optimizing NNI: done in 0.077537 secs using 791.2% CPU
Optimizing NNI: done in 0.0978525 secs using 791.6% CPU
Optimizing NNI: done in 0.0754215 secs using 787.2% CPU
Optimizing NNI: done in 0.0390702 secs using 793.8% CPU
Optimizing NNI: done in 0.0379263 secs using 789.2% CPU
Optimizing NNI: done in 0.0388528 secs using 790.9% CPU
Optimizing NNI: done in 0.0738879 secs using 794.5% CPU
Optimizing NNI: done in 0.0382056 secs using 789.8% CPU
Iteration 510 / LogL: -2975.069 / Time: 0h:0m:38s (0h:0m:6s left)
Optimizing NNI: done in 0.0762001 secs using 791.6% CPU
Optimizing NNI: done in 0.101421 secs using 797.7% CPU
Optimizing NNI: done in 0.0576575 secs using 800.1% CPU
Optimizing NNI: done in 0.0554882 secs using 795% CPU
Optimizing NNI: done in 0.0595879 secs using 794.5% CPU
Optimizing NNI: done in 0.0586862 secs using 797.9% CPU
Optimizing NNI: done in 0.0774048 secs using 787.8% CPU
Optimizing NNI: done in 0.0565247 secs using 785.7% CPU
Optimizing NNI: done in 0.0573716 secs using 790% CPU
Optimizing NNI: done in 0.0260443 secs using 794.7% CPU
Iteration 520 / LogL: -2971.264 / Time: 0h:0m:39s (0h:0m:6s left)
Optimizing NNI: done in 0.0957263 secs using 797.1% CPU
Optimizing NNI: done in 0.0564125 secs using 800.8% CPU
Optimizing NNI: done in 0.0512253 secs using 791.2% CPU
Optimizing NNI: done in 0.0588229 secs using 789.9% CPU
Optimizing NNI: done in 0.0389374 secs using 796.9% CPU
Optimizing NNI: done in 0.0404579 secs using 799% CPU
Optimizing NNI: done in 0.0751971 secs using 789.6% CPU
Optimizing NNI: done in 0.0389895 secs using 788.6% CPU
Optimizing NNI: done in 0.0563725 secs using 797.2% CPU
Optimizing NNI: done in 0.089735 secs using 794.1% CPU
Iteration 530 / LogL: -2971.266 / Time: 0h:0m:40s (0h:0m:5s left)
Optimizing NNI: done in 0.0948097 secs using 791.8% CPU
Optimizing NNI: done in 0.0829284 secs using 796.6% CPU
Optimizing NNI: done in 0.0914134 secs using 788.6% CPU
Optimizing NNI: done in 0.0866237 secs using 791.1% CPU
Optimizing NNI: done in 0.0588179 secs using 791.4% CPU
Optimizing NNI: done in 0.0981308 secs using 789.9% CPU
Optimizing NNI: done in 0.0379684 secs using 795.6% CPU
Optimizing NNI: done in 0.0769422 secs using 792.5% CPU
Optimizing NNI: done in 0.0756672 secs using 795.8% CPU
Optimizing NNI: done in 0.0785847 secs using 796.8% CPU
Iteration 540 / LogL: -2971.267 / Time: 0h:0m:40s (0h:0m:4s left)
Optimizing NNI: done in 0.0543614 secs using 795.9% CPU
Optimizing NNI: done in 0.0548102 secs using 794.6% CPU
Optimizing NNI: done in 0.0583462 secs using 803.2% CPU
Optimizing NNI: done in 0.058814 secs using 798.4% CPU
Optimizing NNI: done in 0.101227 secs using 798.6% CPU
Optimizing NNI: done in 0.0404545 secs using 783.2% CPU
Optimizing NNI: done in 0.0569503 secs using 795% CPU
Optimizing NNI: done in 0.0961449 secs using 793.3% CPU
Optimizing NNI: done in 0.0384909 secs using 800.5% CPU
Optimizing NNI: done in 0.0707721 secs using 793.4% CPU
Iteration 550 / LogL: -2971.267 / Time: 0h:0m:41s (0h:0m:3s left)
Log-likelihood cutoff on original alignment: -3001.840
Optimizing NNI: done in 0.0965537 secs using 787.9% CPU
Optimizing NNI: done in 0.0877621 secs using 794.5% CPU
Optimizing NNI: done in 0.0371604 secs using 789.5% CPU
Optimizing NNI: done in 0.0569786 secs using 794.2% CPU
Optimizing NNI: done in 0.111215 secs using 795.6% CPU
Optimizing NNI: done in 0.0392142 secs using 785.8% CPU
Optimizing NNI: done in 0.0677477 secs using 798.6% CPU
Optimizing NNI: done in 0.0576647 secs using 793.9% CPU
Optimizing NNI: done in 0.0767398 secs using 787.9% CPU
Optimizing NNI: done in 0.0778925 secs using 793.3% CPU
Iteration 560 / LogL: -2971.269 / Time: 0h:0m:42s (0h:0m:3s left)
Optimizing NNI: done in 0.0765986 secs using 788.1% CPU
Optimizing NNI: done in 0.0580722 secs using 789.9% CPU
Optimizing NNI: done in 0.0781192 secs using 791.2% CPU
Optimizing NNI: done in 0.0580556 secs using 793.7% CPU
Optimizing NNI: done in 0.0397419 secs using 783% CPU
Optimizing NNI: done in 0.0761573 secs using 792.1% CPU
Optimizing NNI: done in 0.0716156 secs using 790.1% CPU
Optimizing NNI: done in 0.0900923 secs using 793.2% CPU
Optimizing NNI: done in 0.0582358 secs using 791.5% CPU
Optimizing NNI: done in 0.0829156 secs using 794.2% CPU
Iteration 570 / LogL: -2971.268 / Time: 0h:0m:43s (0h:0m:2s left)
Optimizing NNI: done in 0.0776453 secs using 789.6% CPU
Optimizing NNI: done in 0.05608 secs using 791.1% CPU
Optimizing NNI: done in 0.0377255 secs using 776.5% CPU
Optimizing NNI: done in 0.0771412 secs using 790.8% CPU
Optimizing NNI: done in 0.0982474 secs using 794.2% CPU
Optimizing NNI: done in 0.0367206 secs using 795.9% CPU
Optimizing NNI: done in 0.0597093 secs using 794.1% CPU
Optimizing NNI: done in 0.0818618 secs using 792.9% CPU
Optimizing NNI: done in 0.0622396 secs using 789.9% CPU
Optimizing NNI: done in 0.0723996 secs using 792.2% CPU
Iteration 580 / LogL: -2971.268 / Time: 0h:0m:44s (0h:0m:1s left)
Optimizing NNI: done in 0.0816527 secs using 786.2% CPU
Optimizing NNI: done in 0.0764571 secs using 788.2% CPU
Optimizing NNI: done in 0.0570949 secs using 789.6% CPU
Optimizing NNI: done in 0.0589602 secs using 792.1% CPU
Optimizing NNI: done in 0.0754593 secs using 798.3% CPU
Optimizing NNI: done in 0.0399564 secs using 788.8% CPU
Optimizing NNI: done in 0.03953 secs using 781.8% CPU
Optimizing NNI: done in 0.0806457 secs using 795.4% CPU
Optimizing NNI: done in 0.0761452 secs using 797.1% CPU
Optimizing NNI: done in 0.0895341 secs using 796.1% CPU
Iteration 590 / LogL: -2971.269 / Time: 0h:0m:45s (0h:0m:0s left)
Optimizing NNI: done in 0.0725222 secs using 788.1% CPU
Optimizing NNI: done in 0.124111 secs using 789.9% CPU
Optimizing NNI: done in 0.080496 secs using 788.6% CPU
Optimizing NNI: done in 0.0572682 secs using 789% CPU
Optimizing NNI: done in 0.0605373 secs using 785.1% CPU
Optimizing NNI: done in 0.0381744 secs using 792.2% CPU
Optimizing NNI: done in 0.0564925 secs using 786.2% CPU
Optimizing NNI: done in 0.0574113 secs using 787.5% CPU
Optimizing NNI: done in 0.054616 secs using 786.6% CPU
Optimizing NNI: done in 0.0830122 secs using 793.7% CPU
Iteration 600 / LogL: -2971.267 / Time: 0h:0m:45s (0h:0m:0s left)
Log-likelihood cutoff on original alignment: -3002.709
NOTE: Bootstrap correlation coefficient of split occurrence frequencies: 0.953
NOTE: UFBoot does not converge, continue at least 100 more iterations
Optimizing NNI: done in 0.0733881 secs using 792% CPU
Optimizing NNI: done in 0.0561881 secs using 791.6% CPU
Optimizing NNI: done in 0.0357855 secs using 791.5% CPU
Optimizing NNI: done in 0.038886 secs using 795.8% CPU
Optimizing NNI: done in 0.0373692 secs using 789% CPU
Optimizing NNI: done in 0.0395068 secs using 786.9% CPU
Optimizing NNI: done in 0.0741224 secs using 789.6% CPU
Optimizing NNI: done in 0.0552698 secs using 785.2% CPU
Optimizing NNI: done in 0.0519239 secs using 793.9% CPU
Optimizing NNI: done in 0.05949 secs using 788.5% CPU
Iteration 610 / LogL: -2971.266 / Time: 0h:0m:46s (0h:0m:6s left)
Optimizing NNI: done in 0.0557912 secs using 798.2% CPU
Optimizing NNI: done in 0.0591129 secs using 792.4% CPU
Optimizing NNI: done in 0.078242 secs using 796.4% CPU
Optimizing NNI: done in 0.0724953 secs using 788.8% CPU
Optimizing NNI: done in 0.0572891 secs using 791.8% CPU
Optimizing NNI: done in 0.0622316 secs using 792.2% CPU
Optimizing NNI: done in 0.0763611 secs using 785.6% CPU
Optimizing NNI: done in 0.0947341 secs using 795.8% CPU
Optimizing NNI: done in 0.0400308 secs using 792.8% CPU
Optimizing NNI: done in 0.0564203 secs using 800.2% CPU
Iteration 620 / LogL: -2971.264 / Time: 0h:0m:47s (0h:0m:6s left)
Optimizing NNI: done in 0.0710111 secs using 792.7% CPU
Optimizing NNI: done in 0.0791044 secs using 801.9% CPU
Optimizing NNI: done in 0.0776935 secs using 796.5% CPU
Optimizing NNI: done in 0.0968752 secs using 793.4% CPU
Optimizing NNI: done in 0.0809471 secs using 792.9% CPU
Optimizing NNI: done in 0.0574481 secs using 785.9% CPU
Optimizing NNI: done in 0.0725874 secs using 786.5% CPU
Optimizing NNI: done in 0.059043 secs using 795.4% CPU
Optimizing NNI: done in 0.0794618 secs using 789.4% CPU
Optimizing NNI: done in 0.0799052 secs using 793.2% CPU
Iteration 630 / LogL: -2971.271 / Time: 0h:0m:48s (0h:0m:5s left)
Optimizing NNI: done in 0.0399549 secs using 792.1% CPU
Optimizing NNI: done in 0.0995914 secs using 788.6% CPU
Optimizing NNI: done in 0.0944739 secs using 795.2% CPU
Optimizing NNI: done in 0.0561576 secs using 793% CPU
Optimizing NNI: done in 0.0720852 secs using 789.3% CPU
Optimizing NNI: done in 0.0764892 secs using 787.6% CPU
Optimizing NNI: done in 0.0770846 secs using 792.3% CPU
Optimizing NNI: done in 0.0925392 secs using 787.4% CPU
Optimizing NNI: done in 0.0386866 secs using 799% CPU
Optimizing NNI: done in 0.0595313 secs using 785.9% CPU
Iteration 640 / LogL: -2971.266 / Time: 0h:0m:49s (0h:0m:4s left)
Optimizing NNI: done in 0.0829059 secs using 796.4% CPU
Optimizing NNI: done in 0.0559354 secs using 782.3% CPU
Optimizing NNI: done in 0.0567242 secs using 791.1% CPU
Optimizing NNI: done in 0.0801626 secs using 791.4% CPU
Optimizing NNI: done in 0.0585333 secs using 784.2% CPU
Optimizing NNI: done in 0.075433 secs using 794.9% CPU
Optimizing NNI: done in 0.0925529 secs using 793.2% CPU
Optimizing NNI: done in 0.0584411 secs using 783.8% CPU
Optimizing NNI: done in 0.0902503 secs using 784.3% CPU
Optimizing NNI: done in 0.0592128 secs using 785.5% CPU
Iteration 650 / LogL: -2971.430 / Time: 0h:0m:50s (0h:0m:3s left)
Log-likelihood cutoff on original alignment: -3002.709
Optimizing NNI: done in 0.091868 secs using 793.4% CPU
Optimizing NNI: done in 0.0766526 secs using 787% CPU
Optimizing NNI: done in 0.038224 secs using 802.6% CPU
Optimizing NNI: done in 0.0776353 secs using 785.9% CPU
Optimizing NNI: done in 0.0866244 secs using 795.1% CPU
Optimizing NNI: done in 0.0571912 secs using 793.1% CPU
Optimizing NNI: done in 0.100086 secs using 788.3% CPU
Optimizing NNI: done in 0.0194917 secs using 805.9% CPU
Optimizing NNI: done in 0.0734629 secs using 784.7% CPU
Optimizing NNI: done in 0.0564436 secs using 787.5% CPU
Iteration 660 / LogL: -2971.265 / Time: 0h:0m:50s (0h:0m:3s left)
Optimizing NNI: done in 0.0284792 secs using 801% CPU
Optimizing NNI: done in 0.0773958 secs using 786.3% CPU
Optimizing NNI: done in 0.0533017 secs using 798.7% CPU
Optimizing NNI: done in 0.0829149 secs using 791% CPU
Optimizing NNI: done in 0.0736039 secs using 784.6% CPU
Optimizing NNI: done in 0.0386931 secs using 798.6% CPU
Optimizing NNI: done in 0.065643 secs using 783% CPU
Optimizing NNI: done in 0.0890787 secs using 786.3% CPU
Optimizing NNI: done in 0.0821761 secs using 798.4% CPU
Optimizing NNI: done in 0.0378251 secs using 775.2% CPU
Iteration 670 / LogL: -2971.264 / Time: 0h:0m:51s (0h:0m:2s left)
Optimizing NNI: done in 0.0738347 secs using 786.4% CPU
Optimizing NNI: done in 0.10017 secs using 788.5% CPU
Optimizing NNI: done in 0.0405422 secs using 799.4% CPU
Optimizing NNI: done in 0.0728295 secs using 793.3% CPU
Optimizing NNI: done in 0.0720938 secs using 789.6% CPU
Optimizing NNI: done in 0.0802671 secs using 784.4% CPU
Optimizing NNI: done in 0.109603 secs using 787.9% CPU
Optimizing NNI: done in 0.0591859 secs using 799.7% CPU
Optimizing NNI: done in 0.0751993 secs using 788.7% CPU
BETTER TREE FOUND at iteration 679: -2971.264
Optimizing NNI: done in 0.0716727 secs using 791.8% CPU
Iteration 680 / LogL: -2988.492 / Time: 0h:0m:52s (0h:0m:7s left)
Optimizing NNI: done in 0.0597513 secs using 797.5% CPU
Optimizing NNI: done in 0.0788892 secs using 785.3% CPU
Optimizing NNI: done in 0.057899 secs using 792% CPU
Optimizing NNI: done in 0.0858526 secs using 790.7% CPU
Optimizing NNI: done in 0.0770924 secs using 789.6% CPU
Optimizing NNI: done in 0.0586564 secs using 794.4% CPU
Optimizing NNI: done in 0.0381072 secs using 808.2% CPU
Optimizing NNI: done in 0.0579786 secs using 782% CPU
Optimizing NNI: done in 0.0396216 secs using 779.2% CPU
Optimizing NNI: done in 0.0397398 secs using 793.5% CPU
Iteration 690 / LogL: -2971.266 / Time: 0h:0m:53s (0h:0m:6s left)
Optimizing NNI: done in 0.057638 secs using 796.6% CPU
Optimizing NNI: done in 0.0398378 secs using 773.2% CPU
Optimizing NNI: done in 0.0354725 secs using 798.9% CPU
Optimizing NNI: done in 0.0582554 secs using 788.8% CPU
Optimizing NNI: done in 0.071396 secs using 788.7% CPU
Optimizing NNI: done in 0.0709272 secs using 787.5% CPU
Optimizing NNI: done in 0.0993063 secs using 797.9% CPU
Optimizing NNI: done in 0.0570916 secs using 794.2% CPU
Optimizing NNI: done in 0.0704881 secs using 791% CPU
Optimizing NNI: done in 0.055226 secs using 792.4% CPU
Iteration 700 / LogL: -2971.264 / Time: 0h:0m:54s (0h:0m:6s left)
Log-likelihood cutoff on original alignment: -3002.709
NOTE: Bootstrap correlation coefficient of split occurrence frequencies: 0.951
NOTE: UFBoot does not converge, continue at least 100 more iterations
Optimizing NNI: done in 0.127186 secs using 790% CPU
Optimizing NNI: done in 0.0556079 secs using 797.2% CPU
Optimizing NNI: done in 0.0618209 secs using 793.4% CPU
Optimizing NNI: done in 0.0577803 secs using 791.9% CPU
Optimizing NNI: done in 0.0725315 secs using 788.8% CPU
Optimizing NNI: done in 0.0783113 secs using 791.2% CPU
Optimizing NNI: done in 0.0390206 secs using 788.3% CPU
Optimizing NNI: done in 0.106104 secs using 792.4% CPU
Optimizing NNI: done in 0.037278 secs using 795.6% CPU
Optimizing NNI: done in 0.0934171 secs using 787.8% CPU
Iteration 710 / LogL: -2971.267 / Time: 0h:0m:55s (0h:0m:7s left)
Optimizing NNI: done in 0.0745798 secs using 795.8% CPU
Optimizing NNI: done in 0.0583151 secs using 782.5% CPU
Optimizing NNI: done in 0.076764 secs using 792% CPU
Optimizing NNI: done in 0.0581313 secs using 791.3% CPU
Optimizing NNI: done in 0.076585 secs using 794.8% CPU
Optimizing NNI: done in 0.0935375 secs using 791.4% CPU
Optimizing NNI: done in 0.0799547 secs using 790.2% CPU
Optimizing NNI: done in 0.0727833 secs using 786.6% CPU
Optimizing NNI: done in 0.057542 secs using 798.4% CPU
Optimizing NNI: done in 0.0739938 secs using 793.6% CPU
Iteration 720 / LogL: -2971.266 / Time: 0h:0m:56s (0h:0m:6s left)
Optimizing NNI: done in 0.0768573 secs using 791.5% CPU
Optimizing NNI: done in 0.0597812 secs using 795.7% CPU
Optimizing NNI: done in 0.0592046 secs using 787% CPU
Optimizing NNI: done in 0.0733983 secs using 788.6% CPU
Optimizing NNI: done in 0.0398773 secs using 794.6% CPU
Optimizing NNI: done in 0.0575485 secs using 800.8% CPU
Optimizing NNI: done in 0.0389905 secs using 795.6% CPU
Optimizing NNI: done in 0.0934777 secs using 786.8% CPU
Optimizing NNI: done in 0.0779979 secs using 794.3% CPU
Optimizing NNI: done in 0.0764836 secs using 789.9% CPU
Iteration 730 / LogL: -2971.267 / Time: 0h:0m:56s (0h:0m:5s left)
Optimizing NNI: done in 0.0909601 secs using 794.2% CPU
Optimizing NNI: done in 0.0580759 secs using 781.4% CPU
Optimizing NNI: done in 0.0387557 secs using 795.2% CPU
Optimizing NNI: done in 0.0755739 secs using 794.4% CPU
Optimizing NNI: done in 0.05865 secs using 794.6% CPU
Optimizing NNI: done in 0.0730701 secs using 790.9% CPU
Optimizing NNI: done in 0.0585881 secs using 785.3% CPU
Optimizing NNI: done in 0.0705727 secs using 799% CPU
Optimizing NNI: done in 0.0952545 secs using 791.7% CPU
Optimizing NNI: done in 0.0546514 secs using 800.2% CPU
Iteration 740 / LogL: -2971.266 / Time: 0h:0m:57s (0h:0m:4s left)
Optimizing NNI: done in 0.0560912 secs using 792.6% CPU
Optimizing NNI: done in 0.0583931 secs using 789% CPU
Optimizing NNI: done in 0.0580841 secs using 787.1% CPU
Optimizing NNI: done in 0.0783015 secs using 795.9% CPU
Optimizing NNI: done in 0.0955594 secs using 790.8% CPU
Optimizing NNI: done in 0.0623184 secs using 800.3% CPU
Optimizing NNI: done in 0.0547052 secs using 782.8% CPU
Optimizing NNI: done in 0.0695045 secs using 797.4% CPU
Optimizing NNI: done in 0.0739334 secs using 790.8% CPU
Optimizing NNI: done in 0.0964854 secs using 795.2% CPU
Iteration 750 / LogL: -2971.269 / Time: 0h:0m:58s (0h:0m:3s left)
Log-likelihood cutoff on original alignment: -3002.709
Optimizing NNI: done in 0.0710928 secs using 788.5% CPU
Optimizing NNI: done in 0.0877607 secs using 793.6% CPU
Optimizing NNI: done in 0.038165 secs using 783.7% CPU
Optimizing NNI: done in 0.0792626 secs using 790.5% CPU
Optimizing NNI: done in 0.0914653 secs using 795.4% CPU
Optimizing NNI: done in 0.0534598 secs using 785.5% CPU
Optimizing NNI: done in 0.0764465 secs using 796.6% CPU
Optimizing NNI: done in 0.0579328 secs using 794.5% CPU
Optimizing NNI: done in 0.0665607 secs using 798.5% CPU
Optimizing NNI: done in 0.039258 secs using 788.3% CPU
Iteration 760 / LogL: -2975.042 / Time: 0h:0m:59s (0h:0m:3s left)
Optimizing NNI: done in 0.0617117 secs using 791.3% CPU
Optimizing NNI: done in 0.0384241 secs using 803.2% CPU
Optimizing NNI: done in 0.0588631 secs using 796.9% CPU
Optimizing NNI: done in 0.0579522 secs using 783% CPU
Optimizing NNI: done in 0.0715639 secs using 787.3% CPU
Optimizing NNI: done in 0.0587345 secs using 789.8% CPU
Optimizing NNI: done in 0.0589346 secs using 793.4% CPU
Optimizing NNI: done in 0.0577507 secs using 794% CPU
Optimizing NNI: done in 0.0711568 secs using 789.8% CPU
Optimizing NNI: done in 0.0626569 secs using 789.2% CPU
Iteration 770 / LogL: -2971.265 / Time: 0h:1m:0s (0h:0m:2s left)
Optimizing NNI: done in 0.0575622 secs using 798.6% CPU
Optimizing NNI: done in 0.0732667 secs using 790.2% CPU
Optimizing NNI: done in 0.125098 secs using 793.2% CPU
Optimizing NNI: done in 0.0601813 secs using 790.8% CPU
Optimizing NNI: done in 0.0395598 secs using 800.6% CPU
Optimizing NNI: done in 0.0314224 secs using 782.7% CPU
Optimizing NNI: done in 0.0770394 secs using 790.2% CPU
Optimizing NNI: done in 0.0764762 secs using 786.2% CPU
Optimizing NNI: done in 0.0386441 secs using 774.3% CPU
Optimizing NNI: done in 0.0932096 secs using 798.1% CPU
Iteration 780 / LogL: -2971.433 / Time: 0h:1m:1s (0h:0m:1s left)
Optimizing NNI: done in 0.0582175 secs using 789.4% CPU
Optimizing NNI: done in 0.0735136 secs using 800.2% CPU
Optimizing NNI: done in 0.111702 secs using 789.1% CPU
Optimizing NNI: done in 0.0670575 secs using 790.7% CPU
Optimizing NNI: done in 0.0551137 secs using 786.2% CPU
Optimizing NNI: done in 0.0763513 secs using 787.7% CPU
Optimizing NNI: done in 0.0579813 secs using 788.9% CPU
Optimizing NNI: done in 0.0795555 secs using 786.6% CPU
Optimizing NNI: done in 0.0772868 secs using 792.9% CPU
Optimizing NNI: done in 0.0807552 secs using 795.1% CPU
Iteration 790 / LogL: -2971.266 / Time: 0h:1m:2s (0h:0m:0s left)
Optimizing NNI: done in 0.0671472 secs using 794.2% CPU
Optimizing NNI: done in 0.0762065 secs using 797.5% CPU
Optimizing NNI: done in 0.0817858 secs using 794.2% CPU
Optimizing NNI: done in 0.0713876 secs using 786.7% CPU
Optimizing NNI: done in 0.0795361 secs using 787.1% CPU
Optimizing NNI: done in 0.0580169 secs using 789.4% CPU
Optimizing NNI: done in 0.060676 secs using 789.8% CPU
Optimizing NNI: done in 0.0900578 secs using 793.1% CPU
Optimizing NNI: done in 0.0573818 secs using 789.1% CPU
Optimizing NNI: done in 0.0779308 secs using 794.7% CPU
Iteration 800 / LogL: -2971.270 / Time: 0h:1m:3s (0h:0m:0s left)
Log-likelihood cutoff on original alignment: -3002.709
NOTE: Bootstrap correlation coefficient of split occurrence frequencies: 0.974
NOTE: UFBoot does not converge, continue at least 100 more iterations
Optimizing NNI: done in 0.112384 secs using 791.4% CPU
Optimizing NNI: done in 0.0574578 secs using 787.4% CPU
Optimizing NNI: done in 0.0390251 secs using 788.8% CPU
Optimizing NNI: done in 0.0587583 secs using 793% CPU
Optimizing NNI: done in 0.034372 secs using 785.4% CPU
Optimizing NNI: done in 0.0774596 secs using 787.1% CPU
Optimizing NNI: done in 0.0731807 secs using 791.6% CPU
Optimizing NNI: done in 0.0382126 secs using 788.6% CPU
Optimizing NNI: done in 0.0401201 secs using 785.9% CPU
Optimizing NNI: done in 0.0638313 secs using 794% CPU
Iteration 810 / LogL: -2971.265 / Time: 0h:1m:3s (0h:0m:7s left)
Optimizing NNI: done in 0.055782 secs using 796.3% CPU
Optimizing NNI: done in 0.0796016 secs using 796.2% CPU
Optimizing NNI: done in 0.0832357 secs using 784.6% CPU
Optimizing NNI: done in 0.0526409 secs using 784.5% CPU
Optimizing NNI: done in 0.0973237 secs using 786.5% CPU
Optimizing NNI: done in 0.0589951 secs using 787.9% CPU
Optimizing NNI: done in 0.0730648 secs using 791.2% CPU
Optimizing NNI: done in 0.0768219 secs using 793% CPU
Optimizing NNI: done in 0.0933971 secs using 789.5% CPU
Optimizing NNI: done in 0.0744872 secs using 787.5% CPU
Iteration 820 / LogL: -2971.265 / Time: 0h:1m:4s (0h:0m:6s left)
Optimizing NNI: done in 0.106464 secs using 798.1% CPU
Optimizing NNI: done in 0.0781578 secs using 794.6% CPU
Optimizing NNI: done in 0.0384216 secs using 803.1% CPU
Optimizing NNI: done in 0.0596582 secs using 795.9% CPU
Optimizing NNI: done in 0.0776978 secs using 795.1% CPU
Optimizing NNI: done in 0.0925902 secs using 796.8% CPU
Optimizing NNI: done in 0.0382449 secs using 790.7% CPU
Optimizing NNI: done in 0.0380442 secs using 792.3% CPU
Optimizing NNI: done in 0.0790919 secs using 783.8% CPU
Optimizing NNI: done in 0.0594912 secs using 788.6% CPU
Iteration 830 / LogL: -2971.268 / Time: 0h:1m:5s (0h:0m:5s left)
Optimizing NNI: done in 0.0935611 secs using 794.3% CPU
Optimizing NNI: done in 0.0744694 secs using 798.1% CPU
Optimizing NNI: done in 0.0302306 secs using 788.9% CPU
Optimizing NNI: done in 0.0741883 secs using 789.5% CPU
Optimizing NNI: done in 0.0708312 secs using 790.2% CPU
Optimizing NNI: done in 0.0584688 secs using 799.3% CPU
Optimizing NNI: done in 0.0541514 secs using 789% CPU
Optimizing NNI: done in 0.0553439 secs using 788.6% CPU
Optimizing NNI: done in 0.0396448 secs using 800.4% CPU
Optimizing NNI: done in 0.0797684 secs using 795.2% CPU
Iteration 840 / LogL: -2971.268 / Time: 0h:1m:6s (0h:0m:4s left)
Optimizing NNI: done in 0.0748495 secs using 793.2% CPU
Optimizing NNI: done in 0.0778856 secs using 794% CPU
Optimizing NNI: done in 0.0631243 secs using 792.5% CPU
Optimizing NNI: done in 0.0755861 secs using 797.9% CPU
Optimizing NNI: done in 0.0779158 secs using 787.2% CPU
Optimizing NNI: done in 0.0194639 secs using 775.1% CPU
Optimizing NNI: done in 0.039336 secs using 800.8% CPU
Optimizing NNI: done in 0.0573924 secs using 798.5% CPU
Optimizing NNI: done in 0.0599037 secs using 793.3% CPU
Optimizing NNI: done in 0.120979 secs using 794.9% CPU
Iteration 850 / LogL: -2971.271 / Time: 0h:1m:7s (0h:0m:3s left)
Log-likelihood cutoff on original alignment: -3002.992
Optimizing NNI: done in 0.0409878 secs using 795.5% CPU
Optimizing NNI: done in 0.0765338 secs using 795.8% CPU
Optimizing NNI: done in 0.099498 secs using 796.4% CPU
Optimizing NNI: done in 0.0578115 secs using 794.8% CPU
Optimizing NNI: done in 0.0782003 secs using 790.1% CPU
Optimizing NNI: done in 0.0377559 secs using 773.4% CPU
Optimizing NNI: done in 0.0784145 secs using 785.6% CPU
Optimizing NNI: done in 0.0763263 secs using 791.1% CPU
Optimizing NNI: done in 0.0784063 secs using 791.9% CPU
Optimizing NNI: done in 0.037529 secs using 785.6% CPU
Iteration 860 / LogL: -2975.042 / Time: 0h:1m:8s (0h:0m:3s left)
Optimizing NNI: done in 0.0767201 secs using 789.2% CPU
Optimizing NNI: done in 0.0732243 secs using 792.2% CPU
Optimizing NNI: done in 0.0863491 secs using 795.8% CPU
Optimizing NNI: done in 0.0379249 secs using 794.3% CPU
Optimizing NNI: done in 0.0873554 secs using 789.9% CPU
Optimizing NNI: done in 0.0973568 secs using 792.7% CPU
Optimizing NNI: done in 0.0520892 secs using 789.2% CPU
Optimizing NNI: done in 0.0582082 secs using 789.2% CPU
Optimizing NNI: done in 0.0765482 secs using 788.2% CPU
Optimizing NNI: done in 0.0947171 secs using 786.1% CPU
Iteration 870 / LogL: -2971.270 / Time: 0h:1m:9s (0h:0m:2s left)
Optimizing NNI: done in 0.0522055 secs using 788.8% CPU
Optimizing NNI: done in 0.0731418 secs using 801.6% CPU
Optimizing NNI: done in 0.0574196 secs using 788.6% CPU
Optimizing NNI: done in 0.0579317 secs using 789.7% CPU
Optimizing NNI: done in 0.0686219 secs using 797.8% CPU
Optimizing NNI: done in 0.0585028 secs using 785.8% CPU
Optimizing NNI: done in 0.106014 secs using 790.4% CPU
Optimizing NNI: done in 0.117544 secs using 796.3% CPU
Optimizing NNI: done in 0.074888 secs using 794.1% CPU
Optimizing NNI: done in 0.0705665 secs using 797% CPU
Iteration 880 / LogL: -2971.266 / Time: 0h:1m:10s (0h:0m:1s left)
Optimizing NNI: done in 0.0892107 secs using 799.9% CPU
Optimizing NNI: done in 0.0743319 secs using 789.5% CPU
Optimizing NNI: done in 0.0750562 secs using 790.9% CPU
Optimizing NNI: done in 0.0899296 secs using 790.5% CPU
Optimizing NNI: done in 0.079783 secs using 792.2% CPU
Optimizing NNI: done in 0.0384002 secs using 798.9% CPU
Optimizing NNI: done in 0.054891 secs using 794.2% CPU
Optimizing NNI: done in 0.0557675 secs using 794.2% CPU
Optimizing NNI: done in 0.0377597 secs using 774.1% CPU
Optimizing NNI: done in 0.0581996 secs using 789% CPU
Iteration 890 / LogL: -2971.266 / Time: 0h:1m:11s (0h:0m:0s left)
Optimizing NNI: done in 0.0682939 secs using 789.9% CPU
Optimizing NNI: done in 0.041616 secs using 801.3% CPU
Optimizing NNI: done in 0.0398397 secs using 795.6% CPU
Optimizing NNI: done in 0.0574441 secs using 785.8% CPU
Optimizing NNI: done in 0.0580631 secs using 789.6% CPU
Optimizing NNI: done in 0.0749519 secs using 792.9% CPU
Optimizing NNI: done in 0.0844241 secs using 784.7% CPU
Optimizing NNI: done in 0.0578306 secs using 776.4% CPU
Optimizing NNI: done in 0.0752912 secs using 790.4% CPU
Optimizing NNI: done in 0.0560809 secs using 794.3% CPU
Iteration 900 / LogL: -2971.269 / Time: 0h:1m:11s (0h:0m:0s left)
Log-likelihood cutoff on original alignment: -3002.992
NOTE: Bootstrap correlation coefficient of split occurrence frequencies: 0.979
NOTE: UFBoot does not converge, continue at least 100 more iterations
Optimizing NNI: done in 0.0783475 secs using 792.3% CPU
Optimizing NNI: done in 0.0725491 secs using 784.4% CPU
Optimizing NNI: done in 0.0860269 secs using 792.6% CPU
Optimizing NNI: done in 0.0720524 secs using 787.2% CPU
Optimizing NNI: done in 0.088908 secs using 785.7% CPU
Optimizing NNI: done in 0.0790038 secs using 788.8% CPU
Optimizing NNI: done in 0.0584786 secs using 785.3% CPU
Optimizing NNI: done in 0.0944182 secs using 789.1% CPU
Optimizing NNI: done in 0.0912583 secs using 792.4% CPU
Optimizing NNI: done in 0.0746145 secs using 783.4% CPU
Iteration 910 / LogL: -2976.932 / Time: 0h:1m:13s (0h:0m:7s left)
Optimizing NNI: done in 0.0830194 secs using 789.5% CPU
Optimizing NNI: done in 0.0584991 secs using 785.4% CPU
Optimizing NNI: done in 0.058089 secs using 788.4% CPU
Optimizing NNI: done in 0.040077 secs using 804.8% CPU
Optimizing NNI: done in 0.0530211 secs using 792.2% CPU
Optimizing NNI: done in 0.0762113 secs using 790.3% CPU
Optimizing NNI: done in 0.0851577 secs using 790.8% CPU
Optimizing NNI: done in 0.0768845 secs using 795.1% CPU
Optimizing NNI: done in 0.0590308 secs using 791.9% CPU
Optimizing NNI: done in 0.0518324 secs using 793.1% CPU
Iteration 920 / LogL: -2971.267 / Time: 0h:1m:13s (0h:0m:6s left)
Optimizing NNI: done in 0.0395794 secs using 797.5% CPU
Optimizing NNI: done in 0.0745447 secs using 798.2% CPU
Optimizing NNI: done in 0.0594221 secs using 800% CPU
Optimizing NNI: done in 0.0390078 secs using 786% CPU
Optimizing NNI: done in 0.0867663 secs using 793.8% CPU
Optimizing NNI: done in 0.0675534 secs using 787.4% CPU
Optimizing NNI: done in 0.0777418 secs using 796.5% CPU
Optimizing NNI: done in 0.0920734 secs using 793.5% CPU
Optimizing NNI: done in 0.105546 secs using 794% CPU
Optimizing NNI: done in 0.0952525 secs using 792.4% CPU
Iteration 930 / LogL: -2971.433 / Time: 0h:1m:14s (0h:0m:5s left)
Optimizing NNI: done in 0.082627 secs using 786.2% CPU
Optimizing NNI: done in 0.109158 secs using 789.4% CPU
Optimizing NNI: done in 0.0800254 secs using 792.9% CPU
Optimizing NNI: done in 0.0861468 secs using 789.7% CPU
Optimizing NNI: done in 0.0600867 secs using 794.8% CPU
Optimizing NNI: done in 0.0774868 secs using 800.1% CPU
Optimizing NNI: done in 0.0756063 secs using 796.9% CPU
Optimizing NNI: done in 0.0769194 secs using 782.1% CPU
Optimizing NNI: done in 0.0751565 secs using 790% CPU
Optimizing NNI: done in 0.0738547 secs using 793.1% CPU
Iteration 940 / LogL: -2971.267 / Time: 0h:1m:15s (0h:0m:4s left)
Optimizing NNI: done in 0.0310272 secs using 756.6% CPU
Optimizing NNI: done in 0.0415499 secs using 797.5% CPU
Optimizing NNI: done in 0.0530941 secs using 783.4% CPU
Optimizing NNI: done in 0.117906 secs using 782.5% CPU
Optimizing NNI: done in 0.0589379 secs using 796.1% CPU
Optimizing NNI: done in 0.0558337 secs using 797.2% CPU
Optimizing NNI: done in 0.0767786 secs using 792.1% CPU
Optimizing NNI: done in 0.0389142 secs using 797.3% CPU
Optimizing NNI: done in 0.0783209 secs using 791.5% CPU
Optimizing NNI: done in 0.0573754 secs using 800.8% CPU
Iteration 950 / LogL: -2975.069 / Time: 0h:1m:16s (0h:0m:4s left)
Log-likelihood cutoff on original alignment: -3002.992
Optimizing NNI: done in 0.0561249 secs using 789.2% CPU
Optimizing NNI: done in 0.0774429 secs using 795.7% CPU
Optimizing NNI: done in 0.125258 secs using 788.6% CPU
Optimizing NNI: done in 0.0292186 secs using 786.7% CPU
Optimizing NNI: done in 0.0586603 secs using 787.5% CPU
Optimizing NNI: done in 0.0920914 secs using 792.6% CPU
Optimizing NNI: done in 0.0772384 secs using 792.2% CPU
Optimizing NNI: done in 0.028607 secs using 804.9% CPU
Optimizing NNI: done in 0.0604683 secs using 799.9% CPU
Optimizing NNI: done in 0.0588575 secs using 792.9% CPU
Iteration 960 / LogL: -2971.268 / Time: 0h:1m:17s (0h:0m:3s left)
Optimizing NNI: done in 0.0915248 secs using 792.8% CPU
Optimizing NNI: done in 0.0727547 secs using 784.1% CPU
Optimizing NNI: done in 0.0552744 secs using 801% CPU
Optimizing NNI: done in 0.0789444 secs using 794.9% CPU
Optimizing NNI: done in 0.0719055 secs using 792.7% CPU
Optimizing NNI: done in 0.0594094 secs using 789.1% CPU
Optimizing NNI: done in 0.0759469 secs using 789.7% CPU
Optimizing NNI: done in 0.0971463 secs using 791.7% CPU
Optimizing NNI: done in 0.0936082 secs using 787.2% CPU
Optimizing NNI: done in 0.0799394 secs using 790.3% CPU
Iteration 970 / LogL: -2971.268 / Time: 0h:1m:18s (0h:0m:2s left)
Optimizing NNI: done in 0.0558273 secs using 797% CPU
Optimizing NNI: done in 0.0751599 secs using 796.8% CPU
Optimizing NNI: done in 0.0795065 secs using 790.1% CPU
Optimizing NNI: done in 0.0388829 secs using 789.6% CPU
Optimizing NNI: done in 0.0756405 secs using 794.4% CPU
Optimizing NNI: done in 0.0752505 secs using 793.6% CPU
Optimizing NNI: done in 0.0385926 secs using 802.7% CPU
Optimizing NNI: done in 0.0552052 secs using 802% CPU
Optimizing NNI: done in 0.0593089 secs using 799.8% CPU
Optimizing NNI: done in 0.0597295 secs using 795% CPU
Iteration 980 / LogL: -2971.432 / Time: 0h:1m:19s (0h:0m:1s left)
Optimizing NNI: done in 0.039589 secs using 784% CPU
Optimizing NNI: done in 0.0583161 secs using 798.3% CPU
Optimizing NNI: done in 0.0397478 secs using 779.5% CPU
Optimizing NNI: done in 0.077964 secs using 791% CPU
Optimizing NNI: done in 0.0970408 secs using 793% CPU
Optimizing NNI: done in 0.0573301 secs using 790.1% CPU
Optimizing NNI: done in 0.0382553 secs using 790.8% CPU
Optimizing NNI: done in 0.0381668 secs using 792.6% CPU
Optimizing NNI: done in 0.0855509 secs using 796% CPU
Optimizing NNI: done in 0.0748261 secs using 795.8% CPU
Iteration 990 / LogL: -2971.266 / Time: 0h:1m:20s (0h:0m:0s left)
Optimizing NNI: done in 0.0878358 secs using 793.9% CPU
Optimizing NNI: done in 0.0746371 secs using 785.2% CPU
Optimizing NNI: done in 0.0349893 secs using 782.8% CPU
Optimizing NNI: done in 0.0374918 secs using 783.1% CPU
Optimizing NNI: done in 0.0561523 secs using 789.6% CPU
Optimizing NNI: done in 0.058355 secs using 789.7% CPU
Optimizing NNI: done in 0.0690405 secs using 791.2% CPU
Optimizing NNI: done in 0.070501 secs using 795.9% CPU
Optimizing NNI: done in 0.0565745 secs using 787.3% CPU
Optimizing NNI: done in 0.0814396 secs using 799.3% CPU
Iteration 1000 / LogL: -2971.267 / Time: 0h:1m:21s (0h:0m:0s left)
Log-likelihood cutoff on original alignment: -3003.760
NOTE: Bootstrap correlation coefficient of split occurrence frequencies: 0.989
NOTE: UFBoot does not converge, continue at least 100 more iterations
Optimizing NNI: done in 0.0743301 secs using 788.5% CPU
WARNING: bootstrap analysis did not converge. You should rerun with higher number of iterations (-nm option)
TREE SEARCH COMPLETED AFTER 1001 ITERATIONS / Time: 0h:1m:21s

--------------------------------------------------------------------
|                    FINALIZING TREE SEARCH                        |
--------------------------------------------------------------------
Performs final model parameters optimization
Estimate model parameters (epsilon = 0.010)
1. Initial log-likelihood: -2971.264
Optimal log-likelihood: -2971.264
Gamma shape alpha: 1.178
Parameters optimization took 1 rounds (0.009 sec)
BEST SCORE FOUND : -2971.264
Creating bootstrap support values...
Split supports printed to NEXUS file results/per_year_clustered/H1N1/trees/H1N1_2010_with_designs.splits.nex
Total tree length: 0.432

Total number of iterations: 1001
CPU time used for tree search: 592.182 sec (0h:9m:52s)
Wall-clock time used for tree search: 81.276 sec (0h:1m:21s)
Total CPU time used: 593.002 sec (0h:9m:53s)
Total wall-clock time used: 81.480 sec (0h:1m:21s)

Computing bootstrap consensus tree...
Reading input file results/per_year_clustered/H1N1/trees/H1N1_2010_with_designs.splits.nex...
28 taxa and 799 splits.
Consensus tree written to results/per_year_clustered/H1N1/trees/H1N1_2010_with_designs.contree
Reading input trees file results/per_year_clustered/H1N1/trees/H1N1_2010_with_designs.contree
Log-likelihood of consensus tree: -2971.284

Analysis results written to: 
  IQ-TREE report:                results/per_year_clustered/H1N1/trees/H1N1_2010_with_designs.iqtree
  Maximum-likelihood tree:       results/per_year_clustered/H1N1/trees/H1N1_2010_with_designs.treefile
  Likelihood distances:          results/per_year_clustered/H1N1/trees/H1N1_2010_with_designs.mldist

Ultrafast bootstrap approximation results written to:
  Split support values:          results/per_year_clustered/H1N1/trees/H1N1_2010_with_designs.splits.nex
  Consensus tree:                results/per_year_clustered/H1N1/trees/H1N1_2010_with_designs.contree
  Screen log file:               results/per_year_clustered/H1N1/trees/H1N1_2010_with_designs.log

Date and Time: Sat Nov 22 10:54:17 2025
