IQ-TREE version 3.0.1 for Linux x86 64-bit built Jul  9 2025
Developed by Bui Quang Minh, Thomas Wong, Nhan Ly-Trong, Huaiyan Ren
Contributed by Lam-Tung Nguyen, Dominik Schrempf, Chris Bielow,
Olga Chernomor, Michael Woodhams, Diep Thi Hoang, Heiko Schmidt

Host:    rtis-hpc-r09.uod.otago.ac.nz (AVX2, FMA3, 1006 GB RAM)
Command: iqtree -s results/per_year_clustered/H1N1/alignments/H1N1_2018_aligned.fasta -m LG+G4 -te results/per_year_clustered/H1N1/trees/H1N1_2018.treefile -asr -pre results/per_year_clustered/H1N1/trees/H1N1_2018_asr -redo -quiet
Seed:    538957 (Using SPRNG - Scalable Parallel Random Number Generator)
Time:    Sat Nov 22 10:58:20 2025
Kernel:  AVX+FMA - 1 threads (8 CPU cores detected)

HINT: Use -nt option to specify number of threads because your CPU has 8 cores!
HINT: -nt AUTO will automatically determine the best number of threads to use.

Reading alignment file results/per_year_clustered/H1N1/alignments/H1N1_2018_aligned.fasta ... Fasta format detected
Reading fasta file: done in 0.000325369 secs using 49.79% CPU
Alignment most likely contains protein sequences
Constructing alignment: done in 0.000270126 secs
Alignment has 38 sequences with 566 columns, 129 distinct patterns
35 parsimony-informative, 76 singleton sites, 455 constant sites
                                                                     Gap/Ambiguity  Composition  p-value
Analyzing sequences: done in 1.15719e-05 secs
   1  EPI1310932|HA|A/Nakhonratchasima/84/2018|EPI_ISL_329891|A_/_H1N1       0.00%    passed    100.00%
   2  EPI1310924|HA|A/Bangkok/77/2018|EPI_ISL_329890|A_/_H1N1                0.00%    passed    100.00%
   3  EPI1610325|HA|A/IBARAKI/38/2018|EPI_ISL_395548|A_/_H1N1                0.00%    passed    100.00%
   4  EPI1610338|HA|A/YOKOHAMA/155/2018|EPI_ISL_395558|A_/_H1N1              0.00%    passed    100.00%
   5  EPI1610341|HA|A/YOKOHAMA/137/2018|EPI_ISL_395561|A_/_H1N1              0.00%    passed    100.00%
   6  EPI1485000|HA|A/Laos/F3512/2018|EPI_ISL_363494|A_/_H1N1                0.00%    passed    100.00%
   7  EPI1315937|HA|A/Qatar/10-vi-18-0040450/2018|EPI_ISL_330795|A_/_H1N1    0.00%    passed    100.00%
   8  EPI1319054|HA|A/TOCHIGI/18139/2018|EPI_ISL_331254|A_/_H1N1             0.00%    passed    100.00%
   9  EPI1488183|HA|A/Laos/2581/2018|EPI_ISL_364102|A_/_H1N1                 0.00%    passed    100.00%
  10  EPI1328963|HA|A/Oman/6053/2018|EPI_ISL_332857|A_/_H1N1                 0.00%    passed    100.00%
  11  EPI1329687|HA|A/Abu_Dhabi/105/2018|EPI_ISL_333020|A_/_H1N1             0.00%    passed    100.00%
  12  EPI1334069|HA|A/Oman/4852/2018|EPI_ISL_333658|A_/_H1N1                 0.00%    passed    100.00%
  13  EPI1190108|HA|A/KANAGAWA/AC1718/2018|EPI_ISL_301756|A_/_H1N1           0.00%    passed    100.00%
  14  EPI1370197|HA|A/Bursa/1874/2018|EPI_ISL_341340|A_/_H1N1                0.00%    passed    100.00%
  15  EPI1370195|HA|A/Istanbul/1683/2018|EPI_ISL_341339|A_/_H1N1             0.00%    passed    100.00%
  16  EPI1420279|HA|A/Philippines/71/2018|EPI_ISL_351747|A_/_H1N1            0.00%    passed    100.00%
  17  EPI1433940|HA|A/Laos/2649/2018|EPI_ISL_354342|A_/_H1N1                 0.00%    passed    100.00%
  18  EPI1281616|HA|A/Chiang_Rai/11/2018|EPI_ISL_322757|A_/_H1N1             0.00%    passed    100.00%
  19  EPI1297216|HA|A/Philippines/21/2018|EPI_ISL_326761|A_/_H1N1            0.00%    passed    100.00%
  20  EPI1319848|HA|A/Cardiff/6185/2018|EPI_ISL_331387|A_/_H1N1              0.00%    passed    100.00%
  21  EPI1355904|HA|A/England/593/2018|EPI_ISL_338409|A_/_H1N1               0.00%    passed    100.00%
  22  EPI1215686|HA|A/Sweden/15/2018|EPI_ISL_307076|A_/_H1N1                 0.00%    passed    100.00%
  23  EPI1538381|HA|A/England/7518/2018|EPI_ISL_376401|A_/_H1N1              0.00%    passed    100.00%
  24  EPI1259039|HA|A/Switzerland/6244/2018|EPI_ISL_315739|A_/_H1N1          0.00%    passed    100.00%
  25  EPI1242922|HA|A/Perth/14/2018|EPI_ISL_312217|A_/_H1N1                  0.00%    passed    100.00%
  26  EPI1319381|HA|A/Victoria/22/2018|EPI_ISL_331301|A_/_H1N1               0.00%    passed    100.00%
  27  EPI1279569|HA|A/Townsville/11/2018|EPI_ISL_322323|A_/_H1N1             0.00%    passed    100.00%
  28  EPI1358907|HA|A/Newcastle/85/2018|EPI_ISL_339051|A_/_H1N1              0.00%    passed    100.00%
  29  EPI1359575|HA|A/Victoria/2162/2018|EPI_ISL_339231|A_/_H1N1             0.00%    passed    100.00%
  30  EPI1359563|HA|A/Victoria/2128/2018|EPI_ISL_339227|A_/_H1N1             0.00%    passed    100.00%
  31  EPI1359668|HA|A/South_Australia/221/2018|EPI_ISL_339263|A_/_H1N1       0.00%    passed    100.00%
  32  EPI1283244|HA|A/Brisbane/121/2018|EPI_ISL_323091|A_/_H1N1              0.00%    passed    100.00%
  33  EPI1297237|HA|A/Sydney/131/2018|EPI_ISL_326768|A_/_H1N1                0.00%    passed    100.00%
  34  EPI1324183|HA|A/Florida/103/2018|EPI_ISL_332014|A_/_H1N1               0.00%    passed    100.00%
  35  EPI1343776|HA|A/Iowa/73/2018|EPI_ISL_335744|A_/_H1N1                   0.00%    passed    100.00%
  36  EPI1349486|HA|A/Florida/126/2018|EPI_ISL_336628|A_/_H1N1               0.00%    passed    100.00%
  37  EPI1357354|HA|A/Michigan/419/2018|EPI_ISL_338675|A_/_H1N1              0.00%    passed    100.00%
  38  EPI1214251|HA|A/Alaska/19/2018|EPI_ISL_306776|A_/_H1N1                 0.00%    passed    100.00%
****  TOTAL                                                                  0.00%  0 sequences failed composition chi2 test (p-value<5%; df=19)
Reading input tree file results/per_year_clustered/H1N1/trees/H1N1_2018.treefile ...

NOTE: 3 MB RAM (0 GB) is required!
Estimate model parameters (epsilon = 0.010)
1. Initial log-likelihood: -2957.603
2. Current log-likelihood: -2949.764
3. Current log-likelihood: -2949.743
Optimal log-likelihood: -2949.743
Gamma shape alpha: 0.279
Parameters optimization took 3 rounds (0.159 sec)
Wrote distance file to... 
BEST SCORE FOUND : -2949.743
Ancestral state probabilities printed to results/per_year_clustered/H1N1/trees/H1N1_2018_asr.state
Total tree length: 0.294

Total number of iterations: 0
CPU time used for tree search: 0.000 sec (0h:0m:0s)
Wall-clock time used for tree search: 0.000 sec (0h:0m:0s)
Total CPU time used: 0.302 sec (0h:0m:0s)
Total wall-clock time used: 0.351 sec (0h:0m:0s)

Analysis results written to: 
  IQ-TREE report:                results/per_year_clustered/H1N1/trees/H1N1_2018_asr.iqtree
  Maximum-likelihood tree:       results/per_year_clustered/H1N1/trees/H1N1_2018_asr.treefile
  Ancestral state:               results/per_year_clustered/H1N1/trees/H1N1_2018_asr.state
  Screen log file:               results/per_year_clustered/H1N1/trees/H1N1_2018_asr.log

Date and Time: Sat Nov 22 10:58:20 2025
